 ERmod 0.3.8, Copyright (C) 2000-2019 Nobuyuki Matubayasi
                            2010-2019 Shun Sakuraba
 ERmod comes with ABSOLUTELY NO WARRANTY.
 This is free software, and you can redistribute it
 and/or modify it under certain conditions.
 See LICENSE file for details.
 ERmod 0.3.8, Copyright (C) 2000-2019 Nobuyuki Matubayasi
                            2010-2019 Shun Sakuraba
 ERmod comes with ABSOLUTELY NO WARRANTY.
 This is free software, and you can redistribute it
 and/or modify it under certain conditions.
 See LICENSE file for details.
 
  Number of the   1-th solvent  =          792
  Number of the   2-th solvent  =          792
  Number of the   3-th solvent  =        10000
 
  Be sure that the solvent distribution is homogeneous (radial distribution function is essentially unity) when the solvent molecule is separated beyond distance of   10.0 Angstrom in any direction from any atom within the solute molecule
 
  LJ long-range correction    =        -1.3175     -0.2494     -7.0203
 
  Self-energy of the solute   =        -0.0052  kcal/mol
 
 
 cumulative average & 95% error for solvation energy
              total             1st component         2nd component         3rd component
  1  -514.5718             -189.2533             -103.9886             -221.3246
  2  -513.7792     1.5852  -190.0888     1.6711  -101.2998     5.3778  -222.3854     2.1215
  3  -511.1764     5.2854  -196.8639    13.5845   -74.5877    53.5144  -239.7196    34.6901
  4  -510.2467     4.1743  -196.2022     9.6964   -68.5663    39.7105  -245.4731    27.0945
  5  -510.3563     3.2408  -197.3745     7.8683   -67.5776    30.8231  -245.3990    20.9878
  6  -509.9687     2.7574  -197.6694     6.4515   -64.4890    25.9139  -247.8051    17.7993
  7  -509.2639     2.7235  -197.8407     5.4632   -59.4445    24.1134  -251.9736    17.1989
  8  -509.6774     2.4994  -198.1472     4.7709   -62.2820    21.6402  -249.2429    15.8643
  9  -510.1464     2.3956  -197.3500     4.4995   -67.4957    21.7477  -245.2955    16.0648
 10  -510.1522     2.1427  -195.4606     5.5205   -69.8248    20.0018  -244.8615    14.3950
 11  -510.4967     2.0570  -194.5370     5.3241   -73.4211    19.4695  -242.5334    13.8283
 12  -510.8476     2.0046  -194.2212     4.9011   -75.5531    18.2775  -241.0681    12.9591
 13  -511.1486     1.9398  -194.3560     4.5164   -78.4100    17.7572  -238.3774    13.0790
 14  -511.0421     1.8084  -194.6653     4.2269   -77.5532    16.5291  -238.8184    12.1409
 15  -511.0409     1.6836  -194.1746     4.0556   -78.3523    15.4705  -238.5087    11.3195
 16  -511.0433     1.5748  -193.5834     3.9737   -79.1395    14.5567  -238.3152    10.5955
 17  -511.1301     1.4895  -193.7811     3.7535   -79.2140    13.6745  -238.1297     9.9597
 18  -510.9034     1.4757  -194.3310     3.7058   -76.8351    13.7423  -239.7320     9.9218
 19  -510.9591     1.4003  -194.6180     3.5520   -77.1217    13.0116  -239.2142     9.4421
 20  -511.0723     1.3476  -194.1521     3.4962   -78.7069    12.7445  -238.2081     9.1808
 21  -510.9297     1.3132  -194.0793     3.3288   -77.7049    12.2869  -239.1402     8.9294
 22  -510.8521     1.2616  -194.2974     3.2037   -76.7755    11.8617  -239.7739     8.6077
 23  -510.7846     1.2131  -194.1963     3.0679   -76.0725    11.4211  -240.5106     8.3559
 24  -510.8196     1.1635  -194.4743     2.9895   -75.7620    10.9525  -240.5781     8.0013
 25  -510.9778     1.1600  -194.2577     2.8999   -77.3433    10.9711  -239.3715     8.0450
 26  -511.0573     1.1258  -194.4940     2.8259   -77.7693    10.5750  -238.7888     7.8168
 27  -511.3700     1.2508  -194.2771     2.7536   -80.2453    11.3168  -236.8423     8.4694
 28  -511.5605     1.2641  -194.3325     2.6558   -81.5523    11.2140  -235.6704     8.4912
 29  -511.5816     1.2205  -194.1890     2.5786   -81.8404    10.8357  -235.5469     8.1969
 30  -511.5418     1.1818  -194.1474     2.4925   -81.6128    10.4782  -235.7763     7.9322
 31  -511.6495     1.1632  -193.6217     2.6301   -82.8300    10.4229  -235.1925     7.7604
 32  -511.8448     1.1920  -193.0832     2.7650   -84.7644    10.8081  -233.9919     7.8883
 33  -512.0761     1.2445  -192.8880     2.7082   -86.6276    11.1185  -232.5552     8.1677
 34  -512.3169     1.2999  -192.8999     2.6274   -88.2556    11.2672  -231.1562     8.4033
 35  -512.4585     1.2936  -192.7199     2.5765   -89.3514    11.1579  -230.3820     8.3053
 36  -512.6610     1.3207  -192.5083     2.5394   -91.2165    11.4672  -228.9309     8.5772
 37  -512.7967     1.3129  -192.4090     2.4778   -92.3189    11.3688  -228.0636     8.5206
 38  -512.9849     1.3322  -192.4212     2.4119   -93.7554    11.4325  -226.8030     8.6681
 39  -512.8886     1.3118  -192.4993     2.3544   -92.6305    11.3605  -227.7536     8.6543
 40  -512.8724     1.2790  -192.4683     2.2956   -92.5760    11.0734  -227.8228     8.4363
 41  -512.8257     1.2509  -192.5665     2.2475   -92.1009    10.8417  -228.1532     8.2545
 42  -512.7680     1.2262  -192.7511     2.2242   -91.6831    10.6133  -228.3286     8.0632
 43  -512.7819     1.1976  -192.9428     2.2054   -91.4205    10.3769  -228.4134     7.8753
 44  -512.8350     1.1749  -192.8923     2.1571   -91.8917    10.1820  -228.0458     7.7292
 45  -512.8558     1.1493  -192.9196     2.1093   -92.0393     9.9575  -227.8917     7.5618
 46  -512.7821     1.1336  -192.8036     2.0759   -91.5791     9.7821  -228.3941     7.4636
 47  -512.9855     1.1815  -192.3947     2.1897   -93.3966    10.2386  -227.1890     7.6905
 48  -513.1221     1.1884  -192.2949     2.1529   -94.7788    10.3973  -226.0431     7.8696
 49  -513.1381     1.1644  -192.3226     2.1093   -94.8581    10.1841  -225.9522     7.7095
 50  -513.2319     1.1562  -192.1624     2.0913   -95.4483    10.0479  -225.6160     7.5836
 
 
 group  inft  solvation free energy     error          difference
  total solvation free energy
   1      0        -84.63706           1.18336           0.31201
   1     60        -84.96169           1.18321          -0.01262
   1     80        -87.72308           1.18204          -2.77400
   1    100        -97.31308           1.17972         -12.36401
   2      0        -84.66485           1.19972           0.28422
   3      0        -84.94908           1.20959           0.00000
   4      0        -84.84598           1.20574           0.10309
   5      0        -85.97021           1.20483          -1.02113
   5     60        -86.41194           1.20461          -1.46287
   5     80        -89.78737           1.20313          -4.83829
   5    100        -98.61235           1.20083         -13.66328
 
  contribution from  1-th solvent component
   1      0       -156.09034           1.45857          -0.38015
   1     60       -156.11899           1.45856          -0.40880
   1     80       -156.36789           1.45866          -0.65770
   1    100       -157.22627           1.45967          -1.51608
   2      0       -155.75507           1.48830          -0.04488
   3      0       -155.71019           1.49715           0.00000
   4      0       -155.13422           1.50500           0.57597
   5      0       -155.97662           1.50177          -0.26642
   5     60       -156.01515           1.50175          -0.30496
   5     80       -156.32009           1.50189          -0.60990
   5    100       -157.11386           1.50292          -1.40367
 
  contribution from  2-th solvent component
   1      0         27.45728           5.04165           0.71538
   1     60         27.47624           5.04170           0.73434
   1     80         27.57910           5.04244           0.83720
   1    100         27.77311           5.04598           1.03120
   2      0         27.07298           5.02593           0.33107
   3      0         26.74190           5.02188           0.00000
   4      0         26.29273           5.02050          -0.44917
   5      0         26.02597           5.02167          -0.71594
   5     60         26.04680           5.02174          -0.69510
   5     80         26.18396           5.02251          -0.55794
   5    100         26.39024           5.02536          -0.35166
 
  contribution from  3-th solvent component
   1      0         44.00122           3.64089          -0.02322
   1     60         43.68629           3.64145          -0.33815
   1     80         41.07094           3.64618          -2.95350
   1    100         32.14531           3.66047         -11.87913
   2      0         44.02247           3.64144          -0.00198
   3      0         44.02444           3.64167           0.00000
   4      0         44.00074           3.64203          -0.02371
   5      0         43.98567           3.64265          -0.03877
   5     60         43.56163           3.64340          -0.46281
   5     80         40.35399           3.64922          -3.67045
   5    100         32.11650           3.66240         -11.90794
 
 
 group  inft   Estimated free energy: total (kcal/mol)
   1      0     -90.3108     -75.2157     -84.3607     -83.4882     -80.9478
                -86.8869     -80.0319     -85.7931     -84.8890     -84.5123
                -84.4247     -87.2515     -87.0002     -84.2304     -84.8114
                -78.5618     -86.3518     -84.4666     -86.5254     -87.2663
                -82.8730     -87.2242     -85.9188     -87.7060     -75.5146
                -80.8128     -88.1236     -85.7793     -84.7092     -80.3521
                -83.1689     -89.8525     -84.6201     -90.9312     -85.1767
                -88.9073     -85.7726     -92.6572     -79.0826     -84.7221
                -83.8169     -74.1067     -84.3320     -89.2728     -81.9897
                -81.5756     -94.4800     -88.5422     -83.6999     -78.8061
   1     60     -90.6343     -75.5387     -84.6868     -83.8156     -81.2730
                -87.2142     -80.3565     -86.1182     -85.2138     -84.8373
                -84.7512     -87.5772     -87.3240     -84.5576     -85.1376
                -78.8877     -86.6776     -84.7940     -86.8513     -87.5908
                -83.2006     -87.5517     -86.2474     -88.0334     -75.8378
                -81.1362     -88.4453     -86.1024     -85.0349     -80.6774
                -83.4938     -90.1759     -84.9401     -91.2511     -85.4978
                -89.2277     -86.0937     -92.9792     -79.4103     -85.0480
                -84.1442     -74.4285     -84.6583     -89.5977     -82.3152
                -81.9040     -94.7993     -88.8635     -84.0236     -79.1281
   1     80     -93.3898     -78.2883     -87.4644     -86.6006     -84.0375
                -89.9975     -83.1207     -88.8844     -87.9777     -87.6019
                -87.5173     -90.3404     -90.0762     -87.3381     -87.9129
                -81.6605     -89.4522     -87.5746     -89.6251     -90.3539
                -85.9839     -90.3348     -89.0408     -90.8140     -78.5885
                -83.8910     -91.1841     -88.8535     -87.8079     -83.4453
                -86.2545     -92.9280     -87.6657     -93.9770     -88.2324
                -91.9548     -88.8284     -95.7218     -82.1947     -87.8212
                -86.9249     -77.1680     -87.4270     -92.3559     -85.0827
                -84.6907     -97.5199     -91.5989     -86.7811     -81.8684
   1    100    -102.9879     -87.8410     -97.1081     -96.2661     -93.6271
                -99.6516     -92.7200     -98.4945     -97.5915     -97.2044
                -97.0995     -99.9161     -99.6302     -96.9827     -97.5442
                -91.2865     -99.0949     -97.2195     -99.2607     -99.9624
                -95.6298     -99.9845     -98.7296    -100.4573     -88.1406
                -93.4617    -100.7193     -98.4291     -97.4413     -93.0533
                -95.8417    -102.4929     -97.1534    -103.4734     -97.7537
               -101.4511     -98.3436    -105.2537     -91.8378     -97.4540
                -96.5622     -86.6815     -97.0201    -101.9263     -94.6856
                -94.3314    -106.9812    -101.1291     -96.3607     -91.3854
   2      0     -90.4468     -74.7634     -84.9004     -84.0700     -80.8799
                -87.0235     -80.5656     -85.9009     -84.9118     -84.5078
                -84.6576     -87.4057     -86.8939     -84.0640     -84.8495
                -77.8757     -86.2511     -84.6384     -86.2533     -87.0391
                -83.1041     -87.4976     -85.7917     -87.6905     -74.9113
                -80.7829     -88.3521     -85.7037     -84.5720     -80.6295
                -83.2245     -89.7998     -84.9085     -90.9731     -85.6720
                -89.0082     -86.1079     -92.4880     -79.2085     -84.5644
                -83.9379     -74.1262     -84.4883     -89.1954     -81.7033
                -81.5812     -94.5682     -88.2994     -83.7878     -78.6664
   3      0     -90.6519     -74.9078     -85.2507     -84.5182     -81.1610
                -87.4151     -80.9375     -85.9065     -85.1603     -84.7784
                -84.9712     -87.8758     -87.1151     -84.3407     -85.2567
                -77.8986     -86.5010     -85.0410     -86.3648     -87.2376
                -83.4282     -87.9729     -85.9910     -87.9995     -74.8304
                -81.2602     -88.7065     -85.9419     -85.0547     -80.9725
                -83.4575     -90.0799     -85.1750     -91.1622     -85.9926
                -89.3406     -86.5638     -92.7796     -79.3926     -84.7908
                -84.2481     -74.3468     -84.8294     -89.4398     -81.9736
                -81.9062     -94.9340     -88.5512     -84.1085     -78.9342
   4      0     -90.6096     -74.8130     -85.2252     -84.5069     -81.1327
                -87.2594     -81.0774     -86.0582     -85.0276     -84.6349
                -84.8006     -87.7302     -87.0561     -84.2156     -85.0494
                -77.8027     -86.5733     -84.8395     -86.3827     -87.1543
                -83.3422     -87.7158     -85.8596     -87.7802     -74.7933
                -81.0761     -88.6061     -85.8114     -84.6548     -80.9705
                -83.3426     -89.9628     -85.0742     -91.1235     -86.0168
                -89.1977     -86.2049     -92.6358     -79.3831     -84.6268
                -84.2019     -74.2472     -84.6995     -89.5521     -81.8046
                -81.7074     -94.8162     -88.2017     -84.0593     -78.8820
   5      0     -91.5491     -75.9584     -86.5659     -85.6633     -82.1171
                -88.4685     -82.1414     -87.0706     -85.7730     -85.9829
                -85.9820     -88.8604     -88.0624     -85.0933     -86.1406
                -78.7783     -87.5018     -86.0306     -87.4443     -88.1819
                -84.2388     -88.7825     -86.7223     -88.9920     -75.9304
                -82.3400     -89.9043     -87.0034     -85.9847     -82.0333
                -84.6446     -91.3742     -86.2367     -92.2067     -87.1779
                -90.4790     -87.3509     -93.6594     -80.5200     -85.7226
                -84.9500     -75.5397     -85.9661     -90.5501     -82.9153
                -83.0562     -95.9222     -89.6417     -85.2282     -80.0714
   5     60     -91.9895     -76.3981     -87.0100     -86.1082     -82.5598
                -88.9138     -82.5833     -87.5127     -86.2152     -86.4255
                -86.4254     -89.3031     -88.5031     -85.5380     -86.5845
                -79.2220     -87.9451     -86.4753     -87.8878     -88.6233
                -84.6845     -89.2280     -87.1692     -89.4367     -76.3708
                -82.7803     -90.3419     -87.4428     -86.4280     -82.4763
                -85.0862     -91.8142     -86.6727     -92.6424     -87.6148
                -90.9149     -87.7881     -94.0981     -80.9659     -86.1662
                -85.3953     -75.9785     -86.4095     -90.9922     -83.3580
                -83.5022     -96.3575     -90.0790     -85.6692     -80.5100
   5     80     -95.3608     -79.7585     -90.4070     -89.5136     -85.9419
                -92.3146     -85.9640     -90.8938     -89.5950     -89.8072
                -89.8054     -92.6798     -91.8685     -88.9374     -89.9780
                -82.6114     -91.3376     -89.8741     -91.2794     -92.0003
                -88.0892     -92.6306     -90.5848     -92.8330     -79.7327
                -86.1466     -93.6872     -90.8055     -89.8192     -85.8614
                -88.4594     -95.1776     -90.0042     -95.9747     -90.9554
                -94.2454     -91.1276     -97.4513     -84.3708     -89.5551
                -88.7963     -79.3292     -89.7924     -94.3655     -86.7393
                -86.9034     -99.6818     -93.4235     -89.0394     -83.8573
   5    100    -104.1979     -88.5519     -99.2863     -98.4189     -94.7701
               -101.1959     -94.8044     -99.7374     -98.4382     -98.6467
                -98.6238    -101.4952    -100.6586     -97.8090     -98.8442
                -91.4665    -100.2134     -98.7492    -100.1437    -100.8380
                -96.9737    -101.5121     -99.5014    -101.7014     -88.5201
                -94.9506    -102.4594     -99.6159     -98.6865     -94.7076
                -97.2781    -103.9765     -98.7355    -104.7127     -99.7187
               -102.9796     -99.8808    -106.2216     -93.2460     -98.4138
                -97.6694     -88.0885     -98.6183    -103.1737     -95.5713
                -95.7697    -108.3859    -102.1972     -97.8539     -92.6084
 
 group  inft   Estimated free energy: 1-th solvent contribution (kcal/mol)
   1      0    -158.9407    -148.0643    -170.4639    -159.2649    -158.9880
               -164.0622    -161.8195    -160.7250    -154.1791    -150.5157
               -153.1753    -159.1172    -157.0282    -157.9741    -154.6130
               -146.5555    -159.1419    -165.4518    -160.7736    -153.5047
               -158.0874    -163.3823    -157.3599    -160.8707    -144.3895
               -160.8716    -154.2841    -157.0347    -154.1594    -155.6362
               -146.7190    -151.0087    -149.5634    -155.7181    -155.1412
               -152.6363    -153.6735    -159.0245    -156.1538    -154.1444
               -157.5470    -157.5689    -160.8223    -159.7402    -154.5999
               -153.7281    -151.0517    -152.1477    -156.2965    -146.7970
   1     60    -158.9690    -148.0932    -170.4923    -159.2936    -159.0168
               -164.0911    -161.8481    -160.7538    -154.2078    -150.5445
               -153.2041    -159.1457    -157.0565    -158.0032    -154.6420
               -146.5846    -159.1706    -165.4803    -160.8023    -153.5335
               -158.1162    -163.4109    -157.3890    -160.8996    -144.4182
               -160.9001    -154.3127    -157.0631    -154.1881    -155.6650
               -146.7479    -151.0373    -149.5919    -155.7463    -155.1692
               -152.6645    -153.7020    -159.0528    -156.1831    -154.1732
               -157.5759    -157.5973    -160.8511    -159.7686    -154.6288
               -153.7571    -151.0796    -152.1760    -156.3251    -146.8259
   1     80    -159.2165    -148.3430    -170.7424    -159.5424    -159.2665
               -164.3430    -162.0975    -161.0046    -154.4571    -150.7945
               -153.4536    -159.3930    -157.3025    -158.2550    -154.8928
               -146.8358    -159.4198    -165.7289    -161.0523    -153.7832
               -158.3662    -163.6603    -157.6411    -161.1500    -144.6659
               -161.1493    -154.5607    -157.3107    -154.4369    -155.9152
               -146.9975    -151.2856    -149.8389    -155.9913    -155.4137
               -152.9098    -153.9497    -159.2992    -156.4371    -154.4231
               -157.8265    -157.8445    -161.1008    -160.0158    -154.8789
               -154.0077    -151.3229    -152.4216    -156.5738    -147.0756
   1    100    -160.0749    -149.1986    -171.6133    -160.4007    -160.1243
               -165.2156    -162.9597    -161.8714    -155.3162    -151.6539
               -154.3117    -160.2483    -158.1507    -159.1177    -155.7551
               -147.6968    -160.2802    -166.5889    -161.9155    -154.6435
               -159.2277    -164.5236    -158.5080    -162.0126    -145.5110
               -162.0148    -155.4166    -158.1667    -155.2934    -156.7786
               -147.8541    -152.1423    -150.6891    -156.8373    -156.2619
               -153.7587    -154.8072    -160.1523    -157.3086    -155.2846
               -158.6888    -158.6998    -161.9634    -160.8728    -155.7398
               -154.8681    -152.1647    -153.2670    -157.4315    -147.9318
   2      0    -158.6160    -147.1770    -170.2925    -159.0502    -158.6125
               -163.8563    -161.6814    -160.3361    -153.9832    -150.2771
               -152.8966    -158.9011    -156.7684    -157.7018    -154.2673
               -145.5732    -158.8139    -165.2321    -160.4764    -153.1647
               -157.8069    -163.1798    -157.1137    -160.5787    -143.4255
               -160.5367    -154.0603    -156.6513    -153.7927    -155.2600
               -146.2721    -150.7352    -149.2981    -155.4979    -154.8865
               -152.3320    -153.4321    -158.8134    -155.8987    -153.5935
               -157.2231    -157.1320    -160.4995    -159.5763    -154.0202
               -153.3612    -150.8205    -151.7755    -156.0572    -146.4450
   3      0    -158.6538    -146.9746    -170.3148    -159.0697    -158.5546
               -163.9147    -161.6169    -160.1528    -153.9305    -150.2296
               -152.8903    -158.9199    -156.7076    -157.6848    -154.3132
               -145.3389    -158.7389    -165.2424    -160.3690    -153.1552
               -157.7910    -163.2389    -157.0493    -160.5390    -143.1689
               -160.4554    -154.0561    -156.5902    -153.8070    -155.2422
               -146.2224    -150.7142    -149.3181    -155.4096    -154.8878
               -152.3140    -153.4608    -158.7550    -155.8676    -153.4511
               -157.2132    -156.9805    -160.4530    -159.5867    -153.9037
               -153.3083    -150.8368    -151.7072    -156.0786    -146.3308
   4      0    -158.0640    -146.3398    -169.7459    -158.4807    -158.0170
               -163.2462    -161.3264    -159.8021    -153.4499    -149.7200
               -152.2529    -158.2843    -156.2612    -157.0412    -153.6304
               -144.7350    -158.3473    -164.6831    -159.8784    -152.5875
               -157.3045    -162.6661    -156.3700    -159.9167    -142.4326
               -159.8054    -153.4245    -155.9563    -152.9848    -154.6779
               -145.6337    -150.0582    -148.7014    -154.8868    -154.2339
               -151.5795    -152.6851    -158.3633    -155.2731    -152.8616
               -156.6076    -156.4260    -159.8476    -159.1397    -153.3450
               -152.8183    -150.2895    -151.1262    -155.5400    -145.8628
   5      0    -158.8297    -147.1615    -170.7255    -159.3991    -158.7241
               -164.1820    -161.9789    -160.5767    -154.0715    -150.6622
               -153.2192    -159.2230    -156.9561    -157.7602    -154.4578
               -145.5311    -159.0227    -165.5324    -160.6557    -153.3950
               -157.9757    -163.5478    -157.0902    -160.8280    -143.2550
               -160.7577    -154.4236    -156.8951    -154.0413    -155.4904
               -146.6280    -151.1204    -149.5511    -155.6677    -155.1326
               -152.5895    -153.5797    -159.0652    -156.0471    -153.6566
               -157.3161    -157.2960    -160.7493    -159.9014    -154.1535
               -153.7285    -151.1683    -152.0770    -156.4186    -146.6151
   5     60    -158.8679    -147.2004    -170.7638    -159.4377    -158.7629
               -164.2206    -162.0173    -160.6154    -154.1102    -150.7010
               -153.2580    -159.2613    -156.9943    -157.7994    -154.4967
               -145.5702    -159.0612    -165.5708    -160.6942    -153.4335
               -158.0145    -163.5863    -157.1293    -160.8667    -143.2937
               -160.7958    -154.4620    -156.9334    -154.0800    -155.5290
               -146.6669    -151.1588    -149.5895    -155.7056    -155.1703
               -152.6274    -153.6181    -159.1031    -156.0864    -153.6952
               -157.3551    -157.3344    -160.7878    -159.9395    -154.1921
               -153.7673    -151.2060    -152.1153    -156.4571    -146.6540
   5     80    -159.1723    -147.5060    -171.0703    -159.7436    -159.0693
               -164.5277    -162.3223    -160.9225    -154.4151    -151.0072
               -153.5644    -159.5656    -157.2968    -158.1077    -154.8044
               -145.8774    -159.3667    -165.8759    -160.9996    -153.7383
               -158.3222    -163.8929    -157.4383    -161.1729    -143.5969
               -161.0997    -154.7651    -157.2367    -154.3857    -155.8350
               -146.9726    -151.4626    -149.8918    -156.0058    -155.4704
               -152.9274    -153.9217    -159.4045    -156.3968    -154.0012
               -157.6632    -157.6386    -161.0931    -160.2427    -154.4971
               -154.0737    -151.5049    -152.4177    -156.7615    -146.9589
   5    100    -159.9693    -148.2957    -171.8765    -160.5404    -159.8643
               -165.3309    -163.1186    -161.7231    -155.2076    -151.8021
               -154.3605    -160.3606    -158.0844    -158.9050    -155.6032
               -146.6715    -160.1630    -166.6732    -161.7952    -154.5306
               -159.1230    -164.6942    -158.2404    -161.9690    -144.3773
               -161.8954    -155.5542    -158.0281    -155.1801    -156.6313
               -147.7644    -152.2532    -150.6773    -156.7883    -156.2562
               -153.7108    -154.7147    -160.1925    -157.2008    -154.7963
               -158.4641    -158.4335    -161.8887    -161.0362    -155.2883
               -154.8674    -152.2859    -153.2040    -157.5541    -147.7478
 
 group  inft   Estimated free energy: 2-th solvent contribution (kcal/mol)
   1      0      22.5190      26.5962      66.2262      49.8669      42.6761
                 49.5317      63.8986      32.8728      19.4590      29.2589
                 20.9673      27.2096      16.6725      39.6868      29.2648
                 27.6616      33.0850      57.2698      32.1707      18.5811
                 47.6244      46.1281      42.6320      37.7959      16.9060
                 34.0950       3.8613      16.7522      28.5616      39.0419
                 15.0894       2.9061       2.2292       2.2538      15.7079
                 -2.3224      10.1279       1.4232      52.1860      27.8544
                 36.9169      43.2809      35.2404      19.6296      26.1726
                 40.2903     -11.6014      -5.3590      26.0334      15.9318
   1     60      22.5380      26.6152      66.2461      49.8852      42.6955
                 49.5509      63.9186      32.8913      19.4776      29.2782
                 20.9857      27.2285      16.6914      39.7052      29.2838
                 27.6801      33.1032      57.2886      32.1896      18.5998
                 47.6427      46.1472      42.6510      37.8147      16.9253
                 34.1145       3.8799      16.7708      28.5804      39.0614
                 15.1081       2.9240       2.2485       2.2730      15.7269
                 -2.3037      10.1475       1.4420      52.2055      27.8734
                 36.9348      43.3019      35.2598      19.6478      26.1917
                 40.3093     -11.5824      -5.3409      26.0525      15.9521
   1     80      22.6402      26.7197      66.3608      49.9851      42.8015
                 49.6572      64.0354      32.9908      19.5761      29.3839
                 21.0851      27.3331      16.7913      39.8053      29.3852
                 27.7784      33.1975      57.3955      32.2875      18.6977
                 47.7437      46.2527      42.7544      37.9173      17.0294
                 34.2213       3.9794      16.8684      28.6780      39.1669
                 15.2090       3.0188       2.3533       2.3749      15.8330
                 -2.2034      10.2546       1.5399      52.3155      27.9758
                 37.0295      43.4219      35.3656      19.7461      26.2939
                 40.4155     -11.4794      -5.2466      26.1543      16.0643
   1    100      22.8272      26.9193      66.6039      50.1721      43.0085
                 49.8681      64.2939      33.1812      19.7511      29.5869
                 21.2638      27.5335      16.9702      39.9850      29.5688
                 27.9558      33.3561      57.6120      32.4494      18.8609
                 47.9473      46.4604      42.9443      38.1050      17.2223
                 34.4335       4.1601      17.0365      28.8488      39.3689
                 15.3981       3.1867       2.5524       2.5571      16.0469
                 -2.0179      10.4672       1.7047      52.5432      28.1608
                 37.2010      43.6931      35.5680      19.9225      26.4832
                 40.6276     -11.2813      -5.0922      26.3450      16.2945
   2      0      22.0485      26.1507      65.4859      49.0723      42.3501
                 49.1826      63.2139      32.3550      19.1977      29.0001
                 20.4572      26.8317      16.4849      39.5713      28.8549
                 27.3556      32.8134      56.8468      32.1028      18.4474
                 47.1055      45.6544      42.4779      37.5048      16.5349
                 33.7623       3.3626      16.4336      28.3013      38.3606
                 14.5586       2.6750       1.6676       1.9653      14.9522
                 -2.7522       9.5169       1.3603      51.7785      27.4303
                 36.4473      42.7972      34.7323      19.5048      25.8563
                 39.9124     -11.9343      -5.5191      25.6917      15.6873
   3      0      21.8622      25.8074      65.1545      48.6058      42.0081
                 48.8383      62.7899      32.1558      18.8777      28.6896
                 20.1524      26.3823      16.2080      39.2730      28.4637
                 27.1036      32.4696      56.4543      31.8667      18.2533
                 46.7626      45.2204      42.2266      37.1642      16.3578
                 33.2129       3.0142      16.1182      27.8355      38.0199
                 14.2610       2.3751       1.3988       1.6894      14.6347
                 -3.0943       9.0777       1.0081      51.5629      27.0624
                 36.1409      42.4383      34.3521      19.2886      25.4660
                 39.5409     -12.3066      -5.8422      25.3978      15.2950
   4      0      21.3400      25.2901      64.6170      48.0802      41.5375
                 48.3420      62.3937      31.6957      18.5432      28.3406
                 19.6926      25.8954      15.8677      38.7978      28.0129
                 26.6140      32.0434      56.0924      31.3910      17.8076
                 46.4172      44.9233      41.7164      36.8124      15.7047
                 32.7631       2.4924      15.6253      27.4204      37.4786
                 13.8278       1.8663       0.8938       1.2370      13.9753
                 -3.6675       8.6512       0.7915      50.9974      26.6256
                 35.5994      41.9881      33.8682      18.7493      25.1236
                 39.2731     -12.7088      -6.0497      24.9345      14.9119
   5      0      21.1662      25.0021      64.2887      47.8507      41.2810
                 48.1104      62.0061      31.4658      18.4405      27.9596
                 19.4888      25.7123      15.5492      38.6433      27.7640
                 26.4505      31.7839      55.7834      31.0927      17.5770
                 46.2056      44.7448      41.5822      36.5227      15.4231
                 32.4859       2.2204      15.3966      27.1922      37.2367
                 13.5319       1.5252       0.6017       0.9221      13.7115
                 -3.9258       8.4165       0.4965      50.6535      26.3585
                 35.5497      41.5761      33.5533      18.5275      24.8411
                 38.8565     -12.9275      -6.5201      24.6322      14.4914
   5     60      21.1870      25.0234      64.3108      47.8713      41.3021
                 48.1315      62.0283      31.4863      18.4607      27.9805
                 19.5094      25.7334      15.5697      38.6637      27.7847
                 26.4706      31.8038      55.8047      31.1130      17.5973
                 46.2256      44.7659      41.6029      36.5437      15.4442
                 32.5073       2.2411      15.4173      27.2126      37.2579
                 13.5527       1.5449       0.6227       0.9429      13.7328
                 -3.9051       8.4381       0.5166      50.6747      26.3794
                 35.5693      41.5989      33.5748      18.5471      24.8622
                 38.8779     -12.9068      -6.5000      24.6530      14.5137
   5     80      21.3221      25.1635      64.4614      48.0039      41.4412
                 48.2725      62.1820      31.6207      18.5918      28.1190
                 19.6434      25.8733      15.7031      38.7967      27.9185
                 26.6019      31.9298      55.9478      31.2419      17.7273
                 46.3599      44.9066      41.7395      36.6820      15.5827
                 32.6489       2.3760      15.5492      27.3442      37.3964
                 13.6890       1.6725       0.7621       1.0790      13.8761
                 -3.7685       8.5835       0.6452      50.8180      26.5161
                 35.6959      41.7572      33.7159      18.6760      24.9988
                 39.0221     -12.7688      -6.3727      24.7892      14.6641
   5    100      21.5202      25.3749      64.7090      48.1973      41.6576
                 48.4930      62.4424      31.8230      18.7820      28.3322
                 19.8376      26.0850      15.8985      38.9912      28.1120
                 26.7953      32.1024      56.1749      31.4183      17.9064
                 46.5725      45.1255      41.9419      36.8865      15.7880
                 32.8712       2.5710      15.7336      27.5313      37.6040
                 13.8923       1.8563       0.9724       1.2753      14.0989
                 -3.5668       8.8099       0.8252      51.0523      26.7143
                 35.8803      42.0352      33.9296      18.8656      25.2013
                 39.2483     -12.5570      -6.2005      24.9930      14.9071
 
 group  inft   Estimated free energy: 3-th solvent contribution (kcal/mol)
   1      0      46.1161      46.2576      19.8822      25.9151      35.3693
                 27.6488      17.8943      42.0642      49.8363      36.7497
                 47.7885      44.6614      53.3608      34.0622      40.5421
                 40.3374      39.7103      23.7205      42.0827      47.6625
                 27.5952      30.0351      28.8143      35.3741      51.9742
                 45.9691      62.3044      54.5084      40.8939      36.2474
                 48.4659      58.2554      62.7194      62.5383      54.2618
                 66.0567      57.7782      64.9493      24.8904      41.5732
                 36.8184      40.1866      41.2552      50.8431      46.4429
                 31.8674      68.1783      68.9697      46.5684      52.0644
   1     60      45.8020      45.9444      19.5647      25.5980      35.0536
                 27.3312      17.5782      41.7496      49.5217      36.4343
                 47.4724      44.3451      53.0464      33.7457      40.2258
                 40.0220      39.3950      23.4029      41.7667      47.3481
                 27.2781      29.7172      28.4958      35.0567      51.6604
                 45.6546      61.9927      54.1952      40.5781      35.9315
                 48.1512      57.9426      62.4086      62.2274      53.9497
                 65.7458      57.4661      64.6367      24.5726      41.2570
                 36.5022      39.8721      40.9383      50.5282      46.1271
                 31.5490      67.8680      68.6586      46.2542      51.7510
   1     80      43.1917      43.3401      16.9225      22.9619      32.4326
                 24.6935      14.9466      39.1346      46.9085      33.8139
                 44.8565      41.7247      50.4402      31.1169      37.6000
                 37.4021      36.7753      20.7640      39.1450      44.7369
                 24.6438      27.0780      25.8512      32.4240      49.0532
                 43.0423      59.4024      51.5940      37.9562      33.3082
                 45.5392      55.3441      59.8252      59.6447      51.3536
                 63.1636      54.8720      62.0427      21.9322      38.6313
                 33.8773      37.2598      38.3134      47.9191      43.5075
                 28.9068      65.2876      66.0745      43.6437      49.1482
   1    100      34.2650      34.4436       7.9066      13.9678      23.4940
                 15.7011       5.9510      30.2009      37.9788      24.8678
                 35.9537      32.8040      41.5556      22.1552      28.6473
                 28.4596      27.8345      11.7626      30.2105      35.8254
                 15.6558      18.0840      16.8393      23.4556      40.1533
                 34.1249      50.5424      42.7063      29.0085      24.3616
                 36.6195      46.4680      50.9886      50.8121      42.4665
                 54.3306      46.0017      53.1991      12.9328      29.6749
                 24.9308      28.3304      29.3806      39.0292      34.5762
                 19.9143      56.4700      57.2353      34.7311      40.2572
   2      0      46.1259      46.2682      19.9115      25.9132      35.3877
                 27.6555      17.9071      42.0854      49.8790      36.7745
                 47.7870      44.6690      53.3948      34.0718      40.5681
                 40.3472      39.7546      23.7522      42.1255      47.6834
                 27.6026      30.0330      28.8493      35.3886      51.9845
                 45.9968      62.3509      54.5193      40.9245      36.2752
                 48.4943      58.2657      62.7272      62.5647      54.2675
                 66.0812      57.8126      64.9703      24.9169      41.6040
                 36.8432      40.2139      41.2841      50.8813      46.4659
                 31.8728      68.1919      69.0004      46.5829      52.0966
   3      0      46.1449      46.2647      19.9148      25.9509      35.3907
                 27.6665      17.8947      42.0957      49.8978      36.7669
                 47.7720      44.6670      53.3897      34.0763      40.5981
                 40.3419      39.7735      23.7523      42.1428      47.6695
                 27.6055      30.0508      28.8369      35.3805      51.9860
                 45.9876      62.3406      54.5353      40.9221      36.2550
                 48.5092      58.2645      62.7495      62.5632      54.2656
                 66.0730      57.8245      64.9726      24.9173      41.6032
                 36.8295      40.2006      41.2767      50.8634      46.4693
                 31.8664      68.2146      69.0035      46.5776      52.1069
   4      0      46.1196      46.2420      19.9089      25.8989      35.3521
                 27.6500      17.8605      42.0534      49.8844      36.7497
                 47.7649      44.6640      53.3426      34.0329      40.5733
                 40.3235      39.7358      23.7564      42.1100      47.6309
                 27.5503      30.0322      28.7992      35.3293      51.9399
                 45.9715      62.3312      54.5248      40.9148      36.2341
                 48.4685      58.2344      62.7386      62.5316      54.2470
                 66.0545      57.8342      64.9413      24.8979      41.6144
                 36.8116      40.1959      41.2851      50.8436      46.4220
                 31.8430      68.1873      68.9795      46.5514      52.0742
   5      0      46.1196      46.2062      19.8762      25.8903      35.3312
                 27.6082      17.8367      42.0455      49.8633      36.7249
                 47.7537      44.6555      53.3497      34.0289      40.5584
                 40.3075      39.7422      23.7236      42.1240      47.6413
                 27.5365      30.0257      28.7910      35.3185      51.9068
                 45.9370      62.3041      54.5003      40.8697      36.2256
                 48.4567      58.2263      62.7180      62.5441      54.2484
                 66.0416      57.8175      64.9145      24.8789      41.5807
                 36.8216      40.1854      41.2351      50.8291      46.4023
                 31.8210      68.1789      68.9606      46.5634      52.0576
   5     60      45.6967      45.7842      19.4482      25.4635      34.9062
                 27.1805      17.4109      41.6217      49.4395      36.3003
                 47.3284      44.2301      52.9267      33.6028      40.1327
                 39.8828      39.3175      23.2960      41.6986      47.2181
                 27.1096      29.5976      28.3623      34.8915      51.4840
                 45.5135      61.8843      54.0786      40.4445      35.8001
                 48.0332      57.8050      62.2993      62.1256      53.8279
                 65.6229      57.3971      64.4937      24.4510      41.1548
                 36.3957      39.7622      40.8087      50.4055      45.9772
                 31.3924      67.7606      68.5416      46.1401      51.6355
   5     80      42.4946      42.5893      16.2071      22.2312      31.6914
                 23.9459      14.1815      38.4133      46.2336      33.0862
                 44.1209      41.0178      49.7304      30.3788      36.9131
                 36.6694      36.1045      20.0593      38.4835      44.0159
                 23.8782      26.3610      25.1192      31.6632      48.2867
                 42.3093      58.7071      50.8873      37.2275      32.5824
                 44.8295      54.6178      59.1307      58.9573      50.6441
                 62.4557      54.2158      61.3133      21.2132      37.9352
                 33.1762      36.5574      37.5900      47.2064      42.7641
                 28.1534      64.5971      65.3721      42.9382      48.4428
   5    100      34.2564      34.3741       7.8864      13.9294      23.4417
                 15.6472       5.8770      30.1679      37.9926      24.8285
                 35.9044      32.7857      41.5325      22.1100      28.6522
                 28.4149      27.8524      11.7543      30.2385      35.7914
                 15.5821      18.0618      16.8023      23.3863      40.0744
                 34.0788      50.5291      42.6838      28.9675      24.3250
                 36.5993      46.4256      50.9746      50.8055      42.4438
                 54.3032      46.0293      53.1509      12.9077      29.6734
                 24.9196      28.3149      29.3461      39.0022      34.5208
                 19.8547      56.4622      57.2125      34.7124      40.2375
 
 
 cumulative average & 95% error for solvation free energy
              total             1st component         2nd component         3rd component
  1   -90.6519             -158.6538               21.8622               46.1449
  2   -82.7799    15.7442  -152.8142    11.6791    23.8348     3.9452    46.2048     0.1198
  3   -83.6035     9.2379  -158.6477    13.4754    37.6080    27.6405    37.4415    17.5268
  4   -83.8322     6.5482  -158.7532     9.5309    40.3574    20.3036    34.5688    13.6603
  5   -83.2979     5.1835  -158.7135     7.3830    40.6876    15.7410    34.7332    10.5863
  6   -83.9841     4.4493  -159.5804     6.2726    42.0460    13.1365    33.5554     8.9589
  7   -83.5489     3.8598  -159.8713     5.3331    45.0094    12.5853    31.3182     8.7949
  8   -83.8436     3.3942  -159.9065     4.6192    43.4027    11.3630    32.6654     8.0792
  9   -83.9899     3.0077  -159.2425     4.2847    40.6777    11.4073    34.5801     8.0890
 10   -84.0687     2.6948  -158.3412     4.2351    39.4789    10.4810    34.7988     7.2483
 11   -84.1508     2.4430  -157.8457     3.9569    37.7220    10.1107    35.9781     6.9677
 12   -84.4612     2.3150  -157.9352     3.6166    36.7770     9.4212    36.7022     6.5234
 13   -84.6653     2.1683  -157.8408     3.3322    35.1948     9.2260    37.9859     6.5268
 14   -84.6422     2.0080  -157.8296     3.0851    35.4861     8.5614    37.7066     6.0684
 15   -84.6831     1.8711  -157.5952     2.9100    35.0179     8.0251    37.8994     5.6625
 16   -84.2591     1.9449  -156.8292     3.1236    34.5233     7.5717    38.0520     5.3056
 17   -84.3910     1.8458  -156.9415     2.9427    34.4025     7.1164    38.1533     4.9878
 18   -84.4271     1.7418  -157.4027     2.9237    35.6276     7.1428    37.3532     4.9673
 19   -84.5291     1.6601  -157.5588     2.7831    35.4296     6.7680    37.6053     4.7256
 20   -84.6645     1.5981  -157.3386     2.6768    34.5708     6.6465    38.1085     4.5947
 21   -84.6056     1.5246  -157.3602     2.5465    35.1514     6.4278    37.6084     4.4834
 22   -84.7587     1.4855  -157.6274     2.4861    35.6091     6.1967    37.2649     4.3296
 23   -84.8123     1.4235  -157.6022     2.3761    35.8968     5.9490    36.8984     4.2015
 24   -84.9451     1.3886  -157.7246     2.2881    35.9496     5.6967    36.8352     4.0246
 25   -84.5405     1.5584  -157.1424     2.4844    35.1659     5.6845    37.4412     4.0461
 26   -84.4143     1.5184  -157.2698     2.4005    35.0908     5.4635    37.7699     3.9426
 27   -84.5733     1.4953  -157.1508     2.3221    33.9028     5.7693    38.6799     4.2077
 28   -84.6222     1.4442  -157.1308     2.2380    33.2676     5.7027    39.2462     4.2099
 29   -84.6371     1.3938  -157.0161     2.1716    33.0803     5.5153    39.3040     4.0638
 30   -84.5149     1.3685  -156.9570     2.1013    33.2449     5.3384    39.2024     3.9312
 31   -84.4808     1.3254  -156.6107     2.1471    32.6326     5.3066    39.5026     3.8494
 32   -84.6558     1.3302  -156.4265     2.1114    31.6870     5.4751    40.0889     3.9073
 33   -84.6715     1.2896  -156.2111     2.0912    30.7692     5.6151    40.7756     4.0284
 34   -84.8624     1.3081  -156.1875     2.0294    29.9139     5.7097    41.4164     4.1129
 35   -84.8947     1.2718  -156.1504     1.9719    29.4774     5.6125    41.7835     4.0606
 36   -85.0182     1.2604  -156.0438     1.9282    28.5726     5.7467    42.4582     4.1705
 37   -85.0600     1.2287  -155.9740     1.8805    28.0457     5.6877    42.8735     4.1404
 38   -85.2631     1.2631  -156.0472     1.8362    27.3342     5.7160    43.4551     4.1945
 39   -85.1126     1.2666  -156.0426     1.7885    27.9554     5.7044    42.9798     4.1946
 40   -85.1046     1.2346  -155.9778     1.7481    27.9331     5.5602    42.9453     4.0890
 41   -85.0837     1.2048  -156.0079     1.7060    28.1333     5.4376    42.7962     3.9992
 42   -84.8280     1.2821  -156.0311     1.6655    28.4739     5.3501    42.7344     3.9047
 43   -84.8281     1.2520  -156.1339     1.6392    28.6106     5.2314    42.7005     3.8135
 44   -84.9329     1.2410  -156.2124     1.6092    28.3987     5.1286    42.8860     3.7442
 45   -84.8671     1.2202  -156.1611     1.5764    28.3336     5.0151    42.9656     3.6635
 46   -84.8027     1.2003  -156.0990     1.5467    28.5772     4.9290    42.7243     3.6153
 47   -85.0183     1.2511  -155.9871     1.5299    27.7073     5.1271    43.2667     3.7001
 48   -85.0919     1.2336  -155.8979     1.5083    27.0084     5.2102    43.8029     3.7776
 49   -85.0718     1.2088  -155.9016     1.4772    26.9755     5.1032    43.8595     3.7015
 50   -84.9491     1.2096  -155.7102     1.4972    26.7419     5.0219    44.0244     3.6417
 
 Mesh error is    1.021 kcal/mol
