 ERmod 0.3.8, Copyright (C) 2000-2019 Nobuyuki Matubayasi
                            2010-2019 Shun Sakuraba
 ERmod comes with ABSOLUTELY NO WARRANTY.
 This is free software, and you can redistribute it
 and/or modify it under certain conditions.
 See LICENSE file for details.
 ERmod 0.3.8, Copyright (C) 2000-2019 Nobuyuki Matubayasi
                            2010-2019 Shun Sakuraba
 ERmod comes with ABSOLUTELY NO WARRANTY.
 This is free software, and you can redistribute it
 and/or modify it under certain conditions.
 See LICENSE file for details.
 
  Number of the   1-th solvent  =          792
  Number of the   2-th solvent  =          792
  Number of the   3-th solvent  =        10000
 
  Be sure that the solvent distribution is homogeneous (radial distribution function is essentially unity) when the solvent molecule is separated beyond distance of   10.0 Angstrom in any direction from any atom within the solute molecule
 
  LJ long-range correction    =        -1.3175     -0.2494     -7.0203
 
  Self-energy of the solute   =        -0.0166  kcal/mol
 
 
 cumulative average & 95% error for solvation energy
              total             1st component         2nd component         3rd component
  1  -488.6518             -179.7048               46.3080             -355.2383
  2  -487.9224     1.4587  -183.8785     8.3473    52.6037    12.5915  -356.6311     2.7855
  3  -487.7261     0.9293  -186.1439     6.6147    56.7001    10.9531  -358.2656     3.6433
  4  -488.4108     1.5189  -185.0794     5.1390    53.9781     9.4668  -357.2929     3.2283
  5  -488.4152     1.1766  -185.0238     3.9822    54.1733     7.3433  -357.5481     2.5522
  6  -488.8948     1.3576  -186.2874     4.1181    52.7358     6.6495  -355.3266     4.9073
  7  -489.3798     1.5025  -187.4661     4.2037    51.8931     5.8671  -353.7902     5.1617
  8  -489.7050     1.4546  -186.8633     3.8349    49.3826     7.1434  -352.2076     5.4773
  9  -490.1277     1.5365  -186.4061     3.5035    47.2766     7.5782  -350.9816     5.4172
 10  -490.7282     1.8251  -186.3999     3.1336    44.1417     9.2334  -348.4534     7.0033
 11  -490.8832     1.6797  -186.2159     2.8583    43.5163     8.4451  -348.1669     6.3605
 12  -491.2851     1.7312  -185.9158     2.6774    41.2369     8.9563  -346.5896     6.6080
 13  -491.5779     1.6967  -185.9768     2.4659    40.3421     8.4307  -345.9265     6.2215
 14  -491.6694     1.5815  -185.9470     2.2837    39.9033     7.8545  -345.6092     5.7948
 15  -492.0229     1.6332  -185.4816     2.3208    37.6036     8.6384  -344.1282     6.1543
 16  -492.3577     1.6680  -184.8992     2.4637    35.2618     9.3397  -342.7037     6.4232
 17  -492.3144     1.5692  -184.7713     2.3283    35.3958     8.7772  -342.9223     6.0494
 18  -492.3902     1.4872  -185.0855     2.2833    35.4524     8.2760  -342.7405     5.7150
 19  -492.5150     1.4287  -185.1240     2.1612    34.7566     7.9510  -342.1310     5.5416
 20  -492.3045     1.4193  -185.4013     2.1240    36.6604     8.4495  -343.5470     5.9715
 21  -492.1752     1.3746  -185.4003     2.0203    37.6684     8.2861  -344.4267     5.9463
 22  -492.0709     1.3271  -185.8111     2.0941    38.7446     8.1884  -344.9878     5.7796
 23  -492.2178     1.3017  -185.7508     2.0046    38.5374     7.8353  -344.9878     5.5226
 24  -492.2706     1.2507  -185.7383     1.9195    37.9168     7.6037  -344.4325     5.4028
 25  -492.3832     1.2206  -185.2161     2.1167    36.6650     7.7110  -343.8155     5.3271
 26  -492.5529     1.2209  -184.6817     2.2975    35.0312     8.0971  -342.8858     5.4454
 27  -492.6692     1.1976  -185.2643     2.4990    35.0191     7.7915  -342.4074     5.3265
 28  -492.5647     1.1728  -185.4641     2.4411    36.0890     7.8070  -343.1729     5.3562
 29  -492.4906     1.1413  -185.4948     2.3562    36.3717     7.5542  -343.3508     5.1804
 30  -492.4643     1.1039  -184.7321     2.7401    35.8305     7.3779  -343.5461     5.0200
 31  -492.3138     1.1093  -184.8060     2.6544    36.8593     7.4266  -344.3504     5.1149
 32  -492.2920     1.0750  -185.1724     2.6725    36.8945     7.1911  -343.9974     5.0025
 33  -492.2222     1.0512  -185.3906     2.6268    37.5641     7.0973  -344.3791     4.9083
 34  -492.4188     1.0930  -184.8431     2.7737    35.9989     7.5637  -343.5579     5.0370
 35  -492.6013     1.1223  -184.7986     2.6947    35.1802     7.5247  -342.9663     5.0321
 36  -492.5695     1.0926  -184.8594     2.6216    35.3167     7.3178  -343.0102     4.8911
 37  -492.6262     1.0687  -185.1315     2.6072    35.1707     7.1233  -342.6488     4.8117
 38  -492.7400     1.0647  -185.0246     2.5467    34.3903     7.1068  -342.0891     4.8152
 39  -492.9418     1.1128  -184.9600     2.4839    33.0223     7.4433  -340.9874     5.1819
 40  -492.9723     1.0864  -185.1187     2.4417    32.9820     7.2553  -340.8189     5.0619
 41  -492.8865     1.0734  -185.2855     2.4046    33.6236     7.1915  -341.2080     4.9979
 42  -492.8372     1.0521  -185.3432     2.3495    34.0355     7.0664  -341.5130     4.9154
 43  -493.0536     1.1147  -185.3573     2.2944    33.1859     7.1063  -340.8655     4.9714
 44  -493.0705     1.0896  -185.4681     2.2526    33.2887     6.9459  -340.8745     4.8571
 45  -492.9506     1.0918  -185.6466     2.2307    34.2426     7.0528  -341.5300     4.9256
 46  -492.8652     1.0814  -185.7459     2.1907    34.7642     6.9762  -341.8668     4.8642
 47  -492.8181     1.0623  -185.7659     2.1439    34.9598     6.8373  -341.9953     4.7666
 48  -492.7834     1.0423  -185.9296     2.1242    35.2549     6.7193  -342.0920     4.6702
 49  -492.7560     1.0222  -185.8876     2.0821    35.4919     6.5978  -342.3436     4.6015
 50  -492.7516     1.0016  -185.9601     2.0452    35.6182     6.4695  -342.3930     4.5096
 
 
 group  inft  solvation free energy     error          difference
  total solvation free energy
   1      0        -89.42136           1.25040           0.60003
   1     60        -89.80770           1.25026           0.21368
   1     80        -93.05446           1.25043          -3.03308
   1    100       -103.43820           1.25692         -13.41682
   2      0        -89.74249           1.25921           0.27889
   3      0        -90.02139           1.25562           0.00000
   4      0        -89.82730           1.26313           0.19409
   5      0        -90.10566           1.26202          -0.08428
   5     60        -90.64151           1.26189          -0.62013
   5     80        -94.61807           1.26221          -4.59669
   5    100       -104.15670           1.26789         -14.13532
 
  contribution from  1-th solvent component
   1      0       -148.70510           1.50411          -0.32411
   1     60       -148.73695           1.50405          -0.35596
   1     80       -149.03144           1.50397          -0.65046
   1    100       -149.95473           1.50509          -1.57374
   2      0       -148.33164           1.52407           0.04934
   3      0       -148.38099           1.53157           0.00000
   4      0       -147.73533           1.53063           0.64566
   5      0       -148.11562           1.53213           0.26537
   5     60       -148.16372           1.53209           0.21727
   5     80       -148.52125           1.53207          -0.14027
   5    100       -149.35733           1.53319          -0.97635
 
  contribution from  2-th solvent component
   1      0         83.36212           3.13108           0.88629
   1     60         83.38601           3.13110           0.91018
   1     80         83.52772           3.13113           1.05189
   1    100         83.75238           3.13146           1.27654
   2      0         82.69678           3.11834           0.22094
   3      0         82.47583           3.10795           0.00000
   4      0         82.04897           3.10217          -0.42687
   5      0         82.17403           3.10157          -0.30181
   5     60         82.20279           3.10154          -0.27304
   5     80         82.34838           3.10131          -0.12745
   5    100         82.54956           3.10099           0.07372
 
  contribution from  3-th solvent component
   1      0        -24.06175           2.53272           0.03786
   1     60        -24.44014           2.53284          -0.34054
   1     80        -27.53411           2.53547          -3.43451
   1    100        -37.21922           2.54887         -13.11962
   2      0        -24.09099           2.53345           0.00861
   3      0        -24.09960           2.53370           0.00000
   4      0        -24.12430           2.53318          -0.02470
   5      0        -24.14744           2.53376          -0.04784
   5     60        -24.66395           2.53397          -0.56435
   5     80        -28.42857           2.53752          -4.32897
   5    100        -37.33230           2.55006         -13.23269
 
 
 group  inft   Estimated free energy: total (kcal/mol)
   1      0     -85.7074     -85.1141     -84.6567     -86.6067     -80.7084
                -93.1461     -83.7115     -89.3019     -85.2867     -81.5579
                -87.6848     -94.6147     -96.1126     -83.9558     -82.4705
                -84.7038     -89.8435     -93.7214     -84.8390     -92.0070
                -89.7487     -90.9777     -90.7027     -86.7083     -93.0349
                -88.2253     -93.5296     -90.4392     -89.4286     -94.7402
                -87.6486     -93.0536     -94.5869     -89.2428     -85.3172
                -97.0170     -88.7313     -83.8067     -93.3192     -87.5702
                -95.2198     -94.7928     -88.5725     -96.7534     -84.1879
                -93.5533     -94.5507     -94.7564     -89.5719     -85.5299
   1     60     -86.0971     -85.5056     -85.0452     -86.9991     -81.0969
                -93.5348     -84.0971     -89.6879     -85.6736     -81.9436
                -88.0712     -94.9992     -96.4992     -84.3417     -82.8571
                -85.0924     -90.2305     -94.1054     -85.2247     -92.3923
                -90.1338     -91.3639     -91.0915     -87.0920     -93.4211
                -88.6110     -93.9141     -90.8247     -89.8143     -95.1253
                -88.0338     -93.4379     -94.9728     -89.6272     -85.7001
                -97.4031     -89.1172     -84.1938     -93.7039     -87.9585
                -95.6049     -95.1791     -88.9554     -97.1392     -84.5744
                -93.9398     -94.9389     -95.1432     -89.9589     -85.9167
   1     80     -89.3752     -88.7922     -88.3114     -90.2876     -84.3615
                -96.7992     -87.3312     -92.9320     -88.9251     -85.1642
                -91.3122     -98.2359     -99.7499     -87.5774     -86.0977
                -88.3404     -93.4821     -97.3400     -88.4587     -95.6395
                -93.3896     -94.6165     -94.3508     -90.3181     -96.6588
                -91.8428     -97.1448     -94.0754     -93.0633     -98.3744
                -91.2825     -96.6616     -98.2260     -92.8513     -88.9159
               -100.6568     -92.3620     -87.4315     -96.9226     -91.2170
                -98.8583     -98.4355     -92.1611    -100.3911     -87.8292
                -97.1947     -98.2013     -98.3980     -93.2172     -89.1617
   1    100     -99.8302     -99.2860     -98.7354    -100.7392     -94.7797
               -107.2253     -97.6455    -103.3091     -99.2928     -95.4015
               -101.6739    -108.5899    -110.1586     -97.9103     -96.4169
                -98.6722    -103.8847    -107.7269     -98.7663    -106.0821
               -103.8359    -105.0272    -104.7603    -100.6210    -107.0101
               -102.1598    -107.4929    -104.5262    -103.4967    -108.8066
               -101.7273    -106.9888    -108.6647    -103.1468     -99.1971
               -111.0858    -102.7273     -97.7475    -107.1741    -101.6265
               -109.3087    -108.8713    -102.4077    -110.8381     -98.2473
               -107.6139    -108.6613    -108.8285    -103.6497     -99.5349
   2      0     -85.6818     -85.3538     -84.9038     -87.1013     -80.8768
                -93.2646     -84.5603     -89.5745     -85.7474     -81.9959
                -87.9649     -94.7430     -96.4328     -84.3265     -82.8255
                -85.0438     -90.1902     -94.1328     -84.9288     -92.8198
                -89.8638     -91.4306     -91.0934     -87.0865     -93.4495
                -88.6527     -93.8421     -90.9526     -89.5018     -94.8368
                -87.8963     -93.3549     -94.9870     -89.5963     -85.1835
                -97.3234     -88.9448     -83.9728     -93.7072     -87.5114
                -95.7910     -95.3796     -88.8495     -97.0175     -84.6417
                -94.0127     -94.9794     -95.0917     -90.0392     -85.6670
   3      0     -85.7737     -85.6730     -85.1819     -87.4596     -81.0629
                -93.4793     -84.9611     -89.8453     -86.1027     -82.4316
                -88.0907     -94.9499     -96.4605     -84.5120     -83.1343
                -85.3628     -90.6435     -94.4623     -85.0657     -93.3671
                -90.2085     -91.8144     -91.4959     -87.4279     -93.6498
                -88.7447     -94.1541     -91.3796     -89.8099     -94.8996
                -87.9636     -93.4446     -95.3388     -89.7917     -85.3969
                -97.6220     -89.2588     -84.3156     -93.9329     -87.5625
                -96.2842     -95.5650     -89.1652     -97.1139     -85.3355
                -94.3257     -95.2723     -95.4352     -90.4340     -85.9065
   4      0     -85.4392     -85.4245     -85.0615     -87.1778     -80.8542
                -93.3713     -84.7280     -89.6176     -85.9539     -82.2477
                -87.9191     -94.6155     -96.3805     -84.3234     -82.8396
                -85.1566     -90.1262     -94.2063     -84.8650     -93.0989
                -90.0257     -91.6186     -91.2614     -87.0809     -93.6121
                -88.7306     -93.8519     -91.1954     -89.5262     -94.8383
                -88.0267     -93.4714     -95.1334     -89.6765     -85.0045
                -97.2725     -89.0202     -84.0987     -93.9155     -87.3335
                -96.0218     -95.5272     -88.8213     -97.0108     -85.0468
                -94.2450     -95.1884     -95.2229     -90.4446     -85.7352
   5      0     -85.8519     -85.5481     -85.0787     -87.5984     -81.3316
                -93.7417     -85.0244     -89.8559     -86.3089     -82.6503
                -88.1868     -95.1448     -96.4501     -84.6920     -82.8585
                -85.5077     -90.4654     -94.6202     -85.1421     -93.3605
                -90.3279     -91.9843     -91.7649     -87.4699     -93.9143
                -89.0103     -94.2030     -91.4196     -89.7985     -94.9882
                -88.0467     -93.6767     -95.5630     -89.9582     -85.3203
                -97.3779     -89.2104     -84.2868     -94.2313     -87.4565
                -96.1544     -95.9758     -89.1580     -97.3321     -85.4406
                -94.4182     -95.4504     -95.4019     -90.5347     -85.9904
   5     60     -86.3931     -86.0908     -85.6190     -88.1434     -81.8695
                -94.2803     -85.5585     -90.3905     -86.8451     -83.1838
                -88.7228     -95.6789     -96.9860     -85.2269     -83.3940
                -86.0456     -91.0024     -95.1537     -85.6770     -93.8952
                -90.8638     -92.5205     -92.3036     -88.0040     -94.4490
                -89.5442     -94.7374     -91.9551     -90.3337     -95.5220
                -88.5808     -94.2089     -96.0993     -90.4907     -85.8515
                -97.9138     -89.7459     -84.8231     -94.7641     -87.9944
                -96.6902     -96.5128     -89.6880     -97.8668     -85.9768
                -94.9540     -95.9872     -95.9393     -91.0717     -86.5265
   5     80     -90.4064     -90.1185     -89.6238     -92.1713     -85.8725
                -98.2748     -89.5169     -94.3614     -90.8226     -87.1243
                -92.6973     -99.6414    -100.9662     -89.1913     -87.3602
                -90.0206     -94.9855     -99.1198     -89.6350     -97.8786
                -94.8528     -96.5042     -96.2935     -91.9537     -98.4127
                -93.4977     -98.6972     -95.9438     -94.3150     -99.5027
                -92.5617     -98.1569    -100.0874     -94.4362     -89.7907
               -101.8989     -93.7171     -88.7880     -98.6989     -91.9825
               -100.6795    -100.5047     -93.6111    -101.8485     -89.9644
                -98.9376     -99.9807     -99.9304     -95.0647     -90.5022
   5    100    -100.0101     -99.7586     -99.2047    -101.7723     -95.4418
               -107.8436     -99.0001    -103.8817    -100.3465     -96.5290
               -102.2180    -109.1480    -110.5251     -98.6870     -96.8441
                -99.5099    -104.5420    -108.6660     -99.0984    -107.4740
               -104.4506    -106.0707    -105.8540    -101.4206    -107.9195
               -102.9689    -108.2013    -105.5474    -103.8974    -109.0857
               -102.1611    -107.6358    -109.6830    -103.8909     -99.2375
               -111.4746    -103.2347     -98.2644    -108.1125    -101.5357
               -110.2812    -110.0968    -103.0154    -111.4432     -99.5508
               -108.5153    -109.5819    -109.5140    -104.6580    -100.0310
 
 group  inft   Estimated free energy: 1-th solvent contribution (kcal/mol)
   1      0    -143.3571    -147.5714    -151.2961    -149.0677    -143.2788
               -154.8892    -151.3063    -147.0655    -145.0477    -146.7397
               -146.9593    -149.2540    -152.3084    -146.6279    -139.9748
               -139.6616    -149.0552    -151.5883    -146.8505    -153.8295
               -147.5083    -155.6183    -147.9955    -148.4761    -144.6858
               -142.0599    -158.2846    -151.8778    -145.8487    -137.6747
               -146.5397    -158.7326    -155.4243    -135.2922    -140.5847
               -154.5223    -151.8732    -142.6144    -151.4025    -146.5574
               -155.4459    -153.7808    -147.2101    -152.9670    -149.3110
               -155.7221    -151.7792    -155.7773    -147.3755    -146.5838
   1     60    -143.3891    -147.6041    -151.3283    -149.0995    -143.3105
               -154.9208    -151.3378    -147.0972    -145.0800    -146.7719
               -146.9910    -149.2854    -152.3404    -146.6601    -140.0067
               -139.6941    -149.0867    -151.6200    -146.8826    -153.8609
               -147.5405    -155.6499    -148.0279    -148.5070    -144.7173
               -142.0917    -158.3160    -151.9096    -145.8803    -137.7071
               -146.5719    -158.7638    -155.4557    -135.3246    -140.6167
               -154.5539    -151.9049    -142.6462    -151.4339    -146.5896
               -155.4772    -153.8121    -147.2420    -152.9989    -149.3433
               -155.7540    -151.8114    -155.8090    -147.4076    -146.6160
   1     80    -143.6855    -147.9022    -151.6264    -149.3953    -143.6040
               -155.2157    -151.6306    -147.3912    -145.3779    -147.0672
               -147.2842    -149.5788    -152.6355    -146.9556    -140.3001
               -139.9913    -149.3789    -151.9118    -147.1783    -154.1542
               -147.8391    -155.9440    -148.3256    -148.8001    -145.0094
               -142.3849    -158.6085    -152.2035    -146.1711    -138.0024
               -146.8669    -159.0552    -155.7493    -135.6195    -140.9095
               -154.8481    -152.1987    -142.9387    -151.7259    -146.8850
               -155.7703    -154.1047    -147.5360    -153.2939    -149.6414
               -156.0509    -152.1080    -156.1031    -147.7022    -146.9115
   1    100    -144.6092    -148.8282    -152.5609    -150.3224    -144.5192
               -156.1471    -152.5511    -148.3148    -146.3080    -147.9898
               -148.2021    -150.4995    -153.5640    -147.8776    -141.2115
               -140.9136    -150.2977    -152.8280    -148.1028    -155.0805
               -148.7732    -156.8729    -149.2552    -149.7196    -145.9281
               -143.3028    -159.5329    -153.1269    -147.0818    -138.9196
               -147.7878    -159.9818    -156.6750    -136.5302    -141.8215
               -155.7769    -153.1204    -143.8518    -152.6494    -147.8072
               -156.6975    -155.0263    -148.4577    -154.2232    -150.5729
               -156.9898    -153.0398    -157.0300    -148.6226    -147.8339
   2      0    -142.7415    -147.0558    -150.9186    -148.7645    -142.8294
               -154.5894    -150.9057    -146.7596    -144.5877    -146.3125
               -146.6642    -148.9706    -152.0025    -146.0959    -139.4830
               -139.2230    -148.7658    -151.2980    -146.4282    -153.5637
               -147.0023    -155.2911    -147.7417    -148.1144    -144.3449
               -141.8163    -158.0838    -151.6058    -145.3771    -137.1463
               -146.0035    -158.5027    -155.1526    -134.9267    -139.9714
               -154.1856    -151.3865    -142.2138    -151.1422    -145.9409
               -155.1923    -153.6145    -146.8370    -152.6325    -148.8769
               -155.4627    -151.3813    -155.5557    -147.0877    -146.0325
   3      0    -142.6858    -147.1138    -151.0055    -148.8679    -142.7555
               -154.6496    -150.9281    -146.8043    -144.6303    -146.3122
               -146.7009    -149.0161    -151.9823    -146.0790    -139.4781
               -139.3169    -148.8875    -151.4549    -146.4212    -153.6809
               -147.0401    -155.3474    -147.8176    -148.2331    -144.3864
               -141.7454    -158.1662    -151.7039    -145.4492    -137.0883
               -146.0494    -158.4770    -155.2472    -134.9671    -139.9544
               -154.2580    -151.4463    -142.2640    -151.1655    -145.9724
               -155.3599    -153.7266    -146.9281    -152.7019    -148.9623
               -155.5331    -151.3945    -155.6811    -147.1580    -146.0541
   4      0    -142.0777    -146.3694    -150.3069    -148.1754    -142.2130
               -153.9969    -150.1504    -146.1250    -144.0390    -145.6203
               -146.0965    -148.4076    -151.5099    -145.5075    -138.7482
               -138.6933    -148.1304    -150.7806    -145.8579    -153.0509
               -146.4111    -154.8246    -147.1894    -147.3835    -143.8684
               -141.3906    -157.5260    -151.0818    -144.6402    -136.4820
               -145.4214    -158.0905    -154.5824    -134.4017    -139.2658
               -153.4995    -150.6417    -141.5579    -150.6679    -145.2437
               -154.5089    -153.1164    -146.2187    -152.0269    -148.2503
               -154.9859    -150.7827    -154.9801    -146.5526    -145.3172
   5      0    -142.5694    -146.6535    -150.4777    -148.7435    -142.6584
               -154.4410    -150.5763    -146.5028    -144.3322    -146.0279
               -146.4608    -149.0009    -151.7511    -145.8676    -138.9303
               -139.1539    -148.5641    -151.2449    -146.2223    -153.2983
               -146.8060    -155.2139    -147.6914    -147.9897    -144.3148
               -141.6863    -157.8739    -151.4041    -145.0797    -136.8136
               -145.6469    -158.3862    -155.1342    -134.8609    -139.5152
               -153.8745    -151.0085    -141.8794    -151.0995    -145.5940
               -154.9151    -153.5728    -146.6466    -152.4860    -148.6382
               -155.2589    -151.1366    -155.3362    -146.7746    -145.6662
   5     60    -142.6179    -146.7024    -150.5264    -148.7919    -142.7064
               -154.4891    -150.6241    -146.5507    -144.3807    -146.0760
               -146.5090    -149.0487    -151.7992    -145.9158    -138.9784
               -139.2023    -148.6119    -151.2928    -146.2706    -153.3461
               -146.8543    -155.2618    -147.7401    -148.0378    -144.3624
               -141.7341    -157.9216    -151.4523    -145.1275    -136.8619
               -145.6952    -158.4335    -155.1824    -134.9093    -139.5632
               -153.9223    -151.0565    -141.9274    -151.1469    -145.6423
               -154.9628    -153.6208    -146.6944    -152.5341    -148.6870
               -155.3071    -151.1848    -155.3843    -146.8228    -145.7146
   5     80    -142.9765    -147.0642    -150.8886    -149.1521    -143.0643
               -154.8471    -150.9798    -146.9075    -144.7408    -146.4335
               -146.8669    -149.4046    -152.1574    -146.2740    -139.3351
               -139.5615    -148.9678    -151.6486    -146.6293    -153.7025
               -147.2135    -155.6187    -148.1012    -148.3945    -144.7171
               -142.0895    -158.2775    -151.8099    -145.4816    -137.2188
               -146.0528    -158.7866    -155.5414    -135.2669    -139.9186
               -154.2788    -151.4135    -142.2828    -151.5006    -145.9999
               -155.3185    -153.9781    -147.0507    -152.8925    -149.0491
               -155.6670    -151.5432    -155.7432    -147.1810    -146.0733
   5    100    -143.8106    -147.9027    -151.7353    -149.9938    -143.8963
               -155.6894    -151.8136    -147.7430    -145.5796    -147.2667
               -147.7028    -150.2378    -152.9978    -147.1081    -140.1624
               -140.3934    -149.8029    -152.4823    -147.4662    -154.5408
               -148.0511    -156.4588    -148.9429    -149.2298    -145.5488
               -142.9196    -159.1159    -152.6472    -146.3091    -138.0466
               -146.8863    -159.6230    -156.3859    -136.0921    -140.7448
               -155.1180    -152.2488    -143.1103    -152.3348    -146.8323
               -156.1571    -154.8181    -147.8837    -153.7344    -149.8933
               -156.5157    -152.3821    -156.5864    -148.0163    -146.9080
 
 group  inft   Estimated free energy: 2-th solvent contribution (kcal/mol)
   1      0      86.6136      93.5209      98.5184      88.8549      93.1806
                 86.1740      91.5545      81.2943      81.2111      77.8885
                 84.4801      71.2037      78.5958      84.4448      69.7826
                 66.2982      86.0828      81.7210      78.8496     102.2398
                 93.6303      97.2531      83.0454      80.1601      68.4056
                 64.7478      82.7038      98.3212      84.9918      72.1624
                 98.4307      85.2615      94.3128      56.8269      69.2138
                 83.3641      80.4018      69.6221      59.6990      79.4102
                 93.3087      90.4066      66.9265      82.2989     105.5119
                 95.0969      85.7658      88.2991      89.5488      86.4694
   1     60      86.6369      93.5440      98.5435      88.8798      93.2039
                 86.1966      91.5783      81.3182      81.2339      77.9131
                 84.5037      71.2270      78.6194      84.4694      69.8059
                 66.3218      86.1074      81.7447      78.8745     102.2644
                 93.6547      97.2775      83.0694      80.1852      68.4290
                 64.7708      82.7284      98.3454      85.0149      72.1862
                 98.4545      85.2858      94.3373      56.8507      69.2379
                 83.3887      80.4259      69.6454      59.7235      79.4334
                 93.3332      90.4305      66.9512      82.3215     105.5346
                 95.1192      85.7889      88.3235      89.5730      86.4938
   1     80      86.7710      93.6773      98.6934      89.0256      93.3440
                 86.3277      91.7249      81.4592      81.3688      78.0667
                 84.6448      71.3613      78.7555      84.6190      69.9457
                 66.4627      86.2545      81.8808      79.0241     102.4118
                 93.7982      97.4234      83.2163      80.3419      68.5681
                 64.9086      82.8730      98.4869      85.1460      72.3225
                 98.5945      85.4330      94.4825      56.9917      69.3829
                 83.5314      80.5663      69.7842      59.8731      79.5673
                 93.4742      90.5716      67.1017      82.4525     105.6753
                 95.2524      85.9233      88.4657      89.7186      86.6400
   1    100      86.9644      93.8738      98.9416      89.2589      93.5603
                 86.5269      91.9852      81.6783      81.5836      78.3464
                 84.8762      71.5483      78.9550      84.8662      70.1653
                 66.6871      86.4927      82.0786      79.2791     102.6551
                 94.0228      97.6646      83.4633      80.6156      68.7790
                 65.1340      83.0995      98.7065      85.3270      72.5183
                 98.8120      85.6734      94.7118      57.2123      69.6172
                 83.7447      80.7848      70.0005      60.1329      79.7649
                 93.6858      90.7907      67.3603      82.6364     105.9313
                 95.4736      86.1240      88.6796      89.9528      86.8762
   2      0      86.0600      92.8053      97.9180      88.0578      92.5822
                 85.7884      90.3313      80.7305      80.2931      77.0571
                 83.9478      70.8190      78.0013      83.5597      68.9720
                 65.5531      85.4699      81.0731      78.3646     101.1783
                 93.0415      96.5014      82.4336      79.4512      67.6791
                 64.0696      82.2104      97.5748      84.4855      71.5817
                 97.6746      84.7446      93.6690      56.1478      68.7839
                 82.7678      79.7218      69.0828      59.0656      78.8920
                 92.5148      89.6857      66.2959      81.7448     104.6664
                 94.4088      84.9712      87.7712      88.8350      85.8036
   3      0      85.9151      92.5475      97.7390      87.8145      92.3543
                 85.6302      89.9553      80.5170      79.9768      76.6179
                 83.8580      70.6599      77.9732      83.3741      68.6597
                 65.3322      85.1606      80.9254      78.2127     100.7527
                 92.7462      96.1854      82.1216      79.2287      67.5324
                 63.9050      81.9858      97.2565      84.2519      71.4876
                 97.6520      84.6434      93.4401      56.0080      68.5701
                 82.5562      79.4727      68.7979      58.8761      78.8879
                 92.1931      89.6052      66.0715      81.7333     104.0589
                 94.1743      84.7094      87.5678      88.5011      85.5958
   4      0      85.6696      92.0629      97.1529      87.3994      92.0123
                 85.1057      89.4432      80.0771      79.5533      76.1411
                 83.4353      70.3987      77.5979      83.0171      68.2597
                 64.9529      84.9271      80.5443      77.9139     100.3803
                 92.3084      95.8946      81.7715      78.7796      67.0873
                 63.5444      81.6814      96.8538      83.7453      70.9699
                 97.0202      84.2492      92.9939      55.6058      68.2921
                 82.1710      78.9324      68.3205      58.4175      78.4220
                 91.5984      89.0651      65.7394      81.1890     103.6580
                 93.7599      84.2211      87.1162      87.9412      85.0543
   5      0      85.7612      92.2751      97.3583      87.5896      92.0430
                 85.2125      89.5793      80.2390      79.5319      76.1744
                 83.5752      70.4953      77.7956      83.0632      68.4409
                 65.0705      85.0615      80.6012      78.0188     100.4010
                 92.4273      95.9301      81.7998      78.9844      67.2275
                 63.6082      81.6948      96.9533      83.9367      71.1647
                 97.2373      84.3579      93.1380      55.7980      68.2538
                 82.4661      79.1470      68.4750      58.5424      78.6446
                 91.9062      89.0816      65.8566      81.3317     103.7090
                 93.8603      84.3283      87.3075      88.0619      85.1840
   5     60      85.7890      92.3029      97.3879      87.6190      92.0713
                 85.2401      89.6088      80.2681      79.5597      76.2042
                 83.6034      70.5231      77.8241      83.0928      68.4693
                 65.0989      85.0910      80.6294      78.0486     100.4304
                 92.4560      95.9591      81.8291      79.0147      67.2563
                 63.6363      81.7240      96.9822      83.9646      71.1930
                 97.2656      84.3874      93.1673      55.8270      68.2832
                 82.4955      79.1757      68.5029      58.5726      78.6728
                 91.9349      89.1099      65.8864      81.3593     103.7367
                 93.8874      84.3567      87.3364      88.0912      85.2134
   5     80      85.9240      92.4380      97.5395      87.7672      92.2143
                 85.3756      89.7632      80.4149      79.6988      76.3646
                 83.7474      70.6582      77.9642      83.2457      68.6132
                 65.2434      85.2427      80.7688      78.2045     100.5803
                 92.5998      96.1084      81.9835      79.1769      67.4005
                 63.7808      81.8723      97.1264      84.0983      71.3310
                 97.4080      84.5400      93.3158      55.9742      68.4329
                 82.6417      79.3202      68.6432      58.7316      78.8110
                 92.0763      89.2521      66.0448      81.4936     103.8825
                 94.0253      84.4968      87.4806      88.2395      85.3628
   5    100      86.0970      92.6109      97.7588      87.9737      92.4106
                 85.5563      89.9905      80.6169      79.8848      76.6099
                 83.9557      70.8271      78.1479      83.4639      68.8076
                 65.4410      85.4589      80.9481      78.4367     100.7911
                 92.7955      96.3212      82.2088      79.4235      67.5928
                 63.9835      82.0780      97.3218      84.2644      71.5083
                 97.6014      84.7586      93.5219      56.1759      68.6457
                 82.8376      79.5177      68.8339      58.9686      78.9930
                 92.2625      89.4444      66.2805      81.6626     104.1017
                 94.2189      84.6789      87.6722      88.4449      85.5721
 
 group  inft   Estimated free energy: 3-th solvent contribution (kcal/mol)
   1      0     -28.9474     -31.0469     -31.8623     -26.3772     -30.5936
                -24.4143     -23.9430     -23.5141     -21.4335     -12.6901
                -25.1889     -16.5479     -22.3833     -21.7561     -12.2617
                -11.3238     -26.8544     -23.8375     -16.8215     -40.4007
                -35.8540     -32.5958     -25.7360     -18.3757     -16.7381
                -10.8965     -17.9321     -36.8660     -28.5550     -29.2112
                -39.5230     -19.5659     -33.4587     -10.7609     -13.9297
                -25.8422     -17.2432     -10.7977      -1.5990     -20.4063
                -33.0659     -31.4019      -8.2723     -26.0687     -40.3722
                -32.9115     -28.5206     -27.2615     -31.7285     -25.3990
   1     60     -29.3283     -31.4288     -32.2437     -26.7628     -30.9738
                -24.7940     -24.3210     -23.8923     -21.8109     -13.0682
                -25.5672     -16.9242     -22.7617     -22.1344     -12.6397
                -11.7035     -27.2346     -24.2135     -17.2000     -40.7791
                -36.2313     -32.9748     -26.1164     -18.7536     -17.1162
                -11.2734     -18.3099     -37.2438     -28.9322     -29.5877
                -39.8998     -19.9432     -33.8377     -11.1366     -14.3047
                -26.2213     -17.6216     -11.1764      -1.9769     -20.7857
                -33.4442     -31.7808      -8.6480     -26.4452     -40.7490
                -33.2884     -28.8998     -27.6411     -32.1077     -25.7779
   1     80     -32.4441     -34.5507     -35.3618     -29.9013     -34.0849
                -27.8946     -27.4088     -26.9833     -24.8993     -16.1470
                -28.6561     -20.0017     -25.8533     -25.2242     -15.7267
                -14.7951     -30.3411     -27.2924     -20.2879     -43.8805
                -39.3320     -36.0793     -29.2249     -21.8433     -20.2009
                -14.3498     -21.3926     -40.3422     -32.0216     -32.6778
                -42.9935     -23.0228     -36.9425     -14.2068     -17.3727
                -29.3235     -20.7129     -14.2604      -5.0532     -23.8827
                -36.5456     -34.8858     -11.7103     -29.5331     -43.8465
                -36.3795     -32.0000     -30.7440     -35.2169     -28.8735
   1    100     -42.1687     -44.3150     -45.0995     -39.6592     -43.8042
                -37.5884     -37.0630     -36.6559     -34.5518     -25.7415
                -38.3314     -29.6220     -35.5329     -34.8823     -25.3541
                -24.4290     -40.0631     -36.9608     -29.9260     -53.6400
                -49.0689     -45.8023     -38.9517     -31.5004     -29.8444
                -23.9744     -31.0429     -50.0891     -41.7253     -42.3886
                -52.7348     -32.6638     -46.6848     -23.8122     -26.9762
                -39.0369     -30.3751     -23.8797     -14.6410     -33.5676
                -46.2803     -44.6191     -21.2937     -39.2347     -53.5891
                -46.0810     -41.7289     -40.4615     -44.9633     -38.5606
   2      0     -28.9837     -31.0867     -31.8865     -26.3779     -30.6129
                -24.4470     -23.9692     -23.5287     -21.4361     -12.7239
                -25.2320     -16.5748     -22.4149     -21.7736     -12.2978
                -11.3572     -26.8777     -23.8913     -16.8486     -40.4179
                -35.8864     -32.6243     -25.7687     -18.4067     -16.7671
                -10.8894     -17.9521     -36.9050     -28.5935     -29.2556
                -39.5508     -19.5801     -33.4867     -10.8008     -13.9793
                -25.8890     -17.2634     -10.8252      -1.6140     -20.4458
                -33.0969     -31.4342      -8.2917     -26.1132     -40.4146
                -32.9422     -28.5527     -27.2906     -31.7699     -25.4214
   3      0     -28.9864     -31.0901     -31.8987     -26.3896     -30.6450
                -24.4433     -23.9717     -23.5413     -21.4326     -12.7206
                -25.2311     -16.5771     -22.4348     -21.7905     -12.2993
                -11.3615     -26.9000     -23.9162     -16.8406     -40.4223
                -35.8979     -32.6359     -25.7833     -18.4069     -16.7792
                -10.8877     -17.9571     -36.9156     -28.5959     -29.2822
                -39.5496     -19.5943     -33.5150     -10.8160     -13.9961
                -25.9036     -17.2686     -10.8328      -1.6269     -20.4613
                -33.1008     -31.4270      -8.2919     -26.1287     -40.4154
                -32.9503     -28.5705     -27.3052     -31.7604     -25.4316
   4      0     -29.0145     -31.1014     -31.8909     -26.3851     -30.6368
                -24.4635     -24.0042     -23.5531     -21.4516     -12.7519
                -25.2414     -16.5899     -22.4518     -21.8164     -12.3344
                -11.3996     -26.9063     -23.9535     -16.9044     -40.4117
                -35.9064     -32.6720     -25.8268     -18.4604     -16.8144
                -10.8678     -17.9908     -36.9508     -28.6148     -29.3095
                -39.6089     -19.6134     -33.5283     -10.8639     -14.0142
                -25.9273     -17.2942     -10.8447      -1.6484     -20.4951
                -33.0947     -31.4593      -8.3253     -26.1563     -40.4380
                -33.0024     -28.6102     -27.3423     -31.8165     -25.4556
   5      0     -29.0270     -31.1530     -31.9427     -26.4279     -30.6996
                -24.4965     -24.0108     -23.5755     -21.4920     -12.7801
                -25.2845     -16.6225     -22.4779     -21.8710     -12.3525
                -11.4077     -26.9462     -23.9598     -16.9220     -40.4466
                -35.9326     -32.6838     -25.8566     -18.4480     -16.8104
                -10.9155     -18.0074     -36.9521     -28.6389     -29.3226
                -39.6205     -19.6318     -33.5501     -10.8787     -14.0422
                -25.9529     -17.3323     -10.8657      -1.6576     -20.4905
                -33.1289     -31.4679      -8.3514     -26.1611     -40.4947
                -33.0030     -28.6254     -27.3567     -31.8053     -25.4916
   5     60     -29.5476     -31.6747     -32.4639     -26.9539     -31.2177
                -25.0147     -24.5266     -24.0913     -22.0075     -13.2953
                -25.8006     -17.1366     -22.9942     -22.3873     -12.8683
                -11.9256     -27.4649     -24.4737     -17.4384     -40.9628
                -36.4488     -33.2012     -26.3760     -18.9643     -17.3262
                -11.4298     -18.5231     -37.4684     -29.1542     -29.8365
                -40.1346     -20.1462     -34.0675     -11.3917     -14.5549
                -26.4704     -17.8485     -11.3819      -2.1731     -21.0083
                -33.6457     -31.9853      -8.8634     -26.6754     -41.0099
                -33.5177     -29.1425     -27.8748     -32.3234     -26.0086
   5     80     -33.3372     -35.4756     -36.2581     -30.7698     -35.0059
                -28.7867     -28.2836     -27.8522     -25.7639     -17.0387
                -29.5611     -20.8784     -26.7564     -26.1464     -16.6216
                -15.6859     -31.2437     -28.2234     -21.1936     -44.7398
                -40.2225     -36.9774     -30.1591     -22.7194     -21.0795
                -15.1723     -22.2754     -41.2436     -32.9150     -33.5983
                -43.9003     -23.8937     -37.8452     -15.1268     -18.2884
                -30.2451     -21.6072     -15.1318      -5.9133     -24.7769
                -37.4207     -35.7620     -12.5886     -30.4331     -44.7812
                -37.2791     -32.9176     -31.6512     -36.1066     -29.7751
   5    100     -42.2798     -44.4501     -45.2116     -39.7356     -43.9395
                -37.6939     -37.1603     -36.7390     -34.6351     -25.8556
                -38.4543     -29.7207     -35.6586     -35.0262     -25.4727
                -24.5409     -40.1814     -37.1152     -30.0523     -53.7076
                -49.1784     -45.9165     -39.1033     -31.5977     -29.9469
                -24.0162     -31.1467     -50.2053     -41.8361     -42.5307
                -52.8595     -32.7548     -46.8024     -23.9581     -27.1218
                -39.1777     -30.4870     -23.9714     -14.7297     -33.6798
                -46.3700     -44.7064     -21.3955     -39.3547     -53.7426
                -46.2019     -41.8620     -40.5832     -45.0700     -38.6785
 
 
 cumulative average & 95% error for solvation free energy
              total             1st component         2nd component         3rd component
  1   -85.7737             -142.6858               85.9151              -28.9864
  2   -85.7233     0.1007  -144.8998     4.4280    89.2313     6.6324   -30.0382     2.1037
  3   -85.5428     0.3656  -146.9350     4.8067    92.0672     6.8434   -30.6584     1.7360
  4   -86.0220     0.9926  -147.4182     3.5336    91.0040     5.2856   -29.5912     2.4622
  5   -85.0302     2.1275  -146.4857     3.3122    91.2741     4.1297   -29.8020     1.9532
  6   -86.4384     3.3090  -147.8463     3.8365    90.3334     3.8612   -28.9088     2.3946
  7   -86.2274     2.8283  -148.2866     3.3599    90.2794     3.2651   -28.2035     2.4669
  8   -86.6796     2.6110  -148.1013     2.9332    89.0591     3.7353   -27.6208     2.4337
  9   -86.6155     2.3063  -147.7156     2.6994    88.0500     3.8633   -26.9332     2.5490
 10   -86.1971     2.2260  -147.5753     2.4307    86.9068     4.1434   -25.5119     3.6439
 11   -86.3693     2.0428  -147.4958     2.2044    86.6296     3.7886   -25.4864     3.2964
 12   -87.0843     2.3500  -147.6225     2.0282    85.2988     4.3641   -24.7440     3.3556
 13   -87.8056     2.5988  -147.9579     1.9826    84.7353     4.1696   -24.5663     3.1071
 14   -87.5703     2.4516  -147.8237     1.8550    84.6380     3.8652   -24.3681     2.9038
 15   -87.2746     2.3577  -147.2673     2.0544    83.5728     4.1817   -23.5635     3.1460
 16   -87.1551     2.2183  -146.7704     2.1635    82.4328     4.5276   -22.8008     3.3146
 17   -87.3603     2.1238  -146.8949     2.0474    82.5932     4.2651   -23.0420     3.1506
 18   -87.7548     2.1522  -147.1483     1.9957    82.5006     4.0254   -23.0905     2.9720
 19   -87.6133     2.0554  -147.1100     1.8893    82.2749     3.8343   -22.7616     2.8872
 20   -87.9010     2.0330  -147.4385     1.9090    83.1988     4.0800   -23.6446     3.2591
 21   -88.0109     1.9462  -147.4196     1.8162    83.6534     3.9859   -24.2281     3.3124
 22   -88.1838     1.8876  -147.7799     1.8757    84.2231     3.9675   -24.6103     3.2494
 23   -88.3278     1.8265  -147.7816     1.7923    84.1317     3.7955   -24.6613     3.1066
 24   -88.2903     1.7504  -147.8004     1.7164    83.9274     3.6568   -24.4007     3.0196
 25   -88.5047     1.7328  -147.6638     1.6688    83.2716     3.7447   -24.0958     2.9598
 26   -88.5139     1.6649  -147.4362     1.6667    82.5267     3.8940   -23.5878     3.0198
 27   -88.7228     1.6556  -147.8336     1.7900    82.5067     3.7472   -23.3793     2.9355
 28   -88.8177     1.6067  -147.9718     1.7469    83.0335     3.7615   -23.8627     2.9894
 29   -88.8519     1.5518  -147.8848     1.6945    83.0755     3.6304   -24.0259     2.9029
 30   -89.0535     1.5524  -147.5249     1.7883    82.6892     3.5914   -24.2011     2.8263
 31   -89.0183     1.5032  -147.4773     1.7323    83.1719     3.6053   -24.6963     2.9074
 32   -89.1566     1.4815  -147.8211     1.8127    83.2179     3.4920   -24.5368     2.8331
 33   -89.3440     1.4840  -148.0461     1.8136    83.5277     3.4408   -24.8089     2.7993
 34   -89.3572     1.4399  -147.6614     1.9203    82.7183     3.7098   -24.3973     2.8377
 35   -89.2440     1.4163  -147.4412     1.9160    82.3140     3.6919   -24.1002     2.8188
 36   -89.4767     1.4530  -147.6306     1.9001    82.3207     3.5879   -24.1502     2.7412
 37   -89.4708     1.4132  -147.7337     1.8595    82.2438     3.4930   -23.9643     2.6919
 38   -89.3352     1.4021  -147.5898     1.8327    81.8899     3.4727   -23.6187     2.7098
 39   -89.4531     1.3858  -147.6815     1.7944    81.2998     3.5825   -23.0548     2.8702
 40   -89.4058     1.3540  -147.6387     1.7511    81.2395     3.4938   -22.9900     2.8006
 41   -89.5736     1.3626  -147.8271     1.7489    81.5067     3.4492   -23.2366     2.7756
 42   -89.7162     1.3600  -147.9675     1.7297    81.6995     3.3881   -23.4316     2.7366
 43   -89.7034     1.3282  -147.9434     1.6897    81.3361     3.3873   -23.0795     2.7634
 44   -89.8718     1.3407  -148.0515     1.6650    81.3451     3.3094   -23.1488     2.7035
 45   -89.7710     1.3260  -148.0717     1.6280    81.8499     3.3889   -23.5325     2.7519
 46   -89.8700     1.3119  -148.2339     1.6250    82.1178     3.3574   -23.7372     2.7223
 47   -89.9850     1.3041  -148.3012     1.5957    82.1729     3.2871   -23.8401     2.6717
 48   -90.0985     1.2967  -148.4549     1.5921    82.2853     3.2257   -23.9123     2.6194
 49   -90.1054     1.2700  -148.4285     1.5601    82.4122     3.1694   -24.0724     2.5854
 50   -90.0214     1.2556  -148.3810     1.5316    82.4758     3.1079   -24.0996     2.5337
 
 Mesh error is    0.600 kcal/mol
