 ERmod 0.3.7, Copyright (C) 2000-2019 Nobuyuki Matubayasi
                            2010-2019 Shun Sakuraba
 ERmod comes with ABSOLUTELY NO WARRANTY.
 This is free software, and you can redistribute it
 and/or modify it under certain conditions.
 See LICENSE file for details.
 ERmod 0.3.7, Copyright (C) 2000-2019 Nobuyuki Matubayasi
                            2010-2019 Shun Sakuraba
 ERmod comes with ABSOLUTELY NO WARRANTY.
 This is free software, and you can redistribute it
 and/or modify it under certain conditions.
 See LICENSE file for details.
 
  Number of the   1-th solvent  =          109
  Number of the   2-th solvent  =          109
  Number of the   3-th solvent  =        10000
 
  Be sure that the solvent distribution is homogeneous (radial distribution function is essentially unity) when the solvent molecule is separated beyond distance of   10.0 Angstrom in any direction from any atom within the solute molecule
 
  LJ long-range correction    =        -0.0695     -0.0064     -1.3027
 
  Self-energy of the solute   =         0.0013  kcal/mol
 
 
 cumulative average & 95% error for solvation energy
              total             1st component         2nd component         3rd component
  1   -87.8399               -6.9410                3.2861              -84.1863
  2   -88.0513     0.4229    -6.5241     0.8336     0.0721     6.4279   -81.6006     5.1714
  3   -88.0588     0.2446    -6.6689     0.5617    -0.2955     3.7833   -81.0957     3.1519
  4   -88.1074     0.1983    -6.8715     0.5673     0.0270     2.7519   -81.2643     2.2541
  5   -88.0533     0.1879    -6.7009     0.5564     0.1855     2.1550   -81.5393     1.8306
  6   -88.0155     0.1710    -6.7268     0.4572     0.5705     1.9207   -81.8605     1.6269
  7   -87.9906     0.1528    -6.6936     0.3921     0.9747     1.8134   -82.2731     1.6036
  8   -88.0467     0.1734    -6.7669     0.3699     0.3776     1.9730   -81.6587     1.8543
  9   -88.1543     0.2641    -6.7795     0.3271    -0.5678     2.5695   -80.8084     2.3593
 10   -88.1164     0.2481    -6.7673     0.2936    -0.2786     2.3699   -81.0719     2.1750
 
 
 group  inft  solvation free energy     error          difference
  total solvation free energy
   1      0        -17.93270           0.11388           0.02951
   1     60        -17.98918           0.11373          -0.02697
   1     80        -18.44681           0.11364          -0.48460
   1    100        -20.03706           0.11590          -2.07485
   2      0        -17.97397           0.11323          -0.01176
   3      0        -17.96221           0.10857           0.00000
   4      0        -18.01912           0.10686          -0.05691
   5      0        -18.03224           0.10722          -0.07003
   5     60        -18.11536           0.10724          -0.15315
   5     80        -18.68407           0.10759          -0.72186
   5    100        -20.11545           0.10956          -2.15324
 
  contribution from  1-th solvent component
   1      0         -4.54042           0.12719          -0.03973
   1     60         -4.54105           0.12720          -0.04036
   1     80         -4.54685           0.12717          -0.04615
   1    100         -4.56769           0.12711          -0.06700
   2      0         -4.51265           0.12783          -0.01196
   3      0         -4.50069           0.12729          -0.00000
   4      0         -4.49212           0.12800           0.00858
   5      0         -4.48981           0.12704           0.01088
   5     60         -4.49079           0.12704           0.00990
   5     80         -4.49824           0.12702           0.00245
   5    100         -4.51823           0.12697          -0.01754
 
  contribution from  2-th solvent component
   1      0          1.17807           1.18862           0.04686
   1     60          1.18209           1.18868           0.05088
   1     80          1.18678           1.18892           0.05558
   1    100          1.20351           1.18959           0.07230
   2      0          1.15517           1.19700           0.02397
   3      0          1.13121           1.20494           0.00000
   4      0          1.10464           1.20785          -0.02656
   5      0          1.09163           1.20906          -0.03958
   5     60          1.09307           1.20912          -0.03814
   5     80          1.09843           1.20938          -0.03278
   5    100          1.11178           1.21036          -0.01942
 
  contribution from  3-th solvent component
   1      0        -14.57170           1.30431           0.02237
   1     60        -14.63157           1.30429          -0.03749
   1     80        -15.08810           1.30415          -0.49402
   1    100        -16.67422           1.30725          -2.08015
   2      0        -14.61784           1.31070          -0.02377
   3      0        -14.59408           1.30838           0.00000
   4      0        -14.63300           1.30906          -0.03892
   5      0        -14.63541           1.30722          -0.04134
   5     60        -14.71898           1.30728          -0.12491
   5     80        -15.28560           1.30752          -0.69153
   5    100        -16.71035           1.31003          -2.11628
 
 
 group  inft   Estimated free energy: total (kcal/mol)
   1      0     -18.0623     -17.8809     -17.9952     -18.1605     -17.9940
                -17.9874     -17.9814     -17.8294     -17.4893     -17.9467
   1     60     -18.1191     -17.9379     -18.0517     -18.2157     -18.0501
                -18.0433     -18.0379     -17.8867     -17.5458     -18.0036
   1     80     -18.5755     -18.3965     -18.5119     -18.6734     -18.5063
                -18.5005     -18.4937     -18.3456     -18.0032     -18.4615
   1    100     -20.1718     -19.9892     -20.0990     -20.2664     -20.0976
                -20.0899     -20.0860     -19.9315     -19.5843     -20.0550
   2      0     -18.0706     -17.9058     -18.0578     -18.2162     -18.0290
                -17.9774     -18.0465     -17.8698     -17.5415     -18.0251
   3      0     -18.0292     -17.9197     -18.0660     -18.2095     -18.0146
                -17.9264     -18.0198     -17.8658     -17.5533     -18.0178
   4      0     -18.0815     -17.9776     -18.1195     -18.2730     -18.0678
                -17.9853     -18.0549     -17.9175     -17.6235     -18.0905
   5      0     -18.0547     -17.9969     -18.1397     -18.3094     -18.0795
                -17.9840     -18.0882     -17.9245     -17.6509     -18.0945
   5     60     -18.1377     -18.0802     -18.2229     -18.3924     -18.1625
                -18.0669     -18.1713     -18.0075     -17.7340     -18.1780
   5     80     -18.7052     -18.6496     -18.7923     -18.9625     -18.7309
                -18.6345     -18.7402     -18.5770     -18.3015     -18.7470
   5    100     -20.1375     -20.0835     -20.2229     -20.3969     -20.1630
                -20.0626     -20.1740     -20.0083     -19.7238     -20.1822
 
 group  inft   Estimated free energy: 1-th solvent contribution (kcal/mol)
   1      0      -4.6031      -4.2695      -4.6538      -4.8406      -4.1993
                 -4.5470      -4.4186      -4.7651      -4.5827      -4.5245
   1     60      -4.6037      -4.2702      -4.6545      -4.8412      -4.1999
                 -4.5477      -4.4192      -4.7657      -4.5833      -4.5251
   1     80      -4.6095      -4.2762      -4.6601      -4.8469      -4.2057
                 -4.5534      -4.4250      -4.7716      -4.5892      -4.5308
   1    100      -4.6304      -4.2976      -4.6803      -4.8677      -4.2265
                 -4.5742      -4.4459      -4.7926      -4.6104      -4.5514
   2      0      -4.5708      -4.2452      -4.6303      -4.8165      -4.1707
                 -4.5093      -4.3923      -4.7441      -4.5494      -4.4979
   3      0      -4.5601      -4.2363      -4.6159      -4.8016      -4.1592
                 -4.4947      -4.3799      -4.7342      -4.5373      -4.4877
   4      0      -4.5546      -4.2273      -4.6100      -4.7977      -4.1478
                 -4.4847      -4.3720      -4.7209      -4.5326      -4.4735
   5      0      -4.5463      -4.2315      -4.6076      -4.7932      -4.1466
                 -4.4806      -4.3729      -4.7209      -4.5320      -4.4667
   5     60      -4.5472      -4.2325      -4.6086      -4.7942      -4.1476
                 -4.4815      -4.3738      -4.7219      -4.5330      -4.4676
   5     80      -4.5547      -4.2400      -4.6158      -4.8016      -4.1550
                 -4.4890      -4.3813      -4.7294      -4.5405      -4.4750
   5    100      -4.5749      -4.2602      -4.6354      -4.8215      -4.1751
                 -4.5091      -4.4013      -4.7494      -4.5605      -4.4949
 
 group  inft   Estimated free energy: 2-th solvent contribution (kcal/mol)
   1      0       2.9834      -0.2141       0.6041       1.7469       1.7749
                  2.6178       3.1042      -0.6423      -2.6694       2.4752
   1     60       2.9871      -0.2100       0.6083       1.7513       1.7794
                  2.6223       3.1080      -0.6387      -2.6657       2.4789
   1     80       2.9923      -0.2056       0.6124       1.7559       1.7840
                  2.6276       3.1131      -0.6349      -2.6612       2.4842
   1    100       3.0104      -0.1899       0.6280       1.7728       1.8000
                  2.6458       3.1320      -0.6209      -2.6448       2.5017
   2      0       2.9988      -0.2294       0.5491       1.7102       1.7650
                  2.6482       3.0678      -0.6774      -2.7164       2.4358
   3      0       3.0022      -0.2670       0.5078       1.6701       1.7457
                  2.6557       3.0593      -0.7049      -2.7583       2.4015
   4      0       2.9867      -0.2977       0.4847       1.6389       1.7218
                  2.6299       3.0471      -0.7280      -2.7979       2.3609
   5      0       2.9906      -0.3113       0.4687       1.6120       1.7062
                  2.6329       3.0296      -0.7388      -2.8126       2.3390
   5     60       2.9922      -0.3100       0.4700       1.6134       1.7077
                  2.6345       3.0312      -0.7374      -2.8112       2.3404
   5     80       2.9985      -0.3051       0.4748       1.6186       1.7128
                  2.6406       3.0372      -0.7327      -2.8061       2.3457
   5    100       3.0149      -0.2931       0.4862       1.6312       1.7255
                  2.6571       3.0530      -0.7218      -2.7940       2.3588
 
 group  inft   Estimated free energy: 3-th solvent contribution (kcal/mol)
   1      0     -16.4439     -13.3987     -13.9468     -15.0682     -15.5709
                -16.0595     -16.6682     -12.4234     -10.2386     -15.8987
   1     60     -16.5038     -13.4590     -14.0069     -15.1272     -15.6309
                -16.1192     -16.7280     -12.4836     -10.2982     -15.9588
   1     80     -16.9596     -13.9160     -14.4656     -15.5838     -16.0859
                -16.5761     -17.1831     -12.9404     -10.7541     -16.4162
   1    100     -18.5532     -15.5030     -16.0480     -17.1729     -17.6724
                -18.1629     -18.7734     -14.5193     -12.3304     -18.0068
   2      0     -16.5000     -13.4326     -13.9779     -15.1112     -15.6247
                -16.1176     -16.7233     -12.4496     -10.2771     -15.9645
   3      0     -16.4726     -13.4177     -13.9592     -15.0793     -15.6024
                -16.0888     -16.7006     -12.4280     -10.2590     -15.9330
   4      0     -16.5149     -13.4539     -13.9956     -15.1156     -15.6432
                -16.1319     -16.7313     -12.4699     -10.2943     -15.9793
   5      0     -16.5004     -13.4555     -14.0022     -15.1295     -15.6404
                -16.1377     -16.7462     -12.4662     -10.3077     -15.9682
   5     60     -16.5840     -13.5391     -14.0857     -15.2130     -15.7240
                -16.2212     -16.8300     -12.5495     -10.3912     -16.0521
   5     80     -17.1503     -14.1058     -14.6525     -15.7808     -16.2900
                -16.7875     -17.3975     -13.1163     -10.9563     -16.6190
   5    100     -18.5788     -15.5315     -16.0749     -17.2079     -17.7147
                -18.2119     -18.8271     -14.5385     -12.3706     -18.0474
 
 
 cumulative average & 95% error for solvation free energy
              total             1st component         2nd component         3rd component
  1   -18.0292               -4.5601                3.0022              -16.4726
  2   -17.9745     0.1096    -4.3982     0.3238     1.3676     3.2692   -14.9452     3.0549
  3   -18.0050     0.0879    -4.4708     0.2367     1.0810     1.9726   -14.6165     1.8823
  4   -18.0561     0.1197    -4.5535     0.2353     1.2282     1.4256   -14.7322     1.3509
  5   -18.0478     0.0942    -4.4746     0.2410     1.3317     1.1235   -14.9063     1.1028
  6   -18.0276     0.0869    -4.4780     0.1969     1.5524     1.0180   -15.1034     0.9829
  7   -18.0265     0.0735    -4.4640     0.1688     1.7677     0.9621   -15.3315     0.9478
  8   -18.0064     0.0752    -4.4977     0.1610     1.4586     1.0374   -14.9686     1.0958
  9   -17.9560     0.1206    -4.5021     0.1423     0.9901     1.3097   -14.4453     1.4245
 10   -17.9622     0.1086    -4.5007     0.1273     1.1312     1.2049   -14.5941     1.3084
