 ERmod 0.3.8, Copyright (C) 2000-2019 Nobuyuki Matubayasi
                            2010-2019 Shun Sakuraba
 ERmod comes with ABSOLUTELY NO WARRANTY.
 This is free software, and you can redistribute it
 and/or modify it under certain conditions.
 See LICENSE file for details.
 ERmod 0.3.8, Copyright (C) 2000-2019 Nobuyuki Matubayasi
                            2010-2019 Shun Sakuraba
 ERmod comes with ABSOLUTELY NO WARRANTY.
 This is free software, and you can redistribute it
 and/or modify it under certain conditions.
 See LICENSE file for details.
 
  Number of the   1-th solvent  =          792
  Number of the   2-th solvent  =          792
  Number of the   3-th solvent  =        10000
 
  Be sure that the solvent distribution is homogeneous (radial distribution function is essentially unity) when the solvent molecule is separated beyond distance of   10.0 Angstrom in any direction from any atom within the solute molecule
 
  LJ long-range correction    =        -1.3175     -0.2494     -7.0203
 
  Self-energy of the solute   =        -0.0210  kcal/mol
 
 
 cumulative average & 95% error for solvation energy
              total             1st component         2nd component         3rd component
  1  -549.2977             -182.9073             -166.3354             -200.0339
  2  -549.5949     0.5944  -174.3871    17.0405  -170.7567     8.8425  -204.4302     8.7925
  3  -548.9348     1.3642  -172.2456    10.7302  -172.0180     5.6945  -204.6501     5.0954
  4  -546.9034     4.1758  -174.4379     8.7631  -159.9390    24.4913  -212.5055    16.1185
  5  -544.1106     6.4545  -180.0452    13.1090  -141.2557    41.9065  -222.7886    24.0594
  6  -543.0250     5.6998  -183.3903    12.6223  -133.2186    37.8042  -226.3951    20.9268
  7  -543.1713     4.8261  -185.3731    11.3810  -132.2376    32.0105  -225.5396    17.7690
  8  -543.5184     4.2368  -185.7815     9.8900  -134.4301    28.0666  -223.2858    16.0350
  9  -543.5996     3.7400  -185.7147     8.7232  -136.0882    24.9736  -221.7757    14.4604
 10  -542.3240     4.2071  -187.4336     8.5261  -126.7894    29.0657  -228.0800    18.0626
 11  -541.6452     4.0404  -187.2482     7.7210  -123.0313    27.3442  -231.3447    17.5947
 12  -540.3980     4.4526  -188.6267     7.5684  -114.2516    30.5191  -237.4986    20.2350
 13  -539.5096     4.4646  -190.4242     7.8353  -107.6888    30.9904  -241.3757    20.1641
 14  -538.9983     4.2580  -190.4740     7.2547  -104.4919    29.3953  -244.0115    19.3983
 15  -538.3018     4.2016  -191.1846     6.9017   -99.4023    29.1974  -247.6938    19.5029
 16  -537.7789     4.0670  -191.5852     6.5055   -96.2104    28.0478  -249.9623    18.7990
 17  -537.4949     3.8623  -191.8928     6.1417   -94.1757    26.6588  -251.4054    17.8929
 18  -537.6646     3.6572  -192.3902     5.8753   -94.7163    25.1574  -250.5371    16.9587
 19  -537.6047     3.4614  -192.5441     5.5660   -94.1545    23.8230  -250.8850    16.0564
 20  -537.4288     3.3026  -192.7344     5.2941   -92.5747    22.8203  -252.0987    15.4246
 21  -537.1932     3.1765  -193.2877     5.1558   -90.8524    21.9780  -253.0321    14.7900
 22  -536.8539     3.1038  -193.6666     4.9739   -88.4708    21.4898  -254.6956    14.4889
 23  -536.6293     2.9996  -194.1014     4.8317   -86.1651    21.0456  -256.3419    14.2308
 24  -536.1898     3.0034  -195.0423     4.9941   -82.2136    21.6440  -258.9129    14.5629
 25  -536.1705     2.8811  -196.0410     5.1899   -80.8732    20.9326  -259.2352    13.9831
 26  -536.2882     2.7780  -196.4312     5.0470   -81.2904    20.1287  -258.5456    13.5052
 27  -536.2008     2.6789  -196.4150     4.8566   -80.4315    19.4449  -259.3333    13.0905
 28  -536.2173     2.5816  -196.0950     4.7235   -80.8028    18.7523  -259.2985    12.6145
 29  -536.1736     2.4925  -195.8250     4.5896   -81.1301    18.1059  -259.1975    12.1734
 30  -536.2610     2.4143  -195.2513     4.5800   -82.0597    17.5905  -258.9289    11.7729
 31  -536.2524     2.3352  -195.3352     4.4330   -81.9518    17.0150  -258.9444    11.3869
 32  -536.1636     2.2680  -195.3829     4.2933   -81.5074    16.4986  -259.2523    11.0425
 33  -536.0643     2.2072  -195.4720     4.1650   -80.6449    16.0836  -259.9264    10.7872
 34  -535.8053     2.2030  -195.7546     4.0799   -78.9965    15.9479  -261.0333    10.6967
 35  -535.7501     2.1420  -195.8079     3.9631   -78.8307    15.4891  -261.0906    10.3872
 36  -535.4001     2.1962  -196.0781     3.8891   -76.2948    15.8841  -263.0062    10.7971
 37  -535.2348     2.1615  -196.1919     3.7894   -75.1196    15.6267  -263.9024    10.6531
 38  -535.1488     2.1109  -196.3036     3.6951   -74.4933    15.2614  -264.3310    10.4044
 39  -535.3976     2.1154  -196.2243     3.6026   -76.2593    15.2788  -262.8930    10.5343
 40  -535.4967     2.0713  -196.5087     3.5571   -76.6979    14.9177  -262.2691    10.3431
 41  -535.4058     2.0283  -196.7146     3.4937   -76.1485    14.5908  -262.5216    10.1003
 42  -535.3024     1.9902  -197.0053     3.4587   -75.4814    14.3015  -262.7947     9.8720
 43  -535.2796     1.9439  -197.0860     3.3811   -75.7189    13.9730  -262.4537     9.6638
 44  -535.3989     1.9141  -197.2402     3.3178   -76.5654    13.7563  -261.5723     9.6048
 45  -535.5555     1.8971  -196.9153     3.3076   -77.5854    13.6010  -261.0338     9.4505
 46  -535.6688     1.8692  -196.7687     3.2482   -78.4251    13.4077  -260.4540     9.3152
 47  -535.6373     1.8301  -197.0011     3.2121   -77.8714    13.1659  -260.7438     9.1333
 48  -535.5864     1.7945  -197.1296     3.1550   -77.7080    12.8929  -260.7278     8.9410
 49  -535.4975     1.7664  -197.3586     3.1237   -77.0927    12.6869  -261.0252     8.7768
 50  -535.4252     1.7368  -197.2394     3.0699   -76.9528    12.4337  -261.2120     8.6076
 
 
 group  inft  solvation free energy     error          difference
  total solvation free energy
   1      0        -91.70437           1.46396           0.58174
   1     60        -92.09305           1.46351           0.19307
   1     80        -95.31380           1.46012          -3.02768
   1    100       -105.38988           1.45334         -13.10376
   2      0        -91.60328           1.48158           0.68283
   3      0        -92.28612           1.48541           0.00000
   4      0        -91.66135           1.48774           0.62477
   5      0        -92.35651           1.50026          -0.07039
   5     60        -92.89388           1.49968          -0.60777
   5     80        -96.84288           1.49571          -4.55676
   5    100       -106.08576           1.48984         -13.79964
 
  contribution from  1-th solvent component
   1      0       -157.91484           2.07666           0.02504
   1     60       -157.94854           2.07665          -0.00866
   1     80       -158.23813           2.07687          -0.29826
   1    100       -159.12901           2.07872          -1.18914
   2      0       -157.72059           2.09176           0.21929
   3      0       -157.93987           2.09994           0.00000
   4      0       -156.93353           2.10804           1.00634
   5      0       -157.36969           2.11035           0.57018
   5     60       -157.41756           2.11036           0.52231
   5     80       -157.77298           2.11073           0.16689
   5    100       -158.59658           2.11267          -0.65670
 
  contribution from  2-th solvent component
   1      0         37.53779           6.23539           0.59226
   1     60         37.56119           6.23543           0.61567
   1     80         37.67582           6.23605           0.73029
   1    100         37.84612           6.23902           0.90059
   2      0         37.40928           6.22207           0.46375
   3      0         36.94553           6.21508           0.00000
   4      0         36.61630           6.21526          -0.32923
   5      0         36.37732           6.21838          -0.56821
   5     60         36.40076           6.21846          -0.54477
   5     80         36.51668           6.21922          -0.42885
   5    100         36.67199           6.22181          -0.27353
 
  contribution from  3-th solvent component
   1      0         28.69367           4.19014          -0.03555
   1     60         28.31529           4.19092          -0.41393
   1     80         25.26951           4.19732          -3.45971
   1    100         15.91401           4.21481         -12.81522
   2      0         28.72902           4.19004          -0.00021
   3      0         28.72922           4.18946           0.00000
   4      0         28.67688           4.19058          -0.05234
   5      0         28.65686           4.18985          -0.07236
   5     60         28.14392           4.19088          -0.58531
   5     80         24.43442           4.19869          -4.29480
   5    100         15.85982           4.21455         -12.86940
 
 
 group  inft   Estimated free energy: total (kcal/mol)
   1      0     -98.1914     -96.5600     -99.7109     -89.8827     -92.3383
                -87.1953     -99.9758     -90.6067    -101.7929     -89.1673
                -87.4403     -89.0611     -87.5052     -79.1057     -83.4540
                -90.0905     -91.3997     -98.1995     -91.0439     -86.3568
                -90.7029     -89.6528     -91.5405     -86.0927     -93.0047
                -94.4137     -88.5164     -82.5422     -93.4396     -99.4739
                -92.5787     -92.4119     -87.2083     -90.4337     -90.8865
                -90.2204     -90.5993     -81.7761    -104.6064     -96.8724
                -88.3207     -95.3727     -95.2940     -98.7416     -93.2743
                -88.6769     -94.3646     -89.6289     -91.5514     -93.9425
   1     60     -98.5737     -96.9432    -100.0959     -90.2692     -92.7288
                -87.5813    -100.3586     -90.9884    -102.1750     -89.5560
                -87.8284     -89.4528     -87.8943     -79.4957     -83.8455
                -90.4859     -91.7900     -98.5871     -91.4311     -86.7474
                -91.0916     -90.0430     -91.9326     -86.4891     -93.3932
                -94.7997     -88.9072     -82.9293     -93.8287     -99.8646
                -92.9659     -92.8006     -87.5988     -90.8237     -91.2800
                -90.6126     -90.9924     -82.1659    -104.9908     -97.2577
                -88.7112     -95.7661     -95.6816     -99.1274     -93.6612
                -89.0629     -94.7556     -90.0181     -91.9407     -94.3319
   1     80    -101.7428    -100.1211    -103.2851     -93.4710     -95.9608
                -90.7828    -103.5369     -94.1520    -105.3475     -92.7763
                -91.0430     -92.6994     -91.1207     -82.7235     -87.0897
                -93.7577     -95.0250    -101.7991     -94.6389     -89.9859
                -94.3145     -93.2802     -95.1820     -89.7660     -96.6082
                -98.0012     -92.1450     -86.1364     -97.0546    -103.1010
                -96.1794     -96.0249     -90.8317     -94.0540     -94.5322
                -93.8724     -94.2498     -85.3945    -108.1783    -100.4514
                -91.9417     -99.0209     -98.8946    -102.3272     -96.8685
                -92.2629     -97.9877     -93.2388     -95.1664     -97.5645
   1    100    -111.6845    -110.0936    -113.2748    -103.4909    -106.0652
               -100.8026    -113.5075    -104.0646    -115.3124    -102.8381
               -101.0982    -102.8462    -101.2098     -92.7927     -97.2272
               -103.9692    -105.1443    -111.8519    -104.6656    -100.1031
               -104.3975    -103.4087    -105.3376     -99.9933    -106.6667
               -108.0300    -102.2672     -96.1611    -107.1408    -113.2235
               -106.2404    -106.1281    -100.9202    -104.1404    -104.6831
               -104.0859    -104.4336     -95.4654    -118.1921    -110.4654
               -102.0360    -109.1945    -108.9504    -112.3650    -106.9174
               -102.2781    -108.0793    -103.2999    -105.2510    -107.6991
   2      0     -98.0477     -96.3041     -99.3504     -89.6943     -92.2679
                -86.7433     -99.9497     -90.5801    -101.8023     -89.2990
                -87.1601     -89.0583     -87.4166     -78.6671     -83.1489
                -89.8468     -91.3387     -98.0427     -91.2130     -86.1444
                -90.8677     -89.2842     -91.5365     -85.8726     -92.8170
                -94.3123     -88.3975     -82.0748     -93.0498     -99.4021
                -92.6456     -92.5086     -86.9613     -91.0566     -90.5827
                -90.0848     -90.7763     -81.5642    -104.6908     -97.0674
                -88.3642     -95.1824     -94.7497     -98.8827     -93.1255
                -88.4993     -94.5034     -89.7853     -91.6430     -93.8006
   3      0     -98.5135     -96.9944    -100.2324     -90.3242     -92.8104
                -87.1416    -100.6452     -91.2919    -102.6210     -89.9560
                -87.7453     -89.9099     -88.1735     -79.3498     -83.9696
                -90.4182     -92.1087     -98.6770     -91.9158     -86.6336
                -91.6081     -89.8882     -92.1105     -86.5349     -93.6426
                -94.8384     -88.9667     -82.5806     -93.6203    -100.0283
                -93.5106     -93.3778     -87.6045     -91.9504     -91.2505
                -90.9540     -91.3927     -82.1618    -105.4780     -97.6311
                -89.2821     -96.1199     -95.2687     -99.2598     -93.7630
                -89.2655     -95.3851     -90.6375     -92.3412     -94.4213
   4      0     -97.8507     -96.3505     -99.4437     -89.6886     -92.3774
                -86.6328     -99.9406     -90.4827    -101.8068     -89.5425
                -87.1199     -89.2041     -87.4510     -78.5720     -83.1386
                -89.8670     -91.4035     -98.0766     -91.3898     -85.9962
                -90.8841     -89.2630     -91.6287     -85.7964     -92.9974
                -94.4278     -88.5039     -81.9580     -93.0495     -99.4623
                -92.8218     -92.4381     -87.0863     -91.4045     -90.5382
                -90.1248     -90.8469     -81.8595    -104.9006     -97.2272
                -88.4445     -95.4092     -94.7156     -99.0220     -93.1825
                -88.4979     -94.7158     -90.1212     -91.6893     -93.7153
   5      0     -98.6704     -97.1391    -100.2346     -90.3904     -92.9642
                -87.3020    -100.9513     -91.1214    -102.6883     -89.9739
                -87.8560     -89.7540     -88.2936     -79.2451     -83.9900
                -90.2752     -92.1520     -98.4649     -92.1536     -86.6003
                -91.6916     -89.7387     -92.1806     -86.4977     -93.4355
                -94.9595     -88.9224     -82.2899     -93.7865    -100.3528
                -93.4902     -93.2961     -87.8116     -92.3356     -91.5839
                -90.6606     -91.2490     -82.3922    -105.5330     -97.7699
                -89.4421     -96.3801     -95.2167     -99.8553     -93.8869
                -89.1626     -95.5680     -91.1250     -92.6647     -94.3262
   5     60     -99.1993     -97.6687    -100.7672     -90.9255     -93.5033
                -87.8365    -101.4819     -91.6496    -103.2174     -90.5111
                -88.3928     -90.2955     -88.8316     -79.7837     -84.5313
                -90.8213     -92.6910     -99.0009     -92.6889     -87.1408
                -92.2286     -90.2783     -92.7228     -87.0450     -93.9728
                -95.4930     -89.4624     -82.8252     -94.3250    -100.8928
                -94.0254     -93.8332     -88.3524     -92.8755     -92.1273
                -91.2031     -91.7915     -82.9308    -106.0642     -98.3029
                -89.9813     -96.9239     -95.7529    -100.3887     -94.4220
                -89.6963     -96.1084     -91.6625     -93.2038     -94.8643
   5     80    -103.0847    -101.5614    -104.6765     -94.8527     -97.4625
                -91.7626    -105.3827     -95.5292    -107.1095     -94.4594
                -92.3370     -94.2767     -92.7878     -83.7359     -88.5106
                -94.8313     -96.6565    -102.9395     -96.6216     -91.1121
                -96.1775     -94.2476     -96.7083     -91.0641     -97.9169
                -99.4186     -93.4330     -86.7580     -98.2828    -104.8612
                -97.9638     -97.7873     -92.3188     -96.8377     -96.1100
                -95.2033     -95.7824     -86.8867    -109.9728    -102.2191
                -93.9393    -100.9157     -99.6945    -104.3130     -98.3547
                -93.6196    -100.0707     -95.6070     -97.1631     -98.8262
   5    100    -112.2029    -110.7032    -113.8377    -104.0452    -106.7225
               -100.9518    -114.5365    -104.6241    -116.2545    -103.6898
               -101.5663    -103.5845    -102.0448     -92.9621     -97.8128
               -104.1931    -105.9404    -112.1600    -105.8179    -100.3920
               -105.4231    -103.5399    -106.0268    -100.4486    -107.1511
               -108.6172    -102.7168     -95.9532    -107.5374    -114.1454
               -107.1892    -107.0572    -101.5771    -106.0972    -105.4099
               -104.5738    -105.1223     -96.1212    -119.1619    -111.4078
               -103.2015    -110.2477    -108.9220    -113.5236    -107.5707
               -102.8038    -109.3261    -104.8338    -106.4198    -108.1197
 
 group  inft   Estimated free energy: 1-th solvent contribution (kcal/mol)
   1      0    -149.4028    -140.3868    -143.4491    -145.5807    -160.8498
               -155.1114    -161.8995    -149.8813    -157.7585    -164.6124
               -149.4072    -163.6793    -165.3308    -148.2912    -156.4036
               -157.1205    -157.3927    -162.1776    -158.3085    -150.0150
               -163.2067    -159.7636    -162.6259    -165.8548    -170.6995
               -162.4547    -156.3614    -144.9229    -153.5583    -151.7545
               -159.2365    -158.8373    -156.9172    -167.7591    -156.6112
               -164.5919    -160.6302    -154.5022    -161.6882    -167.4138
               -161.6959    -169.2851    -158.3910    -163.1707    -146.0362
               -147.6678    -167.6187    -161.6300    -167.6028    -156.1948
   1     60    -149.4363    -140.4203    -143.4825    -145.6145    -160.8835
               -155.1451    -161.9325    -149.9147    -157.7916    -164.6461
               -149.4410    -163.7133    -165.3644    -148.3253    -156.4375
               -157.1549    -157.4265    -162.2109    -158.3422    -150.0491
               -163.2405    -159.7972    -162.6600    -165.8889    -170.7327
               -162.4882    -156.3955    -144.9567    -153.5918    -151.7884
               -159.2704    -158.8711    -156.9512    -167.7925    -156.6453
               -164.6261    -160.6643    -154.5362    -161.7213    -167.4471
               -161.7296    -169.3185    -158.4246    -163.2043    -146.0700
               -147.7015    -167.6522    -161.6637    -167.6364    -156.2286
   1     80    -149.7223    -140.7052    -143.7675    -145.9029    -161.1739
               -155.4343    -162.2179    -150.2003    -158.0774    -164.9369
               -149.7302    -164.0065    -165.6541    -148.6168    -156.7286
               -157.4487    -157.7175    -162.4982    -158.6315    -150.3400
               -163.5324    -160.0861    -162.9525    -166.1814    -171.0200
               -162.7764    -156.6878    -145.2448    -153.8799    -152.0793
               -159.5625    -159.1615    -157.2418    -168.0817    -156.9379
               -164.9198    -160.9567    -154.8272    -162.0071    -167.7353
               -162.0192    -169.6085    -158.7125    -163.4936    -146.3583
               -147.9894    -167.9425    -161.9537    -167.9273    -156.5188
   1    100    -150.5988    -141.5754    -144.6384    -146.7828    -162.0690
               -156.3247    -163.1029    -151.0769    -158.9641    -165.8366
               -150.6161    -164.9108    -166.5499    -149.5097    -157.6210
               -158.3469    -158.6120    -163.3859    -159.5216    -151.2247
               -164.4342    -160.9740    -163.8521    -167.0795    -171.9109
               -163.6659    -157.5837    -146.1241    -154.7638    -152.9703
               -160.4608    -160.0553    -158.1318    -168.9790    -157.8355
               -165.8251    -161.8570    -155.7179    -162.8944    -168.6303
               -162.9121    -170.5094    -159.5953    -164.3864    -147.2383
               -148.8663    -168.8419    -162.8479    -168.8271    -157.4119
   2      0    -149.2088    -140.1564    -143.2465    -145.4142    -160.6222
               -154.6846    -161.7536    -149.6295    -157.7205    -164.5144
               -149.1477    -163.6115    -165.0503    -147.7330    -155.9745
               -156.9300    -157.2516    -162.0135    -158.2499    -149.7089
               -163.1195    -159.4341    -162.4629    -165.5710    -170.4703
               -162.2464    -156.1874    -144.3989    -153.3174    -151.7040
               -159.1472    -158.7448    -156.7759    -167.7344    -156.3327
               -164.5279    -160.3750    -154.1231    -161.6946    -167.3548
               -161.4734    -169.2187    -158.0565    -163.1174    -145.8921
               -147.4623    -167.4992    -161.4737    -167.4695    -156.0225
   3      0    -149.3789    -140.4141    -143.5209    -145.6119    -160.8660
               -154.7948    -162.0024    -149.7615    -157.9862    -164.6460
               -149.2810    -163.8994    -165.2728    -147.8604    -156.2191
               -157.0865    -157.4221    -162.2747    -158.4728    -149.9543
               -163.3692    -159.5921    -162.7582    -165.7656    -170.7625
               -162.3701    -156.4033    -144.4186    -153.5354    -151.9745
               -159.4668    -159.0641    -156.9954    -168.0374    -156.5604
               -164.8367    -160.5297    -154.2331    -161.9505    -167.6410
               -161.6705    -169.4741    -158.1877    -163.3126    -146.0615
               -147.7055    -167.8296    -161.7927    -167.7567    -156.2123
   4      0    -148.4064    -139.2898    -142.3907    -144.6559    -159.8237
               -153.6338    -161.0727    -148.8328    -156.9248    -163.7718
               -148.2341    -162.8910    -164.1605    -146.5958    -155.1455
               -156.3499    -156.3864    -161.1642    -157.5943    -148.8932
               -162.2469    -158.7124    -161.7991    -164.6974    -169.7188
               -161.6715    -155.3882    -143.2956    -152.5530    -150.9157
               -158.3369    -157.9925    -156.0367    -167.0953    -155.4544
               -163.7318    -159.5607    -153.2839    -161.0871    -166.6208
               -160.5998    -168.5611    -157.3442    -162.4802    -145.1779
               -146.5854    -166.7912    -160.7253    -166.8456    -155.1498
   5      0    -148.8977    -139.7764    -142.8546    -145.1822    -160.1969
               -154.1902    -161.7618    -149.1531    -157.4512    -163.9737
               -148.6185    -163.1810    -164.7483    -147.0423    -155.6352
               -156.4647    -156.8654    -161.4465    -158.0305    -149.3564
               -162.8843    -159.0200    -162.1119    -165.0937    -169.9549
               -161.9302    -155.6773    -143.5329    -152.9548    -151.4499
               -158.8123    -158.5060    -156.6073    -167.6979    -156.1486
               -164.0850    -159.7454    -153.6801    -161.4251    -167.0525
               -161.1836    -169.1453    -157.6454    -162.9857    -145.5945
               -147.0382    -167.3610    -161.4062    -167.4680    -155.4599
   5     60    -148.9449    -139.8235    -142.9019    -145.2300    -160.2447
               -154.2380    -161.8090    -149.2005    -157.4981    -164.0214
               -148.6665    -163.2294    -164.7961    -147.0904    -155.6835
               -156.5133    -156.9135    -161.4940    -158.0784    -149.4048
               -162.9323    -159.0678    -162.1603    -165.1424    -170.0023
               -161.9777    -155.7257    -143.5807    -153.0026    -151.4982
               -158.8605    -158.5540    -156.6556    -167.7458    -156.1968
               -164.1336    -159.7938    -153.7283    -161.4723    -167.0999
               -161.2314    -169.1931    -157.6932    -163.0333    -145.6422
               -147.0858    -167.4088    -161.4540    -167.5159    -155.5077
   5     80    -149.2942    -140.1716    -143.2514    -145.5832    -160.6000
               -154.5924    -162.1610    -149.5518    -157.8485    -164.3773
               -149.0222    -163.5896    -165.1514    -147.4463    -156.0413
               -156.8732    -157.2709    -161.8479    -158.4337    -149.7625
               -163.2897    -159.4229    -162.5201    -165.5035    -170.3555
               -162.3316    -156.0846    -143.9340    -153.3578    -151.8567
               -159.2183    -158.9102    -157.0135    -168.1029    -156.5535
               -164.4946    -160.1532    -154.0856    -161.8243    -167.4537
               -161.5869    -169.5497    -158.0470    -163.3879    -145.9948
               -147.4378    -167.7645    -161.8091    -167.8723    -155.8627
   5    100    -150.1005    -140.9725    -144.0560    -146.3951    -161.4245
               -155.4138    -162.9837    -150.3640    -158.6672    -165.2063
               -149.8432    -164.4268    -165.9790    -148.2667    -156.8676
               -157.7014    -158.0985    -162.6717    -159.2570    -150.5819
               -164.1212    -160.2454    -163.3539    -166.3390    -171.1807
               -163.1540    -156.9130    -144.7460    -154.1787    -152.6840
               -160.0468    -159.7361    -157.8394    -168.9382    -157.3775
               -165.3327    -160.9866    -154.9092    -162.6479    -168.2816
               -162.4128    -170.3841    -158.8643    -164.2116    -146.8052
               -148.2454    -168.5950    -162.6336    -168.7026    -156.6850
 
 group  inft   Estimated free energy: 2-th solvent contribution (kcal/mol)
   1      0      -8.3142     -12.1861     -13.0038      12.2515      41.5465
                 31.4786      14.2275       5.4934       2.9937      57.9031
                 34.1255      66.5557      62.2949      48.3347      62.4358
                 49.2319      44.0815      24.2183      37.3137      42.5270
                 49.5755      56.3400      57.5410      78.4157      50.7334
                 30.2805      48.0813      32.8551      29.7998      19.8203
                 37.7429      41.4319      49.3569      64.8145      36.5806
                 81.7337      58.9316      53.1706       4.0191      30.8650
                 48.8721      50.7532      28.1863      18.3115      12.5201
                 17.9331      49.5210      41.9715      53.8380      39.3838
   1     60      -8.2910     -12.1640     -12.9805      12.2755      41.5691
                 31.5030      14.2515       5.5180       3.0173      57.9275
                 34.1495      66.5796      62.3189      48.3591      62.4594
                 49.2543      44.1037      24.2419      37.3384      42.5504
                 49.5991      56.3636      57.5649      78.4379      50.7572
                 30.3043      48.1048      32.8793      29.8231      19.8422
                 37.7669      41.4541      49.3817      64.8397      36.6029
                 81.7577      58.9539      53.1953       4.0410      30.8885
                 48.8945      50.7752      28.2091      18.3338      12.5432
                 17.9569      49.5455      41.9945      53.8613      39.4057
   1     80      -8.1809     -12.0609     -12.8688      12.3897      41.6779
                 31.6224      14.3678       5.6427       3.1320      58.0535
                 34.2690      66.6989      62.4391      48.4837      62.5777
                 49.3611      44.2111      24.3566      37.4638      42.6641
                 49.7161      56.4793      57.6819      78.5443      50.8763
                 30.4209      48.2208      33.0002      29.9355      19.9448
                 37.8856      41.5615      49.5049      64.9692      36.7076
                 81.8766      59.0625      53.3213       4.1436      31.0064
                 49.0042      50.8785      28.3164      18.4417      12.6529
                 18.0744      49.6682      42.1083      53.9786      39.5079
   1    100      -8.0331     -11.9330     -12.7188      12.5496      41.8271
                 31.8064      14.5408       5.8487       3.2989      58.2664
                 34.4546      66.8843      62.6309      48.6999      62.7631
                 49.5012      44.3634      24.5233      37.6764      42.8285
                 49.9004      56.6537      57.8585      78.6938      51.0609
                 30.5916      48.3969      33.1933      30.0930      20.0738
                 38.0728      41.7072      49.7057      65.1957      36.8396
                 82.0621      59.2200      53.5365       4.2711      31.1880
                 49.1671      51.0111      28.4543      18.5878      12.7992
                 18.2482      49.8644      42.2872      54.1609      39.6329
   2      0      -8.4050     -12.1944     -12.9068      12.2534      41.3438
                 31.4675      14.0749       5.2434       2.8918      57.6382
                 34.1061      66.4486      62.0757      48.1740      62.2777
                 49.2523      43.9759      24.1792      37.0428      42.3991
                 49.3000      56.3537      57.3484      78.3144      50.6644
                 30.1438      47.9815      32.7650      29.9117      19.7978
                 37.5697      41.1944      49.4202      64.1364      36.5693
                 81.7510      58.4687      52.9597       3.9137      30.5735
                 48.5856      50.8352      28.3723      18.0785      12.5015
                 17.8875      49.2339      41.5921      53.5759      39.3257
   3      0      -8.6979     -12.6327     -13.5004      11.8049      41.0140
                 31.1709      13.6376       4.6567       2.3641      57.0954
                 33.6692      65.8806      61.5213      47.6296      61.6929
                 48.8228      43.3808      23.7958      36.5650      42.1616
                 48.8210      55.9149      57.0513      77.8357      50.1181
                 29.7331      47.6202      32.2724      29.5693      19.4619
                 37.0201      40.6459      48.9924      63.5594      36.1267
                 81.2008      57.9919      52.4792       3.3789      30.2813
                 47.8744      50.1737      28.0066      17.8975      12.0319
                 17.3753      48.6566      41.0963      53.1595      38.8979
   4      0      -8.9503     -13.0480     -13.8039      11.5381      40.4728
                 30.5910      13.4370       4.5849       2.1363      56.6689
                 33.2837      65.6417      61.2008      47.1805      61.5001
                 48.6913      43.1029      23.3389      36.2708      41.7960
                 48.4583      55.7190      56.6296      77.5681      49.8034
                 29.4825      47.1187      31.8279      29.2033      19.0019
                 36.6505      40.5511      48.6258      63.2302      35.7754
                 80.9762      57.6155      51.9017       3.1274      29.7260
                 47.6968      50.0094      27.7684      17.3446      11.7870
                 17.0819      48.3916      40.5696      52.9578      38.5818
   5      0      -9.2503     -13.3383     -14.1022      11.3917      40.2293
                 30.4824      13.1610       4.2840       1.8111      56.4835
                 32.9722      65.4097      60.9414      46.9486      61.1802
                 48.4328      42.8381      23.2613      35.9766      41.6561
                 48.2948      55.5636      56.3984      77.3092      49.6151
                 29.2525      47.0150      31.7614      28.8801      18.6775
                 36.4729      40.2462      48.4845      62.9177      35.4268
                 80.8024      57.4142      51.7698       2.8758      29.5958
                 47.2925      49.6501      27.5835      17.0471      11.5316
                 16.8874      48.1173      40.2815      52.6197      38.3124
   5     60      -9.2275     -13.3164     -14.0790      11.4151      40.2522
                 30.5062      13.1846       4.3089       1.8342      56.5084
                 32.9959      65.4337      60.9654      46.9734      61.2038
                 48.4552      42.8606      23.2849      36.0017      41.6795
                 48.3190      55.5873      56.4224      77.3315      49.6388
                 29.2765      47.0387      31.7857      28.9031      18.6992
                 36.4972      40.2684      48.5088      62.9435      35.4490
                 80.8263      57.4372      51.7954       2.8979      29.6193
                 47.3153      49.6719      27.6058      17.0693      11.5544
                 16.9114      48.1421      40.3052      52.6424      38.3340
   5     80      -9.1184     -13.2131     -13.9670      11.5288      40.3629
                 30.6250      13.3010       4.4380       1.9485      56.6371
                 33.1158      65.5546      61.0870      47.1037      61.3236
                 48.5623      42.9700      23.4009      36.1317      41.7935
                 48.4401      55.7046      56.5399      77.4379      49.7588
                 29.3948      47.1562      31.9094      29.0152      18.8017
                 36.6197      40.3751      48.6329      63.0777      35.5538
                 80.9455      57.5485      51.9277       3.0013      29.7377
                 47.4279      49.7744      27.7116      17.1766      11.6646
                 17.0299      48.2673      40.4240      52.7579      38.4352
   5    100      -8.9837     -13.0935     -13.8284      11.6740      40.5016
                 30.7906      13.4577       4.6276       2.0964      56.8285
                 33.2812      65.7234      61.2593      47.3037      61.4914
                 48.6926      43.1114      23.5533      36.3264      41.9442
                 48.6109      55.8642      56.6984      77.5751      49.9231
                 29.5519      47.3177      32.0873      29.1578      18.9223
                 36.7926      40.5062      48.8126      63.2830      35.6771
                 81.1137      57.6932      52.1282       3.1195      29.8999
                 47.5764      49.8973      27.8358      17.3081      11.7992
                 17.1883      48.4462      40.5881      52.9181      38.5499
 
 group  inft   Estimated free energy: 3-th solvent contribution (kcal/mol)
   1      0      59.5467      56.0340      56.7630      43.4675      26.9860
                 36.4585      47.7172      53.8022      52.9929      17.5630
                 27.8624       8.0835      15.5517      20.8718      10.5348
                 17.8190      21.9324      39.7807      29.9719      21.1522
                 22.9493      13.7918      13.5654       1.3674      26.9823
                 37.7816      19.7846      29.5466      30.3399      32.4813
                 28.9359      25.0145      20.3730      12.5319      29.1651
                 -7.3411      11.1203      19.5765      53.0837      39.6974
                 24.5241      23.1801      34.9316      46.1386      40.2629
                 41.0788      23.7541      30.0506      22.2345      22.8894
   1     60      59.1746      55.6620      56.3881      43.0908      26.6066
                 36.0817      47.3434      53.4293      52.6203      17.1836
                 27.4841       7.7018      15.1722      20.4915      10.1536
                 17.4357      21.5538      39.4029      29.5937      20.7722
                 22.5708      13.4116      13.1835       0.9829      26.6033
                 37.4053      19.4045      29.1690      29.9610      32.1026
                 28.5587      24.6374      19.9917      12.1501      28.7834
                 -7.7233      10.7389      19.1960      52.7105      39.3219
                 24.1449      22.7983      34.5549      45.7641      39.8866
                 40.7027      23.3722      29.6721      21.8554      22.5120
   1     80      56.1815      52.6660      53.3722      40.0632      23.5561
                 33.0501      44.3342      50.4266      49.6189      14.1281
                 24.4391       4.6292      12.1153      17.4306       7.0822
                 14.3509      18.5024      36.3634      26.5498      17.7111
                 19.5228      10.3475      10.1095      -2.1079      23.5565
                 34.3754      16.3430      26.1292      26.9108      29.0545
                 25.5185      21.5961      16.9262       9.0795      25.7190
                -10.8081       7.6654      16.1325      49.7062      36.2985
                 21.0943      19.7301      31.5225      42.7458      36.8579
                 37.6731      20.3076      26.6275      18.8033      19.4675
   1    100      46.9683      43.4357      44.1034      30.7634      14.1977
                 23.7367      35.0757      41.1847      40.3738       4.7531
                 15.0843      -4.7987       2.7302       8.0382      -2.3483
                  4.8975       9.1253      27.0318      17.2007       8.3141
                 10.1574       0.9327       0.6770     -11.5866      14.2044
                 25.0654       6.9406      16.7907      17.5509      19.6941
                 16.1685      12.2409       7.5269      -0.3360      16.3338
                -20.3019      -1.7756       6.7370      40.4521      26.9978
                 11.7301      10.3248      22.2115      33.4545      27.5427
                 28.3610      10.9193      17.2817       9.4362      10.1008
   2      0      59.5871      56.0676      56.8239      43.4874      27.0315
                 36.4948      47.7500      53.8270      53.0474      17.5982
                 27.9025       8.1256      15.5790      20.9129      10.5689
                 17.8519      21.9580      39.8126      30.0151      21.1864
                 22.9729      13.8172      13.5990       1.4050      27.0099
                 37.8113      19.8294      29.5801      30.3768      32.5250
                 28.9529      25.0627      20.4155      12.5624      29.2017
                 -7.2868      11.1510      19.6202      53.1111      39.7350
                 24.5446      23.2221      34.9555      46.1772      40.2860
                 41.0965      23.7829      30.1173      22.2716      22.9173
   3      0      59.5843      56.0735      56.8099      43.5038      27.0626
                 36.5032      47.7406      53.8339      53.0221      17.6156
                 27.8875       8.1299      15.5991      20.9020      10.5776
                 17.8665      21.9536      39.8229      30.0130      21.1801
                 22.9611      13.8100      13.6175       1.4160      27.0228
                 37.8197      19.8374      29.5866      30.3668      32.5053
                 28.9572      25.0613      20.4195      12.5486      29.2042
                 -7.2971      11.1661      19.6130      53.1146      39.7495
                 24.5350      23.2014      34.9333      46.1763      40.2876
                 41.0857      23.8089      30.0799      22.2770      22.9142
   4      0      59.5271      56.0084      56.7719      43.4502      26.9944
                 36.4310      47.7161      53.7862      53.0027      17.5814
                 27.8515       8.0662      15.5297      20.8643      10.5278
                 17.8127      21.9010      39.7697      29.9548      21.1220
                 22.9255      13.7514      13.5617       1.3539      26.9389
                 37.7821      19.7866      29.5307      30.3211      32.4725
                 28.8856      25.0243      20.3456      12.4816      29.1618
                 -7.3482      11.1193      19.5437      53.0800      39.6886
                 24.4794      23.1635      34.8812      46.1346      40.2295
                 41.0267      23.7048      30.0555      22.2194      22.8737
   5      0      59.4986      55.9966      56.7432      43.4212      27.0244
                 36.4268      47.6704      53.7688      52.9728      17.5372
                 27.8113       8.0383      15.5343      20.8696      10.4860
                 17.7776      21.8963      39.7413      29.9214      21.1209
                 22.9189      13.7386      13.5539       1.3078      26.9254
                 37.7393      19.7609      29.5027      30.3091      32.4406
                 28.8702      24.9848      20.3322      12.4656      29.1589
                 -7.3570      11.1032      19.5391      53.0372      39.7078
                 24.4700      23.1360      34.8662      46.1042      40.1970
                 41.0091      23.6967      30.0208      22.2047      22.8423
   5     60      58.9941      55.4921      56.2347      42.9104      26.5102
                 35.9163      47.1635      53.2630      52.4676      17.0229
                 27.2987       7.5212      15.0200      20.3543       9.9694
                 17.2578      21.3830      39.2292      29.4088      20.6055
                 22.4057      13.2232      13.0361       0.7869      26.4117
                 37.2293      19.2456      28.9908      29.7954      31.9273
                 28.3588      24.4734      19.8154      11.9479      28.6415
                 -7.8749      10.5862      19.0232      52.5313      39.1987
                 23.9558      22.6183      34.3554      45.5962      39.6868
                 40.4991      23.1793      29.5074      21.6906      22.3304
   5     80      55.3490      51.8443      52.5628      39.2228      22.7956
                 32.2258      43.4983      49.6055      48.8115      13.3018
                 23.5905       3.7792      11.2976      16.6277       6.2281
                 13.5007      17.6654      35.5284      25.7015      16.8778
                 18.6932       9.4917       9.2929      -2.9776      22.7007
                 33.5391      15.5164      25.2876      26.0809      28.2147
                 24.6558      20.7688      16.0828       8.2085      24.9107
                -11.6332       6.8433      15.2922      48.8712      35.5179
                 20.2408      18.8807      30.6620      41.9193      35.9965
                 36.8092      19.4475      25.7991      17.9723      18.6222
   5    100      46.9023      43.3838      44.0678      30.6969      14.2214
                 23.6923      35.0105      41.1333      40.3373       4.7090
                 15.0167      -4.8601       2.6959       8.0220      -2.4156
                  4.8366       9.0676      26.9794      17.1337       8.2667
                 10.1083       0.8623       0.6496     -11.6636      14.1275
                 25.0059       6.8995      16.7264      17.5045      19.6373
                 16.0861      12.1938       7.4706      -0.4210      16.3114
                -20.3339      -1.8079       6.6808      40.3875      26.9949
                 11.6559      10.2601      22.1275      33.4010      27.4564
                 28.2742      10.8438      17.2326       9.3857      10.0364
 
 
 cumulative average & 95% error for solvation free energy
              total             1st component         2nd component         3rd component
  1   -98.5135             -149.3789               -8.6979               59.5843
  2   -97.7539     1.5191  -144.8965     8.9647   -10.6653     3.9348    57.8289     3.5108
  3   -98.5801     1.8707  -144.4380     5.2564   -11.6103     2.9552    57.4892     2.1378
  4   -96.5161     4.3347  -144.7314     3.7629    -5.7565    11.8926    53.9928     7.1542
  5   -95.7750     3.6703  -147.9584     7.0815     3.5976    20.8533    48.6068    12.1140
  6   -94.3361     4.1548  -149.0978     6.2149     8.1931    19.3490    46.5895    10.6822
  7   -95.2374     3.9471  -150.9413     6.4174     8.9709    16.4267    46.7540     9.0341
  8   -94.7442     3.5577  -150.7938     5.5655     8.4316    14.2667    47.6390     8.0215
  9   -95.6194     3.5929  -151.5930     5.1620     7.7575    12.6541    48.2371     7.1747
 10   -95.0531     3.4073  -152.8983     5.3040    12.6913    15.0157    45.1749     8.8706
 11   -94.3887     3.3563  -152.5694     4.8425    14.5984    14.1076    43.6034     8.6175
 12   -94.0155     3.1535  -153.5136     4.8070    18.8719    15.4566    40.6472     9.8407
 13   -93.5661     3.0368  -154.4182     4.7776    22.1526    15.6590    38.7205     9.8382
 14   -92.5506     3.4683  -153.9497     4.5213    23.9724    14.9473    37.4477     9.4574
 15   -91.9786     3.4256  -154.1010     4.2200    26.4871    14.7962    35.6564     9.5054
 16   -91.8811     3.2102  -154.2876     3.9650    27.8831    14.1193    34.5445     9.1653
 17   -91.8944     3.0156  -154.4720     3.7427    28.7947    13.3875    33.8039     8.7358
 18   -92.2713     2.9413  -154.9055     3.6336    28.5170    12.6341    34.1383     8.2633
 19   -92.2525     2.7825  -155.0932     3.4575    28.9406    11.9807    33.9211     7.8284
 20   -91.9716     2.6988  -154.8363     3.3201    29.6016    11.4425    33.2841     7.5352
 21   -91.9543     2.5673  -155.2426     3.2609    30.5168    11.0368    32.7925     7.2345
 22   -91.8604     2.4551  -155.4403     3.1342    31.6713    10.7735    31.9297     7.1104
 23   -91.8712     2.3460  -155.7585     3.0617    32.7748    10.5284    31.1335     6.9783
 24   -91.6489     2.2897  -156.1755     3.0476    34.6523    10.7568    29.8953     7.1254
 25   -91.7286     2.2020  -156.7589     3.1475    35.2709    10.3915    29.7804     6.8383
 26   -91.8482     2.1291  -156.9748     3.0547    35.0579     9.9929    30.0896     6.5991
 27   -91.7415     2.0598  -156.9536     2.9397    35.5232     9.6606    29.7099     6.3952
 28   -91.4143     2.0900  -156.5059     2.9709    35.4071     9.3121    29.7055     6.1626
 29   -91.4904     2.0223  -156.4035     2.8739    35.2058     8.9943    29.7283     5.9465
 30   -91.7750     2.0350  -156.2559     2.7921    34.6810     8.7525    29.8208     5.7478
 31   -91.8310     1.9714  -156.3594     2.7085    34.7565     8.4668    29.7930     5.5596
 32   -91.8793     1.9113  -156.4440     2.6279    34.9405     8.2062    29.6451     5.3912
 33   -91.7498     1.8705  -156.4607     2.5473    35.3663     7.9991    29.3655     5.2551
 34   -91.7557     1.8147  -156.8012     2.5633    36.1955     7.9355    28.8709     5.1933
 35   -91.7413     1.7623  -156.7943     2.4890    36.1936     7.7054    28.8805     5.0427
 36   -91.7194     1.7132  -157.0177     2.4598    37.4438     7.8947    27.8755     5.2968
 37   -91.7106     1.6663  -157.1126     2.3999    37.9991     7.7583    27.4239     5.2302
 38   -91.4593     1.6980  -157.0368     2.3408    38.3802     7.5898    27.2184     5.1073
 39   -91.8187     1.8034  -157.1628     2.2939    37.4827     7.6074    27.8824     5.1488
 40   -91.9640     1.7816  -157.4248     2.2964    37.3027     7.4235    28.1790     5.0534
 41   -91.8986     1.7425  -157.5283     2.2492    37.5605     7.2585    28.0902     4.9318
 42   -91.9991     1.7123  -157.8127     2.2675    37.8608     7.1090    27.9738     4.8186
 43   -92.0752     1.6789  -157.8215     2.2143    37.6317     6.9568    28.1356     4.7163
 44   -92.2385     1.6725  -157.9463     2.1777    37.1832     6.8558    28.5456     4.6803
 45   -92.2723     1.6363  -157.6822     2.1933    36.6242     6.7943    28.8066     4.6048
 46   -92.2070     1.6057  -157.4653     2.1885    36.2058     6.6975    29.0735     4.5351
 47   -92.2746     1.5770  -157.6858     2.1864    36.4707     6.5748    28.9615     4.4432
 48   -92.2405     1.5453  -157.7713     2.1472    36.5671     6.4392    28.9848     4.3499
 49   -92.2425     1.5134  -157.9751     2.1420    36.9057     6.3427    28.8479     4.2690
 50   -92.2861     1.4854  -157.9399     2.0999    36.9455     6.2151    28.7292     4.1895
 
 Mesh error is    0.683 kcal/mol
