 ERmod 0.3.7, Copyright (C) 2000-2019 Nobuyuki Matubayasi
                            2010-2019 Shun Sakuraba
 ERmod comes with ABSOLUTELY NO WARRANTY.
 This is free software, and you can redistribute it
 and/or modify it under certain conditions.
 See LICENSE file for details.
 ERmod 0.3.7, Copyright (C) 2000-2019 Nobuyuki Matubayasi
                            2010-2019 Shun Sakuraba
 ERmod comes with ABSOLUTELY NO WARRANTY.
 This is free software, and you can redistribute it
 and/or modify it under certain conditions.
 See LICENSE file for details.
 
  Number of the   1-th solvent  =          109
  Number of the   2-th solvent  =          109
  Number of the   3-th solvent  =        10000
 
  Be sure that the solvent distribution is homogeneous (radial distribution function is essentially unity) when the solvent molecule is separated beyond distance of   10.0 Angstrom in any direction from any atom within the solute molecule
 
  LJ long-range correction    =        -0.0470     -0.0043     -0.8819
 
  Self-energy of the solute   =        -0.0002  kcal/mol
 
 
 cumulative average & 95% error for solvation energy
              total             1st component         2nd component         3rd component
  1   -59.4592               -4.6169                0.1431              -54.9851
  2   -59.5879     0.2574    -4.9822     0.7306     0.3437     0.4013   -54.9492     0.0719
  3   -59.6345     0.1755    -5.4569     1.0389     0.7812     0.9051   -54.9586     0.0456
  4   -59.5360     0.2328    -5.4860     0.7369     1.2562     1.1456   -55.3060     0.6957
  5   -59.8236     0.6028    -5.3931     0.6003    -0.6427     3.9002   -53.7876     3.0843
  6   -59.8339     0.4926    -5.4264     0.4947    -0.6962     3.1863   -53.7110     2.5230
  7   -59.7786     0.4307    -5.6905     0.6735    -0.1105     2.9366   -53.9774     2.1979
  8   -59.7361     0.3826    -5.6282     0.5965    -0.0607     2.5451   -54.0470     1.9085
  9   -59.7038     0.3435    -5.5414     0.5539     0.0750     2.2610   -54.2372     1.7256
 10   -59.6658     0.3166    -5.5826     0.5023     0.2769     2.0622   -54.3598     1.5628
 
 
 group  inft  solvation free energy     error          difference
  total solvation free energy
   1      0        -12.13039           0.47896           0.08661
   1     60        -12.18176           0.47919           0.03524
   1     80        -12.52230           0.48033          -0.30529
   1    100        -13.66275           0.48710          -1.44575
   2      0        -12.18769           0.50283           0.02931
   3      0        -12.21700           0.51199           0.00000
   4      0        -12.19599           0.51612           0.02102
   5      0        -12.19087           0.52039           0.02613
   5     60        -12.25938           0.52097          -0.04238
   5     80        -12.68074           0.52313          -0.46374
   5    100        -13.73751           0.53006          -1.52051
 
  contribution from  1-th solvent component
   1      0         -3.73059           0.22201          -0.05150
   1     60         -3.73116           0.22202          -0.05206
   1     80         -3.73472           0.22203          -0.05562
   1    100         -3.74971           0.22210          -0.07062
   2      0         -3.69196           0.22717          -0.01287
   3      0         -3.67910           0.23244           0.00000
   4      0         -3.66248           0.23028           0.01661
   5      0         -3.65153           0.23552           0.02757
   5     60         -3.65241           0.23553           0.02669
   5     80         -3.65787           0.23554           0.02122
   5    100         -3.67221           0.23559           0.00689
 
  contribution from  2-th solvent component
   1      0          1.09817           1.00068           0.10129
   1     60          1.09842           1.00070           0.10153
   1     80          1.10260           1.00080           0.10572
   1    100          1.11074           1.00097           0.11386
   2      0          1.03201           1.00152           0.03512
   3      0          0.99689           1.00615           0.00000
   4      0          0.97042           1.00296          -0.02646
   5      0          0.96979           1.00569          -0.02709
   5     60          0.97070           1.00571          -0.02619
   5     80          0.97402           1.00583          -0.02287
   5    100          0.97986           1.00611          -0.01703
 
  contribution from  3-th solvent component
   1      0         -9.49772           1.36815           0.03682
   1     60         -9.54878           1.36839          -0.01423
   1     80         -9.88994           1.36975          -0.35539
   1    100        -11.02354           1.37722          -1.48899
   2      0         -9.52750           1.37666           0.00705
   3      0         -9.53455           1.38148           0.00000
   4      0         -9.50368           1.37963           0.03087
   5      0         -9.50889           1.38083           0.02565
   5     60         -9.57743           1.38142          -0.04288
   5     80         -9.99664           1.38379          -0.46209
   5    100        -11.04492           1.39122          -1.51037
 
 
 group  inft   Estimated free energy: total (kcal/mol)
   1      0     -12.4501     -12.5878     -12.5746     -12.1713     -10.2561
                -11.3486     -12.5506     -12.6064     -12.3733     -12.3849
   1     60     -12.5010     -12.6395     -12.6260     -12.2226     -10.3065
                -11.3998     -12.6021     -12.6586     -12.4252     -12.4364
   1     80     -12.8413     -12.9807     -12.9670     -12.5632     -10.6415
                -11.7402     -12.9432     -12.9991     -12.7674     -12.7794
   1    100     -13.9850     -14.1240     -14.1112     -13.7099     -11.7504
                -12.8768     -14.0909     -14.1419     -13.9126     -13.9247
   2      0     -12.4994     -12.6642     -12.6224     -12.2125     -10.1863
                -11.4376     -12.6366     -12.6902     -12.4766     -12.4510
   3      0     -12.5216     -12.6825     -12.6492     -12.2343     -10.1759
                -11.4639     -12.6953     -12.7400     -12.5315     -12.4757
   4      0     -12.5114     -12.6624     -12.6431     -12.2257     -10.1385
                -11.4332     -12.6789     -12.7152     -12.5035     -12.4479
   5      0     -12.5118     -12.6442     -12.6350     -12.2172     -10.1087
                -11.4391     -12.6843     -12.7232     -12.4916     -12.4535
   5     60     -12.5805     -12.7134     -12.7040     -12.2857     -10.1747
                -11.5072     -12.7532     -12.7922     -12.5607     -12.5222
   5     80     -13.0031     -13.1368     -13.1258     -12.7075     -10.5862
                -11.9276     -13.1759     -13.2145     -12.9847     -12.9455
   5    100     -14.0622     -14.1982     -14.1852     -13.7692     -11.6127
                -12.9771     -14.2378     -14.2745     -14.0487     -14.0095
 
 group  inft   Estimated free energy: 1-th solvent contribution (kcal/mol)
   1      0      -3.3036      -3.6433      -4.0910      -3.6623      -3.5209
                 -3.6578      -4.5182      -3.6266      -3.4314      -3.8509
   1     60      -3.3042      -3.6438      -4.0916      -3.6627      -3.5215
                 -3.6584      -4.5189      -3.6273      -3.4319      -3.8514
   1     80      -3.3080      -3.6475      -4.0950      -3.6658      -3.5251
                 -3.6620      -4.5226      -3.6310      -3.4353      -3.8549
   1    100      -3.3231      -3.6624      -4.1098      -3.6796      -3.5405
                 -3.6771      -4.5382      -3.6461      -3.4502      -3.8700
   2      0      -3.2757      -3.6207      -4.0589      -3.6280      -3.3952
                 -3.6310      -4.4945      -3.6008      -3.4005      -3.8142
   3      0      -3.2687      -3.6027      -4.0558      -3.6149      -3.3427
                 -3.6183      -4.4991      -3.5962      -3.3895      -3.8031
   4      0      -3.2623      -3.6005      -4.0381      -3.6017      -3.3089
                 -3.6014      -4.4716      -3.5718      -3.3837      -3.7849
   5      0      -3.2529      -3.5832      -4.0356      -3.5990      -3.2723
                 -3.5888      -4.4761      -3.5643      -3.3640      -3.7793
   5     60      -3.2538      -3.5840      -4.0365      -3.5998      -3.2732
                 -3.5896      -4.4770      -3.5652      -3.3648      -3.7801
   5     80      -3.2593      -3.5895      -4.0419      -3.6047      -3.2788
                 -3.5952      -4.4827      -3.5708      -3.3703      -3.7855
   5    100      -3.2737      -3.6039      -4.0562      -3.6182      -3.2932
                 -3.6096      -4.4974      -3.5852      -3.3847      -3.8000
 
 group  inft   Estimated free energy: 2-th solvent contribution (kcal/mol)
   1      0       1.0513       1.2038       1.7235       2.4511      -3.0339
                  0.5364       2.4901       1.0165       1.6045       1.9384
   1     60       1.0517       1.2038       1.7238       2.4517      -3.0337
                  0.5366       2.4904       1.0168       1.6048       1.9384
   1     80       1.0559       1.2080       1.7282       2.4562      -3.0298
                  0.5406       2.4946       1.0208       1.6088       1.9426
   1    100       1.0639       1.2159       1.7368       2.4652      -3.0221
                  0.5482       2.5029       1.0292       1.6162       1.9513
   2      0       1.0048       1.1451       1.6824       2.4047      -3.0972
                  0.4424       2.4094       0.9410       1.5079       1.8795
   3      0       0.9804       1.1137       1.6611       2.3836      -3.1547
                  0.4132       2.3619       0.8977       1.4541       1.8578
   4      0       0.9545       1.1013       1.6244       2.3460      -3.1723
                  0.3906       2.3186       0.8671       1.4355       1.8384
   5      0       0.9476       1.1041       1.6302       2.3513      -3.1811
                  0.3811       2.3242       0.8653       1.4373       1.8379
   5     60       0.9484       1.1050       1.6311       2.3523      -3.1802
                  0.3820       2.3251       0.8662       1.4381       1.8390
   5     80       0.9517       1.1084       1.6347       2.3562      -3.1773
                  0.3852       2.3283       0.8693       1.4411       1.8425
   5    100       0.9575       1.1142       1.6414       2.3632      -3.1723
                  0.3905       2.3342       0.8748       1.4463       1.8488
 
 group  inft   Estimated free energy: 3-th solvent contribution (kcal/mol)
   1      0     -10.1976     -10.1481     -10.2069     -10.9599      -3.7011
                 -8.2270     -10.5223      -9.9961     -10.5462     -10.4721
   1     60     -10.2483     -10.1992     -10.2580     -11.0113      -3.7511
                 -8.2778     -10.5734     -10.0478     -10.5978     -10.5231
   1     80     -10.5890     -10.5410     -10.6000     -11.3534      -4.0863
                 -8.6186     -10.9149     -10.3887     -10.9406     -10.8669
   1    100     -11.7256     -11.6772     -11.7380     -12.4953      -5.1875
                 -9.7477     -12.0553     -11.5248     -12.0784     -12.0057
   2      0     -10.2283     -10.1885     -10.2456     -10.9890      -3.6937
                 -8.2487     -10.5513     -10.0301     -10.5837     -10.5161
   3      0     -10.2331     -10.1933     -10.2543     -11.0027      -3.6783
                 -8.2586     -10.5579     -10.0413     -10.5958     -10.5301
   4      0     -10.2034     -10.1630     -10.2292     -10.9699      -3.6571
                 -8.2221     -10.5256     -10.0102     -10.5551     -10.5012
   5      0     -10.2063     -10.1650     -10.2294     -10.9692      -3.6551
                 -8.2313     -10.5322     -10.0239     -10.5647     -10.5120
   5     60     -10.2749     -10.2342     -10.2983     -11.0380      -3.7211
                 -8.2994     -10.6010     -10.0929     -10.6338     -10.5808
   5     80     -10.6952     -10.6554     -10.7184     -11.4588      -4.1299
                 -8.7173     -11.0213     -10.5127     -11.0553     -11.0022
   5    100     -11.7457     -11.7082     -11.7703     -12.5140      -5.1469
                 -9.7578     -12.0744     -11.5638     -12.1101     -12.0581
 
 
 cumulative average & 95% error for solvation free energy
              total             1st component         2nd component         3rd component
  1   -12.5216               -3.2687                0.9804              -10.2331
  2   -12.6021     0.1610    -3.4357     0.3340     1.0471     0.1333   -10.2132     0.0398
  3   -12.6178     0.0981    -3.6424     0.4562     1.2518     0.4166   -10.2269     0.0358
  4   -12.5219     0.2039    -3.6355     0.3229     1.5347     0.6380   -10.4209     0.3887
  5   -12.0527     0.9516    -3.5770     0.2762     0.5968     1.9398    -9.0724     2.7138
  6   -11.9546     0.8014    -3.5838     0.2259     0.5662     1.5850    -8.9367     2.2323
  7   -12.0604     0.7096    -3.7146     0.3238     0.8228     1.4345    -9.1683     1.9427
  8   -12.1453     0.6376    -3.6998     0.2820     0.8321     1.2424    -9.2774     1.6965
  9   -12.1883     0.5688    -3.6653     0.2580     0.9012     1.1044    -9.4239     1.5246
 10   -12.2170     0.5120    -3.6791     0.2324     0.9969     1.0062    -9.5345     1.3815
