 ERmod 0.3.7, Copyright (C) 2000-2019 Nobuyuki Matubayasi
                            2010-2019 Shun Sakuraba
 ERmod comes with ABSOLUTELY NO WARRANTY.
 This is free software, and you can redistribute it
 and/or modify it under certain conditions.
 See LICENSE file for details.
 ERmod 0.3.7, Copyright (C) 2000-2019 Nobuyuki Matubayasi
                            2010-2019 Shun Sakuraba
 ERmod comes with ABSOLUTELY NO WARRANTY.
 This is free software, and you can redistribute it
 and/or modify it under certain conditions.
 See LICENSE file for details.
 
  Number of the   1-th solvent  =          109
  Number of the   2-th solvent  =          109
  Number of the   3-th solvent  =        10000
 
  Be sure that the solvent distribution is homogeneous (radial distribution function is essentially unity) when the solvent molecule is separated beyond distance of   10.0 Angstrom in any direction from any atom within the solute molecule
 
  LJ long-range correction    =        -0.0121     -0.0023     -0.4680
 
  Self-energy of the solute   =        -0.0008  kcal/mol
 
 
 cumulative average & 95% error for solvation energy
              total             1st component         2nd component         3rd component
  1   -30.2798               -2.3955                0.5445              -28.4281
  2   -30.4585     0.3573    -2.6919     0.5929    -0.6948     2.4786   -27.0710     2.7142
  3   -30.3931     0.2442    -1.8463     1.7256    -0.6593     1.4328   -27.8867     2.2622
  4   -30.5380     0.3373    -1.6422     1.2866    -2.2335     3.3073   -26.6615     2.9263
  5   -30.6574     0.3539    -1.8146     1.0546    -2.9585     2.9437   -25.8835     2.7494
  6   -30.6386     0.2914    -1.8801     0.8710    -2.8094     2.4219   -25.9483     2.2486
  7   -30.5614     0.2907    -1.7605     0.7740    -2.3471     2.2461   -26.4529     2.1519
  8   -30.5229     0.2632    -1.6487     0.7066    -2.1903     1.9703   -26.6830     1.9195
  9   -30.5164     0.2325    -1.6519     0.6232    -2.0964     1.7477   -26.7673     1.7012
 10   -30.5740     0.2377    -1.6333     0.5586    -2.5228     1.7808   -26.4170     1.6752
 
 
 group  inft  solvation free energy     error          difference
  total solvation free energy
   1      0         -5.36081           0.10724          -0.01192
   1     60         -5.38154           0.10736          -0.03265
   1     80         -5.54663           0.10779          -0.19774
   1    100         -6.21072           0.11008          -0.86183
   2      0         -5.35242           0.10784          -0.00353
   3      0         -5.34889           0.11022           0.00000
   4      0         -5.33651           0.11315           0.01237
   5      0         -5.33984           0.10967           0.00905
   5     60         -5.36686           0.10977          -0.01797
   5     80         -5.57710           0.11045          -0.22822
   5    100         -6.19409           0.11248          -0.84521
 
  contribution from  1-th solvent component
   1      0         -1.09996           0.27149          -0.06052
   1     60         -1.09997           0.27149          -0.06053
   1     80         -1.10235           0.27153          -0.06291
   1    100         -1.10885           0.27162          -0.06941
   2      0         -1.05953           0.27388          -0.02009
   3      0         -1.03944           0.27563           0.00000
   4      0         -1.02419           0.27453           0.01525
   5      0         -1.01955           0.27544           0.01989
   5     60         -1.01967           0.27543           0.01977
   5     80         -1.02216           0.27543           0.01727
   5    100         -1.02907           0.27546           0.01037
 
  contribution from  2-th solvent component
   1      0         -0.94057           0.86271           0.03071
   1     60         -0.94049           0.86264           0.03079
   1     80         -0.93809           0.86268           0.03319
   1    100         -0.93262           0.86278           0.03866
   2      0         -0.96222           0.86213           0.00906
   3      0         -0.97128           0.86157           0.00000
   4      0         -0.97851           0.85876          -0.00723
   5      0         -0.98064           0.85943          -0.00936
   5     60         -0.98068           0.85938          -0.00940
   5     80         -0.97939           0.85943          -0.00811
   5    100         -0.97655           0.85963          -0.00527
 
  contribution from  3-th solvent component
   1      0         -3.31946           0.99536           0.01789
   1     60         -3.34026           0.99544          -0.00291
   1     80         -3.50537           0.99606          -0.16802
   1    100         -4.16842           0.99947          -0.83107
   2      0         -3.32985           0.99817           0.00750
   3      0         -3.33735           1.00037           0.00000
   4      0         -3.33299           0.99772           0.00436
   5      0         -3.33883           0.99708          -0.00148
   5     60         -3.36569           0.99713          -0.02833
   5     80         -3.57474           0.99805          -0.23738
   5    100         -4.18765           1.00108          -0.85030
 
 
 group  inft   Estimated free energy: total (kcal/mol)
   1      0      -5.4897      -5.5533      -5.2988      -5.2707      -5.2501
                 -5.2435      -5.3713      -5.6223      -5.4490      -5.0593
   1     60      -5.5107      -5.5740      -5.3196      -5.2912      -5.2707
                 -5.2643      -5.3923      -5.6432      -5.4699      -5.0796
   1     80      -5.6771      -5.7393      -5.4852      -5.4551      -5.4343
                 -5.4300      -5.5579      -5.8090      -5.6351      -5.2431
   1    100      -6.3477      -6.4019      -6.1546      -6.1134      -6.0925
                 -6.0932      -6.2262      -6.4782      -6.3005      -5.8991
   2      0      -5.4758      -5.5311      -5.2761      -5.2591      -5.2573
                 -5.2275      -5.3690      -5.6218      -5.4568      -5.0497
   3      0      -5.4854      -5.5358      -5.2794      -5.2474      -5.2304
                 -5.2135      -5.3689      -5.6208      -5.4534      -5.0539
   4      0      -5.4921      -5.5328      -5.2472      -5.2299      -5.2198
                 -5.2188      -5.3488      -5.6086      -5.4374      -5.0297
   5      0      -5.4985      -5.5284      -5.2507      -5.2245      -5.2271
                 -5.2231      -5.3606      -5.6006      -5.4362      -5.0489
   5     60      -5.5257      -5.5554      -5.2778      -5.2513      -5.2539
                 -5.2502      -5.3876      -5.6278      -5.4633      -5.0755
   5     80      -5.7378      -5.7655      -5.4894      -5.4603      -5.4622
                 -5.4606      -5.5985      -5.8395      -5.6740      -5.2833
   5    100      -6.3601      -6.3811      -6.1111      -6.0729      -6.0739
                 -6.0763      -6.2187      -6.4617      -6.2919      -5.8933
 
 group  inft   Estimated free energy: 1-th solvent contribution (kcal/mol)
   1      0      -1.4489      -1.7579      -0.2843      -0.8366      -1.4850
                 -1.3380      -0.8522      -0.8056      -1.1854      -1.0057
   1     60      -1.4489      -1.7579      -0.2843      -0.8366      -1.4851
                 -1.3380      -0.8523      -0.8056      -1.1853      -1.0057
   1     80      -1.4513      -1.7604      -0.2863      -0.8391      -1.4874
                 -1.3404      -0.8546      -0.8084      -1.1877      -1.0079
   1    100      -1.4582      -1.7666      -0.2922      -0.8457      -1.4943
                 -1.3469      -0.8612      -0.8152      -1.1938      -1.0144
   2      0      -1.4092      -1.7134      -0.2365      -0.8034      -1.4638
                 -1.2853      -0.7987      -0.7532      -1.1621      -0.9697
   3      0      -1.4026      -1.7030      -0.2260      -0.7716      -1.4436
                 -1.2573      -0.7636      -0.7270      -1.1472      -0.9524
   4      0      -1.3866      -1.6808      -0.2146      -0.7624      -1.4352
                 -1.2470      -0.7466      -0.7214      -1.1288      -0.9184
   5      0      -1.3921      -1.6661      -0.2033      -0.7491      -1.4332
                 -1.2484      -0.7423      -0.7203      -1.1227      -0.9181
   5     60      -1.3922      -1.6662      -0.2035      -0.7492      -1.4333
                 -1.2485      -0.7424      -0.7204      -1.1228      -0.9182
   5     80      -1.3947      -1.6686      -0.2058      -0.7518      -1.4358
                 -1.2511      -0.7449      -0.7232      -1.1251      -0.9207
   5    100      -1.4017      -1.6753      -0.2122      -0.7589      -1.4429
                 -1.2580      -0.7519      -0.7305      -1.1315      -0.9276
 
 group  inft   Estimated free energy: 2-th solvent contribution (kcal/mol)
   1      0       0.5201      -0.8744       0.1052      -3.0881      -2.6121
                 -0.7747       0.5941      -0.2934      -0.3290      -2.6533
   1     60       0.5201      -0.8744       0.1052      -3.0878      -2.6120
                 -0.7746       0.5941      -0.2935      -0.3290      -2.6529
   1     80       0.5225      -0.8720       0.1076      -3.0856      -2.6098
                 -0.7723       0.5964      -0.2907      -0.3265      -2.6504
   1    100       0.5280      -0.8665       0.1134      -3.0802      -2.6060
                 -0.7665       0.6020      -0.2854      -0.3209      -2.6441
   2      0       0.5097      -0.8878       0.0921      -3.1035      -2.6406
                 -0.8001       0.5568      -0.3273      -0.3490      -2.6724
   3      0       0.5025      -0.8964       0.0879      -3.1157      -2.6329
                 -0.8078       0.5343      -0.3403      -0.3508      -2.6937
   4      0       0.4780      -0.9146       0.0946      -3.1096      -2.6321
                 -0.8258       0.5261      -0.3408      -0.3606      -2.7003
   5      0       0.4784      -0.9231       0.0922      -3.1137      -2.6320
                 -0.8207       0.5182      -0.3398      -0.3569      -2.7089
   5     60       0.4783      -0.9232       0.0921      -3.1137      -2.6321
                 -0.8207       0.5181      -0.3400      -0.3570      -2.7087
   5     80       0.4797      -0.9218       0.0934      -3.1125      -2.6313
                 -0.8191       0.5197      -0.3389      -0.3559      -2.7072
   5    100       0.4826      -0.9192       0.0969      -3.1103      -2.6299
                 -0.8155       0.5230      -0.3366      -0.3529      -2.7036
 
 group  inft   Estimated free energy: 3-th solvent contribution (kcal/mol)
   1      0      -4.5602      -2.9201      -5.1188      -1.3452      -1.1522
                 -3.1299      -5.1123      -4.5224      -3.9338      -1.3995
   1     60      -4.5811      -2.9409      -5.1397      -1.3659      -1.1728
                 -3.1508      -5.1332      -4.5434      -3.9547      -1.4202
   1     80      -4.7475      -3.1061      -5.3057      -1.5296      -1.3363
                 -3.3165      -5.2989      -4.7091      -4.1200      -1.5840
   1    100      -5.4166      -3.7679      -5.9750      -2.1868      -1.9913
                 -3.9789      -5.9661      -5.3768      -4.7849      -2.2398
   2      0      -4.5755      -2.9291      -5.1309      -1.3515      -1.1521
                 -3.1412      -5.1263      -4.5404      -3.9448      -1.4067
   3      0      -4.5844      -2.9355      -5.1405      -1.3593      -1.1532
                 -3.1476      -5.1387      -4.5527      -3.9546      -1.4069
   4      0      -4.5827      -2.9365      -5.1263      -1.3570      -1.1518
                 -3.1452      -5.1275      -4.5455      -3.9472      -1.4101
   5      0      -4.5840      -2.9383      -5.1387      -1.3609      -1.1611
                 -3.1532      -5.1357      -4.5396      -3.9558      -1.4210
   5     60      -4.6110      -2.9652      -5.1656      -1.3877      -1.1877
                 -3.1802      -5.1625      -4.5665      -3.9827      -1.4477
   5     80      -4.8219      -3.1742      -5.3762      -1.5952      -1.3944
                 -3.3896      -5.3724      -4.7766      -4.1922      -1.6546
   5    100      -5.4402      -3.7857      -5.9950      -2.2030      -2.0002
                 -4.0019      -5.9890      -5.3937      -4.8066      -2.2613
 
 
 cumulative average & 95% error for solvation free energy
              total             1st component         2nd component         3rd component
  1    -5.4854               -1.4026                0.5025               -4.5844
  2    -5.5106     0.0503    -1.5528     0.3003    -0.1970     1.3989    -3.7600     1.6489
  3    -5.4335     0.1568    -1.1105     0.9014    -0.1020     0.8297    -4.2202     1.3241
  4    -5.3870     0.1448    -1.0258     0.6595    -0.8554     1.6170    -3.5050     1.7096
  5    -5.3557     0.1284    -1.1094     0.5375    -1.2109     1.4403    -3.0346     1.6244
  6    -5.3320     0.1151    -1.1340     0.4416    -1.1437     1.1836    -3.0534     1.3268
  7    -5.3373     0.0978    -1.0811     0.3880    -0.9040     1.1093    -3.3513     1.2698
  8    -5.3727     0.1105    -1.0368     0.3474    -0.8335     0.9710    -3.5015     1.1400
  9    -5.3817     0.0991    -1.0491     0.3074    -0.7799     0.8630    -3.5518     1.0104
 10    -5.3489     0.1102    -1.0394     0.2756    -0.9713     0.8616    -3.3374     1.0004
