 ERmod 0.3.8, Copyright (C) 2000-2019 Nobuyuki Matubayasi
                            2010-2019 Shun Sakuraba
 ERmod comes with ABSOLUTELY NO WARRANTY.
 This is free software, and you can redistribute it
 and/or modify it under certain conditions.
 See LICENSE file for details.
 ERmod 0.3.8, Copyright (C) 2000-2019 Nobuyuki Matubayasi
                            2010-2019 Shun Sakuraba
 ERmod comes with ABSOLUTELY NO WARRANTY.
 This is free software, and you can redistribute it
 and/or modify it under certain conditions.
 See LICENSE file for details.
 
  Number of the   1-th solvent  =          368
  Number of the   2-th solvent  =          368
  Number of the   3-th solvent  =        10000
 
  Be sure that the solvent distribution is homogeneous (radial distribution function is essentially unity) when the solvent molecule is separated beyond distance of   10.0 Angstrom in any direction from any atom within the solute molecule
 
  LJ long-range correction    =        -0.6509     -0.1232     -7.4645
 
  Self-energy of the solute   =        -0.0013  kcal/mol
 
 
 cumulative average & 95% error for solvation energy
              total             1st component         2nd component         3rd component
  1  -487.6167              -95.8077              -17.0326             -374.7751
  2  -490.2423     5.2513   -95.4374     0.7407   -32.8127    31.5603  -361.9909    25.5683
  3  -490.2075     3.0326   -96.5454     2.2570   -30.3227    18.8896  -363.3381    15.0057
  4  -489.5123     2.5557   -96.3012     1.6690   -26.6872    15.2078  -366.5226    12.3754
  5  -488.9803     2.2475   -98.0207     3.6739   -20.5991    16.9418  -370.3592    12.2788
  6  -488.4680     2.1018   -98.2058     3.0225   -16.4874    16.0927  -373.7735    12.1302
  7  -488.0131     1.9957   -97.8626     2.6451   -15.3115    13.8026  -374.8377    10.4705
  8  -487.2441     2.3136   -97.9517     2.2976   -10.6187    15.1979  -378.6724    11.8761
  9  -488.3565     3.0187   -97.6670     2.1048   -18.0260    19.9779  -372.6623    15.9432
 10  -488.0602     2.7643   -97.9710     1.9783   -15.8805    18.3768  -374.2075    14.5911
 11  -487.7408     2.5807   -98.0854     1.8040   -14.7542    16.7744  -374.8999    13.2706
 12  -487.4597     2.4220   -97.8590     1.7080   -14.2309    15.3486  -375.3686    12.1505
 13  -487.0299     2.3880   -97.7900     1.5772   -11.6206    15.0529  -377.6180    12.0483
 14  -486.6236     2.3555   -97.3281     1.7279    -9.1016    14.8189  -380.1926    12.2857
 15  -486.9235     2.2734   -96.4818     2.3350   -11.8509    14.8511  -378.5895    11.8783
 16  -487.0221     2.1357   -96.5344     2.1867   -12.1121    13.9018  -378.3743    11.1195
 17  -487.2345     2.0506   -96.4847     2.0565   -13.1106    13.2102  -377.6380    10.5482
 18  -487.6577     2.1105   -96.7714     2.0219   -15.9040    13.6504  -374.9810    11.2756
 19  -488.0712     2.1608   -96.9620     1.9501   -18.2469    13.7359  -372.8610    11.4775
 20  -488.3327     2.1156   -96.7927     1.8808   -20.4524    13.7573  -371.0863    11.4524
 21  -488.2353     2.0218   -96.7596     1.7902   -19.7932    13.1521  -371.6812    10.9582
 22  -488.1982     1.9291   -96.6325     1.7257   -19.5209    12.5518  -372.0435    10.4734
 23  -488.1557     1.8453   -96.7728     1.6727   -18.9705    12.0441  -372.4111    10.0346
 24  -488.0961     1.7707   -96.8613     1.6112   -18.6094    11.5540  -372.6242     9.6169
 25  -488.0550     1.7004   -96.9567     1.5572   -18.0824    11.1322  -373.0147     9.2572
 26  -488.0678     1.6339   -96.8026     1.5275   -18.0196    10.6962  -373.2443     8.9059
 27  -488.0320     1.5738   -96.9167     1.4874   -17.2163    10.4170  -373.8976     8.6687
 28  -488.3292     1.6289   -96.9137     1.4334   -19.4726    11.0057  -371.9417     9.2240
 29  -488.2613     1.5776   -96.9500     1.3850   -18.8074    10.7025  -372.5027     8.9707
 30  -488.2374     1.5249   -96.9591     1.3381   -18.4709    10.3614  -372.8060     8.6877
 31  -488.1889     1.4781   -97.0394     1.3041   -17.9538    10.0749  -373.1944     8.4386
 32  -488.0999     1.4421   -96.9997     1.2652   -17.4883     9.7993  -373.6107     8.2130
 33  -488.3046     1.4565   -97.0641     1.2331   -18.7759     9.8407  -372.4632     8.2844
 34  -488.3050     1.4130   -97.1883     1.2217   -18.9218     9.5513  -372.1936     8.0551
 35  -488.2995     1.3721   -97.0873     1.2034   -19.2023     9.2913  -372.0085     7.8304
 36  -488.2409     1.3385   -97.1682     1.1806   -18.8678     9.0543  -372.2036     7.6198
 37  -488.2818     1.3044   -97.2365     1.1563   -18.9779     8.8090  -372.0661     7.4161
 38  -488.2058     1.2787   -97.1890     1.1295   -18.5111     8.6247  -372.5044     7.2713
 39  -487.9301     1.3621   -97.2183     1.1017   -16.8136     9.0607  -373.8969     7.6103
 40  -487.7469     1.3772   -97.2021     1.0743   -15.6302     9.1430  -374.9134     7.6912
 41  -487.5235     1.4155   -97.3103     1.0699   -14.0040     9.4918  -376.2079     7.9355
 42  -487.4269     1.3949   -97.4353     1.0736   -13.6479     9.2904  -376.3424     7.7489
 43  -487.3688     1.3670   -97.4898     1.0540   -13.2652     9.1040  -376.6125     7.5858
 44  -487.4795     1.3538   -97.5523     1.0374   -13.7671     8.9511  -376.1588     7.4667
 45  -487.4885     1.3235   -97.5868     1.0164   -13.8360     8.7510  -376.0644     7.3014
 46  -487.6593     1.3387   -97.5042     1.0077   -14.8783     8.8089  -375.2755     7.3131
 47  -488.0535     1.5289   -97.5323     0.9876   -17.3948     9.9813  -373.1251     8.3488
 48  -488.3504     1.6102   -97.3539     1.0305   -19.1704    10.3964  -371.8247     8.5768
 49  -488.6729     1.7038   -97.3042     1.0142   -21.2508    10.9993  -370.1167     9.0680
 50  -488.7527     1.6770   -97.3756     1.0039   -21.7258    10.8189  -369.6500     8.9337
 
 
 group  inft  solvation free energy     error          difference
  total solvation free energy
   1      0        -74.60647           1.63775           0.27584
   1     60        -74.89730           1.63792          -0.01498
   1     80        -77.54802           1.63869          -2.66571
   1    100        -86.76140           1.65170         -11.87909
   2      0        -74.96931           1.63385          -0.08700
   3      0        -74.88231           1.64568           0.00000
   4      0        -75.14602           1.62765          -0.26371
   5      0        -75.92526           1.64413          -1.04295
   5     60        -76.30926           1.64432          -1.42695
   5     80        -79.61938           1.64513          -4.73706
   5    100        -88.09580           1.65852         -13.21348
 
  contribution from  1-th solvent component
   1      0        -79.95652           0.76225          -0.50898
   1     60        -79.96759           0.76223          -0.52005
   1     80        -80.07056           0.76197          -0.62302
   1    100        -80.42525           0.76179          -0.97771
   2      0        -79.63811           0.77607          -0.19057
   3      0        -79.44754           0.78158           0.00000
   4      0        -79.78629           0.78213          -0.33875
   5      0        -80.20923           0.78273          -0.76169
   5     60        -80.22327           0.78268          -0.77573
   5     80        -80.34807           0.78229          -0.90053
   5    100        -80.67501           0.78213          -1.22747
 
  contribution from  2-th solvent component
   1      0         25.03757           5.36391           0.79063
   1     60         25.03898           5.36383           0.79204
   1     80         25.13526           5.36475           0.88832
   1    100         25.31927           5.36787           1.07233
   2      0         24.36250           5.34940           0.11556
   3      0         24.24694           5.33260           0.00000
   4      0         24.35691           5.34096           0.10997
   5      0         24.03264           5.33238          -0.21429
   5     60         24.04861           5.33247          -0.19832
   5     80         24.14530           5.33335          -0.10164
   5    100         24.32801           5.33579           0.08107
 
  contribution from  3-th solvent component
   1      0        -19.68624           5.82382          -0.00582
   1     60        -19.96740           5.82437          -0.28697
   1     80        -22.61143           5.82780          -2.93100
   1    100        -31.65414           5.84848         -11.97371
   2      0        -19.69242           5.82728          -0.01199
   3      0        -19.68043           5.82583           0.00000
   4      0        -19.71537           5.82862          -0.03494
   5      0        -19.74739           5.82964          -0.06696
   5     60        -20.13333           5.83032          -0.45290
   5     80        -23.41532           5.83440          -3.73489
   5    100        -31.74751           5.85414         -12.06708
 
 
 group  inft   Estimated free energy: total (kcal/mol)
   1      0     -71.8275     -73.7903     -72.1773     -72.7813     -73.8251
                -72.0797     -82.5207     -85.1888     -70.8018     -77.3566
                -75.7947     -79.5392     -87.2454     -88.8294     -75.8121
                -67.7680     -74.8499     -69.8694     -69.0255     -68.6803
                -69.4698     -70.9391     -74.6645     -72.0530     -72.2681
                -70.7345     -69.1466     -75.3944     -70.5297     -69.5528
                -69.5489     -68.7344     -71.9165     -67.4105     -70.3386
                -72.5009     -67.9746     -75.8959     -86.8860     -89.1607
                -86.8480     -79.0107     -75.8983     -72.3549     -73.6690
                -74.9526     -77.5233     -75.0864     -78.3134     -71.7843
   1     60     -72.1181     -74.0821     -72.4698     -73.0738     -74.1167
                -72.3718     -82.8151     -85.4823     -71.0897     -77.6505
                -76.0896     -79.8344     -87.5412     -89.1181     -76.1020
                -68.0593     -75.1409     -70.1571     -69.3156     -68.9681
                -69.7611     -71.2303     -74.9556     -72.3433     -72.5593
                -71.0270     -69.4374     -75.6805     -70.8211     -69.8464
                -69.8405     -69.0252     -72.2069     -67.7019     -70.6298
                -72.7902     -68.2645     -76.1876     -87.1790     -89.4534
                -87.1412     -79.3059     -76.1910     -72.6466     -73.9601
                -75.2429     -77.8017     -75.3680     -78.5974     -72.0730
   1     80     -74.7694     -76.7488     -75.1325     -75.7390     -76.7805
                -75.0230     -85.4875     -88.1442     -73.7366     -80.3031
                -78.7562     -82.5069     -90.2128     -91.7584     -78.7509
                -70.6995     -77.8011     -72.7959     -71.9627     -71.6109
                -72.4119     -73.8923     -77.6083     -74.9938     -75.2111
                -73.6907     -72.0814     -78.3107     -73.4724     -72.5110
                -72.4849     -71.6606     -74.8609     -70.3366     -73.2850
                -75.4436     -70.9044     -78.8419     -89.8462     -92.1093
                -89.7907     -81.9759     -78.8566     -75.3093     -76.6184
                -77.8928     -80.3817     -77.9699     -81.2079     -74.7210
   1    100     -83.9765     -85.9728     -84.3506     -84.9855     -86.0435
                -84.2464     -94.7824     -97.4614     -82.8957     -89.5393
                -87.9948     -91.7944     -99.5485    -101.0810     -87.9651
                -79.8567     -87.0256     -81.9274     -81.1059     -80.7622
                -81.6242     -83.1361     -86.8247     -84.2060     -84.4290
                -82.9304     -81.2731     -87.4367     -82.6882     -81.7455
                -81.6666     -80.8212     -84.0357     -79.4535     -82.4952
                -84.6668     -80.0558     -88.0841     -99.2235    -101.4635
                -99.1124     -91.2725     -88.1251     -84.5210     -85.8515
                -87.0692     -89.3587     -87.0239     -90.2643     -83.8961
   2      0     -72.3314     -73.9636     -72.6124     -73.4219     -74.4397
                -72.8430     -82.6145     -85.6196     -71.0391     -77.5903
                -75.9205     -79.7518     -87.6988     -89.3667     -75.7703
                -68.0117     -75.6291     -70.2185     -69.2027     -69.0629
                -70.1017     -71.6860     -75.5358     -72.5289     -72.7242
                -71.0585     -69.3989     -75.4736     -71.1553     -69.8667
                -69.9097     -69.0423     -72.0245     -67.6365     -70.7573
                -73.1011     -68.2750     -76.5175     -87.1937     -89.5618
                -87.2216     -78.8028     -76.2536     -72.7681     -74.2375
                -75.0032     -77.5294     -75.4421     -78.5226     -72.0270
   3      0     -72.1906     -73.8839     -72.5545     -73.2859     -74.4560
                -72.9105     -82.5093     -85.5946     -70.9454     -77.6407
                -75.7905     -79.6038     -87.7651     -89.4042     -75.4754
                -67.8258     -75.4983     -70.0713     -69.0750     -69.0805
                -70.1614     -71.6412     -75.5891     -72.4749     -72.7084
                -71.1279     -69.3097     -75.3266     -71.0662     -69.6969
                -69.8087     -69.0286     -71.8282     -67.3591     -70.4999
                -73.0006     -68.2116     -76.5593     -87.2912     -89.5792
                -87.3836     -78.4735     -76.1342     -72.5867     -74.2156
                -74.8400     -77.3150     -75.2081     -78.4071     -71.7219
   4      0     -72.5013     -74.0977     -72.8997     -73.6112     -74.7806
                -73.1582     -82.6970     -85.8410     -71.2094     -77.6253
                -75.9924     -79.7334     -87.7716     -89.5945     -75.6168
                -68.1308     -75.9762     -70.3957     -69.3782     -69.3368
                -70.5749     -72.0405     -75.7988     -72.8353     -73.1324
                -71.3628     -69.3540     -75.6455     -71.5075     -69.9848
                -69.9872     -69.3247     -72.2641     -67.8359     -70.9634
                -73.3708     -68.3598     -77.0607     -87.3671     -89.6538
                -87.4289     -78.8181     -76.3079     -72.8449     -74.4403
                -75.0611     -77.7891     -75.2840     -78.5236     -72.0314
   5      0     -73.0245     -74.7979     -73.6411     -74.4941     -75.7115
                -73.9300     -83.5648     -86.6282     -71.8042     -78.6136
                -76.7362     -80.6353     -88.6048     -90.5891     -76.6533
                -68.9258     -76.8819     -71.0563     -70.1595     -69.9839
                -71.5374     -72.5299     -76.6098     -73.6957     -73.9560
                -72.2990     -70.1401     -76.2759     -72.1353     -70.6365
                -70.8141     -69.9714     -73.0530     -68.5907     -71.5921
                -74.1237     -69.1379     -77.6855     -88.2236     -90.5701
                -88.5016     -79.4909     -77.0583     -73.6820     -75.2093
                -75.7558     -78.5582     -75.9999     -79.3043     -72.6892
   5     60     -73.4080     -75.1846     -74.0277     -74.8805     -76.0972
                -74.3141     -83.9538     -87.0145     -72.1858     -78.9996
                -77.1253     -81.0250     -88.9945     -90.9702     -77.0365
                -69.3087     -77.2664     -71.4369     -70.5425     -70.3652
                -71.9212     -72.9155     -76.9935     -74.0791     -74.3400
                -72.6849     -70.5230     -76.6552     -72.5200     -71.0236
                -71.1978     -70.3535     -73.4378     -68.9744     -71.9770
                -74.5071     -69.5202     -78.0699     -88.6093     -90.9552
                -88.8867     -79.8805     -77.4451     -74.0679     -75.5940
                -76.1392     -78.9284     -76.3739     -79.6806     -73.0715
   5     80     -76.7214     -78.5128     -77.3524     -78.2090     -79.4264
                -77.6280     -87.2812     -90.3387     -75.4892     -82.3107
                -80.4500     -84.3586     -92.3252     -94.2717     -80.3422
                -72.6086     -80.5896     -74.7313     -73.8473     -73.6681
                -75.2347     -76.2444     -80.3104     -77.3902     -77.6533
                -76.0121     -73.8256     -79.9373     -75.8352     -74.3513
                -74.4994     -73.6444     -76.7510     -72.2629     -75.2939
                -77.8218     -72.8194     -81.3859     -91.9389     -94.2719
                -92.1965     -83.2071     -80.7721     -77.3931     -78.9150
                -79.4469     -82.1495     -79.6248     -82.9404     -76.3771
   5    100     -85.1924     -86.9950     -85.8322     -86.7148     -87.9559
                -86.1161     -95.8262     -98.9229     -83.9083     -90.8049
                -88.9452     -92.9028    -100.9199    -102.8646     -88.8186
                -81.0255     -89.0766     -83.1285     -82.2492     -82.0890
                -83.7163     -84.7595     -88.7978     -85.8665     -86.1286
                -84.5153     -82.2761     -88.3276     -84.3221     -82.8418
                -82.9360     -82.0665     -85.1873     -80.6414     -83.7665
                -86.3153     -81.2364     -89.8933    -100.5720    -102.8911
               -100.7820     -91.7649     -89.3024     -85.8674     -87.4113
                -87.8818     -90.4030     -87.9521     -91.2672     -84.8120
 
 group  inft   Estimated free energy: 1-th solvent contribution (kcal/mol)
   1      0     -78.9973     -78.2924     -80.1891     -80.9466     -85.3484
                -81.3061     -78.0730     -81.2870     -78.3081     -81.6644
                -80.9991     -79.7312     -81.6680     -76.3736     -69.0503
                -78.6791     -81.2589     -82.6124     -80.5368     -76.3200
                -79.1956     -77.5277     -83.4955     -82.2876     -81.7883
                -76.3842     -80.8416     -79.3282     -82.5793     -78.8088
                -82.4205     -79.7525     -79.2751     -82.7243     -76.0041
                -82.4445     -80.3352     -79.6993     -81.3678     -80.1770
                -84.2707     -79.5871     -81.1143     -81.0028     -80.8721
                -77.9593     -80.8250     -74.2662     -78.8891     -80.9602
   1     60     -79.0083     -78.3036     -80.2002     -80.9576     -85.3593
                -81.3172     -78.0843     -81.2981     -78.3191     -81.6756
                -81.0103     -79.7423     -81.6791     -76.3849     -69.0619
                -78.6904     -81.2699     -82.6234     -80.5480     -76.3311
                -79.2069     -77.5389     -83.5063     -82.2986     -81.7993
                -76.3953     -80.8528     -79.3390     -82.5903     -78.8200
                -82.4315     -79.7635     -79.2862     -82.7352     -76.0153
                -82.4556     -80.3462     -79.7104     -81.3790     -80.1882
                -84.2818     -79.5984     -81.1254     -81.0137     -80.8832
                -77.9703     -80.8357     -74.2770     -78.8999     -80.9711
   1     80     -79.1103     -78.4082     -80.3032     -81.0590     -85.4595
                -81.4193     -78.1902     -81.4015     -78.4227     -81.7784
                -81.1143     -79.8452     -81.7811     -76.4905     -69.1683
                -78.7948     -81.3719     -82.7261     -80.6520     -76.4352
                -79.3115     -77.6436     -83.6067     -82.4009     -81.9012
                -76.4987     -80.9560     -79.4407     -82.6910     -78.9238
                -82.5340     -79.8655     -79.3894     -82.8358     -76.1199
                -82.5595     -80.4484     -79.8135     -81.4828     -80.2911
                -84.3833     -79.7033     -81.2287     -81.1156     -80.9867
                -78.0730     -80.9376     -74.3798     -79.0011     -81.0733
   1    100     -79.4619     -78.7662     -80.6570     -81.4106     -85.8094
                -81.7729     -78.5497     -81.7560     -78.7808     -82.1316
                -81.4714     -80.1986     -82.1330     -76.8471     -69.5238
                -79.1522     -81.7258     -83.0827     -81.0097     -76.7913
                -79.6707     -78.0027     -83.9583     -82.7564     -82.2549
                -76.8519     -81.3129     -79.7926     -83.0434     -79.2796
                -82.8903     -80.2190     -79.7430     -83.1856     -76.4764
                -82.9189     -80.8006     -80.1695     -81.8405     -80.6436
                -84.7358     -80.0605     -81.5840     -81.4672     -81.3441
                -78.4270     -81.2914     -74.7315     -79.3515     -81.4267
   2      0     -78.7176     -77.9690     -79.8739     -80.7412     -85.1264
                -81.0330     -77.6997     -81.0068     -77.8544     -81.3793
                -80.6721     -79.4433     -81.5449     -76.1439     -68.5395
                -78.2719     -81.0821     -82.3375     -80.2064     -75.9242
                -78.8293     -77.1939     -83.2448     -81.9634     -81.5209
                -76.0227     -80.4736     -78.9538     -82.3816     -78.3931
                -82.1413     -79.4682     -78.9299     -82.4310     -75.5480
                -82.1674     -79.9118     -79.4055     -81.1306     -79.9404
                -84.0715     -78.9261     -80.7938     -80.7242     -80.5382
                -77.6244     -80.5088     -73.9645     -78.5634     -80.5723
   3      0     -78.5163     -77.7819     -79.7027     -80.5841     -84.9919
                -80.8424     -77.4676     -80.7943     -77.6181     -81.1484
                -80.4738     -79.2574     -81.3477     -76.0080     -68.2400
                -78.0215     -80.8938     -82.1538     -79.9658     -75.7422
                -78.6401     -76.9904     -83.1624     -81.7756     -81.3510
                -75.8925     -80.2955     -78.8038     -82.2041     -78.1507
                -82.0246     -79.2794     -78.7131     -82.2724     -75.3020
                -82.0204     -79.7298     -79.2813     -80.9404     -79.7539
                -83.9318     -78.6055     -80.5895     -80.5172     -80.3266
                -77.4252     -80.3481     -73.7918     -78.3639     -80.3422
   4      0     -78.9069     -78.1366     -79.9660     -80.9635     -85.2772
                -81.2468     -77.8203     -81.1432     -77.9603     -81.3912
                -80.8472     -79.6334     -81.8026     -76.3495     -68.5606
                -78.4484     -81.3178     -82.5190     -80.4045     -75.9807
                -78.9786     -77.4073     -83.4252     -82.0941     -81.6167
                -76.0663     -80.5380     -79.1329     -82.7077     -78.5266
                -82.2619     -79.5705     -79.1398     -82.6383     -75.6719
                -82.3895     -80.0478     -79.4807     -81.2448     -80.1362
                -84.2124     -78.9770     -80.9064     -80.8320     -80.6433
                -77.7802     -80.6398     -74.0909     -78.7882     -80.6937
   5      0     -79.1668     -78.5311     -80.3915     -81.4769     -85.8267
                -81.6124     -78.2824     -81.5497     -78.2812     -81.9628
                -81.1825     -80.1002     -82.1718     -76.8310     -69.1668
                -78.8524     -81.7889     -82.8317     -80.7689     -76.3594
                -79.5019     -77.5822     -83.8713     -82.5787     -82.1235
                -76.6918     -81.0073     -79.4760     -82.9489     -78.8864
                -82.8049     -79.9477     -79.6257     -83.0793     -75.9908
                -82.7754     -80.4927     -79.8299     -81.7507     -80.6316
                -84.7608     -79.2247     -81.3150     -81.2222     -81.0653
                -78.1798     -81.1869     -74.4985     -79.2486     -81.0275
   5     60     -79.1807     -78.5453     -80.4057     -81.4906     -85.8403
                -81.6263     -78.2969     -81.5639     -78.2952     -81.9769
                -81.1967     -80.1143     -82.1858     -76.8457     -69.1817
                -78.8668     -81.8026     -82.8455     -80.7830     -76.3736
                -79.5161     -77.5966     -83.8849     -82.5926     -82.1373
                -76.7060     -81.0213     -79.4897     -82.9626     -78.9006
                -82.8188     -79.9615     -79.6398     -83.0930     -76.0051
                -82.7895     -80.5067     -79.8439     -81.7649     -80.6458
                -84.7747     -79.2392     -81.3291     -81.2362     -81.0793
                -78.1938     -81.2005     -74.5125     -79.2623     -81.0413
   5     80     -79.3053     -78.6723     -80.5313     -81.6133     -85.9620
                -81.7499     -78.4237     -81.6893     -78.4204     -82.1016
                -81.3220     -80.2390     -82.3090     -76.9738     -69.3111
                -78.9941     -81.9254     -82.9699     -80.9089     -76.5006
                -79.6423     -77.7241     -84.0066     -82.7162     -82.2604
                -76.8316     -81.1465     -79.6127     -83.0846     -79.0271
                -82.9426     -80.0847     -79.7647     -83.2149     -76.1325
                -82.9150     -80.6317     -79.9688     -81.8900     -80.7698
                -84.8970     -79.3655     -81.4545     -81.3606     -81.2045
                -78.3191     -81.3241     -74.6384     -79.3853     -81.1650
   5    100     -79.6315     -79.0016     -80.8592     -81.9372     -86.2869
                -82.0757     -78.7511     -82.0176     -78.7484     -82.4279
                -81.6490     -80.5651     -82.6346     -77.3030     -69.6389
                -79.3248     -82.2498     -83.2981     -81.2369     -76.8291
                -79.9711     -78.0557     -84.3324     -83.0431     -82.5861
                -77.1577     -81.4762     -79.9357     -83.4101     -79.3566
                -83.2707     -80.4097     -80.0896     -83.5380     -76.4609
                -83.2454     -80.9587     -80.2968     -82.2191     -81.0942
                -85.2229     -79.6929     -81.7827     -81.6866     -81.5329
                -78.6465     -81.6492     -74.9649     -79.7084     -81.4895
 
 group  inft   Estimated free energy: 2-th solvent contribution (kcal/mol)
   1      0      27.1933       9.5566      22.7451      28.3489      38.6112
                 39.7639      27.6492      44.7670      -1.1510      37.4425
                 33.8702      28.6737      43.1511      45.7002       7.3195
                 29.9781      20.4411       6.1457       7.2941       5.0639
                 34.7008      28.9275      32.0303      31.8343      33.7826
                 28.0804      40.8992      -6.2397      39.4825      32.6275
                 38.3199      37.5821       4.9830      27.8185      20.8892
                 32.5954      27.1938      35.0344      56.7263      49.6632
                 60.8358      33.4288      35.9441      17.9096      26.4856
                  3.8655     -29.2503     -15.0338     -24.4840      12.6813
   1     60      27.1950       9.5581      22.7469      28.3504      38.6128
                 39.7655      27.6499      44.7679      -1.1490      37.4438
                 33.8715      28.6745      43.1515      45.7010       7.3201
                 29.9796      20.4422       6.1477       7.2961       5.0654
                 34.7022      28.9290      32.0315      31.8362      33.7838
                 28.0818      40.9005      -6.2382      39.4841      32.6290
                 38.3218      37.5835       4.9846      27.8204      20.8906
                 32.5973      27.1957      35.0357      56.7270      49.6636
                 60.8364      33.4297      35.9456      17.9113      26.4869
                  3.8671     -29.2480     -15.0318     -24.4822      12.6830
   1     80      27.2954       9.6438      22.8400      28.4427      38.7052
                 39.8706      27.7392      44.8604      -1.0563      37.5463
                 33.9715      28.7612      43.2441      45.7940       7.4064
                 30.0915      20.5314       6.2463       7.3964       5.1574
                 34.8050      29.0220      32.1322      31.9362      33.8824
                 28.1792      41.0116      -6.1549      39.5853      32.7310
                 38.4351      37.6954       5.0727      27.9305      20.9851
                 32.6906      27.3031      35.1351      56.8197      49.7549
                 60.9401      33.5207      36.0366      18.0041      26.5790
                  3.9583     -29.1589     -14.9414     -24.3918      12.7761
   1    100      27.4934       9.7913      23.0128      28.6151      38.8760
                 40.0864      27.8917      45.0254      -0.8832      37.7500
                 34.1707      28.9057      43.4056      45.9598       7.5478
                 30.3324      20.6881       6.4396       7.5940       5.3284
                 35.0190      29.1973      32.3311      32.1382      34.0759
                 28.3711      41.2529      -6.0191      39.7956      32.9396
                 38.6856      37.9452       5.2267      28.1728      21.1624
                 32.8693      27.5295      35.3301      56.9822      49.9169
                 61.1472      33.6776      36.1993      18.1737      26.7463
                  4.1192     -28.9953     -14.7786     -24.2287      12.9492
   2      0      26.4145       9.0617      21.9791      27.5104      37.7691
                 38.7269      27.2039      44.0933      -1.8276      36.9546
                 33.4448      28.1870      42.6124      44.9709       6.8551
                 29.3333      19.4832       5.4996       6.7926       4.2859
                 33.7130      27.8397      30.8983      31.0230      33.0587
                 27.4035      40.2774      -6.7018      38.6259      31.9148
                 37.6916      36.9831       4.5281      27.3056      19.9834
                 31.7177      26.4607      34.1269      56.2331      49.0942
                 60.2931      32.9929      35.2943      17.2153      25.5875
                  3.4731     -29.5679     -15.7148     -25.0111      12.0350
   3      0      26.3372       8.9521      21.8546      27.4598      37.6137
                 38.4722      27.0413      43.8881      -1.9873      36.6511
                 33.3565      28.1314      42.3305      44.7838       6.8306
                 29.2552      19.4304       5.4581       6.6622       4.1025
                 33.4602      27.6950      30.7680      30.8823      32.8919
                 27.1739      40.1691      -6.7235      38.5414      31.8033
                 37.6625      36.7949       4.5196      27.4169      19.9905
                 31.6421      26.3401      33.9446      55.9360      48.8606
                 59.9609      32.9725      35.1811      17.1888      25.3914
                  3.4240     -29.5170     -15.6672     -25.0922      12.1116
   4      0      26.4789       9.1271      21.7916      27.5707      37.6049
                 38.6807      27.2577      44.0627      -1.8804      36.9533
                 33.5777      28.4271      42.8524      44.9894       7.0547
                 29.4224      19.3733       5.5125       6.8268       4.0898
                 33.4079      27.7433      30.8461      30.8461      32.7571
                 27.1424      40.3842      -6.6808      38.6118      31.9063
                 37.7197      36.8180       4.5264      27.3392      19.9199
                 31.6949      26.5546      33.6913      56.2240      49.2244
                 60.2507      33.0686      35.3830      17.2509      25.5087
                  3.5901     -29.6594     -15.4312     -24.7595      12.1937
   5      0      26.2212       8.8455      21.4979      27.2145      37.2466
                 38.2863      26.9105      43.7074      -2.1563      36.5975
                 33.2078      28.0489      42.4144      44.5333       6.6715
                 29.0443      19.0041       5.2073       6.4262       3.8563
                 32.9929      27.4518      30.5283      30.5142      32.4673
                 26.8548      40.1127      -6.9411      38.2723      31.6298
                 37.4605      36.5711       4.2548      27.0603      19.6423
                 31.3727      26.2510      33.4424      55.9040      48.8389
                 59.7712      32.6686      35.0707      16.8728      25.1830
                  3.3232     -29.8564     -15.6991     -25.0710      11.9032
   5     60      26.2378       8.8604      21.5136      27.2297      37.2620
                 38.3034      26.9260      43.7232      -2.1408      36.6145
                 33.2244      28.0640      42.4301      44.5489       6.6866
                 29.0621      19.0192       5.2237       6.4430       3.8715
                 33.0092      27.4672      30.5447      30.5303      32.4833
                 26.8707      40.1300      -6.9265      38.2881      31.6461
                 37.4783      36.5882       4.2700      27.0774      19.6580
                 31.3881      26.2684      33.4587      55.9199      48.8543
                 59.7878      32.6840      35.0864      16.8887      25.1985
                  3.3392     -29.8413     -15.6837     -25.0555      11.9189
   5     80      26.3389       8.9460      21.6065      27.3218      37.3525
                 38.4085      27.0145      43.8136      -2.0475      36.7196
                 33.3269      28.1494      42.5206      44.6392       6.7715
                 29.1784      19.1058       5.3235       6.5452       3.9626
                 33.1121      27.5579      30.6440      30.6312      32.5826
                 26.9686      40.2463      -6.8442      38.3899      31.7516
                 37.5980      36.7056       4.3581      27.1940      19.7519
                 31.4809      26.3794      33.5571      56.0111      48.9436
                 59.8912      32.7730      35.1769      16.9810      25.2885
                  3.4312     -29.7507     -15.5932     -24.9638      12.0133
   5    100      26.5337       9.0966      21.7761      27.4909      37.5165
                 38.6162      27.1718      43.9756      -1.8735      36.9263
                 33.5269      28.2972      42.6841      44.8005       6.9186
                 29.4195      19.2586       5.5156       6.7445       4.1299
                 33.3130      27.7225      30.8348      30.8262      32.7741
                 27.1558      40.4884      -6.7036      38.5889      31.9608
                 37.8501      36.9527       4.5159      27.4366      19.9266
                 31.6512      26.6050      33.7447      56.1761      49.1033
                 60.0928      32.9317      35.3391      17.1507      25.4520
                  3.6003     -29.5827     -15.4269     -24.7941      12.1888
 
 group  inft   Estimated free energy: 3-th solvent contribution (kcal/mol)
   1      0     -20.0222      -5.0533     -14.7321     -20.1823     -27.0867
                -30.5361     -32.0957     -48.6676       8.6585     -33.1334
                -28.6646     -28.4804     -48.7272     -58.1548     -14.0799
                -19.0657     -14.0308       6.5986       4.2185       2.5771
                -24.9737     -22.3376     -23.1980     -21.5985     -24.2611
                -22.4294     -29.2029      10.1748     -27.4316     -23.3702
                -25.4470     -26.5627       2.3769     -12.5036     -15.2224
                -22.6505     -14.8319     -31.2297     -62.2433     -58.6456
                -63.4118     -32.8512     -30.7268      -9.2604     -19.2812
                 -0.8576      32.5533      14.2149      25.0610      -3.5041
   1     60     -20.3035      -5.3353     -15.0153     -20.4652     -27.3689
                -30.8188     -32.3794     -48.9508       8.3797     -33.4174
                -28.9494     -28.7653     -49.0123     -58.4329     -14.3590
                -19.3473     -14.3119       6.3199       3.9376       2.2988
                -25.2551     -22.6192     -23.4795     -21.8796     -24.5425
                -22.7121     -29.4839       9.8980     -27.7137     -23.6541
                -25.7295     -26.8438       2.0960     -12.7858     -15.5038
                -22.9306     -15.1127     -31.5117     -62.5257     -58.9275
                -63.6946     -33.1359     -31.0099      -9.5429     -19.5625
                 -1.1385      32.2834      13.9421      24.7861      -3.7837
   1     80     -22.9532      -7.9831     -17.6680     -23.1214     -30.0248
                -33.4730     -35.0352     -51.6019       5.7437     -36.0698
                -31.6121     -31.4216     -51.6745     -61.0607     -16.9877
                -21.9949     -16.9593       3.6851       1.2942      -0.3319
                -27.9041     -25.2695     -26.1326     -24.5278     -27.1910
                -25.3699     -32.1356       7.2861     -30.3654     -26.3169
                -28.3848     -29.4893      -0.5429     -15.4300     -18.1489
                -25.5734     -17.7578     -34.1622     -65.1818     -61.5719
                -66.3463     -35.7920     -33.6632     -12.1964     -22.2095
                 -3.7767      29.7162      11.3525      22.1863      -6.4226
   1    100     -32.0067     -16.9966     -26.7052     -32.1887     -39.1088
                -42.5586     -44.1231     -60.7296      -3.2305     -45.1564
                -40.6929     -40.5001     -60.8198     -70.1925     -25.9877
                -31.0355     -25.9866      -5.2830      -7.6889      -9.2981
                -36.9713     -34.3294     -35.1962     -33.5865     -36.2487
                -34.4484     -41.2118      -1.6237     -39.4392     -35.4042
                -37.4605     -38.5462      -9.5181     -24.4394     -27.1799
                -34.6159     -26.7834     -43.2434     -74.3639     -70.7355
                -75.5225     -44.8884     -42.7391     -21.2262     -31.2525
                -12.7601      20.9293       2.4875      13.3171     -15.4173
   2      0     -20.0270      -5.0551     -14.7164     -20.1898     -27.0811
                -30.5356     -32.1174     -48.7048       8.6442     -33.1644
                -28.6919     -28.4942     -48.7650     -58.1924     -14.0846
                -19.0717     -14.0289       6.6207       4.2124       2.5767
                -24.9841     -22.3306     -23.1880     -21.5872     -24.2608
                -22.4380     -29.2014      10.1832     -27.3984     -23.3871
                -25.4588     -26.5559       2.3785     -12.5099     -15.1915
                -22.6501     -14.8227     -31.2376     -62.2949     -58.7143
                -63.4419     -32.8683     -30.7529      -9.2579     -19.2856
                 -0.8506      32.5487      14.2385      25.0533      -3.4885
   3      0     -20.0102      -5.0527     -14.7051     -20.1603     -27.0765
                -30.5390     -32.0818     -48.6872       8.6613     -33.1421
                -28.6718     -28.4764     -48.7466     -58.1787     -14.0646
                -19.0582     -14.0337       6.6257       4.2299       2.5605
                -24.9802     -22.3444     -23.1934     -21.5804     -24.2480
                -22.4080     -29.1819      10.2021     -27.4022     -23.3483
                -25.4453     -26.5428       2.3665     -12.5023     -15.1871
                -22.6210     -14.8206     -31.2214     -62.2856     -58.6846
                -63.4113     -32.8392     -30.7245      -9.2571     -19.2790
                 -0.8375      32.5514      14.2521      25.0502      -3.4900
   4      0     -20.0721      -5.0869     -14.7240     -20.2171     -27.1070
                -30.5908     -32.1332     -48.7592       8.6326     -33.1861
                -28.7216     -28.5258     -48.8201     -58.2331     -14.1097
                -19.1036     -14.0304       6.6121       4.2008       2.5553
                -25.0029     -22.3752     -23.2184     -21.5860     -24.2715
                -22.4376     -29.1989      10.1695     -27.4104     -23.3632
                -25.4437     -26.5710       2.3505     -12.5355     -15.2102
                -22.6749     -14.8654     -31.2700     -62.3450     -58.7408
                -63.4658     -32.9085     -30.7832      -9.2625     -19.3044
                 -0.8697      32.5114      14.2394      25.0254      -3.5301
   5      0     -20.0777      -5.1111     -14.7461     -20.2304     -27.1301
                -30.6027     -32.1916     -48.7846       8.6347     -33.2470
                -28.7602     -28.5828     -48.8461     -58.2900     -14.1567
                -19.1164     -14.0957       6.5694       4.1846       2.5205
                -25.0271     -22.3982     -23.2655     -21.6298     -24.2986
                -22.4607     -29.2442      10.1425     -27.4573     -23.3786
                -25.4684     -26.5934       2.3192     -12.5704     -15.2423
                -22.7196     -14.8948     -31.2968     -62.3756     -58.7761
                -63.5107     -32.9335     -30.8128      -9.3313     -19.3258
                 -0.8979      32.4864      14.1990      25.0166      -3.5636
   5     60     -20.4638      -5.4984     -15.1344     -20.6184     -27.5176
                -30.9899     -32.5816     -49.1724       8.2515     -33.6359
                -29.1517     -28.9734     -49.2375     -58.6721     -14.5402
                -19.5027     -14.4817       6.1863       3.7988       2.1381
                -25.4130     -22.7849     -23.6521     -22.0155     -24.6848
                -22.8484     -29.6303       9.7623     -27.8442     -23.7678
                -25.8560     -26.9789       1.9332     -12.9575     -15.6286
                -23.1045     -15.2806     -31.6835     -62.7630     -59.1624
                -63.8985     -33.3240     -31.2011      -9.7192     -19.7119
                 -1.2833      32.1148      13.8236      24.6384      -3.9477
   5     80     -23.7538      -8.7852     -18.4262     -23.9162     -30.8156
                -34.2854     -35.8708     -52.4617       4.9800     -36.9274
                -32.4537     -32.2677     -52.5355     -61.9359     -17.8013
                -22.7916     -17.7687       2.9164       0.5176      -1.1288
                -28.7033     -26.0769     -26.9466     -25.3040     -27.9742
                -26.1478     -32.9241       6.5209     -31.1392     -27.0745
                -29.1536     -30.2640      -1.3431     -16.2407     -18.9121
                -26.3864     -18.5658     -34.9729     -66.0586     -62.4444
                -67.1894     -36.6134     -34.4932     -13.0123     -22.9978
                 -4.5577      28.9266      10.6082      21.4100      -7.2241
   5    100     -32.0933     -17.0887     -26.7478     -32.2672     -39.1842
                -42.6553     -44.2457     -60.8796      -3.2850     -45.3019
                -40.8218     -40.6337     -60.9681     -70.3607     -26.0970
                -31.1189     -26.0841      -5.3447      -7.7555      -9.3885
                -37.0569     -34.4251     -35.2989     -33.6483     -36.3153
                -34.5122     -41.2871      -1.6870     -39.4997     -35.4447
                -37.5141     -38.6083      -9.6124     -24.5386     -27.2308
                -34.7198     -26.8814     -43.3399     -74.5278     -70.8989
                -75.6505     -45.0024     -42.8575     -21.3302     -31.3291
                -12.8343      20.8302       2.4409      13.2365     -15.5100
 
 
 cumulative average & 95% error for solvation free energy
              total             1st component         2nd component         3rd component
  1   -72.1906              -78.5163               26.3372              -20.0102
  2   -73.0372     1.6933   -78.1491     0.7344    17.6446    17.3851   -12.5315    14.9575
  3   -72.8763     1.0292   -78.6670     1.1191    19.0479    10.4223   -13.2560     8.7564
  4   -72.9787     0.7560   -79.1463     1.2430    21.1509     8.4854   -14.9821     7.0891
  5   -73.2742     0.8319   -80.3154     2.5287    24.4435     9.3040   -17.4010     7.3183
  6   -73.2136     0.6900   -80.4032     2.0722    26.7816     8.9206   -19.5906     7.4083
  7   -74.5415     2.7192   -79.9838     1.9418    26.8187     7.5397   -21.3751     7.2069
  8   -75.9232     3.6306   -80.0851     1.6938    28.9524     7.8003   -24.7891     9.2507
  9   -75.3701     3.3876   -79.8110     1.5912    25.5146     9.7261   -21.0724    11.0370
 10   -75.5971     3.0638   -79.9448     1.4482    26.6283     8.9799   -22.2794    10.1626
 11   -75.6147     2.7715   -79.9929     1.3134    27.2399     8.2142   -22.8605     9.2656
 12   -75.9471     2.6159   -79.9316     1.2052    27.3142     7.5000   -23.3285     8.5100
 13   -76.8562     3.0160   -80.0405     1.1299    28.4693     7.2755   -25.2837     8.7504
 14   -77.7525     3.3181   -79.7525     1.1942    29.6346     7.1276   -27.6334     9.3656
 15   -77.6007     3.1039   -78.9850     1.8953    28.1144     7.2989   -26.7288     8.9046
 16   -76.9898     3.1500   -78.9248     1.7770    28.1857     6.8290   -26.2494     8.3845
 17   -76.9020     2.9641   -79.0406     1.6852    27.6706     6.4969   -25.5308     8.0059
 18   -76.5225     2.8958   -79.2135     1.6260    26.4366     6.6039   -23.7443     8.3510
 19   -76.1306     2.8492   -79.2531     1.5401    25.3959     6.5843   -22.2720     8.4303
 20   -75.7781     2.7934   -79.0776     1.5027    24.3312     6.5994   -21.0304     8.3743
 21   -75.5106     2.7104   -79.0568     1.4299    24.7659     6.3372   -21.2185     7.9744
 22   -75.3347     2.6081   -78.9628     1.3762    24.8990     6.0481   -21.2696     7.6040
 23   -75.3458     2.4922   -79.1454     1.3648    25.1542     5.8017   -21.3533     7.2678
 24   -75.2262     2.3980   -79.2550     1.3250    25.3929     5.5752   -21.3627     6.9584
 25   -75.1254     2.3089   -79.3389     1.2819    25.6928     5.3811   -21.4782     6.6783
 26   -74.9717     2.2396   -79.2063     1.2598    25.7498     5.1712   -21.5139     6.4167
 27   -74.7620     2.1954   -79.2466     1.2149    26.2839     5.0893   -21.7979     6.2005
 28   -74.7822     2.1160   -79.2308     1.1712    25.1050     5.4415   -20.6551     6.3972
 29   -74.6540     2.0577   -79.3334     1.1485    25.5683     5.3316   -20.8877     6.1902
 30   -74.4888     2.0152   -79.2939     1.1124    25.7762     5.1676   -20.9697     5.9826
 31   -74.3378     1.9724   -79.3820     1.0902    26.1596     5.0566   -21.1141     5.7936
 32   -74.1719     1.9384   -79.3788     1.0556    26.4920     4.9410   -21.2838     5.6198
 33   -74.1009     1.8841   -79.3586     1.0239    25.8261     4.9706   -20.5671     5.6323
 34   -73.9026     1.8703   -79.4443     1.0080    25.8729     4.8231   -20.3299     5.4847
 35   -73.8054     1.8265   -79.3260     1.0070    25.7048     4.6953   -20.1829     5.3338
 36   -73.7830     1.7756   -79.4008     0.9900    25.8698     4.5749   -20.2507     5.1853
 37   -73.6324     1.7530   -79.4097     0.9631    25.8825     4.4496   -20.1039     5.0517
 38   -73.7095     1.7132   -79.4063     0.9374    26.0946     4.3517   -20.3965     4.9517
 39   -74.0577     1.8082   -79.4457     0.9164    26.8598     4.5064   -21.4706     5.2798
 40   -74.4457     1.9257   -79.4534     0.8934    27.4098     4.5280   -22.4009     5.4722
 41   -74.7613     1.9814   -79.5626     0.8983    28.2038     4.6930   -23.4012     5.6997
 42   -74.8497     1.9417   -79.5398     0.8778    28.3173     4.5855   -23.6259     5.5804
 43   -74.8796     1.8969   -79.5642     0.8585    28.4769     4.4889   -23.7910     5.4591
 44   -74.8275     1.8562   -79.5859     0.8399    28.2204     4.4156   -23.4606     5.3743
 45   -74.8139     1.8147   -79.6024     0.8217    28.1575     4.3182   -23.3677     5.2568
 46   -74.8144     1.7748   -79.5550     0.8092    27.6198     4.3581   -22.8779     5.2338
 47   -74.8676     1.7399   -79.5719     0.7925    26.4041     4.9088   -21.6986     5.6383
 48   -74.8747     1.7034   -79.4515     0.8123    25.5277     5.1152   -20.9496     5.7192
 49   -74.9468     1.6744   -79.4293     0.7968    24.4946     5.4190   -20.0108     5.9076
 50   -74.8823     1.6457   -79.4475     0.7816    24.2469     5.3326   -19.6804     5.8258
 
 Mesh error is    1.043 kcal/mol
