 ERmod 0.3.7, Copyright (C) 2000-2019 Nobuyuki Matubayasi
                            2010-2019 Shun Sakuraba
 ERmod comes with ABSOLUTELY NO WARRANTY.
 This is free software, and you can redistribute it
 and/or modify it under certain conditions.
 See LICENSE file for details.
 ERmod 0.3.7, Copyright (C) 2000-2019 Nobuyuki Matubayasi
                            2010-2019 Shun Sakuraba
 ERmod comes with ABSOLUTELY NO WARRANTY.
 This is free software, and you can redistribute it
 and/or modify it under certain conditions.
 See LICENSE file for details.
 
  Number of the   1-th solvent  =          109
  Number of the   2-th solvent  =          109
  Number of the   3-th solvent  =        10000
 
  Be sure that the solvent distribution is homogeneous (radial distribution function is essentially unity) when the solvent molecule is separated beyond distance of   10.0 Angstrom in any direction from any atom within the solute molecule
 
  LJ long-range correction    =        -0.0452     -0.0086     -1.7491
 
  Self-energy of the solute   =        -0.0008  kcal/mol
 
 
 cumulative average & 95% error for solvation energy
              total             1st component         2nd component         3rd component
  1  -117.4955               -5.7181              -16.4377              -95.3389
  2  -116.6734     1.6442    -7.3777     3.3192    -8.9738    14.9278  -100.3211     9.9644
  3  -116.2877     1.2232    -7.6812     2.0102    -4.7899    12.0125  -103.8158     9.0525
  4  -116.0357     1.0011    -7.6852     1.4214    -2.6785     9.4859  -105.6712     7.3989
  5  -116.2341     0.8711    -7.5002     1.1615    -4.3402     8.0644  -104.3929     6.2756
  6  -116.2357     0.7112    -7.4226     0.9610    -4.3236     6.5847  -104.4887     5.1276
  7  -116.1408     0.6303    -7.1425     0.9867    -3.8291     5.6522  -105.1685     4.5418
  8  -116.1540     0.5465    -7.1207     0.8556    -3.8200     4.8950  -105.2125     3.9343
  9  -116.2255     0.5027    -6.7655     1.0363    -4.8167     4.7550  -104.6424     3.6523
 10  -116.2043     0.4516    -6.7414     0.9282    -4.7632     4.2544  -104.6989     3.2687
 
 
 group  inft  solvation free energy     error          difference
  total solvation free energy
   1      0        -23.54120           0.50367           0.08414
   1     60        -23.59278           0.50339           0.03256
   1     80        -24.10726           0.50245          -0.48192
   1    100        -26.19793           0.50285          -2.57259
   2      0        -23.57686           0.49720           0.04848
   3      0        -23.62534           0.49656           0.00000
   4      0        -23.60603           0.49266           0.01931
   5      0        -23.60023           0.49533           0.02511
   5     60        -23.66777           0.49483          -0.04243
   5     80        -24.33155           0.49393          -0.70621
   5    100        -26.27424           0.49482          -2.64890
 
  contribution from  1-th solvent component
   1      0         -4.92698           0.41291          -0.09086
   1     60         -4.92773           0.41294          -0.09161
   1     80         -4.93213           0.41288          -0.09601
   1    100         -4.95096           0.41269          -0.11484
   2      0         -4.85686           0.41146          -0.02074
   3      0         -4.83612           0.41180          -0.00000
   4      0         -4.82730           0.40682           0.00882
   5      0         -4.80682           0.40769           0.02930
   5     60         -4.80754           0.40768           0.02858
   5     80         -4.81418           0.40763           0.02193
   5    100         -4.83326           0.40751           0.00286
 
  contribution from  2-th solvent component
   1      0         -0.63817           2.11422           0.14218
   1     60         -0.63574           2.11415           0.14461
   1     80         -0.63186           2.11428           0.14849
   1    100         -0.61250           2.11518           0.16785
   2      0         -0.71934           2.11637           0.06101
   3      0         -0.78035           2.11627           0.00000
   4      0         -0.78890           2.11312          -0.00855
   5      0         -0.79435           2.11308          -0.01400
   5     60         -0.79338           2.11308          -0.01303
   5     80         -0.78711           2.11327          -0.00676
   5    100         -0.77256           2.11411           0.00779
 
  contribution from  3-th solvent component
   1      0        -17.97526           2.31366           0.03282
   1     60        -18.02851           2.31328          -0.02043
   1     80        -18.54246           2.31252          -0.53439
   1    100        -20.63367           2.31439          -2.62560
   2      0        -17.99986           2.31631           0.00821
   3      0        -18.00807           2.31840           0.00000
   4      0        -17.98903           2.31695           0.01905
   5      0        -17.99826           2.31877           0.00981
   5     60        -18.06605           2.31825          -0.05797
   5     80        -18.72946           2.31760          -0.72138
   5    100        -20.66762           2.31971          -2.65955
 
 
 group  inft   Estimated free energy: total (kcal/mol)
   1      0     -22.2915     -24.1657     -24.1128     -23.9525     -22.3663
                -24.0363     -24.2473     -23.2424     -22.7765     -24.2208
   1     60     -22.3439     -24.2173     -24.1638     -24.0039     -22.4184
                -24.0876     -24.2981     -23.2941     -22.8283     -24.2723
   1     80     -22.8592     -24.7309     -24.6753     -24.5169     -22.9354
                -24.6022     -24.8106     -23.8100     -23.3455     -24.7866
   1    100     -24.9480     -26.8207     -26.7648     -26.6095     -25.0233
                -26.6910     -26.9029     -25.9073     -25.4346     -26.8772
   2      0     -22.3095     -24.2179     -24.1256     -23.9823     -22.4177
                -24.0516     -24.2849     -23.3168     -22.8466     -24.2157
   3      0     -22.3303     -24.2656     -24.1658     -24.0520     -22.5074
                -24.1032     -24.3517     -23.3548     -22.8906     -24.2320
   4      0     -22.2943     -24.2534     -24.1463     -24.0307     -22.5042
                -24.0393     -24.3313     -23.3641     -22.8941     -24.2027
   5      0     -22.2615     -24.2571     -24.1549     -23.9818     -22.5171
                -24.0260     -24.3894     -23.3681     -22.8906     -24.1559
   5     60     -22.3304     -24.3242     -24.2214     -24.0485     -22.5855
                -24.0934     -24.4559     -23.4359     -22.9592     -24.2234
   5     80     -22.9949     -24.9872     -24.8829     -24.7108     -23.2511
                -24.7566     -25.1177     -24.1019     -23.6258     -24.8866
   5    100     -24.9324     -26.9310     -26.8262     -26.6556     -25.1927
                -26.6969     -27.0615     -26.0487     -25.5676     -26.8299
 
 group  inft   Estimated free energy: 1-th solvent contribution (kcal/mol)
   1      0      -4.4775      -6.0291      -5.5255      -5.2674      -4.7625
                 -5.1837      -4.3049      -4.9684      -3.7216      -5.0293
   1     60      -4.4782      -6.0300      -5.5263      -5.2682      -4.7632
                 -5.1843      -4.3057      -4.9692      -3.7222      -5.0300
   1     80      -4.4829      -6.0342      -5.5305      -5.2727      -4.7678
                 -5.1889      -4.3098      -4.9731      -3.7268      -5.0346
   1    100      -4.5028      -6.0521      -5.5488      -5.2917      -4.7871
                 -5.2081      -4.3278      -4.9912      -3.7461      -5.0538
   2      0      -4.3993      -5.9662      -5.4389      -5.1775      -4.6915
                 -5.1155      -4.2224      -4.9205      -3.6676      -4.9693
   3      0      -4.3782      -5.9513      -5.4105      -5.1606      -4.6741
                 -5.0888      -4.2095      -4.8996      -3.6412      -4.9475
   4      0      -4.3609      -5.9251      -5.3892      -5.1327      -4.6741
                 -5.0803      -4.2165      -4.9054      -3.6396      -4.9493
   5      0      -4.3378      -5.9277      -5.3763      -5.0910      -4.6386
                 -5.0596      -4.2097      -4.8804      -3.6272      -4.9198
   5     60      -4.3385      -5.9284      -5.3770      -5.0917      -4.6393
                 -5.0604      -4.2104      -4.8811      -3.6280      -4.9206
   5     80      -4.3454      -5.9348      -5.3836      -5.0984      -4.6460
                 -5.0671      -4.2168      -4.8875      -3.6348      -4.9273
   5    100      -4.3652      -5.9533      -5.4024      -5.1177      -4.6655
                 -5.0863      -4.2354      -4.9060      -3.6541      -4.9466
 
 group  inft   Estimated free energy: 2-th solvent contribution (kcal/mol)
   1      0      -6.2226       0.7173       3.7177       3.7337      -3.6659
                 -0.5772       1.3702      -0.0905      -4.6320      -0.7323
   1     60      -6.2201       0.7196       3.7202       3.7359      -3.6630
                 -0.5750       1.3727      -0.0884      -4.6292      -0.7300
   1     80      -6.2168       0.7233       3.7243       3.7404      -3.6589
                 -0.5716       1.3768      -0.0844      -4.6253      -0.7266
   1    100      -6.2013       0.7412       3.7462       3.7635      -3.6376
                 -0.5561       1.3983      -0.0647      -4.6053      -0.7093
   2      0      -6.2972       0.6304       3.6515       3.6372      -3.7689
                 -0.6404       1.2884      -0.1938      -4.7375      -0.7630
   3      0      -6.3413       0.5714       3.5989       3.5677      -3.8673
                 -0.7038       1.2097      -0.2442      -4.7992      -0.7955
   4      0      -6.3323       0.5610       3.5750       3.5303      -3.8849
                 -0.6708       1.2207      -0.2736      -4.8281      -0.7863
   5      0      -6.3245       0.5696       3.5574       3.5465      -3.9225
                 -0.6631       1.1778      -0.2886      -4.8308      -0.7652
   5     60      -6.3237       0.5705       3.5584       3.5473      -3.9214
                 -0.6622       1.1789      -0.2876      -4.8298      -0.7644
   5     80      -6.3184       0.5767       3.5650       3.5545      -3.9144
                 -0.6567       1.1856      -0.2813      -4.8235      -0.7586
   5    100      -6.3068       0.5898       3.5821       3.5730      -3.8986
                 -0.6450       1.2014      -0.2669      -4.8087      -0.7459
 
 group  inft   Estimated free energy: 3-th solvent contribution (kcal/mol)
   1      0     -11.5906     -18.8530     -22.3043     -22.4181     -13.9371
                -18.2746     -21.3118     -18.1826     -14.4221     -18.4583
   1     60     -11.6448     -18.9060     -22.3569     -22.4709     -13.9914
                -18.3275     -21.3643     -18.2358     -14.4760     -18.5115
   1     80     -12.1586     -19.4192     -22.8684     -22.9838     -14.5079
                -18.8409     -21.8769     -18.7517     -14.9926     -19.0245
   1    100     -14.2432     -21.5090     -24.9614     -25.0805     -16.5978
                -20.9260     -23.9726     -20.8506     -17.0823     -21.1133
   2      0     -11.6122     -18.8814     -22.3374     -22.4412     -13.9566
                -18.2949     -21.3501     -18.2017     -14.4407     -18.4825
   3      0     -11.6099     -18.8849     -22.3533     -22.4583     -13.9653
                -18.3099     -21.3512     -18.2102     -14.4495     -18.4882
   4      0     -11.6004     -18.8885     -22.3314     -22.4275     -13.9444
                -18.2874     -21.3346     -18.1843     -14.4256     -18.4663
   5      0     -11.5983     -18.8981     -22.3352     -22.4365     -13.9552
                -18.3025     -21.3567     -18.1983     -14.4318     -18.4700
   5     60     -11.6674     -18.9655     -22.4019     -22.5034     -14.0240
                -18.3701     -21.4236     -18.2664     -14.5005     -18.5376
   5     80     -12.3303     -19.6283     -23.0634     -23.1660     -14.6898
                -19.0321     -22.0856     -18.9323     -15.1667     -19.2000
   5    100     -14.2597     -21.5667     -25.0051     -25.1101     -16.6277
                -20.9648     -24.0267     -20.8750     -17.1040     -21.1366
 
 
 cumulative average & 95% error for solvation free energy
              total             1st component         2nd component         3rd component
  1   -22.3303               -4.3782               -6.3413              -11.6099
  2   -23.2979     1.9353    -5.1647     1.5730    -2.8850     6.9128   -15.2474     7.2750
  3   -23.5872     1.2582    -5.2467     0.9229    -0.7237     5.8833   -17.6161     6.3311
  4   -23.7034     0.9196    -5.2251     0.6540     0.3492     4.6809   -18.8266     5.0896
  5   -23.4642     0.8580    -5.1149     0.5525    -0.4941     3.9989   -17.8544     4.3958
  6   -23.5707     0.7322    -5.1106     0.4512    -0.5291     3.2658   -17.9303     3.5924
  7   -23.6823     0.6579    -4.9818     0.4601    -0.2807     2.8045   -18.4190     3.1896
  8   -23.6414     0.5756    -4.9716     0.3990    -0.2761     2.4288   -18.3929     2.7627
  9   -23.5579     0.5343    -4.8237     0.4596    -0.7787     2.3661   -17.9547     2.5893
 10   -23.6253     0.4966    -4.8361     0.4118    -0.7803     2.1163   -18.0081     2.3184
