 ERmod 0.3.8, Copyright (C) 2000-2019 Nobuyuki Matubayasi
                            2010-2019 Shun Sakuraba
 ERmod comes with ABSOLUTELY NO WARRANTY.
 This is free software, and you can redistribute it
 and/or modify it under certain conditions.
 See LICENSE file for details.
 ERmod 0.3.8, Copyright (C) 2000-2019 Nobuyuki Matubayasi
                            2010-2019 Shun Sakuraba
 ERmod comes with ABSOLUTELY NO WARRANTY.
 This is free software, and you can redistribute it
 and/or modify it under certain conditions.
 See LICENSE file for details.
 
  Number of the   1-th solvent  =          792
  Number of the   2-th solvent  =          792
  Number of the   3-th solvent  =        10000
 
  Be sure that the solvent distribution is homogeneous (radial distribution function is essentially unity) when the solvent molecule is separated beyond distance of   10.0 Angstrom in any direction from any atom within the solute molecule
 
  LJ long-range correction    =        -1.3175     -0.2494     -7.0203
 
  Self-energy of the solute   =        -0.0056  kcal/mol
 
 
 cumulative average & 95% error for solvation energy
              total             1st component         2nd component         3rd component
  1  -515.8245             -195.2488              -33.4531             -287.1171
  2  -512.1519     7.3453  -190.5010     9.4955   -13.4733    39.9595  -308.1719    42.1097
  3  -513.2120     4.7413  -187.4346     8.2261   -20.7190    27.2443  -305.0529    25.0996
  4  -514.9132     4.7766  -190.2267     8.0633   -28.4163    24.6601  -296.2646    24.9785
  5  -516.1756     4.4794  -192.3195     7.5186   -35.0904    23.3033  -288.7602    24.4872
  6  -515.4766     3.9155  -191.8540     6.2091   -29.7496    21.8203  -293.8673    22.4518
  7  -515.6957     3.3381  -192.6678     5.4942   -30.6194    18.5234  -292.4030    19.1999
  8  -516.7200     3.5431  -191.9652     4.9613   -38.5049    22.4957  -286.2443    20.6928
  9  -516.6416     3.1286  -191.8105     4.3864   -38.2195    19.8476  -286.6060    18.2637
 10  -516.2987     2.8812  -191.8748     3.9254   -35.8277    18.3854  -288.5906    16.8108
 11  -516.6050     2.6772  -192.0379     3.5656   -37.6667    17.0321  -286.8948    15.5796
 12  -517.5088     3.0397  -191.4020     3.4946   -43.6646    19.6378  -282.4366    16.7860
 13  -517.2646     2.8385  -190.1808     4.0371   -42.5739    18.1954  -284.5043    15.9851
 14  -517.4543     2.6552  -190.1172     3.7398   -43.8225    17.0297  -283.5090    14.9326
 15  -517.9134     2.6369  -189.6340     3.6132   -46.8257    16.9535  -281.4482    14.4996
 16  -517.8710     2.4681  -188.8987     3.6860   -47.1987    15.8760  -281.7681    13.5782
 17  -517.7507     2.3308  -189.1229     3.4913   -46.6939    14.9471  -281.9284    12.7585
 18  -517.7522     2.1975  -189.5315     3.3916   -46.3787    14.1063  -281.8364    12.0303
 19  -517.6512     2.0884  -189.7760     3.2451   -45.4807    13.4636  -282.3890    11.4330
 20  -517.7590     1.9929  -190.1155     3.1526   -45.8006    12.7887  -281.8374    10.9023
 21  -517.8160     1.8991  -189.8993     3.0297   -46.6609    12.2856  -281.2502    10.4364
 22  -518.1244     1.9128  -189.9234     2.8891   -49.1295    12.7118  -279.0659    10.8675
 23  -518.2644     1.8491  -189.8946     2.7612   -50.5057    12.4545  -277.8585    10.6613
 24  -518.5665     1.8706  -189.6328     2.6950   -52.4726    12.5564  -276.4555    10.5861
 25  -518.5191     1.7968  -189.6838     2.5870   -52.1542    12.0605  -276.6756    10.1634
 26  -518.4436     1.7329  -189.8831     2.5173   -51.8002    11.6089  -276.7547     9.7659
 27  -518.4408     1.6675  -189.9750     2.4292   -51.7851    11.1708  -276.6751     9.3986
 28  -518.2801     1.6386  -190.1854     2.3784   -51.0893    10.8540  -276.9998     9.0800
 29  -518.7042     1.7943  -189.7276     2.4708   -53.7496    11.7470  -275.2215     9.4557
 30  -518.9809     1.8196  -189.6004     2.4005   -55.4197    11.8300  -273.9552     9.4796
 31  -518.9067     1.7662  -189.4488     2.3415   -54.8766    11.4935  -274.5757     9.2523
 32  -518.8693     1.7117  -189.5279     2.2726   -54.5738    11.1450  -274.7621     8.9663
 33  -518.6236     1.7303  -189.8070     2.2723   -52.5747    11.5182  -276.2364     9.1769
 34  -518.5456     1.6858  -189.8358     2.2052   -52.2660    11.1913  -276.4383     8.9120
 35  -518.6430     1.6485  -189.7943     2.1429   -52.9922    10.9635  -275.8510     8.7330
 36  -518.6956     1.6055  -189.9135     2.0961   -52.9410    10.6551  -275.8355     8.4870
 37  -518.5011     1.6093  -189.9668     2.0415   -51.5271    10.7420  -277.0016     8.5776
 38  -518.3233     1.6062  -190.0913     2.0026   -50.1024    10.8368  -278.1240     8.6454
 39  -518.2890     1.5660  -190.1876     1.9600   -49.4789    10.6287  -278.6169     8.4783
 40  -518.3082     1.5268  -190.2080     1.9108   -49.4152    10.3604  -278.6794     8.2645
 41  -518.1635     1.5169  -190.0619     1.8864   -48.4490    10.2876  -279.6471     8.2895
 42  -518.3190     1.5127  -189.3480     2.3298   -49.7946    10.3942  -279.1708     8.1456
 43  -518.4026     1.4865  -189.0873     2.3339   -50.5862    10.2723  -278.7235     8.0041
 44  -518.4725     1.4591  -189.0299     2.2832   -51.3052    10.1386  -278.1319     7.9091
 45  -518.5191     1.4293  -189.1056     2.2370   -51.3888     9.9121  -278.0192     7.7346
 46  -518.4963     1.3986  -189.0597     2.1897   -51.3517     9.6946  -278.0794     7.5656
 47  -518.2884     1.4303  -189.2092     2.1634   -49.6386    10.0858  -279.4350     7.8837
 48  -518.0534     1.4770  -189.3863     2.1473   -47.7992    10.5365  -280.8624     8.2288
 49  -517.9136     1.4733  -189.6351     2.1611   -46.7244    10.5408  -281.5485     8.1751
 50  -517.7879     1.4652  -189.6599     2.1180   -45.8208    10.4847  -282.3017     8.1504
 
 
 group  inft  solvation free energy     error          difference
  total solvation free energy
   1      0        -87.66827           1.90872           1.36756
   1     60        -88.07761           1.90817           0.95822
   1     80        -91.45288           1.90536          -2.41705
   1    100       -101.52355           1.90205         -12.48771
   2      0        -87.90208           1.91679           1.13376
   3      0        -89.03583           1.92775          -0.00000
   4      0        -88.09699           1.92972           0.93884
   5      0        -87.75139           1.93948           1.28444
   5     60        -88.30340           1.93877           0.73243
   5     80        -92.38856           1.93544          -3.35273
   5    100       -101.62529           1.93214         -12.58946
 
  contribution from  1-th solvent component
   1      0       -152.89258           1.81069          -0.07283
   1     60       -152.92953           1.81067          -0.10978
   1     80       -153.23473           1.81071          -0.41498
   1    100       -154.13333           1.81213          -1.31358
   2      0       -152.52040           1.83242           0.29935
   3      0       -152.81975           1.84206           0.00000
   4      0       -151.39644           1.84224           1.42331
   5      0       -151.63026           1.84575           1.18949
   5     60       -151.67965           1.84572           1.14010
   5     80       -152.05202           1.84580           0.76773
   5    100       -152.88335           1.84724          -0.06360
 
  contribution from  2-th solvent component
   1      0         50.31529           5.11394           1.45501
   1     60         50.33666           5.11392           1.47638
   1     80         50.46206           5.11411           1.60177
   1    100         50.73112           5.11534           1.87084
   2      0         49.69068           5.10541           0.83040
   3      0         48.86028           5.09995           0.00000
   4      0         48.36937           5.09902          -0.49092
   5      0         49.01417           5.10299           0.15389
   5     60         49.04488           5.10300           0.18460
   5     80         49.21317           5.10306           0.35288
   5    100         49.43851           5.10379           0.57823
 
  contribution from  3-th solvent component
   1      0         14.91458           3.66674          -0.01462
   1     60         14.52082           3.66784          -0.40838
   1     80         11.32536           3.67481          -3.60384
   1    100          1.88423           3.69144         -13.04497
   2      0         14.93321           3.66638           0.00401
   3      0         14.92920           3.66638           0.00000
   4      0         14.93564           3.66597           0.00644
   5      0         14.87026           3.66658          -0.05893
   5     60         14.33693           3.66804          -0.59227
   5     80         10.45585           3.67628          -4.47335
   5    100          1.82511           3.69131         -13.10409
 
 
 group  inft   Estimated free energy: total (kcal/mol)
   1      0     -90.6523     -86.2062     -82.4484     -92.2636     -94.9468
                -79.5252     -91.6819     -87.3557     -84.2468     -88.4773
                -87.9605     -97.5278     -78.6676     -85.8363     -97.7787
                -87.8872     -85.8256     -89.5225     -84.2661     -88.6844
                -83.2749     -99.2968     -97.8188     -89.5348     -83.5535
                -93.6815     -87.9872     -93.2443     -97.0711     -93.5611
                -69.2549     -85.5643     -75.7359     -98.5259     -99.3688
                -83.4700     -82.6257     -85.5553     -91.8210     -88.4933
                -70.5253     -86.8557     -85.0036     -87.8049     -85.2640
                -90.9884     -78.0693     -82.5512     -89.7521     -85.3993
   1     60     -91.0645     -86.6269     -82.8595     -92.6711     -95.3526
                -79.9429     -92.0938     -87.7585     -84.6558     -88.8918
                -88.3671     -97.9319     -79.0789     -86.2444     -98.1861
                -88.2979     -86.2333     -89.9299     -84.6728     -89.0891
                -83.6783     -99.6956     -98.2190     -89.9357     -83.9591
                -94.0888     -88.3938     -93.6542     -97.4776     -93.9663
                -69.6645     -85.9745     -76.1491     -98.9391     -99.7773
                -83.8764     -83.0401     -85.9694     -92.2330     -88.9043
                -70.9366     -87.2601     -85.4106     -88.2095     -85.6736
                -91.3972     -78.4877     -82.9733     -90.1698     -85.8173
   1     80     -94.4528     -90.0677     -86.2423     -96.0284     -98.7012
                -83.3646     -95.4824     -91.0906     -88.0229     -92.3018
                -91.7253    -101.2688     -82.4554     -89.6097    -101.5451
                -91.6789     -89.6006     -93.3031     -88.0441     -92.4410
                -87.0253    -103.0185    -101.5490     -93.2627     -87.3123
                -97.4610     -91.7537     -97.0407    -100.8364     -97.3125
                -73.0350     -89.3546     -79.5475    -102.3420    -103.1470
                -87.2202     -86.4463     -89.3728     -95.6282     -92.2914
                -74.3086     -90.6055     -88.7713     -91.5517     -89.0474
                -94.7684     -81.9265     -86.4349     -93.5979     -89.2476
   1    100    -104.5663    -100.3301     -96.3204    -106.0281    -108.6859
                -93.5136    -105.5829    -101.0397     -98.0467    -102.4650
               -101.7430    -111.2357     -92.5097     -99.6571    -111.5732
               -101.7599     -99.6527    -103.3971     -98.1288    -102.4599
                -97.0486    -113.0200    -111.5520    -103.2221     -97.3312
               -107.5519    -101.7949    -107.1742    -110.8717    -107.3059
                -83.0581     -99.4247     -89.6541    -112.5114    -113.2174
                -97.1659     -96.5971     -99.5085    -105.7438    -102.4017
                -84.3274    -100.6158     -98.8033    -101.5276     -99.1140
               -104.8303     -92.1469     -96.7288    -103.7966     -99.4357
   2      0     -90.7092     -86.2661     -83.2880     -92.7399     -95.0234
                -79.8249     -92.0328     -87.7203     -84.5110     -88.6460
                -88.2462     -97.7715     -78.9023     -86.3478     -98.0388
                -88.2498     -85.8855     -90.0362     -84.1729     -88.9232
                -83.3598     -99.4805     -98.1720     -90.0973     -83.9269
                -93.9842     -88.5782     -93.5346     -96.8894     -93.6602
                -69.1526     -85.7457     -75.4186     -98.6812     -99.5347
                -84.2273     -83.2815     -86.1229     -92.0266     -88.2917
                -70.7154     -86.9807     -85.1553     -87.7555     -85.3129
                -91.3612     -78.0297     -82.4741     -90.2146     -85.6027
   3      0     -91.8967     -87.5950     -84.3304     -93.9717     -96.3050
                -80.8929     -92.9853     -88.7418     -85.7668     -89.7182
                -89.4746     -98.8739     -80.0723     -87.3155     -99.3998
                -89.4227     -87.0434     -90.7745     -85.3402     -90.0696
                -84.4600    -100.6710     -99.2911     -91.1528     -84.9325
                -95.2282     -89.7866     -94.7376     -97.8692     -94.9089
                -70.0871     -86.9613     -76.5347    -100.0036    -100.8072
                -85.3337     -84.5314     -87.4318     -93.2409     -89.4976
                -71.6998     -88.0937     -86.1752     -88.8719     -86.3008
                -92.4126     -79.3395     -83.5448     -91.3406     -86.5550
   4      0     -90.8828     -86.7331     -83.4697     -92.9903     -95.2917
                -79.9353     -92.2676     -87.7905     -84.7683     -88.8815
                -88.4799     -97.7200     -79.0172     -86.5230     -98.3957
                -88.4382     -85.9960     -90.1810     -84.3461     -89.1421
                -83.5450     -99.7707     -98.4541     -90.3249     -83.9661
                -94.1352     -88.7977     -93.4765     -97.1683     -93.9061
                -69.0317     -85.9309     -75.4381     -98.8612     -99.8070
                -84.5812     -83.7545     -86.5354     -92.3684     -88.4160
                -70.7898     -87.1076     -85.3305     -87.9258     -85.4724
                -91.6896     -78.1347     -82.5028     -90.4633     -85.9145
   5      0     -90.4232     -86.2020     -83.1187     -92.7387     -95.0985
                -79.7560     -91.8417     -87.3818     -84.5143     -88.5370
                -88.3447     -97.5266     -78.7853     -86.0024     -98.1867
                -88.4003     -85.7324     -89.2364     -84.0047     -88.6503
                -83.2754     -99.2305     -98.1881     -89.9602     -83.5077
                -94.0931     -88.6219     -93.2744     -96.9766     -93.9744
                -68.8668     -85.6620     -75.2015     -98.8471     -99.6028
                -83.8270     -83.3488     -86.3736     -91.6977     -87.8441
                -70.2025     -86.5645     -84.8064     -87.7179     -85.1266
                -91.2928     -77.8491     -82.0010     -89.8699     -85.2834
   5     60     -90.9790     -86.7680     -83.6723     -93.2881     -95.6459
                -80.3182     -92.3968     -87.9250     -85.0661     -89.0957
                -88.8930     -98.0715     -79.3392     -86.5525     -98.7359
                -88.9542     -86.2827     -89.7859     -84.5541     -89.1962
                -83.8202     -99.7691     -98.7288     -90.5013     -84.0546
                -94.6428     -89.1700     -93.8274     -97.5255     -94.5206
                -69.4192     -86.2150     -75.7592     -99.4041    -100.1539
                -84.3750     -83.9070     -86.9319     -92.2534     -88.3985
                -70.7565     -87.1101     -85.3556     -88.2637     -85.6795
                -91.8438     -78.4137     -82.5699     -90.4327     -85.8472
   5     80     -95.0817     -90.9351     -87.7638     -97.3509     -99.6964
                -84.4548     -96.4994     -91.9554     -89.1394     -93.2242
                -92.9539    -102.1097     -83.4252     -90.6249    -102.7996
                -93.0449     -90.3593     -93.8672     -88.6394     -93.2552
                -87.8741    -103.7952    -102.7649     -94.5307     -88.1112
                -98.7241     -93.2358     -97.9276    -101.5896     -98.5667
                -73.4937     -90.3046     -79.8732    -103.5222    -104.2334
                -88.4184     -88.0344     -91.0523     -96.3608     -92.5000
                -74.8387     -91.1593     -89.4234     -92.3077     -89.7681
                -95.9223     -82.5760     -86.7601     -94.5813     -89.9981
   5    100    -104.3619    -100.3520     -97.0086    -106.5244    -108.8571
                -93.7597    -105.7629    -101.0775     -98.3357    -102.5481
               -102.1382    -111.2535     -92.6475     -99.8423    -111.9990
               -102.2898     -99.5809    -103.1161     -97.8930    -102.4435
                -97.0688    -112.9673    -111.9446    -103.6652     -97.2919
               -107.9755    -102.4388    -107.2168    -110.7881    -107.7242
                -82.6785     -99.5426     -89.1495    -112.8445    -113.4706
                -97.5403     -97.3558    -100.3531    -105.6415    -101.7765
                -84.0345    -100.3440     -98.6240    -101.4555     -99.0089
               -105.1482     -91.9509     -96.1967    -103.9361     -99.3396
 
 group  inft   Estimated free energy: 1-th solvent contribution (kcal/mol)
   1      0    -155.4551    -147.6492    -146.1693    -160.6037    -163.1094
               -152.2669    -161.2636    -150.6770    -154.2729    -155.9986
               -154.3523    -154.2304    -143.8393    -150.5174    -156.6483
               -148.0691    -153.9846    -155.8651    -153.2762    -157.1022
               -144.1047    -157.4958    -158.1222    -150.0760    -151.6396
               -161.1964    -155.8273    -158.9876    -143.3500    -150.5752
               -140.0883    -151.4345    -151.6236    -159.8913    -156.8736
               -158.4322    -152.6004    -159.5126    -160.2091    -151.5140
               -144.0745    -131.6082    -140.2077    -149.7952    -151.7710
               -153.9900    -151.2332    -154.6715    -162.6113    -155.7613
   1     60    -155.4923    -147.6872    -146.2065    -160.6405    -163.1461
               -152.3047    -161.3006    -150.7138    -154.3100    -156.0357
               -154.3893    -154.2669    -143.8766    -150.5542    -156.6850
               -148.1060    -154.0214    -155.9020    -153.3127    -157.1390
               -144.1411    -157.5318    -158.1581    -150.1124    -151.6763
               -161.2329    -155.8640    -159.0243    -143.3866    -150.6122
               -140.1254    -151.4715    -151.6608    -159.9283    -156.9101
               -158.4690    -152.6378    -159.5497    -160.2461    -151.5510
               -144.1119    -131.6451    -140.2445    -149.8317    -151.8079
               -154.0270    -151.2711    -154.7096    -162.6486    -155.7990
   1     80    -155.7982    -147.9965    -146.5135    -160.9455    -163.4500
               -152.6156    -161.6066    -151.0188    -154.6165    -156.3416
               -154.6955    -154.5695    -144.1828    -150.8582    -156.9894
               -148.4105    -154.3260    -156.2072    -153.6159    -157.4444
               -144.4425    -157.8318    -158.4572    -150.4148    -151.9799
               -161.5367    -156.1688    -159.3287    -143.6893    -150.9191
               -140.4309    -151.7767    -151.9672    -160.2335    -157.2124
               -158.7745    -152.9451    -159.8560    -160.5526    -151.8561
               -144.4186    -131.9488    -140.5469    -150.1338    -152.1120
               -154.3318    -151.5820    -155.0217    -162.9558    -156.1092
   1    100    -156.6990    -148.8984    -147.4126    -161.8488    -164.3510
               -153.5272    -162.5124    -151.9147    -155.5187    -157.2420
               -155.5971    -155.4632    -145.0779    -151.7514    -157.8932
               -149.3044    -155.2218    -157.1094    -154.5110    -158.3468
               -145.3290    -158.7274    -159.3483    -151.3060    -152.8756
               -162.4421    -157.0733    -160.2310    -144.5738    -151.8222
               -141.3217    -152.6702    -152.8637    -161.1399    -158.1085
               -159.6798    -153.8448    -160.7609    -161.4609    -152.7523
               -145.3138    -132.8321    -141.4284    -151.0229    -153.0046
               -155.2291    -152.4873    -155.9323    -163.8637    -157.0198
   2      0    -155.0256    -147.2157    -145.8395    -160.2287    -162.9197
               -151.7590    -160.9610    -150.4118    -153.9701    -155.6975
               -153.9482    -153.9828    -143.5581    -150.2283    -156.4806
               -147.7162    -153.6796    -155.4902    -152.7938    -156.8559
               -143.5315    -157.1378    -157.9164    -149.8106    -151.1608
               -160.9578    -155.4494    -158.6550    -142.8912    -150.0860
               -139.2434    -151.1036    -150.8124    -159.6630    -156.5347
               -158.2300    -152.2325    -159.2543    -159.9128    -151.0040
               -143.5475    -131.2275    -139.6316    -149.3617    -151.3978
               -153.6538    -150.7563    -154.3014    -162.3667    -155.4262
   3      0    -155.3035    -147.6092    -146.1587    -160.5866    -163.2634
               -152.0025    -161.3128    -150.6843    -154.3131    -155.9784
               -154.2589    -154.2600    -143.8719    -150.5136    -156.8899
               -148.0421    -153.9471    -155.6653    -153.0495    -157.2046
               -143.7931    -157.4741    -158.2459    -150.1957    -151.4092
               -161.3293    -155.8399    -158.9684    -143.1467    -150.4624
               -139.4129    -151.3940    -150.9537    -160.0350    -156.9204
               -158.5831    -152.5313    -159.6006    -160.2141    -151.3280
               -143.6461    -131.4854    -139.8525    -149.5962    -151.5949
               -153.9829    -151.0530    -154.5679    -162.7537    -155.7019
   4      0    -154.0104    -145.9725    -144.6656    -159.1622    -161.7668
               -150.6032    -159.9156    -149.3348    -152.7894    -154.6034
               -152.7823    -152.8893    -142.5384    -149.1263    -155.3328
               -146.5702    -152.5982    -154.4468    -151.6453    -155.7648
               -142.5074    -156.0943    -156.8798    -148.8380    -149.9371
               -159.8639    -154.1886    -157.4998    -142.0135    -148.9147
               -137.8000    -149.8917    -149.5029    -158.5161    -155.5226
               -157.0575    -151.0587    -158.2652    -158.9062    -149.7586
               -142.2396    -130.0413    -138.4268    -148.0990    -150.4248
               -152.4728    -149.5500    -153.1877    -161.2922    -154.5528
   5      0    -154.1191    -146.1808    -144.9222    -159.4264    -162.0605
               -150.9648    -160.1035    -149.4928    -153.1428    -154.8025
               -153.1993    -153.1821    -142.8027    -149.2545    -155.6959
               -147.0258    -152.8504    -154.3787    -151.8296    -155.9186
               -142.7400    -156.2280    -157.1915    -149.0693    -150.1450
               -160.3294    -154.5776    -157.8534    -142.2650    -149.4305
               -138.1417    -150.2385    -149.7647    -158.9622    -155.8127
               -157.1352    -151.2435    -158.6089    -158.9435    -149.7838
               -142.2180    -130.1452    -138.6118    -148.3657    -150.5341
               -152.7936    -149.7695    -153.2841    -161.4034    -154.5701
   5     60    -154.1689    -146.2316    -144.9720    -159.4755    -162.1094
               -151.0153    -160.1528    -149.5419    -153.1924    -154.8521
               -153.2487    -153.2311    -142.8525    -149.3037    -155.7450
               -147.0752    -152.8997    -154.4277    -151.8787    -155.9677
               -142.7887    -156.2759    -157.2395    -149.1182    -150.1939
               -160.3782    -154.6265    -157.9023    -142.3140    -149.4800
               -138.1912    -150.2881    -149.8146    -159.0112    -155.8615
               -157.1844    -151.2933    -158.6584    -158.9930    -149.8333
               -142.2678    -130.1946    -138.6613    -148.4146    -150.5837
               -152.8430    -149.8204    -153.3350    -161.4534    -154.6206
   5     80    -154.5428    -146.6099    -145.3462    -159.8478    -162.4806
               -151.3940    -160.5257    -149.9125    -153.5671    -155.2257
               -153.6209    -153.6011    -143.2260    -149.6747    -156.1169
               -147.4467    -153.2716    -154.7984    -152.2499    -156.3403
               -143.1565    -156.6415    -157.6056    -149.4884    -150.5631
               -160.7487    -154.9968    -158.2725    -142.6819    -149.8530
               -138.5619    -150.6607    -150.1888    -159.3817    -156.2306
               -157.5576    -151.6683    -159.0326    -159.3673    -150.2058
               -142.6413    -130.5648    -139.0316    -148.7832    -150.9566
               -153.2158    -150.2003    -153.7155    -161.8302    -154.9994
   5    100    -155.3780    -147.4479    -146.1776    -160.6841    -163.3159
               -152.2363    -161.3630    -150.7378    -154.4041    -156.0600
               -154.4517    -154.4296    -144.0534    -150.5016    -156.9546
               -148.2736    -154.1008    -155.6285    -153.0800    -157.1744
               -143.9756    -157.4677    -158.4325    -150.3150    -151.3882
               -161.5857    -155.8292    -159.1045    -143.4967    -150.6841
               -139.3807    -151.4887    -151.0202    -160.2158    -157.0601
               -158.3965    -152.5019    -159.8717    -160.2092    -151.0357
               -143.4674    -131.3812    -139.8500    -149.6055    -151.7866
               -154.0485    -151.0394    -154.5581    -162.6753    -155.8430
 
 group  inft   Estimated free energy: 2-th solvent contribution (kcal/mol)
   1      0      53.3194      71.2341      55.7934      47.8391      42.2909
                 74.2222      54.6573      31.1238      57.7995      62.7368
                 45.6971      21.0003      62.0275      45.0043      30.7771
                 46.3111      53.3987      50.6161      58.6652      48.4451
                 39.7343      22.6154      31.9270      28.3968      52.0278
                 50.6333      48.5361      52.2527       6.3574      22.5041
                 60.3470      50.0172      79.1439      46.8946      30.6707
                 56.5504      72.0638      75.5689      59.5466      47.1041
                 74.4813      20.1657      29.7969      33.9598      46.8265
                 47.4806      86.0608      87.5085      71.7755      71.8580
   1     60      53.3396      71.2528      55.8152      47.8619      42.3136
                 74.2442      54.6780      31.1461      57.8222      62.7562
                 45.7189      21.0229      62.0504      45.0257      30.7990
                 46.3313      53.4199      50.6371      58.6870      48.4679
                 39.7558      22.6358      31.9482      28.4192      52.0501
                 50.6546      48.5579      52.2720       6.3776      22.5259
                 60.3702      50.0381      79.1658      46.9137      30.6909
                 56.5749      72.0840      75.5899      59.5678      47.1242
                 74.5048      20.1875      29.8179      33.9820      46.8473
                 47.5015      86.0821      87.5279      71.7962      71.8795
   1     80      53.4544      71.3582      55.9479      47.9980      42.4468
                 74.3786      54.7971      31.2792      57.9651      62.8639
                 45.8469      21.1576      62.1955      45.1541      30.9303
                 46.4524      53.5437      50.7560      58.8128      48.6022
                 39.8794      22.7493      32.0681      28.5516      52.1838
                 50.7755      48.6880      52.3769       6.4879      22.6556
                 60.5154      50.1581      79.2979      47.0173      30.8049
                 56.7351      72.2029      75.7159      59.6893      47.2383
                 74.6583      20.3154      29.9359      34.1135      46.9685
                 47.6211      86.2063      87.6343      71.9127      72.0046
   1    100      53.6851      71.5580      56.2442      48.3034      42.7431
                 74.6839      55.0433      31.5740      58.2986      63.0695
                 46.1253      21.4545      62.5379      45.4336      31.2196
                 46.7072      53.8098      51.0020      59.0807      48.9020
                 40.1400      22.9740      32.3182      28.8442      52.4794
                 51.0248      48.9747      52.5739       6.6998      22.9359
                 60.8575      50.4065      79.5943      47.2095      31.0308
                 57.1325      72.4555      75.9902      59.9431      47.4664
                 75.0340      20.5912      30.1754      34.4015      47.2225
                 47.8687      86.4746      87.8370      72.1494      72.2749
   2      0      52.8198      70.7374      54.5948      46.9527      42.0094
                 73.3773      53.9910      30.4759      57.2124      62.2387
                 44.9739      20.5065      61.4832      44.1990      30.3208
                 45.5599      53.0232      49.7193      58.2689      47.9675
                 39.0436      22.0419      31.3571      27.5535      51.1669
                 50.0826      47.5402      51.6241       6.0693      21.8907
                 59.5933      49.4922      78.6221      46.4960      30.1492
                 55.5708      71.0271      74.7098      59.0302      46.7731
                 73.7640      19.6545      29.0255      33.5570      46.3842
                 46.7494      85.5888      87.1833      71.0547      71.3075
   3      0      51.9157      69.8058      53.8756      46.1005      41.0864
                 72.5447      53.4001      29.7100      56.3117      61.4654
                 44.0562      19.6869      60.6399      43.4991      29.3830
                 44.7127      52.1305      49.1494      57.3638      47.1708
                 38.2186      21.2032      30.5758      26.8661      50.4033
                 49.1847      46.7231      50.7276       5.3410      21.0299
                 58.8219      48.5731      77.6738      45.5656      29.2756
                 54.8386      70.0799      73.7402      58.1115      45.9108
                 72.8900      18.8111      28.2350      32.6821      45.6002
                 46.0151      84.5928      86.3673      70.3210      70.6273
   4      0      51.6546      69.0218      53.2086      45.6367      40.5981
                 72.0943      52.6908      29.3272      55.7746      60.9002
                 43.5703      19.4414      60.3486      42.9245      28.8054
                 44.2352      51.8282      48.5194      56.9285      46.6635
                 37.8339      20.7159      30.0547      26.3592      49.9150
                 48.8042      46.0499      50.5283       4.9171      20.4597
                 58.2529      48.1156      77.2915      45.1842      28.8876
                 54.0346      69.4170      73.3088      57.6755      45.3909
                 72.3936      18.3352      27.6485      32.1149      45.2708
                 45.2120      84.2853      86.0123      69.7133      70.1141
   5      0      52.2684      69.8360      53.9225      46.2245      41.1379
                 72.7187      53.3658      29.9463      56.4310      61.5150
                 44.1970      19.9958      60.9238      43.6398      29.4727
                 44.8201      52.4084      49.4426      57.5155      47.3785
                 38.4176      21.4459      30.7029      27.0121      50.6132
                 49.3752      46.7002      51.1448       5.4282      20.9888
                 58.8407      48.7842      77.8806      45.7147      29.4364
                 54.9108      70.0474      73.9047      58.4261      46.0596
                 72.9931      19.0353      28.4005      32.6482      45.7797
                 46.0011      84.8477      86.6847      70.4645      70.8593
   5     60      52.2977      69.8643      53.9546      46.2571      41.1702
                 72.7508      53.3953      29.9781      56.4640      61.5430
                 44.2284      20.0282      60.9567      43.6709      29.5043
                 44.8498      52.4383      49.4724      57.5463      47.4108
                 38.4479      21.4746      30.7323      27.0437      50.6452
                 49.4055      46.7314      51.1724       5.4568      21.0205
                 58.8742      48.8142      77.9119      45.7421      29.4655
                 54.9464      70.0765      73.9351      58.4569      46.0884
                 73.0270      19.0666      28.4307      32.6800      45.8095
                 46.0314      84.8782      86.7128      70.4948      70.8903
   5     80      52.4515      70.0060      54.1342      46.4391      41.3495
                 72.9305      53.5542      30.1568      56.6555      61.6872
                 44.4016      20.2089      61.1500      43.8434      29.6813
                 45.0129      52.6039      49.6331      57.7133      47.5917
                 38.6138      21.6278      30.8935      27.2222      50.8240
                 49.5688      46.9062      51.3153       5.6055      21.1958
                 59.0685      48.9752      78.0867      45.8816      29.6190
                 55.1614      70.2331      74.1020      58.6202      46.2408
                 73.2290      19.2395      28.5913      32.8570      45.9700
                 46.1948      85.0436      86.8556      70.6533      71.0586
   5    100      52.6416      70.1687      54.3848      46.6960      41.6003
                 73.1876      53.7592      30.4063      56.9387      61.8537
                 44.6362      20.4613      61.4413      44.0788      29.9263
                 45.2262      52.8248      49.8401      57.9345      47.8455
                 38.8297      21.8137      31.1030      27.4716      51.0739
                 49.7784      47.1490      51.4795       5.7813      21.4329
                 59.3618      49.1824      78.3317      46.0377      29.8051
                 55.5042      70.4339      74.3287      58.8301      46.4263
                 73.5440      19.4711      28.7925      33.1010      46.1780
                 46.4063      85.2662      87.0214      70.8520      71.2861
 
 group  inft   Estimated free energy: 3-th solvent contribution (kcal/mol)
   1      0      11.4891      -9.7856       7.9330      20.5066      25.8773
                 -1.4749      14.9299      32.2031      12.2322       4.7901
                 20.7003      35.7079       3.1497      19.6823      28.0981
                 13.8763      14.7659      15.7321      10.3505      19.9782
                 21.1011      35.5891      28.3820      32.1500      16.0639
                 16.8871      19.3096      13.4962      39.9270      34.5156
                 10.4920      15.8585      -3.2506      14.4764      26.8396
                 18.4174      -2.0835      -1.6060       8.8469      15.9221
                 -0.9265      24.5924      25.4128      28.0361      19.6862
                 15.5266     -12.8913     -15.3826       1.0893      -1.4904
   1     60      11.0939     -10.1870       7.5373      20.1131      25.4855
                 -1.8768      14.5344      31.8148      11.8375       4.3933
                 20.3088      35.3177       2.7529      19.2896      27.7054
                 13.4823      14.3738      15.3406       9.9584      19.5876
                 20.7126      35.2059      27.9965      31.7631      15.6727
                 16.4951      18.9179      13.1038      39.5370      34.1255
                 10.0963      15.4645      -3.6486      14.0811      26.4474
                 18.0232      -2.4807      -2.0040       8.4508      15.5281
                 -1.3240      24.2031      25.0216      27.6457      19.2926
                 15.1339     -13.2932     -15.7860       0.6882      -1.8922
   1     80       7.8966     -13.4238       4.3288      16.9246      22.3075
                 -5.1221      11.3327      28.6546       8.6340       1.1816
                 17.1288      32.1487      -0.4626      16.0999      24.5196
                 10.2849      11.1872      12.1537       6.7646      16.4067
                 17.5434      32.0696      24.8457      28.6061      12.4894
                 13.3057      15.7327       9.9166      36.3706      30.9566
                  6.8859      12.2696      -6.8727      10.8798      23.2661
                 14.8247      -5.6986      -5.2271       5.2406      12.3320
                 -4.5428      21.0334      21.8453      24.4740      16.1017
                 11.9479     -16.5454     -19.0420      -2.5492      -5.1375
   1    100      -1.5468     -22.9840      -5.1465       7.5229      12.9276
                -14.6647       1.8918      19.3066      -0.8210      -8.2869
                  7.7343      22.7786      -9.9641       6.6663      15.1059
                  0.8428       1.7649       2.7158      -2.6930       6.9905
                  8.1459      22.7390      15.4836      19.2452       3.0706
                  3.8709       6.3092       0.4885      27.0079      21.5859
                 -2.5884       2.8445     -16.3792       1.4245      13.8659
                  5.3870     -15.2023     -14.7323      -4.2204       2.8898
                -14.0419      11.6307      12.4553      15.0994       6.6737
                  2.5357     -26.1286     -28.6279     -12.0767     -14.6852
   2      0      11.5021      -9.7822       7.9622      20.5417      25.8924
                 -1.4377      14.9427      32.2211      12.2523       4.8184
                 20.7337      35.7104       3.1782      19.6871      28.1266
                 13.9121      14.7765      15.7403      10.3575      19.9708
                 21.1338      35.6210      28.3928      32.1653      16.0726
                 16.8965      19.3366      13.5020      39.9380      34.5407
                 10.5030      15.8712      -3.2227      14.4914      26.8564
                 18.4374      -2.0705      -1.5728       8.8615      15.9447
                 -0.9263      24.5978      25.4564      28.0548      19.7063
                 15.5488     -12.8566     -15.3504       1.1030      -1.4785
   3      0      11.4966      -9.7861       7.9583      20.5199      25.8775
                 -1.4295      14.9329      32.2380      12.2401       4.8004
                 20.7337      35.7048       3.1653      19.7044      28.1127
                 13.9123      14.7788      15.7469      10.3511      19.9698
                 21.1201      35.6054      28.3845      32.1823      16.0789
                 16.9219      19.3358      13.5087      39.9421      34.5292
                 10.5094      15.8652      -3.2492      14.4714      26.8431
                 18.4164      -2.0744      -1.5658       8.8673      15.9251
                 -0.9381      24.5862      25.4478      28.0478      19.6995
                 15.5608     -12.8737     -15.3385       1.0977      -1.4749
   4      0      11.4786      -9.7768       7.9929      20.5408      25.8826
                 -1.4208      14.9627      32.2227      12.2521       4.8273
                 20.7377      35.7335       3.1781      19.6844      28.1372
                 13.9023      14.7796      15.7519      10.3763      19.9647
                 21.1340      35.6133      28.3766      32.1594      16.0616
                 16.9300      19.3466      13.5006      39.9336      34.5544
                 10.5210      15.8509      -3.2211      14.4763      26.8336
                 18.4473      -2.1072      -1.5735       8.8679      15.9573
                 -0.9383      24.6041      25.4534      28.0638      19.6872
                 15.5769     -12.8645     -15.3219       1.1212      -1.4702
   5      0      11.4330      -9.8517       7.8865      20.4688      25.8296
                 -1.5043      14.9016      32.1704      12.2030       4.7561
                 20.6632      35.6652       3.0992      19.6179      28.0421
                 13.8109      14.7151      15.7053      10.3150      19.8954
                 21.0526      35.5572      28.3062      32.1026      16.0297
                 16.8667      19.2611      13.4397      39.8657      34.4729
                 10.4397      15.7979      -3.3118      14.4060      26.7791
                 18.4029      -2.1472      -1.6639       8.8252      15.8857
                 -0.9721      24.5509      25.4104      28.0053      19.6333
                 15.5053     -12.9218     -15.3961       1.0745      -1.5670
   5     60      10.8978     -10.3952       7.3506      19.9359      25.2990
                 -2.0482      14.3663      31.6443      11.6679       4.2190
                 20.1328      35.1369       2.5621      19.0859      27.5103
                 13.2768      14.1843      15.1749       9.7838      19.3663
                 20.5262      35.0378      27.7840      31.5786      15.4997
                 16.3355      18.7307      12.9080      39.3372      33.9444
                  9.9035      15.2645      -3.8509      13.8706      26.2476
                 17.8687      -2.6846      -2.2030       8.2883      15.3520
                 -1.5101      24.0235      24.8805      27.4765      19.1003
                 14.9734     -13.4660     -15.9421       0.5315      -2.1113
   5     80       7.0152     -14.3256       3.4538      16.0634      21.4402
                 -5.9856      10.4777      27.8059       7.7778       0.3199
                 16.2709      31.2881      -1.3436      15.2120      23.6417
                  9.3944      10.3140      11.3036       5.9028      15.4990
                 16.6741      31.2241      23.9529      27.7412      11.6335
                 12.4613      14.8604       9.0352      35.4923      30.0961
                  6.0053      11.3864      -7.7655       9.9835      22.3837
                 13.9833      -6.5937      -6.1161       4.3918      11.4706
                 -5.4208      20.1716      21.0225      23.6241      15.2241
                 11.1043     -17.4137     -19.8946      -3.3988      -6.0518
   5    100      -1.6199     -23.0673      -5.2103       7.4693      12.8641
                -14.7054       1.8465      19.2595      -0.8647      -8.3362
                  7.6828      22.7204     -10.0299       6.5861      15.0348
                  0.7632       1.7006       2.6778      -2.7419       6.8909
                  8.0826      22.6923      15.3904      19.1837       3.0279
                  3.8374       6.2470       0.4138      26.9328      21.5325
                 -2.6542       2.7694     -16.4553       1.3392      13.7899
                  5.3576     -15.2823     -14.8046      -4.2568       2.8384
                -14.1055      11.5716      12.4390      15.0546       6.6052
                  2.4995     -26.1721     -28.6544     -12.1072     -14.7771
 
 
 cumulative average & 95% error for solvation free energy
              total             1st component         2nd component         3rd component
  1   -91.8967             -155.3035               51.9157               11.4966
  2   -89.7459     4.3017  -151.4563     7.6943    60.8608    17.8901     0.8553    21.2826
  3   -87.9407     4.3821  -149.6905     5.6751    58.5324    11.3301     3.2229    13.1684
  4   -89.4485     4.3237  -152.4145     6.7665    55.4244    10.1402     7.5472    12.7083
  5   -90.8198     4.3288  -154.5843     6.8046    52.5568     9.7255    11.2133    12.2744
  6   -89.1653     4.8417  -154.1540     5.6222    55.8881    10.3657     9.1061    10.8720
  7   -89.7110     4.2350  -155.1767     5.1732    55.5327     8.7894     9.9385     9.3381
  8   -89.5899     3.6756  -154.6151     4.6187    52.3049     9.9808    12.7260     9.8224
  9   -89.1651     3.3511  -154.5816     4.0739    52.7501     8.8472    12.6720     8.6632
 10   -89.2204     2.9993  -154.7213     3.6545    53.6216     8.1028    11.8848     7.9069
 11   -89.2435     2.7134  -154.6792     3.3067    52.7520     7.5328    12.6893     7.3308
 12   -90.0460     2.9516  -154.6443     3.0194    49.9966     8.8122    14.6072     7.7135
 13   -89.2788     3.1186  -153.8156     3.2343    50.8153     8.2698    13.7271     7.3105
 14   -89.1386     2.9009  -153.5798     3.0313    50.2927     7.7274    14.1540     6.8219
 15   -89.8227     3.0274  -153.8005     2.8563    48.8987     7.7151    15.0846     6.6179
 16   -89.7977     2.8323  -153.4406     2.7671    48.6371     7.2358    15.0113     6.1922
 17   -89.6357     2.6801  -153.4704     2.5999    48.8426     6.8093    14.9977     5.8166
 18   -89.6989     2.5300  -153.5923     2.4633    48.8596     6.4199    15.0393     5.4846
 19   -89.4695     2.4367  -153.5637     2.3308    49.3072     6.1383    14.7925     5.2113
 20   -89.4995     2.3125  -153.7458     2.2409    49.2004     5.8272    15.0514     4.9709
 21   -89.2595     2.2514  -153.2718     2.3328    48.6775     5.6406    15.3404     4.7635
 22   -89.7783     2.3841  -153.4628     2.2568    47.4286     5.9298    16.2615     4.9012
 23   -90.1919     2.4236  -153.6708     2.1962    46.6959     5.8525    16.7886     4.8005
 24   -90.2319     2.3218  -153.5260     2.1225    45.8697     5.8419    17.4300     4.7718
 25   -90.0199     2.2670  -153.4413     2.0429    46.0510     5.6151    17.3760     4.5782
 26   -90.2202     2.2146  -153.7447     2.0544    46.1715     5.4002    17.3585     4.3987
 27   -90.2042     2.1313  -153.8223     1.9829    46.1920     5.1965    17.4317     4.2352
 28   -90.3661     2.0791  -154.0061     1.9458    46.3539     5.0180    17.2916     4.0908
 29   -90.6248     2.0718  -153.6316     2.0214    44.9397     5.6075    18.0727     4.2450
 30   -90.7676     2.0218  -153.5260     1.9643    44.1427     5.6470    18.6212     4.2453
 31   -90.1005     2.3673  -153.0707     2.1068    44.6162     5.5433    18.3596     4.1393
 32   -90.0024     2.3005  -153.0183     2.0425    44.7399     5.3729    18.2816     4.0109
 33   -89.5943     2.3744  -152.9558     1.9836    45.7379     5.5770    17.6292     4.1006
 34   -89.9004     2.3835  -153.1640     1.9689    45.7328     5.4105    17.5363     3.9825
 35   -90.2121     2.3969  -153.2713     1.9239    45.2626     5.3371    17.8022     3.9034
 36   -90.0766     2.3451  -153.4189     1.8928    45.5286     5.2140    17.8193     3.7936
 37   -89.9267     2.3004  -153.3949     1.8416    46.1922     5.2419    17.2816     3.8432
 38   -89.8610     2.2429  -153.5582     1.8220    46.9171     5.3041    16.7856     3.8700
 39   -89.9477     2.1915  -153.7288     1.8072    47.2041     5.1981    16.5826     3.7912
 40   -89.9364     2.1361  -153.6688     1.7655    47.1718     5.0669    16.5661     3.6954
 41   -89.4917     2.2653  -153.4244     1.7900    47.7991     5.0985    16.1392     3.7039
 42   -89.4584     2.2118  -152.9020     2.0354    47.1089     5.1636    16.3403     3.6369
 43   -89.3820     2.1651  -152.5985     2.0781    46.6700     5.1179    16.5521     3.5765
 44   -89.3704     2.1154  -152.5303     2.0349    46.3521     5.0405    16.8134     3.5332
 45   -89.3022     2.0724  -152.5095     1.9896    46.3353     4.9273    16.8775     3.4561
 46   -89.3698     2.0314  -152.5415     1.9469    46.3284     4.8190    16.8489     3.3806
 47   -89.1564     2.0330  -152.5099     1.9061    47.1425     4.9886    16.2165     3.5415
 48   -89.0395     2.0039  -152.5528     1.8679    47.9597     5.1498    15.5591     3.7079
 49   -89.0865     1.9648  -152.7609     1.8762    48.4161     5.1255    15.2640     3.6791
 50   -89.0358     1.9277  -152.8198     1.8421    48.8603     5.0999    14.9292     3.6664
 
 Mesh error is    1.368 kcal/mol
