 ERmod 0.3.8, Copyright (C) 2000-2019 Nobuyuki Matubayasi
                            2010-2019 Shun Sakuraba
 ERmod comes with ABSOLUTELY NO WARRANTY.
 This is free software, and you can redistribute it
 and/or modify it under certain conditions.
 See LICENSE file for details.
 
  Number of the   1-th solvent  =          368
  Number of the   2-th solvent  =          368
  Number of the   3-th solvent  =        10000
 
  Be sure that the solvent distribution is homogeneous (radial distribution function is essentially unity) when the solvent molecule is separated beyond distance of   10.0 Angstrom in any direction from any atom within the solute molecule
 
  LJ long-range correction    =        -0.6509     -0.1232     -7.4645
 
  Self-energy of the solute   =        -0.0083  kcal/mol
 
 
 cumulative average & 95% error for solvation energy
              total             1st component         2nd component         3rd component
  1  -485.9880             -112.3351              -11.8567             -361.7879
  2  -486.3130     0.6500  -113.4735     2.2769   -12.3868     1.0601  -360.4444     2.6870
  3  -487.3531     2.1137  -113.1454     1.4692   -15.0746     5.4104  -359.1248     3.0615
  4  -493.9152    13.2091  -115.3726     4.5739   -35.6766    41.3811  -342.8578    32.6059
  5  -497.8692    12.9315  -115.2705     3.5488   -50.3854    43.5068  -332.2050    33.0426
  6  -500.5356    11.8288  -115.3422     2.9011   -59.4384    39.8713  -325.7467    29.9118
  7  -502.4545    10.7085  -115.2816     2.4549   -65.6237    35.8963  -321.5410    26.6427
  8  -503.8391     9.6785  -114.7128     2.4112   -71.0116    32.9018  -318.1064    24.0741
  9  -504.8575     8.7753  -114.9271     2.1692   -74.5157    29.8510  -315.4064    21.9073
 10  -505.7599     8.0536  -114.8652     1.9441   -77.5002    27.3586  -313.3861    20.0067
 11  -506.4995     7.4335  -115.1820     1.8691   -79.5980    25.0999  -311.7113    18.4042
 12  -507.0721     6.8818  -115.4358     1.7802   -81.2644    23.1541  -310.3637    17.0155
 13  -507.6627     6.4395  -115.7493     1.7535   -83.4224    21.7316  -308.4827    16.0977
 14  -508.1036     6.0267  -116.0106     1.7055   -84.8444    20.3196  -307.2402    15.1093
 15  -508.4661     5.6572  -115.8932     1.6050   -86.2853    19.1347  -306.2793    14.1967
 16  -508.7659     5.3257  -115.8552     1.5033   -87.2836    18.0099  -305.6188    13.3453
 17  -508.9567     5.0172  -115.7093     1.4419   -88.4022    17.0647  -304.8370    12.6329
 18  -509.1370     4.7439  -115.3496     1.5381   -89.6958    16.2954  -304.0833    12.0054
 19  -509.3181     4.5019  -115.0903     1.5445   -90.7916    15.5689  -303.4278    11.4314
 20  -509.5208     4.2901  -115.3779     1.5741   -91.1001    14.7829  -303.0345    10.8733
 21  -509.6151     4.0851  -115.5150     1.5221   -91.4536    14.0791  -302.6383    10.3729
 22  -509.7266     3.9013  -115.5352     1.4518   -92.0200    13.4716  -302.1632     9.9357
 23  -509.8269     3.7332  -115.5471     1.3875   -92.4477    12.9009  -301.8239     9.5181
 24  -509.9705     3.5858  -115.3718     1.3739   -93.1390    12.4288  -301.4515     9.1433
 25  -510.1474     3.4575  -115.3623     1.3179   -93.7793    11.9899  -300.9975     8.8168
 26  -510.2238     3.3254  -115.4129     1.2702   -94.0248    11.5300  -300.7778     8.4823
 27  -510.3170     3.2053  -115.4928     1.2327   -94.3259    11.1111  -300.4900     8.1823
 28  -510.3672     3.0903  -115.5097     1.1883   -94.6172    10.7227  -300.2321     7.9016
 29  -510.4933     2.9925  -115.7226     1.2231   -94.9000    10.3618  -299.8624     7.6600
 30  -510.5802     2.8963  -115.8225     1.1984   -95.1089    10.0192  -299.6405     7.4136
 31  -510.6992     2.8114  -115.7924     1.1607   -95.5871     9.7377  -299.3114     7.2006
 32  -511.2862     2.9645  -115.7288     1.1310   -98.4226    11.0026  -297.1265     8.2281
 33  -511.8506     3.0871  -115.5372     1.1613  -101.0187    11.8608  -295.2865     8.7831
 34  -512.4809     3.2494  -115.4021     1.1585  -104.0939    13.0472  -292.9767     9.6925
 35  -512.9386     3.2853  -115.4859     1.1374  -105.8935    13.1703  -291.5509     9.8340
 36  -513.3951     3.3207  -115.3492     1.1386  -108.0175    13.4858  -290.0201    10.0354
 37  -513.8495     3.3551  -115.0756     1.2353  -110.1770    13.8091  -288.5885    10.1716
 38  -514.2508     3.3628  -114.9888     1.2148  -111.9189    13.8849  -287.3348    10.2130
 39  -514.6103     3.3534  -114.8278     1.2263  -113.5942    13.9331  -286.1800    10.2122
 40  -514.9489     3.3379  -114.7207     1.2143  -115.1242    13.9207  -285.0957    10.1871
 41  -515.2935     3.3277  -114.6109     1.2045  -116.7604    13.9658  -283.9139    10.2129
 42  -515.6058     3.3070  -114.4772     1.2054  -118.1531    13.9109  -282.9672    10.1450
 43  -515.9103     3.2861  -114.5092     1.1788  -119.4161    13.8164  -281.9767    10.1024
 44  -516.2078     3.2652  -114.4511     1.1576  -120.6882    13.7364  -281.0603    10.0388
 45  -516.5290     3.2558  -114.3808     1.1402  -122.0153    13.6875  -280.1245     9.9901
 46  -516.7667     3.2195  -114.4137     1.1171  -123.1307    13.5713  -279.2141     9.9387
 47  -517.0063     3.1865  -114.3478     1.1010  -124.1860    13.4460  -278.4642     9.8399
 48  -517.2563     3.1593  -114.3567     1.0779  -125.2348    13.3290  -277.6565     9.7673
 49  -517.4793     3.1261  -114.3409     1.0562  -126.2694    13.2172  -276.8607     9.6974
 50  -517.7067     3.0965  -114.3483     1.0349  -127.2295    13.0917  -276.1206     9.6160
 
 
 group  inft  solvation free energy     error          difference
  total solvation free energy
   1      0        -85.77043           1.11860           0.57964
   1     60        -85.98060           1.11822           0.36947
   1     80        -87.96241           1.11451          -1.61234
   1    100        -95.52309           1.10612          -9.17302
   2      0        -85.68766           1.14203           0.66241
   3      0        -86.35007           1.15211           0.00000
   4      0        -85.91977           1.16052           0.43029
   5      0        -86.70346           1.16165          -0.35339
   5     60        -86.99504           1.16108          -0.64497
   5     80        -89.47511           1.15678          -3.12504
   5    100        -96.47019           1.15022         -10.12012
 
  contribution from  1-th solvent component
   1      0       -100.85231           0.57865          -0.07978
   1     60       -100.85950           0.57862          -0.08697
   1     80       -100.93722           0.57854          -0.16469
   1    100       -101.24209           0.57863          -0.46956
   2      0       -100.75010           0.58057           0.02244
   3      0       -100.77253           0.58386           0.00000
   4      0       -100.72000           0.58561           0.05254
   5      0       -101.26119           0.58895          -0.48865
   5     60       -101.27264           0.58894          -0.50011
   5     80       -101.37020           0.58888          -0.59766
   5    100       -101.65258           0.58906          -0.88005
 
  contribution from  2-th solvent component
   1      0        -11.42013           6.65465           0.69522
   1     60        -11.40633           6.65470           0.70902
   1     80        -11.30718           6.65550           0.80817
   1    100        -11.03055           6.65868           1.08480
   2      0        -11.48004           6.66869           0.63531
   3      0        -12.11535           6.67617           0.00000
   4      0        -11.73878           6.67768           0.37656
   5      0        -11.95614           6.68035           0.15921
   5     60        -11.94014           6.68045           0.17521
   5     80        -11.82188           6.68159           0.29347
   5    100        -11.55460           6.68490           0.56075
 
  contribution from  3-th solvent component
   1      0         26.51031           5.88268          -0.03580
   1     60         26.29353           5.88256          -0.25259
   1     80         24.29030           5.88538          -2.25582
   1    100         16.75786           5.90462          -9.78826
   2      0         26.55078           5.88501           0.00466
   3      0         26.54612           5.88623           0.00000
   4      0         26.54731           5.88627           0.00119
   5      0         26.52217           5.88735          -0.02395
   5     60         26.22605           5.88723          -0.32007
   5     80         23.72527           5.89132          -2.82085
   5    100         16.74529           5.90956          -9.80082
 
 
 group  inft   Estimated free energy: total (kcal/mol)
   1      0     -89.3433     -92.0700     -90.8536     -81.5109     -84.1222
                -84.3070     -81.6926     -82.5465     -83.1812     -82.6857
                -81.9287     -81.4268     -84.5302     -83.1255     -83.6288
                -82.1307     -83.3920     -82.3974     -83.7983     -83.0231
                -80.5199     -80.9359     -81.6516     -81.9736     -83.8026
                -80.6033     -80.4477     -79.3600     -85.6577     -82.6466
                -85.0652     -90.8197     -91.2319     -94.3662     -88.7244
                -89.6924     -91.2179     -88.4710     -90.4474     -88.7637
                -89.9991     -87.8964     -88.5221     -89.4815     -91.4173
                -87.7871     -87.6720     -89.7759     -88.5792     -89.2979
   1     60     -89.5456     -92.2737     -91.0576     -81.7223     -84.3348
                -84.5189     -81.9031     -82.7584     -83.3932     -82.8970
                -82.1401     -81.6373     -84.7424     -83.3368     -83.8404
                -82.3422     -83.6027     -82.6092     -84.0103     -83.2344
                -80.7303     -81.1467     -81.8635     -82.1857     -84.0149
                -80.8145     -80.6589     -79.5705     -85.8705     -82.8573
                -85.2775     -91.0285     -91.4416     -94.5757     -88.9320
                -89.9026     -91.4276     -88.6801     -90.6570     -88.9728
                -90.2091     -88.1053     -88.7314     -89.6902     -91.6275
                -87.9953     -87.8818     -89.9852     -88.7880     -89.5074
   1     80     -91.5104     -94.2466     -93.0304     -83.7195     -86.3389
                -86.5164     -83.8917     -84.7541     -85.3909     -84.8910
                -84.1352     -83.6295     -86.7438     -85.3315     -85.8370
                -84.3408     -85.5968     -84.6031     -86.0110     -85.2289
                -82.7167     -83.1325     -83.8622     -84.1873     -86.0164
                -82.8029     -82.6511     -81.5564     -87.8744     -84.8497
                -87.2795     -92.9891     -93.4079     -96.5385     -90.8864
                -91.8709     -93.3942     -90.6429     -92.6209     -90.9374
                -92.1820     -90.0684     -90.6949     -91.6526     -93.5969
                -89.9491     -89.8454     -91.9479     -90.7484     -91.4701
   1    100     -99.1906    -101.9642    -100.7139     -91.3177     -93.9736
                -94.1214     -91.4575     -92.3494     -92.9992     -92.4834
                -91.7261     -91.2104     -94.3500     -92.9219     -93.4381
                -91.9481     -93.1945     -92.1970     -93.6282     -92.8306
                -90.2812     -90.6953     -91.4766     -91.8048     -93.6275
                -90.3747     -90.2332     -89.1175     -95.5096     -92.4368
                -94.9017    -100.4680    -100.9043    -104.0335     -98.3376
                -99.3689    -100.9004     -98.1175    -100.1107     -98.4279
                -99.7062     -97.5463     -98.1752     -99.1359    -101.1037
                -97.4022     -97.3406     -99.4322     -98.2173     -98.9515
   2      0     -89.2704     -92.1294     -90.9692     -81.5190     -84.1215
                -84.0938     -81.3015     -82.6860     -82.9686     -82.5520
                -81.5717     -81.3136     -84.3231     -82.7819     -83.4479
                -82.1213     -83.2178     -82.1562     -83.5442     -82.7328
                -80.1572     -80.8717     -81.4943     -81.9855     -83.5810
                -80.5890     -80.2271     -79.1660     -85.7361     -82.3880
                -85.3686     -90.7153     -91.1133     -94.3756     -88.8525
                -89.8742     -91.3397     -88.3615     -90.3477     -89.0298
                -90.2180     -87.7512     -88.4761     -89.3265     -91.5354
                -87.8082     -87.4840     -89.7099     -88.3725     -89.3052
   3      0     -90.0101     -92.8555     -91.7661     -82.3295     -84.9467
                -84.6105     -81.9553     -83.3841     -83.5425     -83.2334
                -82.2682     -81.9326     -84.9075     -83.3906     -83.9293
                -82.6570     -83.8866     -82.6443     -84.1144     -83.3117
                -80.7509     -81.6542     -82.2504     -82.7504     -84.1652
                -81.2309     -80.7115     -79.7375     -86.3457     -83.0188
                -86.2124     -91.5920     -92.0539     -95.0960     -89.3961
                -90.5681     -91.9398     -89.0499     -90.8242     -89.7351
                -90.8849     -88.4981     -89.2040     -90.0171     -92.3080
                -88.6032     -87.8725     -90.4315     -88.9693     -89.9560
   4      0     -89.5748     -92.5208     -91.2693     -81.8579     -84.3565
                -84.0890     -81.4558     -83.1494     -82.9942     -82.7776
                -81.5193     -81.4527     -84.5543     -82.8956     -83.4654
                -82.3680     -83.4511     -82.3031     -83.6326     -82.8199
                -80.2689     -81.0616     -81.7809     -82.2956     -83.7599
                -80.8527     -80.3690     -79.2016     -85.9464     -82.5430
                -86.0369     -91.1372     -91.5522     -94.6814     -89.2249
                -90.1959     -91.6250     -88.7234     -90.4682     -89.4088
                -90.6024     -87.8819     -88.8511     -89.4901     -91.9083
                -88.1567     -87.4435     -89.9366     -88.5546     -89.5227
   5      0     -90.4571     -93.2348     -91.9338     -82.7097     -84.9671
                -84.8265     -82.3863     -83.8299     -83.7513     -83.4098
                -82.3957     -82.2270     -85.4175     -83.7649     -84.3720
                -83.1505     -84.4998     -83.2088     -84.4415     -83.7589
                -80.8793     -81.5868     -82.7879     -83.1949     -84.5060
                -81.5458     -81.1440     -79.7718     -86.7834     -83.2539
                -87.0364     -92.0563     -92.1246     -95.4577     -89.9602
                -91.0593     -92.2879     -89.4029     -91.4568     -90.2322
                -91.4288     -88.4393     -89.3868     -90.3939     -92.9330
                -88.9370     -88.0362     -90.7582     -89.3099     -90.2789
   5     60     -90.7384     -93.5179     -92.2172     -83.0034     -85.2621
                -85.1201     -82.6786     -84.1236     -84.0450     -83.7031
                -82.6892     -82.5195     -85.7119     -84.0584     -84.6656
                -83.4445     -84.7927     -83.5021     -84.7357     -84.0521
                -81.1719     -81.8794     -83.0820     -83.4893     -84.8003
                -81.8387     -81.4374     -80.0641     -87.0787     -83.5470
                -87.3313     -92.3459     -92.4152     -95.7479     -90.2486
                -91.3501     -92.5780     -89.6931     -91.7467     -90.5223
                -91.7201     -88.7289     -89.6769     -90.6836     -93.2241
                -89.2259     -88.3265     -91.0482     -89.5996     -90.5691
   5     80     -93.2064     -95.9978     -94.6939     -85.5020     -87.7724
                -87.6164     -85.1649     -86.6221     -86.5450     -86.1992
                -85.1836     -85.0100     -88.2163     -86.5532     -87.1629
                -85.9455     -87.2866     -85.9964     -87.2393     -86.5475
                -83.6558     -84.3650     -85.5822     -85.9948     -87.3028
                -84.3276     -83.9295     -82.5483     -89.5879     -86.0395
                -89.8409     -94.7985     -94.8743     -98.2043     -92.6944
                -93.8139     -95.0389     -92.1488     -94.2022     -92.9814
                -94.1909     -91.1825     -92.1329     -93.1370     -95.6888
                -91.6700     -90.7833     -93.5035     -92.0493     -93.0247
   5    100    -100.3240    -103.1537    -101.8109     -92.5322     -94.8404
                -94.6447     -92.1551     -93.6543     -93.5823     -93.2217
                -92.1988     -92.0168     -95.2546     -93.5706     -94.1915
                -92.9833     -94.3126     -93.0184     -94.2871     -93.5746
                -90.6466     -91.3615     -92.6249     -93.0440     -94.3423
                -91.3314     -90.9395     -89.5375     -96.6528     -93.0539
                -96.9073    -101.7195    -101.8124    -105.1420     -99.5907
               -100.7595    -101.9845     -99.0665    -101.1301     -99.9155
               -101.1642     -98.0965     -99.0563    -100.0548    -102.6404
                -98.5632     -97.7149    -100.4282     -98.9540     -99.9471
 
 group  inft   Estimated free energy: 1-th solvent contribution (kcal/mol)
   1      0     -99.7696    -101.5336    -100.4955    -104.2758    -101.0190
               -102.2966    -101.9375     -99.8535    -102.6568    -100.8218
               -103.1792    -102.9458    -103.2106    -103.4313    -101.3382
               -101.2225    -101.2289     -98.3226     -99.4633    -104.4932
               -103.3377    -102.2463    -101.6963     -99.3189    -101.4686
               -102.4033    -102.3433    -101.7990    -104.9578    -102.9682
               -101.8709     -99.7975     -98.3572     -98.8761    -103.0481
                -98.3885     -96.5314     -99.6713     -98.8295     -98.0519
                -97.3514     -97.6706    -100.5047     -99.0186     -98.6359
               -101.4619     -97.0019    -100.5381    -100.3949    -100.5803
   1     60     -99.7768    -101.5408    -100.5028    -104.2829    -101.0261
               -102.3038    -101.9444     -99.8606    -102.6639    -100.8290
               -103.1862    -102.9527    -103.2178    -103.4385    -101.3453
               -101.2298    -101.2359     -98.3297     -99.4704    -104.5003
               -103.3449    -102.2532    -101.7036     -99.3261    -101.4757
               -102.4103    -102.3505    -101.8061    -104.9649    -102.9754
               -101.8779     -99.8046     -98.3646     -98.8834    -103.0552
                -98.3959     -96.5389     -99.6785     -98.8370     -98.0592
                -97.3587     -97.6780    -100.5121     -99.0260     -98.6432
               -101.4689     -97.0094    -100.5455    -100.4021    -100.5877
   1     80     -99.8559    -101.6192    -100.5820    -104.3607    -101.1041
               -102.3822    -102.0204     -99.9376    -102.7410    -100.9067
               -103.2637    -103.0295    -103.2956    -103.5163    -101.4221
               -101.3089    -101.3129     -98.4074     -99.5476    -104.5786
               -103.4221    -102.3297    -101.7829     -99.4042    -101.5531
               -102.4864    -102.4292    -101.8832    -105.0420    -103.0536
               -101.9548     -99.8809     -98.4429     -98.9602    -103.1320
                -98.4741     -96.6179     -99.7553     -98.9157     -98.1374
                -97.4356     -97.7572    -100.5900     -99.1045     -98.7210
               -101.5449     -97.0889    -100.6235    -100.4794    -100.6659
   1    100    -100.1643    -101.9259    -100.8919    -104.6673    -101.4111
               -102.6896    -102.3225    -100.2403    -103.0459    -101.2122
               -103.5692    -103.3323    -103.6008    -103.8221    -101.7250
               -101.6187    -101.6186     -98.7105     -99.8499    -104.8871
               -103.7277    -102.6319    -102.0935     -99.7099    -101.8570
               -102.7881    -102.7378    -102.1873    -105.3460    -103.3612
               -102.2597    -100.1811     -98.7486     -99.2619    -103.4345
                -98.7785     -96.9251    -100.0564     -99.2218     -98.4408
                -97.7368     -98.0653    -100.8928     -99.4099     -99.0234
               -101.8461     -97.3955    -100.9269    -100.7824    -100.9716
   2      0     -99.6451    -101.4593    -100.3948    -104.1285    -100.9170
               -102.1852    -101.8372     -99.7839    -102.5434    -100.7621
               -103.1022    -102.8634    -103.0843    -103.3412    -101.2530
               -101.0904    -101.1181     -98.2129     -99.3743    -104.3667
               -103.2695    -102.1988    -101.5571     -99.2226    -101.3432
               -102.3688    -102.1840    -101.7566    -104.8715    -102.8936
               -101.7253     -99.6423     -98.2502     -98.7407    -102.9453
                -98.2684     -96.4466     -99.5580     -98.7165     -98.0484
                -97.1930     -97.5872    -100.3984     -98.9404     -98.5552
               -101.3935     -96.7276    -100.4726    -100.3139    -100.4521
   3      0     -99.7141    -101.5015    -100.4326    -104.1516    -100.9794
               -102.2390    -101.8925     -99.8118    -102.6119    -100.7787
               -103.1340    -102.9118    -103.0649    -103.3366    -101.3098
               -101.0709    -101.1623     -98.2616     -99.4130    -104.4320
               -103.2720    -102.2262    -101.6013     -99.2540    -101.4351
               -102.3649    -102.2328    -101.7459    -104.9109    -102.9015
               -101.8045     -99.6123     -98.2890     -98.7627    -102.9599
                -98.2743     -96.4400     -99.5375     -98.7467     -98.0295
                -97.2337     -97.5987    -100.3994     -98.9373     -98.5738
               -101.3907     -96.5920    -100.4907    -100.3340    -100.4652
   4      0     -99.4897    -101.4507    -100.4060    -104.0882    -100.8770
               -102.1954    -101.7478     -99.7440    -102.5357    -100.7867
               -103.1788    -102.9141    -103.1062    -103.3413    -101.2112
               -101.0679    -101.0327     -98.1307     -99.3989    -104.3116
               -103.3001    -102.2256    -101.4176     -99.0666    -101.3067
               -102.3944    -102.1143    -101.7736    -104.7884    -102.9145
               -101.6789     -99.4892     -98.3092     -98.6816    -102.9546
                -98.1795     -96.4903     -99.5807     -98.6332     -98.0567
                -97.0305     -97.5645    -100.4018     -98.9138     -98.5083
               -101.4269     -96.6043    -100.4752    -100.2506    -100.4537
   5      0    -100.1227    -101.9557    -100.8144    -104.5966    -101.3632
               -102.7110    -102.4413    -100.2268    -103.0787    -101.2236
               -103.7115    -103.4617    -103.6824    -103.9535    -101.9028
               -101.6046    -101.7352     -98.7964     -99.9126    -104.9430
               -103.7053    -102.6459    -102.1740     -99.7147    -101.8447
               -102.8562    -102.7005    -102.2102    -105.4432    -103.3899
               -102.2949    -100.1523     -98.6807     -99.1911    -103.4762
                -98.7658     -96.9348    -100.0113     -99.3176     -98.6065
                -97.6206     -97.9780    -100.7603     -99.5304     -99.1565
               -101.9433     -96.9857    -100.9750    -100.8295    -100.9264
   5     60    -100.1344    -101.9674    -100.8260    -104.6080    -101.3747
               -102.7225    -102.4525    -100.2382    -103.0901    -101.2351
               -103.7229    -103.4730    -103.6940    -103.9649    -101.9141
               -101.6162    -101.7466     -98.8079     -99.9240    -104.9546
               -103.7168    -102.6573    -102.1856     -99.7262    -101.8561
               -102.8675    -102.7121    -102.2216    -105.4546    -103.4015
               -102.3063    -100.1636     -98.6921     -99.2024    -103.4875
                -98.7773     -96.9464    -100.0226     -99.3291     -98.6180
                -97.6321     -97.9896    -100.7718     -99.5419     -99.1680
               -101.9545     -96.9974    -100.9865    -100.8409    -100.9379
   5     80    -100.2341    -102.0662    -100.9253    -104.7054    -101.4723
               -102.8204    -102.5483    -100.3351    -103.1872    -101.3331
               -103.8203    -103.5698    -103.7924    -104.0625    -102.0112
               -101.7146    -101.8432     -98.9056    -100.0215    -105.0528
               -103.8141    -102.7536    -102.2844     -99.8244    -101.9535
               -102.9636    -102.8110    -102.3191    -105.5518    -103.4997
               -102.4032    -100.2592     -98.7899     -99.2987    -103.5837
                -98.8753     -97.0449    -100.1192     -99.4273     -98.7158
                -97.7288     -98.0885    -100.8698     -99.6402     -99.2653
               -102.0497     -97.0964    -101.0845    -100.9377    -101.0359
   5    100    -100.5206    -102.3518    -101.2120    -104.9881    -101.7554
               -103.1034    -102.8286    -100.6164    -103.4701    -101.6170
               -104.1035    -103.8516    -104.0768    -104.3447    -102.2932
               -101.9986    -102.1257     -99.1871    -100.3035    -105.3383
               -104.0981    -103.0347    -102.5699    -100.1078    -102.2362
               -103.2445    -103.0973    -102.6026    -105.8347    -103.7843
               -102.6862    -100.5367     -99.0720     -99.5775    -103.8635
                -99.1570     -97.3273    -100.3987     -99.7093     -98.9962
                -98.0086     -98.3728    -101.1516     -99.9222     -99.5451
               -102.3280     -97.3778    -101.3660    -101.2179    -101.3183
 
 group  inft   Estimated free energy: 2-th solvent contribution (kcal/mol)
   1      0      47.3787      45.0832      41.9278       4.1813      -4.3263
                 -0.6098       2.9806      -1.2462       0.8712       0.3107
                  3.0703       4.0049      -4.4449       0.2152      -1.3329
                  1.2697      -1.4307      -3.9067      -4.1067       3.9449
                  4.7558       1.9798       1.7931      -1.6941      -2.7652
                  3.8944       2.8557       3.5190      -1.4365       1.2550
                 -3.9962     -42.8476     -40.9652     -53.2050     -30.2450
                -39.7820     -42.6302     -34.7699     -36.6895     -35.5688
                -40.6696     -34.4297     -34.1447     -35.9267     -39.5637
                -33.5256     -34.6574     -35.5101     -35.0113     -34.8599
   1     60      47.3929      45.0967      41.9423       4.1952      -4.3131
                 -0.5963       2.9955      -1.2321       0.8847       0.3250
                  3.0845       4.0190      -4.4312       0.2288      -1.3193
                  1.2840      -1.4166      -3.8932      -4.0934       3.9586
                  4.7705       1.9942       1.8068      -1.6801      -2.7517
                  3.9087       2.8697       3.5335      -1.4232       1.2692
                 -3.9830     -42.8338     -40.9517     -53.1923     -30.2300
                -39.7690     -42.6167     -34.7559     -36.6765     -35.5550
                -40.6565     -34.4157     -34.1312     -35.9126     -39.5504
                -33.5114     -34.6439     -35.4968     -34.9976     -34.8463
   1     80      47.4981      45.1966      42.0497       4.2951      -4.2207
                 -0.4981       3.1045      -1.1309       0.9826       0.4279
                  3.1892       4.1223      -4.3345       0.3280      -1.2203
                  1.3861      -1.3164      -3.7963      -3.9984       4.0590
                  4.8784       2.0993       1.9056      -1.5801      -2.6548
                  4.0138       2.9732       3.6402      -1.3299       1.3711
                 -3.8892     -42.7399     -40.8574     -53.1062     -30.1238
                -39.6768     -42.5225     -34.6539     -36.5814     -35.4576
                -40.5671     -34.3154     -34.0335     -35.8127     -39.4574
                -33.4096     -34.5475     -35.4008     -34.8987     -34.7481
   1    100      47.7962      45.4744      42.3547       4.5760      -3.9770
                 -0.2240       3.4241      -0.8465       1.2541       0.7187
                  3.4900       4.4177      -4.0713       0.6070      -0.9442
                  1.6725      -1.0403      -3.5285      -3.7400       4.3425
                  5.1940       2.4031       2.1827      -1.3008      -2.3875
                  4.3166       3.2709       3.9513      -1.0809       1.6567
                 -3.6335     -42.4904     -40.6012     -52.8879     -29.8179
                -39.4300     -42.2700     -34.3609     -36.3158     -35.1876
                -40.3375     -34.0316     -33.7610     -35.5330     -39.2071
                -33.1210     -34.2789     -35.1337     -34.6179     -34.4730
   2      0      47.3410      44.9890      41.7183       3.9457      -4.4548
                 -0.5557       3.2076      -1.5207       0.9241       0.3448
                  3.2948       3.9991      -4.4371       0.4326      -1.2925
                  1.1338      -1.3982      -3.8375      -3.9894       4.0403
                  4.9679       1.9721       1.7492      -1.8470      -2.6915
                  3.8032       2.8782       3.6201      -1.6680       1.3993
                 -4.4678     -42.9270     -41.0087     -53.4117     -30.4933
                -40.1336     -42.8935     -34.7946     -36.7440     -35.8881
                -41.0741     -34.3693     -34.2598     -35.9257     -39.8094
                -33.6272     -34.7891     -35.5234     -34.9214     -35.0093
   3      0      46.6902      44.3244      40.9860       3.1737      -5.2251
                 -1.0138       2.6129      -2.1796       0.4276      -0.3279
                  2.6242       3.4228      -5.0300      -0.1567      -1.7099
                  0.5821      -2.0118      -4.2694      -4.5151       3.5369
                  4.3931       1.2033       1.0601      -2.5718      -3.1817
                  3.1749       2.4234       3.0332      -2.2253       0.7858
                 -5.2317     -43.8215     -41.8869     -54.0891     -31.0474
                -40.8156     -43.4873     -35.4969     -37.1969     -36.6074
                -41.7273     -35.1198     -35.0023     -36.6182     -40.5568
                -34.4334     -35.3116     -36.2084     -35.4954     -35.6501
   4      0      46.9074      44.6280      41.4743       3.5693      -4.7178
                 -0.5296       2.9664      -1.9926       0.9027       0.1457
                  3.4113       3.8954      -4.6568       0.3274      -1.3451
                  0.8622      -1.7191      -4.0794      -4.0657       3.9050
                  4.8705       1.8201       1.3126      -2.3278      -2.9025
                  3.5539       2.6569       3.6108      -1.9579       1.2677
                 -5.2018     -43.4770     -41.3892     -53.7650     -30.8725
                -40.5590     -43.1282     -35.1409     -36.9487     -36.2521
                -41.6292     -34.5334     -34.6236     -36.1183     -40.2180
                -33.9237     -34.8739     -35.7227     -35.1512     -35.2043
   5      0      46.7039      44.4368      41.2616       3.2886      -4.8294
                 -0.7351       2.7617      -2.1758       0.7045      -0.0157
                  3.1011       3.6683      -4.9071       0.0857      -1.5062
                  0.6469      -2.0554      -4.2681      -4.3066       3.6363
                  4.6997       1.6859       1.0880      -2.5469      -3.0795
                  3.3616       2.4838       3.4880      -2.1062       1.0549
                 -5.5560     -43.7155     -41.5507     -54.0043     -31.0808
                -40.7870     -43.3244     -35.3538     -37.2416     -36.5057
                -41.8192     -34.6705     -34.7767     -36.3748     -40.5462
                -34.1849     -35.0515     -36.0591     -35.3267     -35.5027
   5     60      46.7207      44.4527      41.2789       3.3047      -4.8143
                 -0.7193       2.7791      -2.1596       0.7203       0.0009
                  3.1178       3.6848      -4.8913       0.1017      -1.4902
                  0.6632      -2.0392      -4.2524      -4.2910       3.6524
                  4.7168       1.7026       1.1039      -2.5308      -3.0637
                  3.3784       2.5004       3.5050      -2.0910       1.0712
                 -5.5411     -43.6999     -41.5352     -53.9898     -31.0636
                -40.7719     -43.3089     -35.3375     -37.2263     -36.4900
                -41.8043     -34.6541     -34.7610     -36.3587     -40.5310
                -34.1685     -35.0360     -36.0436     -35.3109     -35.4870
   5     80      46.8463      44.5710      41.4066       3.4231      -4.7068
                 -0.6003       2.9120      -2.0398       0.8377       0.1243
                  3.2444       3.8094      -4.7766       0.2217      -1.3704
                  0.7842      -1.9194      -4.1354      -4.1766       3.7736
                  4.8481       1.8289       1.2221      -2.4119      -2.9468
                  3.5051       2.6262       3.6350      -1.9811       1.1933
                 -5.4333     -43.5897     -41.4240     -53.8895     -30.9380
                -40.6644     -43.1985     -35.2158     -37.1125     -36.3755
                -41.7017     -34.5334     -34.6453     -36.2390     -40.4226
                -34.0474     -34.9211     -35.9286     -35.1918     -35.3698
   5    100      47.1350      44.8359      41.6998       3.6908      -4.4772
                 -0.3308       3.2270      -1.7691       1.1025       0.4061
                  3.5390       4.0980      -4.5240       0.4948      -1.0988
                  1.0577      -1.6501      -3.8729      -3.9232       4.0508
                  5.1585       2.1220       1.4882      -2.1448      -2.6845
                  3.7989       2.9189       3.9413      -1.7438       1.4700
                 -5.1998     -43.3501     -41.1784     -53.6801     -30.6456
                -40.4310     -42.9566     -34.9338     -36.8552     -36.1190
                -41.4867     -34.2556     -34.3841     -35.9656     -40.1862
                -33.7682     -34.6616     -35.6690     -34.9170     -35.1028
 
 group  inft   Estimated free energy: 3-th solvent contribution (kcal/mol)
   1      0     -36.9442     -35.6113     -32.2775      18.5919      21.2313
                 18.6077      17.2726      18.5615      18.6127      17.8337
                 18.1885      17.5223      23.1336      20.0990      19.0507
                 17.8304      19.2760      19.8402      19.7800      17.5335
                 18.0703      19.3389      18.2599      19.0476      20.4396
                 17.9139      19.0482      18.9283      20.7449      19.0749
                 20.8102      51.8336      48.0988      57.7232      44.5770
                 48.4864      47.9520      45.9785      45.0800      44.8652
                 48.0303      44.2122      46.1357      45.4721      46.7906
                 47.2087      43.9955      46.2806      46.8352      46.1506
   1     60     -37.1534     -35.8214     -32.4887      18.3737      21.0127
                 18.3896      17.0540      18.3426      18.3942      17.6153
                 17.9700      17.3048      22.9149      19.8812      18.8325
                 17.6119      19.0580      19.6221      19.5617      17.3156
                 17.8523      19.1206      18.0415      18.8288      20.2209
                 17.6953      18.8301      18.7104      20.5259      18.8572
                 20.5917      51.6182      47.8830      57.5082      44.3616
                 48.2706      47.7362      45.7625      44.8647      44.6497
                 47.8143      43.9967      45.9202      45.2567      46.5744
                 46.9933      43.7798      46.0654      46.6199      45.9348
   1     80     -39.1443     -37.8158     -34.4898      16.3544      18.9943
                 16.3723      15.0325      16.3227      16.3758      15.5961
                 15.9476      15.2860      20.8946      17.8652      16.8137
                 15.5904      17.0408      17.6088      17.5433      15.2990
                 15.8353      17.1062      16.0234      16.8052      18.1998
                 15.6779      16.8131      16.6949      18.5057      16.8411
                 18.5729      49.6400      45.9007      55.5363      42.3777
                 46.2882      45.7546      43.7746      42.8845      42.6659
                 45.8291      42.0125      43.9370      43.2729      44.5897
                 45.0138      41.7994      44.0847      44.6380      43.9523
   1    100     -46.8142     -45.5044     -42.1684       8.7819      11.4228
                  8.8005       7.4491       8.7457       8.8009       8.0184
                  8.3614       7.7125      13.3304      10.3014       9.2394
                  8.0064       9.4727      10.0503       9.9700       7.7223
                  8.2608       9.5419       8.4425       9.2142      10.6254
                  8.1051       9.2421       9.1268      10.9256       9.2760
                 10.9998      42.2118      38.4538      48.1246      34.9231
                 38.8479      38.3030      36.3080      35.4352      35.2088
                 38.3765      34.5588      36.4870      35.8153      37.1351
                 37.5731      34.3421      36.6367      37.1914      36.5013
   2      0     -36.9580     -35.6508     -32.2844      18.6721      21.2586
                 18.6554      17.3364      18.6270      18.6591      17.8736
                 18.2440      17.5590      23.2066      20.1351      19.1059
                 17.8436      19.3069      19.9026      19.8277      17.6020
                 18.1527      19.3634      18.3219      19.0924      20.4620
                 17.9849      19.0870      18.9789      20.8116      19.1146
                 20.8328      51.8623      48.1539      57.7851      44.5944
                 48.5360      48.0087      45.9993      45.1210      44.9150
                 48.0575      44.2136      46.1904      45.5480      46.8375
                 47.2208      44.0410      46.2944      46.8711      46.1645
   3      0     -36.9779     -35.6701     -32.3112      18.6567      21.2661
                 18.6506      17.3326      18.6155      18.6502      17.8815
                 18.2498      17.5648      23.1958      20.1110      19.0987
                 17.8401      19.2958      19.8951      19.8220      17.5917
                 18.1362      19.3770      18.2991      19.0836      20.4599
                 17.9674      19.1062      18.9836      20.7989      19.1052
                 20.8321      51.8501      48.1303      57.7641      44.6196
                 48.5302      47.9959      45.9929      45.1277      44.9101
                 48.0845      44.2288      46.2060      45.5467      46.8310
                 47.2291      44.0395      46.2759      46.8685      46.1675
   4      0     -36.9842     -35.6898     -32.3294      18.6692      21.2465
                 18.6443      17.3338      18.5955      18.6472      17.8718
                 18.2565      17.5743      23.2170      20.1266      19.0993
                 17.8460      19.3090      19.9154      19.8403      17.5949
                 18.1690      19.3522      18.3323      19.1071      20.4576
                 17.9962      19.0968      18.9695      20.8082      19.1121
                 20.8521      51.8373      48.1544      57.7735      44.6105
                 48.5510      48.0018      46.0064      45.1220      44.9082
                 48.0655      44.2243      46.1826      45.5503      46.8262
                 47.2022      44.0430      46.2696      46.8555      46.1437
   5      0     -37.0299     -35.7076     -32.3728      18.6066      21.2338
                 18.6279      17.3016      18.5810      18.6312      17.8379
                 18.2230      17.5747      23.1803      20.1111      19.0453
                 17.8155      19.2992      19.8640      19.7860      17.5562
                 18.1347      19.3815      18.3063      19.0750      20.4264
                 17.9570      19.0810      18.9587      20.7743      19.0895
                 20.8228      51.8199      48.1150      57.7459      44.6050
                 48.5019      47.9797      45.9705      45.1107      44.8883
                 48.0193      44.2175      46.1585      45.5197      46.7779
                 47.1995      44.0094      46.2842      46.8546      46.1585
   5     60     -37.3163     -35.9950     -32.6618      18.3082      20.9351
                 18.3301      17.0031      18.2825      18.3331      17.5395
                 17.9242      17.2771      22.8816      19.8131      18.7471
                 17.5167      19.0014      19.5664      19.4876      17.2584
                 17.8363      19.0836      18.0080      18.7761      20.1279
                 17.6587      18.7826      18.6608      20.4752      18.7915
                 20.5244      51.5259      47.8205      57.4526      44.3107
                 48.2075      47.6856      45.6753      44.8171      44.5939
                 47.7246      43.9232      45.8641      45.2253      46.4832
                 46.9054      43.7152      45.9902      46.5606      45.8641
   5     80     -39.8103     -38.4944     -35.1669      15.7886      18.4150
                 15.8126      14.4797      15.7611      15.8128      15.0178
                 15.4006      14.7586      20.3610      17.2959      16.2269
                 14.9932      16.4843      17.0528      16.9670      14.7400
                 15.3185      16.5679      15.4884      16.2499      17.6058
                 15.1392      16.2635      16.1440      17.9534      16.2751
                 18.0038      49.0587      45.3479      54.9922      41.8356
                 45.7340      45.2127      43.1945      42.3459      42.1182
                 45.2479      41.4477      43.3905      42.7505      44.0074
                 44.4354      41.2425      43.5180      44.0885      43.3893
   5    100     -46.9301     -45.6296     -42.2905       8.7734      11.4005
                  8.7978       7.4548       8.7395       8.7935       7.9975
                  8.3740       7.7451      13.3545      10.2876       9.2089
                  7.9659       9.4715      10.0498       9.9479       7.7212
                  8.3013       9.5595       8.4651       9.2169      10.5867
                  8.1225       9.2471       9.1321      10.9339       9.2687
                 10.9870      42.1755      38.4464      48.1239      34.9267
                 38.8368      38.3077      36.2742      35.4428      35.2080
                 38.3395      34.5402      36.4876      35.8414      37.0992
                 37.5412      34.3328      36.6152      37.1893      36.4823
 
 
 cumulative average & 95% error for solvation free energy
              total             1st component         2nd component         3rd component
  1   -90.0101              -99.7141               46.6902              -36.9779
  2   -91.4328     2.8454  -100.6078     1.7874    45.5073     2.3658   -36.3240     1.3078
  3   -91.5439     1.6577  -100.5494     1.0385    44.0002     3.3092   -34.9864     2.7797
  4   -89.2403     4.7540  -101.4499     1.9450    33.7936    20.5469   -21.5756    26.8934
  5   -88.3816     4.0632  -101.3558     1.5183    25.9898    22.2912   -13.0073    26.9744
  6   -87.7531     3.5478  -101.5030     1.2742    21.4892    20.3049    -7.7310    24.4221
  7   -86.9248     3.4256  -101.5587     1.0826    18.7926    17.9883    -4.1505    21.8474
  8   -86.4822     3.0959  -101.3403     1.0343    16.1711    16.4369    -1.3047    19.7579
  9   -86.1556     2.8074  -101.4816     0.9549    14.4218    14.9122     0.9125    17.9802
 10   -85.8634     2.5781  -101.4113     0.8656    12.9468    13.6602     2.6094    16.4362
 11   -85.5365     2.4219  -101.5679     0.8433    12.0084    12.4979     4.0312    15.1366
 12   -85.2362     2.2910  -101.6799     0.8017    11.2930    11.4983     5.1590    14.0007
 13   -85.2109     2.1080  -101.7864     0.7677    10.0373    10.8709     6.5465    13.1743
 14   -85.0809     1.9689  -101.8972     0.7444     9.3092    10.1694     7.5154    12.3500
 15   -85.0041     1.8394  -101.8580     0.6974     8.5746     9.5805     8.2876    11.6005
 16   -84.8574     1.7454  -101.8088     0.6598     8.0751     9.0172     8.8846    10.9168
 17   -84.8003     1.6435  -101.7708     0.6244     7.4817     8.5529     9.4971    10.3274
 18   -84.6805     1.5679  -101.5758     0.7061     6.8289     8.1688    10.0747     9.8051
 19   -84.6507     1.4843  -101.4620     0.7056     6.2318     7.8186    10.5877     9.3313
 20   -84.5838     1.4145  -101.6105     0.7324     6.0971     7.4223    10.9379     8.8801
 21   -84.4013     1.3941  -101.6896     0.7144     6.0159     7.0619    11.2807     8.4744
 22   -84.2764     1.3525  -101.7140     0.6829     5.7972     6.7475    11.6487     8.1135
 23   -84.1883     1.3043  -101.7091     0.6526     5.5912     6.4606    11.9379     7.7742
 24   -84.1284     1.2545  -101.6068     0.6574     5.2511     6.2228    12.2356     7.4670
 25   -84.1299     1.2033  -101.5999     0.6307     4.9138     6.0067    12.5646     7.1923
 26   -84.0184     1.1774  -101.6294     0.6088     4.8469     5.7726    12.7724     6.9226
 27   -83.8959     1.1591  -101.6517     0.5876     4.7571     5.5576    13.0070     6.6778
 28   -83.7474     1.1558  -101.6551     0.5662     4.6956     5.3569    13.2204     6.4490
 29   -83.8370     1.1295  -101.7673     0.5907     4.4569     5.1908    13.4817     6.2446
 30   -83.8097     1.0926  -101.8052     0.5757     4.3346     5.0208    13.6692     6.0445
 31   -83.8872     1.0680  -101.8051     0.5568     4.0260     4.8952    13.9003     5.8645
 32   -84.1280     1.1407  -101.7366     0.5562     2.5307     5.6043    15.0862     6.1537
 33   -84.3682     1.2055  -101.6321     0.5782     1.1847     6.0623    16.0875     6.2916
 34   -84.6837     1.3289  -101.5477     0.5858    -0.4410     6.7202    17.3133     6.5777
 35   -84.8183     1.3181  -101.5881     0.5745    -1.3154     6.7557    18.0935     6.5748
 36   -84.9781     1.3202  -101.4960     0.5879    -2.4127     6.9224    18.9389     6.6095
 37   -85.1662     1.3381  -101.3594     0.6337    -3.5228     7.0893    19.7243     6.6175
 38   -85.2684     1.3183  -101.3114     0.6242    -4.3642     7.1025    20.4155     6.5877
 39   -85.4109     1.3153  -101.2457     0.6221    -5.2061     7.1199    21.0492     6.5405
 40   -85.5190     1.3001  -101.1653     0.6273    -5.9911     7.1150    21.6457     6.4856
 41   -85.6498     1.2947  -101.0694     0.6412    -6.8627     7.1549    22.2906     6.4556
 42   -85.7177     1.2708  -100.9868     0.6472    -7.5355     7.1110    22.8129     6.3860
 43   -85.7987     1.2514  -100.9731     0.6325    -8.1743     7.0602    23.3569     6.3300
 44   -85.8946     1.2376  -100.9268     0.6249    -8.8207     7.0180    23.8612     6.2661
 45   -86.0371     1.2429  -100.8745     0.6197    -9.5260     7.0038    24.3717     6.2098
 46   -86.0929     1.2207  -100.8858     0.6065   -10.0674     6.9349    24.8686     6.1541
 47   -86.1308     1.1968  -100.7944     0.6210   -10.6045     6.8702    25.2765     6.0767
 48   -86.2204     1.1853  -100.7881     0.6080   -11.1380     6.8097    25.7140     6.0128
 49   -86.2765     1.1662  -100.7788     0.5958   -11.6350     6.7429    26.1457     5.9517
 50   -86.3501     1.1521  -100.7725     0.5839   -12.1153     6.6762    26.5461     5.8862
 
 Mesh error is    0.662 kcal/mol
