 ERmod 0.3.8, Copyright (C) 2000-2019 Nobuyuki Matubayasi
                            2010-2019 Shun Sakuraba
 ERmod comes with ABSOLUTELY NO WARRANTY.
 This is free software, and you can redistribute it
 and/or modify it under certain conditions.
 See LICENSE file for details.
 
  Number of the   1-th solvent  =          368
  Number of the   2-th solvent  =          368
  Number of the   3-th solvent  =        10000
 
  Be sure that the solvent distribution is homogeneous (radial distribution function is essentially unity) when the solvent molecule is separated beyond distance of   10.0 Angstrom in any direction from any atom within the solute molecule
 
  LJ long-range correction    =        -0.6509     -0.1232     -7.4645
 
  Self-energy of the solute   =         0.0021  kcal/mol
 
 
 cumulative average & 95% error for solvation energy
              total             1st component         2nd component         3rd component
  1  -489.6881             -116.2940              -10.3213             -363.0750
  2  -494.3462     9.3160  -115.2819     2.0243   -24.9481    29.2536  -354.1183    17.9134
  3  -496.8190     7.3068  -116.2338     2.2339   -33.5100    24.0516  -347.0773    17.4718
  4  -497.5954     5.3950  -115.8898     1.7230   -38.5205    19.7399  -343.1872    14.6002
  5  -497.8692     4.2147  -115.8894     1.3346   -37.4631    15.4360  -344.5189    11.6186
  6  -499.4811     4.7153  -115.2993     1.6063   -42.1260    15.6786  -342.0579    10.6874
  7  -501.5754     5.7815  -115.0651     1.4361   -48.8844    18.9284  -337.6280    12.6523
  8  -503.2002     5.9690  -114.8569     1.3115   -54.0520    19.3786  -334.2934    12.8273
  9  -504.4075     5.7916  -115.0122     1.1976   -57.8032    18.6646  -331.5942    12.5346
 10  -505.4402     5.5767  -114.9927     1.0719   -61.5947    18.3356  -328.8549    12.4783
 11  -506.3939     5.3929  -114.8064     1.0387   -64.5792    17.6266  -327.0106    11.8745
 12  -507.0102     5.0750  -115.0532     1.0690   -66.6057    16.5934  -325.3534    11.3353
 13  -507.6163     4.8231  -115.3232     1.1219   -68.3964    15.6783  -323.8988    10.8252
 14  -508.0810     4.5610  -115.4888     1.0902   -69.6892    14.7437  -322.9051    10.2173
 15  -508.5428     4.3454  -115.4729     1.0154   -71.4005    14.1459  -321.6716     9.8265
 16  -508.8791     4.1200  -115.3945     0.9627   -72.5972    13.4470  -320.8895     9.3240
 17  -509.2192     3.9294  -115.3288     0.9138   -74.0642    12.9676  -319.8283     9.0119
 18  -509.4876     3.7433  -115.3170     0.8618   -74.9749    12.3609  -319.1978     8.5895
 19  -509.7579     3.5819  -115.2400     0.8296   -75.7311    11.7896  -318.7889     8.1659
 20  -509.9853     3.4284  -115.2599     0.7880   -76.6084    11.3214  -318.1191     7.8619
 21  -510.2610     3.3073  -115.0367     0.8725   -77.5312    10.9258  -317.6953     7.5260
 22  -510.4436     3.1745  -115.0830     0.8370   -77.9630    10.4531  -317.3997     7.2001
 23  -510.5833     3.0462  -114.9336     0.8538   -78.6657    10.0867  -316.9860     6.9295
 24  -510.7430     2.9339  -115.0024     0.8289   -79.0591     9.6892  -316.6836     6.6620
 25  -510.8689     2.8254  -115.0426     0.7991   -79.3286     9.3092  -316.4999     6.4005
 26  -511.0094     2.7290  -114.9525     0.7886   -79.8599     9.0069  -316.1991     6.1788
 27  -511.1238     2.6360  -114.9154     0.7625   -80.1786     8.6903  -316.0320     5.9549
 28  -511.2348     2.5498  -114.8968     0.7357   -80.5176     8.4016  -315.8226     5.7536
 29  -511.3584     2.4727  -114.9658     0.7231   -80.7526     8.1203  -315.6422     5.5633
 30  -511.4406     2.3945  -115.0609     0.7240   -80.8305     7.8465  -315.5513     5.3778
 31  -511.4927     2.3183  -114.9988     0.7112   -81.1166     7.6107  -315.3795     5.2127
 32  -511.6031     2.2555  -114.9807     0.6896   -81.5094     7.4108  -315.1151     5.0748
 33  -511.6797     2.1914  -114.9864     0.6685   -81.8233     7.2101  -314.8721     4.9426
 34  -511.8449     2.1515  -114.9258     0.6598   -82.5302     7.1363  -314.3912     4.8905
 35  -512.1423     2.1722  -114.8968     0.6432   -83.9244     7.4694  -313.3233     5.2069
 36  -512.5013     2.2297  -114.8551     0.6307   -85.5156     7.9259  -312.1327     5.5925
 37  -512.7885     2.2434  -114.8119     0.6194   -86.9223     8.2061  -311.0564     5.8497
 38  -513.1730     2.3150  -114.6317     0.7025   -89.2437     9.2386  -309.2997     6.6904
 39  -513.4325     2.3138  -114.6317     0.6842   -90.3639     9.2733  -308.4390     6.7401
 40  -513.6722     2.3056  -114.5507     0.6863   -91.5126     9.3259  -307.6111     6.7750
 41  -513.9565     2.3195  -114.4482     0.7000   -92.8496     9.4805  -306.6609     6.8755
 42  -514.1796     2.3071  -114.4137     0.6866   -93.8937     9.4847  -305.8743     6.8918
 43  -514.3989     2.2951  -114.3111     0.7012   -94.8597     9.4609  -305.2303     6.8517
 44  -514.5905     2.2749  -114.2949     0.6858   -95.8081     9.4360  -304.4897     6.8561
 45  -514.7761     2.2545  -114.3321     0.6745   -96.6588     9.3795  -303.7873     6.8477
 46  -514.9663     2.2375  -114.3299     0.6597   -97.4473     9.3079  -303.1913     6.8024
 47  -515.2457     2.2596  -114.2919     0.6500   -98.7095     9.4511  -302.2464     6.9192
 48  -515.3925     2.2314  -114.1999     0.6624   -99.4663     9.3751  -301.7284     6.8523
 49  -515.5319     2.2031  -114.2015     0.6487  -100.1339     9.2784  -301.1986     6.7941
 50  -515.6835     2.1798  -114.2538     0.6441  -100.7456     9.1728  -300.6863     6.7352
 
 
 group  inft  solvation free energy     error          difference
  total solvation free energy
   1      0        -85.83087           1.00495           0.66720
   1     60        -86.04587           1.00565           0.45220
   1     80        -88.20210           1.00947          -1.70403
   1    100        -96.48795           1.02309          -9.98989
   2      0        -86.33501           1.05828           0.16306
   3      0        -86.49807           1.06641           0.00000
   4      0        -86.49495           1.07949           0.00311
   5      0        -87.60025           1.08268          -1.10218
   5     60        -87.90095           1.08364          -1.40288
   5     80        -90.61281           1.08867          -4.11474
   5    100        -98.28449           1.10311         -11.78642
 
  contribution from  1-th solvent component
   1      0       -100.41353           0.44777          -0.17301
   1     60       -100.42093           0.44774          -0.18041
   1     80       -100.50182           0.44746          -0.26130
   1    100       -100.83500           0.44700          -0.59449
   2      0       -100.20799           0.46015           0.03253
   3      0       -100.24052           0.46637           0.00000
   4      0        -99.88425           0.46904           0.35626
   5      0       -100.78755           0.47172          -0.54703
   5     60       -100.79779           0.47167          -0.55727
   5     80       -100.90137           0.47135          -0.66085
   5    100       -101.20481           0.47100          -0.96430
 
  contribution from  2-th solvent component
   1      0         -1.29931           4.27138           0.87497
   1     60         -1.28191           4.27151           0.89236
   1     80         -1.18162           4.27142           0.99266
   1    100         -0.84663           4.26998           1.32765
   2      0         -2.04729           4.23152           0.12699
   3      0         -2.17428           4.23715           0.00000
   4      0         -2.49115           4.22180          -0.31688
   5      0         -2.67354           4.22142          -0.49927
   5     60         -2.65281           4.22153          -0.47853
   5     80         -2.52508           4.22128          -0.35080
   5    100         -2.22327           4.21999          -0.04900
 
  contribution from  3-th solvent component
   1      0         15.87982           4.30572          -0.03476
   1     60         15.65482           4.30690          -0.25975
   1     80         13.47919           4.31327          -2.43539
   1    100          5.19153           4.33362         -10.72305
   2      0         15.91812           4.30858           0.00354
   3      0         15.91458           4.31080           0.00000
   4      0         15.87831           4.31220          -0.03627
   5      0         15.85869           4.31201          -0.05589
   5     60         15.54750           4.31347          -0.36708
   5     80         12.81149           4.32086          -3.10309
   5    100          5.14145           4.34010         -10.77313
 
 
 group  inft   Estimated free energy: total (kcal/mol)
   1      0     -91.4330     -84.3389     -85.6954     -80.5301     -79.3600
                -83.7454     -85.7545     -87.8936     -86.3250     -90.6089
                -91.0924     -88.9688     -88.8201     -86.3320     -89.4651
                -86.7420     -92.1778     -88.0023     -86.4280     -89.6401
                -89.4996     -86.7310     -89.4333     -86.8441     -85.2450
                -87.8018     -85.3058     -86.4040     -87.3639     -84.5644
                -87.6212     -87.9207     -87.6643     -87.4686     -78.1368
                -85.5031     -81.9432     -90.0468     -82.0826     -83.9338
                -86.5029     -83.2523     -81.6250     -84.9254     -83.1470
                -80.8552     -88.7099     -77.4565     -79.5959     -80.6062
   1     60     -91.6548     -84.5593     -85.9160     -80.7477     -79.5793
                -83.9637     -85.9706     -88.1110     -86.5413     -90.8266
                -91.3120     -89.1861     -89.0382     -86.5480     -89.6836
                -86.9605     -92.3964     -88.2190     -86.6452     -89.8574
                -89.7186     -86.9475     -89.6513     -87.0614     -85.4610
                -88.0194     -85.5231     -86.6215     -87.5810     -84.7796
                -87.8373     -88.1373     -87.8818     -87.6854     -78.3452
                -85.7137     -82.1518     -90.2567     -82.2915     -84.1437
                -86.7128     -83.4617     -81.8347     -85.1351     -83.3568
                -81.0639     -88.9197     -77.6655     -79.8036     -80.8146
   1     80     -93.8694     -86.7612     -88.1158     -82.9296     -81.7733
                -86.1378     -88.1299     -90.2820     -88.6987     -93.0001
                -93.4950     -91.3502     -91.2141     -88.7064     -91.8607
                -89.1374     -94.5693     -90.3762     -88.8081     -92.0255
                -91.8925     -89.1090     -91.8255     -89.2259     -87.6210
                -90.1906     -87.6915     -88.7878     -89.7457     -86.9321
                -89.9990     -90.3034     -90.0483     -89.8538     -80.4648
                -87.8438     -84.2707     -92.3764     -84.4102     -86.2734
                -88.8459     -85.5838     -83.9626     -87.2602     -85.4848
                -83.1787     -91.0469     -79.7865     -81.9167     -82.9326
   1    100    -102.4110     -95.2223     -96.5685     -91.3011     -90.2061
                -94.4776     -96.4147     -98.6101     -96.9730    -101.3465
               -101.8795     -99.6546     -99.5582     -96.9904    -100.2088
                -97.4857    -102.9214     -98.6576     -97.0978    -100.3468
               -100.2394     -97.4060    -100.1688     -97.5303     -95.9028
                -98.5189     -96.0131     -97.0967     -98.0569     -95.1856
                -98.3080     -98.6168     -98.3673     -98.1777     -88.6200
                -96.0491     -92.4256    -100.5487     -92.5644     -94.4875
                -97.0670     -93.7587     -92.1512     -95.4539     -93.6835
                -91.3218     -99.2473     -87.9501     -90.0578     -91.0909
   2      0     -92.4438     -85.1563     -86.4350     -81.1156     -79.9503
                -84.5168     -86.3881     -88.4913     -86.7660     -91.2844
                -91.9472     -89.7490     -89.7159     -86.8197     -89.9913
                -87.4730     -93.1682     -88.4956     -87.0677     -90.3107
                -90.2156     -87.3805     -89.9483     -87.4376     -85.5941
                -88.1271     -85.4808     -86.8184     -88.1766     -85.1055
                -88.1985     -88.6902     -88.3296     -88.1469     -78.0223
                -85.8106     -82.0492     -90.3048     -82.0941     -84.4928
                -86.9518     -83.5964     -81.7468     -85.2696     -83.2260
                -81.1575     -89.1162     -77.3471     -79.7348     -80.8950
   3      0     -92.4529     -85.4055     -86.6593     -81.4718     -80.1055
                -84.6217     -86.4697     -88.8026     -87.0407     -91.1855
                -92.2343     -89.9845     -89.6938     -86.9762     -90.3860
                -87.4842     -93.4196     -88.8745     -87.2356     -90.4919
                -90.3730     -87.4314     -89.9870     -87.3795     -85.5607
                -88.4183     -85.4873     -87.1383     -88.6311     -85.1713
                -88.3555     -88.8929     -88.4082     -88.4970     -77.9848
                -86.1516     -82.0589     -90.4550     -82.0105     -84.8235
                -87.3770     -83.7389     -81.9512     -85.5459     -83.3391
                -81.1655     -89.2119     -77.3274     -79.9045     -81.1303
   4      0     -93.0205     -85.4824     -86.6829     -81.2833     -80.0293
                -84.6684     -86.6032     -88.7568     -87.1780     -91.5255
                -92.1278     -89.9362     -90.0245     -87.1018     -90.2668
                -87.6035     -93.5983     -88.6724     -87.2344     -90.5129
                -90.2948     -87.4621     -90.0365     -87.6621     -85.5876
                -88.1938     -85.3484     -87.0883     -88.2187     -85.1590
                -88.3743     -88.7222     -88.5537     -88.3899     -77.9207
                -86.0651     -82.2962     -90.3272     -82.1374     -84.8428
                -87.0578     -83.4654     -81.8167     -85.6574     -83.2968
                -81.3326     -89.2493     -77.1706     -79.7191     -80.9920
   5      0     -94.0300     -86.5267     -87.7732     -82.4823     -81.1484
                -86.0343     -87.4928     -90.0376     -88.3469     -92.3489
                -93.3911     -91.3376     -91.0020     -88.3333     -91.3130
                -88.6811     -95.0713     -89.8631     -88.4505     -91.8279
                -91.4214     -88.3224     -90.6546     -88.4188     -86.5879
                -89.2954     -86.3590     -88.4494     -89.4046     -86.3578
                -89.5697     -89.9545     -89.4769     -89.6926     -79.1057
                -87.2037     -83.2850     -91.4955     -83.2928     -85.9312
                -88.2075     -84.6038     -82.8011     -86.7476     -84.1753
                -82.4794     -90.0934     -78.2847     -80.7794     -82.0695
   5     60     -94.3400     -86.8342     -88.0811     -82.7870     -81.4548
                -86.3387     -87.7951     -90.3420     -88.6490     -92.6535
                -93.6976     -91.6411     -91.3073     -88.6353     -91.6188
                -88.9865     -95.3764     -90.1651     -88.7534     -92.1316
                -91.7268     -88.6255     -90.9590     -88.7221     -86.8900
                -89.5994     -86.6630     -88.7533     -89.7080     -86.6587
                -89.8723     -90.2578     -89.7804     -89.9954     -79.3983
                -87.4984     -83.5773     -91.7888     -83.5852     -86.2255
                -88.5023     -84.8969     -83.0950     -87.0414     -84.4694
                -82.7714     -90.3875     -78.5777     -81.0704     -82.3617
   5     80     -97.1297     -89.6047     -90.8499     -85.5300     -84.2153
                -89.0720     -90.5092     -93.0695     -91.3589     -95.3872
                -96.4438     -94.3626     -94.0442     -91.3461     -94.3566
                -91.7234     -98.1091     -92.8748     -91.4692     -94.8564
                -94.4605     -91.3424     -93.6900     -91.4421     -89.6024
                -92.3261     -89.3884     -91.4750     -92.4313     -89.3608
                -92.5902     -92.9808     -92.5050     -92.7226     -82.0638
                -90.1820     -86.2426     -94.4583     -86.2508     -88.9104
                -91.1905     -87.5674     -85.7739     -89.7202     -87.1483
                -85.4329     -93.0665     -81.2470     -83.7275     -85.0284
   5    100    -105.0557     -97.4497     -98.6805     -93.2804     -92.0233
                -96.7936     -98.1776    -100.7814     -99.0169    -103.1182
               -104.2089    -102.0572    -101.7802     -99.0109    -102.0947
                -99.4537    -105.8451    -100.5413     -99.1399    -102.5613
               -102.1875     -99.0246    -101.4147     -99.1279     -97.2671
               -100.0361     -97.0890     -99.1675    -100.1322     -96.9979
               -100.2834    -100.6786    -100.2094    -100.4347     -89.6059
                -97.7800     -93.7878    -102.0247     -93.7961     -96.5216
                -98.8052     -95.1292     -93.3549     -97.3107     -94.7332
                -92.9672    -100.6577     -88.7970     -91.2531     -92.5789
 
 group  inft   Estimated free energy: 1-th solvent contribution (kcal/mol)
   1      0    -101.9899    -100.4162    -102.5156    -100.2566     -99.4196
                -99.2360    -100.0418    -100.1549    -102.5478    -101.0061
               -100.3135    -103.3000    -102.1699    -102.7325     -99.8839
                -98.7264    -101.2319    -102.1002    -101.0880    -101.6748
                -98.7956    -101.8161     -99.8293    -102.6032    -101.6771
                -99.0171     -98.7665    -100.6005    -101.9749    -103.1711
               -100.5605    -100.4906    -101.4244     -98.5125     -98.1664
               -100.0412     -99.7867     -98.2865    -101.2311     -98.6489
                -98.4416     -99.9356     -97.9479    -100.5670    -101.3807
               -100.3917     -99.4781     -95.3311    -100.0416    -100.9553
   1     60    -101.9972    -100.4237    -102.5229    -100.2642     -99.4273
                -99.2436    -100.0492    -100.1624    -102.5549    -101.0133
               -100.3211    -103.3070    -102.1773    -102.7397     -99.8915
                -98.7342    -101.2392    -102.1073    -101.0954    -101.6821
                -98.8032    -101.8234     -99.8368    -102.6104    -101.6843
                -99.0246     -98.7743    -100.6081    -101.9823    -103.1783
               -100.5682    -100.4980    -101.4318     -98.5203     -98.1739
               -100.0486     -99.7941     -98.2938    -101.2383     -98.6563
                -98.4490     -99.9429     -97.9554    -100.5742    -101.3880
               -100.3990     -99.4853     -95.3388    -100.0489    -100.9625
   1     80    -102.0771    -100.5065    -102.6038    -100.3473     -99.5108
                -99.3249    -100.1297    -100.2435    -102.6331    -101.0928
               -100.4033    -103.3849    -102.2577    -102.8201     -99.9738
                -98.8175    -101.3190    -102.1847    -101.1765    -101.7620
                -98.8853    -101.9029     -99.9185    -102.6895    -101.7640
                -99.1054     -98.8582    -100.6896    -102.0628    -103.2577
               -100.6504    -100.5784    -101.5127     -98.6034     -98.2561
               -100.1298     -99.8752     -98.3732    -101.3180     -98.7385
                -98.5300    -100.0237     -98.0374    -100.6539    -101.4684
               -100.4794     -99.5649     -95.4221    -100.1300    -101.0427
   1    100    -102.4079    -100.8475    -102.9377    -100.6863     -99.8507
                -99.6551    -100.4599    -100.5767    -102.9602    -101.4213
               -100.7417    -103.7109    -102.5889    -103.1560    -100.3082
                -99.1565    -101.6487    -102.5084    -101.5120    -102.0925
                -99.2206    -102.2329    -100.2543    -103.0190    -102.0943
                -99.4362     -99.1996    -101.0233    -102.3957    -103.5902
               -100.9859    -100.9098    -101.8464     -98.9395     -98.5916
               -100.4632    -100.2111     -98.6986    -101.6495     -99.0743
                -98.8634    -100.3584     -98.3725    -100.9855    -101.8027
               -100.8115     -99.8933     -95.7589    -100.4667    -101.3740
   2      0    -101.7835    -100.1900    -102.3886    -100.0827     -99.0861
                -99.0049     -99.8797    -100.0119    -102.4606    -100.8056
               -100.0935    -103.1658    -101.9244    -102.5317     -99.6157
                -98.4138    -101.0587    -101.9977    -100.9469    -101.4684
                -98.5900    -101.6946     -99.6870    -102.4401    -101.5257
                -98.7631     -98.4261    -100.4123    -101.8176    -103.0151
               -100.4499    -100.3558    -101.2056     -98.3157     -97.6807
                -99.9038     -99.5044     -98.1800    -101.0068     -98.4649
                -98.2866     -99.7102     -97.7422    -100.3345    -101.1549
               -100.1463     -99.2333     -94.9073     -99.8164    -100.7183
   3      0    -101.8358    -100.2085    -102.4852    -100.1327     -99.0337
                -99.0385     -99.9795    -100.1149    -102.5296    -100.7736
               -100.1415    -103.2274    -101.9020    -102.5581     -99.7177
                -98.4046    -101.1488    -102.1141    -101.0427    -101.5492
                -98.6525    -101.6943     -99.7826    -102.4585    -101.5098
                -98.7950     -98.3738    -100.5187    -101.9130    -103.1028
               -100.4808    -100.4281    -101.1716     -98.3890     -97.5672
                -99.9366     -99.4608     -98.2340    -101.0412     -98.4714
                -98.3196     -99.7990     -97.7348    -100.3751    -101.1462
               -100.1588     -99.2643     -94.8232     -99.8183    -100.6664
   4      0    -101.6228     -99.8395    -102.0700     -99.7024     -98.6858
                -98.7199     -99.5711     -99.5522    -102.1138    -100.5818
                -99.7927    -102.8726    -101.6694    -102.2195     -99.2154
                -97.9596    -100.6895    -101.6064    -100.6867    -101.1239
                -98.0884    -101.4059     -99.3628    -102.2868    -101.3214
                -98.3942     -97.9913    -100.0601    -101.4454    -102.6254
               -100.2614     -99.9341    -100.9830     -97.8425     -97.2815
                -99.6040     -99.3251     -97.8232    -100.6811     -98.1619
                -97.9981     -99.2921     -97.6019     -99.9721    -100.8734
                -99.9124     -99.0101     -94.4446     -99.4730    -100.4605
   5      0    -102.3983    -100.7118    -102.9466    -100.6761     -99.5845
                -99.8846    -100.3911    -100.6146    -103.1215    -101.2705
               -100.7379    -103.9187    -102.4770    -103.2640    -100.1301
                -98.8460    -101.8879    -102.5445    -101.6689    -102.2029
                -99.0297    -102.2053     -99.9176    -102.9217    -102.1181
                -99.2600     -98.8204    -101.0904    -102.3973    -103.6598
               -101.1936    -100.9861    -101.7318     -98.8728     -98.2108
               -100.4876    -100.1605     -98.7964    -101.6748     -99.0701
                -98.8362    -100.2778     -98.3555    -100.8690    -101.6200
               -100.8531     -99.7257     -95.3435    -100.3281    -101.2861
   5     60    -102.4084    -100.7222    -102.9569    -100.6867     -99.5952
                -99.8951    -100.4014    -100.6249    -103.1314    -101.2806
               -100.7483    -103.9285    -102.4872    -103.2740    -100.1408
                -98.8566    -101.8980    -102.5543    -101.6791    -102.2129
                -99.0402    -102.2153     -99.9279    -102.9316    -102.1282
                -99.2703     -98.8311    -101.1008    -102.4075    -103.6698
               -101.2041    -100.9963    -101.7420     -98.8834     -98.2212
               -100.4979    -100.1706     -98.8065    -101.6848     -99.0804
                -98.8464    -100.2879     -98.3659    -100.8790    -101.6300
               -100.8632     -99.7357     -95.3541    -100.3382    -101.2963
   5     80    -102.5115    -100.8276    -103.0613    -100.7931     -99.7024
               -100.0000    -100.5049    -100.7284    -103.2322    -101.3826
               -100.8524    -104.0287    -102.5901    -103.3763    -100.2467
                -98.9630    -101.9995    -102.6537    -101.7829    -102.3147
                -99.1447    -102.3176    -100.0323    -103.0329    -102.2305
                -99.3738     -98.9377    -101.2053    -102.5108    -103.7715
               -101.3092    -101.0997    -101.8455     -98.9887     -98.3257
               -100.6026    -100.2739     -98.9090    -101.7875     -99.1850
                -98.9499    -100.3910     -98.4715    -100.9809    -101.7330
               -100.9664     -99.8378     -95.4606    -100.4413    -101.3998
   5    100    -102.8151    -101.1355    -103.3680    -101.1025    -100.0125
               -100.3043    -100.8072    -101.0314    -103.5316    -101.6829
               -101.1570    -104.3268    -102.8915    -103.6795    -100.5542
                -99.2714    -102.2980    -102.9489    -102.0888    -102.6142
                -99.4484    -102.6198    -100.3383    -103.3327    -102.5325
                -99.6760     -99.2461    -101.5100    -102.8150    -104.0742
               -101.6148    -101.4032    -102.1492     -99.2925     -98.6283
               -100.9087    -100.5770     -99.2086    -102.0905     -99.4892
                -99.2527    -100.6943     -98.7788    -101.2816    -102.0361
               -101.2693    -100.1369     -95.7667    -100.7446    -101.7034
 
 group  inft   Estimated free energy: 2-th solvent contribution (kcal/mol)
   1      0      36.5677      25.7366      19.7462      21.7040      31.8320
                 16.6206       5.3259       3.5579       6.8610      -1.8584
                 -0.3419       3.4163       2.2277       7.2550      -1.5279
                  1.9161      -3.2255       4.0437       5.7936       0.6461
                 -0.6528       6.1725      -0.1132       6.0082       8.0327
                  1.5764       4.9940       4.5941       5.9063      10.4468
                  3.6625       1.6951       3.2389      -6.3485     -12.7618
                -20.9605     -16.9459     -40.2198     -13.9047     -18.4031
                -25.1679     -17.2753     -15.7269     -19.1221     -16.5626
                -13.4085     -30.2330     -14.6588     -12.2359     -12.8882
   1     60      36.5835      25.7527      19.7621      21.7225      31.8497
                 16.6385       5.3445       3.5759       6.8795      -1.8415
                 -0.3254       3.4340       2.2449       7.2740      -1.5113
                  1.9344      -3.2096       4.0618       5.8126       0.6636
                 -0.6357       6.1914      -0.0959       6.0265       8.0522
                  1.5940       5.0119       4.6123       5.9245      10.4668
                  3.6804       1.7136       3.2566      -6.3320     -12.7441
                -20.9452     -16.9287     -40.2049     -13.8875     -18.3871
                -25.1518     -17.2586     -15.7099     -19.1058     -16.5465
                -13.3913     -30.2171     -14.6411     -12.2178     -12.8710
   1     80      36.6658      25.8430      19.8509      21.8261      31.9507
                 16.7423       5.4501       3.6762       6.9870      -1.7524
                 -0.2353       3.5332       2.3395       7.3829      -1.4204
                  2.0321      -3.1223       4.1649       5.9224       0.7606
                 -0.5405       6.2969      -0.0010       6.1306       8.1633
                  1.6938       5.1143       4.7155       6.0266      10.5813
                  3.7807       1.8151       3.3556      -6.2395     -12.6337
                -20.8506     -16.8225     -40.1159     -13.7789     -18.2906
                -25.0597     -17.1546     -15.6037     -19.0085     -16.4458
                -13.2828     -30.1232     -14.5314     -12.1051     -12.7641
   1    100      36.9116      26.1291      20.1290      22.1727      32.2846
                 17.0910       5.8077       4.0081       7.3535      -1.4701
                  0.0501       3.8613       2.6464       7.7529      -1.1273
                  2.3526      -2.8492       4.5118       6.2978       1.0785
                 -0.2310       6.6540       0.3071       6.4812       8.5437
                  2.0251       5.4565       5.0608       6.3660      10.9762
                  4.1106       2.1543       3.6818      -5.9402     -12.2454
                -20.5342     -16.4560     -39.8259     -13.4002     -17.9671
                -24.7592     -16.7983     -15.2354     -18.6819     -16.1023
                -12.9050     -29.8107     -14.1486     -11.7063     -12.3930
   2      0      35.3646      24.6598      18.8491      20.9172      30.8783
                 15.5980       4.4879       2.7878       6.2985      -2.7802
                 -1.4533       2.4717       1.0710       6.5324      -2.3709
                  0.8238      -4.4306       3.3953       4.9813      -0.2615
                 -1.6221       5.3822      -0.8152       5.1989       7.4950
                  0.9700       4.4533       3.9502       4.9060       9.7246
                  2.9491       0.7656       2.3271      -7.2710     -13.1792
                -21.4486     -17.3845     -40.6494     -14.1928     -19.1833
                -25.8023     -17.9128     -16.1270     -19.7442     -16.8904
                -13.9920     -30.9582     -15.0378     -12.6302     -13.4657
   3      0      35.4191      24.4478      18.7271      20.6233      30.6729
                 15.5104       4.5081       2.5988       6.1128      -2.7056
                 -1.6789       2.3083       1.0709       6.4186      -2.6543
                  0.8176      -4.5753       3.1474       4.9178      -0.3254
                 -1.7024       5.3274      -0.7583       5.3047       7.5217
                  0.7142       4.3958       3.7441       4.5541       9.7506
                  2.8367       0.6586       2.2221      -7.5489     -13.2719
                -21.7460     -17.4675     -40.7562     -14.0854     -19.5267
                -26.2066     -17.9784     -16.3641     -19.9821     -17.0292
                -13.9633     -31.0230     -15.1056     -12.8155     -13.7738
   4      0      34.6817      24.0121      18.3474      20.4344      30.4512
                 15.2137       3.9947       2.1138       5.5819      -3.2125
                 -1.8941       2.0308       0.5511       6.0064      -2.9762
                  0.3037      -5.1901       2.8880       4.5976      -0.7590
                 -2.1498       5.0725      -1.1823       4.8775       7.3470
                  0.5694       4.1996       3.3814       4.5372       9.3110
                  2.6524       0.3891       1.9220      -7.9604     -13.4490
                -21.9747     -17.7907     -40.9915     -14.5482     -19.8206
                -26.1702     -18.1811     -16.3130     -20.5059     -17.2031
                -14.3763     -31.3048     -15.2980     -12.9644     -13.8090
   5      0      34.4828      23.8491      18.1464      20.2123      30.2650
                 15.0112       3.9647       1.9109       5.4420      -3.3288
                 -2.1831       1.6948       0.4148       5.8422      -3.0962
                  0.1204      -5.4545       2.6490       4.3925      -0.9764
                 -2.3205       5.0300      -1.2256       4.7867       7.1628
                  0.3505       4.0403       3.0683       4.3224       9.1607
                  2.4112       0.1816       1.7739      -8.1914     -13.6810
                -22.1798     -17.9350     -41.1820     -14.6752     -19.9720
                -26.4634     -18.3400     -16.5171     -20.6672     -17.3255
                -14.5621     -31.3949     -15.4977     -13.1399     -14.0542
   5     60      34.5014      23.8682      18.1654      20.2341      30.2860
                 15.0329       3.9867       1.9321       5.4643      -3.3093
                 -2.1639       1.7155       0.4346       5.8648      -3.0768
                  0.1412      -5.4358       2.6706       4.4153      -0.9558
                 -2.3005       5.0521      -1.2054       4.8084       7.1859
                  0.3714       4.0616       3.0897       4.3438       9.1845
                  2.4322       0.2030       1.7946      -8.1719     -13.6594
                -22.1609     -17.9139     -41.1637     -14.6539     -19.9527
                -26.4443     -18.3195     -16.4963     -20.6477     -17.3057
                -14.5409     -31.3757     -15.4762     -13.1176     -14.0330
   5     80      34.6016      23.9794      18.2760      20.3671      30.4142
                 15.1666       4.1225       2.0600       5.6027      -3.1977
                 -2.0519       1.8400       0.5520       6.0045      -2.9628
                  0.2646      -5.3278       2.8029       4.5570      -0.8338
                 -2.1806       5.1878      -1.0849       4.9419       7.3288
                  0.4990       4.1925       3.2213       4.4723       9.3326
                  2.5597       0.3323       1.9197      -8.0566     -13.5155
                -22.0403     -17.7775     -41.0503     -14.5134     -19.8316
                -26.3284     -18.1853     -16.3591     -20.5246     -17.1764
                -14.4003     -31.2555     -15.3336     -12.9704     -13.8947
   5    100      34.8107      24.2269      18.5221      20.6827      30.7140
                 15.4859       4.4492       2.3600       5.9380      -2.9482
                 -1.8015       2.1309       0.8202       6.3426      -2.7035
                  0.5503      -5.0887       3.1191       4.9020      -0.5504
                 -1.9034       5.5137      -0.8076       5.2612       7.6761
                  0.8004       4.5043       3.5339       4.7750       9.6968
                  2.8580       0.6393       2.2121      -7.7945     -13.1591
                -21.7563     -17.4461     -40.7901     -14.1680     -19.5496
                -26.0633     -17.8614     -16.0243     -20.2359     -16.8659
                -14.0548     -30.9736     -14.9824     -12.6042     -13.5564
 
 group  inft   Estimated free energy: 3-th solvent contribution (kcal/mol)
   1      0     -26.0129      -9.6615      -2.9282      -1.9797     -11.7746
                 -1.1320       8.9592       8.7012       9.3597      12.2535
                  9.5609      10.9127      11.1200       9.1434      11.9446
                 10.0662      12.2774      10.0521       8.8642      11.3864
                  9.9466       8.9104      10.5071       9.7488       8.3972
                  9.6367       8.4646       9.6003       8.7025       8.1578
                  9.2747      10.8725      10.5190      17.3903      32.7893
                 35.4965      34.7873      48.4574      33.0510      33.1160
                 37.1046      33.9565      32.0476      34.7615      34.7942
                 32.9428      40.9990      32.5312      32.6795      33.2351
   1     60     -26.2432      -9.8905      -3.1573      -2.2082     -12.0038
                 -1.3607       8.7320       8.4734       9.1320      12.0261
                  9.3323      10.6848      10.8921       8.9156      11.7172
                  9.8371      12.0502       9.8244       8.6355      11.1589
                  9.7182       8.6823      10.2793       9.5204       8.1690
                  9.4090       8.2371       9.3722       8.4746       7.9298
                  9.0483      10.6449      10.2913      17.1647      32.5708
                 35.2780      34.5689      48.2398      32.8322      32.8975
                 36.8858      33.7377      31.8284      34.5428      34.5755
                 32.7243      40.7806      32.3122      32.4610      33.0168
   1     80     -28.4603     -12.0997      -5.3651      -4.4106     -14.2153
                 -3.5574       6.5477       6.2830       6.9453       9.8429
                  7.1414       8.4992       8.7020       6.7287       9.5313
                  7.6458       9.8699       7.6415       6.4438       8.9737
                  7.5311       6.4948       8.0918       7.3309       5.9776
                  7.2188       6.0503       7.1841       6.2884       5.7421
                  6.8685       8.4577       8.1067      14.9870      30.4228
                 33.1345      32.4249      46.1106      30.6846      30.7535
                 34.7416      31.5923      29.6763      32.4000      32.4273
                 30.5814      38.6390      30.1649      30.3162      30.8721
   1    100     -36.9169     -20.5061     -13.7620     -12.7896     -22.6422
                -11.9157      -1.7645      -2.0437      -1.3684       1.5427
                 -1.1901       0.1929       0.3822      -1.5895       1.2246
                 -0.6840       1.5743      -0.6632      -1.8857       0.6651
                 -0.7899      -1.8293      -0.2237      -0.9947      -2.3543
                 -1.1099      -2.2723      -1.1364      -2.0293      -2.5737
                 -1.4349       0.1366      -0.2049       6.6998      22.2149
                 24.9461      24.2393      37.9736      22.4833      22.5517
                 26.5534      23.3959      21.4546      24.2114      24.2194
                 22.3926      30.4545      21.9552      22.1132      22.6740
   2      0     -26.0271      -9.6283      -2.8977      -1.9523     -11.7446
                 -1.1121       9.0015       8.7307       9.3941      12.2993
                  9.5974      10.9430      11.1354       9.1774      11.9932
                 10.1148      12.3190      10.1047       8.8957      11.4171
                  9.9944       8.9298      10.5517       9.8015       8.4345
                  9.6638       8.4898       9.6416       8.7328       8.1828
                  9.3002      10.8979      10.5468      17.4377      32.8355
                 35.5397      34.8376      48.5224      33.1033      33.1532
                 37.1349      34.0244      32.1202      34.8070      34.8171
                 32.9787      41.0732      32.5959      32.7098      33.2868
   3      0     -26.0384      -9.6469      -2.9033      -1.9646     -11.7468
                 -1.0957       8.9995       8.7114       9.3740      12.2916
                  9.5840      10.9324      11.1352       9.1611      11.9839
                 10.1007      12.3023      10.0900       8.8872      11.3805
                  9.9798       8.9333      10.5518       9.7722       8.4253
                  9.6603       8.4886       9.6342       8.7256       8.1787
                  9.2865      10.8745      10.5392      17.4388      32.8521
                 35.5289      34.8672      48.5331      33.1140      33.1724
                 37.1471      34.0364      32.1456      34.8091      34.8342
                 32.9544      41.0733      32.5993      32.7271      33.3078
   4      0     -26.0816      -9.6571      -2.9624      -2.0175     -11.7968
                 -1.1644       8.9711       8.6795       9.3518      12.2666
                  9.5568      10.9036      11.0917       9.1092      11.9226
                 10.0502      12.2792      10.0438       8.8525      11.3678
                  9.9413       8.8691      10.5064       9.7450       8.3846
                  9.6289       8.4411       9.5883       8.6875       8.1532
                  9.2326      10.8206      10.5052      17.4109      32.8077
                 35.5114      34.8175      48.4853      33.0898      33.1376
                 37.1084      34.0056      32.0961      34.8184      34.7775
                 32.9540      41.0634      32.5698      32.7162      33.2754
   5      0     -26.1166      -9.6662      -2.9751      -2.0206     -11.8311
                 -1.1631       8.9314       8.6640       9.3305      12.2483
                  9.5278      10.8843      11.0581       9.0864      11.9112
                 10.0424      12.2690      10.0303       8.8237      11.3492
                  9.9267       8.8508      10.4865       9.7140       8.3653
                  9.6119       8.4188       9.5706       8.6682       8.1392
                  9.2106      10.8478      10.4788      17.3694      32.7840
                 35.4616      34.8083      48.4808      33.0551      33.1087
                 37.0900      34.0118      32.0694      34.7864      34.7680
                 32.9335      41.0251      32.5543      32.6865      33.2686
   5     60     -26.4351      -9.9824      -3.2917      -2.3366     -12.1477
                 -1.4787       8.6175       8.3486       9.0160      11.9342
                  9.2124      10.5698      10.7431       8.7717      11.5966
                  9.7268      11.9553       9.7164       8.5082      11.0350
                  9.6117       8.5356      10.1722       9.3989       8.0501
                  9.2974       8.1043       9.2556       8.3535       7.8243
                  8.8974      10.5334      10.1649      17.0577      32.4802
                 35.1583      34.5051      48.1792      32.7515      32.8055
                 36.7863      33.7084      31.7651      34.4832      34.4642
                 32.6305      40.7218      32.2505      32.3833      32.9654
   5     80     -29.2219     -12.7586      -6.0668      -5.1061     -14.9293
                 -4.2408       5.8710       5.5967       6.2684       9.1910
                  6.4583       7.8240       7.9917       6.0236       8.8508
                  6.9729       9.2160       6.9738       5.7546       8.2900
                  6.8626       5.7853       7.4251       6.6468       5.2971
                  6.5466       5.3547       6.5068       5.6051       5.0760
                  6.1571       7.7845       7.4187      14.3205      29.7752
                 32.4587      31.8066      45.4989      30.0479      30.1040
                 34.0857      31.0068      29.0545      31.7832      31.7590
                 29.9317      38.0246      29.5452      29.6822      30.2640
   5    100     -37.0534     -20.5433     -13.8368     -12.8627     -22.7270
                -11.9774      -1.8218      -2.1121      -1.4255       1.5107
                 -1.2526       0.1365       0.2889      -1.6762       1.1607
                 -0.7347       1.5394      -0.7136      -1.9553       0.6011
                 -0.8378      -1.9207      -0.2709      -1.0585      -2.4129
                 -1.1627      -2.3493      -1.1935      -2.0943      -2.6227
                 -1.5288       0.0832      -0.2744       6.6501      22.1794
                 24.8828      24.2332      37.9719      22.4603      22.5150
                 26.5087      23.4243      21.4461      24.2047      24.1666
                 22.3548      30.4506      21.9499      22.0935      22.6788
 
 
 cumulative average & 95% error for solvation free energy
              total             1st component         2nd component         3rd component
  1   -92.4529             -101.8358               35.4191              -26.0384
  2   -88.9292     7.0474  -101.0221     1.6272    29.9335    10.9713   -17.8427    16.3914
  3   -88.1726     4.3411  -101.5098     1.3542    26.1980     9.7948   -12.8629    13.7387
  4   -86.4974     4.5440  -101.1655     1.1795    24.8043     7.4658   -10.1383    11.1386
  5   -85.2190     4.3504  -100.7392     1.2497    25.9780     6.2413   -10.4600     8.6519
  6   -85.1195     3.5576  -100.4557     1.1673    24.2334     6.1760    -8.8993     7.7232
  7   -85.3123     3.0314  -100.3877     0.9959    21.4155     7.6816    -6.3423     8.2920
  8   -85.7486     2.7665  -100.3536     0.8651    19.0634     8.1477    -4.4606     8.1075
  9   -85.8922     2.4566  -100.5954     0.9033    17.6245     7.7405    -2.9234     7.7831
 10   -86.4215     2.4390  -100.6132     0.8087    15.5915     8.0290    -1.4019     7.5974
 11   -86.9500     2.4463  -100.5703     0.7365    14.0214     7.9123    -0.4032     7.1565
 12   -87.2028     2.2897  -100.7917     0.8051    13.0453     7.4820     0.5414     6.8007
 13   -87.3945     2.1408  -100.8772     0.7600    12.1242     7.1248     1.3563     6.4645
 14   -87.3646     1.9829  -100.9972     0.7435    11.7167     6.6464     1.9138     6.0880
 15   -87.5660     1.8894  -100.9119     0.7129    10.7586     6.4774     2.5852     5.8245
 16   -87.5609     1.7674  -100.7552     0.7368    10.1373     6.1851     3.0549     5.5287
 17   -87.9055     1.7976  -100.7784     0.6937     9.2718     6.0623     3.5988     5.3060
 18   -87.9594     1.6982  -100.8526     0.6706     8.9316     5.7559     3.9595     5.0543
 19   -87.9213     1.6081  -100.8626     0.6347     8.7204     5.4609     4.2188     4.8089
 20   -88.0498     1.5471  -100.8969     0.6060     8.2681     5.2591     4.5769     4.6180
 21   -88.1604     1.4881  -100.7900     0.6148     7.7933     5.0917     4.8342     4.4227
 22   -88.1273     1.4204  -100.8311     0.5919     7.6812     4.8599     5.0205     4.2333
 23   -88.2081     1.3669  -100.7855     0.5729     7.3143     4.7015     5.2610     4.0735
 24   -88.1736     1.3105  -100.8553     0.5659     7.2305     4.5044     5.4490     3.9182
 25   -88.0691     1.2743  -100.8814     0.5453     7.2422     4.3205     5.5680     3.7657
 26   -88.0825     1.2246  -100.8012     0.5480     6.9911     4.1813     5.7254     3.6317
 27   -87.9864     1.1939  -100.7113     0.5571     6.8950     4.0281     5.8278     3.5006
 28   -87.9561     1.1521  -100.7044     0.5370     6.7824     3.8881     5.9637     3.3842
 29   -87.9794     1.1126  -100.7461     0.5248     6.7056     3.7547     6.0589     3.2709
 30   -87.8858     1.0911  -100.8246     0.5308     6.8071     3.6331     6.1296     3.1632
 31   -87.9009     1.0557  -100.8135     0.5139     6.6790     3.5233     6.2314     3.0662
 32   -87.9319     1.0241  -100.8015     0.4982     6.4909     3.4321     6.3765     2.9830
 33   -87.9464     0.9930  -100.8127     0.4833     6.3615     3.3365     6.5027     2.9022
 34   -87.9626     0.9639  -100.7414     0.4901     5.9524     3.3387     6.8243     2.8881
 35   -87.6775     1.0959  -100.6507     0.5093     5.4031     3.4230     7.5680     3.1743
 36   -87.6351     1.0684  -100.6309     0.4965     4.6490     3.6525     8.3447     3.4539
 37   -87.4844     1.0820  -100.5993     0.4870     4.0512     3.7482     9.0615     3.6524
 38   -87.5626     1.0647  -100.5370     0.4901     2.8721     4.3441    10.1002     4.1175
 39   -87.4202     1.0754  -100.5500     0.4781     2.4373     4.3197    10.6903     4.1806
 40   -87.3553     1.0562  -100.4980     0.4774     1.8882     4.3511    11.2524     4.2269
 41   -87.3558     1.0301  -100.4449     0.4776     1.2030     4.4595    11.8839     4.3117
 42   -87.2697     1.0199  -100.4295     0.4671     0.7463     4.4468    12.4114     4.3380
 43   -87.1460     1.0262  -100.3668     0.4730     0.3483     4.4145    12.8703     4.3342
 44   -87.1097     1.0052  -100.3670     0.4622    -0.1137     4.4109    13.3689     4.3504
 45   -87.0259     0.9968  -100.3843     0.4531    -0.4896     4.3768    13.8459     4.3584
 46   -86.8985     1.0076  -100.3794     0.4432    -0.7825     4.3205    14.2613     4.3428
 47   -86.9477     0.9909  -100.3557     0.4363    -1.4259     4.4191    14.8318     4.3999
 48   -86.7473     1.0496  -100.2404     0.4854    -1.7109     4.3635    15.2020     4.3704
 49   -86.6076     1.0652  -100.2318     0.4757    -1.9376     4.2974    15.5596     4.3396
 50   -86.4981     1.0664  -100.2405     0.4664    -2.1743     4.2372    15.9146     4.3108
 
 Mesh error is    1.102 kcal/mol
