 ERmod 0.3.8, Copyright (C) 2000-2019 Nobuyuki Matubayasi
                            2010-2019 Shun Sakuraba
 ERmod comes with ABSOLUTELY NO WARRANTY.
 This is free software, and you can redistribute it
 and/or modify it under certain conditions.
 See LICENSE file for details.
 
  Number of the   1-th solvent  =          368
  Number of the   2-th solvent  =          368
  Number of the   3-th solvent  =        10000
 
  Be sure that the solvent distribution is homogeneous (radial distribution function is essentially unity) when the solvent molecule is separated beyond distance of   10.0 Angstrom in any direction from any atom within the solute molecule
 
  LJ long-range correction    =        -0.6509     -0.1232     -7.4645
 
  Self-energy of the solute   =        -0.0016  kcal/mol
 
 
 cumulative average & 95% error for solvation energy
              total             1st component         2nd component         3rd component
  1  -471.6313             -104.8995              -51.8804             -314.8498
  2  -473.3276     3.3926  -103.8704     2.0581   -57.9178    12.0747  -311.5378     6.6240
  3  -472.6967     2.3300  -104.6263     1.9228   -54.4340     9.8563  -313.6348     5.6759
  4  -473.1629     1.8932  -104.7254     1.3740   -56.9713     8.6212  -311.4646     5.9116
  5  -479.5209    12.8002  -104.4037     1.2437   -73.0282    32.8008  -302.0874    19.3053
  6  -483.7397    13.4322  -104.6373     1.1178   -83.5368    34.0438  -295.5641    20.4617
  7  -486.7416    12.8421  -104.0579     1.4951   -90.5647    32.0221  -292.1174    18.6166
  8  -489.0601    12.0496  -103.0142     2.4563   -96.8462    30.4449  -289.1981    17.1470
  9  -490.9696    11.2921  -102.9391     2.1715  -101.3497    28.3203  -286.6793    15.9393
 10  -492.2514    10.4202  -102.6179     2.0457  -105.0719    26.4017  -284.5601    14.8732
 11  -493.4209     9.7113  -102.9446     1.9624  -107.6816    24.4449  -282.7932    13.9097
 12  -494.3519     9.0586  -102.9452     1.7914  -109.8639    22.7379  -281.5412    12.9423
 13  -495.1520     8.4850  -102.5525     1.8255  -112.4160    21.5296  -280.1819    12.2116
 14  -495.8383     7.9746  -102.6129     1.6944  -113.9785    20.1761  -279.2453    11.4599
 15  -496.4904     7.5376  -102.7887     1.6161  -115.1735    18.9343  -278.5266    10.7650
 16  -497.0131     7.1279  -102.5775     1.5697  -116.4278    17.8882  -278.0062    10.1234
 17  -497.4920     6.7636  -102.6556     1.4827  -117.4149    16.9186  -277.4199     9.5813
 18  -497.8804     6.4240  -102.5641     1.4098  -118.3501    16.0603  -276.9647     9.0791
 19  -498.3220     6.1403  -102.3729     1.3873  -120.1870    15.6295  -275.7604     8.9193
 20  -498.6530     5.8627  -102.5583     1.3673  -120.8175    14.8809  -275.2757     8.5169
 21  -498.9806     5.6149  -102.4376     1.3228  -121.3558    14.1955  -275.1856     8.1032
 22  -499.2748     5.3858  -102.3041     1.2892  -122.2246    13.6460  -274.7446     7.7763
 23  -499.5609     5.1781  -102.4509     1.2664  -122.7867    13.0875  -274.3218     7.4785
 24  -499.9725     5.0255  -102.1796     1.3283  -124.9301    13.2434  -272.8612     7.7331
 25  -500.1513     4.8335  -102.2612     1.2844  -125.2395    12.7176  -272.6490     7.4295
 26  -500.3718     4.6648  -102.3104     1.2380  -125.6673    12.2486  -272.3926     7.1564
 27  -500.5647     4.5052  -102.2977     1.1915  -126.0669    11.8133  -272.1985     6.8972
 28  -500.7818     4.3630  -102.1906     1.1679  -126.9938    11.5336  -271.5957     6.7547
 29  -500.9730     4.2272  -102.1336     1.1327  -127.7076    11.2199  -271.1302     6.5838
 30  -501.1092     4.0929  -101.9684     1.1431  -128.0379    10.8596  -271.1012     6.3608
 31  -501.2306     3.9662  -101.7935     1.1596  -128.4202    10.5313  -271.0154     6.1546
 32  -501.3394     3.8464  -101.7295     1.1301  -128.6901    10.2111  -270.9183     5.9624
 33  -501.4635     3.7362  -101.8813     1.1366  -128.7358     9.8973  -270.8448     5.7807
 34  -501.5682     3.6307  -102.0781     1.1708  -128.8246     9.6034  -270.6638     5.6198
 35  -501.6716     3.5315  -102.1074     1.1384  -129.0152     9.3328  -270.5474     5.4618
 36  -501.7724     3.4380  -102.0126     1.1224  -129.3260     9.0911  -270.4322     5.3129
 37  -501.9328     3.3591  -102.0369     1.0928  -130.1181     8.9828  -269.7762     5.3313
 38  -502.0156     3.2737  -101.9416     1.0806  -130.3744     8.7582  -269.6980     5.1915
 39  -502.1415     3.1986  -101.9578     1.0530  -130.9097     8.5976  -269.2723     5.1277
 40  -502.2062     3.1203  -101.8912     1.0349  -131.1140     8.3899  -269.1994     5.0000
 41  -502.2694     3.0458  -101.9167     1.0107  -131.2124     8.1850  -269.1388     4.8781
 42  -502.3304     2.9749  -101.8440     0.9970  -131.3185     7.9906  -269.1663     4.7608
 43  -502.3955     2.9078  -101.8583     0.9739  -131.4905     7.8101  -269.0450     4.6551
 44  -502.4342     2.8420  -101.7681     0.9685  -131.6430     7.6367  -269.0215     4.5483
 45  -502.4951     2.7808  -101.8162     0.9516  -131.6980     7.4658  -268.9793     4.4469
 46  -502.5462     2.7216  -101.8539     0.9337  -131.7739     7.3033  -268.9168     4.3510
 47  -502.5862     2.6643  -101.9432     0.9309  -131.7769     7.1462  -268.8646     4.2587
 48  -502.6391     2.6103  -101.9789     0.9141  -131.8666     6.9981  -268.7921     4.1715
 49  -502.6858     2.5582  -101.9715     0.8954  -131.9816     6.8576  -268.7311     4.0873
 50  -502.7293     2.5080  -101.9801     0.8775  -132.0311     6.7198  -268.7164     4.0048
 
 
 group  inft  solvation free energy     error          difference
  total solvation free energy
   1      0        -67.26805           1.29311           0.58395
   1     60        -67.52503           1.29236           0.32697
   1     80        -69.83539           1.28738          -1.98339
   1    100        -77.81517           1.27668          -9.96317
   2      0        -67.34083           1.31089           0.51117
   3      0        -67.85200           1.31306           0.00000
   4      0        -67.42364           1.32125           0.42836
   5      0        -67.83330           1.32047           0.01870
   5     60        -68.17443           1.31951          -0.32243
   5     80        -71.03569           1.31382          -3.18369
   5    100        -78.37401           1.30443         -10.52201
 
  contribution from  1-th solvent component
   1      0        -89.07709           0.62399          -0.10951
   1     60        -89.08550           0.62397          -0.11792
   1     80        -89.17601           0.62387          -0.20842
   1    100        -89.49368           0.62395          -0.52610
   2      0        -88.88221           0.65354           0.08537
   3      0        -88.96758           0.66518           0.00000
   4      0        -88.36371           0.67270           0.60387
   5      0        -88.73164           0.67270           0.23595
   5     60        -88.74427           0.67267           0.22331
   5     80        -88.85681           0.67254           0.11077
   5    100        -89.15248           0.67268          -0.18490
 
  contribution from  2-th solvent component
   1      0        -17.42263           3.16866           0.72803
   1     60        -17.42205           3.16865           0.72860
   1     80        -17.31730           3.16849           0.83336
   1    100        -17.03647           3.16744           1.11419
   2      0        -17.71953           3.16666           0.43112
   3      0        -18.15066           3.16137           0.00000
   4      0        -18.32097           3.16338          -0.17031
   5      0        -18.33724           3.16271          -0.18658
   5     60        -18.32030           3.16271          -0.16964
   5     80        -18.19542           3.16243          -0.04477
   5    100        -17.91338           3.16126           0.23728
 
  contribution from  3-th solvent component
   1      0         39.23326           1.89685          -0.03457
   1     60         38.98412           1.89766          -0.28371
   1     80         36.65951           1.90291          -2.60832
   1    100         28.71657           1.91384         -10.55126
   2      0         39.26251           1.89596          -0.00533
   3      0         39.26783           1.89633           0.00000
   4      0         39.26264           1.89542          -0.00519
   5      0         39.23717           1.89671          -0.03066
   5     60         38.89172           1.89778          -0.37611
   5     80         36.01814           1.90396          -3.24969
   5    100         28.69344           1.91381         -10.57439
 
 
 group  inft   Estimated free energy: total (kcal/mol)
   1      0     -51.5599     -58.8902     -53.0040     -55.3530     -70.6783
                -69.3927     -64.7287     -66.3157     -68.8781     -71.2110
                -68.7322     -67.8281     -68.6069     -67.8448     -69.2554
                -65.2805     -68.6152     -64.7022     -74.1638     -68.1456
                -66.9526     -68.3831     -65.9201     -76.2717     -66.1495
                -70.3922     -70.0746     -72.6258     -69.4560     -67.2610
                -66.9182     -65.2441     -69.7223     -68.9536     -66.9294
                -70.1324     -73.1071     -70.7860     -71.4828     -68.4326
                -66.0387     -63.7589     -67.9425     -65.2939     -66.2054
                -66.7198     -65.9904     -68.3945     -68.8953     -65.7814
   1     60     -51.8269     -59.1579     -53.2726     -55.6199     -70.9341
                -69.6488     -64.9851     -66.5724     -69.1347     -71.4672
                -68.9880     -68.0844     -68.8633     -68.1011     -69.5121
                -65.5367     -68.8712     -64.9586     -74.4203     -68.4014
                -67.2090     -68.6381     -66.1761     -76.5264     -66.4060
                -70.6483     -70.3315     -72.8820     -69.7117     -67.5180
                -67.1743     -65.4998     -69.9782     -69.2093     -67.1855
                -70.3880     -73.3621     -71.0421     -71.7387     -68.6888
                -66.2947     -64.0144     -68.1991     -65.5507     -66.4613
                -66.9757     -66.2463     -68.6500     -69.1512     -66.0373
   1     80     -54.2098     -61.5516     -55.6557     -58.0061     -73.2353
                -71.9580     -67.2872     -68.8760     -71.4398     -73.7732
                -71.2932     -70.3832     -71.1620     -70.4040     -71.8158
                -67.8389     -71.1789     -67.2632     -76.7361     -70.7055
                -69.5173     -70.9356     -68.4795     -78.8283     -68.7081
                -72.9487     -72.6373     -75.1927     -72.0179     -69.8237
                -69.4774     -67.8029     -72.2853     -71.5064     -69.4881
                -72.6954     -75.6680     -73.3457     -74.0448     -70.9857
                -68.5966     -66.3116     -70.5037     -67.8525     -68.7647
                -69.2849     -68.5506     -70.9493     -71.4548     -68.3386
   1    100     -62.3509     -69.7366     -63.7869     -66.1715     -81.1882
                -79.9414     -75.2431     -76.8388     -79.4053     -81.7562
                -79.2670     -78.3289     -79.1060     -78.3636     -79.7807
                -75.7994     -79.1578     -75.2342     -84.7458     -78.6708
                -77.5001     -78.8814     -76.4400     -86.8045     -76.6608
                -80.8990     -80.6091     -83.1902     -79.9885     -77.7902
                -77.4400     -75.7610     -80.2577     -79.4481     -77.4459
                -80.6706     -83.6473     -81.3084     -82.0168     -78.9249
                -76.5470     -74.2559     -78.4614     -75.8063     -76.7233
                -77.2690     -76.5189     -78.8955     -79.4228     -76.3008
   2      0     -51.8404     -59.5083     -53.1233     -55.2622     -71.0561
                -69.5273     -64.4854     -66.2992     -68.9343     -71.1819
                -68.6528     -67.8824     -68.7164     -67.9998     -69.4084
                -65.2168     -68.5258     -64.4533     -74.7115     -68.2622
                -66.8293     -68.4753     -65.6638     -76.7345     -66.1782
                -70.5058     -70.2109     -72.9759     -69.5339     -67.4895
                -66.5716     -65.2828     -69.8824     -68.9960     -66.9320
                -70.3171     -73.5213     -71.0463     -71.8232     -68.6786
                -65.7719     -63.5510     -68.1694     -65.0468     -66.3677
                -66.7570     -65.6827     -68.2714     -69.1529     -65.5748
   3      0     -52.4021     -60.2074     -53.7771     -55.8925     -71.6214
                -70.0473     -64.7894     -66.7958     -69.4955     -71.7019
                -69.0002     -68.5413     -69.3382     -68.5280     -69.8824
                -65.6029     -69.1435     -64.8323     -75.4576     -68.7644
                -67.1847     -68.6940     -66.1146     -77.3582     -66.6917
                -71.1165     -70.8505     -73.5958     -69.8559     -67.9449
                -67.0906     -65.7085     -70.4142     -69.5220     -67.5228
                -70.9576     -73.9358     -71.4037     -72.5629     -69.3177
                -66.0579     -64.0832     -68.7443     -65.4229     -66.8218
                -67.1665     -66.1120     -68.9263     -69.6664     -65.9348
   4      0     -52.0146     -59.8091     -53.2646     -55.2818     -71.1807
                -69.4907     -64.5730     -66.3844     -69.0000     -71.1911
                -68.5931     -67.9384     -68.9267     -68.1271     -69.6178
                -65.3351     -68.5747     -64.3211     -75.1203     -68.3963
                -66.7308     -68.4924     -65.6023     -76.9200     -66.2604
                -70.7061     -70.5015     -73.2802     -69.5749     -67.6428
                -66.4811     -65.2492     -70.0614     -69.1211     -67.0038
                -70.3739     -73.7118     -71.0752     -72.2221     -68.7673
                -65.6119     -63.3509     -68.2373     -64.9982     -66.4552
                -66.6940     -65.6324     -68.4735     -69.2774     -65.5322
   5      0     -52.4706     -60.2801     -53.6357     -55.6817     -71.6502
                -70.1202     -64.7593     -66.8007     -69.5244     -71.7469
                -68.9394     -68.4420     -69.1704     -68.3816     -69.9590
                -65.6095     -68.8911     -64.7540     -75.5504     -68.7289
                -67.2336     -68.8088     -66.1050     -77.2134     -66.5921
                -71.3447     -71.0543     -73.6549     -69.8970     -67.9022
                -66.8749     -65.7522     -70.2903     -69.5880     -67.4400
                -70.8627     -73.9893     -71.5978     -72.5594     -69.3126
                -66.0121     -63.9901     -68.7313     -65.3678     -66.8073
                -67.1892     -66.0475     -68.9302     -69.6141     -65.8063
   5     60     -52.8263     -60.6371     -53.9917     -56.0371     -71.9898
                -70.4610     -65.0988     -67.1404     -69.8645     -72.0874
                -69.2794     -68.7810     -69.5095     -68.7213     -70.2986
                -65.9492     -69.2318     -65.0940     -75.8918     -69.0688
                -67.5740     -69.1476     -66.4450     -77.5527     -66.9318
                -71.6842     -71.3946     -73.9952     -70.2370     -68.2426
                -67.2146     -66.0921     -70.6306     -69.9270     -67.7797
                -71.2029     -74.3289     -71.9378     -72.8992     -69.6514
                -66.3519     -64.3289     -69.0717     -65.7071     -67.1472
                -67.5299     -66.3875     -69.2695     -69.9541     -66.1455
   5     80     -55.7769     -63.6026     -56.9388     -58.9924     -74.8399
                -73.3208     -67.9499     -69.9955     -72.7175     -74.9454
                -72.1347     -71.6273     -72.3550     -71.5732     -73.1519
                -68.8005     -72.0914     -67.9476     -78.7620     -71.9211
                -70.4327     -71.9929     -69.2968     -80.4079     -69.7828
                -74.5320     -74.2509     -76.8597     -73.0944     -71.0984
                -70.0658     -68.9445     -73.4868     -72.7713     -70.6310
                -74.0580     -77.1856     -74.7896     -75.7571     -72.4940
                -69.2013     -67.1739     -71.9241     -68.5563     -69.9991
                -70.3906     -69.2419     -72.1177     -72.8072     -68.9954
   5    100     -63.2751     -71.1416     -64.4174     -66.5077     -82.1572
                -80.6647     -75.2632     -77.3219     -80.0369     -82.2883
                -79.4674     -78.9285     -79.6546     -78.8911     -80.4716
                -76.1191     -79.4326     -75.2742     -86.1380     -79.2452
                -77.7721     -79.2983     -76.6151     -87.7540     -77.0957
                -81.8387     -81.5829     -84.2207     -80.4276     -78.4226
                -77.3854     -76.2656     -80.8159     -80.0708     -77.9457
                -81.3881     -84.5276     -82.1098     -83.0920     -79.7892
                -76.5121     -74.4753     -79.2374     -75.8628     -77.3168
                -77.7380     -76.5689     -79.4264     -80.1366     -76.3122
 
 group  inft   Estimated free energy: 1-th solvent contribution (kcal/mol)
   1      0     -88.0113     -90.5142     -92.0199     -88.7091     -91.1363
                -91.3971     -86.3144     -84.5987     -90.3017     -88.5151
                -91.5075     -90.7244     -88.2247     -91.1834     -92.1262
                -85.9526     -91.1246     -85.4592     -89.0696     -91.8807
                -86.3289     -87.7613     -89.2979     -87.0220     -89.3149
                -90.8445     -90.2527     -88.6560     -87.9232     -87.4229
                -84.5408     -86.0818     -92.5799     -93.4939     -89.5363
                -89.3245     -90.9889     -89.6226     -90.3467     -88.8968
                -88.4393     -85.0000     -90.1857     -85.9664     -89.8747
                -87.7059     -89.4480     -91.1713     -89.9836     -87.0723
   1     60     -88.0200     -90.5227     -92.0283     -88.7177     -91.1446
                -91.4055     -86.3229     -84.6073     -90.3100     -88.5236
                -91.5159     -90.7327     -88.2329     -91.1916     -92.1345
                -85.9612     -91.1330     -85.4678     -89.0780     -91.8889
                -86.3375     -87.7696     -89.3065     -87.0305     -89.3234
                -90.8528     -90.2611     -88.6644     -87.9316     -87.4312
                -84.5495     -86.0903     -92.5883     -93.5021     -89.5447
                -89.3328     -90.9973     -89.6310     -90.3550     -88.9050
                -88.4477     -85.0086     -90.1941     -85.9748     -89.8830
                -87.7144     -89.4566     -91.1796     -89.9920     -87.0809
   1     80     -88.1129     -90.6149     -92.1201     -88.8097     -91.2342
                -91.4959     -86.4135     -84.6986     -90.4000     -88.6138
                -91.6060     -90.8228     -88.3219     -91.2809     -92.2249
                -86.0522     -91.2233     -85.5595     -89.1678     -91.9786
                -86.4295     -87.8588     -89.3980     -87.1208     -89.4140
                -90.9423     -90.3510     -88.7548     -88.0218     -87.5208
                -84.6410     -86.1810     -92.6794     -93.5908     -89.6354
                -89.4235     -91.0880     -89.7218     -90.4448     -88.9940
                -88.5373     -85.1002     -90.2849     -86.0655     -89.9730
                -87.8050     -89.5486     -91.2692     -90.0821     -87.1716
   1    100     -88.4323     -90.9356     -92.4403     -89.1285     -91.5499
                -91.8144     -86.7289     -85.0171     -90.7179     -88.9299
                -91.9240     -91.1414     -88.6378     -91.5986     -92.5451
                -86.3694     -91.5409     -85.8785     -89.4835     -92.2959
                -86.7496     -88.1714     -89.7183     -87.4364     -89.7320
                -91.2579     -90.6683     -89.0729     -88.3382     -87.8361
                -84.9596     -86.4971     -93.0008     -93.9053     -89.9550
                -89.7433     -91.4074     -90.0415     -90.7623     -89.3083
                -88.8520     -85.4180     -90.6040     -86.3842     -90.2897
                -88.1210     -89.8701     -91.5852     -90.3994     -87.4890
   2      0     -87.6561     -90.4603     -91.9589     -88.2588     -91.1107
                -91.1768     -85.9107     -84.2296     -90.2472     -88.3004
                -91.3377     -90.6573     -88.1492     -91.1128     -92.0884
                -85.6076     -91.0288     -85.1312     -89.0181     -91.8218
                -85.9497     -87.4881     -88.8648     -86.8690     -89.0602
                -90.7816     -90.2064     -88.4956     -87.6211     -87.3729
                -84.1440     -85.7847     -92.5613     -93.4559     -89.2745
                -89.2406     -90.9232     -89.6074     -90.2561     -88.8231
                -88.1208     -84.6220     -90.1090     -85.6089     -89.6266
                -87.3458     -88.8927     -91.0772     -89.9376     -86.7271
   3      0     -87.6987     -90.6458     -92.0615     -88.3102     -91.2109
                -91.2786     -85.8609     -84.2925     -90.4183     -88.3495
                -91.3508     -90.8243     -88.3160     -91.2482     -92.2098
                -85.6512     -91.1113     -85.1426     -89.2166     -92.0131
                -85.9603     -87.5079     -88.9116     -87.0079     -89.1013
                -90.8935     -90.3324     -88.5887     -87.6190     -87.4842
                -84.1675     -85.7752     -92.6823     -93.6100     -89.3745
                -89.3955     -91.0157     -89.7334     -90.3670     -88.9855
                -88.0882     -84.6961     -90.2861     -85.6073     -89.6872
                -87.2787     -88.9009     -91.2655     -90.1020     -86.7429
   4      0     -87.0595     -89.9676     -91.5206     -87.6053     -90.7286
                -90.6847     -85.2935     -83.6246     -89.7009     -87.9038
                -90.9062     -90.1210     -87.6321     -90.7463     -91.6701
                -85.0959     -90.6164     -84.4350     -88.5464     -91.3079
                -85.2834     -86.9191     -88.2078     -86.4076     -88.5784
                -90.4180     -89.8058     -87.9695     -87.1163     -86.9105
                -83.5378     -85.1359     -92.1244     -92.9597     -88.6373
                -88.7985     -90.5197     -89.1872     -89.8647     -88.3304
                -87.5003     -83.8968     -89.6081     -84.9454     -89.1549
                -86.6582     -88.3371     -90.5858     -89.4647     -86.1562
   5      0     -87.4403     -90.3478     -91.8238     -87.9822     -91.1245
                -91.1096     -85.5040     -84.0617     -90.1838     -88.2899
                -91.1860     -90.5798     -87.9518     -90.9855     -91.9815
                -85.3577     -90.8765     -84.8577     -88.8932     -91.6625
                -85.7153     -87.2376     -88.6617     -86.6315     -88.8127
                -90.9061     -90.2301     -88.3829     -87.4043     -87.2542
                -83.8852     -85.5132     -92.3302     -93.4200     -89.1130
                -89.2475     -90.9022     -89.6053     -90.1324     -88.8693
                -87.8221     -84.4437     -90.0759     -85.2682     -89.4565
                -87.0570     -88.6744     -91.0721     -89.7975     -86.4602
   5     60     -87.4535     -90.3608     -91.8367     -87.9953     -91.1370
                -91.1222     -85.5168     -84.0746     -90.1962     -88.3025
                -91.1985     -90.5923     -87.9641     -90.9978     -91.9939
                -85.3704     -90.8891     -84.8706     -88.9057     -91.6749
                -85.7282     -87.2501     -88.6745     -86.6442     -88.8254
                -90.9185     -90.2427     -88.3955     -87.4170     -87.2667
                -83.8980     -85.5259     -92.3428     -93.4323     -89.1256
                -89.2600     -90.9147     -89.6179     -90.1449     -88.8817
                -87.8347     -84.4566     -90.0885     -85.2808     -89.4690
                -87.0697     -88.6872     -91.0846     -89.8101     -86.4729
   5     80     -87.5692     -90.4759     -91.9510     -88.1098     -91.2484
                -91.2346     -85.6301     -84.1888     -90.3076     -88.4150
                -91.3107     -90.7044     -88.0745     -91.1088     -92.1058
                -85.4834     -91.0017     -84.9840     -89.0175     -91.7863
                -85.8421     -87.3613     -88.7880     -86.7569     -88.9382
                -91.0300     -90.3550     -88.5076     -87.5293     -87.3782
                -84.0115     -85.6386     -92.4556     -93.5428     -89.2382
                -89.3722     -91.0270     -89.7304     -90.2566     -88.9925
                -87.9468     -84.5705     -90.2011     -85.3932     -89.5814
                -87.1824     -88.8009     -91.1968     -89.9222     -86.5857
   5    100     -87.8672     -90.7765     -92.2507     -88.4072     -91.5429
                -91.5305     -85.9251     -84.4865     -90.6022     -88.7097
                -91.6071     -91.0012     -88.3679     -91.4044     -92.4025
                -85.7778     -91.2988     -85.2790     -89.3124     -92.0813
                -86.1384     -87.6533     -89.0848     -87.0521     -89.2345
                -91.3240     -90.6518     -88.8027     -87.8238     -87.6720
                -84.3066     -85.9323     -92.7535     -93.8365     -89.5349
                -89.6681     -91.3231     -90.0274     -90.5524     -89.2857
                -88.2411     -84.8661     -90.4977     -85.6878     -89.8772
                -87.4762     -89.0975     -91.4935     -90.2180     -86.8803
 
 group  inft   Estimated free energy: 2-th solvent contribution (kcal/mol)
   1      0      18.9584      10.9915      23.4426      10.7067     -20.8208
                -20.2130     -16.2219     -21.3262     -19.0029     -23.5677
                -18.0985     -16.3558     -21.9432     -16.6841     -16.2616
                -17.9427     -17.4497     -18.4545     -31.3188     -16.8540
                -16.9625     -21.1733     -17.8188     -42.1349     -16.3275
                -19.8873     -19.6408     -29.4251     -26.1654     -18.2527
                -21.6814     -18.7262     -16.6053     -16.6597     -17.3878
                -21.2629     -32.3275     -21.2828     -27.8619     -19.3655
                -17.7510     -17.3925     -19.6425     -18.8488     -16.0694
                -19.6248     -16.7970     -18.3909     -19.1137     -18.1352
   1     60      18.9591      10.9918      23.4429      10.7071     -20.8204
                -20.2124     -16.2213     -21.3259     -19.0024     -23.5674
                -18.0977     -16.3553     -21.9432     -16.6834     -16.2609
                -17.9421     -17.4487     -18.4539     -31.3187     -16.8530
                -16.9615     -21.1725     -17.8180     -42.1345     -16.3269
                -19.8870     -19.6405     -29.4248     -26.1646     -18.2523
                -21.6809     -18.7255     -16.6045     -16.6588     -17.3873
                -21.2621     -32.3266     -21.2823     -27.8613     -19.3653
                -17.7503     -17.3919     -19.6420     -18.8486     -16.0686
                -19.6241     -16.7963     -18.3901     -19.1129     -18.1346
   1     80      19.0547      11.0813      23.5496      10.7965     -20.7181
                -20.1121     -16.1102     -21.2179     -18.8947     -23.4682
                -17.9935     -16.2425     -21.8328     -16.5739     -16.1508
                -17.8354     -17.3450     -18.3468     -31.2277     -16.7455
                -16.8535     -21.0654     -17.7119     -42.0429     -16.2159
                -19.7802     -19.5352     -29.3274     -26.0623     -18.1441
                -21.5758     -18.6206     -16.4992     -16.5490     -17.2789
                -21.1595     -32.2304     -21.1751     -27.7607     -19.2544
                -17.6427     -17.2825     -19.5350     -18.7364     -15.9594
                -19.5230     -16.6920     -18.2827     -19.0085     -18.0272
   1    100      19.2911      11.2910      23.8331      11.0040     -20.4454
                -19.8458     -15.8032     -20.9251     -18.6003     -23.2098
                -17.7142     -15.9286     -21.5287     -16.2704     -15.8473
                -17.5464     -17.0654     -18.0580     -31.0040     -16.4512
                -16.5589     -20.7756     -17.4235     -41.8195     -15.9084
                -19.4913     -19.2521     -29.0818     -25.7939     -17.8455
                -21.2938     -18.3357     -16.2153     -16.2478     -16.9811
                -20.8846     -31.9882     -20.8846     -27.4985     -18.9468
                -17.3475     -16.9817     -19.2427     -18.4243     -15.6561
                -19.2576     -16.4104     -17.9894     -18.7267     -17.7355
   2      0      18.2899      10.2957      23.2119      10.2951     -21.2301
                -20.5814     -16.4127     -21.7130     -19.1282     -23.7760
                -18.2183     -16.5034     -22.1597     -16.9332     -16.4733
                -18.2490     -17.4818     -18.5711     -31.9767     -17.0490
                -17.2446     -21.5596     -18.0075     -42.7612     -16.6262
                -20.0993     -19.8655     -29.9508     -26.5821     -18.5734
                -21.7586     -19.0854     -16.8135     -16.7648     -17.6908
                -21.5792     -32.8303     -21.5809     -28.3293     -19.6997
                -17.8278     -17.5994     -19.9972     -18.9784     -16.5107
                -20.0603     -17.0744     -18.3993     -19.4627     -18.2995
   3      0      17.7653       9.7598      22.6807       9.7045     -21.6998
                -21.0048     -16.7729     -22.1386     -19.5174     -24.2428
                -18.5685     -16.9905     -22.6143     -17.3217     -16.8131
                -18.6139     -18.0200     -18.9504     -32.5111     -17.3660
                -17.6083     -21.7667     -18.4065     -43.2556     -17.0977
                -20.5897     -20.3854     -30.4984     -26.9287     -18.9139
                -22.2771     -19.5210     -17.2276     -17.1390     -18.1810
                -22.0871     -33.1823     -21.8177     -28.9563     -20.2017
                -18.1501     -18.0525     -20.4072     -19.3562     -16.9045
                -20.5458     -17.4962     -18.8730     -19.8065     -18.6636
   4      0      17.5148       9.5071      22.6112       9.6268     -21.7456
                -21.0328     -17.1238     -22.4058     -19.7492     -24.1824
                -18.6080     -17.1029     -22.8837     -17.4417     -17.1083
                -18.8756     -17.9389     -19.1268     -32.8571     -17.6852
                -17.8171     -22.1162     -18.5753     -43.4105     -17.1842
                -20.6556     -20.5727     -30.7828     -27.1165     -19.1819
                -22.2750     -19.6991     -17.4542     -17.3878     -18.3934
                -22.0935     -33.4316     -22.0351     -29.0974     -20.2892
                -18.3140     -18.1369     -20.5503     -19.5901     -17.0554
                -20.6790     -17.5676     -19.0988     -20.0490     -18.8307
   5      0      17.4860       9.4339      22.6154       9.6207     -21.7897
                -21.2178     -17.0857     -22.3537     -19.7522     -24.3345
                -18.6418     -17.1209     -22.7855     -17.4166     -17.0807
                -18.8701     -17.9642     -19.1245     -32.9020     -17.6569
                -17.8441     -22.1014     -18.6181     -43.4370     -17.2627
                -20.7694     -20.6765     -30.7351     -27.1566     -19.0753
                -22.3096     -19.7801     -17.4597     -17.3790     -18.3042
                -22.1090     -33.3052     -22.1228     -29.1531     -20.2744
                -18.3801     -18.1701     -20.5503     -19.5988     -17.0824
                -20.7742     -17.6227     -19.0369     -20.0338     -18.7987
   5     60      17.5020       9.4492      22.6327       9.6364     -21.7732
                -21.2018     -17.0678     -22.3361     -19.7350     -24.3184
                -18.6250     -17.1029     -22.7678     -17.3990     -17.0630
                -18.8530     -17.9477     -19.1073     -32.8868     -17.6396
                -17.8268     -22.0842     -18.6012     -43.4214     -17.2448
                -20.7524     -20.6596     -30.7187     -27.1398     -19.0579
                -22.2926     -19.7634     -17.4428     -17.3614     -18.2869
                -22.0925     -33.2891     -22.1056     -29.1363     -20.2567
                -18.3628     -18.1526     -20.5332     -19.5807     -17.0650
                -20.7579     -17.6061     -19.0197     -20.0170     -18.7814
   5     80      17.6116       9.5502      22.7596       9.7378     -21.6517
                -21.0827     -16.9338     -22.2078     -19.6051     -24.2007
                -18.5005     -16.9668     -22.6346     -17.2672     -16.9307
                -18.7257     -17.8240     -18.9788     -32.7816     -17.5098
                -17.6974     -21.9554     -18.4740     -43.3158     -17.1111
                -20.6243     -20.5340     -30.6062     -27.0198     -18.9276
                -22.1669     -19.6382     -17.3168     -17.2290     -18.1569
                -21.9695     -33.1767     -21.9768     -29.0182     -20.1230
                -18.2332     -18.0207     -20.4041     -19.4448     -16.9337
                -20.6385     -17.4816     -18.8904     -19.8921     -18.6522
   5    100      17.8410       9.7538      23.0428       9.9415     -21.3793
                -20.8179     -16.6230     -21.9145     -19.3072     -23.9411
                -18.2190     -16.6482     -22.3254     -16.9611     -16.6240
                -18.4355     -17.5441     -18.6869     -32.5606     -17.2125
                -17.4016     -21.6629     -18.1841     -43.0949     -16.8009
                -20.3319     -20.2494     -30.3635     -26.7533     -18.6254
                -21.8830     -19.3540     -17.0315     -16.9239     -17.8570
                -21.6929     -32.9352     -21.6834     -28.7573     -19.8118
                -17.9349     -17.7160     -20.1079     -19.1266     -16.6285
                -20.3755     -17.2000     -18.5941     -19.6094     -18.3570
 
 group  inft   Estimated free energy: 3-th solvent contribution (kcal/mol)
   1      0      17.4946      20.6341      15.5749      22.6510      41.2804
                 42.2190      37.8091      39.6107      40.4282      40.8734
                 40.8753      39.2537      41.5627      40.0243      39.1339
                 38.6164      39.9607      39.2130      46.2262      40.5907
                 36.3404      40.5531      41.1982      52.8868      39.4946
                 40.3412      39.8205      45.4569      44.6342      38.4162
                 39.3056      39.5654      39.4645      41.2016      39.9963
                 40.4566      50.2109      40.1209      46.7274      39.8313
                 40.1532      38.6352      41.8873      39.5228      39.7402
                 40.6125      40.2561      41.1692      40.2036      39.4277
   1     60      17.2356      20.3746      15.3145      22.3923      41.0324
                 41.9706      37.5607      39.3624      40.1793      40.6254
                 40.6271      39.0052      41.3144      39.7756      38.8849
                 38.3682      39.7122      38.9648      45.9779      40.3421
                 36.0917      40.3056      40.9500      52.6402      39.2460
                 40.0930      39.5717      45.2088      44.3861      38.1671
                 39.0577      39.3176      39.2162      40.9532      39.7480
                 40.2086      49.9634      39.8727      46.4792      39.5831
                 39.9049      38.3877      41.6387      39.2743      39.4919
                 40.3644      40.0082      40.9213      39.9553      39.1798
   1     80      14.8499      17.9836      12.9164      20.0087      38.7186
                 39.6516      35.2381      37.0421      37.8564      38.3104
                 38.3078      36.6837      38.9943      37.4524      36.5615
                 36.0502      37.3909      36.6447      43.6609      38.0202
                 33.7673      37.9901      38.6319      50.3370      36.9234
                 37.7755      37.2506      42.8911      42.0678      35.8428
                 36.7410      37.0003      36.8948      38.6350      37.4278
                 37.8893      47.6520      37.5528      44.1623      37.2643
                 37.5851      36.0726      39.3178      36.9510      37.1692
                 38.0447      37.6916      38.6043      37.6374      36.8618
   1    100       6.7919       9.9096       4.8219      11.9546      30.8087
                 31.7204      27.2906      29.1050      29.9145      30.3851
                 30.3728      28.7427      31.0621      29.5069      28.6133
                 28.1180      29.4501      28.7039      35.7432      30.0779
                 25.8100      30.0672      30.7033      42.4530      28.9812
                 29.8517      29.3128      34.9661      34.1451      27.8930
                 28.8150      29.0734      28.9600      30.7066      29.4918
                 29.9590      39.7500      29.6193      36.2455      29.3318
                 29.6541      28.1454      31.3870      29.0037      29.2240
                 30.1111      29.7632      30.6806      29.7049      28.9253
   2      0      17.5274      20.6579      15.6253      22.7031      41.2864
                 42.2326      37.8395      39.6451      40.4428      40.8962
                 40.9047      39.2799      41.5940      40.0478      39.1549
                 38.6413      39.9864      39.2506      46.2849      40.6102
                 36.3666      40.5740      41.2101      52.8973      39.5098
                 40.3767      39.8625      45.4720      44.6709      38.4584
                 39.3327      39.5889      39.4941      41.2263      40.0349
                 40.5043      50.2338      40.1437      46.7638      39.8457
                 40.1783      38.6720      41.9384      39.5421      39.7713
                 40.6507      40.2860      41.2067      40.2489      39.4534
   3      0      17.5329      20.6801      15.6053      22.7147      41.2908
                 42.2376      37.8460      39.6369      40.4418      40.8919
                 40.9207      39.2751      41.5937      40.0435      39.1421
                 38.6639      39.9895      39.2623      46.2717      40.6162
                 36.3856      40.5822      41.2051      52.9069      39.5089
                 40.3683      39.8688      45.4929      44.6934      38.4548
                 39.3556      39.5893      39.4974      41.2285      40.0342
                 40.5266      50.2638      40.1490      46.7620      39.8710
                 40.1820      38.6670      41.9506      39.5421      39.7715
                 40.6596      40.2867      41.2137      40.2437      39.4734
   4      0      17.5317      20.6530      15.6463      22.6983      41.2951
                 42.2283      37.8459      39.6475      40.4517      40.8967
                 40.9227      39.2871      41.5906      40.0625      39.1622
                 38.6380      39.9822      39.2423      46.2847      40.5985
                 36.3713      40.5445      41.1824      52.8997      39.5038
                 40.3691      39.8786      45.4737      44.6594      38.4511
                 39.3334      39.5874      39.5188      41.2281      40.0284
                 40.5197      50.2411      40.1487      46.7416      39.8538
                 40.2039      38.6844      41.9227      39.5388      39.7566
                 40.6448      40.2739      41.2127      40.2378      39.4563
   5      0      17.4852      20.6355      15.5742      22.6815      41.2656
                 42.2088      37.8320      39.6163      40.4132      40.8791
                 40.8899      39.2604      41.5684      40.0221      39.1048
                 38.6199      39.9512      39.2298      46.2464      40.5921
                 36.3274      40.5317      41.1764      52.8566      39.4849
                 40.3325      39.8539      45.4647      44.6655      38.4288
                 39.3215      39.5427      39.5012      41.2126      39.9788
                 40.4954      50.2197      40.1319      46.7277      39.8328
                 40.1917      38.6252      41.8964      39.5009      39.7331
                 40.6436      40.2513      41.1803      40.2188      39.4542
   5     60      17.1268      20.2761      15.2139      22.3234      40.9220
                 41.8646      37.4874      39.2719      40.0683      40.5351
                 40.5458      38.9157      41.2239      39.6771      38.7599
                 38.2758      39.6066      38.8854      45.9022      40.2473
                 35.9826      40.1882      40.8323      52.5145      39.1400
                 39.9884      39.5092      45.1206      44.3213      38.0835
                 38.9777      39.1988      39.1566      40.8682      39.6344
                 40.1513      49.8765      39.7873      46.3836      39.4886
                 39.8472      38.2819      41.5515      39.1561      39.3884
                 40.2993      39.9074      40.8364      39.8745      39.1105
   5     80      14.1822      17.3247      12.2542      19.3812      38.0618
                 38.9981      34.6156      36.4026      37.1967      37.6719
                 37.6781      36.0455      38.3557      36.8044      35.8863
                 35.4101      36.7359      36.0169      43.0387      37.3765
                 33.1084      37.3254      37.9668      49.6664      36.2681
                 37.1239      36.6397      42.2557      41.4562      35.2090
                 36.1142      36.3340      36.2871      38.0021      36.7658
                 37.2852      47.0196      36.9193      43.5193      36.6231
                 36.9802      35.4189      38.6827      36.2833      36.5176
                 37.4319      37.0421      37.9712      37.0086      36.2441
   5    100       6.7526       9.8828       4.7921      11.9596      30.7666
                 31.6853      27.2865      29.0807      29.8741      30.3641
                 30.3603      28.7225      31.0402      29.4760      28.5565
                 28.0958      29.4119      28.6933      35.7366      30.0503
                 25.7695      30.0195      30.6553      42.3946      28.9413
                 29.8188      29.3199      34.9471      34.1511      27.8764
                 28.8057      29.0222      28.9707      30.6911      29.4478
                 29.9745      39.7322      29.6026      36.2193      29.3099
                 29.6654      28.1084      31.3698      28.9532      29.1904
                 30.1153      29.7301      30.6628      29.6925      28.9267
 
 
 cumulative average & 95% error for solvation free energy
              total             1st component         2nd component         3rd component
  1   -52.4021              -87.6987               17.7653               17.5329
  2   -56.3048     7.8053   -89.1722     2.9470    13.7625     8.0055    19.1065     3.1472
  3   -55.4622     4.8112   -90.1353     2.5700    16.7352     7.5307    17.9395     2.9580
  4   -55.5698     3.4088   -89.6790     2.0335    14.9776     6.3807    19.1333     3.1742
  5   -58.7801     6.9424   -89.9854     1.6902     7.6421    15.4811    23.5648     9.1977
  6   -60.6580     6.7998   -90.2009     1.4458     2.8676    15.8417    26.6769     9.7540
  7   -61.2482     5.8668   -89.5809     1.7409     0.0618    14.5171    28.2725     8.8397
  8   -61.9416     5.2667   -88.9199     2.0052    -2.7132    13.7428    29.6931     8.1656
  9   -62.7810     4.9388   -89.0864     1.7995    -4.5804    12.6822    30.8874     7.5872
 10   -63.6731     4.7641   -89.0127     1.6163    -6.5466    12.0056    31.8878     7.0751
 11   -64.1573     4.4168   -89.2252     1.5225    -7.6395    11.0773    32.7090     6.6070
 12   -64.5227     4.0977   -89.3585     1.4152    -8.4188    10.2315    33.2562     6.1298
 13   -64.8931     3.8414   -89.2783     1.3116    -9.5107     9.6617    33.8975     5.7827
 14   -65.1527     3.5942   -89.4190     1.2465   -10.0687     9.0143    34.3365     5.4252
 15   -65.4680     3.4049   -89.6051     1.2186   -10.5183     8.4399    34.6569     5.0911
 16   -65.4765     3.1850   -89.3579     1.2425   -11.0243     7.9594    34.9073     4.7886
 17   -65.6922     3.0228   -89.4611     1.1852   -11.4358     7.5217    35.2063     4.5376
 18   -65.6444     2.8515   -89.2212     1.2161   -11.8533     7.1406    35.4316     4.3018
 19   -66.1609     2.8883   -89.2209     1.1503   -12.9405     7.0957    36.0021     4.2260
 20   -66.2911     2.7524   -89.3605     1.1264   -13.1618     6.7461    36.2328     4.0356
 21   -66.3336     2.6194   -89.1986     1.1193   -13.3735     6.4308    36.2401     3.8387
 22   -66.4409     2.5067   -89.1218     1.0782   -13.7550     6.1788    36.4375     3.6813
 23   -66.4267     2.3954   -89.1126     1.0304   -13.9573     5.9179    36.6448     3.5419
 24   -66.8822     2.4677   -89.0249     1.0020   -15.1780     6.1696    37.3224     3.6519
 25   -66.8746     2.3670   -89.0280     0.9611   -15.2548     5.9197    37.4098     3.5071
 26   -67.0377     2.2975   -89.0997     0.9345   -15.4600     5.7022    37.5236     3.3772
 27   -67.1789     2.2287   -89.1454     0.9039   -15.6424     5.4991    37.6105     3.2544
 28   -67.4081     2.1960   -89.1255     0.8719   -16.1730     5.4042    37.8920     3.1861
 29   -67.4925     2.1256   -89.0736     0.8477   -16.5439     5.2671    38.1265     3.1099
 30   -67.5076     2.0538   -89.0206     0.8258   -16.6229     5.0909    38.1375     3.0045
 31   -67.4942     1.9866   -88.8640     0.8579   -16.8053     4.9374    38.1768     2.9070
 32   -67.4384     1.9268   -88.7675     0.8528   -16.8901     4.7837    38.2209     2.8161
 33   -67.5285     1.8761   -88.8861     0.8599   -16.9004     4.6365    38.2596     2.7305
 34   -67.5872     1.8239   -89.0251     0.8793   -16.9074     4.4981    38.3469     2.6548
 35   -67.5853     1.7710   -89.0351     0.8540   -16.9438     4.3683    38.3951     2.5796
 36   -67.6790     1.7313   -89.0451     0.8302   -17.0866     4.2548    38.4543     2.5097
 37   -67.8481     1.7175   -89.0983     0.8145   -17.5217     4.2287    38.7735     2.5230
 38   -67.9417     1.6821   -89.1150     0.7934   -17.6347     4.1221    38.8097     2.4568
 39   -68.0602     1.6555   -89.1471     0.7755   -17.9250     4.0568    39.0136     2.4275
 40   -68.0916     1.6148   -89.1431     0.7559   -17.9819     3.9557    39.0350     2.3664
 41   -68.0420     1.5780   -89.1174     0.7390   -17.9860     3.8580    39.0630     2.3086
 42   -67.9477     1.5515   -89.0121     0.7513   -17.9876     3.7650    39.0536     2.2531
 43   -67.9663     1.5154   -89.0417     0.7360   -18.0439     3.6782    39.1209     2.2042
 44   -67.9085     1.4851   -88.9637     0.7358   -18.0737     3.5941    39.1305     2.1536
 45   -67.8843     1.4525   -88.9798     0.7200   -18.0477     3.5137    39.1448     2.1054
 46   -67.8687     1.4209   -88.9428     0.7081   -18.1020     3.4382    39.1777     2.0602
 47   -67.8313     1.3924   -88.9419     0.6928   -18.0891     3.3643    39.2013     2.0164
 48   -67.8541     1.3638   -88.9903     0.6851   -18.1055     3.2937    39.2432     1.9757
 49   -67.8911     1.3377   -89.0130     0.6725   -18.1402     3.2265    39.2636     1.9354
 50   -67.8520     1.3131   -88.9676     0.6652   -18.1507     3.1614    39.2678     1.8963
 
 Mesh error is    0.584 kcal/mol
