 ERmod 0.3.8, Copyright (C) 2000-2019 Nobuyuki Matubayasi
                            2010-2019 Shun Sakuraba
 ERmod comes with ABSOLUTELY NO WARRANTY.
 This is free software, and you can redistribute it
 and/or modify it under certain conditions.
 See LICENSE file for details.
 ERmod 0.3.8, Copyright (C) 2000-2019 Nobuyuki Matubayasi
                            2010-2019 Shun Sakuraba
 ERmod comes with ABSOLUTELY NO WARRANTY.
 This is free software, and you can redistribute it
 and/or modify it under certain conditions.
 See LICENSE file for details.
 
  Number of the   1-th solvent  =          792
  Number of the   2-th solvent  =          792
  Number of the   3-th solvent  =        10000
 
  Be sure that the solvent distribution is homogeneous (radial distribution function is essentially unity) when the solvent molecule is separated beyond distance of   10.0 Angstrom in any direction from any atom within the solute molecule
 
  LJ long-range correction    =        -1.3175     -0.2494     -7.0203
 
  Self-energy of the solute   =        -0.0011  kcal/mol
 
 
 cumulative average & 95% error for solvation energy
              total             1st component         2nd component         3rd component
  1  -550.9792             -224.3542              -99.3995             -227.2243
  2  -547.2195     7.5193  -228.0320     7.3557   -90.0794    18.6402  -229.1069     3.7651
  3  -543.6534     8.3496  -229.6906     5.3887   -72.7439    36.3030  -241.2178    24.3192
  4  -543.0633     6.0209  -230.8984     4.5116   -71.7637    25.7448  -240.4000    17.2739
  5  -544.0501     5.0642  -228.5020     5.9317   -75.2604    21.1325  -240.2866    13.3822
  6  -545.3311     4.8642  -227.3970     5.3235   -82.3275    22.3047  -235.6054    14.3890
  7  -545.8174     4.2245  -226.5526     4.8058   -83.4652    18.9877  -235.7985    12.1671
  8  -546.8161     4.1683  -224.8951     5.3207   -91.4287    22.8925  -230.4912    14.9566
  9  -547.4291     3.8752  -225.5188     4.8553   -95.5602    21.8148  -226.3490    15.5762
 10  -547.3655     3.4684  -226.2234     4.5657   -93.1295    20.1083  -228.0114    14.3230
 11  -547.5514     3.1592  -226.6099     4.2015   -92.5825    18.2215  -228.3579    12.9741
 12  -547.7478     2.9106  -226.5561     3.8370   -94.2594    16.9686  -226.9311    12.1826
 13  -547.1368     2.9430  -227.2724     3.8092   -89.3272    18.4646  -230.5361    13.3254
 14  -546.5241     2.9876  -227.8938     3.7392   -84.9626    19.1947  -233.6666    13.8347
 15  -546.2276     2.8438  -228.7239     3.8566   -82.2572    18.6705  -235.2453    13.2608
 16  -545.9538     2.7159  -229.5498     3.9678   -79.4273    18.3589  -236.9756    12.8780
 17  -546.2273     2.6091  -229.5534     3.7271   -80.5112    17.3809  -236.1615    12.2058
 18  -546.0902     2.4751  -229.7498     3.5358   -78.9780    16.6713  -237.3613    11.7553
 19  -545.7486     2.4389  -229.9351     3.3650   -76.4862    16.5382  -239.3262    11.7934
 20  -545.4730     2.3785  -230.4926     3.3814   -74.5862    16.1431  -240.3931    11.3898
 21  -545.6132     2.2797  -230.3184     3.2352   -75.2977    15.4210  -239.9959    10.8630
 22  -545.5639     2.1759  -229.8111     3.2472   -75.3166    14.7034  -240.4351    10.3946
 23  -545.5541     2.0792  -230.2174     3.2074   -74.4701    14.1512  -240.8655     9.9696
 24  -545.3383     2.0369  -230.3653     3.0851   -73.5514    13.6728  -241.4205     9.6095
 25  -545.3153     1.9543  -230.5456     2.9810   -73.9735    13.1416  -240.7950     9.3016
 26  -545.1613     1.9027  -230.8784     2.9404   -72.6666    12.8938  -241.6151     9.0860
 27  -545.0700     1.8400  -231.1270     2.8727   -71.3517    12.6827  -242.5902     8.9579
 28  -545.0165     1.7762  -231.1580     2.7689   -70.9478    12.2480  -242.9095     8.6556
 29  -544.9034     1.7288  -230.6146     2.8843   -70.7949    11.8221  -243.4927     8.4329
 30  -544.6976     1.7201  -230.8818     2.8373   -69.4713    11.7239  -244.3434     8.3227
 31  -544.6825     1.6640  -231.2378     2.8351   -70.1235    11.4142  -243.3200     8.3059
 32  -544.8733     1.6557  -230.9201     2.8177   -71.0367    11.2017  -242.9153     8.0827
 33  -545.0290     1.6347  -231.0103     2.7369   -71.8258    10.9710  -242.1918     7.9665
 34  -545.1158     1.5954  -230.6877     2.7325   -72.1547    10.6638  -242.2723     7.7303
 35  -545.1351     1.5496  -230.0716     2.9254   -72.6534    10.4025  -242.4090     7.5112
 36  -545.2138     1.5142  -229.4737     3.0842   -73.4320    10.2287  -242.3069     7.3024
 37  -545.2917     1.4809  -229.6847     3.0292   -73.6498     9.9579  -241.9560     7.1369
 38  -545.4159     1.4626  -229.7462     2.9510   -74.2285     9.7612  -241.4400     7.0228
 39  -545.5538     1.4511  -229.8710     2.8852   -74.9004     9.6021  -240.7812     6.9661
 40  -545.5459     1.4144  -229.9672     2.8187   -74.6594     9.3714  -240.9182     6.7952
 41  -545.6100     1.3854  -230.0105     2.7504   -75.1721     9.1973  -240.4263     6.7000
 42  -545.6804     1.3594  -229.9039     2.6926   -76.1277     9.1769  -239.6477     6.7214
 43  -545.6773     1.3274  -229.9237     2.6295   -76.2840     8.9663  -239.4685     6.5730
 44  -545.6475     1.2982  -229.8213     2.5772   -76.0987     8.7680  -239.7263     6.4426
 45  -545.4677     1.3190  -229.9659     2.5358   -74.9269     8.8856  -240.5737     6.5219
 46  -545.3470     1.3124  -230.0044     2.4813   -74.2362     8.7994  -241.1053     6.4665
 47  -545.3031     1.2872  -230.1574     2.4471   -73.7396     8.6673  -241.4050     6.3558
 48  -545.2952     1.2602  -230.2815     2.4084   -73.6623     8.4862  -241.3503     6.2229
 49  -545.3151     1.2348  -230.1408     2.3755   -74.0630     8.3497  -241.1101     6.1135
 50  -545.3479     1.2117  -230.1524     2.3276   -74.2650     8.1910  -240.9293     6.0009
 
 
 group  inft  solvation free energy     error          difference
  total solvation free energy
   1      0       -108.50121           1.84906           1.56227
   1     60       -108.85870           1.84912           1.20477
   1     80       -111.70890           1.85101          -1.64542
   1    100       -120.75251           1.86101         -10.68904
   2      0       -109.01682           1.88869           1.04666
   3      0       -110.06347           1.90332           0.00000
   4      0       -109.51438           1.90944           0.54909
   5      0       -107.13889           1.90817           2.92458
   5     60       -107.62231           1.90831           2.44116
   5     80       -111.08345           1.91126          -1.01998
   5    100       -119.38632           1.92162          -9.32284
 
  contribution from  1-th solvent component
   1      0       -195.98558           2.13763           0.14069
   1     60       -196.01763           2.13759           0.10864
   1     80       -196.26787           2.13751          -0.14159
   1    100       -197.05255           2.13871          -0.92628
   2      0       -195.85415           2.18588           0.27213
   3      0       -196.12627           2.20636           0.00000
   4      0       -194.33939           2.20627           1.78689
   5      0       -192.80666           2.21748           3.31961
   5     60       -192.84763           2.21741           3.27864
   5     80       -193.15815           2.21749           2.96813
   5    100       -193.88677           2.21890           2.23950
 
  contribution from  2-th solvent component
   1      0         54.59833           4.60620           1.44853
   1     60         54.60958           4.60637           1.45978
   1     80         54.71340           4.60865           1.56359
   1    100         54.94691           4.61752           1.79710
   2      0         53.92334           4.59395           0.77354
   3      0         53.14981           4.57963           0.00000
   4      0         51.92223           4.57590          -1.22758
   5      0         52.77979           4.57530          -0.37002
   5     60         52.79585           4.57556          -0.35396
   5     80         52.92945           4.57849          -0.22036
   5    100         53.16002           4.58670           0.01021
 
  contribution from  3-th solvent component
   1      0         32.88719           3.09693          -0.02695
   1     60         32.55049           3.09707          -0.36365
   1     80         29.84672           3.09949          -3.06742
   1    100         21.35428           3.11037         -11.55986
   2      0         32.91514           3.09676           0.00099
   3      0         32.91414           3.09674           0.00000
   4      0         32.90392           3.09603          -0.01022
   5      0         32.88913           3.09633          -0.02501
   5     60         32.43062           3.09655          -0.48352
   5     80         29.14639           3.09966          -3.76775
   5    100         21.34159           3.10980         -11.57255
 
 
 group  inft   Estimated free energy: total (kcal/mol)
   1      0    -103.7541    -103.9196    -110.4052    -112.6373    -106.7852
               -110.3327     -93.8524    -114.4051    -104.1494    -103.0926
                -97.2021    -108.5065    -100.0212    -104.1808    -109.1760
               -112.5270    -108.4040    -104.8191    -108.8647    -110.5558
               -108.4101    -121.3035    -111.6631    -114.9781    -110.2324
               -107.3091    -103.8323    -106.9275    -113.5958    -113.6666
               -121.2935     -94.7025    -111.0287    -113.9271    -121.6962
               -111.6318    -102.2977    -118.6639    -114.4094    -113.1282
               -111.4535    -111.5346     -99.3479     -98.3203    -107.6670
               -105.2881    -112.2034    -115.3169    -103.0078     -98.6328
   1     60    -104.1123    -104.2780    -110.7623    -112.9919    -107.1426
               -110.6894     -94.2082    -114.7607    -104.5050    -103.4501
                -97.5594    -108.8639    -100.3758    -104.5360    -109.5335
               -112.8836    -108.7621    -105.1767    -109.2209    -110.9118
               -108.7676    -121.6607    -112.0203    -115.3345    -110.5884
               -107.6658    -104.1886    -107.2845    -113.9532    -114.0234
               -121.6490     -95.0584    -111.3859    -114.2857    -122.0537
               -111.9916    -102.6539    -119.0221    -114.7674    -113.4881
               -111.8122    -111.8913     -99.7044     -98.6794    -108.0332
               -105.6502    -112.5651    -115.6769    -103.3664     -98.9890
   1     80    -106.9656    -107.1287    -113.6140    -115.8291    -109.9918
               -113.5341     -97.0349    -117.5985    -107.3349    -106.2981
               -100.4008    -111.7091    -103.2011    -107.3663    -112.3874
               -115.7336    -111.6135    -108.0308    -112.0644    -113.7554
               -111.6184    -124.5276    -114.8731    -118.1830    -113.4296
               -110.5104    -107.0282    -110.1321    -116.8166    -116.8750
               -124.4899     -97.8814    -114.2289    -117.1528    -124.9167
               -114.8599    -105.4863    -121.8747    -117.6212    -116.3579
               -114.6700    -114.7331    -102.5360    -101.5345    -110.9463
               -108.5424    -115.4458    -118.5422    -106.2207    -101.8179
   1    100    -116.0031    -116.1668    -122.6861    -124.8592    -119.0366
               -122.5570    -105.9726    -126.6120    -116.3013    -115.3218
               -109.3903    -120.7126    -112.1761    -116.3634    -121.4560
               -124.7985    -120.6413    -117.0948    -121.1189    -122.8035
               -120.6556    -133.6714    -123.9373    -127.2442    -122.4597
               -119.5488    -116.0426    -119.1696    -125.9474    -125.9517
               -133.5315    -106.7955    -123.2315    -126.2690    -134.0368
               -123.9572    -114.4437    -130.9202    -126.6625    -125.4612
               -123.7266    -123.7383    -111.4868    -110.5643    -120.1527
               -117.7261    -124.5689    -127.6172    -115.2624    -110.7731
   2      0    -104.3071    -103.9314    -111.0709    -113.2407    -107.5081
               -110.4230     -94.0760    -114.4915    -103.7382    -103.8629
                -97.7779    -109.0554    -100.5437    -104.9835    -109.9632
               -113.7953    -108.8613    -105.4233    -109.4492    -110.9745
               -109.0110    -121.5590    -112.2933    -115.7329    -110.6803
               -108.0762    -104.8913    -107.4549    -114.2035    -114.5608
               -122.0042     -95.0630    -111.5756    -114.4938    -122.2607
               -112.5034    -102.4526    -119.6396    -115.3305    -113.9010
               -112.3645    -111.5376     -99.3852     -98.3346    -108.5965
               -105.3335    -113.0768    -115.5860    -103.1462     -98.3153
   3      0    -105.2414    -104.6468    -112.3582    -114.2000    -108.4233
               -111.5349     -95.1659    -115.0725    -104.1372    -104.8603
                -98.6366    -110.0051    -101.4311    -106.2234    -111.0976
               -115.1436    -110.0942    -106.6111    -110.6975    -112.2910
               -110.0461    -122.3291    -113.4735    -116.8873    -111.8348
               -109.2143    -106.3034    -108.5107    -115.2512    -115.7082
               -123.2422     -95.6597    -112.8111    -115.5343    -123.1568
               -113.7298    -103.5155    -120.8229    -116.4163    -115.0815
               -113.3795    -112.5151    -100.3233     -99.3277    -109.8169
               -106.4107    -114.2590    -116.3639    -104.1591     -99.2182
   4      0    -104.7143    -104.1859    -111.6679    -113.6711    -108.0769
               -111.0214     -94.6307    -114.7052    -103.7357    -104.2832
                -98.1407    -109.3694    -101.1049    -105.6881    -110.7050
               -114.4722    -109.3603    -106.0439    -109.9962    -111.7521
               -109.4697    -121.8644    -112.9004    -116.3951    -111.2004
               -108.5998    -105.6859    -107.9332    -114.6997    -115.2078
               -122.6304     -95.4875    -112.1538    -114.9299    -122.6148
               -113.1971    -102.6995    -120.3519    -116.1584    -114.7882
               -112.7911    -111.7587     -99.4582     -98.5302    -109.2764
               -105.7150    -113.7578    -116.0995    -103.5566     -98.4827
   5      0    -102.7435    -101.8268    -109.3032    -111.4046    -105.4503
               -108.5070     -91.9966    -111.8919    -100.7307    -101.7284
                -95.9605    -107.1436     -98.7858    -103.1833    -107.9951
               -112.4128    -107.3768    -103.5040    -107.5410    -109.2767
               -106.9632    -119.1955    -110.7085    -114.1925    -108.6965
               -106.2466    -103.4647    -105.7939    -112.3923    -112.8985
               -120.4508     -92.7971    -109.8506    -112.2432    -120.4374
               -111.0488    -100.7095    -117.7858    -113.7790    -112.0238
               -110.4721    -109.4617     -97.5852     -96.2766    -106.8436
               -103.3542    -111.3393    -113.8013    -101.1827     -96.1873
   5     60    -103.2283    -102.3112    -109.7856    -111.8851    -105.9342
               -108.9900     -92.4772    -112.3735    -101.2112    -102.2118
                -96.4431    -107.6265     -99.2654    -103.6626    -108.4784
               -112.8956    -107.8607    -103.9878    -108.0222    -109.7582
               -107.4473    -119.6794    -111.1916    -114.6746    -109.1780
               -106.7294    -103.9460    -106.2775    -112.8758    -113.3808
               -120.9317     -93.2782    -110.3332    -112.7283    -120.9214
               -111.5347    -101.1909    -118.2698    -114.2633    -112.5104
               -110.9572    -109.9445     -98.0668     -96.7623    -107.3380
               -103.8435    -111.8282    -114.2883    -101.6677     -96.6682
   5     80    -106.6939    -105.7736    -113.2493    -115.3353    -109.3967
               -112.4448     -95.9036    -115.8208    -104.6443    -105.6697
                -99.8896    -111.0752    -102.6961    -107.0957    -111.9452
               -116.3610    -111.3244    -107.4571    -111.4744    -113.2120
               -110.9105    -123.1653    -114.6565    -118.1371    -112.6280
               -110.1885    -107.3928    -109.7393    -116.3538    -116.8468
               -124.3852     -96.7016    -113.7820    -116.2131    -124.3991
               -115.0150    -104.6256    -121.7340    -117.7283    -115.9972
               -114.4296    -113.3965    -101.4987    -100.2259    -110.8755
               -107.3533    -115.3277    -117.7720    -105.1333    -100.0976
   5    100    -114.9950    -114.0704    -121.5789    -123.6362    -117.7098
               -120.7290    -104.0974    -124.0954    -112.8666    -113.9559
               -108.1399    -119.3306    -110.9345    -115.3479    -120.2718
               -124.6939    -119.6183    -115.7849    -119.7834    -121.5179
               -119.2125    -131.5646    -122.9786    -126.4613    -120.9171
               -118.4947    -115.6708    -118.0449    -124.7364    -125.1833
               -132.6911    -104.8790    -122.0423    -124.5872    -132.7717
               -123.3640    -112.8401    -130.0413    -126.0306    -124.3577
               -122.7473    -121.6632    -109.7017    -108.5090    -119.3325
               -115.7756    -123.7079    -126.1134    -113.4340    -108.3047
 
 group  inft   Estimated free energy: 1-th solvent contribution (kcal/mol)
   1      0    -187.0552    -192.6372    -201.6542    -202.2596    -186.0886
               -186.2726    -185.7798    -183.3026    -185.4908    -193.0220
               -189.7374    -190.7644    -202.1622    -205.3891    -202.7172
               -207.9373    -193.9121    -194.1545    -204.1504    -206.8179
               -192.0822    -194.6172    -203.5509    -206.0518    -198.0856
               -204.6206    -202.6147    -197.8656    -187.2479    -207.6085
               -207.7595    -185.6771    -201.3517    -187.0885    -192.2318
               -185.7942    -197.3701    -201.4463    -201.0263    -201.3022
               -198.1400    -191.5054    -193.7959    -185.8147    -200.2580
               -191.0599    -203.7152    -202.2910    -185.2499    -190.7516
   1     60    -187.0873    -192.6694    -201.6864    -202.2909    -186.1207
               -186.3046    -185.8123    -183.3347    -185.5230    -193.0541
               -189.7696    -190.7963    -202.1940    -205.4211    -202.7494
               -207.9691    -193.9440    -194.1867    -204.1825    -206.8498
               -192.1141    -194.6489    -203.5829    -206.0835    -198.1175
               -204.6527    -202.6469    -197.8975    -187.2801    -207.6402
               -207.7908    -185.7094    -201.3835    -187.1209    -192.2636
               -185.8265    -197.4020    -201.4782    -201.0582    -201.3344
               -198.1720    -191.5372    -193.8279    -185.8469    -200.2908
               -191.0930    -203.7475    -202.3228    -185.2821    -190.7837
   1     80    -187.3379    -192.9202    -201.9369    -202.5380    -186.3716
               -186.5534    -186.0636    -183.5835    -185.7732    -193.3052
               -190.0206    -191.0452    -202.4443    -205.6704    -203.0005
               -208.2189    -194.1943    -194.4370    -204.4342    -207.0998
               -192.3630    -194.8985    -203.8335    -206.3318    -198.3675
               -204.9037    -202.8991    -198.1473    -187.5319    -207.8883
               -208.0363    -185.9611    -201.6323    -187.3708    -192.5115
               -186.0787    -197.6519    -201.7281    -201.3086    -201.5869
               -198.4212    -191.7856    -194.0775    -186.0977    -200.5458
               -191.3496    -203.9999    -202.5714    -185.5312    -191.0338
   1    100    -188.1172    -193.7045    -202.7262    -203.3158    -187.1500
               -187.3272    -186.8474    -184.3579    -186.5510    -194.0918
               -190.8030    -191.8238    -203.2365    -206.4624    -203.7908
               -209.0106    -194.9759    -195.2208    -205.2324    -207.8923
               -193.1399    -195.6814    -204.6219    -207.1181    -199.1509
               -205.6966    -203.6951    -198.9346    -188.3168    -208.6772
               -208.8136    -186.7443    -202.4154    -188.1478    -193.2901
               -186.8635    -198.4348    -202.5154    -202.0967    -202.3802
               -199.2023    -192.5611    -194.8578    -186.8766    -201.3422
               -192.1473    -204.7952    -203.3551    -186.3037    -191.8142
   2      0    -186.4395    -192.2373    -201.6865    -202.2298    -186.0848
               -185.9295    -185.5062    -183.0694    -184.4580    -192.6682
               -189.3935    -190.5581    -201.9403    -205.6136    -202.8123
               -208.1067    -193.4856    -193.8112    -204.2990    -206.9073
               -191.9835    -194.7175    -203.5938    -206.1975    -198.0700
               -204.6561    -202.6846    -197.6914    -187.1081    -207.6942
               -207.8417    -185.3100    -201.4625    -187.0175    -192.0071
               -185.7123    -196.9831    -201.5533    -201.0300    -201.4071
               -198.1631    -191.3591    -193.3788    -185.4274    -200.2949
               -190.8057    -203.7665    -202.1955    -185.0312    -190.3272
   3      0    -186.5882    -192.3908    -202.1207    -202.4807    -186.3272
               -186.1866    -185.7635    -183.2173    -184.2380    -192.6905
               -189.4884    -190.7996    -202.2551    -206.0028    -203.1324
               -208.4925    -193.6810    -193.9927    -204.7333    -207.2672
               -192.1894    -194.9232    -203.9105    -206.6587    -198.4170
               -204.9941    -203.0487    -197.9680    -187.4219    -208.0404
               -208.2550    -185.4469    -201.8147    -187.3565    -192.2939
               -185.9912    -197.3116    -201.9533    -201.2785    -201.7349
               -198.5014    -191.5817    -193.7053    -185.6178    -200.6313
               -191.0661    -204.0182    -202.4194    -185.3356    -190.5801
   4      0    -184.8080    -190.6573    -200.0364    -200.9275    -184.7348
               -184.2318    -184.0261    -181.4921    -182.6067    -190.8999
               -187.6496    -188.9353    -200.6376    -204.0736    -201.3186
               -206.7523    -191.9027    -192.1152    -202.7897    -205.4611
               -190.5286    -193.5350    -202.1184    -204.7774    -196.4070
               -203.1871    -201.1059    -196.1573    -185.5889    -206.3578
               -206.5070    -183.8525    -200.0032    -185.4275    -190.5266
               -184.2490    -195.4878    -200.0911    -199.6932    -200.0094
               -196.5791    -189.7969    -191.7299    -183.6702    -198.7673
               -189.1932    -202.4287    -200.9228    -183.4983    -188.7160
   5      0    -183.5387    -189.1567    -198.5576    -199.3266    -182.8268
               -182.6170    -182.3102    -179.6625    -180.5802    -189.0871
               -186.2745    -187.5778    -199.3173    -202.4569    -199.5622
               -205.3757    -190.6479    -190.3795    -201.2959    -203.8190
               -188.8347    -191.5861    -200.7569    -203.4504    -194.8603
               -201.7274    -199.5690    -194.7759    -184.1609    -204.8744
               -205.1148    -182.1298    -198.5564    -183.7277    -189.1898
               -182.8332    -194.2174    -198.4376    -198.1151    -198.0918
               -195.1881    -188.3223    -190.7505    -182.2732    -197.2277
               -187.6604    -200.8322    -199.4494    -181.9801    -187.2696
   5     60    -183.5801    -189.1979    -198.5985    -199.3669    -182.8685
               -182.6580    -182.3514    -179.7036    -180.6212    -189.1281
               -186.3158    -187.6186    -199.3580    -202.4973    -199.6031
               -205.4164    -190.6890    -190.4205    -201.3365    -203.8595
               -188.8758    -191.6269    -200.7978    -203.4907    -194.9014
               -201.7682    -199.6100    -194.8166    -184.2024    -204.9146
               -205.1548    -182.1711    -198.5969    -183.7690    -189.2305
               -182.8747    -194.2584    -198.4784    -198.1559    -198.1330
               -195.2290    -188.3632    -190.7916    -182.3147    -197.2697
               -187.7023    -200.8732    -199.4900    -182.0214    -187.3106
   5     80    -183.8910    -189.5087    -198.9107    -199.6737    -183.1803
               -182.9662    -182.6617    -180.0116    -180.9291    -189.4384
               -186.6262    -187.9267    -199.6693    -202.8081    -199.9156
               -205.7283    -190.9996    -190.7310    -201.6482    -204.1699
               -189.1858    -191.9354    -201.1095    -203.8006    -195.2119
               -202.0798    -199.9231    -195.1265    -184.5143    -205.2234
               -205.4605    -182.4811    -198.9057    -184.0807    -189.5381
               -183.1862    -194.5683    -198.7893    -198.4663    -198.4466
               -195.5392    -188.6720    -191.1015    -182.6255    -197.5881
               -188.0168    -201.1860    -199.7996    -182.3315    -187.6199
   5    100    -184.6149    -190.2359    -199.6467    -200.3966    -183.9059
               -183.6840    -183.3857    -180.7294    -181.6447    -190.1650
               -187.3504    -188.6478    -200.4055    -203.5456    -200.6510
               -206.4675    -191.7263    -191.4584    -202.3867    -204.9050
               -189.9108    -192.6598    -201.8433    -204.5345    -195.9407
               -202.8157    -200.6619    -195.8568    -185.2425    -205.9570
               -206.1848    -183.2031    -199.6329    -184.8065    -190.2613
               -183.9122    -195.2946    -199.5223    -199.1973    -199.1837
               -196.2667    -189.3941    -191.8271    -183.3483    -198.3329
               -188.7483    -201.9227    -200.5298    -183.0523    -188.3417
 
 group  inft   Estimated free energy: 2-th solvent contribution (kcal/mol)
   1      0      42.4116      50.3223      71.8942      55.9835      46.3461
                 28.4013      55.7117      12.8657      25.1026      57.4965
                 53.7231      34.5790      86.8618      86.5557      69.7861
                 74.6718      42.7917      65.3069      80.6538      73.9435
                 46.0125      45.9770      63.3555      65.3928      47.7451
                 75.2484      80.1903      63.5557      52.8012      75.6481
                 40.7198      51.3188      45.5474      42.8834      41.5198
                 39.8714      55.0251      40.1728      40.8724      57.1615
                 43.1570      30.9631      56.0598      58.4965      76.6020
                 65.3430      64.1397      52.0351      43.0891      53.6033
   1     60      42.4226      50.3335      71.9051      55.9945      46.3569
                 28.4115      55.7252      12.8761      25.1135      57.5079
                 53.7349      34.5898      86.8760      86.5694      69.7973
                 74.6836      42.8019      65.3179      80.6663      73.9557
                 46.0240      45.9858      63.3667      65.4039      47.7558
                 75.2609      80.2027      63.5675      52.8105      75.6591
                 40.7295      51.3328      45.5591      42.8930      41.5299
                 39.8812      55.0379      40.1831      40.8829      57.1720
                 43.1680      30.9740      56.0732      58.5089      76.6122
                 65.3534      64.1501      52.0457      43.0998      53.6163
   1     80      42.5243      50.4364      72.0069      56.0917      46.4572
                 28.5024      55.8547      12.9645      25.2117      57.6162
                 53.8479      34.6894      87.0151      86.7040      69.9016
                 74.7932      42.8964      65.4205      80.7868      74.0695
                 46.1272      46.0589      63.4677      65.5051      47.8515
                 75.3798      80.3264      63.6788      52.8963      75.7605
                 40.8124      51.4689      45.6669      42.9772      41.6178
                 39.9730      55.1567      40.2770      40.9779      57.2687
                 43.2653      31.0693      56.1967      58.6239      76.7074
                 65.4450      64.2461      52.1424      43.1975      53.7372
   1    100      42.7495      50.6610      72.2374      56.2924      46.6758
                 28.6849      56.1905      13.1350      25.4212      57.8711
                 54.1213      34.9144      87.3794      87.0587      70.1389
                 75.0482      43.1008      65.6527      81.0829      74.3369
                 46.3537      46.1759      63.6883      65.7220      48.0528
                 75.6642      80.6446      63.9380      53.0709      75.9885
                 40.9608      51.8219      45.9148      43.1392      41.7925
                 40.1663      55.4458      40.4741      41.1802      57.4750
                 43.4656      31.2689      56.5055      58.8976      76.9145
                 65.6310      64.4541      52.3477      43.4071      54.0309
   2      0      41.1998      49.8812      71.2264      55.3224      45.5835
                 27.9413      55.1797      12.5236      24.4562      56.3305
                 52.7680      33.8018      86.0815      85.9397      69.0789
                 73.5408      41.8881      64.3345      80.1801      73.5719
                 45.2940      45.8012      62.7531      64.7518      47.2475
                 74.4823      79.1651      62.8461      52.0516      74.8140
                 40.0827      50.5590      45.0724      42.2092      40.7040
                 38.8912      54.4604      39.2787      39.9362      56.4347
                 42.2333      30.7824      55.5875      58.0824      75.7046
                 65.0124      63.2860      51.6540      42.7044      53.4549
   3      0      40.4046      49.3306      70.3789      54.6147      44.9061
                 27.0751      54.3497      12.0952      23.8554      55.3786
                 52.0108      33.0982      85.5062      85.0874      68.2364
                 72.5916      40.8591      63.3170      79.3747      72.5999
                 44.4664      45.2305      61.8753      64.0781      46.4320
                 73.6979      78.1255      62.0733      51.3235      74.0116
                 39.2397      50.0833      44.1994      41.5278      40.0810
                 37.9476      53.7278      38.5012      39.0879      55.5782
                 41.5637      30.0190      54.9638      57.2715      74.8006
                 64.2157      62.3640      51.1274      42.0013      52.8050
   4      0      39.1882      48.0698      68.9748      53.6205      43.6661
                 25.6605      53.1527      10.7500      22.6574      54.1649
                 50.6745      31.8672      84.2328      83.6882      66.8663
                 71.5227      39.8167      62.0315      78.1056      71.3597
                 43.3834      44.3400      60.7076      62.6701      45.0669
                 72.5060      76.7830      60.8580      50.0707      72.8164
                 38.1363      48.6877      43.0352      40.2111      38.9149
                 36.7409      52.7142      37.1024      37.8047      54.1243
                 40.2227      28.9915      53.8630      56.1212      73.4991
                 63.0525      61.2708      49.8885      40.7664      51.6920
   5      0      39.8958      48.9368      69.8693      54.3075      44.4226
                 26.5366      54.1241      11.7494      23.6432      54.8970
                 51.5055      32.7373      85.2382      84.5735      67.7957
                 72.2301      40.5815      62.8304      79.0923      72.1696
                 44.2132      45.0900      61.5237      63.6047      46.0196
                 73.4078      77.5408      61.6297      50.9447      73.6555
                 38.9383      49.6777      43.8929      41.2306      39.7484
                 37.4787      53.4695      38.0373      38.5799      54.9991
                 41.1919      29.8187      54.7591      56.9964      74.4110
                 63.8873      62.1243      50.7718      41.6491      52.5610
   5     60      39.9113      48.9528      69.8848      54.3228      44.4379
                 26.5509      54.1436      11.7634      23.6588      54.9134
                 51.5229      32.7531      85.2584      84.5933      67.8116
                 72.2467      40.5964      62.8459      79.1101      72.1867
                 44.2295      45.1022      61.5397      63.6206      46.0347
                 73.4252      77.5592      61.6460      50.9584      73.6712
                 38.9519      49.6977      43.9098      41.2442      39.7627
                 37.4936      53.4882      38.0522      38.5949      55.0141
                 41.2073      29.8338      54.7784      57.0140      74.4262
                 63.9020      62.1390      50.7867      41.6644      52.5797
   5     80      40.0406      49.0846      70.0166      54.4445      44.5660
                 26.6666      54.3128      11.8760      23.7870      55.0519
                 51.6697      32.8857      85.4379      84.7701      67.9457
                 72.3861      40.7171      62.9749      79.2656      72.3321
                 44.3619      45.1951      61.6699      63.7497      46.1583
                 73.5737      77.7204      61.7850      51.0714      73.8012
                 39.0574      49.8725      44.0506      41.3538      39.8774
                 37.6138      53.6450      38.1731      38.7163      55.1376
                 41.3302      29.9554      54.9419      57.1627      74.5494
                 64.0200      62.2604      50.9090      41.7903      52.7376
   5    100      40.2582      49.3075      70.2452      54.6371      44.7792
                 26.8472      54.6444      12.0474      24.0014      55.2972
                 51.9372      33.1157      85.7941      85.1207      68.1784
                 72.6315      40.9166      63.1970      79.5556      72.5932
                 44.5868      45.3160      61.8896      63.9642      46.3584
                 73.8443      78.0285      62.0318      51.2493      74.0256
                 39.2079      50.2149      44.2984      41.5216      40.0570
                 37.8069      53.9360      38.3676      38.9134      55.3398
                 41.5271      30.1545      55.2548      57.4348      74.7543
                 64.2078      62.4615      51.1103      41.9999      53.0329
 
 group  inft   Estimated free energy: 3-th solvent contribution (kcal/mol)
   1      0      40.8907      38.3964      19.3559      33.6400      32.9583
                 47.5398      36.2169      56.0330      56.2400      32.4340
                 38.8134      47.6800      15.2803      14.6538      23.7562
                 20.7397      42.7175      24.0297      14.6330      22.3198
                 37.6607      27.3379      28.5334      25.6820      40.1093
                 22.0643      18.5933      27.3836      20.8520      18.2950
                 45.7475      39.6569      44.7768      30.2791      29.0170
                 34.2922      40.0485      42.6108      45.7456      31.0137
                 43.5306      49.0088      38.3893      28.9991      15.9901
                 20.4300      27.3732      34.9402      39.1542      38.5166
   1     60      40.5536      38.0590      19.0202      33.3056      32.6224
                 47.2048      35.8800      55.6991      55.9057      32.0972
                 38.4765      47.3437      14.9434      14.3168      23.4197
                 20.4030      42.3812      23.6933      14.2965      21.9835
                 37.3236      27.0036      28.1970      25.3462      39.7745
                 21.7271      18.2567      27.0467      20.5176      17.9588
                 45.4136      39.3193      44.4396      29.9433      28.6813
                 33.9549      39.7114      42.2742      45.4090      30.6755
                 43.1929      48.6731      38.0515      28.6598      15.6466
                 20.0905      27.0334      34.6013      38.8170      38.1796
   1     80      37.8492      35.3562      16.3171      30.6183      29.9237
                 44.5180      33.1751      53.0216      53.2278      29.3921
                 35.7731      44.6479      12.2293      11.6013      20.7126
                 17.6933      39.6855      20.9868      11.5841      19.2761
                 34.6186      24.3131      25.4938      22.6449      37.0874
                 19.0146      15.5456      24.3376      17.8202      15.2540
                 42.7351      36.6119      41.7377      27.2420      25.9781
                 31.2470      37.0101      39.5776      42.7107      27.9615
                 40.4871      45.9842      35.3459      25.9404      12.8932
                 17.3634      24.3091      31.8878      36.1142      35.4798
   1    100      29.3658      26.8778       7.8038      22.1654      21.4388
                 36.0865      24.6854      44.6119      44.8297      20.9000
                 27.2926      36.1980       3.6822       3.0415      12.1970
                  9.1649      31.2350      12.4744       3.0318      10.7530
                 26.1317      15.8353      16.9974      14.1531      28.6396
                 10.4848       7.0091      15.8281       9.2996       6.7381
                 34.3224      28.1281      33.2703      18.7408      17.4619
                 22.7411      28.5465      31.1222      34.2550      19.4452
                 32.0113      37.5551      26.8667      17.4158       4.2762
                  8.7914      15.7734      23.3913      27.6354      27.0114
   2      0      40.9337      38.4260      19.3904      33.6678      32.9943
                 47.5665      36.2516      56.0553      56.2647      32.4759
                 38.8487      47.7021      15.3163      14.6915      23.7713
                 20.7717      42.7373      24.0546      14.6709      22.3619
                 37.6797      27.3585      28.5486      25.7140      40.1434
                 22.0988      18.6294      27.3915      20.8541      18.3206
                 45.7559      39.6892      44.8156      30.3156      29.0436
                 34.3189      40.0713      42.6362      45.7644      31.0726
                 43.5664      49.0403      38.4073      29.0115      15.9949
                 20.4610      27.4048      34.9566      39.1817      38.5582
   3      0      40.9434      38.4146      19.3847      33.6672      32.9989
                 47.5777      36.2490      56.0508      56.2465      32.4529
                 38.8421      47.6975      15.3189      14.6931      23.7995
                 20.7585      42.7288      24.0657      14.6623      22.3775
                 37.6780      27.3647      28.5628      25.6944      40.1514
                 22.0831      18.6210      27.3851      20.8483      18.3218
                 45.7742      39.7050      44.8053      30.2956      29.0573
                 34.3149      40.0694      42.6304      45.7754      31.0764
                 43.5594      49.0488      38.4193      29.0198      16.0149
                 20.4408      27.3964      34.9293      39.1763      38.5581
   4      0      40.9066      38.4027      19.3948      33.6370      32.9929
                 47.5511      36.2438      56.0381      56.2147      32.4529
                 38.8355      47.6999      15.3011      14.6985      23.7485
                 20.7586      42.7269      24.0409      14.6891      22.3504
                 37.6766      27.3317      28.5115      25.7134      40.1409
                 22.0824      18.6382      27.3672      20.8196      18.3347
                 45.7415      39.6785      44.8154      30.2877      28.9980
                 34.3122      40.0752      42.6379      45.7313      31.0980
                 43.5665      49.0479      38.4099      29.0200      15.9929
                 20.4268      27.4013      34.9359      39.1765      38.5425
   5      0      40.9006      38.3942      19.3863      33.6156      32.9551
                 47.5745      36.1906      56.0225      56.2075      32.4629
                 38.8097      47.6981      15.2944      14.7013      23.7725
                 20.7339      42.6908      24.0462      14.6637      22.3738
                 37.6594      27.3018      28.5258      25.6543      40.1454
                 22.0742      18.5646      27.3534      20.8250      18.3216
                 45.7268      39.6562      44.8140      30.2550      29.0051
                 34.3068      40.0395      42.6157      45.7574      31.0701
                 43.5253      49.0430      38.4074      29.0014      15.9743
                 20.4201      27.3697      34.8775      39.1494      38.5224
   5     60      40.4416      37.9350      18.9293      33.1602      32.4976
                 47.1183      35.7317      55.5678      55.7523      32.0041
                 38.3509      47.2400      14.8353      14.2425      23.3142
                 20.2753      42.2331      23.5880      14.2053      21.9158
                 37.2002      26.8464      28.0677      25.1968      39.6898
                 21.6148      18.1059      26.8943      20.3693      17.8638
                 45.2723      39.1964      44.3550      29.7976      28.5475
                 33.8474      39.5804      42.1575      45.2989      30.6096
                 43.0657      48.5860      37.9475      28.5396      15.5067
                 19.9579      26.9072      34.4162      38.6905      38.0638
   5     80      37.1576      34.6517      15.6459      29.8950      29.2187
                 43.8560      32.4464      52.3160      52.4989      28.7180
                 35.0680      43.9669      11.5364      10.9434      20.0258
                 16.9824      38.9592      20.3002      10.9093      18.6270
                 33.9145      23.5761      24.7842      21.9149      36.4268
                 18.3188      14.8111      23.6033      17.0902      14.5765
                 42.0191      35.9081      41.0743      26.5149      25.2627
                 30.5586      36.2989      38.8834      42.0229      27.3130
                 39.7805      45.3213      34.6621      25.2380      12.1643
                 16.6447      23.5990      31.1197      35.4090      34.7859
   5    100      29.3629      26.8591       7.8238      22.1244      21.4180
                 36.1089      24.6451      44.5878      44.7778      20.9131
                 27.2745      36.2026       3.6781       3.0782      12.2020
                  9.1431      31.1925      12.4776       3.0488      10.7950
                 26.1126      15.7804      16.9762      14.1101      28.6663
                 10.4779       6.9638      15.7812       9.2579       6.7492
                 34.2869      28.1104      33.2934      18.6990      17.4338
                 22.7425      28.5196      31.1146      34.2545      19.4874
                 31.9934      37.5775      26.8717      17.4057       4.2472
                  8.7661      15.7545      23.3073      27.6196      27.0053
 
 
 cumulative average & 95% error for solvation free energy
              total             1st component         2nd component         3rd component
  1  -105.2414             -186.5882               40.4046               40.9434
  2  -104.9441     0.5946  -189.4895     5.8026    44.8676     8.9260    39.6790     2.5288
  3  -107.4155     4.9546  -193.6999     9.0627    53.3714    17.7712    32.9142    13.6081
  4  -109.1116     4.8766  -195.8951     7.7680    53.6822    12.5815    33.1025     9.6297
  5  -108.9739     3.7874  -193.9815     7.1311    51.9270    10.3586    33.0817     7.4593
  6  -109.4008     3.2081  -192.6824     6.3760    47.7850    11.8388    35.4977     7.7744
  7  -107.3672     4.8880  -191.6940     5.7398    48.7228    10.1799    35.6051     6.5741
  8  -108.3304     4.6508  -190.6344     5.4037    44.1444    12.7111    38.1608     7.6512
  9  -107.8645     4.2062  -189.9237     4.9731    41.8900    12.0828    40.1703     7.8539
 10  -107.5641     3.8098  -190.2004     4.4824    43.2389    11.1388    39.3986     7.1923
 11  -106.7525     3.8092  -190.1356     4.0565    44.0363    10.2009    39.3480     6.5065
 12  -107.0235     3.5193  -190.1910     3.7047    43.1248     9.4889    40.0438     6.1004
 13  -106.5933     3.3497  -191.1190     3.8805    46.3849    10.8949    38.1419     6.7793
 14  -106.5669     3.1017  -192.1821     4.1747    49.1494    11.5027    36.4670     7.1144
 15  -106.8690     2.9500  -192.9121     4.1516    50.4219    11.0067    35.6225     6.8351
 16  -107.3861     2.9469  -193.8859     4.3445    51.8075    10.6622    34.6935     6.6582
 17  -107.5454     2.7865  -193.8738     4.0810    51.1635    10.0979    35.1661     6.3253
 18  -107.4935     2.6291  -193.8804     3.8476    51.8387     9.6157    34.5494     6.0898
 19  -107.6621     2.5097  -194.4516     3.8146    53.2879     9.5462    33.5027     6.1289
 20  -107.8936     2.4255  -195.0924     3.8390    54.2535     9.2600    32.9465     5.9199
 21  -107.9961     2.3162  -194.9542     3.6621    53.7875     8.8572    33.1718     5.6489
 22  -108.6476     2.5641  -194.9528     3.4917    53.3985     8.4807    32.9078     5.4119
 23  -108.8574     2.4858  -195.3422     3.4261    53.7671     8.1371    32.7189     5.1850
 24  -109.1920     2.4722  -195.8138     3.4131    54.1967     7.8379    32.4262     4.9986
 25  -109.2977     2.3807  -195.9179     3.2804    53.8861     7.5435    32.7352     4.8342
 26  -109.2945     2.2873  -196.2670     3.2281    54.6481     7.4060    32.3255     4.7163
 27  -109.1837     2.2121  -196.5181     3.1466    55.5176     7.3356    31.8180     4.6504
 28  -109.1597     2.1322  -196.5699     3.0339    55.7518     7.0842    31.6596     4.4924
 29  -109.3697     2.0998  -196.2545     2.9946    55.5991     6.8424    31.2868     4.3984
 30  -109.5810     2.0721  -196.6473     2.9979    56.2128     6.7234    30.8547     4.3363
 31  -110.0217     2.1894  -197.0218     2.9947    55.6653     6.5944    31.3359     4.3031
 32  -109.5729     2.3021  -196.6601     2.9885    55.4909     6.3946    31.5975     4.1991
 33  -109.6710     2.2399  -196.8163     2.9133    55.1487     6.2354    31.9977     4.1479
 34  -109.8435     2.2002  -196.5380     2.8806    54.7481     6.1021    31.9477     4.0253
 35  -110.2238     2.2678  -196.4168     2.8076    54.3290     5.9842    31.8651     3.9121
 36  -110.3212     2.2125  -196.1272     2.7893    53.8740     5.8863    31.9331     3.8043
 37  -110.1373     2.1831  -196.1592     2.7136    53.8700     5.7250    32.1530     3.7261
 38  -110.4185     2.1980  -196.3117     2.6588    53.4656     5.6307    32.4287     3.6684
 39  -110.5723     2.1629  -196.4390     2.6022    53.0969     5.5338    32.7710     3.6381
 40  -110.6850     2.1202  -196.5714     2.5501    53.1590     5.3951    32.7286     3.5469
 41  -110.7507     2.0720  -196.6185     2.4889    52.8761     5.2922    32.9928     3.4995
 42  -110.7927     2.0238  -196.4986     2.4407    52.3319     5.2781    33.3751     3.4997
 43  -110.5493     2.0353  -196.4336     2.3868    52.3931     5.1553    33.4924     3.4254
 44  -110.2942     2.0529  -196.1878     2.3832    52.5040     5.0417    33.3907     3.3528
 45  -110.2836     2.0068  -196.2865     2.3380    52.9995     5.0270    33.0046     3.3672
 46  -110.1994     1.9699  -196.1731     2.2979    53.2433     4.9406    32.7315     3.3382
 47  -110.2858     1.9353  -196.3400     2.2731    53.4374     4.8499    32.6179     3.2742
 48  -110.4124     1.9114  -196.4666     2.2396    53.3892     4.7488    32.6661     3.2067
 49  -110.2848     1.8893  -196.2395     2.2400    53.1568     4.6740    32.7990     3.1518
 50  -110.0635     1.9033  -196.1263     2.2064    53.1498     4.5796    32.9141     3.0967
 
 Mesh error is    2.925 kcal/mol
