 ERmod 0.3.8, Copyright (C) 2000-2019 Nobuyuki Matubayasi
                            2010-2019 Shun Sakuraba
 ERmod comes with ABSOLUTELY NO WARRANTY.
 This is free software, and you can redistribute it
 and/or modify it under certain conditions.
 See LICENSE file for details.
 ERmod 0.3.8, Copyright (C) 2000-2019 Nobuyuki Matubayasi
                            2010-2019 Shun Sakuraba
 ERmod comes with ABSOLUTELY NO WARRANTY.
 This is free software, and you can redistribute it
 and/or modify it under certain conditions.
 See LICENSE file for details.
 
  Number of the   1-th solvent  =          792
  Number of the   2-th solvent  =          792
  Number of the   3-th solvent  =        10000
 
  Be sure that the solvent distribution is homogeneous (radial distribution function is essentially unity) when the solvent molecule is separated beyond distance of   10.0 Angstrom in any direction from any atom within the solute molecule
 
  LJ long-range correction    =        -1.3175     -0.2494     -7.0203
 
  Self-energy of the solute   =        -0.0005  kcal/mol
 
 
 cumulative average & 95% error for solvation energy
              total             1st component         2nd component         3rd component
  1  -551.5975             -211.7574             -101.4785             -238.3610
  2  -551.2134     0.7682  -211.4364     0.6420  -104.4088     5.8606  -235.3676     5.9867
  3  -551.3167     0.4892  -212.6106     2.3774  -103.9823     3.4895  -234.7233     3.6889
  4  -551.6685     0.7841  -212.0103     2.0658  -106.4264     5.4758  -233.2312     3.9635
  5  -551.1335     1.2303  -212.8968     2.3882  -102.9774     8.0978  -235.2589     5.0863
  6  -551.0162     1.0316  -210.4353     5.2951  -105.0460     7.7996  -235.5344     4.1894
  7  -551.5657     1.4029  -208.9286     5.3951  -108.2910     9.2506  -234.3455     4.2649
  8  -551.6204     1.2198  -209.2856     4.7265  -108.7777     8.0701  -233.5566     4.0164
  9  -551.9162     1.2277  -210.3265     4.6593  -109.5912     7.3008  -231.9980     4.7185
 10  -551.9048     1.0983  -211.0185     4.3912  -108.7358     6.7504  -232.1499     4.2312
 11  -551.9137     0.9936  -211.1106     3.9763  -108.5813     6.1138  -232.2212     3.8300
 12  -551.6652     1.0343  -211.2509     3.6407  -107.0040     6.4109  -233.4098     4.2279
 13  -551.6836     0.9521  -209.7028     4.5609  -107.9766     6.2097  -234.0037     4.0665
 14  -551.6297     0.8881  -210.0886     4.2925  -106.8838     6.1505  -234.6568     3.9849
 15  -551.5908     0.8304  -210.4480     4.0602  -106.4287     5.7977  -234.7136     3.7115
 16  -551.5876     0.7768  -210.2821     3.8125  -106.8775     5.4971  -234.4274     3.5187
 17  -551.4200     0.8030  -210.2842     3.5812  -106.0482     5.4235  -235.0870     3.5587
 18  -551.2639     0.8189  -211.0147     3.6789  -104.6805     5.7990  -235.5682     3.4905
 19  -551.1449     0.8104  -210.9781     3.4806  -104.1724     5.5786  -235.9938     3.4096
 20  -551.0814     0.7792  -211.2959     3.3626  -103.7447     5.3610  -236.0403     3.2360
 21  -551.0756     0.7413  -211.5434     3.2366  -103.6298     5.1045  -235.9019     3.0905
 22  -551.1097     0.7100  -211.7368     3.1101  -103.6663     4.8675  -235.7061     2.9725
 23  -551.1568     0.6850  -211.8619     2.9823  -103.8898     4.6725  -235.4046     2.9037
 24  -551.1728     0.6566  -212.1519     2.9136  -103.7953     4.4776  -235.2251     2.8031
 25  -551.1939     0.6312  -212.0872     2.7977  -103.9179     4.3017  -235.1883     2.6897
 26  -551.2290     0.6105  -212.0890     2.6879  -104.6277     4.3700  -234.5118     2.9169
 27  -551.1238     0.6240  -212.6199     2.7960  -103.4071     4.8622  -235.0962     3.0404
 28  -551.0735     0.6096  -212.5163     2.7022  -103.2899     4.6912  -235.2669     2.9496
 29  -551.0099     0.6018  -212.8019     2.6692  -102.6357     4.7119  -235.5718     2.9107
 30  -550.9345     0.6007  -212.9793     2.6030  -102.2397     4.6205  -235.7150     2.8266
 31  -550.9422     0.5812  -213.0728     2.5246  -102.2505     4.4690  -235.6184     2.7407
 32  -550.8746     0.5787  -212.9462     2.4575  -101.7258     4.4525  -236.2021     2.8991
 33  -550.8940     0.5622  -213.0756     2.3958  -101.6352     4.3193  -236.1827     2.8101
 34  -550.8264     0.5620  -213.2930     2.3646  -101.1976     4.2807  -236.3352     2.7432
 35  -550.7976     0.5487  -213.0594     2.3431  -101.1061     4.1606  -236.6316     2.7288
 36  -550.7376     0.5466  -213.2109     2.2972  -100.7182     4.1172  -236.8080     2.6753
 37  -550.7451     0.5318  -213.2838     2.2390  -100.5556     4.0175  -236.9052     2.6093
 38  -550.8257     0.5421  -213.2483     2.1804  -101.0572     4.0371  -236.5197     2.6541
 39  -550.7666     0.5411  -213.3033     2.1266  -100.6938     3.9988  -236.7690     2.6328
 40  -550.7147     0.5376  -213.4847     2.1043  -100.2152     4.0134  -237.0143     2.6126
 41  -550.6872     0.5271  -213.4336     2.0549  -100.1548     3.9161  -237.0983     2.5536
 42  -550.6505     0.5197  -213.4711     2.0068   -99.8310     3.8762  -237.3479     2.5416
 43  -550.6642     0.5082  -213.4849     1.9597  -100.0534     3.8111  -237.1254     2.5214
 44  -550.5474     0.5487  -213.4720     1.9149   -99.5150     3.8760  -237.5598     2.6122
 45  -550.2308     0.8298  -213.6184     1.8946   -97.6298     5.3454  -238.9822     3.8226
 46  -549.9788     0.9553  -213.5904     1.8538   -96.2750     5.8883  -240.1129     4.3694
 47  -549.7810     1.0151  -213.8571     1.8907   -94.9772     6.3194  -240.9463     4.5888
 48  -549.5782     1.0733  -213.9109     1.8540   -93.9874     6.4953  -241.6794     4.7254
 49  -549.4565     1.0790  -213.8980     1.8160   -93.4733     6.4439  -242.0847     4.6984
 50  -549.2188     1.1591  -214.0116     1.7937   -92.0768     6.9039  -243.1298     5.0558
 
 
 group  inft  solvation free energy     error          difference
  total solvation free energy
   1      0        -99.03842           0.97909           1.86073
   1     60        -99.36037           0.97919           1.53878
   1     80       -101.89327           0.97996          -0.99411
   1    100       -110.79376           0.98423          -9.89460
   2      0        -99.51038           0.99691           1.38877
   3      0       -100.89915           1.00245           0.00000
   4      0        -99.90737           1.01586           0.99179
   5      0       -100.15245           1.02027           0.74670
   5     60       -100.57784           1.02039           0.32131
   5     80       -103.69764           1.02143          -2.79849
   5    100       -111.94010           1.02547         -11.04094
 
  contribution from  1-th solvent component
   1      0       -181.03834           1.59549          -0.08575
   1     60       -181.06733           1.59550          -0.11474
   1     80       -181.29268           1.59545          -0.34009
   1    100       -182.11846           1.59688          -1.16587
   2      0       -180.70409           1.62257           0.24850
   3      0       -180.95259           1.63076           0.00000
   4      0       -179.68200           1.64565           1.27059
   5      0       -180.22641           1.63573           0.72618
   5     60       -180.26600           1.63574           0.68658
   5     80       -180.54875           1.63578           0.40384
   5    100       -181.30988           1.63710          -0.35729
 
  contribution from  2-th solvent component
   1      0         49.85636           3.51316           1.94917
   1     60         49.86529           3.51319           1.95810
   1     80         49.99786           3.51376           2.09066
   1    100         50.36828           3.51716           2.46108
   2      0         49.04896           3.51208           1.14177
   3      0         47.90719           3.51407           0.00000
   4      0         47.61596           3.52703          -0.29123
   5      0         47.96144           3.52002           0.05425
   5     60         47.98948           3.52008           0.08229
   5     80         48.13150           3.52093           0.22431
   5    100         48.45666           3.52418           0.54947
 
  contribution from  3-th solvent component
   1      0         32.14406           2.67389          -0.00269
   1     60         31.84218           2.67430          -0.30457
   1     80         29.40206           2.67760          -2.74469
   1    100         20.95693           2.68832         -11.18982
   2      0         32.14525           2.67467          -0.00150
   3      0         32.14675           2.67392           0.00000
   4      0         32.15918           2.67494           0.01243
   5      0         32.11302           2.67510          -0.03373
   5     60         31.69919           2.67562          -0.44756
   5     80         28.72011           2.67976          -3.42664
   5    100         20.91363           2.68964         -11.23312
 
 
 group  inft   Estimated free energy: total (kcal/mol)
   1      0     -96.3461    -102.3868     -99.2406     -95.9142    -100.8877
                -93.9880     -92.7566    -105.0145     -99.8362    -101.5346
                -98.1314     -94.4151    -100.7328     -90.2996     -97.5975
               -100.9113     -96.6013     -99.6431     -96.7016     -99.0379
               -101.3053    -103.1436    -100.6501    -102.4290    -100.8090
               -103.9782     -98.5895     -96.5361    -100.6447     -94.9800
                -99.6835     -92.4699     -99.0062    -100.4747     -96.4551
                -96.2051    -103.1826    -105.3211    -100.0618    -100.6671
               -100.2369     -94.1555     -99.6617    -100.2167     -95.6750
                -99.2067     -98.3090    -101.9489    -107.2018     -96.7394
   1     60     -96.6670    -102.7080     -99.5611     -96.2350    -101.2090
                -94.3084     -93.0777    -105.3360    -100.1566    -101.8559
                -98.4525     -94.7368    -101.0539     -90.6190     -97.9178
               -101.2317     -96.9233     -99.9644     -97.0230     -99.3587
               -101.6254    -103.4658    -100.9722    -102.7511    -101.1320
               -104.2976     -98.9105     -96.8569    -100.9675     -95.3012
               -100.0042     -92.7912     -99.3269    -100.7961     -96.7769
                -96.5248    -103.5056    -105.6420    -100.3834    -100.9896
               -100.5595     -94.4775     -99.9827    -100.5430     -96.0003
                -99.5328     -98.6366    -102.2767    -107.5270     -97.0656
   1     80     -99.1818    -105.2304    -102.0841     -98.7561    -103.7343
                -96.8355     -95.6079    -107.8681    -102.6705    -104.3828
               -100.9778     -97.2717    -103.5952     -93.1327    -100.4326
               -103.7546     -99.4528    -102.4937     -99.5484    -101.8804
               -104.1478    -106.0005    -103.5034    -105.2900    -103.6670
               -106.8119    -101.4371     -99.3831    -103.5073     -97.8250
               -102.5391     -95.3283    -101.8490    -103.3169     -99.3170
                -99.0423    -106.0389    -108.1745    -102.9130    -103.5225
               -103.0924     -97.0173    -102.5103    -103.1014     -98.5513
               -102.1059    -101.2071    -104.8539    -110.0923     -99.6256
   1    100    -108.0106    -114.0982    -110.9603    -107.6107    -112.6082
               -105.7309    -104.5013    -116.7690    -111.5170    -113.2759
               -109.8447    -106.1742    -112.5543    -101.9576    -109.2714
               -112.6300    -108.3260    -111.3887    -108.3969    -110.7398
               -113.0211    -114.9021    -112.4019    -114.2161    -112.5552
               -115.6762    -110.3317    -108.2461    -112.4339    -106.6763
               -111.4528    -104.2435    -110.7031    -112.1794    -108.2679
               -107.8845    -114.9574    -117.0917    -111.8011    -112.4210
               -111.9906    -105.9296    -111.3918    -112.0728    -107.5026
               -111.1513    -110.2140    -113.8816    -119.1234    -108.6013
   2      0     -96.7435    -102.8424     -99.6879     -96.2020    -101.5390
                -94.1688     -93.0124    -105.5010     -99.8630    -101.7494
                -98.7413     -94.7885    -101.0063     -90.4623     -97.9796
               -101.2428     -97.1189    -100.0324     -97.2884     -99.5600
               -101.6765    -103.6665    -101.3132    -103.0172    -101.2344
               -104.8645     -99.5062     -97.0672    -101.3225     -95.3286
               -100.1788     -93.0942     -99.4911    -101.2655     -96.4696
                -96.5481    -103.7791    -105.8145    -100.7944    -101.3594
               -100.8897     -94.5653    -100.1184    -100.5976     -96.3872
                -99.5836     -98.7085    -102.3454    -107.6945     -97.3077
   3      0     -98.1220    -104.0320    -100.8979     -97.6797    -103.0963
                -95.4620     -94.3723    -107.0592    -101.2809    -103.1653
               -100.2086     -96.2361    -102.2135     -91.9223     -99.2290
               -102.4989     -98.8004    -101.8688     -98.5761    -100.9152
               -103.0236    -105.0091    -102.7012    -104.6102    -102.7359
               -106.3029    -100.9390     -97.9884    -102.6160     -96.3955
               -101.7048     -94.3486    -100.8502    -102.6447     -97.7402
                -97.8055    -105.0612    -107.1595    -102.2427    -102.8534
               -102.3229     -96.1989    -101.7768    -102.0867     -97.6359
               -100.8452    -100.1480    -103.8497    -108.9607     -98.7635
   4      0     -97.1772    -103.0248    -100.0170     -96.5878    -101.9096
                -94.3658     -93.3810    -106.0022    -100.2420    -102.1196
                -99.3753     -95.0642    -101.2989     -90.5674     -98.2236
               -101.6016     -97.6421    -100.5446     -97.5977     -99.8234
               -102.0497    -104.2014    -101.8396    -103.5892    -101.6527
               -105.4543    -100.0751     -97.4264    -101.8159     -95.5858
               -100.5394     -93.4667     -99.8050    -101.8959     -96.6334
                -96.8492    -104.2923    -106.2458    -101.3276    -102.0121
               -101.2889     -94.7493    -100.5433    -101.1252     -96.6637
                -99.8946     -99.2816    -102.8086    -108.0180     -97.6718
   5      0     -97.4147    -103.5835    -100.1902     -97.0230    -102.5006
                -95.0300     -93.4899    -106.3765    -100.0539    -102.5691
                -99.2619     -95.5214    -101.7302     -91.1374     -98.2701
               -101.9108     -97.9482    -100.9783     -97.6812    -100.1138
               -102.4757    -104.6055    -101.9845    -103.9651    -101.6344
               -105.7987    -100.2756     -97.4891    -101.8449     -95.4102
               -100.3806     -93.7902     -99.8468    -102.0638     -96.6996
                -97.0054    -104.4475    -106.6202    -101.4160    -102.1597
               -101.5479     -95.2385    -100.7534    -101.0624     -96.7072
               -100.1560     -99.6318    -103.2621    -108.4376     -98.1275
   5     60     -97.8372    -104.0074    -100.6136     -97.4466    -102.9250
                -95.4546     -93.9145    -106.8013    -100.4763    -102.9937
                -99.6858     -95.9474    -102.1563     -91.5588     -98.6924
               -102.3346     -98.3733    -101.4033     -98.1054    -100.5375
               -102.8993    -105.0317    -102.4096    -104.3910    -102.0598
               -106.2203    -100.7006     -97.9136    -102.2725     -95.8345
               -100.8061     -94.2156    -100.2700    -102.4881     -97.1254
                -97.4288    -104.8733    -107.0453    -101.8405    -102.5854
               -101.9739     -95.6648    -101.1770    -101.4926     -97.1360
               -100.5875    -100.0634    -103.6956    -108.8667     -98.5578
   5     80    -100.9357    -107.1151    -103.7231    -100.5513    -106.0357
                -98.5721     -97.0320    -109.9180    -103.5745    -106.1077
               -102.7939     -99.0683    -105.2893     -94.6544    -101.7909
               -105.4423    -101.4862    -104.5182    -101.2114    -103.6430
               -106.0095    -108.1523    -105.5268    -107.5186    -105.1746
               -109.3184    -103.8181    -101.0213    -105.4030     -98.9398
               -103.9274     -97.3378    -103.3744    -105.5961    -100.2560
               -100.5319    -107.9959    -110.1659    -104.9544    -105.7026
               -105.0942     -98.7926    -104.2903    -104.6445    -100.2792
               -103.7582    -103.2252    -106.8708    -112.0257    -101.7132
   5    100    -109.1123    -115.3262    -111.9409    -108.7497    -114.2590
               -106.8119    -105.2716    -118.1603    -111.7643    -114.3373
               -111.0006    -107.3117    -113.5898    -102.8268    -109.9763
               -113.6608    -109.7034    -112.7542    -109.4036    -111.8419
               -114.2328    -116.3944    -113.7705    -115.7887    -113.3979
               -117.5309    -112.0644    -109.2264    -113.6772    -107.1308
               -112.1797    -105.5950    -111.5721    -113.8107    -108.5444
               -108.7235    -116.2532    -118.4294    -113.1855    -113.9407
               -113.3381    -107.0504    -112.5138    -112.9484    -108.5679
               -112.1310    -111.5602    -115.2296    -120.3862    -110.0287
 
 group  inft   Estimated free energy: 1-th solvent contribution (kcal/mol)
   1      0    -179.0953    -181.2128    -181.8576    -174.8896    -185.8932
               -166.6206    -163.6093    -182.3095    -181.3416    -184.4725
               -179.3775    -177.3820    -166.5515    -176.1985    -181.7430
               -178.8605    -179.1134    -188.0406    -179.9416    -183.5176
               -182.5823    -186.1114    -181.0007    -182.8730    -180.5180
               -183.6273    -189.0715    -179.4348    -187.1405    -182.9877
               -180.4816    -172.4779    -183.9555    -186.1522    -169.9576
               -183.2982    -185.3431    -180.0686    -184.3018    -188.3038
               -181.7349    -176.4493    -178.3738    -180.5616    -187.8698
               -181.2529    -188.8910    -184.6283    -184.0627    -186.3766
   1     60    -179.1243    -181.2415    -181.8866    -174.9186    -185.9220
               -166.6494    -163.6381    -182.3384    -181.3703    -184.5015
               -179.4066    -177.4109    -166.5803    -176.2273    -181.7718
               -178.8893    -179.1425    -188.0694    -179.9705    -183.5466
               -182.6111    -186.1402    -181.0296    -182.9022    -180.5472
               -183.6559    -189.1004    -179.4638    -187.1694    -183.0169
               -180.5104    -172.5069    -183.9843    -186.1810    -169.9868
               -183.3270    -185.3723    -180.0974    -184.3308    -188.3327
               -181.7637    -176.4784    -178.4028    -180.5911    -187.8992
               -181.2826    -188.9207    -184.6580    -184.0918    -186.4059
   1     80    -179.3493    -181.4649    -182.1128    -175.1447    -186.1455
               -166.8742    -163.8632    -182.5633    -181.5927    -184.7274
               -179.6327    -177.6357    -166.8062    -176.4525    -181.9959
               -179.1143    -179.3694    -188.2935    -180.1961    -183.7716
               -182.8358    -186.3649    -181.2535    -183.1291    -180.7738
               -183.8787    -189.3255    -179.6899    -187.3935    -183.2439
               -180.7343    -172.7335    -184.2088    -186.4033    -170.2144
               -183.5511    -185.5983    -180.3217    -184.5568    -188.5564
               -181.9875    -176.7048    -178.6281    -180.8180    -188.1245
               -181.5117    -189.1502    -184.8875    -184.3173    -186.6312
   1    100    -180.1709    -182.2863    -182.9412    -175.9664    -186.9730
               -167.6843    -164.6697    -183.3903    -182.4085    -185.5583
               -180.4589    -178.4600    -167.6184    -177.2708    -182.8171
               -179.9373    -180.2008    -189.1219    -181.0217    -184.5999
               -183.6586    -187.1975    -182.0742    -183.9626    -181.6065
               -184.7020    -190.1566    -180.5164    -188.2202    -184.0755
               -181.5579    -173.5552    -185.0343    -187.2255    -171.0380
               -184.3726    -186.4313    -181.1408    -185.3890    -189.3888
               -182.8094    -177.5288    -179.4475    -181.6469    -188.9605
               -182.3478    -189.9944    -185.7262    -185.1443    -187.4581
   2      0    -178.7045    -180.8051    -181.6013    -174.4981    -185.6718
               -166.1808    -162.9935    -182.0913    -180.9120    -184.2102
               -179.0739    -176.7987    -166.1121    -175.5757    -181.4533
               -178.5701    -178.7782    -187.7784    -179.7124    -183.1562
               -182.2831    -185.9016    -180.6785    -182.4007    -180.2250
               -183.4616    -188.8856    -179.0677    -186.9764    -182.6209
               -179.9306    -171.9152    -183.6726    -185.8814    -169.3454
               -182.9482    -185.1475    -179.7163    -184.1586    -188.0305
               -181.4946    -175.7962    -178.1123    -180.2654    -187.6840
               -180.9348    -188.5976    -184.3189    -183.8831    -186.1928
   3      0    -178.9658    -181.0168    -181.7633    -174.6088    -186.0429
               -166.4595    -163.2053    -182.3596    -181.0615    -184.5162
               -179.3735    -177.0007    -166.2805    -175.6853    -181.6189
               -178.8755    -179.0845    -188.1824    -179.9540    -183.4586
               -182.5235    -186.1713    -180.9632    -182.6341    -180.5070
               -183.8096    -189.1226    -179.2693    -187.2791    -182.7831
               -180.1627    -172.0624    -183.9676    -186.1555    -169.5311
               -183.2005    -185.3954    -179.9721    -184.4030    -188.2701
               -181.7407    -176.0033    -178.3932    -180.5524    -187.9099
               -181.1778    -188.9371    -184.5268    -184.1754    -186.5161
   4      0    -177.7918    -179.6925    -180.7384    -173.5258    -184.5635
               -164.7641    -161.7713    -181.3057    -179.7150    -183.2364
               -178.0834    -175.4650    -165.1945    -174.4764    -180.3687
               -177.5981    -177.5929    -186.6506    -178.7417    -182.0087
               -181.3226    -185.0312    -179.5121    -181.5160    -179.0492
               -182.4266    -188.1164    -178.1103    -185.9338    -181.8071
               -178.5791    -170.8578    -182.6429    -184.8734    -168.0905
               -181.9904    -184.1445    -178.8354    -183.1859    -187.2056
               -180.6893    -174.4824    -176.8678    -179.2226    -186.8518
               -180.0838    -187.7968    -183.5591    -182.9373    -185.0937
   5      0    -178.3461    -180.5757    -181.1722    -174.0189    -185.4968
               -165.8173    -162.2986    -181.8263    -180.0061    -184.0231
               -178.4099    -176.1933    -165.9533    -175.1006    -180.7111
               -178.1318    -178.2293    -187.3332    -179.0909    -182.7351
               -181.9968    -185.7501    -180.0402    -182.0517    -179.4528
               -183.1280    -188.4753    -178.5259    -186.3201    -181.9672
               -178.9344    -171.4596    -182.9919    -185.4049    -168.4527
               -182.4983    -184.6236    -179.4787    -183.5682    -187.6499
               -181.1710    -175.2244    -177.4307    -179.5904    -187.1425
               -180.6425    -188.2861    -184.1638    -183.5551    -185.8741
   5     60    -178.3857    -180.6148    -181.2118    -174.0584    -185.5361
               -165.8568    -162.3383    -181.8657    -180.0453    -184.0625
               -178.4496    -176.2327    -165.9929    -175.1401    -180.7506
               -178.1712    -178.2691    -187.3726    -179.1305    -182.7746
               -182.0363    -185.7895    -180.0797    -182.0915    -179.4925
               -183.1670    -188.5147    -178.5656    -186.3597    -182.0070
               -178.9739    -171.4992    -183.0313    -185.4442    -168.4925
               -182.5377    -184.6631    -179.5181    -183.6078    -187.6891
               -181.2104    -175.2641    -177.4703    -179.6305    -187.1825
               -180.6827    -188.3264    -184.2042    -183.5949    -185.9142
   5     80    -178.6685    -180.8947    -181.4950    -174.3407    -185.8173
               -166.1385    -162.6207    -182.1480    -180.3245    -184.3447
               -178.7324    -176.5143    -166.2754    -175.4225    -181.0328
               -178.4532    -178.5531    -187.6544    -179.4134    -183.0566
               -182.3188    -186.0720    -180.3620    -182.3753    -179.7762
               -183.4468    -188.7969    -178.8494    -186.6426    -182.2911
               -179.2553    -171.7820    -183.3135    -185.7245    -168.7759
               -182.8195    -184.9460    -179.7996    -183.8911    -187.9695
               -181.4919    -175.5481    -177.7529    -179.9154    -187.4666
               -180.9693    -188.6138    -184.4919    -183.8789    -186.1996
   5    100    -179.4278    -181.6501    -182.2570    -175.0957    -186.5814
               -166.8866    -163.3676    -182.9103    -181.0763    -185.1066
               -179.4919    -177.2720    -167.0248    -176.1779    -181.7930
               -179.2122    -179.3176    -188.4183    -180.1748    -183.8186
               -183.0797    -186.8400    -181.1220    -183.1402    -180.5418
               -184.2060    -189.5615    -179.6126    -187.4092    -183.0555
               -180.0137    -172.5368    -184.0757    -186.4842    -169.5306
               -183.5787    -185.7110    -180.5562    -184.6569    -188.7329
               -182.2519    -176.3080    -178.5087    -180.6792    -188.2378
               -181.7371    -189.3889    -185.2639    -184.6443    -186.9683
 
 group  inft   Estimated free energy: 2-th solvent contribution (kcal/mol)
   1      0      47.4776      41.3584      45.0284      39.9193      52.4832
                 36.6877      31.0402      37.7907      38.0713      45.6335
                 43.6333      51.8141      32.9244      53.0710      47.5067
                 39.0518      50.9675      56.0351      50.3555      48.8567
                 43.8562      44.7713      41.1150      42.0029      42.9482
                 35.2085      61.5127      48.5502      53.7698      52.9219
                 43.6719      52.7796      48.9213      51.9842      43.0348
                 54.0818      48.1359      32.9104      52.7961      56.8706
                 47.5141      51.6461      40.1671      57.2385      91.2731
                 75.8821      78.2115      67.8022      56.9614      84.5722
   1     60      47.4875      41.3673      45.0378      39.9282      52.4923
                 36.6968      31.0486      37.7992      38.0808      45.6430
                 43.6423      51.8227      32.9324      53.0812      47.5169
                 39.0609      50.9763      56.0441      50.3644      48.8662
                 43.8655      44.7796      41.1234      42.0110      42.9561
                 35.2172      61.5225      48.5592      53.7786      52.9312
                 43.6803      52.7879      48.9308      51.9930      43.0433
                 54.0916      48.1453      32.9186      52.8051      56.8794
                 47.5225      51.6544      40.1767      57.2473      91.2829
                 75.8907      78.2200      67.8108      56.9694      84.5813
   1     80      47.6316      41.5009      45.1736      40.0624      52.6264
                 36.8249      31.1745      37.9249      38.2173      45.7771
                 43.7765      51.9527      33.0495      53.2275      47.6599
                 39.1958      51.1129      56.1776      50.5045      49.0049
                 43.9989      44.9077      41.2523      42.1344      43.0872
                 35.3477      61.6625      48.6967      53.9071      53.0713
                 43.8065      52.9174      49.0706      52.1281      43.1676
                 54.2327      48.2809      33.0371      52.9401      57.0132
                 47.6499      51.7813      40.3110      57.3802      91.4311
                 76.0159      78.3477      67.9362      57.0862      84.7181
   1    100      48.0471      41.8744      45.5486      40.4463      53.0077
                 37.1662      31.5104      38.2696      38.5887      46.1411
                 44.1568      52.3209      33.3528      53.6525      48.0628
                 39.5675      51.5082      56.5510      50.9168      49.3935
                 44.3608      45.2704      41.6014      42.4667      43.4689
                 35.7076      62.0587      49.0972      54.2643      53.4769
                 44.1493      53.2842      49.4717      52.5038      43.4909
                 54.6348      48.6532      33.3411      53.3207      57.4024
                 48.0097      52.1379      40.6775      57.7532      91.8734
                 76.3536      78.7189      68.2797      57.3882      85.1140
   2      0      46.6806      40.4962      44.3097      39.2330      51.6132
                 36.0712      30.1672      37.0819      37.6024      45.1546
                 42.7142      50.8662      32.1778      52.2830      46.8270
                 38.4285      50.1203      55.3757      49.5333      47.9788
                 43.1865      44.0458      40.1335      40.9542      42.2280
                 34.1669      60.4097      47.6209      52.9279      52.2080
                 42.6164      51.5998      48.1587      50.9220      42.4050
                 53.3642      47.3227      32.0656      51.9222      55.9040
                 46.6264      50.5819      39.4547      56.5780      90.3738
                 75.1899      77.5262      67.1077      56.3017      83.8313
   3      0      45.5696      39.5084      43.2930      37.8839      50.4338
                 35.0581      29.0193      35.7958      36.3542      44.0399
                 41.5358      49.6136      31.1482      50.9364      45.7460
                 37.4556      48.7254      53.9491      48.4838      46.9084
                 42.0773      42.9724      39.0347      39.5891      41.0089
                 33.0590      59.2364      46.9101      51.9230      51.3182
                 41.3042      50.4711      47.1027      49.8251      41.3107
                 52.3866      46.2894      30.9754      50.7055      54.6365
                 45.4189      49.1573      38.0834      55.3779      89.3525
                 74.1594      76.4174      65.7909      55.3130      82.6941
   4      0      45.3372      39.1899      43.1307      37.8838      50.1222
                 34.4225      28.5548      35.7930      36.0260      43.7751
                 41.0767      49.2147      30.9494      51.0740      45.4800
                 37.0737      48.3871      53.7342      48.2302      46.5190
                 41.8476      42.6097      38.4243      39.5065      40.5931
                 32.5117      59.0854      46.2927      51.3677      51.1644
                 40.8717      50.1605      46.7957      49.3057      40.9698
                 52.1043      45.7901      30.7276      50.3948      54.4161
                 45.3924      49.0661      37.7744      54.9948      89.2686
                 74.0230      76.1219      65.8920      55.0199      82.3312
   5      0      45.7024      39.5606      43.4351      37.9772      50.5089
                 34.8602      29.0131      35.9748      36.5393      44.1566
                 41.5498      49.5355      31.3390      51.1633      45.8236
                 37.3216      48.7484      54.0387      48.5534      47.0130
                 42.1572      42.9883      38.8402      39.7095      41.0640
                 32.9054      59.3063      46.6926      51.7571      51.5432
                 41.4018      50.4747      47.1716      49.6852      41.3457
                 52.5141      46.1701      31.0841      50.7514      54.7431
                 45.6757      49.3516      38.1760      55.4628      89.5573
                 74.3736      76.3219      66.0611      55.2547      82.7170
   5     60      45.7327      39.5883      43.4637      38.0053      50.5368
                 34.8872      29.0403      36.0021      36.5684      44.1846
                 41.5783      49.5626      31.3644      51.1940      45.8539
                 37.3498      48.7768      54.0666      48.5825      47.0419
                 42.1855      43.0152      38.8679      39.7366      41.0920
                 32.9333      59.3348      46.7212      51.7838      51.5723
                 41.4291      50.5021      47.2014      49.7133      41.3725
                 52.5430      46.1986      31.1103      50.7799      54.7711
                 45.7028      49.3786      38.2054      55.4912      89.5871
                 74.4004      76.3492      66.0879      55.2814      82.7457
   5     80      45.8905      39.7309      43.6088      38.1501      50.6808
                 35.0203      29.1723      36.1376      36.7139      44.3256
                 41.7223      49.7015      31.4858      51.3530      46.0088
                 37.4933      48.9247      54.2102      48.7367      47.1896
                 42.3261      43.1531      39.0059      39.8658      41.2367
                 33.0719      59.4816      46.8719      51.9199      51.7260
                 41.5624      50.6420      47.3543      49.8568      41.5018
                 52.6941      46.3430      31.2341      50.9252      54.9165
                 45.8399      49.5132      38.3497      55.6346      89.7484
                 74.5323      76.4899      66.2201      55.4063      82.8949
   5    100      46.2624      40.0594      43.9399      38.4872      51.0150
                 35.3171      29.4645      36.4400      37.0431      44.6455
                 42.0554      50.0215      31.7476      51.7295      46.3670
                 37.8203      49.2709      54.5386      49.1036      47.5333
                 42.6431      43.4717      39.3120      40.1494      41.5750
                 33.3834      59.8204      47.2276      52.2308      52.0887
                 41.8593      50.9605      47.7124      50.1835      41.7818
                 53.0486      46.6702      31.4964      51.2584      55.2562
                 46.1546      49.8203      38.6736      55.9659      90.1414
                 74.8281      76.8179      66.5194      55.6738      83.2468
 
 group  inft   Estimated free energy: 3-th solvent contribution (kcal/mol)
   1      0      35.2722      37.4681      37.5891      39.0566      32.5228
                 35.9454      39.8129      39.5047      43.4346      37.3049
                 37.6133      31.1533      32.8948      32.8285      36.6393
                 38.8979      31.5450      32.3629      32.8850      35.6235
                 37.4213      38.1970      39.2361      38.4417      36.7614
                 44.4410      28.9698      34.3491      32.7265      35.0863
                 37.1268      27.2289      36.0285      33.6938      30.4682
                 33.0118      34.0251      41.8377      31.4444      30.7666
                 33.9844      30.6483      38.5455      23.1070       0.9222
                  6.1646      12.3709      14.8777      19.9000       5.0655
   1     60      34.9703      37.1667      37.2882      38.7558      32.2213
                 35.6447      39.5123      39.2036      43.1334      37.0032
                 37.3123      30.8520      32.5945      32.5277      36.3377
                 38.5972      31.2434      32.0614      32.5837      35.3221
                 37.1208      37.8952      38.9344      38.1406      36.4595
                 44.1416      28.6680      34.0482      32.4238      34.7851
                 36.8263      26.9282      35.7271      33.3924      30.1672
                 32.7111      33.7219      41.5373      31.1429      30.4642
                 33.6822      30.3470      38.2439      22.8014       0.6164
                  5.8596      12.0647      14.5711      19.5959       4.7595
   1     80      32.5365      34.7342      34.8556      36.3268      29.7853
                 33.2143      37.0813      36.7708      40.7054      34.5681
                 34.8789      28.4117      30.1620      30.0928      33.9040
                 36.1644      28.8042      29.6228      30.1437      32.8868
                 34.6895      35.4571      36.4983      35.7052      34.0201
                 41.7197      26.2264      31.6105      29.9796      32.3481
                 34.3892      24.4882      33.2896      30.9589      27.7304
                 30.2766      31.2790      39.1106      28.7042      28.0212
                 31.2457      27.9067      35.8073      20.3368      -1.8574
                  3.3903       9.5959      12.0980      17.1394       2.2881
   1    100      24.1137      26.3143      26.4329      27.9099      21.3575
                 24.7876      28.6585      28.3521      32.3034      26.1418
                 26.4580      19.9654      21.7118      21.6612      25.4833
                 27.7404      20.3671      21.1827      21.7086      24.4671
                 26.2772      27.0256      28.0715      27.2802      25.5829
                 33.3187      17.7667      23.1736      21.5225      23.9228
                 25.9563      16.0281      24.8599      22.5428      19.2797
                 21.8538      22.8213      30.7085      20.2677      19.5659
                 22.8096      19.4619      27.3788      11.8213     -10.4150
                 -5.1566       1.0619       3.5654       8.6332      -6.2568
   2      0      35.2809      37.4670      37.6042      39.0636      32.5201
                 35.9413      39.8144      39.5089      43.4471      37.3067
                 37.6189      31.1445      32.9285      32.8310      36.6472
                 38.8993      31.5395      32.3708      32.8912      35.6179
                 37.4206      38.1899      39.2323      38.4298      36.7631
                 44.4306      28.9703      34.3801      32.7264      35.0848
                 37.1358      27.2217      36.0233      33.6944      30.4714
                 33.0364      34.0462      41.8367      31.4425      30.7676
                 33.9790      30.6495      38.5398      23.0903       0.9235
                  6.1618      12.3634      14.8663      19.8875       5.0543
   3      0      35.2748      37.4769      37.5730      39.0457      32.5133
                 35.9399      39.8143      39.5051      43.4269      37.3114
                 37.6296      31.1515      32.9194      32.8271      36.6443
                 38.9215      31.5591      32.3650      32.8946      35.6355
                 37.4231      38.1903      39.2278      38.4353      36.7627
                 44.4482      28.9477      34.3712      32.7405      35.0698
                 37.1542      27.2432      36.0152      33.6862      30.4807
                 33.0089      34.0453      41.8378      31.4553      30.7807
                 33.9993      30.6475      38.5335      23.0884       0.9220
                  6.1736      12.3721      14.8867      19.9022       5.0590
   4      0      35.2779      37.4783      37.5913      39.0547      32.5323
                 35.9763      39.8360      39.5110      43.4476      37.3422
                 37.6318      31.1866      32.9467      32.8355      36.6655
                 38.9232      31.5642      32.3724      32.9143      35.6668
                 37.4258      38.2206      39.2487      38.4208      36.8039
                 44.4611      28.9565      34.3917      32.7507      35.0574
                 37.1684      27.2311      36.0427      33.6724      30.4878
                 33.0374      34.0626      41.8626      31.4641      30.7779
                 34.0085      30.6675      38.5506      23.1031       0.9201
                  6.1668      12.3937      14.8589      19.8999       5.0911
   5      0      35.2295      37.4322      37.5475      39.0192      32.4878
                 35.9275      39.7961      39.4755      43.4134      37.2979
                 37.5988      31.1368      32.8846      32.8004      36.6178
                 38.8999      31.5332      32.3167      32.8568      35.6088
                 37.3644      38.1568      39.2160      38.3777      36.7549
                 44.4244      28.8938      34.3448      32.7186      35.0143
                 37.1525      27.1952      35.9740      33.6564      30.4079
                 32.9793      34.0065      41.7748      31.4013      30.7476
                 33.9479      30.6348      38.5018      23.0658       0.8786
                  6.1134      12.3329      14.8410      19.8634       5.0301
   5     60      34.8163      37.0196      37.1350      38.6070      32.0747
                 35.5155      39.3840      39.0628      43.0010      36.8848
                 37.1861      30.7232      32.4727      32.3878      36.2048
                 38.4873      31.1195      31.9031      32.4431      35.1956
                 36.9521      37.7431      38.8027      37.9644      36.3412
                 44.0140      28.4798      33.9314      32.3038      34.6007
                 36.7391      26.7820      35.5605      33.2433      29.9951
                 32.5664      33.5918      41.3630      30.9879      30.3331
                 33.5342      30.2212      38.0884      22.6472       0.4599
                  5.6954      11.9143      14.4212      19.4472       4.6112
   5     80      31.8428      34.0492      34.1636      35.6398      29.1013
                 32.5466      36.4169      36.0929      40.0365      33.9118
                 34.2168      27.7450      29.5008      29.4156      33.2337
                 35.5181      28.1428      28.9265      29.4658      32.2245
                 33.9837      34.7671      35.8298      34.9914      33.3654
                 41.0571      25.4977      30.9567      29.3203      31.6258
                 33.7660      23.8027      32.5853      30.2722      27.0186
                 29.5940      30.6077      38.4000      28.0120      27.3508
                 30.5582      27.2428      35.1134      19.6369      -2.5604
                  2.6793       8.8992      11.4015      16.4474       1.5920
   5    100      24.0537      26.2650      26.3767      27.8593      21.3079
                 24.7582      28.6320      28.3104      32.2695      26.1243
                 26.4364      19.9394      21.6878      21.6221      25.4502
                 27.7317      20.3438      21.1260      21.6681      24.4439
                 26.2043      26.9744      28.0400      27.2026      25.5694
                 33.2922      17.6772      23.1591      21.5017      23.8366
                 25.9752      15.9818      24.7917      22.4905      19.2048
                 21.8071      22.7882      30.6310      20.2135      19.5366
                 22.7597      19.4378      27.3217      11.7655     -10.4710
                 -5.2215       1.0114       3.5153       8.5849      -6.3067
 
 
 cumulative average & 95% error for solvation free energy
              total             1st component         2nd component         3rd component
  1   -98.1220             -178.9658               45.5696               35.2748
  2  -101.0770     5.9100  -179.9913     2.0509    42.5390     6.0612    36.3758     2.2021
  3  -101.0173     3.4142  -180.5820     1.6726    42.7903     3.5353    36.7749     1.5011
  4  -100.1829     2.9349  -179.0887     3.2122    41.5637     3.5025    37.3426     1.5543
  5  -100.7656     2.5546  -180.4795     3.7321    43.3377     4.4664    36.3767     2.2762
  6   -99.8816     2.7342  -178.1428     5.5791    41.9578     4.5734    36.3039     1.8642
  7   -99.0946     2.7960  -176.0089     6.3598    40.1094     5.3485    36.8054     1.8677
  8  -100.0902     3.1350  -176.8027     5.7320    39.5702     4.7558    37.1429     1.7526
  9  -100.2225     2.7774  -177.2759     5.1430    39.2129     4.2547    37.8411     2.0831
 10  -100.5168     2.5530  -178.0000     4.8226    39.6956     3.9260    37.7881     1.8662
 11  -100.4887     2.3099  -178.1248     4.3693    39.8629     3.5670    37.7737     1.6883
 12  -100.1344     2.2246  -178.0311     3.9930    40.6754     3.6392    37.2219     1.8956
 13  -100.2943     2.0712  -177.1273     4.0938    39.9426     3.6544    36.8909     1.8651
 14   -99.6963     2.2600  -177.0243     3.7957    40.7278     3.7301    36.6006     1.8217
 15   -99.6651     2.1048  -177.3306     3.5864    41.0624     3.5364    36.6035     1.6960
 16   -99.8423     2.0005  -177.4271     3.3603    40.8370     3.3385    36.7484     1.6127
 17   -99.7810     1.8831  -177.5246     3.1625    41.3010     3.2705    36.4432     1.6332
 18   -99.8970     1.7905  -178.1167     3.2081    42.0037     3.3886    36.2166     1.6051
 19   -99.8274     1.6994  -178.2134     3.0408    42.3447     3.2771    36.0418     1.5580
 20   -99.8818     1.6158  -178.4757     2.9320    42.5729     3.1422    36.0214     1.4786
 21  -100.0314     1.5658  -178.6684     2.8154    42.5493     2.9892    36.0882     1.4128
 22  -100.2577     1.5600  -179.0095     2.7697    42.5685     2.8504    36.1837     1.3605
 23  -100.3639     1.5057  -179.0944     2.6520    42.4149     2.7409    36.3161     1.3267
 24  -100.5409     1.4844  -179.2419     2.5562    42.2972     2.6347    36.4044     1.2824
 25  -100.6287     1.4346  -179.2925     2.4539    42.2456     2.5293    36.4187     1.2304
 26  -100.8469     1.4458  -179.4662     2.3831    41.8923     2.5307    36.7276     1.3338
 27  -100.8503     1.3912  -179.8239     2.4021    42.5347     2.7533    36.4394     1.4069
 28  -100.7481     1.3561  -179.8041     2.3150    42.6909     2.6715    36.3655     1.3637
 29  -100.8125     1.3148  -180.0618     2.2925    43.0093     2.6552    36.2405     1.3394
 30  -100.6653     1.3039  -180.1525     2.2222    43.2863     2.6243    36.2015     1.2963
 31  -100.6988     1.2629  -180.1529     2.1493    43.2223     2.5414    36.2322     1.2553
 32  -100.5004     1.2856  -179.9000     2.1416    43.4488     2.5021    35.9513     1.3390
 33  -100.5110     1.2462  -180.0233     2.0903    43.5596     2.4352    35.9533     1.2978
 34  -100.5737     1.2155  -180.2037     2.0597    43.7438     2.3910    35.8866     1.2661
 35  -100.4928     1.1913  -179.8987     2.0909    43.6743     2.3259    35.7321     1.2676
 36  -100.4181     1.1674  -179.9904     2.0403    43.9163     2.3116    35.6565     1.2412
 37  -100.5436     1.1628  -180.1365     2.0057    43.9805     2.2519    35.6130     1.2103
 38  -100.7177     1.1841  -180.1322     1.9523    43.6382     2.2962    35.7768     1.2227
 39  -100.7568     1.1560  -180.2417     1.9141    43.8194     2.2658    35.6660     1.2114
 40  -100.8092     1.1316  -180.4424     1.9084    44.0899     2.2736    35.5438     1.2057
 41  -100.8462     1.1061  -180.4741     1.8623    44.1223     2.2184    35.5062     1.1784
 42  -100.7355     1.1019  -180.3676     1.8298    44.2422     2.1782    35.3905     1.1730
 43  -100.7597     1.0771  -180.3217     1.7891    44.0989     2.1462    35.4636     1.1547
 44  -100.7899     1.0540  -180.3270     1.7480    44.3553     2.1586    35.1823     1.2606
 45  -100.7198     1.0398  -180.4955     1.7417    45.3552     2.9072    34.4210     1.9588
 46  -100.7225     1.0170  -180.5103     1.7036    45.9814     3.1069    33.8069     2.2756
 47  -100.7103     0.9954  -180.6896     1.7051    46.6290     3.3045    33.3508     2.4063
 48  -100.7757     0.9832  -180.7695     1.6769    47.0282     3.3320    32.9662     2.4781
 49  -100.9427     1.0192  -180.8390     1.6482    47.1973     3.2807    32.6996     2.4848
 50  -100.8992     1.0024  -180.9526     1.6308    47.9072     3.5141    32.1467     2.6739
 
 Mesh error is    1.861 kcal/mol
