 ERmod 0.3.8, Copyright (C) 2000-2019 Nobuyuki Matubayasi
                            2010-2019 Shun Sakuraba
 ERmod comes with ABSOLUTELY NO WARRANTY.
 This is free software, and you can redistribute it
 and/or modify it under certain conditions.
 See LICENSE file for details.
 ERmod 0.3.8, Copyright (C) 2000-2019 Nobuyuki Matubayasi
                            2010-2019 Shun Sakuraba
 ERmod comes with ABSOLUTELY NO WARRANTY.
 This is free software, and you can redistribute it
 and/or modify it under certain conditions.
 See LICENSE file for details.
 
  Number of the   1-th solvent  =          368
  Number of the   2-th solvent  =          368
  Number of the   3-th solvent  =        10000
 
  Be sure that the solvent distribution is homogeneous (radial distribution function is essentially unity) when the solvent molecule is separated beyond distance of   10.0 Angstrom in any direction from any atom within the solute molecule
 
  LJ long-range correction    =        -0.6509     -0.1232     -7.4645
 
  Self-energy of the solute   =        -0.0004  kcal/mol
 
 
 cumulative average & 95% error for solvation energy
              total             1st component         2nd component         3rd component
  1  -499.8973              -92.9902             -135.5696             -271.3372
  2  -499.9804     0.1662   -98.4929    11.0053  -133.5171     4.1049  -267.9701     6.7342
  3  -500.0535     0.1748  -100.3797     7.3901  -133.1365     2.4892  -266.5369     4.8303
  4  -500.5890     1.0782  -101.3786     5.5944  -135.5138     5.0700  -263.6963     6.6289
  5  -500.3558     0.9566  -101.6707     4.3726  -129.7144    12.2456  -268.9703    11.7314
  6  -500.4634     0.8102  -101.4449     3.5987  -126.6543    11.7229  -272.3639    11.7395
  7  -500.8736     1.0686  -101.9560     3.2086  -126.2444     9.9415  -272.6728     9.9409
  8  -501.2624     1.2087  -101.9148     2.7800  -126.1876     8.6104  -273.1596     8.6640
  9  -501.5452     1.2068  -102.0890     2.4763  -126.5606     7.6302  -272.8952     7.6592
 10  -501.9401     1.3374  -101.6658     2.3712  -129.8392     9.4643  -270.4347     8.4348
 11  -502.4532     1.5864  -101.7419     2.1502  -132.9489    10.5815  -267.7619     9.3159
 12  -502.6147     1.4837  -101.6549     1.9706  -133.6451     9.7594  -267.3143     8.5512
 13  -503.1655     1.7540  -101.7815     1.8303  -139.1365    14.1849  -262.2472    12.8287
 14  -503.7892     2.0476  -101.6586     1.7122  -146.9109    20.3528  -255.2192    18.4020
 15  -504.1431     2.0334  -101.5763     1.6025  -151.7852    21.3082  -250.7813    19.2941
 16  -504.2603     1.9165  -101.7216     1.5269  -154.2082    20.5126  -248.3302    18.7019
 17  -504.7004     2.0039  -101.7177     1.4343  -159.4455    21.9313  -243.5369    20.0129
 18  -505.0089     1.9875  -101.4127     1.4835  -163.4850    22.1993  -240.1108    20.0740
 19  -505.0329     1.8806  -101.4259     1.4035  -164.7372    21.1473  -238.8695    19.1497
 20  -505.0002     1.7853  -101.5398     1.3508  -165.1576    20.0797  -238.3024    18.2024
 21  -504.8284     1.7326  -101.6980     1.3232  -163.7235    19.3137  -239.4065    17.4542
 22  -504.8655     1.6536  -101.6488     1.2655  -164.6290    18.5038  -238.5873    16.7223
 23  -504.7708     1.5914  -101.9143     1.3206  -164.1113    17.7113  -238.7448    15.9819
 24  -504.6875     1.5327  -101.9742     1.2701  -163.3563    17.0244  -239.3567    15.3503
 25  -505.0244     1.6171  -101.6087     1.4207  -166.2069    17.2958  -237.2084    15.3376
 26  -505.2795     1.6354  -101.6136     1.3650  -167.7245    16.8922  -235.9411    14.9523
 27  -505.1708     1.5886  -101.4661     1.3462  -167.2610    16.2810  -236.4433    14.4229
 28  -505.1390     1.5321  -101.5029     1.2993  -167.4358    15.6926  -236.2000    13.9068
 29  -505.2677     1.5006  -101.4172     1.2654  -168.7825    15.3795  -235.0676    13.6084
 30  -505.3269     1.4545  -101.1889     1.3049  -169.6438    14.9575  -234.4938    13.1970
 31  -505.3343     1.4069  -100.5120     1.8509  -170.4427    14.5550  -234.3793    12.7662
 32  -505.4885     1.3967  -100.2766     1.8529  -172.3608    14.6056  -232.8507    12.7333
 33  -505.5326     1.3566  -100.3212     1.7981  -172.9707    14.2085  -232.2404    12.4016
 34  -505.4669     1.3226  -100.1704     1.7702  -172.8167    13.7878  -232.4794    12.0408
 35  -505.3468     1.3065  -100.0997     1.7247  -171.8904    13.5156  -233.3563    11.8226
 36  -505.2704     1.2789   -99.7928     1.7850  -171.5669    13.1507  -233.9103    11.5428
 37  -505.2233     1.2474   -99.7560     1.7377  -171.3431    12.7982  -234.1239    11.2346
 38  -505.0634     1.2555   -99.7450     1.6915  -170.4526    12.5835  -234.8655    11.0351
 39  -504.9518     1.2431   -99.8223     1.6548  -169.5819    12.3797  -235.5472    10.8345
 40  -504.9864     1.2136   -99.8069     1.6132  -169.8765    12.0806  -235.3026    10.5715
 41  -504.9925     1.1837   -99.4326     1.7423  -170.4941    11.8468  -235.0654    10.3214
 42  -505.0601     1.1631   -99.4137     1.7007  -171.1232    11.6296  -234.5229    10.1309
 43  -505.1340     1.1453   -99.5413     1.6802  -171.5573    11.3891  -234.0351     9.9405
 44  -505.1602     1.1202   -99.6279     1.6507  -171.7366    11.1330  -233.7953     9.7238
 45  -505.0521     1.1161   -99.7885     1.6452  -170.8082    11.0400  -234.4551     9.5964
 46  -504.9601     1.1070   -99.8463     1.6132  -170.0053    10.9161  -235.1081     9.4759
 47  -504.9042     1.0890   -99.9074     1.5833  -169.5400    10.7218  -235.4564     9.2982
 48  -504.8175     1.0801   -99.9863     1.5579  -168.7407    10.6171  -236.0902     9.1903
 49  -504.7220     1.0749  -100.0477     1.5307  -168.0248    10.4963  -236.6492     9.0699
 50  -504.6692     1.0584   -99.8483     1.5519  -168.0408    10.2843  -236.7797     8.8905
 
 
 group  inft  solvation free energy     error          difference
  total solvation free energy
   1      0        -71.61382           1.17245           0.76564
   1     60        -71.87258           1.17181           0.50688
   1     80        -74.27066           1.16707          -1.89120
   1    100        -82.64767           1.15803         -10.26821
   2      0        -71.89177           1.21299           0.48769
   3      0        -72.37946           1.21372           0.00000
   4      0        -71.98261           1.22637           0.39685
   5      0        -72.95231           1.22021          -0.57285
   5     60        -73.29746           1.21937          -0.91800
   5     80        -76.26891           1.21435          -3.88945
   5    100        -84.00419           1.20731         -11.62473
 
  contribution from  1-th solvent component
   1      0        -85.69845           0.91259          -0.15539
   1     60        -85.70746           0.91256          -0.16440
   1     80        -85.79879           0.91246          -0.25573
   1    100        -86.12869           0.91257          -0.58563
   2      0        -85.45738           0.93852           0.08568
   3      0        -85.54306           0.95010           0.00000
   4      0        -85.12794           0.95570           0.41512
   5      0        -85.86698           0.96326          -0.32392
   5     60        -85.87987           0.96323          -0.33681
   5     80        -85.99516           0.96311          -0.45210
   5    100        -86.30214           0.96326          -0.75908
 
  contribution from  2-th solvent component
   1      0        -38.12743           5.12252           0.96402
   1     60        -38.12231           5.12251           0.96914
   1     80        -38.02161           5.12305           1.06985
   1    100        -37.68686           5.12535           1.40459
   2      0        -38.67332           5.15256           0.41813
   3      0        -39.09145           5.14781           0.00000
   4      0        -39.14130           5.15570          -0.04985
   5      0        -39.31851           5.14994          -0.22706
   5     60        -39.29918           5.14994          -0.20773
   5     80        -39.17522           5.15075          -0.08377
   5    100        -38.86924           5.15306           0.22221
 
  contribution from  3-th solvent component
   1      0         52.21242           3.87132          -0.04299
   1     60         51.95755           3.87220          -0.29786
   1     80         49.55010           3.87945          -2.70531
   1    100         41.16823           3.89665         -11.08718
   2      0         52.23929           3.87007          -0.01612
   3      0         52.25541           3.86985           0.00000
   4      0         52.28699           3.86889           0.03158
   5      0         52.23354           3.86951          -0.02187
   5     60         51.88195           3.87079          -0.37346
   5     80         48.90184           3.87937          -3.35357
   5    100         41.16755           3.89481         -11.08786
 
 
 group  inft   Estimated free energy: total (kcal/mol)
   1      0     -69.4651     -65.9863     -67.0040     -69.8266     -72.0319
                -70.2123     -67.9034     -68.2508     -71.9353     -71.7213
                -71.5659     -73.0364     -79.8472     -76.2142     -76.9878
                -75.1937     -80.9920     -80.0908     -71.6404     -72.6894
                -65.6298     -71.8688     -69.8796     -72.0191     -79.6767
                -78.5169     -70.4566     -70.6928     -75.7600     -69.2598
                -73.7988     -75.4520     -72.7591     -69.2751     -67.0473
                -68.1991     -68.0955     -66.6053     -68.1820     -72.1523
                -73.1540     -75.5155     -77.1025     -72.8879     -65.9214
                -65.0130     -69.6814     -67.2304     -66.9517     -69.3119
   1     60     -69.7261     -66.2474     -67.2648     -70.0863     -72.2970
                -70.4783     -68.1678     -68.5151     -72.1984     -71.9839
                -71.8274     -73.3002     -80.1039     -76.4647     -77.2418
                -75.4501     -81.2432     -80.3441     -71.8960     -72.9473
                -65.8905     -72.1257     -70.1381     -72.2793     -79.9312
                -78.7729     -70.7165     -70.9499     -76.0163     -69.5164
                -74.0561     -75.7060     -73.0145     -69.5337     -67.3083
                -68.4592     -68.3541     -66.8653     -68.4426     -72.4102
                -73.4108     -75.7718     -77.3592     -73.1460     -66.1819
                -65.2731     -69.9413     -67.4912     -67.2122     -69.5706
   1     80     -72.1276     -68.6557     -69.6781     -72.4884     -74.7543
                -72.9323     -70.6076     -70.9583     -74.6347     -74.4098
                -74.2427     -75.7343     -82.4888     -78.7931     -79.6009
                -77.8288     -83.5822     -82.7020     -74.2656     -75.3389
                -68.3016     -74.5105     -72.5355     -74.6969     -82.2968
                -81.1483     -73.1244     -73.3369     -78.3987     -71.8972
                -76.4447     -78.0632     -75.3829     -71.9286     -69.7218
                -70.8803     -70.7574     -69.2727     -70.8530     -74.7999
                -75.7980     -78.1579     -79.7499     -75.5360     -68.5933
                -67.6814     -72.3523     -69.9028     -69.6229     -71.9632
   1    100     -80.5264     -77.0324     -78.0807     -80.8664     -83.3006
                -81.4488     -79.0775     -79.4422     -83.1151     -82.8649
                -82.6683     -84.2048     -90.8526     -86.9999     -87.8884
                -86.1745     -91.8390     -91.0017     -82.5655     -83.7068
                -76.6908     -82.8549     -80.9018     -83.1370     -90.6001
                -89.4751     -81.5189     -81.6803     -86.7412     -80.2285
                -84.8031     -86.3435     -83.6586     -80.2786     -78.1253
                -79.3286     -79.1466     -77.6537     -79.2534     -83.1516
                -84.1681     -86.5074     -88.1229     -83.8801     -76.9874
                -76.0603     -80.7580     -78.2937     -78.0223     -80.3556
   2      0     -69.2056     -66.0543     -67.0862     -70.4990     -72.3758
                -70.6043     -67.6668     -68.6972     -72.6788     -71.9759
                -71.5492     -73.4664     -80.6676     -76.2391     -77.4834
                -75.4874     -81.4344     -80.8665     -72.0720     -73.0956
                -65.7993     -72.1777     -69.7888     -72.3736     -80.0036
                -78.8832     -70.8648     -71.4282     -75.9965     -69.4224
                -73.8895     -75.6352     -73.0903     -69.4137     -67.2105
                -68.7091     -68.3037     -66.6162     -68.2911     -72.3761
                -73.0528     -76.2214     -77.7156     -73.4778     -65.8390
                -64.7678     -70.0187     -67.5759     -66.9535     -69.4873
   3      0     -69.8158     -66.4955     -67.4766     -71.0316     -73.0286
                -71.2819     -68.1659     -69.0339     -73.1317     -72.5090
                -72.0263     -74.2385     -81.1295     -76.5452     -77.8769
                -76.0213     -81.9335     -81.3002     -72.5277     -73.5930
                -66.2341     -72.5846     -70.4134     -73.0364     -80.4141
                -79.5071     -71.4165     -71.8265     -76.3937     -69.8137
                -74.3308     -76.0715     -73.6368     -70.0564     -67.6981
                -68.8010     -68.5486     -67.1233     -68.8283     -73.0512
                -73.4948     -76.6502     -78.2705     -73.9210     -66.4862
                -65.2242     -70.5349     -68.0426     -67.4617     -69.9382
   4      0     -69.1700     -65.9722     -67.0499     -70.8822     -72.6953
                -70.8756     -67.4601     -68.6481     -72.7994     -72.0848
                -71.5222     -73.8915     -80.6659     -76.1910     -77.5075
                -75.7580     -81.6068     -81.1168     -72.0326     -73.1938
                -65.6963     -72.2909     -70.1166     -72.6886     -79.9366
                -79.2266     -70.9163     -71.3982     -76.1304     -69.4480
                -73.9888     -75.6228     -73.2655     -69.6953     -67.2717
                -68.6073     -68.2442     -66.6286     -68.4491     -72.4861
                -73.0347     -76.2113     -78.0011     -73.7746     -65.9676
                -64.7392     -70.0526     -67.5821     -67.0351     -69.5008
   5      0     -70.1808     -66.9460     -68.1106     -71.6737     -73.9349
                -72.0560     -68.2946     -69.6763     -73.7416     -73.1854
                -72.4238     -74.9571     -81.4686     -77.0170     -78.3966
                -76.6519     -82.5767     -82.0226     -72.9155     -74.2432
                -66.8059     -73.2506     -71.0442     -73.4967     -80.7145
                -80.0065     -72.0145     -72.4320     -77.2652     -70.2269
                -74.8257     -76.5777     -74.2955     -70.6661     -68.3099
                -69.4032     -69.0272     -67.5974     -69.3635     -73.6024
                -74.1089     -77.1256     -79.0540     -74.8994     -67.0041
                -65.5744     -71.3683     -68.7565     -68.0724     -70.2537
   5     60     -70.5275     -67.2927     -68.4586     -72.0194     -74.2910
                -72.4124     -68.6484     -70.0307     -74.0944     -73.5369
                -72.7730     -75.3096     -81.8119     -77.3499     -78.7347
                -76.9933     -82.9113     -82.3601     -73.2552     -74.5871
                -67.1538     -73.5933     -71.3894     -73.8443     -81.0530
                -80.3469     -72.3607     -72.7748     -77.6068     -70.5691
                -75.1692     -76.9154     -74.6351     -71.0106     -68.6578
                -69.7515     -69.3722     -67.9444     -69.7110     -73.9462
                -74.4519     -77.4680     -79.3976     -75.2431     -67.3512
                -65.9214     -71.7149     -69.1039     -68.4198     -70.5976
   5     80     -73.5014     -70.2724     -71.4452     -74.9975     -77.3366
                -75.4520     -71.6696     -73.0551     -77.1134     -76.5440
                -75.7645     -78.3268     -84.7708     -80.2380     -81.6614
                -79.9423     -85.8163     -85.2848     -76.1909     -77.5500
                -70.1380     -76.5507     -74.3597     -76.8410     -83.9854
                -83.2922     -75.3434     -75.7336     -80.5584     -73.5211
                -78.1301     -79.8396     -77.5695     -73.9773     -71.6460
                -72.7522     -72.3500     -70.9248     -72.6948     -76.9094
                -77.4089     -80.4264     -82.3617     -78.2048     -70.3359
                -68.9017     -74.7005     -72.0883     -71.4041     -73.5624
   5    100     -81.2602     -77.9978     -79.1955     -82.7372     -85.2340
                -83.3166     -79.4852     -80.8790     -84.9438     -84.3507
                -83.5405     -86.1522     -92.5021     -87.8177     -89.3226
                -87.6493     -93.4485     -92.9536     -83.8557     -85.2782
                -77.8808     -84.2610     -82.0844     -84.6383     -91.6502
                -90.9842     -83.0965     -83.4381     -88.2571     -81.2138
                -85.8503     -87.4856     -85.2121     -81.6891     -79.3999
                -80.5568     -80.0969     -78.6603     -80.4473     -84.6275
                -85.1346     -88.1363     -90.0972     -85.9134     -78.0841
                -76.6337     -82.4585     -79.8355     -79.1539     -81.3118
 
 group  inft   Estimated free energy: 1-th solvent contribution (kcal/mol)
   1      0     -81.6573     -88.7501     -88.4055     -89.3609     -88.2559
                -87.2881     -85.7393     -86.4719     -88.6280     -83.3275
                -84.9418     -86.3457     -87.8385     -83.7529     -85.3980
                -88.1481     -86.9673     -84.6777     -87.6130     -87.6101
                -87.8659     -85.5551     -90.2737     -87.7776     -81.8156
                -86.7022     -85.2285     -87.5306     -84.8542     -79.7596
                -79.1626     -80.9847     -87.7481     -84.0082     -85.6623
                -76.7877     -81.6508     -86.7607     -88.5113     -85.3426
                -78.5623     -85.8720     -89.4195     -87.6505     -89.9495
                -86.6032     -87.2888     -87.9584     -87.9476     -78.5109
   1     60     -81.6664     -88.7591     -88.4145     -89.3699     -88.2648
                -87.2972     -85.7484     -86.4811     -88.6369     -83.3367
                -84.9510     -86.3548     -87.8473     -83.7619     -85.4069
                -88.1571     -86.9761     -84.6865     -87.6218     -87.6190
                -87.8749     -85.5641     -90.2826     -87.7867     -81.8247
                -86.7111     -85.2375     -87.5395     -84.8634     -79.7687
                -79.1716     -80.9938     -87.7570     -84.0172     -85.6713
                -76.7970     -81.6600     -86.7696     -88.5202     -85.3516
                -78.5715     -85.8809     -89.4284     -87.6592     -89.9584
                -86.6123     -87.2977     -87.9675     -87.9566     -78.5203
   1     80     -81.7567     -88.8503     -88.5065     -89.4618     -88.3561
                -87.3898     -85.8410     -86.5744     -88.7275     -83.4289
                -85.0435     -86.4474     -87.9368     -83.8522     -85.4967
                -88.2485     -87.0653     -84.7766     -87.7115     -87.7096
                -87.9659     -85.6547     -90.3737     -87.8792     -81.9164
                -86.8011     -85.3288     -87.6294     -84.9561     -79.8599
                -79.2623     -81.0857     -87.8469     -84.1086     -85.7637
                -76.8896     -81.7529     -86.8601     -88.6112     -85.4429
                -78.6641     -85.9715     -89.5188     -87.7484     -90.0500
                -86.7048     -87.3891     -88.0601     -88.0484     -78.6146
   1    100     -82.0808     -89.1816     -88.8390     -89.7956     -88.6862
                -87.7247     -86.1721     -86.9093     -89.0560     -83.7606
                -85.3752     -86.7811     -88.2632     -84.1782     -85.8210
                -88.5809     -87.3910     -85.1029     -88.0394     -88.0380
                -88.2941     -85.9819     -90.7031     -88.2129     -82.2468
                -87.1279     -85.6589     -87.9562     -85.2903     -80.1875
                -79.5874     -81.4164     -88.1743     -84.4379     -86.0972
                -77.2166     -82.0848     -87.1879     -88.9432     -85.7727
                -78.9953     -86.2992     -89.8476     -88.0717     -90.3831
                -87.0371     -87.7198     -88.3929     -88.3821     -78.9508
   2      0     -81.3193     -88.6243     -88.1964     -89.2737     -88.0782
                -87.0796     -85.2863     -86.2397     -88.4779     -82.8517
                -84.5471     -86.1362     -87.6143     -83.3372     -85.1398
                -88.0178     -86.7479     -84.5741     -87.4278     -87.4180
                -87.6717     -85.3218     -90.1435     -87.6470     -81.4579
                -86.5339     -85.0804     -87.3447     -84.5842     -79.1786
                -78.7924     -80.6384     -87.6066     -83.8499     -85.4988
                -76.3214     -81.1823     -86.6269     -88.3573     -85.1037
                -78.2060     -85.7587     -89.2604     -87.5042     -89.7558
                -86.3276     -87.0364     -87.8278     -87.7435     -78.1195
   3      0     -81.4461     -88.7495     -88.3003     -89.4068     -88.2099
                -87.2115     -85.2971     -86.2788     -88.6390     -82.8833
                -84.5914     -86.2463     -87.6938     -83.3885     -85.1939
                -88.1090     -86.8175     -84.6670     -87.6149     -87.5609
                -87.7817     -85.3297     -90.2414     -87.7024     -81.4362
                -86.6123     -85.2182     -87.4578     -84.6695     -79.1997
                -78.8281     -80.6966     -87.7432     -83.9771     -85.6390
                -76.2734     -81.0937     -86.7569     -88.4530     -85.2436
                -78.2079     -85.8769     -89.4133     -87.5790     -89.9170
                -86.3809     -87.1795     -87.9667     -87.8491     -78.1233
   4      0     -80.8708     -88.3148     -87.9075     -89.0082     -87.8905
                -86.7692     -84.7521     -85.8485     -88.1464     -82.4412
                -84.0842     -85.8184     -87.2782     -82.8994     -84.9698
                -87.7303     -86.5457     -84.2013     -87.0924     -87.0899
                -87.2603     -85.0437     -89.9864     -87.5225     -80.9766
                -86.2127     -84.8207     -87.0309     -84.3046     -78.7212
                -78.4311     -80.1344     -87.3629     -83.6016     -85.2093
                -75.8779     -80.6951     -86.3647     -88.0698     -84.7442
                -77.7613     -85.4865     -88.9588     -87.3473     -89.4234
                -86.0118     -86.5930     -87.6105     -87.4700     -77.7052
   5      0     -81.6560     -89.0392     -88.7194     -89.5761     -88.7692
                -87.6009     -85.3876     -86.7041     -88.9449     -83.3153
                -84.7684     -86.6355     -87.9259     -83.5628     -85.5787
                -88.4506     -87.2357     -84.9258     -87.8169     -87.9213
                -88.1641     -85.7171     -90.5557     -87.9910     -81.6191
                -86.9175     -85.6753     -87.8750     -85.1351     -79.3548
                -79.1055     -80.9126     -88.0875     -84.2969     -86.0100
                -76.4981     -81.2686     -87.0879     -88.7673     -85.5703
                -78.6175     -86.1897     -89.8184     -88.1960     -90.2103
                -86.5844     -87.6182     -88.4273     -88.3058     -78.2378
   5     60     -81.6690     -89.0520     -88.7323     -89.5890     -88.7822
                -87.6140     -85.4008     -86.7172     -88.9577     -83.3283
                -84.7815     -86.6486     -87.9385     -83.5756     -85.5914
                -88.4633     -87.2482     -84.9384     -87.8295     -87.9340
                -88.1770     -85.7300     -90.5686     -88.0039     -81.6319
                -86.9302     -85.6882     -87.8877     -85.1481     -79.3678
                -79.1185     -80.9255     -88.1002     -84.3098     -86.0230
                -76.5114     -81.2816     -87.1007     -88.7800     -85.5832
                -78.6306     -86.2025     -89.8312     -88.2086     -90.2232
                -86.5974     -87.6310     -88.4404     -88.3188     -78.2510
   5     80     -81.7842     -89.1669     -88.8483     -89.7048     -88.8978
                -87.7299     -85.5178     -86.8339     -89.0720     -83.4441
                -84.8979     -86.7649     -88.0519     -83.6905     -85.7060
                -88.5781     -87.3608     -85.0518     -87.9433     -88.0487
                -88.2919     -85.8450     -90.6838     -88.1196     -81.7463
                -87.0441     -85.8039     -88.0017     -85.2646     -79.4831
                -79.2341     -81.0413     -88.2141     -84.4248     -86.1395
                -76.6290     -81.3981     -87.2156     -88.8944     -85.6985
                -78.7467     -86.3172     -89.9456     -88.3219     -90.3389
                -86.7142     -87.7456     -88.5576     -88.4348     -78.3686
   5    100     -82.0894     -89.4749     -89.1576     -90.0152     -89.2059
                -88.0387     -85.8263     -87.1425     -89.3774     -83.7504
                -85.2050     -87.0735     -88.3568     -83.9960     -86.0112
                -88.8856     -87.6635     -85.3550     -88.2501     -88.3554
                -88.5976     -86.1514     -90.9914     -88.4272     -82.0499
                -87.3491     -86.1129     -88.3073     -85.5737     -79.7881
                -79.5397     -81.3481     -88.5201     -84.7305     -86.4498
                -76.9356     -81.7043     -87.5227     -89.2017     -86.0058
                -79.0526     -86.6236     -90.2527     -88.6250     -90.6492
                -87.0233     -88.0512     -88.8689     -88.7455     -78.6775
 
 group  inft   Estimated free energy: 2-th solvent contribution (kcal/mol)
   1      0     -21.3920     -17.5574     -19.3884     -24.9951     -11.9314
                -11.8685     -17.6772     -16.7596     -20.8598     -36.2480
                -36.9232     -27.6990     -59.6700     -75.3426     -64.5198
                -50.1487     -75.6681     -71.0734     -45.0097     -41.6811
                -19.7380     -45.6600     -29.9093     -29.4057     -71.9994
                -58.4049     -32.3124     -38.8763     -57.6294     -49.8340
                -50.0779     -68.9046     -48.2291     -36.6892     -22.6441
                -37.0058     -36.7358     -20.9787     -20.8748     -44.3300
                -51.5082     -52.8671     -50.4631     -44.0961     -16.9855
                -19.1064     -28.7282     -18.6079     -19.1609     -38.1958
   1     60     -21.3871     -17.5522     -19.3835     -24.9897     -11.9272
                -11.8639     -17.6720     -16.7540     -20.8544     -36.2433
                -36.9178     -27.6943     -59.6654     -75.3371     -64.5147
                -50.1442     -75.6631     -71.0686     -45.0044     -41.6765
                -19.7327     -45.6545     -29.9038     -29.4009     -71.9941
                -58.4000     -32.3075     -38.8707     -57.6241     -49.8286
                -50.0724     -68.8995     -48.2235     -36.6840     -22.6392
                -37.0011     -36.7306     -20.9735     -20.8697     -44.3248
                -51.5025     -52.8616     -50.4580     -44.0911     -16.9802
                -19.1011     -28.7233     -18.6027     -19.1559     -38.1908
   1     80     -21.2836     -17.4420     -19.2783     -24.8846     -11.8402
                -11.7646     -17.5687     -16.6506     -20.7588     -36.1494
                -36.8171     -27.5983     -59.5765     -75.2307     -64.4184
                -50.0487     -75.5674     -70.9754     -44.8967     -41.5803
                -19.6259     -45.5530     -29.8010     -29.3044     -71.8971
                -58.3041     -32.2073     -38.7683     -57.5257     -49.7245
                -49.9706     -68.7991     -48.1137     -36.5785     -22.5337
                -36.9123     -36.6328     -20.8657     -20.7656     -44.2231
                -51.4027     -52.7627     -50.3659     -43.9897     -16.8714
                -18.9928     -28.6237     -18.4965     -19.0491     -38.0892
   1    100     -20.9321     -17.0638     -18.9235     -24.5323     -11.5662
                -11.4361     -17.2238     -16.3097     -20.4537     -35.8449
                -36.4855     -27.2858     -59.2948     -74.8701     -64.1004
                -49.7307     -75.2562     -70.6736     -44.5311     -41.2616
                -19.2642     -45.2180     -29.4591     -28.9888     -71.5772
                -57.9918     -31.8723     -38.4265     -57.2023     -49.3750
                -49.6308     -68.4627     -47.7374     -36.2225     -22.1760
                -36.6309     -36.3119     -20.4986     -20.4138     -43.8835
                -51.0739     -52.4374     -50.0712     -43.6485     -16.5016
                -18.6257     -28.2930     -18.1368     -18.6862     -37.7493
   2      0     -21.5077     -17.7723     -19.7286     -25.7739     -12.4858
                -12.4927     -17.9190     -17.4623     -21.7935     -36.9807
                -37.3313     -28.3685     -60.7469     -75.7878     -65.2873
                -50.5963     -76.3430     -71.9656     -45.6359     -42.3106
                -20.1345     -46.2300     -29.9908     -29.9161     -72.7087
                -58.9574     -32.9037     -39.8263     -58.1553     -50.6051
                -50.5882     -69.4647     -48.7141     -37.0244     -22.9811
                -38.0369     -37.4275     -21.1596     -21.1545     -44.8361
                -51.7787     -53.7189     -51.2623     -44.8497     -17.1196
                -19.1704     -29.3408     -19.1282     -19.4120     -38.7804
   3      0     -22.0102     -18.0976     -20.0332     -26.1908     -13.0218
                -13.0506     -18.4271     -17.7945     -22.0917     -37.4971
                -37.7815     -29.0339     -61.1474     -76.0539     -65.6562
                -51.0469     -76.7760     -72.3255     -45.9317     -42.6962
                -20.4522     -46.6558     -30.5365     -30.5366     -73.1445
                -59.5233     -33.3384     -40.1228     -58.5149     -50.9927
                -50.9876     -69.8484     -49.1403     -37.5638     -23.3428
                -38.2010     -37.7861     -21.5383     -21.6264     -45.3753
                -52.2356     -54.0352     -51.6532     -45.2428     -17.6353
                -19.5966     -29.7488     -19.4706     -19.8278     -39.2355
   4      0     -21.9679     -18.0625     -20.0420     -26.4775     -13.0231
                -13.1313     -18.2754     -17.8688     -22.2836     -37.5393
                -37.8205     -29.1540     -61.1213     -76.1994     -65.5200
                -51.1787     -76.7398     -72.6381     -45.9946     -42.7915
                -20.4952     -46.6673     -30.5139     -30.3970     -73.1657
                -59.6700     -33.2611     -40.1839     -58.6169     -51.1511
                -51.1004     -70.0136     -49.1835     -37.6054     -23.3631
                -38.4336     -37.9276     -21.4889     -21.6587     -45.3444
                -52.2472     -54.0225     -51.8496     -45.3430     -17.6486
                -19.4866     -29.8911     -19.4303     -19.8108     -39.2648
   5      0     -22.1329     -18.2574     -20.2323     -26.6484     -13.3373
                -13.4292     -18.4330     -17.9872     -22.3967     -37.7134
                -38.0031     -29.3619     -61.2357     -76.3314     -65.7579
                -51.3193     -76.9654     -72.7471     -46.0833     -42.9287
                -20.6360     -46.9031     -30.8360     -30.6657     -73.2558
                -59.7023     -33.4498     -40.3132     -58.8929     -51.2460
                -51.2287     -70.1359     -49.4336     -37.8109     -23.5277
                -38.5395     -38.1022     -21.6441     -21.8288     -45.5816
                -52.4169     -54.1583     -51.9756     -45.5789     -17.8153
                -19.6932     -30.1134     -19.7299     -19.9804     -39.4281
   5     60     -22.1138     -18.2370     -20.2131     -26.6285     -13.3205
                -13.4105     -18.4130     -17.9673     -22.3775     -37.6947
                -37.9834     -29.3428     -61.2176     -76.3111     -65.7390
                -51.3011     -76.9466     -72.7285     -46.0630     -42.9104
                -20.6164     -46.8834     -30.8168     -30.6470     -73.2361
                -59.6828     -33.4305     -40.2932     -58.8733     -51.2259
                -51.2093     -70.1163     -49.4124     -37.7911     -23.5084
                -38.5218     -38.0829     -21.6244     -21.8097     -45.5625
                -52.3974     -54.1387     -51.9574     -45.5594     -17.7952
                -19.6733     -30.0942     -19.7104     -19.9608     -39.4088
   5     80     -21.9848     -18.0985     -20.0817     -26.5002     -13.2162
                -13.2899     -18.2852     -17.8397     -22.2614     -37.5809
                -37.8598     -29.2274     -61.1110     -76.1786     -65.6212
                -51.1830     -76.8309     -72.6154     -45.9291     -42.7921
                -20.4828     -46.7598     -30.6900     -30.5307     -73.1166
                -59.5660     -33.3070     -40.1671     -58.7521     -51.0977
                -51.0831     -69.9925     -49.2768     -37.6613     -23.3765
                -38.4136     -37.9637     -21.4891     -21.6800     -45.4384
                -52.2739     -54.0173     -51.8450     -45.4346     -17.6595
                -19.5378     -29.9719     -19.5785     -19.8270     -39.2841
   5    100     -21.6605     -17.7462     -19.7530     -26.1823     -12.9739
                -12.9947     -17.9668     -17.5266     -21.9864     -37.3073
                -37.5566     -28.9487     -60.8589     -75.8432     -65.3322
                -50.8919     -76.5509     -72.3427     -45.5911     -42.5009
                -20.1472     -46.4570     -30.3784     -30.2489     -72.8227
                -59.2820     -33.0007     -39.8550     -58.4551     -50.7775
                -50.7706     -69.6831     -48.9308     -37.3372     -23.0447
                -38.1582     -37.6743     -21.1474     -21.3562     -45.1321
                -51.9707     -53.7194     -51.5771     -45.1234     -17.3175
                -19.1976     -29.6708     -19.2477     -19.4898     -38.9746
 
 group  inft   Estimated free energy: 3-th solvent contribution (kcal/mol)
   1      0      33.5846      40.3216      40.7903      44.5298      28.1558
                 28.9446      35.5134      34.9811      37.5529      47.8545
                 50.2993      41.0086      67.6617      82.8817      72.9304
                 63.1035      81.6438      75.6606      60.9827      56.6022
                 41.9746      59.3467      50.3037      45.1646      74.1386
                 66.5906      47.0847      55.7145      66.7239      60.3342
                 55.4419      74.4377      63.2185      51.4227      41.2594
                 45.5948      50.2914      41.1344      41.2044      57.5207
                 56.9168      63.2239      62.7805      58.8590      41.0140
                 40.6970      46.3359      39.3362      40.1572      47.3952
   1     60      33.3277      40.0642      40.5335      44.2737      27.8953
                 28.6831      35.2529      34.7204      37.2933      47.5964
                 50.0418      40.7493      67.4091      82.6346      72.6801
                 62.8515      81.3963      75.4114      60.7306      56.3486
                 41.7175      59.0932      50.0486      44.9087      73.8880
                 66.3386      46.8288      55.4606      66.4715      60.0813
                 55.1883      74.1877      62.9664      51.1679      41.0025
                 45.3392      50.0368      40.8781      40.9477      57.2666
                 56.6636      62.9710      62.5276      58.6047      40.7571
                 40.4406      46.0801      39.0794      39.9006      47.1409
   1     80      30.9130      37.6369      38.1070      41.8583      25.4424
                 26.2224      32.8025      32.2670      34.8520      45.1690
                 47.6183      38.3117      65.0248      80.2902      70.3146
                 60.4687      79.0508      73.0504      58.3430      53.9514
                 39.2905      56.6975      47.6395      42.4871      71.5171
                 63.9573      44.4120      53.0612      64.0835      57.6875
                 52.7885      71.8220      60.5781      48.7588      38.5760
                 42.9220      47.6287      38.4534      38.5242      54.8665
                 54.2692      60.5767      60.1351      56.2024      38.3284
                 38.0166      43.6609      36.6541      37.4749      44.7409
   1    100      22.4867      29.2134      29.6822      33.4619      16.9521
                 17.7123      24.3188      23.7772      26.3949      36.7410
                 39.1928      29.8624      56.7057      72.0488      62.0334
                 52.1375      70.8085      64.7752      50.0054      45.5932
                 30.8679      48.3453      39.2608      34.0651      63.2242
                 55.6449      36.0127      44.7028      55.7517      49.3344
                 44.4155      63.5360      52.2535      40.3822      30.1482
                 34.5193      39.2505      30.0332      30.1040      46.5050
                 45.9014      52.2296      51.7963      47.8404      29.8976
                 29.6028      35.2552      28.2364      29.0463      36.3449
   2      0      33.6218      40.3427      40.8392      44.5490      28.1886
                 28.9683      35.5389      35.0051      37.5930      47.8568
                 50.3297      41.0386      67.6941      82.8863      72.9441
                 63.1271      81.6569      75.6735      60.9921      56.6334
                 42.0073      59.3745      50.3458      45.1900      74.1634
                 66.6084      47.1196      55.7431      66.7434      60.3617
                 55.4915      74.4683      63.2308      51.4609      41.2698
                 45.6496      50.3065      41.1707      41.2211      57.5641
                 56.9323      63.2566      62.8075      58.8765      41.0368
                 40.7306      46.3589      39.3805      40.2024      47.4129
   3      0      33.6408      40.3519      40.8573      44.5664      28.2035
                 28.9806      35.5587      35.0397      37.5994      47.8717
                 50.3470      41.0421      67.7121      82.8976      72.9736
                 63.1350      81.6603      75.6926      61.0194      56.6645
                 42.0002      59.4013      50.3649      45.2030      74.1670
                 66.6288      47.1404      55.7545      66.7911      60.3790
                 55.4853      74.4738      63.2470      51.4848      41.2841
                 45.6738      50.3316      41.1722      41.2514      57.5680
                 56.9490      63.2623      62.7964      58.9012      41.0663
                 40.7537      46.3937      39.3951      40.2156      47.4209
   4      0      33.6690      40.4055      40.9000      44.6037      28.2186
                 29.0252      35.5677      35.0696      37.6309      47.8959
                 50.3828      41.0813      67.7340      82.9081      72.9826
                 63.1513      81.6791      75.7230      61.0548      56.6880
                 42.0595      59.4205      50.3840      45.2312      74.2061
                 66.6565      47.1659      55.8171      66.7914      60.4247
                 55.5431      74.5256      63.2812      51.5121      41.3011
                 45.7045      50.3789      41.2254      41.2798      57.6030
                 56.9742      63.2981      62.8077      58.9160      41.1047
                 40.7595      46.4319      39.4591      40.2461      47.4696
   5      0      33.6085      40.3510      40.8414      44.5512      28.1720
                 28.9745      35.5263      35.0153      37.6003      47.8437
                 50.3481      41.0407      67.6933      82.8775      72.9404
                 63.1183      81.6248      75.6506      60.9851      56.6071
                 41.9946      59.3700      50.3479      45.1604      74.1608
                 66.6137      47.1110      55.7565      66.7631      60.3743
                 55.5089      74.4711      63.2259      51.4421      41.2282
                 45.6348      50.3439      41.1349      41.2330      57.5499
                 56.9258      63.2228      62.7404      58.8759      41.0219
                 40.7036      46.3637      39.4011      40.2142      47.4125
   5     60      33.2558      39.9966      40.4871      44.1984      27.8120
                 28.6124      35.1658      34.6542      37.2411      47.4865
                 49.9923      40.6822      67.3446      82.5372      72.5961
                 62.7714      81.2839      75.3072      60.6377      56.2577
                 41.6400      59.0204      49.9963      44.8069      73.8153
                 66.2664      46.7582      55.4064      66.4150      60.0250
                 55.1590      74.1268      62.8779      51.0906      40.8739
                 45.2821      49.9927      40.7810      40.8791      57.1998
                 56.5764      62.8735      62.3913      58.5253      40.6676
                 40.3497      46.0107      39.0472      39.8601      47.0625
   5     80      30.2680      36.9935      37.4851      41.2079      24.7777
                 25.5682      32.1338      31.6189      34.2203      44.4815
                 46.9935      37.6659      64.3924      79.6314      69.6661
                 59.8191      78.3757      72.3828      57.6818      53.2911
                 38.6371      56.0544      47.0144      41.8096      70.8779
                 63.3181      43.7679      52.4357      63.4586      57.0600
                 52.1874      71.1945      59.9217      48.1091      37.8704
                 42.2907      47.0123      37.7802      37.8799      54.2279
                 53.6120      59.9085      59.4293      55.5520      37.6628
                 37.3507      43.0174      36.0481      36.8581      44.0906
   5    100      22.4901      29.2236      29.7154      33.4606      16.9461
                 17.7172      24.3082      23.7905      26.4203      36.7074
                 39.2215      29.8703      56.7140      72.0220      62.0212
                 52.1286      70.7662      64.7445      49.9858      45.5785
                 30.8643      48.3477      39.2856      34.0382      63.2229
                 55.6473      36.0176      44.7246      55.7720      49.3522
                 44.4604      63.5459      52.2391      40.3789      30.0950
                 34.5374      39.2821      30.0101      30.1109      46.5108
                 45.8891      52.2070      51.7329      47.8355      29.8829
                 29.5876      35.2638      28.2814      29.0818      36.3405
 
 
 cumulative average & 95% error for solvation free energy
              total             1st component         2nd component         3rd component
  1   -69.8158              -81.4461              -22.0102               33.6408
  2   -68.1557     3.3203   -85.0978     7.3034   -20.0539     3.9126    36.9964     6.7111
  3   -67.9293     1.9697   -86.1653     4.7263   -20.0470     2.2590    38.2833     4.6517
  4   -68.7049     2.0847   -86.9757     3.7143   -21.5830     3.4624    39.8541     4.5484
  5   -69.5696     2.3661   -87.2225     2.9191   -19.8707     4.3497    37.5240     5.8422
  6   -69.8550     2.0145   -87.2207     2.3834   -18.7340     4.2168    36.1001     5.5555
  7   -69.6137     1.7696   -86.9459     2.0880   -18.6902     3.5649    36.0227     4.6978
  8   -69.5412     1.5394   -86.8625     1.8159   -18.5782     3.0954    35.8999     4.0758
  9   -69.9402     1.5747   -87.0599     1.6495   -18.9686     2.8394    36.0887     3.6143
 10   -70.1971     1.4992   -86.6422     1.6954   -20.8215     4.4924    37.2670     4.0005
 11   -70.3633     1.3963   -86.4558     1.5782   -22.3633     5.1011    38.4561     4.3301
 12   -70.6863     1.4289   -86.4383     1.4411   -22.9192     4.7875    38.6716     3.9763
 13   -71.4896     2.0758   -86.5349     1.3396   -25.8598     7.3473    40.9055     5.7740
 14   -71.8507     2.0531   -86.3102     1.3192   -29.4451     9.8838    43.9049     8.0351
 15   -72.2525     2.0733   -86.2357     1.2371   -31.8592    10.3911    45.8428     8.4248
 16   -72.4880     1.9958   -86.3528     1.1806   -33.0584    10.0115    46.9236     8.1717
 17   -73.0436     2.1793   -86.3802     1.1104   -35.6300    10.7187    48.9669     8.6961
 18   -73.5023     2.2502   -86.2850     1.0640   -37.6687    10.8972    50.4517     8.7199
 19   -73.4510     2.1309   -86.3550     1.0162   -38.1036    10.3444    51.0079     8.3229
 20   -73.4581     2.0216   -86.4153     0.9715   -38.3332     9.8243    51.2907     7.9160
 21   -73.1141     2.0423   -86.4803     0.9332   -37.4817     9.4987    50.8483     7.5815
 22   -73.0901     1.9479   -86.4280     0.8959   -37.8987     9.0949    51.2371     7.2703
 23   -72.9737     1.8758   -86.5938     0.9181   -37.5786     8.7141    51.1992     6.9475
 24   -72.9763     1.7959   -86.6400     0.8838   -37.2852     8.3637    50.9493     6.6704
 25   -73.2738     1.8225   -86.4319     0.9444   -38.7196     8.5197    51.8780     6.6622
 26   -73.5135     1.8154   -86.4388     0.9075   -39.5197     8.3404    52.4454     6.5006
 27   -73.4359     1.7538   -86.3936     0.8779   -39.2908     8.0386    52.2489     6.2676
 28   -73.3784     1.6939   -86.4316     0.8494   -39.3205     7.7464    52.3741     6.0448
 29   -73.4824     1.6476   -86.3709     0.8285   -39.9824     7.5909    52.8712     5.9167
 30   -73.3601     1.6104   -86.1318     0.9323   -40.3494     7.3701    53.1215     5.7380
 31   -73.3914     1.5589   -85.8962     1.0174   -40.6926     7.1614    53.1977     5.5519
 32   -73.4752     1.5186   -85.7337     1.0374   -41.6037     7.1694    53.8626     5.5376
 33   -73.4801     1.4719   -85.7946     1.0128   -41.8321     6.9638    54.1470     5.3973
 34   -73.3794     1.4421   -85.7412     0.9883   -41.7065     6.7605    54.0687     5.2385
 35   -73.2170     1.4374   -85.7382     0.9597   -41.1818     6.6478    53.7034     5.1388
 36   -73.0944     1.4183   -85.4753     1.0707   -41.0990     6.4627    53.4804     5.0139
 37   -72.9715     1.4012   -85.3569     1.0679   -41.0095     6.2881    53.3953     4.8795
 38   -72.8176     1.3981   -85.3938     1.0421   -40.4971     6.2056    53.0736     4.7927
 39   -72.7153     1.3771   -85.4722     1.0270   -40.0132     6.1214    52.7705     4.7074
 40   -72.7237     1.3423   -85.4665     1.0011   -40.1473     5.9724    52.8904     4.5945
 41   -72.7425     1.3097   -85.2894     1.0386   -40.4421     5.8547    52.9894     4.4854
 42   -72.8356     1.2916   -85.3034     1.0140   -40.7658     5.7501    53.2340     4.4045
 43   -72.9620     1.2863   -85.3990     1.0084   -41.0190     5.6376    53.4564     4.3238
 44   -72.9838     1.2575   -85.4486     0.9902   -41.1150     5.5113    53.5801     4.2316
 45   -72.8394     1.2627   -85.5479     0.9881   -40.5932     5.4876    53.3020     4.1737
 46   -72.6738     1.2785   -85.5660     0.9670   -40.1367     5.4441    53.0292     4.1183
 47   -72.6283     1.2543   -85.6003     0.9487   -39.9157     5.3453    52.8881     4.0396
 48   -72.5328     1.2427   -85.6496     0.9340   -39.4898     5.3016    52.6070     3.9943
 49   -72.4293     1.2346   -85.6945     0.9191   -39.0885     5.2540    52.3541     3.9445
 50   -72.3795     1.2137   -85.5431     0.9501   -39.0915     5.1478    52.2554     3.8699
 
 Mesh error is    0.766 kcal/mol
