 ERmod 0.3.7, Copyright (C) 2000-2019 Nobuyuki Matubayasi
                            2010-2019 Shun Sakuraba
 ERmod comes with ABSOLUTELY NO WARRANTY.
 This is free software, and you can redistribute it
 and/or modify it under certain conditions.
 See LICENSE file for details.
 ERmod 0.3.7, Copyright (C) 2000-2019 Nobuyuki Matubayasi
                            2010-2019 Shun Sakuraba
 ERmod comes with ABSOLUTELY NO WARRANTY.
 This is free software, and you can redistribute it
 and/or modify it under certain conditions.
 See LICENSE file for details.
 
  Number of the   1-th solvent  =          109
  Number of the   2-th solvent  =          109
  Number of the   3-th solvent  =        10000
 
  Be sure that the solvent distribution is homogeneous (radial distribution function is essentially unity) when the solvent molecule is separated beyond distance of   10.0 Angstrom in any direction from any atom within the solute molecule
 
  LJ long-range correction    =        -0.0121     -0.0023     -0.4680
 
  Self-energy of the solute   =        -0.0002  kcal/mol
 
 
 cumulative average & 95% error for solvation energy
              total             1st component         2nd component         3rd component
  1   -31.1211               -1.2983               -7.2198              -22.6027
  2   -30.6771     0.8881    -1.5705     0.5443    -2.9292     8.5813   -26.1772     7.1489
  3   -30.6128     0.5286    -1.4543     0.3908    -2.6056     4.9965   -26.5526     4.1952
  4   -30.6815     0.3982    -1.4420     0.2774    -3.3932     3.8683   -25.8461     3.2858
  5   -30.7176     0.3168    -1.4331     0.2156    -3.4655     2.9998   -25.8188     2.5458
  6   -30.6907     0.2642    -1.2727     0.3660    -3.2579     2.4843   -26.1599     2.1877
  7   -30.6336     0.2508    -1.3198     0.3234    -2.7920     2.2971   -26.5216     1.9855
  8   -30.5666     0.2552    -1.4198     0.3441    -2.3046     2.2153   -26.8420     1.8350
  9   -30.5331     0.2348    -1.5181     0.3616    -1.9646     2.0687   -27.0502     1.6710
 10   -30.5429     0.2109    -1.3725     0.4352    -2.1643     1.8929   -27.0058     1.4972
 
 
 group  inft  solvation free energy     error          difference
  total solvation free energy
   1      0         -5.30419           0.09613           0.01149
   1     60         -5.32679           0.09616          -0.01111
   1     80         -5.51042           0.09664          -0.19473
   1    100         -6.19701           0.09875          -0.88132
   2      0         -5.31241           0.09775           0.00327
   3      0         -5.31568           0.09507           0.00000
   4      0         -5.31190           0.09413           0.00378
   5      0         -5.31351           0.09668           0.00217
   5     60         -5.34299           0.09669          -0.02731
   5     80         -5.57391           0.09700          -0.25823
   5    100         -6.20874           0.09885          -0.89306
 
  contribution from  1-th solvent component
   1      0         -1.03509           0.18882          -0.04457
   1     60         -1.03528           0.18882          -0.04476
   1     80         -1.03689           0.18877          -0.04638
   1    100         -1.04350           0.18864          -0.05298
   2      0         -1.00369           0.18918          -0.01317
   3      0         -0.99052           0.19013          -0.00000
   4      0         -0.98553           0.18849           0.00498
   5      0         -0.98086           0.19012           0.00966
   5     60         -0.98112           0.19012           0.00939
   5     80         -0.98344           0.19008           0.00708
   5    100         -0.99000           0.19000           0.00052
 
  contribution from  2-th solvent component
   1      0         -0.65543           0.91188           0.04211
   1     60         -0.65511           0.91185           0.04243
   1     80         -0.65383           0.91187           0.04371
   1    100         -0.64901           0.91215           0.04853
   2      0         -0.68197           0.91098           0.01557
   3      0         -0.69754           0.91357           0.00000
   4      0         -0.71083           0.91232          -0.01329
   5      0         -0.71862           0.91238          -0.02108
   5     60         -0.71827           0.91239          -0.02073
   5     80         -0.71687           0.91247          -0.01934
   5    100         -0.71326           0.91287          -0.01572
 
  contribution from  3-th solvent component
   1      0         -3.61346           0.91422           0.01396
   1     60         -3.63619           0.91424          -0.00878
   1     80         -3.81948           0.91484          -0.19206
   1    100         -4.50429           0.91773          -0.87687
   2      0         -3.62654           0.91570           0.00087
   3      0         -3.62741           0.91682           0.00000
   4      0         -3.61532           0.91487           0.01209
   5      0         -3.61383           0.91828           0.01359
   5     60         -3.64339           0.91831          -0.01597
   5     80         -3.87339           0.91881          -0.24597
   5    100         -4.50527           0.92141          -0.87786
 
 
 group  inft   Estimated free energy: total (kcal/mol)
   1      0      -5.1914      -5.4314      -5.1747      -5.1204      -5.0805
                 -5.4013      -5.4055      -5.5114      -5.4297      -5.2957
   1     60      -5.2138      -5.4541      -5.1974      -5.1430      -5.1031
                 -5.4240      -5.4281      -5.5341      -5.4522      -5.3181
   1     80      -5.3952      -5.6386      -5.3812      -5.3259      -5.2857
                 -5.6086      -5.6126      -5.7185      -5.6361      -5.5016
   1    100      -6.0751      -6.3293      -6.0689      -6.0063      -5.9696
                 -6.2979      -6.3028      -6.4089      -6.3241      -6.1871
   2      0      -5.2014      -5.4580      -5.1569      -5.1194      -5.1041
                 -5.4084      -5.4172      -5.5190      -5.4294      -5.3105
   3      0      -5.2034      -5.4398      -5.1585      -5.1304      -5.1245
                 -5.4171      -5.4338      -5.5212      -5.4297      -5.2984
   4      0      -5.2048      -5.4320      -5.1577      -5.1290      -5.1137
                 -5.4191      -5.4214      -5.5161      -5.4204      -5.3049
   5      0      -5.1802      -5.4325      -5.1593      -5.1331      -5.1206
                 -5.4135      -5.4231      -5.5373      -5.4264      -5.3091
   5     60      -5.2095      -5.4620      -5.1889      -5.1626      -5.1500
                 -5.4431      -5.4526      -5.5668      -5.4557      -5.3387
   5     80      -5.4387      -5.6935      -5.4202      -5.3926      -5.3806
                 -5.6749      -5.6841      -5.7979      -5.6867      -5.5698
   5    100      -6.0677      -6.3316      -6.0560      -6.0218      -6.0130
                 -6.3124      -6.3219      -6.4359      -6.3232      -6.2040
 
 group  inft   Estimated free energy: 1-th solvent contribution (kcal/mol)
   1      0      -1.0083      -1.2505      -0.8992      -1.1329      -1.0320
                 -0.6448      -1.0802      -1.4026      -1.4102      -0.4902
   1     60      -1.0085      -1.2507      -0.8995      -1.1331      -1.0322
                 -0.6450      -1.0803      -1.4028      -1.4103      -0.4904
   1     80      -1.0100      -1.2522      -0.9011      -1.1349      -1.0338
                 -0.6467      -1.0820      -1.4043      -1.4118      -0.4922
   1    100      -1.0164      -1.2586      -0.9078      -1.1419      -1.0406
                 -0.6534      -1.0886      -1.4108      -1.4179      -0.4992
   2      0      -0.9823      -1.2281      -0.8564      -1.1061      -1.0121
                 -0.6081      -1.0371      -1.3675      -1.3768      -0.4623
   3      0      -0.9698      -1.2065      -0.8364      -1.0981      -1.0005
                 -0.5970      -1.0217      -1.3554      -1.3729      -0.4468
   4      0      -0.9713      -1.2019      -0.8345      -1.0933      -0.9934
                 -0.5995      -1.0082      -1.3490      -1.3616      -0.4426
   5      0      -0.9619      -1.2005      -0.8205      -1.0934      -0.9889
                 -0.5854      -1.0071      -1.3506      -1.3581      -0.4422
   5     60      -0.9621      -1.2008      -0.8207      -1.0936      -0.9892
                 -0.5857      -1.0074      -1.3509      -1.3583      -0.4425
   5     80      -0.9643      -1.2030      -0.8231      -1.0960      -0.9915
                 -0.5881      -1.0097      -1.3532      -1.3605      -0.4449
   5    100      -0.9708      -1.2095      -0.8298      -1.1028      -0.9981
                 -0.5948      -1.0162      -1.3596      -1.3667      -0.4517
 
 group  inft   Estimated free energy: 2-th solvent contribution (kcal/mol)
   1      0      -3.1020       1.0931      -0.5097      -2.3760      -1.4067
                 -0.7092       0.3326       0.8753       0.7735      -1.5252
   1     60      -3.1016       1.0933      -0.5094      -2.3756      -1.4063
                 -0.7089       0.3328       0.8755       0.7738      -1.5249
   1     80      -3.1003       1.0949      -0.5080      -2.3743      -1.4050
                 -0.7077       0.3339       0.8768       0.7751      -1.5236
   1    100      -3.0966       1.1005      -0.5032      -2.3700      -1.4004
                 -0.7030       0.3389       0.8815       0.7807      -1.5186
   2      0      -3.1297       1.0616      -0.5261      -2.3898      -1.4365
                 -0.7416       0.2928       0.8486       0.7571      -1.5560
   3      0      -3.1446       1.0572      -0.5464      -2.4132      -1.4646
                 -0.7587       0.2709       0.8388       0.7516      -1.5664
   4      0      -3.1474       1.0457      -0.5619      -2.4235      -1.4787
                 -0.7748       0.2493       0.8232       0.7443      -1.5845
   5      0      -3.1473       1.0475      -0.5780      -2.4340      -1.4900
                 -0.7834       0.2516       0.8104       0.7319      -1.5949
   5     60      -3.1470       1.0479      -0.5777      -2.4336      -1.4897
                 -0.7830       0.2520       0.8107       0.7322      -1.5945
   5     80      -3.1458       1.0497      -0.5763      -2.4323      -1.4883
                 -0.7817       0.2534       0.8121       0.7336      -1.5933
   5    100      -3.1432       1.0549      -0.5730      -2.4293      -1.4849
                 -0.7785       0.2571       0.8160       0.7381      -1.5899
 
 group  inft   Estimated free energy: 3-th solvent contribution (kcal/mol)
   1      0      -1.0809      -5.2737      -3.7656      -1.6112      -2.6416
                 -4.0471      -4.6576      -4.9840      -4.7928      -3.2801
   1     60      -1.1035      -5.2966      -3.7884      -1.6340      -2.6644
                 -4.0699      -4.6804      -5.0067      -4.8155      -3.3027
   1     80      -1.2847      -5.4811      -3.9719      -1.8165      -2.8468
                 -4.2540      -4.8643      -5.1907      -4.9992      -3.4856
   1    100      -1.9619      -6.1710      -4.6577      -2.4942      -3.5284
                 -4.9414      -5.5529      -5.8794      -5.6868      -4.1691
   2      0      -1.0892      -5.2913      -3.7742      -1.6233      -2.6552
                 -4.0585      -4.6726      -4.9998      -4.8095      -3.2919
   3      0      -1.0888      -5.2902      -3.7755      -1.6188      -2.6592
                 -4.0612      -4.6828      -5.0044      -4.8082      -3.2850
   4      0      -1.0859      -5.2755      -3.7611      -1.6119      -2.6414
                 -4.0446      -4.6623      -4.9900      -4.8029      -3.2777
   5      0      -1.0708      -5.2792      -3.7606      -1.6056      -2.6414
                 -4.0445      -4.6674      -4.9969      -4.8000      -3.2719
   5     60      -1.1002      -5.3089      -3.7903      -1.6351      -2.6710
                 -4.0742      -4.6970      -5.0263      -4.8294      -3.3015
   5     80      -1.3284      -5.5400      -4.0205      -1.8641      -2.9007
                 -4.3050      -4.9276      -5.2566      -5.0596      -3.5314
   5    100      -1.9535      -6.1768      -4.6530      -2.4895      -3.5298
                 -4.9389      -5.5626      -5.8921      -5.6943      -4.1623
 
 
 cumulative average & 95% error for solvation free energy
              total             1st component         2nd component         3rd component
  1    -5.2034               -0.9698               -3.1446               -1.0888
  2    -5.3216     0.2363    -1.0881     0.2367    -1.0437     4.2017    -3.1895     4.2014
  3    -5.2672     0.1745    -1.0042     0.2164    -0.8779     2.4484    -3.3848     2.4569
  4    -5.2330     0.1411    -1.0277     0.1601    -1.2618     1.8938    -2.9433     1.9488
  5    -5.2113     0.1176    -1.0223     0.1245    -1.3023     1.4692    -2.8865     1.5138
  6    -5.2456     0.1180    -0.9514     0.1744    -1.2117     1.2132    -3.0823     1.2966
  7    -5.2725     0.1133    -0.9614     0.1488    -0.9999     1.1094    -3.3109     1.1874
  8    -5.3036     0.1162    -1.0107     0.1622    -0.7701     1.0651    -3.5226     1.1121
  9    -5.3176     0.1062    -1.0509     0.1641    -0.6010     0.9983    -3.6655     1.0215
 10    -5.3157     0.0951    -0.9905     0.1901    -0.6975     0.9136    -3.6274     0.9168
