 ERmod 0.3.8, Copyright (C) 2000-2019 Nobuyuki Matubayasi
                            2010-2019 Shun Sakuraba
 ERmod comes with ABSOLUTELY NO WARRANTY.
 This is free software, and you can redistribute it
 and/or modify it under certain conditions.
 See LICENSE file for details.
 ERmod 0.3.8, Copyright (C) 2000-2019 Nobuyuki Matubayasi
                            2010-2019 Shun Sakuraba
 ERmod comes with ABSOLUTELY NO WARRANTY.
 This is free software, and you can redistribute it
 and/or modify it under certain conditions.
 See LICENSE file for details.
 
  Number of the   1-th solvent  =          792
  Number of the   2-th solvent  =          792
  Number of the   3-th solvent  =        10000
 
  Be sure that the solvent distribution is homogeneous (radial distribution function is essentially unity) when the solvent molecule is separated beyond distance of   10.0 Angstrom in any direction from any atom within the solute molecule
 
  LJ long-range correction    =        -1.3175     -0.2494     -7.0203
 
  Self-energy of the solute   =        -0.0040  kcal/mol
 
 
 cumulative average & 95% error for solvation energy
              total             1st component         2nd component         3rd component
  1  -546.5239             -212.9603              -94.7194             -238.8402
  2  -545.7240     1.5998  -223.0013    20.0821   -79.5343    30.3702  -243.1844     8.6883
  3  -546.8160     2.3713  -220.2078    12.8704   -88.3474    24.8622  -238.2569    11.0581
  4  -546.5785     1.7427  -215.6615    12.8646   -92.5126    19.4541  -238.4005     7.8245
  5  -546.9399     1.5312  -214.6789    10.1568   -94.8717    15.7904  -237.3854     6.3919
  6  -546.5471     1.4766  -214.9201     8.3070   -93.0290    13.4092  -238.5940     5.7515
  7  -545.5137     2.4142  -215.4710     7.1067   -83.8188    21.6275  -246.2200    16.0079
  8  -545.9211     2.2439  -213.8832     6.9256   -88.1053    20.5988  -243.9286    14.6011
  9  -546.4050     2.2028  -212.8281     6.4620   -90.9813    19.0553  -242.5915    13.1517
 10  -546.8716     2.1801  -212.5564     5.8053   -95.8251    19.6044  -238.4861    14.3454
 11  -547.6686     2.5356  -212.7114     5.2602  -102.0852    21.7074  -232.8679    17.1648
 12  -547.8500     2.3430  -213.0876     4.8605  -103.1774    19.9361  -231.5810    15.8792
 13  -548.2756     2.3172  -212.9240     4.4830  -106.5878    19.5659  -228.7598    15.6587
 14  -548.3957     2.1587  -214.3273     5.0103  -106.5235    18.1149  -227.5409    14.7007
 15  -548.1902     2.0513  -214.5919     4.6942  -105.7400    16.9367  -227.8543    13.6999
 16  -547.8670     2.0247  -215.0760     4.4966  -103.2918    16.5822  -229.4951    13.2286
 17  -547.8541     1.9020  -215.6574     4.3809  -102.9984    15.5873  -229.1944    12.4407
 18  -548.0182     1.8231  -215.7577     4.1352  -104.0636    14.8495  -228.1929    11.8990
 19  -547.9837     1.7258  -216.5410     4.2136  -103.1817    14.1565  -228.2570    11.2560
 20  -547.9199     1.6422  -216.9269     4.0711  -102.9227    13.4400  -228.0663    10.6852
 21  -547.8960     1.5628  -217.1597     3.9003  -102.5242    12.8089  -228.2081    10.1676
 22  -547.9899     1.5018  -217.1169     3.7198  -103.1739    12.2817  -227.6952     9.7486
 23  -548.0425     1.4389  -216.2553     3.9501  -104.3024    11.9506  -227.4809     9.3249
 24  -548.3476     1.5068  -215.6889     3.9479  -106.8913    12.5589  -225.7634     9.5659
 25  -548.4366     1.4562  -215.2563     3.8843  -107.7227    12.1603  -225.4536     9.1962
 26  -548.1622     1.5029  -215.6699     3.8225  -105.5948    12.4343  -226.8935     9.2929
 27  -547.9807     1.4910  -215.4206     3.7118  -104.7845    12.0741  -227.7717     9.1130
 28  -547.8921     1.4476  -215.0219     3.6646  -104.4968    11.6491  -228.3694     8.8625
 29  -548.0703     1.4415  -215.4456     3.6361  -105.0901    11.3027  -227.5306     8.7144
 30  -548.0593     1.3928  -215.1903     3.5497  -105.1202    10.9196  -227.7448     8.4298
 31  -548.1000     1.3496  -215.1036     3.4377  -105.8599    10.6646  -227.1325     8.2448
 32  -548.1516     1.3108  -214.6602     3.4446  -106.6846    10.4569  -226.8028     8.0102
 33  -548.2595     1.2887  -214.4289     3.3705  -107.5813    10.2925  -226.2453     7.8433
 34  -548.4731     1.3212  -214.0375     3.3623  -109.6020    10.7721  -224.8297     8.1188
 35  -548.4715     1.2829  -213.5851     3.3879  -109.9587    10.4841  -224.9237     7.8857
 36  -548.3562     1.2679  -214.0433     3.4176  -108.2923    10.7199  -226.0166     7.9691
 37  -548.0764     1.3542  -214.6420     3.5330  -105.7604    11.5908  -227.6699     8.4266
 38  -547.8772     1.3770  -215.1901     3.6092  -103.7421    11.9821  -228.9410     8.5868
 39  -547.6549     1.4130  -215.4097     3.5428  -101.8876    12.2460  -230.3536     8.8280
 40  -547.4597     1.4315  -215.6035     3.4748  -100.3270    12.3372  -231.5252     8.9178
 41  -547.3199     1.4238  -215.7043     3.3950   -99.1672    12.2541  -232.4445     8.8898
 42  -547.1284     1.4413  -215.9160     3.3401   -97.5236    12.4024  -233.6849     9.0233
 43  -546.9423     1.4558  -215.9790     3.2639   -96.1022    12.4397  -234.8571     9.1175
 44  -546.8697     1.4297  -216.2655     3.2400   -95.3473    12.2471  -235.2528     8.9430
 45  -546.7547     1.4164  -216.4907     3.1990   -94.2566    12.1690  -236.0034     8.8699
 46  -546.6065     1.4166  -216.6009     3.1365   -93.0706    12.1356  -236.9310     8.8711
 47  -546.4735     1.4114  -216.8199     3.1001   -91.9869    12.0707  -237.6627     8.8028
 48  -546.4531     1.3823  -216.8106     3.0349   -91.6604    11.8346  -237.9781     8.6405
 49  -546.4088     1.3567  -216.6500     2.9896   -91.4542    11.5979  -238.3007     8.4869
 50  -546.3110     1.3436  -216.6432     2.9293   -90.8604    11.4255  -238.8035     8.3760
 
 
 group  inft  solvation free energy     error          difference
  total solvation free energy
   1      0       -107.04340           1.80880           0.80086
   1     60       -107.42423           1.80821           0.42003
   1     80       -110.54349           1.80577          -2.69923
   1    100       -120.46976           1.80455         -12.62551
   2      0       -107.17596           1.82633           0.66829
   3      0       -107.84426           1.82773           0.00000
   4      0       -107.20237           1.83112           0.64189
   5      0       -106.64086           1.83762           1.20340
   5     60       -107.15479           1.83680           0.68947
   5     80       -110.95708           1.83415          -3.11282
   5    100       -120.13382           1.83230         -12.28957
 
  contribution from  1-th solvent component
   1      0       -178.94741           1.94242          -0.39618
   1     60       -178.98039           1.94245          -0.42915
   1     80       -179.27068           1.94292          -0.71944
   1    100       -180.15248           1.94483          -1.60125
   2      0       -178.60137           1.96385          -0.05014
   3      0       -178.55123           1.96973           0.00000
   4      0       -177.78309           1.97685           0.76814
   5      0       -177.75771           1.97536           0.79352
   5     60       -177.80393           1.97543           0.74730
   5     80       -178.15469           1.97599           0.39654
   5    100       -178.96741           1.97796          -0.41618
 
  contribution from  2-th solvent component
   1      0         37.09710           5.78094           1.17753
   1     60         37.11302           5.78113           1.19345
   1     80         37.26424           5.78237           1.34467
   1    100         37.58118           5.78658           1.66161
   2      0         36.63348           5.77402           0.71391
   3      0         35.91957           5.76852           0.00000
   4      0         35.83516           5.77076          -0.08441
   5      0         36.39995           5.77028           0.48038
   5     60         36.42494           5.77048           0.50537
   5     80         36.61509           5.77183           0.69552
   5    100         36.84679           5.77511           0.92722
 
  contribution from  3-th solvent component
   1      0         34.81090           3.64442           0.01951
   1     60         34.44712           3.64576          -0.34427
   1     80         31.46694           3.65330          -3.32446
   1    100         22.10553           3.66764         -12.68586
   2      0         34.79592           3.64436           0.00452
   3      0         34.79140           3.64432           0.00000
   4      0         34.74955           3.64503          -0.04184
   5      0         34.72090           3.64462          -0.07050
   5     60         34.22818           3.64644          -0.56321
   5     80         30.58651           3.65497          -4.20488
   5    100         21.99079           3.66820         -12.80061
 
 
 group  inft   Estimated free energy: total (kcal/mol)
   1      0    -106.4148    -101.5230    -116.7939    -109.5055    -114.2086
                -99.7988    -103.5081    -109.2183    -115.3693    -119.9746
               -111.3426    -110.1973    -104.8264    -113.9253    -106.8268
               -107.5954    -109.1942    -109.7025    -107.2494    -110.3325
               -107.1379    -120.1391    -107.1160    -113.9776    -110.7030
                -95.9111     -97.4153    -100.6078    -107.7306     -96.2859
               -116.4336    -105.2522    -121.5171    -112.0766    -108.4854
               -110.4625     -99.4043     -99.6720     -97.5968    -102.5954
               -105.2383     -98.9847    -100.0191     -99.2628    -102.5222
               -100.7101    -106.7298    -105.4763    -107.6658    -107.5333
   1     60    -106.7958    -101.9048    -117.1754    -109.8858    -114.5895
               -100.1782    -103.8974    -109.5989    -115.7503    -120.3507
               -111.7142    -110.5752    -105.1992    -114.3011    -107.2079
               -107.9780    -109.5719    -110.0799    -107.6284    -110.7109
               -107.5173    -120.5187    -107.4940    -114.3510    -111.0807
                -96.2919     -97.7959    -100.9877    -108.1040     -96.6627
               -116.8098    -105.6274    -121.8950    -112.4481    -108.8655
               -110.8512     -99.7906    -100.0596     -97.9851    -102.9820
               -105.6259     -99.3710    -100.4064     -99.6424    -102.9097
               -101.0978    -107.1170    -105.8582    -108.0507    -107.9207
   1     80    -109.9132    -105.0263    -120.3028    -113.0013    -117.7073
               -103.2817    -107.0713    -112.7266    -118.8783    -123.4500
               -114.7819    -113.6808    -108.2478    -117.3838    -110.3282
               -111.1071    -112.6622    -113.1792    -110.7313    -113.8161
               -110.6274    -123.6398    -110.6016    -117.4304    -114.1893
                -99.3920    -100.9087    -104.1036    -111.1606     -99.7475
               -119.9096    -108.7159    -125.0097    -115.5080    -111.9824
               -114.0221    -102.9388    -103.2218    -101.1520    -106.1283
               -108.7826    -102.5102    -103.5716    -102.7489    -106.0825
               -104.2568    -110.2831    -108.9783    -111.2010    -111.0924
   1    100    -119.8435    -114.9636    -130.2675    -122.9306    -127.6320
               -113.1609    -117.1186    -122.6699    -128.8211    -133.3617
               -124.6149    -123.6016    -117.9730    -127.2270    -120.2616
               -121.0606    -122.5073    -123.0704    -120.6202    -123.7297
               -120.5355    -133.6021    -120.5273    -127.2894    -124.1285
               -109.2429    -110.8194    -114.0419    -120.9103    -109.5842
               -129.8310    -118.5993    -134.9736    -125.3070    -121.9016
               -124.0508    -112.8932    -113.2393    -111.1743    -116.0796
               -118.7731    -112.4359    -113.5947    -112.6039    -116.1448
               -114.2462    -120.3102    -118.8755    -121.1917    -121.1455
   2      0    -106.6405    -101.4720    -117.0091    -110.0751    -114.6812
                -99.9959    -103.8016    -109.0779    -115.4817    -120.2905
               -111.2657    -110.1832    -104.8244    -114.2560    -106.6391
               -107.9512    -109.6202    -109.6993    -107.2533    -110.5413
               -107.4723    -120.3316    -107.0975    -113.8289    -111.0312
                -95.9757     -97.4784    -100.9183    -107.8775     -96.2656
               -116.8974    -105.3340    -121.8049    -111.9752    -108.5455
               -110.7446     -99.2620     -99.7331     -97.6146    -103.3087
               -105.2426     -98.8050    -100.2621     -99.2757    -102.4513
               -100.7297    -107.0749    -105.6565    -107.9241    -107.1199
   3      0    -107.2304    -102.2501    -117.6110    -110.8307    -115.5692
               -100.7277    -104.3779    -109.5343    -116.1177    -120.8463
               -111.8420    -110.9213    -105.2288    -114.9412    -107.3068
               -108.9236    -110.4809    -110.4234    -108.1313    -111.4351
               -108.1307    -120.9373    -107.5717    -114.3914    -111.8418
                -96.6259     -98.1996    -101.6275    -108.3498     -96.9866
               -117.3630    -105.8203    -122.5044    -112.7306    -109.3504
               -111.4217     -99.8423    -100.2732     -98.2115    -104.0032
               -105.8528     -99.5831    -101.1591     -99.6206    -103.0622
               -101.3219    -107.8733    -106.2523    -108.6872    -107.8875
   4      0    -106.5771    -101.5995    -116.9628    -110.1262    -114.7186
               -100.1765    -103.9178    -108.8263    -115.5385    -120.2773
               -111.3202    -110.1523    -104.8951    -114.4100    -106.5183
               -108.3290    -109.9247    -109.6374    -107.4070    -110.7742
               -107.4791    -120.2960    -107.0070    -113.8163    -110.9978
                -96.0633     -97.5705    -101.0762    -107.7293     -96.1853
               -117.3149    -105.1683    -122.0392    -111.7551    -108.4664
               -110.5915     -99.0677     -99.7083     -97.4069    -103.4113
               -105.1062     -99.0001    -100.3645     -99.0714    -102.4725
               -100.9635    -107.0372    -105.7304    -108.0924    -107.0409
   5      0    -106.1978    -100.8046    -116.7226    -109.6736    -113.9368
                -99.7849    -103.3761    -108.2664    -114.9872    -119.7816
               -111.1550    -109.5013    -103.9152    -113.7221    -105.7655
               -107.9385    -109.4662    -109.1595    -107.0463    -110.2055
               -106.8704    -119.8866    -106.3153    -113.1033    -110.3869
                -95.3903     -97.0228    -100.1051    -106.9874     -95.7128
               -116.5246    -104.6034    -121.4252    -111.4397    -107.9768
               -110.1991     -98.6643     -99.0594     -96.9536    -102.7208
               -104.6627     -98.3110    -100.0888     -98.3913    -101.5886
               -100.4414    -106.5827    -105.3354    -107.4342    -106.4519
   5     60    -106.7112    -101.3187    -117.2367    -110.1859    -114.4504
               -100.2963    -103.9028    -108.7814    -115.5031    -120.2893
               -111.6561    -110.0106    -104.4174    -114.2283    -106.2791
               -108.4537    -109.9754    -109.6685    -107.5571    -110.7157
               -107.3822    -120.3985    -106.8252    -113.6068    -110.8962
                -95.9030     -97.5356    -100.6176    -107.4904     -96.2204
               -117.0320    -105.1089    -121.9347    -111.9404    -108.4900
               -110.7246     -99.1869     -99.5828     -97.4784    -103.2432
               -105.1868     -98.8332    -100.6127     -98.9046    -102.1127
               -100.9661    -107.1064    -105.8516    -107.9543    -106.9760
   5     80    -110.5124    -105.1238    -121.0495    -113.9832    -118.2530
               -104.0811    -107.7723    -112.5920    -119.3135    -124.0702
               -115.3993    -113.7964    -108.1330    -117.9851    -110.0830
               -112.2684    -113.7421    -113.4461    -111.3414    -114.5044
               -111.1777    -124.2032    -110.6169    -117.3622    -114.6885
                -99.6808    -101.3306    -104.4199    -111.2154     -99.9829
               -120.8129    -108.8763    -125.7344    -115.6716    -112.2889
               -114.5841    -103.0213    -103.4353    -101.3336    -107.0765
               -109.0333    -102.6583    -104.4704    -102.6863    -105.9785
               -104.8136    -110.9641    -109.6528    -111.7941    -110.8393
   5    100    -119.6936    -114.3101    -130.2550    -123.1566    -127.4351
               -113.2182    -117.0717    -121.7816    -128.4969    -133.2283
               -124.4812    -122.9625    -117.1273    -127.0812    -119.2657
               -121.4685    -122.8481    -122.5861    -120.4872    -123.6745
               -120.3436    -133.4069    -119.7929    -126.4684    -123.8706
               -108.7897    -110.4912    -113.6104    -120.2303    -109.0784
               -129.9805    -118.0101    -134.9374    -124.7268    -121.4568
               -123.8518    -112.2279    -112.6957    -110.5974    -116.2902
               -118.2772    -111.8483    -113.7414    -111.7968    -115.2804
               -114.0564    -120.2394    -118.8024    -121.0348    -120.1275
 
 group  inft   Estimated free energy: 1-th solvent contribution (kcal/mol)
   1      0    -176.6015    -185.1010    -183.0815    -176.0565    -181.9563
               -175.7994    -181.3309    -167.3902    -178.6833    -181.2980
               -171.0527    -176.8008    -172.6052    -193.2767    -178.1815
               -185.3647    -187.3707    -178.0010    -186.5228    -185.4745
               -180.1513    -183.8720    -167.3235    -170.6763    -170.1155
               -184.7222    -168.9786    -167.8438    -185.3537    -167.0772
               -181.1956    -165.9387    -179.1029    -169.0020    -168.2867
               -189.3720    -188.5852    -184.5637    -178.1793    -184.8376
               -179.4111    -184.3562    -177.6577    -184.5234    -179.7525
               -179.6965    -187.6244    -182.0199    -177.4996    -177.7021
   1     60    -176.6347    -185.1340    -183.1144    -176.0895    -181.9891
               -175.8322    -181.3644    -167.4231    -178.7164    -181.3306
               -171.0851    -176.8337    -172.6379    -193.3094    -178.2144
               -185.3977    -187.4034    -178.0337    -186.5556    -185.5074
               -180.1838    -183.9048    -167.3564    -170.7088    -170.1484
               -184.7551    -169.0115    -167.8768    -185.3862    -167.1101
               -181.2283    -165.9714    -179.1355    -169.0343    -168.3196
               -189.4055    -188.6184    -184.5971    -178.2133    -184.8711
               -179.4444    -184.3894    -177.6909    -184.5563    -179.7859
               -179.7300    -187.6576    -182.0531    -177.5329    -177.7356
   1     80    -176.9259    -185.4260    -183.4053    -176.3793    -182.2788
               -176.1204    -181.6585    -167.7112    -179.0078    -181.6190
               -171.3698    -177.1223    -172.9250    -193.6002    -178.5041
               -185.6890    -187.6928    -178.3211    -186.8452    -185.7981
               -180.4706    -184.1945    -167.6453    -170.9951    -170.4364
               -185.0457    -169.2985    -168.1644    -185.6736    -167.3971
               -181.5173    -166.2588    -179.4236    -169.3189    -168.6080
               -189.7006    -188.9117    -184.8911    -178.5109    -185.1654
               -179.7364    -184.6823    -177.9826    -184.8482    -180.0798
               -180.0239    -187.9518    -182.3458    -177.8256    -178.0299
   1    100    -177.8103    -186.3180    -184.2944    -177.2614    -183.1619
               -176.9958    -182.5487    -168.5795    -179.8915    -182.5017
               -172.2359    -178.0000    -173.7970    -194.4933    -179.3831
               -186.5772    -188.5790    -179.1958    -187.7296    -186.6870
               -181.3426    -185.0795    -168.5220    -171.8675    -171.3102
               -185.9318    -170.1677    -169.0336    -186.5519    -168.2656
               -182.4017    -167.1318    -180.3023    -170.1861    -169.4791
               -190.5948    -189.8018    -185.7797    -179.4059    -186.0561
               -180.6179    -185.5694    -178.8632    -185.7357    -180.9676
               -180.9095    -188.8449    -183.2334    -178.7115    -178.9189
   2      0    -176.1663    -184.5698    -182.8076    -175.9719    -181.8652
               -175.3414    -181.0697    -166.9702    -178.6616    -181.0592
               -170.3180    -176.4382    -172.1956    -193.1272    -177.7212
               -185.2015    -187.2662    -177.6246    -186.1837    -185.3020
               -179.7817    -183.7200    -166.7900    -170.3617    -169.8332
               -184.4282    -168.5607    -167.5199    -185.0359    -166.4322
               -181.1473    -165.4272    -178.9893    -168.5882    -167.7172
               -189.2178    -187.9115    -183.9980    -177.6301    -184.7398
               -179.1102    -183.9762    -177.2706    -183.9853    -179.0843
               -179.2533    -187.5007    -181.8382    -177.2454    -177.1134
   3      0    -176.0270    -184.4558    -182.7522    -175.9733    -181.9833
               -175.2454    -181.0005    -166.8917    -178.7405    -181.0892
               -170.1467    -176.3808    -172.0278    -193.1054    -177.7278
               -185.2641    -187.3167    -177.5586    -186.1552    -185.3722
               -179.8116    -183.6940    -166.5833    -170.2878    -169.7427
               -184.3505    -168.5040    -167.4738    -184.9294    -166.4480
               -181.0031    -165.3352    -179.0113    -168.4738    -167.7676
               -189.2739    -187.7454    -183.9633    -177.5344    -184.7783
               -179.0309    -183.8390    -177.1776    -183.8484    -178.9617
               -179.1104    -187.4963    -181.8269    -177.2578    -177.0870
   4      0    -175.1799    -183.7160    -181.9385    -175.2648    -181.1796
               -174.4744    -180.3842    -166.0652    -177.9967    -180.3738
               -169.1720    -175.6508    -171.3565    -192.5349    -176.8619
               -184.5456    -186.5368    -176.8341    -185.3494    -184.5542
               -178.9339    -182.9201    -165.8405    -169.4343    -169.0553
               -183.5475    -167.7182    -166.7617    -184.1160    -165.4531
               -180.5731    -164.6236    -178.4073    -167.6040    -166.8089
               -188.4393    -186.9127    -183.0665    -176.6317    -183.9834
               -178.1452    -183.0742    -176.3946    -183.1263    -178.2806
               -178.4715    -186.8201    -181.1097    -176.5795    -176.3530
   5      0    -175.2963    -183.4480    -182.1114    -175.2206    -180.9486
               -174.3815    -180.3725    -166.2005    -178.0072    -180.3536
               -169.4668    -175.5179    -171.1273    -192.3645    -176.7342
               -184.6058    -186.5446    -176.7813    -185.3414    -184.5321
               -178.9976    -183.0978    -165.7825    -169.3711    -168.8765
               -183.4334    -167.6886    -166.4467    -183.9008    -165.4700
               -180.3454    -164.6681    -178.3632    -167.7440    -166.9141
               -188.4920    -187.0412    -183.0715    -176.7227    -184.0098
               -178.1167    -183.0621    -176.4280    -183.1095    -178.0593
               -178.5394    -186.8337    -181.2362    -176.4459    -176.2617
   5     60    -175.3425    -183.4942    -182.1574    -175.2666    -180.9947
               -174.4274    -180.4199    -166.2467    -178.0537    -180.3991
               -169.5117    -175.5636    -171.1729    -192.4101    -176.7803
               -184.6519    -186.5904    -176.8270    -185.3874    -184.5779
               -179.0433    -183.1435    -165.8285    -169.4164    -168.9222
               -183.4795    -167.7345    -166.4928    -183.9463    -165.5157
               -180.3909    -164.7136    -178.4088    -167.7890    -166.9602
               -188.5393    -187.0882    -183.1188    -176.7705    -184.0570
               -178.1638    -183.1092    -176.4750    -183.1559    -178.1064
               -178.5866    -186.8807    -181.2829    -176.4927    -176.3088
   5     80    -175.6928    -183.8461    -182.5084    -175.6165    -181.3459
               -174.7760    -180.7773    -166.5958    -178.4059    -180.7467
               -169.8543    -175.9107    -171.5194    -192.7601    -177.1307
               -185.0038    -186.9405    -177.1749    -185.7388    -184.9282
               -179.3908    -183.4927    -166.1784    -169.7622    -169.2699
               -183.8309    -168.0816    -166.8418    -184.2938    -165.8623
               -180.7386    -165.0601    -178.7569    -168.1335    -167.3082
               -188.8964    -187.4427    -183.4748    -177.1292    -184.4129
               -178.5177    -183.4644    -176.8287    -183.5083    -178.4613
               -178.9409    -187.2365    -181.6364    -176.8465    -176.6636
   5    100    -176.5033    -184.6658    -183.3260    -176.4284    -182.1633
               -175.5829    -181.6038    -167.3984    -179.2209    -181.5571
               -170.6465    -176.7144    -172.3211    -193.5799    -177.9420
               -185.8224    -187.7587    -177.9820    -186.5572    -185.7449
               -180.1971    -184.3056    -166.9868    -170.5645    -170.0727
               -184.6482    -168.8827    -167.6458    -185.1035    -166.6604
               -181.5495    -165.8605    -179.5662    -168.9326    -168.1094
               -189.7238    -188.2645    -184.2968    -177.9527    -185.2369
               -179.3338    -184.2873    -177.6446    -184.3263    -179.2797
               -179.7569    -188.0625    -182.4545    -177.6642    -177.4818
 
 group  inft   Estimated free energy: 2-th solvent contribution (kcal/mol)
   1      0      34.7463      53.2251      27.1742      30.5978      30.4138
                 42.2287      68.0116      18.1568      24.8821      10.9237
                 -0.6480      22.3672      12.6573      32.2877      32.4785
                 49.3397      36.5962      21.2546      39.5568      33.6647
                 33.6614      19.4402      18.6085      -0.4091      15.4747
                 64.4628      42.2847      33.9569      28.1800      34.0711
                 16.4452      17.4955      10.3747      -2.3938      20.7298
                 54.0662      76.4589      67.4206      65.9294      63.6116
                 51.8028      70.3937      63.0367      56.7653      56.4792
                 61.3962      60.0460      47.3936      41.8591      45.8980
   1     60      34.7620      53.2415      27.1893      30.6130      30.4297
                 42.2452      68.0283      18.1720      24.8980      10.9382
                 -0.6333      22.3825      12.6740      32.3041      32.4933
                 49.3553      36.6133      21.2702      39.5727      33.6804
                 33.6762      19.4548      18.6236      -0.3943      15.4890
                 64.4806      42.3005      33.9719      28.1980      34.0881
                 16.4598      17.5109      10.3891      -2.3778      20.7454
                 54.0821      76.4767      67.4374      65.9464      63.6289
                 51.8188      70.4114      63.0527      56.7841      56.4946
                 61.4126      60.0621      47.4108      41.8747      45.9125
   1     80      34.9125      53.4039      27.3306      30.7587      30.5824
                 42.4048      68.1815      18.3060      25.0408      11.0774
                 -0.4903      22.5250      12.8450      32.4653      32.6358
                 49.5067      36.7819      21.4164      39.7267      33.8326
                 33.8171      19.5909      18.7706      -0.2518      15.6251
                 64.6654      42.4559      34.1142      28.3780      34.2546
                 16.5976      17.6638      10.5253      -2.2176      20.8917
                 54.2225      76.6417      67.5896      66.1006      63.7881
                 51.9609      70.5825      63.2005      56.9658      56.6300
                 61.5622      60.2072      47.5776      42.0190      46.0395
   1    100      35.2274      53.7618      27.6114      31.0579      30.9080
                 42.7535      68.5029      18.5605      25.3238      11.3517
                 -0.2024      22.8094      13.2399      32.8164      32.9256
                 49.8254      37.1598      21.7114      40.0527      34.1502
                 34.1006      19.8553      19.0765       0.0364      15.8881
                 65.1071      42.7919      34.3999      28.7973      34.6260
                 16.8662      17.9891      10.7895      -1.8664      21.1906
                 54.4973      77.0065      67.9046      66.4266      64.1302
                 52.2403      70.9729      63.5047      57.3919      56.8871
                 61.8717      60.4992      47.9521      42.3092      46.2693
   2      0      34.0920      52.7534      26.7029      29.9682      29.8728
                 41.5854      67.4738      17.8920      24.7654      10.3869
                 -1.2937      22.0444      12.2600      31.8282      32.2300
                 48.8313      36.0889      20.8907      39.2256      33.2980
                 32.9520      19.1055      18.1025      -0.5568      14.8779
                 64.1217      41.8247      33.3483      27.7395      33.4614
                 15.9393      16.9195      10.0002      -2.7051      20.1145
                 53.6317      75.9458      66.8163      65.3698      62.8260
                 51.5125      70.2047      62.4056      56.2126      55.8961
                 60.9386      59.5905      47.0673      41.3716      45.7438
   3      0      33.3935      51.8572      26.0593      29.1990      29.1055
                 40.7636      66.8361      17.3435      24.2134       9.8638
                 -2.0182      21.2417      11.6945      31.1386      31.5851
                 47.9299      35.2881      20.1009      38.3339      32.4967
                 32.3251      18.4628      17.4221      -1.2038      13.9564
                 63.3922      41.0409      32.5948      27.1751      32.7624
                 15.3206      16.3284       9.3252      -3.5510      19.3718
                 53.0210      75.2039      66.2456      64.6802      62.1744
                 50.8264      69.3048      61.4130      55.7560      55.1596
                 60.2162      58.7867      46.4549      40.6246      44.9619
   4      0      33.1986      51.8471      25.9054      29.2444      29.1902
                 40.5801      66.7286      17.2978      24.0713       9.7448
                 -2.4271      21.3286      11.3895      31.1249      31.5802
                 47.8409      35.0873      20.2037      38.2434      32.3943
                 32.1396      18.3941      17.2843      -1.4383      14.1702
                 63.2068      40.9484      32.4984      27.0163      32.6060
                 14.9694      16.2923       9.2594      -3.4020      19.3180
                 53.0373      75.1927      65.9521      64.6179      62.0469
                 50.7429      69.1702      61.4656      55.6056      55.1178
                 59.9667      59.0039      46.2973      40.5931      45.1108
   5      0      33.7503      52.3514      26.3775      29.6810      29.7618
                 40.9284      67.2695      18.0000      24.6616      10.2486
                 -1.9343      21.8738      12.1950      31.6708      32.2358
                 48.3153      35.5965      20.6772      38.6291      32.9665
                 32.8267      19.0143      17.9378      -0.7679      14.6397
                 63.7875      41.4834      33.1763      27.5684      33.1389
                 15.5553      16.9350       9.8369      -2.9544      19.9732
                 53.5168      75.7307      66.6278      65.2040      62.7749
                 51.1959      69.8826      61.7981      56.3111      55.8102
                 60.5676      59.5095      46.8815      41.1428      45.6371
   5     60      33.7749      52.3775      26.4013      29.7052      29.7868
                 40.9544      67.2950      18.0234      24.6860      10.2718
                 -1.9108      21.8980      12.2215      31.6970      32.2595
                 48.3401      35.6237      20.7019      38.6544      32.9914
                 32.8501      19.0375      17.9618      -0.7441      14.6626
                 63.8158      41.5086      33.2000      27.5970      33.1655
                 15.5784      16.9598       9.8600      -2.9285      19.9976
                 53.5412      75.7577      66.6539      65.2298      62.8011
                 51.2204      69.9100      61.8227      56.3403      55.8337
                 60.5925      59.5341      46.9081      41.1671      45.6595
   5     80      33.9626      52.5810      26.5793      29.8891      29.9785
                 41.1540      67.4856      18.1942      24.8671      10.4466
                 -1.7301      22.0782      12.4375      31.9003      32.4392
                 48.5302      35.8364      20.8872      38.8478      33.1804
                 33.0253      19.2098      18.1466      -0.5624      14.8343
                 64.0495      41.7045      33.3788      27.8244      33.3741
                 15.7509      17.1517      10.0330      -2.7240      20.1816
                 53.7183      75.9638      66.8463      65.4229      62.9988
                 51.3985      70.1236      62.0075      56.5707      56.0022
                 60.7784      59.7155      47.1184      41.3475      45.8190
   5    100      34.1873      52.8468      26.7805      30.1086      30.2150
                 41.4105      67.7184      18.3735      25.0744      10.6400
                 -1.5199      22.2817      12.7365      32.1655      32.6467
                 48.7636      36.1227      21.1033      39.0869      33.4073
                 33.2213      19.3984      18.3675      -0.3504      15.0222
                 64.3954      41.9550      33.5839      28.1484      33.6526
                 15.9371      17.3890      10.2242      -2.4574      20.3973
                 53.9172      76.2349      67.0795      65.6595      63.2466
                 51.5940      70.4149      62.2254      56.9013      56.1795
                 60.9971      59.9234      47.4039      41.5544      45.9741
 
 group  inft   Estimated free energy: 3-th solvent contribution (kcal/mol)
   1      0      35.4444      30.3569      39.1174      35.9571      37.3379
                 33.7759       9.8152      40.0191      38.4359      50.4037
                 60.3621      44.2403      55.1255      47.0677      38.8802
                 28.4336      41.5844      47.0479      39.7206      41.4813
                 39.3559      44.2966      41.6029      57.1119      43.9417
                 24.3523      29.2826      33.2831      49.4471      36.7242
                 48.3208      43.1949      47.2150      59.3233      39.0755
                 24.8473      12.7259      17.4751      14.6571      18.6346
                 22.3740      14.9818      14.6058      28.4993      20.7551
                 17.5942      20.8526      29.1540      27.9787      24.2748
   1     60      35.0810      29.9917      38.7538      35.5947      36.9739
                 33.4128       9.4427      39.6562      38.0721      50.0456
                 60.0082      43.8800      54.7688      46.7082      38.5172
                 28.0685      41.2222      46.6876      39.3585      41.1200
                 38.9943      43.9352      41.2427      56.7561      43.5826
                 23.9866      28.9190      32.9211      49.0881      36.3633
                 47.9627      42.8371      46.8554      58.9680      38.7127
                 24.4761      12.3550      17.1042      14.2858      18.2641
                 22.0037      14.6111      14.2358      28.1339      20.3856
                 17.2236      20.4824      28.7881      27.6114      23.9064
   1     80      32.1042      26.9999      35.7759      32.6232      33.9931
                 30.4379       6.4097      36.6826      35.0928      47.0956
                 57.0822      40.9205      51.8362      43.7551      35.5441
                 25.0792      38.2527      43.7295      36.3913      38.1534
                 36.0301      40.9678      38.2770      53.8205      40.6260
                 20.9923      25.9378      29.9505      46.1390      33.3990
                 45.0141      39.8832      43.8925      56.0325      35.7379
                 21.4600       9.3352      14.0836      11.2623      15.2530
                 18.9969      11.5936      11.2145      25.1375      17.3714
                 14.2089      17.4655      25.7938      24.6096      20.9020
   1    100      22.7434      17.5966      26.4195      23.2770      24.6258
                 21.0854      -3.0688      27.3532      25.7505      37.7922
                 47.8274      31.5930      42.5880      34.4539      26.1999
                 15.6952      28.9158      34.4179      27.0606      28.8110
                 26.7105      31.6261      28.9223      44.5457      31.2976
                 11.5858      16.5604      20.5959      36.8483      24.0594
                 35.7085      30.5473      34.5432      46.7495      26.3909
                 12.0507      -0.0940       4.6398       1.8090       5.8503
                  9.6084       2.1646       1.7678      15.7440       7.9397
                  4.7956       8.0396      16.4098      15.2147      11.5081
   2      0      35.4378      30.3484      39.0996      35.9326      37.3152
                 33.7641       9.7982      40.0043      38.4185      50.3858
                 60.3500      44.2146      55.1152      47.0470      38.8561
                 28.4229      41.5612      47.0385      39.7088      41.4666
                 39.3614      44.2868      41.5941      57.0936      43.9281
                 24.3347      29.2616      33.2573      49.4228      36.7092
                 48.3146      43.1777      47.1883      59.3221      39.0612
                 24.8455      12.7078      17.4525      14.6497      18.6091
                 22.3591      14.9705      14.6069      28.5011      20.7409
                 17.5890      20.8393      29.1183      27.9536      24.2537
   3      0      35.4071      30.3524      39.0859      35.9475      37.3126
                 33.7581       9.7905      40.0178      38.4133      50.3831
                 60.3268      44.2217      55.1086      47.0297      38.8399
                 28.4145      41.5517      47.0384      39.6940      41.4444
                 39.3598      44.2978      41.5935      57.1042      43.9485
                 24.3363      29.2675      33.2556      49.4084      36.7030
                 48.3234      43.1905      47.1857      59.2982      39.0495
                 24.8351      12.7032      17.4484      14.6467      18.6047
                 22.3558      14.9551      14.6094      28.4758      20.7439
                 17.5763      20.8403      29.1238      27.9500      24.2416
   4      0      35.4082      30.2734      39.0744      35.8981      37.2748
                 33.7217       9.7418      39.9451      38.3908      50.3557
                 60.2829      44.1738      55.0758      47.0040      38.7673
                 28.3796      41.5288      46.9970      39.7029      41.3897
                 39.3192      44.2341      41.5531      57.0603      43.8913
                 24.2814      29.2033      33.1911      49.3744      36.6658
                 48.2928      43.1669      47.1126      59.2549      39.0285
                 24.8144      12.6563      17.4101      14.6109      18.5291
                 22.3001      14.9079      14.5684      28.4532      20.6943
                 17.5453      20.7830      29.0859      27.8979      24.2053
   5      0      35.3523      30.2959      39.0153      35.8699      37.2540
                 33.6722       9.7308      39.9380      38.3624      50.3274
                 60.2501      44.1468      55.0211      46.9756      38.7369
                 28.3560      41.4859      46.9486      39.6700      41.3640
                 39.3045      44.2009      41.5334      57.0397      43.8539
                 24.2596      29.1864      33.1693      49.3490      36.6223
                 48.2695      43.1338      47.1051      59.2626      38.9681
                 24.7800      12.6502      17.3884      14.5691      18.5181
                 22.2621      14.8724      14.5451      28.4111      20.6644
                 17.5343      20.7456      29.0233      27.8728      24.1766
   5     60      34.8604      29.8019      38.5234      35.3794      36.7615
                 33.1807       9.2262      39.4459      37.8686      49.8420
                 59.7704      43.6590      54.5380      46.4888      38.2457
                 27.8621      40.9953      46.4606      39.1800      40.8749
                 38.8149      43.7116      41.0454      56.5576      43.3674
                 23.7647      28.6943      32.6792      48.8630      36.1339
                 47.7845      42.6490      46.6181      58.7811      38.4765
                 24.2776      12.1476      16.8861      14.0663      18.0167
                 21.7606      14.3700      14.0435      27.9150      20.1640
                 17.0319      20.2442      28.5272      27.3753      23.6772
   5     80      31.2219      26.1454      34.8836      31.7481      33.1184
                 29.5450       5.5233      35.8136      34.2294      46.2339
                 56.1892      40.0401      50.9528      42.8787      34.6125
                 24.2092      37.3659      42.8456      35.5535      37.2473
                 35.1918      40.0837      37.4189      52.9664      39.7510
                 20.1046      25.0505      29.0471      45.2580      32.5092
                 44.1788      39.0360      42.9935      55.1898      34.8416
                 20.5980       8.4616      13.1972      10.3767      14.3417
                 18.0899      10.6865      10.3548      24.2554      16.4846
                 13.3530      16.5609      24.8692      23.7089      20.0093
   5    100      22.6264      17.5129      26.2945      23.1671      24.5172
                 20.9582      -3.1823      27.2473      25.6535      37.6929
                 47.6891      31.4742      42.4612      34.3371      26.0335
                 15.5943      28.7918      34.2966      26.9871      28.6671
                 26.6362      31.5042      28.8304      44.4505      31.1838
                 11.4671      16.4405      20.4555      36.7287      23.9334
                 35.6359      30.4654      34.4086      46.6672      26.2593
                 11.9588      -0.1943       4.5256       1.6999       5.7041
                  9.4666       2.0281       1.6818      15.6323       7.8238
                  4.7073       7.9037      16.2522      15.0789      11.3842
 
 
 cumulative average & 95% error for solvation free energy
              total             1st component         2nd component         3rd component
  1  -107.2304             -176.0270               33.3935               35.4071
  2  -104.7402     4.9802  -180.2414     8.4288    42.6254    18.4637    32.8798     5.0547
  3  -109.0305     9.0494  -181.0783     5.1462    37.1033    15.3495    34.9485     5.0631
  4  -109.4805     6.4619  -179.8021     4.4449    35.1273    11.5509    35.1982     3.6148
  5  -110.6983     5.5664  -180.2383     3.5518    33.9229     9.2658    35.6211     2.9250
  6  -109.0365     5.6305  -179.4062     3.3437    35.0630     7.9017    35.3106     2.4676
  7  -108.3710     4.9413  -179.6339     2.8624    39.6020    11.2698    31.6649     7.5839
  8  -108.5164     4.2892  -178.0411     4.0364    36.8197    11.2348    32.7090     6.8918
  9  -109.3610     4.1427  -178.1188     3.5632    35.4190    10.2966    33.3428     6.2088
 10  -110.5095     4.3596  -178.4159     3.2419    32.8635    10.5327    35.0468     6.5157
 11  -110.6307     3.9508  -177.6641     3.2954    29.6924    11.4451    37.3450     7.4741
 12  -110.6549     3.6069  -177.5572     3.0159    28.9882    10.5424    37.9181     6.9184
 13  -110.2375     3.4213  -177.1319     2.9017    27.6579    10.0560    39.2404     6.8917
 14  -110.5735     3.2380  -178.2728     3.5248    27.9065     9.3233    39.7968     6.4768
 15  -110.3557     3.0457  -178.2365     3.2822    28.1518     8.6933    39.7330     6.0309
 16  -110.2662     2.8546  -178.6757     3.1934    29.3879     8.4994    39.0256     5.8161
 17  -110.2788     2.6816  -179.1840     3.1673    29.7350     8.0139    39.1742     5.4713
 18  -110.2869     2.5283  -179.0937     2.9916    29.1998     7.6310    39.6111     5.2319
 19  -110.1734     2.4022  -179.4654     2.9258    29.6805     7.2820    39.6155     4.9489
 20  -110.2365     2.2825  -179.7607     2.8378    29.8213     6.9140    39.7069     4.6985
 21  -110.1362     2.1803  -179.7631     2.6993    29.9405     6.5809    39.6904     4.4693
 22  -110.6272     2.2991  -179.9418     2.5983    29.4188     6.3608    39.8998     4.2818
 23  -110.4943     2.2128  -179.3610     2.7411    28.8972     6.1668    39.9734     4.0941
 24  -110.6567     2.1434  -178.9830     2.7312    27.6430     6.4150    40.6872     4.1717
 25  -110.7041     2.0580  -178.6133     2.7219    27.0956     6.2497    40.8177     4.0098
 26  -110.1626     2.2544  -178.8340     2.6521    28.4916     6.6220    40.1838     4.0557
 27  -109.7196     2.3433  -178.4514     2.6643    28.9564     6.4394    39.7795     3.9855
 28  -109.4306     2.3309  -178.0594     2.6844    29.0863     6.2106    39.5465     3.8687
 29  -109.3933     2.2503  -178.2963     2.6332    29.0204     5.9941    39.8865     3.7944
 30  -108.9797     2.3260  -177.9013     2.6637    29.1451     5.7962    39.7804     3.6719
 31  -109.2502     2.3139  -178.0014     2.5841    28.6992     5.6766    40.0560     3.5940
 32  -109.1430     2.2506  -177.6056     2.6243    28.3126     5.5505    40.1540     3.4853
 33  -109.5479     2.3268  -177.6481     2.5449    27.7372     5.5014    40.3670     3.4049
 34  -109.6415     2.2651  -177.3783     2.5273    26.8170     5.6455    40.9238     3.4859
 35  -109.6332     2.1995  -177.1037     2.5147    26.6043     5.4983    40.8703     3.3865
 36  -109.6828     2.1398  -177.4418     2.5356    27.3381     5.5413    40.4249     3.4095
 37  -109.4169     2.1481  -177.7203     2.5283    28.6317     5.9784    39.6756     3.6389
 38  -109.1763     2.1455  -177.8846     2.4827    29.6216     6.1464    39.0907     3.7301
 39  -108.8951     2.1641  -177.8756     2.4182    30.5205     6.2509    38.4639     3.8433
 40  -108.7728     2.1234  -178.0481     2.3821    31.3119     6.2948    37.9674     3.8754
 41  -108.7016     2.0758  -178.0721     2.3238    31.7878     6.2127    37.5867     3.8556
 42  -108.4845     2.0718  -178.2094     2.2844    32.6811     6.3207    37.0478     3.9140
 43  -108.3141     2.0516  -178.1854     2.2311    33.3493     6.3150    36.5260     3.9618
 44  -108.1166     2.0430  -178.3141     2.1950    33.8585     6.2533    36.3430     3.8880
 45  -108.0042     2.0097  -178.3285     2.1458    34.3319     6.1857    35.9964     3.8633
 46  -107.8590     1.9868  -178.3455     2.0990    34.8946     6.1535    35.5960     3.8624
 47  -107.8593     1.9441  -178.5402     2.0904    35.4029     6.1064    35.2820     3.8311
 48  -107.8258     1.9044  -178.6087     2.0510    35.6332     5.9955    35.1537     3.7592
 49  -107.8434     1.8654  -178.5811     2.0094    35.7350     5.8754    35.0067     3.6934
 50  -107.8443     1.8277  -178.5512     1.9697    35.9196     5.7685    34.7914     3.6443
 
 Mesh error is    1.203 kcal/mol
