 ERmod 0.3.8, Copyright (C) 2000-2019 Nobuyuki Matubayasi
                            2010-2019 Shun Sakuraba
 ERmod comes with ABSOLUTELY NO WARRANTY.
 This is free software, and you can redistribute it
 and/or modify it under certain conditions.
 See LICENSE file for details.
 ERmod 0.3.8, Copyright (C) 2000-2019 Nobuyuki Matubayasi
                            2010-2019 Shun Sakuraba
 ERmod comes with ABSOLUTELY NO WARRANTY.
 This is free software, and you can redistribute it
 and/or modify it under certain conditions.
 See LICENSE file for details.
 
  Number of the   1-th solvent  =          792
  Number of the   2-th solvent  =          792
  Number of the   3-th solvent  =        10000
 
  Be sure that the solvent distribution is homogeneous (radial distribution function is essentially unity) when the solvent molecule is separated beyond distance of   10.0 Angstrom in any direction from any atom within the solute molecule
 
  LJ long-range correction    =        -1.3175     -0.2494     -7.0203
 
  Self-energy of the solute   =        -0.0121  kcal/mol
 
 
 cumulative average & 95% error for solvation energy
              total             1st component         2nd component         3rd component
  1  -523.2573             -168.2471              -31.4322             -323.5659
  2  -523.4062     0.2978  -169.8365     3.1788   -32.5324     2.2005  -321.0252     5.0815
  3  -523.3005     0.2725  -171.6379     4.0433   -30.6958     3.8867  -320.9547     2.9372
  4  -522.1270     2.3550  -173.3065     4.3945   -22.9795    15.6755  -325.8288     9.9671
  5  -521.5940     2.1128  -173.4768     3.4209   -19.3308    14.1663  -328.7744     9.7114
  6  -520.4976     2.7901  -172.9241     3.0039   -12.3795    18.0851  -335.1819    15.0698
  7  -518.8052     4.1252  -172.7384     2.5658    -2.3065    25.2879  -343.7481    21.3479
  8  -517.6997     4.2013  -174.0389     3.4209     4.8036    26.1118  -348.4524    20.7441
  9  -517.7426     3.7062  -175.2530     3.8728     5.0618    23.0343  -347.5393    18.3855
 10  -518.4449     3.6002  -175.8685     3.6761     1.2064    21.9982  -343.7707    18.0895
 11  -518.8165     3.3403  -176.4925     3.5517    -0.5413    20.2027  -341.7707    16.8444
 12  -518.9142     3.0555  -176.4026     3.2472    -2.4724    18.8426  -340.0270    15.7673
 13  -518.4513     2.9591  -176.1541     3.0281    -0.4703    17.7892  -341.8149    14.9380
 14  -518.1354     2.8115  -176.4519     2.8660     1.0233    16.7383  -342.6948    13.9415
 15  -518.5371     2.7379  -175.3348     3.4800    -3.3576    17.8769  -339.8327    14.1850
 16  -518.4505     2.5669  -175.0527     3.3038    -3.2020    16.7252  -340.1838    13.2875
 17  -518.3729     2.4162  -174.3430     3.4126    -3.2875    15.7115  -340.7304    12.5292
 18  -518.4381     2.2817  -174.0462     3.2717    -3.7724    14.8447  -340.6074    11.8152
 19  -518.1877     2.2157  -174.2146     3.1130    -2.5176    14.2641  -341.4435    11.3004
 20  -518.2427     2.1048  -174.4002     2.9765    -2.8704    13.5505  -340.9601    10.7640
 21  -518.1396     2.0127  -174.0649     2.9095    -2.1539    12.9685  -341.9087    10.4130
 22  -517.5499     2.2525  -174.1572     2.7802     1.9657    14.8587  -345.3464    12.0766
 23  -517.4758     2.1574  -174.1760     2.6569     2.6479    14.2633  -345.9357    11.5996
 24  -517.6771     2.1044  -173.7863     2.6605     1.0461    14.0268  -344.9248    11.2883
 25  -517.9711     2.1024  -173.9615     2.5758    -0.5917    13.8471  -343.4058    11.2455
 26  -517.9550     2.0202  -173.8861     2.4793    -0.7638    13.3083  -343.2929    10.8067
 27  -517.7846     1.9736  -174.1525     2.4445     0.5512    13.0732  -344.1712    10.5460
 28  -517.8986     1.9154  -174.3952     2.4051     0.2504    12.6120  -343.7417    10.1986
 29  -518.0212     1.8644  -174.2129     2.3491    -0.7206    12.3233  -343.0756     9.9304
 30  -517.9445     1.8077  -174.3443     2.2846    -0.3523    11.9282  -343.2359     9.5990
 31  -518.0283     1.7564  -174.4599     2.2218    -0.9312    11.5950  -342.6252     9.3642
 32  -518.2081     1.7382  -174.5069     2.1533    -1.7641    11.3497  -341.9249     9.1744
 33  -518.2727     1.6897  -174.3978     2.0984    -2.3377    11.0600  -341.5252     8.9279
 34  -518.1062     1.6727  -174.4517     2.0386    -1.1958    10.9702  -342.4466     8.8552
 35  -517.9684     1.6475  -174.6883     2.0352    -0.1902    10.8403  -343.0778     8.6907
 36  -517.9339     1.6025  -175.0780     2.1259     0.0560    10.5464  -342.8999     8.4533
 37  -517.9792     1.5612  -174.9453     2.0846    -0.5243    10.3229  -342.4975     8.2610
 38  -517.5957     1.7022  -175.3165     2.1606     2.2018    11.4315  -344.4689     8.9553
 39  -517.7374     1.6820  -175.0216     2.1855     1.4589    11.2332  -344.1626     8.7442
 40  -517.7893     1.6427  -174.7032     2.2233     1.0323    10.9820  -344.1064     8.5235
 41  -517.7182     1.6084  -174.8730     2.1948     1.6252    10.7762  -344.4584     8.3428
 42  -517.5834     1.5926  -175.0519     2.1716     2.4960    10.6597  -345.0155     8.2176
 43  -517.4444     1.5798  -175.2505     2.1574     3.5858    10.6346  -345.7676     8.1640
 44  -517.5643     1.5620  -175.2692     2.1082     2.9298    10.4726  -345.2128     8.0531
 45  -517.5296     1.5285  -175.0632     2.1015     2.9094    10.2374  -345.3637     7.8779
 46  -517.5640     1.4965  -174.9513     2.0675     2.7010    10.0210  -345.3016     7.7057
 47  -517.7557     1.5137  -174.8170     2.0408     1.4519    10.1187  -344.3786     7.7627
 48  -518.1053     1.6384  -174.2128     2.3349    -0.9546    11.0130  -342.9258     8.1357
 49  -518.2133     1.6191  -173.9423     2.3498    -1.9519    10.9688  -342.3069     8.0635
 50  -518.1867     1.5873  -174.1135     2.3277    -1.6602    10.7630  -342.4009     7.9029
 
 
 group  inft  solvation free energy     error          difference
  total solvation free energy
   1      0        -95.35517           1.21358          -0.49033
   1     60        -95.83062           1.21364          -0.96579
   1     80        -99.69219           1.21447          -4.82735
   1    100       -111.11904           1.21896         -16.25421
   2      0        -95.52179           1.23998          -0.65696
   3      0        -94.86483           1.25469           0.00000
   4      0        -95.37083           1.25863          -0.50599
   5      0        -96.12021           1.26095          -1.25537
   5     60        -96.75471           1.26107          -1.88987
   5     80       -101.39673           1.26242          -6.53189
   5    100       -111.78135           1.26696         -16.91652
 
  contribution from  1-th solvent component
   1      0       -132.23059           2.14585          -0.54843
   1     60       -132.27404           2.14591          -0.59188
   1     80       -132.61955           2.14633          -0.93739
   1    100       -133.62829           2.14896          -1.94613
   2      0       -132.00822           2.18324          -0.32607
   3      0       -131.68216           2.19776           0.00000
   4      0       -132.60050           2.20257          -0.91835
   5      0       -132.74165           2.20760          -1.05950
   5     60       -132.79844           2.20766          -1.11629
   5     80       -133.22423           2.20825          -1.54208
   5    100       -134.14240           2.21078          -2.46024
 
  contribution from  2-th solvent component
   1      0         56.49450           5.20496           0.00939
   1     60         56.50719           5.20499           0.02208
   1     80         56.59721           5.20559           0.11210
   1    100         56.71479           5.20797           0.22968
   2      0         56.13742           5.19042          -0.34770
   3      0         56.48511           5.18943           0.00000
   4      0         56.95755           5.18134           0.47243
   5      0         56.36517           5.18650          -0.11994
   5     60         56.39383           5.18664          -0.09128
   5     80         56.55467           5.18734           0.06956
   5    100         56.71644           5.18933           0.23133
 
  contribution from  3-th solvent component
   1      0        -19.60701           4.16524           0.04871
   1     60        -20.05170           4.16639          -0.39598
   1     80        -23.65779           4.17434          -4.00206
   1    100        -34.19348           4.19551         -14.53775
   2      0        -19.63892           4.16579           0.01680
   3      0        -19.65573           4.16663           0.00000
   4      0        -19.71580           4.16830          -0.06008
   5      0        -19.73166           4.16816          -0.07594
   5     60        -20.33803           4.16984          -0.68230
   5     80        -24.71510           4.17952          -5.05937
   5    100        -34.34333           4.19889         -14.68760
 
 
 group  inft   Estimated free energy: total (kcal/mol)
   1      0     -88.8627     -96.7257    -100.4797     -92.6170     -91.1618
                -94.9867     -96.0491     -99.7506     -98.7377     -97.9247
                -97.7091     -99.5583     -95.9003     -97.6650     -97.2392
                -96.8582     -91.4350     -95.7737     -89.8859     -95.7394
                -93.2941     -95.9835     -94.7478     -94.6724    -101.9455
                -96.5438    -103.1326     -92.4019     -87.1226     -92.6339
               -100.5763     -94.4447     -92.0347     -85.4079     -88.5209
                -97.2015    -101.9332     -98.7799     -92.3831     -85.6630
                -98.5898     -99.7138    -101.2829     -96.1547     -97.2415
                -93.7372     -96.6086     -96.3036     -86.8745     -96.7686
   1     60     -89.3312     -97.1944    -100.9567     -93.0950     -91.6397
                -95.4659     -96.5356    -100.2319     -99.2137     -98.3931
                -98.1796    -100.0318     -96.3808     -98.1392     -97.7070
                -97.3372     -91.9127     -96.2504     -90.3642     -96.2148
                -93.7757     -96.4701     -95.2258     -95.1437    -102.4118
                -97.0190    -103.6144     -92.8759     -87.5938     -93.1106
               -101.0498     -94.9144     -92.5096     -85.8884     -88.9978
                -97.6763    -102.4081     -99.2616     -92.8593     -86.1414
                -99.0702    -100.1923    -101.7637     -96.6263     -97.7184
                -94.2123     -97.0755     -96.7671     -87.3409     -97.2420
   1     80     -93.1430    -101.0153    -104.8261     -96.9713     -95.5122
                -99.3536    -100.4730    -104.1281    -103.0744    -102.2170
               -102.0159    -103.8873    -100.2794    -101.9927    -101.5215
               -101.2155     -95.7900    -100.1131     -94.2413    -100.0746
                -97.6814    -100.4146     -99.0974     -98.9806    -106.2190
               -100.8770    -107.5162     -96.7109     -91.4259     -96.9760
               -104.9003     -98.7379     -96.3674     -89.7771     -92.8730
               -101.5339    -106.2660    -103.1704     -96.7250     -90.0194
               -102.9631    -104.0720    -105.6654    -100.4639    -101.5887
                -98.0708    -100.8834    -100.5621     -91.1455    -101.0800
   1    100    -104.4410    -112.3473    -116.2593    -108.4118    -106.9439
               -110.8428    -112.1019    -115.6365    -114.4721    -113.5811
               -113.3898    -115.3246    -111.8052    -113.4091    -112.8458
               -112.6730    -107.2572    -111.5144    -105.6953    -111.4859
               -109.2210    -112.0928    -110.5276    -110.3597    -117.5357
               -112.2811    -119.0536    -108.0355    -102.7690    -108.4011
               -116.3053    -110.0874    -107.7729    -101.2505    -104.3320
               -112.9464    -117.6902    -114.7648    -108.1514    -101.4705
               -114.4566    -115.5412    -117.2094    -111.8305    -113.0396
               -109.4899    -112.1882    -111.8460    -102.4283    -112.4361
   2      0     -89.1441     -97.0333    -100.7055     -92.8704     -90.9346
                -95.0521     -96.1893    -100.3498     -98.9371     -97.7614
                -97.6241     -99.6595     -96.2387     -98.0206     -97.3041
                -97.1259     -91.5228     -96.2556     -90.2409     -96.2066
                -93.1717     -96.3329     -95.0885     -94.5335    -102.2201
                -97.0078    -103.3502     -92.5364     -87.1793     -92.8362
               -100.6620     -94.4493     -92.1789     -85.3431     -88.5652
                -97.5146    -102.0847     -99.4278     -92.1291     -85.6781
                -98.9109    -100.0631    -101.6552     -95.8167     -97.2024
                -94.1527     -96.8687     -96.3215     -86.4803     -97.1523
   3      0     -88.6087     -96.4258    -100.1894     -92.1382     -90.1768
                -94.3488     -95.5680     -99.9578     -98.2060     -97.1283
                -96.8235     -99.1275     -95.3701     -97.4283     -96.5621
                -96.2134     -90.6817     -95.6928     -89.7940     -95.6128
                -92.3880     -95.5918     -94.4523     -93.7363    -101.7283
                -96.4617    -102.8223     -91.8777     -86.5399     -92.3689
                -99.9753     -93.6266     -91.5272     -84.5468     -87.8972
                -96.7463    -101.5602     -98.9039     -91.3244     -84.8548
                -98.2971     -99.6150    -101.1777     -95.0369     -96.5221
                -93.4105     -96.1917     -95.6365     -85.7708     -96.6000
   4      0     -88.9721     -96.8587    -100.8220     -92.7564     -90.5807
                -94.8096     -96.0805    -100.5177     -98.8150     -97.5080
                -97.4207     -99.5160     -95.9454     -97.9360     -97.1374
                -96.7626     -91.3242     -96.0982     -90.1585     -96.0573
                -92.9457     -96.0629     -94.8915     -94.1555    -102.1559
                -96.9118    -103.2984     -92.5687     -86.8352     -92.7051
               -100.5710     -94.2313     -92.0496     -85.1790     -88.5973
                -97.3179    -102.1309     -99.5952     -91.5810     -85.4734
                -98.8524    -100.2199    -101.5832     -95.4895     -97.0418
                -94.0926     -96.7423     -95.9069     -86.0986     -97.1797
   5      0     -89.7826     -97.7388    -101.6230     -93.4537     -91.4674
                -95.5337     -96.8075    -101.3887     -99.7139     -98.2312
                -98.0991    -100.2496     -96.5907     -98.6651     -97.6377
                -97.5154     -92.0365     -96.9926     -90.9138     -96.8413
                -93.6482     -96.6340     -95.6551     -94.8016    -102.9357
                -97.7622    -104.1428     -93.2716     -87.6624     -93.5700
               -101.1886     -95.0063     -92.8275     -85.8206     -89.2958
                -98.1221    -102.7498    -100.2583     -92.2302     -86.0572
                -99.4839    -101.0784    -102.3751     -96.2136     -97.9310
                -94.7094     -97.5120     -96.8431     -87.0014     -97.9401
   5     60     -90.4077     -98.3644    -102.2596     -94.0924     -92.1059
                -96.1737     -97.4574    -102.0317    -100.3487     -98.8568
                -98.7272    -100.8815     -97.2319     -99.2976     -98.2612
                -98.1543     -92.6719     -97.6284     -91.5524     -97.4757
                -94.2906     -97.2846     -96.2935     -95.4305    -103.5578
                -98.3960    -104.7853     -93.9034     -88.2918     -94.2064
               -101.8213     -95.6323     -93.4620     -86.4621     -89.9329
                -98.7558    -103.3830    -100.9019     -92.8654     -86.6951
               -100.1249    -101.7166    -103.0171     -96.8428     -98.5664
                -95.3432     -98.1353     -97.4625     -87.6233     -98.5711
   5     80     -94.9912    -102.9575    -106.9100     -98.7520     -96.7615
               -100.8471    -102.1922    -106.7207    -104.9860    -103.4542
               -103.3392    -105.5181    -101.9170    -103.9330    -102.8456
               -102.8131     -97.3266    -102.2675     -96.2135    -102.1130
                -98.9839    -102.0329    -100.9489    -100.0449    -108.1364
               -103.0326    -109.4757     -98.5115     -92.8995     -98.8537
               -106.4507    -100.2268     -98.1014     -91.1347     -94.5912
               -103.3929    -108.0183    -105.6075     -97.5101     -91.3547
               -104.8050    -106.3791    -107.7102    -101.4542    -103.2145
                -99.9816    -102.7168    -102.0287     -92.1950    -103.1838
   5    100    -105.2666    -113.2581    -117.2961    -109.1505    -107.1534
               -111.2935    -112.7577    -117.1906    -115.3395    -113.7793
               -113.6768    -115.9084    -112.3865    -114.3173    -113.1353
               -113.2149    -107.7336    -112.6191    -106.6209    -112.4820
               -109.4694    -112.6526    -111.3361    -110.3876    -118.4280
               -113.3982    -119.9577    -108.8010    -103.2124    -109.2380
               -116.8133    -110.5372    -108.4701    -101.5554    -105.0068
               -113.7618    -118.3919    -116.1591    -107.8938    -101.7573
               -115.2544    -116.8033    -118.2074    -111.7805    -113.6187
               -110.3588    -112.9973    -112.2891    -102.4458    -113.5043
 
 group  inft   Estimated free energy: 1-th solvent contribution (kcal/mol)
   1      0    -126.5137    -131.2059    -135.6232    -131.3851    -127.4626
               -129.6347    -131.9573    -145.6544    -141.0405    -132.9950
               -137.8375    -134.7982    -134.0134    -139.9516    -124.9825
               -129.7639    -123.4901    -131.7589    -132.5565    -135.0137
               -125.6446    -134.2563    -133.9701    -122.7100    -140.1307
               -134.9797    -140.9009    -136.7547    -123.3835    -134.6098
               -135.7701    -130.3924    -126.6057    -124.0357    -132.0974
               -141.8054    -134.9447    -144.8164    -122.3631    -118.4210
               -141.7479    -143.5053    -140.8140    -130.3875    -129.1978
               -129.0509    -129.2464    -111.3780    -115.4299    -144.5412
   1     60    -126.5566    -131.2487    -135.6667    -131.4285    -127.5063
               -129.6788    -132.0019    -145.6983    -141.0840    -133.0380
               -137.8805    -134.8416    -134.0574    -139.9948    -125.0253
               -129.8077    -123.5342    -131.8024    -132.6004    -135.0568
               -125.6889    -134.3012    -134.0137    -122.7529    -140.1731
               -135.0231    -140.9449    -136.7977    -123.4266    -134.6536
               -135.8134    -130.4356    -126.6487    -124.0797    -132.1412
               -141.8489    -134.9879    -144.8612    -122.4068    -118.4645
               -141.7919    -143.5490    -140.8580    -130.4304    -129.2413
               -129.0943    -129.2888    -111.4200    -115.4722    -144.5843
   1     80    -126.8994    -131.5921    -136.0127    -131.7734    -127.8534
               -130.0274    -132.3532    -146.0458    -141.4303    -133.3821
               -138.2245    -135.1886    -134.4067    -140.3386    -125.3672
               -130.1544    -123.8830    -132.1484    -132.9492    -135.4010
               -126.0382    -134.6543    -134.3599    -123.0941    -140.5135
               -135.3692    -141.2919    -137.1408    -123.7701    -135.0016
               -136.1594    -130.7795    -126.9906    -124.4260    -132.4899
               -142.1955    -135.3323    -145.2141    -122.7539    -118.8088
               -142.1402    -143.8951    -141.2057    -130.7721    -129.5861
               -129.4398    -129.6299    -111.7558    -115.8094    -144.9279
   1    100    -127.8994    -132.5977    -137.0260    -132.7726    -128.8589
               -131.0386    -133.3704    -147.0700    -142.4471    -134.3892
               -139.2372    -136.2047    -135.4277    -141.3503    -126.3682
               -131.1626    -124.8962    -133.1580    -133.9639    -136.4083
               -127.0472    -135.6764    -135.3697    -124.0833    -141.5240
               -136.3846    -142.3103    -138.1473    -124.7655    -136.0189
               -137.1729    -131.7849    -127.9826    -125.4226    -133.5012
               -143.2122    -136.3438    -146.2454    -123.7603    -119.8066
               -143.1645    -144.9166    -142.2198    -131.7701    -130.5928
               -130.4468    -130.6299    -112.7290    -116.7892    -145.9488
   2      0    -126.3430    -131.0011    -135.4717    -131.1665    -126.9870
               -129.3975    -131.7411    -145.7016    -140.8654    -132.5409
               -137.5607    -134.6760    -133.8523    -140.0155    -124.7830
               -129.5636    -123.1640    -131.7040    -132.2413    -134.9155
               -125.2979    -133.9929    -133.8925    -122.3048    -140.1404
               -134.9344    -140.8887    -136.5387    -123.0300    -134.3788
               -135.5763    -130.0547    -126.2685    -123.5585    -131.7638
               -141.6677    -134.8583    -144.7773    -121.7546    -117.9603
               -141.7763    -143.4464    -140.7713    -129.9677    -128.9899
               -128.8869    -129.0892    -111.0801    -114.6164    -144.4560
   3      0    -126.0476    -130.7092    -135.1506    -130.8182    -126.6098
               -129.0399    -131.4489    -145.5709    -140.5340    -132.1192
               -137.1873    -134.3680    -133.3930    -139.7446    -124.4168
               -129.1539    -122.7008    -131.3674    -132.0203    -134.5674
               -124.8966    -133.5833    -133.6389    -121.9294    -139.8929
               -134.7841    -140.6270    -136.2126    -122.6410    -134.1225
               -135.2544    -129.6852    -125.9297    -123.0754    -131.4180
               -141.3401    -134.6424    -144.5664    -121.3138    -117.5806
               -141.4845    -143.2113    -140.6019    -129.6322    -128.6961
               -128.4557    -128.7719    -110.7109    -114.2169    -144.2245
   4      0    -126.9229    -131.5208    -136.1275    -131.8264    -127.4573
               -129.9492    -132.4106    -146.4463    -141.5048    -132.9563
               -138.1021    -135.3424    -134.3900    -140.7360    -125.4176
               -130.2051    -123.7730    -132.4185    -132.8627    -135.5623
               -125.8370    -134.5118    -134.5113    -122.8431    -140.8530
               -135.4972    -141.5311    -137.1029    -123.4487    -134.9539
               -136.2212    -130.5921    -126.8319    -124.0633    -132.2989
               -142.3446    -135.5735    -145.4781    -122.0983    -118.4295
               -142.4599    -144.1522    -141.4746    -130.5715    -129.5397
               -129.4503    -129.7263    -111.6242    -114.9267    -145.1464
   5      0    -127.0396    -131.7651    -136.2489    -131.8882    -127.6813
               -130.0842    -132.5206    -146.6769    -141.7345    -133.0828
               -138.3048    -135.4216    -134.4838    -140.8519    -125.3813
               -130.2231    -123.8095    -132.5705    -133.0212    -135.7058
               -125.9146    -134.4884    -134.7283    -122.9656    -141.0071
               -135.7848    -141.7731    -137.3324    -123.6110    -135.1499
               -136.2484    -130.7514    -126.9232    -124.1587    -132.4402
               -142.4821    -135.6444    -145.5834    -122.2506    -118.5246
               -142.6128    -144.3823    -141.6655    -130.6845    -129.8397
               -129.5379    -129.7803    -111.7802    -115.1748    -145.3671
   5     60    -127.0958    -131.8212    -136.3055    -131.9453    -127.7387
               -130.1418    -132.5790    -146.7344    -141.7909    -133.1389
               -138.3606    -135.4782    -134.5411    -140.9084    -125.4369
               -130.2802    -123.8664    -132.6274    -133.0790    -135.7626
               -125.9721    -134.5474    -134.7855    -123.0217    -141.0625
               -135.8415    -141.8302    -137.3887    -123.6676    -135.2072
               -136.3051    -130.8075    -126.9799    -124.2162    -132.4977
               -142.5389    -135.7008    -145.6422    -122.3078    -118.5813
               -142.6699    -144.4389    -141.7229    -130.7404    -129.8964
               -129.5947    -129.8361    -111.8355    -115.2301    -145.4232
   5     80    -127.5192    -132.2439    -136.7320    -132.3707    -128.1658
               -130.5711    -133.0119    -147.1656    -142.2157    -133.5602
               -138.7826    -135.9047    -134.9695    -141.3342    -125.8564
               -130.7059    -124.2947    -133.0547    -133.5096    -136.1888
               -126.4006    -134.9821    -135.2146    -123.4420    -141.4843
               -136.2691    -142.2591    -137.8115    -124.0901    -135.6359
               -136.7308    -131.2310    -127.4029    -124.6426    -132.9257
               -142.9657    -136.1248    -146.0790    -122.7355    -119.0048
               -143.0991    -144.8656    -142.1524    -131.1613    -130.3221
               -130.0204    -130.2565    -112.2508    -115.6466    -145.8477
   5    100    -128.4321    -133.1589    -137.6536    -133.2832    -129.0813
               -131.4913    -133.9375    -148.1044    -143.1358    -134.4712
               -139.6989    -136.8270    -135.8943    -142.2596    -126.7632
               -131.6198    -125.2103    -133.9748    -134.4363    -137.1109
               -127.3151    -135.9123    -136.1383    -124.3422    -142.4081
               -137.1952    -143.1866    -138.7275    -124.9964    -136.5620
               -137.6519    -132.1435    -128.3112    -125.5480    -133.8441
               -143.8907    -137.0448    -147.0224    -123.6512    -119.9103
               -144.0309    -145.7941    -143.0785    -132.0679    -131.2392
               -130.9374    -131.1681    -113.1409    -116.5393    -146.7778
 
 group  inft   Estimated free energy: 2-th solvent contribution (kcal/mol)
   1      0      47.6798      41.9396      43.6984      56.3805      54.5194
                 67.5692      84.4332      84.6487      59.2897      38.4683
                 48.5529      43.9990      68.2175      66.5134      26.7373
                 53.5886      54.6094      53.0017      69.1852      53.4246
                 61.7791     100.0991      67.5186      37.0961      40.0373
                 55.4329      70.6401      57.2610      46.0685      63.7560
                 46.2986      45.0011      46.3329      74.3174      74.4080
                 59.9829      44.7287     108.1754      44.3782      51.3082
                 70.1459      76.3243      77.7984      43.1808      57.2925
                 53.8863      31.5453       1.8524      32.8480      68.7751
   1     60      47.6932      41.9525      43.7109      56.3929      54.5325
                 67.5821      84.4450      84.6614      59.3025      38.4808
                 48.5652      44.0110      68.2297      66.5264      26.7498
                 53.6005      54.6213      53.0149      69.1981      53.4373
                 61.7905     100.1115      67.5318      37.1082      40.0506
                 55.4458      70.6518      57.2748      46.0815      63.7692
                 46.3112      45.0132      46.3459      74.3296      74.4215
                 59.9954      44.7410     108.1895      44.3913      51.3200
                 70.1585      76.3370      77.8110      43.1929      57.3049
                 53.8992      31.5587       1.8644      32.8610      68.7896
   1     80      47.7967      42.0439      43.7947      56.4779      54.6247
                 67.6744      84.5282      84.7502      59.3942      38.5641
                 48.6499      44.0914      68.3146      66.6175      26.8372
                 53.6813      54.7036      53.1117      69.2937      53.5278
                 61.8674     100.2002      67.6329      37.1899      40.1460
                 55.5413      70.7325      57.3820      46.1744      63.8644
                 46.3976      45.1029      46.4338      74.4199      74.5189
                 60.0818      44.8225     108.2977      44.4838      51.4036
                 70.2468      76.4288      77.8967      43.2784      57.3943
                 53.9905      31.6540       1.9443      32.9541      68.9012
   1    100      47.9680      42.1638      43.8881      56.5772      54.7474
                 67.8004      84.6235      84.8647      59.5203      38.6515
                 48.7485      44.1715      68.4106      66.7390      26.9460
                 53.7627      54.7992      53.2575      69.4324      53.6447
                 61.9387     100.3122      67.7956      37.2741      40.2822
                 55.6802      70.8181      57.5654      46.3014      63.9951
                 46.4984      45.2260      46.5384      74.5439      74.6618
                 60.1827      44.9054     108.4789      44.6073      51.5024
                 70.3604      76.5570      77.9953      43.3849      57.5169
                 54.1077      31.7853       2.0227      33.0830      69.1009
   2      0      47.2558      41.4721      43.3700      55.9287      54.3024
                 67.3077      84.1236      84.1249      58.9498      38.2048
                 48.3968      43.7987      67.7254      66.2434      26.5085
                 53.1695      54.2224      52.4745      68.5567      52.8880
                 61.5965      99.5200      67.1252      36.8627      39.8064
                 54.9564      70.4387      56.9417      45.6874      63.3671
                 46.0509      44.6943      45.8869      73.9375      74.0553
                 59.5718      44.5151     107.5281      44.0566      50.8615
                 69.8845      75.9685      77.4194      43.1105      57.1446
                 53.3456      31.1562       1.5500      32.4693      68.3383
   3      0      47.5204      41.8177      43.5694      56.3370      54.7138
                 67.6522      84.4663      84.3934      59.3666      38.4433
                 48.8369      44.0397      68.1813      66.5796      26.9016
                 53.6776      54.6343      52.7073      68.8049      53.1432
                 61.9971      99.8916      67.5262      37.2975      40.0716
                 55.3699      70.7293      57.2835      45.9333      63.5863
                 46.4233      45.1538      46.2055      74.2475      74.4112
                 60.0191      44.8314     107.8678      44.4267      51.3105
                 70.2412      76.2021      77.7559      43.5543      57.5580
                 53.6776      31.5380       1.8876      32.7948      68.6768
   4      0      48.0731      42.2114      43.9764      56.7578      55.2005
                 68.1779      84.9939      84.7605      59.7864      38.9509
                 49.2207      44.7003      68.6423      67.1314      27.3923
                 54.2548      55.0888      53.3938      69.3316      53.7692
                 62.4567     100.3966      68.0020      37.8860      40.6770
                 55.7217      71.2375      57.5368      46.5006      64.1394
                 46.8824      45.5401      46.6512      74.6951      74.6732
                 60.5038      45.2660     108.1829      45.0092      51.5929
                 70.7338      76.5970      78.2901      44.1088      57.9339
                 54.0350      31.9737       2.5421      33.2154      69.0824
   5      0      47.3980      41.6215      43.3114      56.1650      54.5307
                 67.5973      84.3625      84.1607      59.1523      38.3989
                 48.7179      44.0374      68.1103      66.5318      26.8714
                 53.5486      54.4526      52.6880      68.7446      53.1329
                 61.8445      99.8355      67.4797      37.3584      40.0482
                 55.1641      70.6604      57.0557      45.8152      63.4815
                 46.2855      44.9369      45.9686      74.1626      74.1257
                 59.8662      44.7300     107.6191      44.5388      51.1319
                 70.2677      75.9894      77.7209      43.5006      57.3805
                 53.5283      31.2682       1.8226      32.5872      68.5509
   5     60      47.4276      41.6500      43.3395      56.1927      54.5594
                 67.6264      84.3910      84.1890      59.1809      38.4263
                 48.7453      44.0645      68.1387      66.5605      26.8994
                 53.5768      54.4812      52.7180      68.7743      53.1621
                 61.8718      99.8646      67.5099      37.3860      40.0772
                 55.1933      70.6885      57.0860      45.8434      63.5113
                 46.3138      44.9653      45.9970      74.1918      74.1551
                 59.8943      44.7576     107.6506      44.5684      51.1596
                 70.2961      76.0184      77.7493      43.5283      57.4092
                 53.5570      31.2967       1.8493      32.6164      68.5822
   5     80      47.6053      41.8115      43.4930      56.3449      54.7198
                 67.7894      84.5438      84.3449      59.3432      38.5765
                 48.8969      44.2118      68.2932      66.7217      27.0570
                 53.7282      54.6380      52.8910      68.9425      53.3260
                 62.0167     100.0209      67.6865      37.5357      40.2460
                 55.3619      70.8396      57.2689      46.0050      63.6776
                 46.4687      45.1292      46.1538      74.3564      74.3230
                 60.0493      44.9074     107.8330      44.7338      51.3135
                 70.4535      76.1819      77.9030      43.6844      57.5730
                 53.7186      31.4611       1.9963      32.7848      68.7717
   5    100      47.8135      41.9732      43.6366      56.4890      54.8814
                 67.9553      84.6873      84.4995      59.5110      38.7085
                 49.0366      44.3384      68.4360      66.8835      27.2101
                 53.8625      54.7844      53.0838      69.1245      53.4912
                 62.1394     100.1738      67.8910      37.6672      40.4233
                 55.5410      70.9764      57.4918      46.1694      63.8496
                 46.6142      45.2984      46.3038      74.5293      74.5031
                 60.1961      45.0408     108.0480      44.9016      51.4596
                 70.6094      76.3533      78.0475      43.8376      57.7427
                 53.8806      31.6313       2.1232      32.9633      69.0089
 
 group  inft   Estimated free energy: 3-th solvent contribution (kcal/mol)
   1      0     -10.0167      -7.4473      -8.5429     -17.6004     -18.2064
                -32.9091     -48.5130     -38.7329     -16.9748      -3.3860
                 -8.4124      -8.7471     -30.0923     -24.2147       1.0181
                -20.6708     -22.5422     -17.0045     -26.5025     -14.1382
                -29.4165     -61.8142     -28.2842      -9.0464      -1.8401
                -16.9849     -32.8597     -12.8962      -9.7955     -21.7679
                -11.0928      -9.0412     -11.7498     -35.6776     -30.8195
                -15.3669     -11.7052     -62.1269     -14.3862     -18.5382
                -26.9757     -32.5206     -38.2552      -8.9359     -25.3242
                -18.5605       1.1045      13.2340      -4.2805     -20.9904
   1     60     -10.4558      -7.8862      -8.9889     -18.0473     -18.6538
                -33.3572     -48.9666     -39.1829     -17.4201      -3.8239
                 -8.8523      -9.1892     -30.5411     -24.6587       0.5806
                -21.1180     -22.9877     -17.4507     -26.9498     -14.5832
                -29.8652     -62.2683     -28.7319      -9.4870      -2.2772
                -17.4297     -33.3093     -13.3409     -10.2367     -22.2141
                -11.5356      -9.4800     -12.1948     -36.1263     -31.2660
                -15.8107     -12.1491     -62.5780     -14.8318     -18.9848
                -27.4248     -32.9683     -38.7046      -9.3767     -25.7699
                -19.0051       0.6667      12.8006      -4.7176     -21.4352
   1     80     -14.0282     -11.4551     -12.5960     -21.6638     -22.2715
                -36.9885     -52.6360     -42.8204     -21.0263      -7.3869
                -12.4291     -12.7781     -34.1752     -28.2596      -2.9794
                -24.7303     -26.5985     -21.0644     -30.5737     -18.1894
                -33.4986     -65.9486     -32.3583     -13.0644      -5.8394
                -21.0370     -36.9448     -16.9400     -13.8181     -25.8267
                -15.1265     -13.0492     -15.7986     -39.7589     -34.8899
                -19.4081     -15.7442     -66.2419     -18.4428     -22.6021
                -31.0576     -36.5936     -42.3443     -12.9580     -29.3849
                -22.6095      -2.8953       9.2614      -8.2781     -25.0413
   1    100     -24.4976     -21.9013     -23.1093     -32.2043     -32.8203
                -47.5925     -63.3429     -53.4191     -31.5333     -17.8313
                -22.8891     -23.2793     -44.7760     -38.7857     -13.4116
                -35.2611     -37.1481     -31.6019     -41.1518     -28.7103
                -44.1004     -76.7165     -42.9414     -23.5384     -16.2818
                -31.5646     -47.5494     -27.4415     -24.2928     -36.3653
                -25.6187     -23.5165     -26.3167     -50.3597     -45.4806
                -29.9048     -26.2397     -76.9862     -28.9863     -33.1543
                -41.6404     -47.1697     -52.9729     -23.4332     -39.9516
                -33.1388     -13.3314      -1.1276     -18.7100     -35.5761
   2      0     -10.0449      -7.4922      -8.5918     -17.6206     -18.2380
                -32.9503     -48.5596     -38.7610     -17.0095      -3.4132
                 -8.4482      -8.7701     -30.0998     -24.2364       0.9824
                -20.7198     -22.5691     -17.0141     -26.5442     -14.1670
                -29.4583     -61.8480     -28.3091      -9.0794      -1.8740
                -17.0176     -32.8882     -12.9274      -9.8247     -21.8123
                -11.1245      -9.0769     -11.7853     -35.7100     -30.8445
                -15.4067     -11.7295     -62.1665     -14.4191     -18.5672
                -27.0069     -32.5732     -38.2912      -8.9474     -25.3450
                -18.5993       1.0764      13.2206      -4.3212     -21.0225
   3      0     -10.0694      -7.5222      -8.5961     -17.6449     -18.2687
                -32.9491     -48.5733     -38.7683     -17.0265      -3.4403
                 -8.4610      -8.7871     -30.1463     -24.2513       0.9651
                -20.7251     -22.6032     -17.0205     -26.5665     -14.1765
                -29.4764     -61.8880     -28.3276      -9.0923      -1.8950
                -17.0354     -32.9125     -12.9365      -9.8202     -21.8206
                -11.1322      -9.0830     -11.7910     -35.7069     -30.8783
                -15.4133     -11.7371     -62.1932     -14.4253     -18.5726
                -27.0418     -32.5938     -38.3197      -8.9469     -25.3718
                -18.6203       1.0543      13.1989      -4.3366     -21.0401
   4      0     -10.1102      -7.5372      -8.6588     -17.6758     -18.3118
                -33.0263     -48.6517     -38.8199     -17.0845      -3.4906
                 -8.5272      -8.8619     -30.1856     -24.3193       0.9000
                -20.8002     -22.6280     -17.0614     -26.6153     -14.2521
                -29.5533     -61.9357     -28.3702      -9.1864      -1.9678
                -17.1242     -32.9927     -12.9905      -9.8751     -21.8786
                -11.2200      -9.1673     -11.8568     -35.7988     -30.9596
                -15.4650     -11.8113     -62.2879     -14.4798     -18.6247
                -27.1143     -32.6527     -38.3866      -9.0148     -25.4239
                -18.6652       1.0223      13.1873      -4.3753     -21.1036
   5      0     -10.1290      -7.5831      -8.6735     -17.7184     -18.3047
                -33.0347     -48.6373     -38.8605     -17.1196      -3.5353
                 -8.5002      -8.8534     -30.2052     -24.3330       0.8844
                -20.8289     -22.6675     -17.0980     -26.6252     -14.2563
                -29.5661     -61.9690     -28.3944      -9.1823      -1.9647
                -17.1294     -33.0180     -12.9828      -9.8545     -21.8896
                -11.2137      -9.1798     -11.8608     -35.8124     -30.9692
                -15.4941     -11.8233     -62.2819     -14.5063     -18.6524
                -27.1268     -32.6735     -38.4185      -9.0176     -25.4597
                -18.6878       1.0123      13.1266      -4.4017     -21.1118
   5     60     -10.7274      -8.1811      -9.2815     -18.3277     -18.9145
                -33.6462     -49.2573     -39.4742     -17.7266      -4.1321
                 -9.0997      -9.4558     -30.8174     -24.9377       0.2883
                -21.4389     -23.2746     -17.7070     -27.2356     -14.8632
                -30.1782     -62.5898     -29.0058      -9.7826      -2.5604
                -17.7357     -33.6315     -13.5886     -10.4555     -22.4984
                -11.8179      -9.7781     -12.4670     -36.4257     -31.5783
                -16.0991     -12.4278     -62.8982     -15.1139     -19.2613
                -27.7391     -33.2840     -39.0314      -9.6186     -26.0671
                -19.2935       0.4161      12.5357      -4.9975     -21.7181
   5     80     -15.0652     -12.5131     -13.6590     -22.7141     -23.3035
                -38.0533     -53.7120     -43.8880     -22.1014      -8.4584
                -13.4414     -13.8131     -35.2286     -29.3083      -4.0341
                -25.8233     -27.6579     -22.0917     -31.6344     -19.2381
                -34.5880     -67.0597     -33.4088     -14.1265      -6.8859
                -22.1133     -38.0441     -17.9569     -14.8023     -26.8834
                -16.1765     -14.1130     -16.8403     -40.8365     -35.9764
                -20.4644     -16.7889     -67.3495     -19.4964     -23.6514
                -32.1473     -37.6834     -43.4487     -13.9652     -30.4533
                -23.6677      -3.9092       8.2379      -9.3211     -26.0957
   5    100     -24.6359     -22.0604     -23.2670     -32.3443     -32.9414
                -47.7453     -63.4956     -53.5737     -31.7026     -18.0045
                -23.0025     -23.4077     -44.9162     -38.9291     -13.5702
                -35.4456     -37.2956     -31.7161     -41.2970     -28.8502
                -44.2815     -76.9021     -43.0768     -23.7005     -16.4312
                -31.7320     -47.7354     -27.5533     -24.3734     -36.5135
                -25.7634     -23.6800     -26.4507     -50.5246     -45.6537
                -30.0551     -26.3758     -77.1726     -29.1321     -33.2945
                -41.8208     -47.3504     -53.1644     -23.5383     -40.1102
                -33.2899     -13.4485      -1.2593     -18.8579     -35.7234
 
 
 cumulative average & 95% error for solvation free energy
              total             1st component         2nd component         3rd component
  1   -88.6087             -126.0476               47.5204              -10.0694
  2   -92.5172     7.8170  -128.3784     4.6615    44.6691     5.7027    -8.7958     2.5472
  3   -95.0746     6.8213  -130.6358     5.2561    44.3025     3.3731    -8.7293     1.4766
  4   -94.3405     5.0419  -130.6814     3.7178    47.3111     6.4727   -10.9582     4.5785
  5   -93.5078     4.2457  -129.8671     3.3084    48.7916     5.8228   -12.4203     4.5966
  6   -93.6479     3.4779  -129.7292     2.7153    51.9351     7.8822   -15.8417     7.8046
  7   -93.9222     2.9902  -129.9749     2.3469    56.5824    11.4354   -20.5177    11.4440
  8   -94.6767     2.9971  -131.9244     4.3969    60.0588    12.1003   -22.7990    10.9106
  9   -95.0688     2.7571  -132.8810     4.3240    59.9819    10.6725   -22.1576     9.7074
 10   -95.2748     2.5002  -132.8048     3.8705    57.8280    10.4728   -20.2859     9.4552
 11   -95.4156     2.2790  -133.2032     3.5906    57.0106     9.6130   -19.2109     8.8186
 12   -95.7249     2.1704  -133.3003     3.2835    55.9297     9.0378   -18.3422     8.2356
 13   -95.6976     1.9972  -133.3074     3.0204    56.8721     8.5245   -19.2502     7.7903
 14   -95.8212     1.8655  -133.7672     2.9437    57.5655     8.0131   -19.6075     7.2477
 15   -95.8706     1.7395  -133.1439     3.0107    55.5213     8.5067   -18.2360     7.2835
 16   -95.8920     1.6278  -132.8945     2.8600    55.4060     7.9607   -18.3915     6.8202
 17   -95.5855     1.6473  -132.2949     2.9421    55.3606     7.4783   -18.6393     6.4256
 18   -95.5915     1.5531  -132.2433     2.7757    55.2132     7.0568   -18.5493     6.0608
 19   -95.2864     1.5908  -132.2316     2.6257    55.9286     6.8266   -18.9713     5.7947
 20   -95.3027     1.5095  -132.3484     2.5019    55.7893     6.4823   -18.7316     5.5182
 21   -95.1639     1.4625  -131.9935     2.4833    56.0849     6.1942   -19.2432     5.3477
 22   -95.1833     1.3949  -132.0658     2.3721    58.0761     7.1232   -21.1816     6.4053
 23   -95.1516     1.3344  -132.1342     2.2708    58.4870     6.8558   -21.4923     6.1519
 24   -95.0926     1.2830  -131.7090     2.3345    57.6041     6.7973   -20.9756     5.9800
 25   -95.3580     1.3403  -132.0364     2.3329    56.9028     6.6689   -20.2124     5.9354
 26   -95.4005     1.2905  -132.1420     2.2514    56.8439     6.4084   -20.0902     5.7078
 27   -95.6754     1.3580  -132.4563     2.2557    57.3581     6.2517   -20.5651     5.5738
 28   -95.5397     1.3364  -132.5904     2.1901    57.3555     6.0243   -20.2927     5.3987
 29   -95.2294     1.4311  -132.2474     2.2219    56.9616     5.8660   -19.9316     5.2590
 30   -95.1340     1.3957  -132.3099     2.1502    57.1824     5.6842   -19.9945     5.0822
 31   -95.2902     1.3856  -132.4048     2.0883    56.8354     5.5415   -19.7086     4.9487
 32   -95.2382     1.3456  -132.3199     2.0291    56.4703     5.4149   -19.3766     4.8374
 33   -95.1258     1.3234  -132.1262     2.0045    56.1592     5.2850   -19.1467     4.7110
 34   -94.8146     1.4268  -131.8600     2.0162    56.6913     5.2365   -19.6338     4.6730
 35   -94.6170     1.4407  -131.8474     1.9579    57.1975     5.1845   -19.9551     4.5828
 36   -94.6761     1.4051  -132.1111     1.9745    57.2759     5.0409   -19.8289     4.4608
 37   -94.8622     1.4164  -132.1795     1.9252    56.9396     4.9487   -19.6102     4.3606
 38   -94.9685     1.3949  -132.5055     1.9840    58.2798     5.5123   -20.7308     4.7997
 39   -94.8751     1.3715  -132.2185     2.0159    57.9246     5.4159   -20.5691     4.6861
 40   -94.6246     1.4275  -131.8525     2.0968    57.7592     5.2891   -20.5192     4.5686
 41   -94.7142     1.4038  -132.0875     2.0983    58.0637     5.1943   -20.6783     4.4671
 42   -94.8308     1.3897  -132.3523     2.1151    58.4955     5.1422   -20.9620     4.3962
 43   -94.9785     1.3887  -132.5442     2.1007    58.9435     5.1004   -21.3657     4.3680
 44   -94.9798     1.3568  -132.4780     2.0566    58.5937     5.0320   -21.0834     4.3048
 45   -95.0141     1.3281  -132.3940     2.0174    58.5707     4.9191   -21.1787     4.2123
 46   -94.9792     1.3007  -132.3083     1.9805    58.4643     4.8157   -21.1231     4.1212
 47   -95.0050     1.2738  -132.2331     1.9437    57.8914     4.8494   -20.6512     4.1415
 48   -95.0181     1.2473  -131.7847     2.1035    56.7247     5.2898   -19.9460     4.2927
 49   -94.8294     1.2785  -131.4262     2.1814    56.2363     5.2720   -19.6275     4.2522
 50   -94.8648     1.2547  -131.6822     2.1978    56.4851     5.1894   -19.6557     4.1666
 
 Mesh error is    1.255 kcal/mol
