 ERmod 0.3.8, Copyright (C) 2000-2019 Nobuyuki Matubayasi
                            2010-2019 Shun Sakuraba
 ERmod comes with ABSOLUTELY NO WARRANTY.
 This is free software, and you can redistribute it
 and/or modify it under certain conditions.
 See LICENSE file for details.
 ERmod 0.3.8, Copyright (C) 2000-2019 Nobuyuki Matubayasi
                            2010-2019 Shun Sakuraba
 ERmod comes with ABSOLUTELY NO WARRANTY.
 This is free software, and you can redistribute it
 and/or modify it under certain conditions.
 See LICENSE file for details.
 
  Number of the   1-th solvent  =          792
  Number of the   2-th solvent  =          792
  Number of the   3-th solvent  =        10000
 
  Be sure that the solvent distribution is homogeneous (radial distribution function is essentially unity) when the solvent molecule is separated beyond distance of   10.0 Angstrom in any direction from any atom within the solute molecule
 
  LJ long-range correction    =        -1.3175     -0.2494     -7.0203
 
  Self-energy of the solute   =        -0.0145  kcal/mol
 
 
 cumulative average & 95% error for solvation energy
              total             1st component         2nd component         3rd component
  1  -511.0669             -209.3704             -113.5420             -188.1401
  2  -508.3275     5.4789  -213.4949     8.2490   -90.5180    46.0480  -204.3001    32.3201
  3  -507.2909     3.7821  -210.6627     7.4004   -87.2884    27.3592  -209.3253    21.1945
  4  -507.4301     2.6888  -210.3481     5.2706   -87.5263    19.3517  -209.5412    14.9930
  5  -508.7801     3.4100  -209.7491     4.2547   -96.5895    23.5215  -202.4270    18.3662
  6  -509.1424     2.8770  -210.4917     3.7781  -100.6906    20.8834  -197.9457    17.4702
  7  -509.7481     2.7165  -211.9192     4.2835  -103.3342    18.4246  -194.4802    16.3109
  8  -509.4036     2.4513  -211.4029     3.8506  -101.3390    16.4475  -196.6472    14.7756
  9  -509.7358     2.2617  -211.8354     3.5044  -102.3456    14.6444  -195.5403    13.2176
 10  -510.0401     2.1125  -212.2037     3.2198  -103.9769    13.4986  -193.8450    12.2987
 11  -510.3395     2.0024  -210.5951     4.3396  -107.7580    14.3621  -191.9718    11.7385
 12  -510.7457     2.0004  -210.6805     3.9652  -110.7572    14.4178  -189.2935    11.9800
 13  -511.0219     1.9212  -210.6458     3.6481  -112.4714    13.6984  -187.8902    11.3718
 14  -511.1618     1.8005  -209.7732     3.8018  -114.4940    13.3118  -186.8801    10.7203
 15  -510.9728     1.7183  -210.2704     3.6764  -112.2300    13.1939  -188.4579    10.4671
 16  -510.7552     1.6652  -209.6028     3.6890  -110.8895    12.6296  -190.2484    10.4253
 17  -510.5636     1.6104  -210.0485     3.5781  -108.3085    12.9379  -192.1921    10.5363
 18  -510.6334     1.5247  -211.2617     4.1553  -107.5628    12.2888  -191.7945     9.9655
 19  -510.7699     1.4678  -211.5158     3.9633  -108.5490    11.7902  -190.6906     9.6815
 20  -510.7932     1.3933  -211.5161     3.7599  -108.3854    11.1900  -190.8771     9.1923
 21  -510.8874     1.3386  -210.6330     3.9887  -110.0325    11.1419  -190.2073     8.8456
 22  -510.9808     1.2899  -210.0932     3.9534  -111.4243    10.9820  -189.4489     8.5693
 23  -511.0462     1.2395  -210.1469     3.7791  -111.8926    10.5354  -188.9923     8.2390
 24  -511.0878     1.1896  -209.8586     3.6639  -112.9577    10.3094  -188.2570     8.0242
 25  -511.1748     1.1543  -210.1918     3.5769  -113.4258     9.9326  -187.5428     7.8279
 26  -511.2254     1.1136  -210.1920     3.4366  -113.6337     9.5520  -187.3853     7.5274
 27  -511.3009     1.0821  -210.1202     3.3099  -114.2255     9.2673  -186.9407     7.2976
 28  -511.4145     1.0672  -210.2459     3.1994  -114.7899     9.0013  -186.3643     7.1261
 29  -511.4803     1.0382  -210.3306     3.0918  -114.9692     8.6927  -186.1661     6.8874
 30  -511.3763     1.0243  -210.0090     3.0554  -114.2715     8.5131  -187.0813     6.9010
 31  -511.2389     1.0281  -210.1069     2.9616  -113.3176     8.4521  -187.7999     6.8276
 32  -511.1821     1.0019  -210.0519     2.8697  -112.9674     8.2136  -188.1483     6.6475
 33  -511.2286     0.9756  -209.4833     3.0049  -113.7706     8.1212  -187.9603     6.4538
 34  -511.2073     0.9474  -209.7506     2.9638  -113.3058     7.9334  -188.1364     6.2710
 35  -511.2682     0.9280  -209.5881     2.8962  -113.9863     7.8227  -187.6793     6.1575
 36  -511.3500     0.9165  -209.1341     2.9574  -115.0986     7.9211  -187.1028     6.0941
 37  -511.4089     0.8992  -209.0329     2.8835  -115.4668     7.7392  -186.8947     5.9417
 38  -511.4388     0.8772  -209.1723     2.8204  -115.6293     7.5397  -186.6227     5.8087
 39  -511.5186     0.8692  -209.1950     2.7475  -116.2458     7.4467  -186.0634     5.7674
 40  -511.5551     0.8503  -209.0542     2.6927  -116.7023     7.3153  -185.7841     5.6490
 41  -511.5916     0.8326  -209.4825     2.7623  -116.7074     7.1347  -185.3873     5.5664
 42  -511.6602     0.8240  -209.5447     2.6986  -116.9240     6.9762  -185.1770     5.4485
 43  -511.7049     0.8096  -209.5023     2.6365  -117.1534     6.8274  -185.0347     5.3279
 44  -511.6405     0.8014  -209.5781     2.5803  -116.6251     6.7536  -185.4228     5.2629
 45  -511.5823     0.7919  -209.7806     2.5546  -115.8148     6.7978  -185.9724     5.2608
 46  -511.6128     0.7769  -209.8339     2.5007  -115.9577     6.6546  -185.8066     5.1558
 47  -511.6647     0.7673  -209.8795     2.4487  -116.3532     6.5593  -185.4175     5.1046
 48  -511.6859     0.7523  -209.8864     2.3971  -116.5064     6.4285  -185.2786     5.0048
 49  -511.7190     0.7398  -209.7205     2.3710  -116.8119     6.3255  -185.1722     4.9062
 50  -511.7490     0.7273  -209.7296     2.3232  -116.8007     6.1978  -185.2041     4.8075
 
 
 group  inft  solvation free energy     error          difference
  total solvation free energy
   1      0        -67.01525           1.95586           0.52373
   1     60        -67.30492           1.95608           0.23406
   1     80        -69.62771           1.95884          -2.08874
   1    100        -78.34582           1.97066         -10.80684
   2      0        -67.01960           2.06419           0.51938
   3      0        -67.53897           2.09802           0.00000
   4      0        -67.22394           2.12444           0.31504
   5      0        -66.83642           2.13060           0.70255
   5     60        -67.22331           2.13097           0.31567
   5     80        -70.09196           2.13460          -2.55299
   5    100        -78.21988           2.14570         -10.68090
 
  contribution from  1-th solvent component
   1      0       -170.85579           2.15071          -1.09731
   1     60       -170.87888           2.15068          -1.12039
   1     80       -171.08688           2.15080          -1.32840
   1    100       -171.87419           2.15218          -2.11571
   2      0       -169.90858           2.26201          -0.15010
   3      0       -169.75848           2.30385           0.00000
   4      0       -169.09508           2.33182           0.66341
   5      0       -168.73589           2.33820           1.02260
   5     60       -168.76904           2.33819           0.98945
   5     80       -169.02900           2.33844           0.72949
   5    100       -169.76419           2.34003          -0.00571
 
  contribution from  2-th solvent component
   1      0         34.15312           2.90119           1.64994
   1     60         34.15774           2.90121           1.65456
   1     80         34.26196           2.90136           1.75877
   1    100         34.56391           2.90228           2.06073
   2      0         33.16635           2.87783           0.66317
   3      0         32.50318           2.86809           0.00000
   4      0         32.17553           2.87102          -0.32765
   5      0         32.22102           2.87081          -0.28216
   5     60         32.23312           2.87084          -0.27006
   5     80         32.35908           2.87097          -0.14410
   5    100         32.60638           2.87164           0.10320
 
  contribution from  3-th solvent component
   1      0         69.70190           2.32110          -0.02890
   1     60         69.43070           2.32133          -0.30011
   1     80         67.21169           2.32358          -2.51911
   1    100         58.97895           2.33230         -10.75186
   2      0         69.73712           2.31970           0.00631
   3      0         69.73081           2.31924           0.00000
   4      0         69.71009           2.31894          -0.02072
   5      0         69.69293           2.31922          -0.03788
   5     60         69.32709           2.31954          -0.40371
   5     80         66.59244           2.32241          -3.13837
   5    100         58.95241           2.33053         -10.77839
 
 
 group  inft   Estimated free energy: total (kcal/mol)
   1      0     -57.6000     -76.8974     -75.6854     -71.1102     -60.0757
                -56.9342     -63.4263     -71.4581     -63.4744     -63.8475
                -71.8355     -68.7925     -69.2685     -60.5700     -67.7993
                -68.8386     -68.2134     -73.0250     -67.3815     -60.9900
                -71.5907     -57.7060     -59.2201     -64.3685     -69.5211
                -64.6187     -55.9270     -69.5269     -65.0919     -69.1216
                -78.5293     -74.3171     -73.4782     -60.1146     -67.9790
                -64.9162     -56.3276     -53.4870     -69.3482     -61.5130
                -63.0995     -57.0490     -68.1817     -78.3859     -77.8949
                -59.8377     -77.4425     -71.0686     -81.0161     -72.8602
   1     60     -57.8890     -77.1903     -75.9794     -71.4026     -60.3645
                -57.2237     -63.7153     -71.7484     -63.7642     -64.1365
                -72.1263     -69.0816     -69.5565     -60.8591     -68.0892
                -69.1296     -68.5031     -73.3134     -67.6686     -61.2800
                -71.8809     -57.9949     -59.5080     -64.6564     -69.8090
                -64.9097     -56.2164     -69.8165     -65.3815     -69.4134
                -78.8204     -74.6085     -73.7685     -60.4036     -68.2683
                -65.2054     -56.6156     -53.7742     -69.6372     -61.8032
                -63.3874     -57.3385     -68.4717     -78.6762     -78.1872
                -60.1265     -77.7314     -71.3571     -81.3068     -73.1503
   1     80     -60.2095     -79.5477     -78.3416     -73.7575     -62.6733
                -59.5440     -66.0322     -74.0854     -66.0881     -66.4518
                -74.4538     -71.3934     -71.8600     -63.1724     -70.4195
                -71.4689     -70.8276     -75.6279     -69.9639     -63.6132
                -74.2075     -60.3066     -61.8056     -66.9568     -72.1120
                -67.2392     -58.5367     -72.1354     -67.7008     -71.7649
                -81.1668     -76.9560     -76.1010     -62.7173     -70.5798
                -67.5299     -58.9177     -56.0642     -71.9538     -64.1311
                -65.6892     -59.6546     -70.7991     -81.0137     -80.5391
                -62.4414     -80.0485     -73.6673     -83.6347     -75.4834
   1    100     -68.9133     -88.3926     -87.2043     -82.5996     -71.3291
                -68.2478     -74.7311     -82.8754     -74.8150     -75.1418
                -83.1706     -80.0517     -80.4974     -71.8452     -79.1851
                -80.2505     -79.5589     -84.3155     -78.5700     -72.3895
                -82.9541     -68.9802     -70.4161     -75.5818     -80.7445
                -75.9661     -67.2491     -80.8316     -76.4013     -80.6177
                -89.9894     -85.7797     -84.8646     -71.3984     -79.2480
                -76.2672     -67.5510     -64.6483     -80.6541     -72.8714
                -74.3034     -68.3279     -79.5485     -89.8066     -89.3759
                -71.1217     -88.7566     -82.3241     -92.3753     -84.2518
   2      0     -57.4410     -77.5114     -76.4343     -71.2940     -59.7797
                -56.6599     -63.2100     -72.6202     -62.7735     -63.7862
                -72.1028     -68.9853     -69.4077     -60.2734     -68.1203
                -69.3943     -68.9524     -73.7221     -67.8510     -60.5280
                -71.2449     -56.9734     -58.9009     -64.3397     -69.9288
                -64.7032     -55.2982     -69.3058     -64.8128     -68.6905
                -79.1368     -75.0006     -73.6822     -59.4249     -67.4822
                -64.8672     -56.0184     -52.4124     -68.8124     -60.8374
                -63.4730     -56.5428     -67.8799     -78.9787     -78.2645
                -59.3598     -77.8760     -71.5404     -81.7969     -72.5475
   3      0     -57.6561     -78.2569     -77.3180     -71.6921     -60.3083
                -56.9859     -63.5552     -73.4773     -63.0393     -64.4093
                -72.6235     -69.5651     -70.1052     -60.8015     -68.7350
                -70.0973     -69.7924     -74.6032     -68.3010     -60.6104
                -71.7775     -57.3850     -59.4830     -64.7228     -70.5663
                -65.4215     -55.5506     -69.7977     -65.0914     -68.7757
                -79.9277     -75.7899     -74.3243     -59.5928     -67.9240
                -65.1265     -56.4710     -52.8961     -69.0600     -61.1750
                -64.3401     -57.2330     -68.3525     -79.7024     -78.8300
                -59.5620     -78.5474     -72.1239     -82.5166     -72.9489
   4      0     -57.4585     -78.1807     -76.9360     -71.3281     -59.8449
                -56.7074     -63.1069     -73.5218     -62.4081     -63.9387
                -72.4001     -69.3926     -69.8258     -60.3848     -68.5331
                -69.9129     -69.4913     -74.5436     -68.3060     -60.4241
                -71.2811     -56.8739     -58.9948     -64.6419     -70.3119
                -64.8358     -55.1570     -69.5794     -64.6965     -68.4850
                -79.7747     -75.4871     -73.9969     -59.2272     -67.7219
                -64.9858     -55.9416     -52.4415     -68.8311     -60.7609
                -63.8127     -56.5692     -67.8912     -79.5212     -78.5251
                -58.9444     -78.4750     -71.8812     -82.3520     -72.5537
   5      0     -56.7348     -77.6047     -76.9537     -70.8933     -59.4907
                -56.1085     -62.6402     -73.1920     -62.2221     -63.6038
                -72.2870     -68.8871     -69.4465     -59.9459     -67.9933
                -69.8078     -68.8999     -74.2439     -68.0610     -60.0610
                -70.8166     -56.6882     -59.0544     -64.2430     -69.8091
                -64.4722     -54.5599     -69.1846     -64.3621     -68.0033
                -79.3847     -75.3176     -73.5132     -58.7066     -67.1930
                -64.4518     -55.4241     -51.9906     -68.2001     -60.4178
                -63.4352     -56.2465     -67.7549     -79.0782     -78.3651
                -58.5909     -78.0145     -71.3410     -81.8781     -72.2462
   5     60     -57.1213     -77.9970     -77.3471     -71.2849     -59.8757
                -56.4953     -63.0261     -73.5801     -62.6091     -63.9894
                -72.6750     -69.2731     -69.8308     -60.3318     -68.3805
                -70.1967     -69.2867     -74.6295     -68.4439     -60.4487
                -71.2038     -57.0737     -59.4381     -64.6271     -70.1933
                -64.8610     -54.9463     -69.5715     -64.7485     -68.3931
                -79.7744     -75.7071     -73.9015     -59.0924     -67.5790
                -64.8383     -55.8083     -52.3730     -68.5861     -60.8053
                -63.8195     -56.6330     -68.1420     -79.4666     -78.7563
                -58.9768     -78.4006     -71.7264     -82.2661     -72.6340
   5     80     -59.9896     -80.9091     -80.2675     -74.1962     -62.7242
                -59.3614     -65.8864     -76.4704     -65.4793     -66.8496
                -75.5455     -72.1249     -72.6728     -63.1867     -71.2610
                -73.0858     -72.1582     -77.4887     -71.2762     -63.3323
                -74.0771     -59.9270     -62.2730     -67.4663     -73.0352
                -67.7349     -57.8107     -72.4335     -67.6124     -71.2986
                -82.6749     -78.6086     -76.7848     -61.9502     -70.4327
                -67.7102     -58.6509     -55.1950     -71.4450     -63.6803
                -66.6596     -59.4940     -71.0181     -82.3586     -81.6638
                -61.8369     -81.2643     -74.5789     -85.1414     -75.5156
   5    100     -68.1082     -89.1549     -88.5333     -82.4450     -70.7915
                -67.4786     -73.9903     -84.6748     -73.6131     -74.9555
                -83.6624     -80.1930     -80.7223     -71.2708     -79.4393
                -81.2749     -80.3015     -85.5924     -79.2950     -71.5150
                -82.2284     -68.0084     -70.2991     -75.5077     -81.0795
                -75.8655     -65.9312     -80.5336     -75.7250     -79.5461
                -90.9022     -86.8355     -84.9586     -70.0477     -78.5116
                -75.8547     -66.7024     -63.1848     -79.5513     -71.8290
                -74.6901     -67.5835     -79.1809     -90.5624     -89.9074
                -69.9361     -89.3880     -82.6519     -93.2907     -83.6885
 
 group  inft   Estimated free energy: 1-th solvent contribution (kcal/mol)
   1      0    -164.6872    -182.4883    -176.6071    -171.6674    -165.5174
               -162.8938    -173.0278    -177.9926    -170.5889    -170.3949
               -170.1750    -173.8748    -176.3985    -163.0309    -176.0183
               -172.1167    -181.9265    -189.5709    -178.5582    -164.6227
               -162.9418    -157.0196    -170.1220    -168.1589    -179.6975
               -167.5578    -157.9368    -174.2434    -167.1948    -164.0146
               -182.2174    -175.1791    -165.2758    -171.4814    -169.1367
               -155.1087    -163.0792    -164.5384    -168.2318    -159.9937
               -179.7077    -163.2182    -165.2785    -179.7510    -180.2082
               -163.8948    -179.7587    -176.8101    -176.5856    -172.2896
   1     60    -164.7105    -182.5114    -176.6304    -171.6907    -165.5404
               -162.9172    -173.0511    -178.0155    -170.6121    -170.4180
               -170.1981    -173.8978    -176.4215    -163.0540    -176.0414
               -172.1398    -181.9493    -189.5934    -178.5809    -164.6458
               -162.9650    -157.0429    -170.1451    -168.1819    -179.7203
               -167.5809    -157.9601    -174.2664    -167.2179    -164.0380
               -182.2406    -175.2023    -165.2990    -171.5043    -169.1599
               -155.1319    -163.1020    -164.5614    -168.2548    -160.0167
               -179.7305    -163.2415    -165.3019    -179.7740    -180.2313
               -163.9179    -179.7816    -176.8330    -176.6087    -172.3128
   1     80    -164.9193    -182.7221    -176.8419    -171.9005    -165.7469
               -163.1256    -173.2596    -178.2252    -170.8204    -170.6256
               -170.4064    -174.1049    -176.6299    -163.2610    -176.2501
               -172.3493    -182.1568    -189.8000    -178.7871    -164.8535
               -163.1727    -157.2507    -170.3530    -168.3888    -179.9268
               -167.7884    -158.1670    -174.4742    -167.4250    -164.2477
               -182.4512    -175.4122    -165.5082    -171.7112    -169.3686
               -155.3385    -163.3069    -164.7676    -168.4616    -160.2228
               -179.9381    -163.4493    -165.5112    -179.9824    -180.4401
               -164.1245    -179.9896    -177.0398    -176.8179    -172.5221
   1    100    -165.7079    -183.5218    -177.6445    -172.6928    -166.5257
               -163.9071    -174.0466    -179.0242    -171.6087    -171.4086
               -171.1960    -174.8880    -177.4221    -164.0422    -177.0430
               -173.1452    -182.9500    -190.5915    -179.5716    -165.6380
               -163.9557    -158.0318    -171.1400    -169.1714    -180.7126
               -168.5723    -158.9421    -175.2611    -168.2058    -165.0375
               -183.2531    -176.2089    -166.3005    -172.4968    -170.1591
               -156.1121    -164.0850    -165.5473    -169.2427    -161.0008
               -180.7265    -164.2309    -166.2992    -180.7745    -181.2287
               -164.9025    -180.7809    -177.8255    -177.6146    -173.3140
   2      0    -163.0732    -182.1597    -176.1995    -170.6178    -164.3031
               -161.2161    -172.0940    -177.7488    -169.1323    -169.2653
               -169.7184    -173.2518    -176.0030    -162.0278    -175.0656
               -171.5631    -181.5630    -189.3395    -178.1099    -162.9506
               -161.7387    -155.4719    -169.1012    -167.2566    -179.2684
               -166.7757    -156.5651    -173.5354    -165.7498    -162.5360
               -181.9284    -174.6481    -164.3659    -169.7907    -167.9317
               -154.1473    -161.8026    -163.1224    -167.0510    -158.4412
               -179.0833    -161.5452    -163.8126    -179.3472    -179.7357
               -162.2617    -179.4399    -176.3094    -176.3225    -170.9413
   3      0    -162.5362    -182.1980    -176.2644    -170.4392    -164.1691
               -160.7516    -171.8297    -177.8213    -168.7306    -169.0816
               -169.7344    -173.2802    -176.1120    -161.8578    -174.8765
               -171.6240    -181.6410    -189.4468    -178.1742    -162.4349
               -161.6461    -155.1643    -168.9458    -167.0884    -179.3160
               -166.7138    -156.1231    -173.5632    -165.3156    -162.0314
               -181.9647    -174.6077    -164.1641    -169.3648    -167.6977
               -153.8889    -161.6257    -162.9148    -166.7897    -158.1849
               -179.1726    -161.3636    -163.5724    -179.4338    -179.7364
               -161.6771    -179.4816    -176.2621    -176.3500    -170.7604
   4      0    -161.8140    -181.7683    -175.6751    -169.7256    -163.3882
               -160.0509    -171.1726    -177.3670    -167.8900    -168.2354
               -169.1792    -172.6132    -175.5467    -161.2222    -174.2127
               -170.9719    -181.1056    -188.9611    -177.5915    -161.8203
               -160.6862    -154.2677    -168.1697    -166.4084    -178.7361
               -165.9390    -155.5176    -172.9978    -164.6431    -161.4333
               -181.5605    -174.0015    -163.6504    -168.6513    -167.0794
               -153.3100    -160.9429    -162.0848    -166.1840    -157.2418
               -178.4971    -160.3333    -162.7878    -178.9091    -179.1353
               -160.6032    -179.1577    -175.7851    -175.9202    -169.8078
   5      0    -161.2919    -181.3166    -175.5256    -169.3237    -163.0513
               -159.4569    -170.8039    -177.0328    -167.6234    -167.8651
               -169.0955    -172.2884    -175.1933    -160.7913    -173.7533
               -170.8362    -180.6889    -188.6443    -177.4726    -161.4265
               -160.2481    -153.9629    -168.0331    -166.0796    -178.3398
               -165.5658    -155.0224    -172.6656    -164.2029    -161.0669
               -181.1995    -173.7816    -163.2264    -168.2209    -166.6197
               -152.9327    -160.4717    -161.6945    -165.6652    -156.9876
               -178.1571    -159.9420    -162.4611    -178.5601    -178.8789
               -160.2730    -178.7360    -175.2688    -175.4444    -169.6047
   5     60    -161.3252    -181.3501    -175.5592    -169.3573    -163.0843
               -159.4903    -170.8371    -177.0659    -167.6565    -167.8982
               -169.1286    -172.3215    -175.2263    -160.8244    -173.7864
               -170.8694    -180.7217    -188.6769    -177.5054    -161.4595
               -160.2813    -153.9961    -168.0663    -166.1126    -178.3726
               -165.5990    -155.0556    -172.6987    -164.2360    -161.1003
               -181.2329    -173.8148    -163.2597    -168.2539    -166.6530
               -152.9660    -160.5044    -161.7273    -165.6983    -157.0206
               -178.1900    -159.9753    -162.4946    -178.5933    -178.9124
               -160.3060    -178.7690    -175.3018    -175.4776    -169.6380
   5     80    -161.5857    -181.6142    -175.8236    -169.6200    -163.3423
               -159.7496    -171.0964    -177.3277    -167.9160    -168.1573
               -169.3882    -172.5810    -175.4864    -161.0834    -174.0472
               -171.1319    -180.9818    -188.9360    -177.7637    -161.7182
               -160.5406    -154.2544    -168.3262    -166.3714    -178.6309
               -165.8580    -155.3136    -172.9582    -164.4951    -161.3616
               -181.4961    -174.0765    -163.5214    -168.5130    -166.9137
               -153.2243    -160.7614    -161.9835    -165.9568    -157.2785
               -178.4494    -160.2354    -162.7558    -178.8551    -179.1750
               -160.5641    -179.0298    -175.5610    -175.7395    -169.8991
   5    100    -162.3199    -182.3636    -176.5733    -170.3616    -164.0697
               -160.4766    -171.8273    -178.0733    -168.6488    -168.8873
               -170.1235    -173.3149    -176.2255    -161.8137    -174.7872
               -171.8768    -181.7242    -189.6775    -178.4985    -162.4475
               -161.2705    -154.9795    -169.0614    -167.1030    -179.3652
               -166.5892    -156.0365    -173.6924    -165.2246    -162.0968
               -182.2451    -174.8181    -164.2618    -169.2479    -167.6512
               -153.9481    -161.4901    -162.7064    -166.6868    -158.0055
               -179.1856    -160.9661    -163.4912    -179.5984    -179.9170
               -161.2897    -179.7715    -176.2971    -176.4845    -170.6371
 
 group  inft   Estimated free energy: 2-th solvent contribution (kcal/mol)
   1      0      38.6387      53.5653      47.5587      42.3392      30.3116
                 31.0879      34.4221      49.9550      38.0491      33.5040
                 22.7110      23.4207      30.3840      27.5100      51.0517
                 48.8790      63.2208      46.3245      35.0936      37.8291
                 17.7150      23.5768      38.2314      27.5675      33.6169
                 31.6705      27.9023      28.0509      30.2303      39.5676
                 45.7125      37.3583      20.4414      45.1769      25.2737
                 12.5427      34.3830      37.2458      19.5160      23.3646
                 39.7909      31.8889      24.0289      39.3386      44.7524
                 30.9630      25.0961      32.7477      23.5394      30.5097
   1     60      38.6434      53.5698      47.5626      42.3432      30.3167
                 31.0924      34.4266      49.9593      38.0538      33.5086
                 22.7158      23.4254      30.3893      27.5148      51.0561
                 48.8832      63.2262      46.3295      35.0989      37.8332
                 17.7188      23.5815      38.2371      27.5728      33.6225
                 31.6753      27.9066      28.0558      30.2345      39.5715
                 45.7166      37.3624      20.4456      45.1821      25.2781
                 12.5464      34.3886      37.2514      19.5207      23.3691
                 39.7960      31.8933      24.0332      39.3428      44.7567
                 30.9677      25.1007      32.7533      23.5434      30.5138
   1     80      38.7465      53.6639      47.6544      42.4328      30.4295
                 31.1944      34.5282      50.0603      38.1593      33.6116
                 22.8188      23.5341      30.5051      27.6240      51.1590
                 48.9853      63.3433      46.4390      35.2178      37.9279
                 17.8142      23.6890      38.3605      27.6886      33.7390
                 31.7783      28.0078      28.1614      30.3369      39.6610
                 45.8126      37.4530      20.5426      45.2961      25.3868
                 12.6359      34.5089      37.3754      19.6227      23.4665
                 39.9125      31.9998      24.1305      39.4375      44.8475
                 31.0740      25.2038      32.8651      23.6434      30.6109
   1    100      39.0554      53.9205      47.8980      42.6656      30.7730
                 31.4876      34.8235      50.3488      38.4621      33.9069
                 23.1156      23.8591      30.8577      27.9527      51.4534
                 49.2857      63.7072      46.7625      35.5945      38.1817
                 18.0687      24.0025      38.7525      28.0458      34.0973
                 32.0791      28.2937      28.4659      30.6331      39.8923
                 46.0724      37.6874      20.8096      45.6453      25.7186
                 12.8713      34.8858      37.7699      19.9065      23.7340
                 40.2808      32.3246      24.3936      39.6877      45.0809
                 31.3856      25.4979      33.2042      23.9225      30.8748
   2      0      37.1468      52.5759      46.3555      41.0499      29.3633
                 29.6399      33.6679      48.5076      37.2342      32.3935
                 21.9507      22.5620      29.7820      26.7956      49.7545
                 47.7346      62.0634      45.3571      34.1330      36.5797
                 16.8265      22.7166      37.4983      26.6767      32.7624
                 30.7739      27.1436      27.5462      29.0516      38.4649
                 44.7956      36.0940      19.2717      44.1562      24.5335
                 11.6034      33.3565      36.8532      18.8692      22.4464
                 38.7492      30.7079      22.8336      38.2905      43.8641
                 29.7895      24.3180      31.7482      22.4719      29.4573
   3      0      36.4114      51.8811      45.5277      40.4776      28.7280
                 28.8543      33.0666      47.7373      36.5687      31.5954
                 21.4575      22.0027      29.1957      26.1123      48.9463
                 47.1029      61.2969      44.5872      33.7465      35.9787
                 16.2034      22.0057      36.7937      26.1090      32.1849
                 30.0173      26.4519      27.0805      28.3508      37.8761
                 44.0451      35.2693      18.4358      43.5390      23.8604
                 11.1149      32.7254      36.1737      18.3737      21.8755
                 37.9824      29.8436      22.1326      37.6629      43.3202
                 29.0104      23.7096      31.1061      21.7617      28.8683
   4      0      35.8719      51.5582      45.3455      40.1691      28.4073
                 28.4771      32.8550      47.2573      36.3551      31.2609
                 21.1326      21.5504      28.9298      25.9123      48.5178
                 46.6285      61.0645      44.1902      33.2084      35.5638
                 15.7744      21.6286      36.4821      25.5315      31.8885
                 29.8345      26.2683      26.7497      28.1027      37.5864
                 43.8093      35.0024      18.2536      43.2211      23.4797
                 10.6887      32.5907      35.8290      18.0076      21.3592
                 37.8636      29.5021      21.8299      37.3749      43.0299
                 28.5870      23.4794      30.8964      21.5393      28.3304
   5      0      36.1165      51.6870      45.1747      40.2096      28.4498
                 28.4830      32.9847      47.2838      36.3117      31.2123
                 21.1935      21.7468      28.9894      25.9368      48.5952
                 46.6081      61.2669      44.1981      33.3333      35.5594
                 15.8210      21.5187      36.3429      25.6089      32.0211
                 29.8566      26.3988      26.8175      28.0066      37.7285
                 43.8618      34.9584      18.3234      43.3085      23.5597
                 10.8585      32.6298      35.9148      18.1278      21.4663
                 37.9063      29.4333      21.6627      37.4839      42.9947
                 28.6161      23.5230      30.9465      21.5643      28.4500
   5     60      36.1283      51.6984      45.1854      40.2204      28.4629
                 28.4947      32.9962      47.2955      36.3240      31.2244
                 21.2059      21.7593      29.0025      25.9494      48.6070
                 46.6196      61.2803      44.2106      33.3470      35.5703
                 15.8320      21.5310      36.3573      25.6221      32.0348
                 29.8688      26.4105      26.8300      28.0185      37.7393
                 43.8729      34.9692      18.3343      43.3216      23.5717
                 10.8689      32.6436      35.9291      18.1400      21.4779
                 37.9196      29.4455      21.6742      37.4950      43.0058
                 28.6283      23.5348      30.9599      21.5757      28.4613
   5     80      36.2508      51.8118      45.2925      40.3258      28.6027
                 28.6158      33.1200      47.4148      36.4513      31.3474
                 21.3326      21.8934      29.1439      26.0839      48.7294
                 46.7439      61.4228      44.3426      33.4939      35.6817
                 15.9469      21.6613      36.5101      25.7646      32.1785
                 29.9940      26.5333      26.9588      28.1429      37.8465
                 43.9868      35.0751      18.4473      43.4598      23.7044
                 10.9754      32.7904      36.0846      18.2654      21.5949
                 38.0631      29.5745      21.7899      37.6063      43.1147
                 28.7558      23.6586      31.0960      21.6960      28.5771
   5    100      36.4994      52.0194      45.4822      40.5052      28.8927
                 28.8488      33.3654      47.6410      36.6984      31.5843
                 21.5816      22.1675      29.4387      26.3602      48.9628
                 46.9890      61.7254      44.6066      33.8149      35.8804
                 16.1514      21.9192      36.8454      26.0651      32.4837
                 30.2422      26.7678      27.2151      28.3833      38.0307
                 44.1952      35.2548      18.6557      43.7483      23.9819
                 11.1639      33.1065      36.4270      18.5029      21.8106
                 38.3748      29.8406      21.9965      37.8029      43.3021
                 29.0056      23.8959      31.3777      21.9213      28.7871
 
 group  inft   Estimated free energy: 3-th solvent contribution (kcal/mol)
   1      0      68.4630      52.0400      53.3775      58.2325      75.1446
                 74.8862      75.1939      56.5939      69.0798      73.0579
                 75.6429      81.6760      76.7606      74.9653      57.1818
                 54.4135      50.5068      70.2358      76.0975      65.8180
                 73.6505      75.7513      72.6849      76.2374      76.5739
                 71.2831      74.1220      76.6800      71.8871      55.3399
                 57.9901      63.5180      71.3706      66.2043      75.8985
                 77.6643      72.3831      73.8201      79.3821      75.1305
                 76.8318      74.2948      73.0824      62.0410      57.5754
                 73.1086      77.2345      73.0082      72.0447      68.9342
   1     60      68.1925      51.7659      53.1029      57.9593      74.8738
                 74.6156      74.9238      56.3223      68.8086      72.7874
                 75.3705      81.4053      76.4902      74.6946      56.9105
                 54.1414      50.2345      69.9650      75.8278      65.5470
                 73.3799      75.4810      72.4144      75.9673      76.3032
                 71.0104      73.8516      76.4086      71.6163      55.0677
                 57.7180      63.2458      71.0994      65.9331      75.6280
                 77.3947      72.1122      73.5502      79.1114      74.8589
                 76.5616      74.0242      72.8115      61.7695      57.3020
                 72.8381      76.9640      72.7371      71.7730      68.6631
   1     80      65.9779      49.5249      50.8604      55.7247      72.6585
                 72.4016      72.7137      54.0939      66.5875      70.5766
                 73.1483      79.1918      74.2793      72.4791      54.6861
                 51.9096      48.0004      67.7475      73.6198      63.3268
                 71.1655      73.2696      70.2015      73.7578      74.0903
                 68.7854      71.6370      74.1918      69.4018      52.8362
                 55.4863      61.0177      68.8790      63.7123      73.4164
                 75.1871      69.8948      71.3425      76.8996      72.6398
                 74.3509      71.8094      70.5961      59.5457      55.0680
                 70.6236      74.7517      70.5218      69.5544      66.4423
   1    100      57.7537      41.2232      42.5566      47.4421      64.4380
                 64.1861      64.5066      45.8146      58.3461      62.3744
                 64.9243      70.9917      66.0815      64.2588      46.4190
                 43.6235      39.6984      59.5280      65.4216      55.0813
                 62.9474      65.0636      61.9859      65.5582      65.8853
                 60.5417      63.4138      65.9781      61.1859      44.5420
                 47.2058      52.7563      60.6409      55.4675      65.2070
                 66.9881      61.6627      63.1436      68.6965      64.4100
                 66.1568      63.5928      62.3716      51.2947      46.7864
                 62.4097      66.5409      62.3117      61.3313      58.2019
   2      0      68.4999      52.0869      53.4242      58.2885      75.1746
                 74.9308      75.2306      56.6355      69.1391      73.1000
                 75.6794      81.7190      76.8278      74.9733      57.2052
                 54.4487      50.5618      70.2747      76.1404      65.8574
                 73.6817      75.7964      72.7165      76.2547      76.5916
                 71.3130      74.1378      76.6978      71.8999      55.3950
                 58.0104      63.5680      71.4265      66.2241      75.9305
                 77.6912      72.4421      73.8713      79.3838      75.1718
                 76.8756      74.3090      73.1136      62.0926      57.6217
                 73.1268      77.2604      73.0353      72.0681      68.9510
   3      0      68.4831      52.0744      53.4331      58.2840      75.1472
                 74.9259      75.2224      56.6212      69.1372      73.0914
                 75.6679      81.7269      76.8255      74.9584      57.2097
                 54.4383      50.5662      70.2708      76.1412      65.8603
                 73.6797      75.7880      72.6836      76.2711      76.5792
                 71.2895      74.1352      76.6995      71.8878      55.3941
                 58.0063      63.5630      71.4184      66.2474      75.9277
                 77.6620      72.4437      73.8594      79.3705      75.1489
                 76.8646      74.3014      73.1018      62.0830      57.6006
                 73.1192      77.2390      73.0466      72.0862      68.9577
   4      0      68.4981      52.0438      53.4081      58.2429      75.1505
                 74.8809      75.2251      56.6024      69.1413      73.0503
                 75.6610      81.6847      76.8056      74.9396      57.1763
                 54.4450      50.5643      70.2418      76.0916      65.8469
                 73.6451      75.7796      72.7074      76.2495      76.5501
                 71.2831      74.1067      76.6831      71.8584      55.3765
                 57.9911      63.5266      71.4144      66.2175      75.8923
                 77.6500      72.4250      73.8288      79.3598      75.1363
                 76.8353      74.2765      73.0812      62.0275      57.5947
                 73.0864      77.2178      73.0220      72.0434      68.9381
   5      0      68.4551      52.0393      53.4116      58.2353      75.1253
                 74.8799      75.1935      56.5715      69.1041      73.0635
                 75.6295      81.6689      76.7719      74.9231      57.1792
                 54.4348      50.5365      70.2167      76.0928      65.8206
                 73.6250      75.7705      72.6502      76.2422      76.5241
                 71.2515      74.0782      76.6779      71.8486      55.3496
                 57.9675      63.5201      71.4043      66.2203      75.8815
                 77.6369      72.4323      73.8036      79.3518      75.1181
                 76.8300      74.2766      73.0580      62.0125      57.5335
                 73.0805      77.2129      72.9958      72.0165      68.9229
   5     60      68.0902      51.6693      53.0412      57.8664      74.7602
                 74.5149      74.8293      56.2048      68.7379      72.6990
                 75.2622      81.3035      76.4075      74.5577      56.8134
                 54.0676      50.1692      69.8513      75.7289      65.4551
                 73.2599      75.4059      72.2853      75.8779      76.1589
                 70.8837      73.7133      76.3117      71.4835      54.9823
                 57.6001      63.1530      71.0385      65.8545      75.5167
                 77.2732      72.0669      73.4397      78.9867      74.7520
                 76.4654      73.9114      72.6928      61.6462      57.1648
                 72.7154      76.8482      72.6300      71.6503      68.5572
   5     80      65.3597      48.9078      50.2781      55.1126      72.0299
                 71.7869      72.1045      53.4569      65.9999      69.9747
                 72.5246      78.5771      73.6842      71.8274      54.0712
                 51.3167      47.4153      67.1192      73.0082      62.7186
                 70.5311      72.6806      69.5576      73.1550      73.4317
                 68.1436      70.9842      73.5803      68.7543      52.2309
                 54.8489      60.4073      68.3037      63.1175      72.7911
                 74.5532      69.3346      70.7183      76.2608      72.0177
                 73.7411      71.1813      69.9623      58.9046      54.4110
                 69.9859      74.1214      69.9006      68.9166      65.8209
   5    100      57.7268      41.2038      42.5723      47.4258      64.4000
                 64.1637      64.4861      45.7721      58.3518      62.3619
                 64.8939      70.9688      66.0791      64.1972      46.3996
                 43.6273      39.7118      59.4930      65.4031      55.0666
                 62.9053      65.0663      61.9314      65.5447      65.8166
                 60.4960      63.3520      65.9582      61.1308      44.5345
                 47.1622      52.7423      60.6619      55.4664      65.1722
                 66.9439      61.6958      63.1091      68.6471      64.3804
                 66.1351      63.5565      62.3284      51.2477      46.7221
                 62.3625      66.5020      62.2819      61.2869      58.1760
 
 
 cumulative average & 95% error for solvation free energy
              total             1st component         2nd component         3rd component
  1   -57.6561             -162.5362               36.4114               68.4831
  2   -67.9565    20.6007  -172.3671    19.6618    44.1463    15.4697    60.2788    16.4087
  3   -71.0770    13.4318  -173.6662    11.6453    44.6068     8.9788    57.9969    10.5155
  4   -71.2308     9.5027  -172.8594     8.3910    43.5745     6.6762    58.0687     7.4370
  5   -69.0463     8.5597  -171.1214     7.3708    40.6052     7.8746    61.4844     8.9361
  6   -67.0362     8.0627  -169.3931     6.9403    38.6467     7.5288    63.7246     8.5622
  7   -66.5389     6.8864  -169.7412     5.9068    37.8496     6.5597    65.3672     7.9471
  8   -67.4062     6.2110  -170.7512     5.4998    39.0855     6.1954    64.2739     7.2214
  9   -66.9210     5.5629  -170.5267     4.8711    38.8059     5.4923    64.8143     6.4597
 10   -66.6698     5.0009  -170.3822     4.3664    38.0848     5.1198    65.6420     6.0102
 11   -67.2111     4.6512  -170.3233     3.9514    36.5733     5.5304    66.5534     5.7339
 12   -67.4072     4.2640  -170.5697     3.6406    35.3590     5.6023    67.8179     5.8132
 13   -67.6148     3.9442  -170.9960     3.4557    34.8849     5.2398    68.5108     5.5240
 14   -67.1281     3.7791  -170.3433     3.4554    34.2583     5.0104    68.9713     5.1965
 15   -67.2352     3.5247  -170.6455     3.2731    35.2375     5.0589    68.1872     5.0856
 16   -67.4141     3.3164  -170.7067     3.0642    35.9791     4.9591    67.3279     5.0580
 17   -67.5540     3.1278  -171.3499     3.1527    37.4684     5.5292    66.3419     5.1442
 18   -67.9456     3.0511  -172.3552     3.5886    37.8639     5.2726    66.5602     4.8696
 19   -67.9643     2.8863  -172.6615     3.4493    37.6472     5.0062    67.0645     4.7153
 20   -67.5966     2.8352  -172.1502     3.4284    37.5638     4.7522    67.0043     4.4749
 21   -67.7957     2.7261  -171.6500     3.4110    36.5466     4.9569    67.3221     4.3037
 22   -67.3225     2.7662  -170.9006     3.5810    35.8856     4.9076    67.7070     4.1750
 23   -66.9817     2.7296  -170.8156     3.4260    35.9251     4.6901    67.9233     4.0127
 24   -66.8876     2.6202  -170.6603     3.2948    35.5161     4.5643    68.2711     3.9044
 25   -67.0347     2.5304  -171.0066     3.2352    35.3829     4.3860    68.6035     3.8035
 26   -66.9727     2.4343  -170.8415     3.1258    35.1765     4.2341    68.7068     3.6601
 27   -66.5496     2.4905  -170.2963     3.1993    34.8534     4.1252    68.9078     3.5448
 28   -66.6656     2.4111  -170.4130     3.0917    34.5758     4.0138    69.1861     3.4609
 29   -66.6113     2.3290  -170.2372     3.0039    34.3611     3.8966    69.2793     3.3446
 30   -66.6835     2.2547  -169.9637     2.9531    34.4783     3.7718    68.8164     3.3612
 31   -67.1107     2.3421  -170.3508     2.9594    34.7869     3.6999    68.4677     3.3249
 32   -67.3819     2.3317  -170.4839     2.8777    34.8020     3.5825    68.3144     3.2339
 33   -67.5923     2.2988  -170.2924     2.8153    34.3060     3.6112    68.4085     3.1400
 34   -67.3570     2.2793  -170.2651     2.7318    34.5776     3.5452    68.3449     3.0489
 35   -67.3732     2.2134  -170.1917     2.6567    34.2714     3.4965    68.5616     2.9921
 36   -67.3108     2.1547  -169.7389     2.7361    33.6281     3.6333    68.8144     2.9514
 37   -67.0179     2.1760  -169.5196     2.6970    33.6037     3.5341    68.9125     2.8772
 38   -66.6462     2.2446  -169.3458     2.6480    33.6714     3.4425    69.0427     2.8125
 39   -66.7081     2.1898  -169.2802     2.5825    33.2791     3.4436    69.3075     2.7902
 40   -66.5698     2.1522  -169.0029     2.5775    32.9940     3.4045    69.4535     2.7352
 41   -66.5154     2.1019  -169.2509     2.5624    33.1157     3.3293    69.6343     2.6920
 42   -66.2944     2.0983  -169.0631     2.5287    33.0378     3.2528    69.7454     2.6365
 43   -66.3423     2.0512  -168.9354     2.4823    32.7842     3.2165    69.8234     2.5792
 44   -66.6459     2.0940  -169.1740     2.4717    32.8951     3.1504    69.6475     2.5444
 45   -66.9167     2.1173  -169.4087     2.4614    33.1267     3.1143    69.3798     2.5442
 46   -66.7568     2.0954  -169.2407     2.4306    33.0373     3.0511    69.4611     2.4935
 47   -67.0076     2.1108  -169.4585     2.4179    32.8388     3.0117    69.6266     2.4623
 48   -67.1142     2.0773  -169.6003     2.3840    32.8027     2.9492    69.6978     2.4146
 49   -67.4286     2.1294  -169.7380     2.3510    32.5774     2.9233    69.7466     2.3668
 50   -67.5390     2.0980  -169.7585     2.3039    32.5032     2.8681    69.7308     2.3192
 
 Mesh error is    0.703 kcal/mol
