 ERmod 0.3.8, Copyright (C) 2000-2019 Nobuyuki Matubayasi
                            2010-2019 Shun Sakuraba
 ERmod comes with ABSOLUTELY NO WARRANTY.
 This is free software, and you can redistribute it
 and/or modify it under certain conditions.
 See LICENSE file for details.
 
  Number of the   1-th solvent  =          368
  Number of the   2-th solvent  =          368
  Number of the   3-th solvent  =        10000
 
  Be sure that the solvent distribution is homogeneous (radial distribution function is essentially unity) when the solvent molecule is separated beyond distance of   10.0 Angstrom in any direction from any atom within the solute molecule
 
  LJ long-range correction    =        -0.6509     -0.1232     -7.4645
 
  Self-energy of the solute   =         0.0012  kcal/mol
 
 
 cumulative average & 95% error for solvation energy
              total             1st component         2nd component         3rd component
  1  -505.2828              -95.9689             -139.5689             -269.7462
  2  -509.3551     8.1447   -97.8508     3.7638  -155.7801    32.4225  -255.7253    28.0417
  3  -510.6200     5.3396   -96.6126     3.2947  -162.4137    22.9439  -251.5949    18.1756
  4  -511.1651     3.9299   -96.5160     2.3377  -165.1446    17.1185  -249.5056    13.5143
  5  -510.3984     3.4084   -97.0031     2.0561  -161.3998    15.2289  -251.9967    11.5933
  6  -509.2037     3.6680   -97.9713     2.5628  -154.8833    18.0131  -256.3503    12.8615
  7  -508.3495     3.5396   -98.0760     2.1761  -150.8719    17.2085  -259.4028    12.4670
  8  -507.7304     3.3060   -98.6751     2.2332  -147.9576    16.0023  -261.0990    11.3171
  9  -507.1582     3.1322   -98.7039     1.9703  -145.3995    15.0114  -263.0560    10.7208
 10  -506.6844     2.9575   -98.9930     1.8547  -143.1644    14.1512  -264.5281    10.0308
 11  -506.3966     2.7363   -98.8463     1.7031  -141.7719    13.0997  -265.7796     9.4121
 12  -506.1772     2.5362   -98.8738     1.5557  -140.9252    12.0776  -266.3794     8.6754
 13  -505.9888     2.3632   -98.8716     1.4310  -140.1841    11.2082  -266.9343     8.0570
 14  -505.7399     2.2438   -98.9631     1.3375  -138.8275    10.7257  -267.9505     7.7313
 15  -505.5788     2.1136   -99.3992     1.5202  -137.7784    10.2031  -268.4023     7.2539
 16  -505.9293     2.0977   -99.5750     1.4648  -139.4420    10.1074  -266.9135     7.4100
 17  -506.7688     2.5888   -99.6593     1.3863  -143.6688    12.7123  -263.4419     9.8314
 18  -507.5765     2.9269   -99.7968     1.3356  -147.9499    14.7296  -259.8311    11.7503
 19  -508.2561     3.0841   -99.8812     1.2746  -151.3704    15.5217  -257.0056    12.4687
 20  -508.9068     3.2023   -99.9965     1.2309  -154.5415    16.0329  -254.3700    12.9502
 21  -509.4297     3.2205  -100.0300     1.1728  -157.3006    16.2180  -252.1004    13.1279
 22  -509.8914     3.2065   -99.8647     1.1660  -159.6178    16.1428  -250.4101    12.9654
 23  -510.4019     3.2295   -99.8554     1.1143  -162.3080    16.3364  -248.2396    13.1274
 24  -510.7886     3.1873   -99.8252     1.0686  -164.2802    16.1306  -246.6844    12.9477
 25  -511.1750     3.1533   -99.9132     1.0400  -166.2376    15.9595  -245.0254    12.8546
 26  -511.5140     3.1046   -99.8543     1.0061  -168.0489    15.7555  -243.6120    12.6697
 27  -511.8637     3.0681   -99.6970     1.0180  -170.0027    15.6562  -242.1652    12.5301
 28  -512.1996     3.0319   -99.7064     0.9811  -171.7941    15.5063  -240.7002    12.4247
 29  -512.5214     2.9954   -99.7669     0.9544  -173.2596    15.2465  -239.4961    12.2281
 30  -512.8151     2.9529   -99.9303     0.9782  -174.6417    14.9866  -238.2443    12.0758
 31  -513.0640     2.8991  -100.0305     0.9672  -175.8882    14.7079  -237.1464    11.8844
 32  -513.2808     2.8403  -100.1117     0.9504  -177.0677    14.4350  -236.1026    11.6948
 33  -513.4481     2.7732  -100.1729     0.9293  -177.9791    14.1089  -235.2973    11.4488
 34  -513.6208     2.7125  -100.1303     0.9055  -178.8476    13.7975  -234.6441    11.1835
 35  -513.7909     2.6557  -100.1610     0.8814  -179.7441    13.5169  -233.8871    10.9643
 36  -513.9362     2.5972  -100.3120     0.9083  -180.4199    13.2054  -233.2054    10.7423
 37  -514.1344     2.5569  -100.3853     0.8955  -181.3775    12.9856  -232.3728    10.5798
 38  -514.2957     2.5095  -100.4658     0.8864  -182.1708    12.7384  -231.6603    10.3957
 39  -514.4476     2.4632  -100.4821     0.8640  -182.9631    12.5083  -231.0036    10.2105
 40  -514.6572     2.4371  -100.5861     0.8674  -183.8842    12.3299  -230.1881    10.0847
 41  -514.8022     2.3945  -100.6265     0.8498  -184.6433    12.1209  -229.5336     9.9224
 42  -514.9276     2.3503  -100.6934     0.8401  -185.2224    11.8854  -229.0130     9.7391
 43  -515.0419     2.3063  -100.6846     0.8205  -185.7636    11.6560  -228.5949     9.5466
 44  -515.1809     2.2704  -100.7095     0.8032  -186.4035    11.4597  -228.0691     9.3862
 45  -515.2974     2.2315  -100.7154     0.7852  -186.9303    11.2516  -227.6528     9.2129
 46  -515.3844     2.1894  -100.7432     0.7700  -187.3846    11.0417  -227.2578     9.0450
 47  -515.5201     2.1594  -100.7355     0.7536  -187.9825    10.8702  -226.8033     8.8970
 48  -515.6005     2.1201  -100.5656     0.8122  -188.4770    10.6872  -226.5591     8.7234
 49  -515.6738     2.0815  -100.5899     0.7969  -188.8459    10.4928  -226.2393     8.5674
 50  -515.7566     2.0462  -100.5896     0.7808  -189.2925    10.3195  -225.8757     8.4257
 
 
 group  inft  solvation free energy     error          difference
  total solvation free energy
   1      0        -85.59595           0.63060           0.94830
   1     60        -85.82154           0.63041           0.72270
   1     80        -87.95637           0.62973          -1.41212
   1    100        -96.05950           0.62780          -9.51525
   2      0        -85.78782           0.65327           0.75643
   3      0        -86.54425           0.65783           0.00000
   4      0        -85.97172           0.66903           0.57253
   5      0        -86.78719           0.67396          -0.24294
   5     60        -87.10043           0.67372          -0.55618
   5     80        -89.75844           0.67261          -3.21419
   5    100        -97.34941           0.67054         -10.80516
 
  contribution from  1-th solvent component
   1      0        -85.92547           0.63594          -0.13933
   1     60        -85.93196           0.63587          -0.14583
   1     80        -86.01405           0.63551          -0.22791
   1    100        -86.33815           0.63480          -0.55201
   2      0        -85.58034           0.65795           0.20580
   3      0        -85.78614           0.66523           0.00000
   4      0        -84.69935           0.66856           1.08679
   5      0        -85.81947           0.67048          -0.03333
   5     60        -85.83015           0.67040          -0.04402
   5     80        -85.93600           0.67006          -0.14986
   5    100        -86.23809           0.66972          -0.45195
 
  contribution from  2-th solvent component
   1      0        -52.74053           5.06648           1.17127
   1     60        -52.72932           5.06680           1.18248
   1     80        -52.63411           5.06730           1.27769
   1    100        -52.26979           5.06955           1.64201
   2      0        -53.35030           5.06988           0.56150
   3      0        -53.91180           5.08261           0.00000
   4      0        -54.40711           5.08351          -0.49531
   5      0        -54.06194           5.08407          -0.15014
   5     60        -54.04875           5.08420          -0.13695
   5     80        -53.93076           5.08495          -0.01896
   5    100        -53.66551           5.08699           0.24630
 
  contribution from  3-th solvent component
   1      0         53.06887           5.01095          -0.08363
   1     60         52.83855           5.01239          -0.31395
   1     80         50.69060           5.01755          -2.46190
   1    100         42.54725           5.03998         -10.60525
   2      0         53.14163           5.01998          -0.01087
   3      0         53.15250           5.01963           0.00000
   4      0         53.13355           5.02074          -0.01895
   5      0         53.09303           5.02448          -0.05947
   5     60         52.77728           5.02594          -0.37522
   5     80         50.10713           5.03370          -3.04537
   5    100         42.55299           5.05383         -10.59951
 
 
 group  inft   Estimated free energy: total (kcal/mol)
   1      0     -84.6261     -89.4695     -89.6823     -86.4275     -85.0778
                -84.5733     -84.4771     -86.1787     -83.3369     -83.2500
                -84.2831     -84.6895     -84.1247     -81.1540     -84.8222
                -83.0994     -86.8588     -87.1827     -85.3730     -88.1713
                -86.8719     -84.2708     -90.9942     -82.6584     -88.4579
                -84.2963     -85.1558     -88.7407     -86.1167     -88.3742
                -85.4947     -86.3364     -83.0281     -79.9977     -84.0379
                -84.1972     -86.3182     -85.8925     -86.4464     -88.0306
                -86.8642     -85.0594     -86.2869     -88.5821     -85.5331
                -85.9429     -87.5373     -82.6818     -82.2806     -86.4545
   1     60     -84.8588     -89.7011     -89.9141     -86.6588     -85.3088
                -84.8059     -84.7086     -86.4107     -83.5687     -83.4815
                -84.5158     -84.9226     -84.3569     -81.3865     -85.0542
                -83.3269     -87.0817     -87.4063     -85.5963     -88.3941
                -87.0942     -84.4925     -91.2171     -82.8812     -88.6812
                -84.5192     -85.3796     -88.9633     -86.3400     -88.5970
                -85.7167     -86.5590     -83.2498     -80.2196     -84.2604
                -84.4193     -86.5407     -86.1153     -86.6692     -88.2542
                -87.0881     -85.2808     -86.5096     -88.8045     -85.7557
                -86.1655     -87.7604     -82.9046     -82.5030     -86.6771
   1     80     -87.0274     -91.8564     -92.0692     -88.8104     -87.4642
                -86.9723     -86.8716     -88.5765     -85.7288     -85.6389
                -86.6809     -87.0954     -86.5206     -83.5535     -87.2184
                -85.4714     -89.2063     -89.5354     -87.7224     -90.5189
                -89.2131     -86.6077     -93.3400     -85.0033     -90.8103
                -86.6430     -87.5089     -91.0850     -88.4694     -90.7223
                -87.8334     -88.6796     -85.3606     -82.3326     -86.3819
                -86.5393     -88.6621     -88.2379     -88.7934     -90.3812
                -89.2203     -87.3955     -88.6342     -90.9253     -87.8782
                -88.2899     -89.8863     -85.0263     -84.6219     -88.7963
   1    100     -95.2784    -100.0408    -100.2470     -96.9769     -95.6485
                -95.2132     -95.0937     -96.8124     -93.9360     -93.8422
                -94.9226     -95.3551     -94.7562     -91.7934     -95.4591
                -93.6024     -97.2655     -97.6123     -95.7848     -98.5808
                -97.2410     -94.6293    -101.4101     -93.0516     -98.8995
                -94.6907     -95.5877     -99.1283     -96.5497     -98.7889
                -95.8617     -96.7193     -93.3511     -90.3273     -94.4314
                -94.5796     -96.7099     -96.2900     -96.8524     -98.4510
                -97.3186     -95.4153     -96.7008     -98.9755     -95.9262
                -96.3519     -97.9508     -93.0753     -92.6595     -96.8297
   2      0     -84.8769     -89.8075     -89.9223     -86.4855     -84.9793
                -84.9096     -84.5639     -86.4595     -83.1981     -83.3513
                -84.5274     -84.8080     -84.1273     -81.0753     -85.2155
                -83.3408     -87.1602     -87.5170     -85.4911     -88.6010
                -87.0412     -84.3737     -91.1254     -82.6303     -88.8119
                -84.5816     -85.2221     -88.9147     -86.4560     -88.5915
                -85.7197     -86.6965     -82.9928     -79.8632     -84.1720
                -84.4497     -86.5841     -86.1785     -86.8993     -87.9841
                -87.1498     -85.2482     -86.6198     -88.7980     -85.9554
                -86.4171     -87.6726     -82.7132     -82.3525     -86.7586
   3      0     -85.4652     -90.3561     -90.4542     -87.1471     -85.4991
                -85.6674     -85.2125     -87.2294     -83.7447     -84.0806
                -85.1015     -85.4231     -84.8233     -81.7429     -85.9298
                -84.1585     -88.2102     -88.1733     -86.2472     -89.3808
                -87.7526     -85.1672     -91.8373     -83.3119     -89.6726
                -85.3937     -85.9931     -89.7898     -87.3057     -89.2972
                -86.5713     -87.6130     -83.8690     -80.5042     -84.9927
                -85.2392     -87.4118     -86.9396     -87.7302     -88.5977
                -87.9806     -85.9940     -87.5665     -89.7869     -86.7423
                -87.3414     -88.3838     -83.6054     -83.1443     -87.6305
   4      0     -84.9484     -89.9396     -89.9721     -86.4470     -85.0278
                -85.0769     -84.6363     -86.5060     -83.3144     -83.4432
                -84.5271     -84.8958     -84.1908     -80.9396     -85.4459
                -83.6815     -87.5151     -87.6080     -85.7177     -89.0001
                -87.1610     -84.4645     -91.3615     -82.6226     -89.0954
                -84.7648     -85.4707     -89.1287     -86.7594     -88.8625
                -85.9275     -86.9738     -83.2966     -79.7684     -84.3653
                -84.6782     -86.7843     -86.4074     -87.2200     -88.1042
                -87.4544     -85.5778     -86.9627     -89.2028     -86.2732
                -86.7324     -87.8379     -82.8903     -82.5667     -87.0376
   5      0     -85.9772     -90.8881     -90.9387     -87.2772     -85.6503
                -86.0778     -85.5642     -87.4117     -83.9570     -84.3572
                -85.1356     -85.5099     -85.0220     -82.0444     -86.0497
                -84.4988     -88.3979     -88.4322     -86.3866     -90.0339
                -88.0492     -85.2670     -92.0658     -83.5215     -90.0267
                -85.7776     -86.0138     -90.0779     -87.4727     -89.5620
                -86.7233     -88.0032     -84.1537     -80.5496     -85.1463
                -85.3581     -87.7608     -87.1133     -88.1345     -88.8678
                -88.1107     -86.0688     -87.6422     -90.1901     -86.9779
                -87.6548     -88.5692     -83.7766     -83.2678     -87.8460
   5     60     -86.2987     -91.2080     -91.2590     -87.5967     -85.9700
                -86.3996     -85.8849     -87.7329     -84.2772     -84.6770
                -85.4570     -85.8323     -85.3431     -82.3655     -86.3704
                -84.8146     -88.7080     -88.7431     -86.6967     -90.3440
                -88.3583     -85.5756     -92.3757     -83.8313     -90.3373
                -86.0876     -86.3253     -90.3878     -87.7836     -89.8720
                -87.0326     -88.3130     -84.4620     -80.8580     -85.4560
                -85.6676     -88.0707     -87.4232     -88.4445     -89.1783
                -88.4218     -86.3773     -87.9520     -90.4999     -87.2879
                -87.9649     -88.8792     -84.0863     -83.5770     -88.1558
   5     80     -89.0038     -93.8956     -93.9471     -90.2784     -88.6573
                -89.1052     -88.5838     -90.4375     -86.9707     -87.3683
                -88.1599     -88.5415     -88.0446     -85.0690     -89.0727
                -87.4869     -91.3514     -91.3916     -89.3390     -92.9869
                -90.9908     -88.2061     -95.0180     -86.4712     -92.9877
                -88.7283     -88.9760     -93.0261     -90.4329     -92.5156
                -89.6673     -90.9504     -87.0862     -83.4824     -88.0958
                -88.3048     -90.7106     -90.0634     -91.0867     -91.8236
                -91.0744     -89.0071     -90.5952     -93.1389     -89.9271
                -90.6094     -91.5227     -86.7255     -86.2124     -90.7938
   5    100     -96.7201    -101.5576    -101.6026     -97.9169     -96.3170
                -96.8171     -96.2815     -98.1474     -94.6547     -95.0429
                -95.8723     -96.2648     -95.7487     -92.7782     -96.7808
                -95.1056     -98.9079     -98.9597     -96.8878    -100.5413
                -98.5145     -95.7231    -102.5780     -94.0193    -100.5704
                -96.2705     -96.5495    -100.5670     -98.0065    -100.0726
                -97.1997     -98.4864     -94.5803     -90.9749     -95.6416
                -95.8402     -98.2550     -97.6058     -98.6391     -99.3829
                -98.6571     -96.5246     -98.1559    -100.6853     -97.4684
                -98.1722     -99.0748     -94.2725     -93.7443     -98.3331
 
 group  inft   Estimated free energy: 1-th solvent contribution (kcal/mol)
   1      0     -81.8003     -84.7009     -82.2042     -81.7454     -83.7309
                -88.1700     -86.1154     -88.2269     -83.7991     -87.2080
                -82.1774     -84.4558     -83.8024     -83.7753     -89.3476
                -86.9237     -86.6580     -87.0226     -86.6713     -87.4843
                -86.9072     -85.0923     -87.0327     -82.3507     -87.5405
                -85.0546     -81.5812     -86.1929     -86.1956     -89.1358
                -86.3960     -88.0125     -88.0574     -82.4888     -86.2017
                -89.3600     -87.4122     -88.1639     -86.8356     -86.7995
                -86.7244     -87.7233     -86.7579     -87.6977     -86.9994
                -87.3363     -87.1158     -80.3736     -85.9600     -86.7545
   1     60     -81.8073     -84.7080     -82.2115     -81.7527     -83.7379
                -88.1766     -86.1219     -88.2333     -83.8061     -87.2148
                -82.1847     -84.4628     -83.8092     -83.7823     -89.3543
                -86.9302     -86.6641     -87.0291     -86.6779     -87.4905
                -86.9136     -85.0986     -87.0390     -82.3575     -87.5468
                -85.0608     -81.5880     -86.1991     -86.2020     -89.1418
                -86.4024     -88.0187     -88.0635     -82.4952     -86.2080
                -89.3658     -87.4184     -88.1703     -86.8417     -86.8060
                -86.7308     -87.7293     -86.7641     -87.7040     -87.0056
                -87.3423     -87.1222     -80.3804     -85.9663     -86.7607
   1     80     -81.8926     -84.7929     -82.2972     -81.8394     -83.8229
                -88.2595     -86.2053     -88.3154     -83.8904     -87.2988
                -82.2710     -84.5470     -83.8927     -83.8680     -89.4386
                -87.0116     -86.7454     -87.1110     -86.7596     -87.5699
                -86.9949     -85.1795     -87.1196     -82.4406     -87.6275
                -85.1422     -81.6708     -86.2801     -86.2835     -89.2213
                -86.4836     -88.0986     -88.1441     -82.5766     -86.2889
                -89.4462     -87.4989     -88.2510     -86.9221     -86.8879
                -86.8128     -87.8099     -86.8457     -87.7846     -87.0855
                -87.4225     -87.2027     -80.4630     -86.0471     -86.8415
   1    100     -82.2252     -85.1240     -82.6316     -82.1763     -84.1560
                -88.5895     -86.5374     -88.6438     -84.2225     -87.6313
                -82.6070     -84.8767     -84.2203     -84.2026     -89.7738
                -87.3355     -87.0681     -87.4343     -87.0813     -87.8855
                -87.3174     -85.4999     -87.4399     -82.7646     -87.9470
                -85.4632     -81.9930     -86.6009     -86.6036     -89.5387
                -86.8030     -88.4162     -88.4652     -82.8956     -86.6089
                -89.7673     -87.8184     -88.5712     -87.2415     -87.2096
                -87.1346     -88.1309     -87.1698     -88.1052     -87.4033
                -87.7423     -87.5211     -80.7840     -86.3663     -87.1620
   2      0     -81.2738     -84.3401     -81.8240     -81.2798     -83.1647
                -87.8501     -85.7136     -87.9200     -83.2620     -86.8622
                -81.6890     -83.9638     -83.3203     -83.2491     -89.0494
                -86.5495     -86.3550     -86.6682     -86.3461     -87.2808
                -86.6213     -84.8698     -86.7458     -81.6622     -87.2704
                -84.7523     -81.2329     -85.8724     -85.9445     -88.8855
                -86.0377     -87.7623     -87.8170     -82.0556     -85.8486
                -89.1725     -87.1404     -87.9207     -86.5851     -86.3204
                -86.4529     -87.4369     -86.5170     -87.4131     -86.7161
                -87.0900     -86.8665     -79.9964     -85.5415     -86.5074
   3      0     -81.4054     -84.4740     -81.9699     -81.4611     -83.2608
                -88.1167     -85.9663     -88.1544     -83.3469     -87.0922
                -81.8670     -84.0843     -83.4767     -83.4198     -89.2361
                -86.7521     -86.6427     -86.8875     -86.4993     -87.5190
                -86.8357     -85.1408     -86.9488     -81.7245     -87.4869
                -85.0534     -81.4586     -86.1335     -86.1520     -89.1207
                -86.2127     -88.0680     -88.0900     -82.2692     -86.0290
                -89.3818     -87.3713     -88.1269     -86.7860     -86.4339
                -86.6571     -87.6717     -86.7497     -87.6634     -86.9684
                -87.3732     -87.0205     -80.2384     -85.7572     -86.7515
   4      0     -80.3779     -83.4581     -80.9389     -80.3415     -82.2090
                -86.9623     -84.8219     -87.0443     -82.3608     -85.9592
                -80.7343     -83.0769     -82.3723     -82.2364     -88.2174
                -85.6593     -85.4504     -85.8367     -85.5740     -86.5090
                -85.8172     -84.0055     -85.9904     -80.5213     -86.4388
                -83.8136     -80.3765     -84.9094     -85.1173     -88.0365
                -85.2311     -86.8986     -86.9231     -81.0406     -84.9021
                -88.3156     -86.2586     -87.1255     -85.7317     -85.5309
                -85.6162     -86.5470     -85.6274     -86.5487     -85.9709
                -86.1284     -86.1506     -79.1175     -84.6118     -85.5240
   5      0     -81.6403     -84.6835     -82.1871     -81.4475     -83.1038
                -88.2473     -86.0604     -88.1862     -83.2849     -87.1100
                -81.7421     -84.0674     -83.4754     -83.5342     -89.1540
                -86.7806     -86.6297     -86.9572     -86.5682     -87.7969
                -87.0252     -85.1579     -86.9862     -81.6481     -87.5983
                -85.2016     -81.3193     -86.1572     -86.0847     -89.1684
                -86.2933     -88.2355     -88.1120     -82.2184     -85.9497
                -89.3347     -87.5145     -88.1487     -86.8886     -86.6142
                -86.5577     -87.4970     -86.6722     -87.8181     -87.0258
                -87.3475     -87.1927     -80.2251     -85.6550     -86.6695
   5     60     -81.6516     -84.6948     -82.1984     -81.4589     -83.1149
                -88.2581     -86.0712     -88.1967     -83.2960     -87.1209
                -81.7535     -84.0785     -83.4864     -83.5455     -89.1648
                -86.7911     -86.6401     -86.9678     -86.5789     -87.8072
                -87.0357     -85.1684     -86.9967     -81.6591     -87.6088
                -85.2122     -81.3302     -86.1677     -86.0953     -89.1786
                -86.3039     -88.2458     -88.1223     -82.2291     -85.9602
                -89.3448     -87.5249     -88.1592     -86.8989     -86.6249
                -86.5683     -87.5074     -86.6826     -87.8284     -87.0361
                -87.3578     -87.2031     -80.2361     -85.6655     -86.6800
   5     80     -81.7598     -84.8032     -82.3072     -81.5685     -83.2235
                -88.3649     -86.1786     -88.3027     -83.4041     -87.2281
                -81.8632     -84.1861     -83.5935     -83.6548     -89.2725
                -86.8960     -86.7452     -87.0731     -86.6843     -87.9106
                -87.1401     -85.2731     -87.1011     -81.7662     -87.7134
                -85.3178     -81.4374     -86.2724     -86.2014     -89.2820
                -86.4093     -88.3497     -88.2271     -82.3344     -86.0651
                -89.4493     -87.6291     -88.2634     -87.0026     -86.7302
                -86.6745     -87.6120     -86.7883     -87.9328     -87.1401
                -87.4619     -87.3073     -80.3427     -85.7703     -86.7849
   5    100     -82.0638     -85.1090     -82.6134     -81.8753     -83.5297
                -88.6704     -86.4859     -88.6064     -83.7101     -87.5333
                -82.1706     -84.4897     -83.8961     -83.9619     -89.5799
                -87.1965     -87.0469     -87.3743     -86.9858     -88.2081
                -87.4407     -85.5733     -87.4014     -82.0694     -88.0137
                -85.6198     -81.7399     -86.5728     -86.5038     -89.5798
                -86.7100     -88.6491     -88.5295     -82.6337     -86.3653
                -89.7502     -87.9283     -88.5627     -87.3009     -87.0301
                -86.9769     -87.9129     -87.0914     -88.2332     -87.4396
                -87.7616     -87.6062     -80.6440     -86.0704     -87.0868
 
 group  inft   Estimated free energy: 2-th solvent contribution (kcal/mol)
   1      0     -29.6548     -43.3254     -45.9391     -43.4772     -31.2654
                -20.2818     -21.4113     -23.4425     -21.5585     -18.7806
                -24.5099     -26.1314     -25.4803     -18.4757     -19.9029
                -39.9051     -64.3465     -68.5638     -64.0503     -66.1302
                -64.7642     -60.5538     -70.9961     -62.5216     -65.7620
                -63.8014     -69.8021     -69.7055     -64.8584     -65.8496
                -64.8346     -64.4391     -58.6166     -59.3773     -62.0952
                -58.4464     -65.3076     -63.1864     -64.7970     -69.7385
                -66.4451     -61.2972     -61.4340     -66.1751     -61.9852
                -61.7873     -65.5342     -63.4375     -59.1270     -63.7172
   1     60     -29.6427     -43.3124     -45.9254     -43.4637     -31.2518
                -20.2688     -21.3978     -23.4299     -21.5452     -18.7674
                -24.4973     -26.1190     -25.4679     -18.4628     -19.8902
                -39.8930     -64.3363     -68.5539     -64.0401     -66.1200
                -64.7537     -60.5426     -70.9863     -62.5111     -65.7526
                -63.7909     -69.7922     -69.6951     -64.8482     -65.8394
                -64.8243     -64.4287     -58.6049     -59.3657     -62.0848
                -58.4357     -65.2969     -63.1759     -64.7867     -69.7287
                -66.4354     -61.2860     -61.4237     -66.1649     -61.9747
                -61.7769     -65.5241     -63.4271     -59.1164     -63.7066
   1     80     -29.5505     -43.2123     -45.8236     -43.3624     -31.1500
                -20.1715     -21.2975     -23.3355     -21.4451     -18.6659
                -24.4024     -26.0281     -25.3756     -18.3645     -19.7953
                -39.7946     -64.2423     -68.4636     -63.9488     -66.0288
                -64.6564     -60.4423     -70.8990     -62.4154     -65.6657
                -63.6946     -69.7042     -69.6023     -64.7564     -65.7491
                -64.7295     -64.3337     -58.4989     -59.2592     -61.9905
                -58.3376     -65.2014     -63.0823     -64.6927     -69.6409
                -66.3493     -61.1850     -61.3308     -66.0725     -61.8802
                -61.6831     -65.4326     -63.3327     -59.0196     -63.6093
   1    100     -29.2038     -42.8268     -45.4209     -42.9656     -30.7532
                -19.8008     -20.9062     -22.9760     -21.0571     -18.2728
                -24.0383     -25.6875     -25.0277     -17.9880     -19.4354
                -39.4153     -63.8822     -68.1232     -63.6047     -65.6833
                -64.2812     -60.0521     -70.5750     -62.0490     -65.3479
                -63.3219     -69.3730     -69.2445     -64.4102     -65.4087
                -64.3674     -63.9675     -58.0777     -58.8349     -61.6321
                -57.9589     -64.8353     -62.7257     -64.3329     -69.3133
                -66.0335     -60.7913     -60.9778     -65.7228     -61.5198
                -61.3266     -65.0884     -62.9701     -58.6490     -63.2323
   2      0     -30.4948     -44.0368     -46.5901     -44.0266     -31.7251
                -20.9759     -21.9318     -24.0533     -21.9697     -19.2386
                -25.2416     -26.7525     -25.9993     -18.9758     -20.6090
                -40.5789     -65.0591     -69.3212     -64.5546     -66.8483
                -65.3233     -61.0028     -71.4925     -63.2606     -66.4864
                -64.5090     -70.3024     -70.3063     -65.5416     -66.4151
                -65.5148     -65.1577     -58.9370     -59.7644     -62.6741
                -58.9855     -65.9554     -63.7835     -65.6103     -70.2579
                -67.0725     -61.8456     -62.1141     -66.7878     -62.7804
                -62.6058     -66.0282     -63.9295     -59.7135     -64.3739
   3      0     -30.9569     -44.4701     -46.9952     -44.5237     -32.1695
                -21.4710     -22.3363     -24.5909     -22.4450     -19.7709
                -25.6461     -27.2683     -26.5477     -19.4834     -21.1312
                -41.2202     -65.8208     -69.7627     -65.1983     -67.4100
                -65.8377     -61.5380     -72.0085     -63.8823     -67.1395
                -65.0553     -70.8412     -70.9220     -66.1678     -66.8889
                -66.1853     -65.7672     -59.5314     -60.2252     -63.3579
                -59.5787     -66.5546     -64.3444     -66.2449     -70.7565
                -67.7204     -62.3883     -62.8260     -67.5430     -63.3490
                -63.2517     -66.5954     -64.5811     -60.3079     -64.9821
   4      0     -31.4710     -45.0254     -47.4991     -44.8917     -32.7265
                -22.0141     -22.8983     -24.9576     -22.9733     -20.2440
                -26.1591     -27.6962     -26.9918     -19.8640     -21.6515
                -41.7957     -66.3086     -70.2289     -65.5380     -67.9947
                -66.2560     -62.0029     -72.4641     -64.4059     -67.6128
                -65.6512     -71.3995     -71.4771     -66.6568     -67.5445
                -66.5043     -66.2913     -60.1427     -60.6902     -63.8322
                -60.0707     -67.0426     -64.7828     -66.7874     -71.1203
                -68.1892     -63.0271     -63.3413     -68.0330     -63.8405
                -63.8772     -66.8891     -64.9771     -60.8629     -65.6534
   5      0     -31.1522     -44.7447     -47.1577     -44.5802     -32.3825
                -21.6443     -22.5096     -24.6337     -22.6437     -19.9442
                -25.7281     -27.3187     -26.6404     -19.5604     -21.2789
                -41.4569     -65.9857     -69.8996     -65.2762     -67.7186
                -65.9054     -61.5568     -72.1324     -64.1163     -67.2971
                -65.2390     -70.9386     -71.1250     -66.3492     -67.0550
                -66.1681     -65.9555     -59.7330     -60.2783     -63.5477
                -59.6931     -66.7178     -64.4540     -66.5238     -70.7977
                -67.9197     -62.5848     -62.9415     -67.7037     -63.4909
                -63.5233     -66.5939     -64.7346     -60.5232     -65.2414
   5     60     -31.1391     -44.7305     -47.1431     -44.5657     -32.3680
                -21.6305     -22.4954     -24.6202     -22.6294     -19.9298
                -25.7146     -27.3057     -26.6272     -19.5464     -21.2655
                -41.4432     -65.9729     -69.8872     -65.2636     -67.7061
                -65.8922     -61.5429     -72.1202     -64.1033     -67.2852
                -65.2260     -70.9265     -71.1123     -66.3365     -67.0426
                -66.1553     -65.9426     -59.7185     -60.2637     -63.5350
                -59.6798     -66.7046     -64.4412     -66.5110     -70.7855
                -67.9078     -62.5710     -62.9289     -67.6911     -63.4779
                -63.5106     -66.5813     -64.7217     -60.5099     -65.2282
   5     80     -31.0250     -44.6060     -47.0150     -44.4381     -32.2402
                -21.5099     -22.3697     -24.5023     -22.5038     -19.8030
                -25.5960     -27.1928     -26.5121     -19.4247     -21.1485
                -41.3218     -65.8576     -69.7763     -65.1510     -67.5935
                -65.7713     -61.4175     -72.0119     -63.9851     -67.1799
                -65.1066     -70.8173     -70.9971     -66.2235     -66.9314
                -66.0380     -65.8248     -59.5853     -60.1294     -63.4195
                -59.5579     -66.5863     -64.3259     -66.3948     -70.6768
                -67.8023     -62.4451     -62.8149     -67.5773     -63.3613
                -63.3969     -66.4689     -64.6051     -60.3905     -65.1081
   5    100     -30.7756     -44.3206     -46.7192     -44.1423     -31.9469
                -21.2401     -22.0812     -24.2403     -22.2169     -19.5104
                -25.3323     -26.9468     -26.2583     -19.1485     -20.8872
                -41.0464     -65.6011     -69.5317     -64.9003     -67.3443
                -65.4963     -61.1269     -71.7788     -63.7199     -66.9565
                -64.8342     -70.5801     -70.7412     -65.9730     -66.6859
                -65.7754     -65.5575     -59.2691     -59.8094     -63.1617
                -59.2789     -66.3192     -64.0657     -66.1348     -70.4411
                -67.5771     -62.1553     -62.5607     -67.3265     -63.0979
                -63.1458     -66.2177     -64.3441     -60.1181     -64.8358
 
 group  inft   Estimated free energy: 3-th solvent contribution (kcal/mol)
   1      0      26.8278      38.5556      38.4599      38.7939      29.9174
                 23.8773      23.0483      25.4896      22.0195      22.7374
                 22.4030      25.8965      25.1568      21.0958      24.4271
                 43.7282      64.1445      68.4026      65.3475      65.4419
                 64.7983      61.3742      67.0335      62.2127      64.8434
                 64.5585      66.2264      67.1565      64.9361      66.6100
                 65.7348      66.1141      63.6447      61.8672      64.2578
                 63.6080      66.4004      65.4565      65.1850      68.5063
                 66.3041      63.9599      61.9038      65.2896      63.4503
                 63.1795      65.1116      61.1282      62.8052      64.0161
   1     60      26.5901      38.3181      38.2216      38.5564      29.6796
                 23.6383      22.8100      25.2513      21.7814      22.4996
                 22.1650      25.6580      24.9191      20.8575      24.1891
                 43.4952      63.9175      68.1755      65.1206      65.2152
                 64.5718      61.1476      66.8071      61.9862      64.6170
                 64.3313      65.9994      66.9298      64.7089      66.3830
                 65.5088      65.8872      63.4175      61.6401      64.0312
                 63.3810      66.1734      65.2297      64.9581      68.2793
                 66.0770      63.7332      61.6769      65.0632      63.2234
                 62.9524      64.8847      60.9017      62.5785      63.7889
   1     80      24.4145      36.1477      36.0504      36.3902      27.5075
                 21.4574      20.6300      23.0733      19.6055      20.3246
                 19.9913      23.4785      22.7465      18.6778      22.0143
                 41.3337      61.7802      66.0380      62.9848      63.0787
                 62.4369      59.0129      64.6774      59.8515      62.4817
                 62.1926      63.8649      64.7961      62.5693      64.2470
                 63.3785      63.7515      61.2812      59.5020      61.8964
                 61.2433      64.0370      63.0942      62.8202      66.1464
                 63.9406      61.5981      59.5411      62.9306      61.0863
                 60.8145      62.7478      58.7682      60.4436      61.6533
   1    100      16.1494      27.9088      27.8043      28.1638      19.2595
                 13.1759      12.3486      14.8063      11.3425      12.0607
                 11.7216      15.2080      14.4906      10.3960      13.7490
                 33.1472      53.6835      57.9441      54.9000      54.9868
                 54.3564      50.9215      56.6036      51.7607      54.3942
                 54.0932      55.7772      56.7159      54.4629      56.1573
                 55.3075      55.6631      53.1907      51.4021      53.8084
                 53.1454      55.9426      55.0057      54.7208      58.0707
                 55.8483      53.5057      51.4457      54.8513      52.9957
                 52.7158      54.6575      50.6777      52.3547      53.5634
   2      0      26.8905      38.5682      38.4907      38.8197      29.9093
                 23.9151      23.0803      25.5126      22.0324      22.7483
                 22.4020      25.9072      25.1911      21.1483      24.4418
                 43.7865      64.2528      68.4713      65.4084      65.5269
                 64.9022      61.4977      67.1117      62.2914      64.9437
                 64.6786      66.3120      67.2628      65.0289      66.7080
                 65.8316      66.2223      63.7601      61.9555      64.3494
                 63.7071      66.5106      65.5246      65.2949      68.5931
                 66.3744      64.0330      62.0100      65.4017      63.5400
                 63.2775      65.2210      61.2115      62.9013      64.1215
   3      0      26.8959      38.5868      38.5097      38.8366      29.9299
                 23.9191      23.0889      25.5147      22.0460      22.7813
                 22.4104      25.9283      25.1999      21.1592      24.4364
                 43.8126      64.2521      68.4757      65.4493      65.5470
                 64.9196      61.5104      67.1188      62.2938      64.9525
                 64.7139      66.3054      67.2644      65.0129      66.7111
                 65.8254      66.2211      63.7511      61.9890      64.3930
                 63.7201      66.5129      65.5306      65.2995      68.5915
                 66.3956      64.0648      62.0080      65.4182      63.5739
                 63.2824      65.2308      61.2129      62.9196      64.1019
   4      0      26.8994      38.5427      38.4647      38.7849      29.9065
                 23.8982      23.0827      25.4947      22.0186      22.7588
                 22.3650      25.8761      25.1721      21.1596      24.4218
                 43.7723      64.2427      68.4564      65.3931      65.5025
                 64.9110      61.5427      67.0919      62.3034      64.9550
                 64.6989      66.3041      67.2566      65.0136      66.7173
                 65.8067      66.2148      63.7681      61.9613      64.3679
                 63.7069      66.5157      65.4997      65.2979      68.5459
                 66.3498      63.9951      62.0048      65.3777      63.5370
                 63.2720      65.2006      61.2031      62.9068      64.1386
   5      0      26.8141      38.5389      38.4049      38.7493      29.8348
                 23.8126      23.0046      25.4070      21.9704      22.6957
                 22.3333      25.8750      25.0927      21.0490      24.3820
                 43.7374      64.2163      68.4234      65.4566      65.4803
                 64.8802      61.4465      67.0515      62.2417      64.8675
                 64.6619      66.2429      67.2032      64.9600      66.6602
                 65.7370      66.1866      63.6900      61.9460      64.3499
                 63.6685      66.4703      65.4882      65.2767      68.5429
                 66.3655      64.0118      61.9703      65.3304      63.5376
                 63.2149      65.2162      61.1819      62.9092      64.0637
   5     60      26.4907      38.2161      38.0813      38.4267      29.5118
                 23.4878      22.6806      25.0829      21.6470      22.3726
                 22.0098      25.5507      24.7694      20.7253      24.0587
                 43.4184      63.9039      68.1107      65.1446      65.1680
                 64.5683      61.1345      66.7400      61.9299      64.5556
                 64.3494      65.9302      66.8910      64.6471      66.3480
                 65.4254      65.8742      63.3776      61.6336      64.0380
                 63.3558      66.1577      65.1760      64.9642      68.2308
                 66.0530      63.6999      61.6584      65.0184      63.2250
                 62.9023      64.9041      60.8702      62.5973      63.7511
   5     80      23.7798      35.5124      35.3739      35.7270      26.8053
                 20.7684      19.9633      22.3663      18.9360      19.6616
                 19.2981      22.8362      22.0599      18.0093      21.3471
                 40.7297      61.2502      65.4566      62.4951      62.5160
                 61.9194      58.4833      64.0938      59.2789      61.9044
                 61.6949      63.2775      64.2422      61.9909      63.6966
                 62.7788      63.2229      60.7250      58.9802      61.3876
                 60.7012      63.5036      62.5247      62.3095      65.5822
                 63.4012      61.0488      59.0069      62.3700      60.5730
                 60.2482      62.2523      58.2211      59.9472      61.0980
   5    100      16.1180      27.8707      27.7287      28.0995      19.1583
                 13.0922      12.2843      14.6982      11.2711      11.9996
                 11.6294      15.1705      14.4045      10.3311      13.6850
                 33.1361      53.7389      57.9451      54.9970      55.0099
                 54.4213      50.9758      56.6010      51.7688      54.3987
                 54.1824      55.7692      56.7459      54.4692      56.1919
                 55.2845      55.7190      53.2171      51.4670      53.8842
                 53.1877      55.9913      55.0215      54.7954      58.0871
                 55.8958      53.5424      51.4950      54.8732      53.0679
                 52.7340      54.7479      50.7144      52.4430      53.5884
 
 
 cumulative average & 95% error for solvation free energy
              total             1st component         2nd component         3rd component
  1   -85.4652              -81.4054              -30.9569               26.8959
  2   -87.9107     4.8909   -82.9397     3.0686   -37.7135    13.5132    32.7414    11.6909
  3   -88.7585     3.2938   -82.6164     1.8860   -40.8074     9.9578    34.6641     7.7684
  4   -88.3556     2.4645   -82.3276     1.4533   -41.7365     7.2823    35.7072     5.8759
  5   -87.7843     2.2248   -82.5142     1.1860   -39.8231     6.8164    34.5518     5.1045
  6   -87.4315     1.9488   -83.4480     2.1036   -36.7644     8.2703    32.7797     5.4710
  7   -87.1145     1.7648   -83.8077     1.9180   -34.7032     8.1147    31.3953     5.3895
  8   -87.1289     1.5287   -84.3511     1.9849   -33.4392     7.4685    30.6602     4.8935
  9   -86.7529     1.5437   -84.2395     1.7647   -32.2176     7.0251    29.7031     4.7211
 10   -86.4856     1.4806   -84.5248     1.6783   -30.9729     6.7586    29.0109     4.4438
 11   -86.3598     1.3627   -84.2832     1.5932   -30.4887     6.1896    28.4108     4.1949
 12   -86.2817     1.2537   -84.2666     1.4547   -30.2203     5.6757    28.2040     3.8517
 13   -86.1696     1.1749   -84.2058     1.3437   -29.9378     5.2514    27.9729     3.5731
 14   -85.8534     1.2582   -84.1497     1.2490   -29.1911     5.0861    27.4862     3.4483
 15   -85.8585     1.1713   -84.4888     1.3461   -28.6537     4.8553    27.2829     3.2358
 16   -85.7522     1.1161   -84.6302     1.2906   -29.4391     4.8057    28.3160     3.6648
 17   -85.8968     1.0875   -84.7486     1.2352   -31.5792     6.2207    30.4299     5.4521
 18   -86.0233     1.0561   -84.8674     1.1885   -33.7005     7.2386    32.5435     6.6553
 19   -86.0351     0.9992   -84.9533     1.1373   -35.3583     7.6076    34.2754     7.1852
 20   -86.2023     1.0053   -85.0816     1.1090   -36.9609     7.8969    35.8390     7.4996
 21   -86.2762     0.9675   -85.1651     1.0680   -38.3360     7.9991    37.2238     7.6523
 22   -86.2258     0.9280   -85.1640     1.0183   -39.3906     7.9131    38.3277     7.6229
 23   -86.4697     1.0121   -85.2416     0.9854   -40.8088     8.0757    39.5795     7.7022
 24   -86.3382     1.0041   -85.0951     0.9879   -41.7702     7.9674    40.5259     7.6134
 25   -86.4715     0.9994   -85.1908     0.9667   -42.7850     7.9070    41.5030     7.5594
 26   -86.4301     0.9638   -85.1855     0.9288   -43.6415     7.7875    42.3957     7.4791
 27   -86.4139     0.9279   -85.0474     0.9354   -44.6489     7.7597    43.2813     7.4115
 28   -86.5345     0.9261   -85.0862     0.9047   -45.5872     7.7093    44.1378     7.3445
 29   -86.5611     0.8952   -85.1230     0.8760   -46.2969     7.5729    44.8576     7.2315
 30   -86.6523     0.8839   -85.2562     0.8873   -46.9833     7.4438    45.5861     7.1365
 31   -86.6497     0.8549   -85.2871     0.8604   -47.6027     7.3055    46.2390     7.0249
 32   -86.6798     0.8299   -85.3740     0.8510   -48.1704     7.1640    46.8634     6.9155
 33   -86.5946     0.8222   -85.4563     0.8411   -48.5146     6.9776    47.3752     6.7804
 34   -86.4155     0.8745   -85.3626     0.8373   -48.8591     6.8042    47.8050     6.6339
 35   -86.3748     0.8530   -85.3816     0.8139   -49.2733     6.6587    48.2789     6.5109
 36   -86.3433     0.8313   -85.4927     0.8216   -49.5596     6.4964    48.7078     6.3854
 37   -86.3721     0.8106   -85.5435     0.8055   -50.0189     6.3848    49.1891     6.2845
 38   -86.3871     0.7896   -85.6115     0.7957   -50.3959     6.2601    49.6191     6.1771
 39   -86.4215     0.7721   -85.6416     0.7774   -50.8023     6.1514    50.0212     6.0701
 40   -86.4759     0.7604   -85.6614     0.7587   -51.3011     6.0781    50.4854     5.9888
 41   -86.5126     0.7453   -85.6857     0.7416   -51.7016     5.9818    50.8735     5.8923
 42   -86.5003     0.7277   -85.7330     0.7299   -51.9560     5.8598    51.1876     5.7845
 43   -86.5251     0.7123   -85.7566     0.7143   -52.2088     5.7442    51.4392     5.6707
 44   -86.5992     0.7116   -85.7999     0.7032   -52.5573     5.6553    51.7569     5.5767
 45   -86.6024     0.6956   -85.8259     0.6893   -52.7972     5.5489    52.0195     5.4766
 46   -86.6184     0.6811   -85.8596     0.6775   -53.0244     5.4460    52.2643     5.3785
 47   -86.6560     0.6706   -85.8843     0.6648   -53.3132     5.3600    52.5402     5.2917
 48   -86.5924     0.6687   -85.7666     0.6920   -53.5479     5.2681    52.7209     5.1929
 49   -86.5221     0.6699   -85.7664     0.6778   -53.6859     5.1669    52.9290     5.1028
 50   -86.5442     0.6578   -85.7861     0.6652   -53.9118     5.0826    53.1525     5.0196
 
 Mesh error is    0.948 kcal/mol
