 ERmod 0.3.8, Copyright (C) 2000-2019 Nobuyuki Matubayasi
                            2010-2019 Shun Sakuraba
 ERmod comes with ABSOLUTELY NO WARRANTY.
 This is free software, and you can redistribute it
 and/or modify it under certain conditions.
 See LICENSE file for details.
 
  Number of the   1-th solvent  =          368
  Number of the   2-th solvent  =          368
  Number of the   3-th solvent  =        10000
 
  Be sure that the solvent distribution is homogeneous (radial distribution function is essentially unity) when the solvent molecule is separated beyond distance of   10.0 Angstrom in any direction from any atom within the solute molecule
 
  LJ long-range correction    =        -0.6509     -0.1232     -7.4645
 
  Self-energy of the solute   =         0.0019  kcal/mol
 
 
 cumulative average & 95% error for solvation energy
              total             1st component         2nd component         3rd component
  1  -573.3425             -118.1747             -236.5979             -218.5718
  2  -575.0343     3.3836  -118.3882     0.4270  -238.0257     2.8556  -218.6223     0.1010
  3  -574.7639     2.0270  -118.7019     0.6740  -237.2668     2.2410  -218.7972     0.3546
  4  -578.9917     8.5764  -118.5305     0.5870  -249.8163    25.1490  -210.6468    16.3026
  5  -582.9532    10.3395  -118.2502     0.7218  -261.7693    30.8380  -202.9356    19.9327
  6  -585.4430     9.8013  -118.2547     0.5895  -269.2669    29.3060  -197.9233    19.1146
  7  -587.2113     9.0070  -117.1024     2.3579  -274.5552    26.9319  -195.5556    16.8346
  8  -588.4515     8.1852  -116.9979     2.0527  -278.9791    24.9455  -192.4764    15.8265
  9  -589.4330     7.4808  -116.3487     2.2277  -282.2466    22.9499  -190.8396    14.3364
 10  -590.3185     6.9214  -115.9718     2.1304  -284.5988    21.0592  -189.7498    13.0068
 11  -591.0202     6.4160  -115.2411     2.4185  -286.7430    19.5255  -189.0381    11.8509
 12  -591.5894     5.9666  -115.4968     2.2663  -288.2556    18.0792  -187.8389    11.0810
 13  -592.0804     5.5757  -114.0710     3.5324  -290.0604    17.0176  -187.9510    10.1955
 14  -592.4326     5.2099  -113.7894     3.3185  -291.4381    15.9944  -187.2070     9.5557
 15  -592.7948     4.9039  -113.8797     3.0946  -292.5875    15.0664  -186.3295     9.0674
 16  -593.0902     4.6251  -113.8868     2.8948  -293.3994    14.1866  -185.8060     8.5461
 17  -593.3880     4.3852  -113.7898     2.7261  -294.0134    13.3824  -185.5867     8.0397
 18  -593.6512     4.1677  -113.9140     2.5822  -294.7419    12.7009  -184.9972     7.6710
 19  -593.8760     3.9679  -114.0332     2.4541  -295.4057    12.0870  -184.4391     7.3414
 20  -594.1255     3.7972  -114.2570     2.3708  -295.8786    11.5057  -183.9919     7.0219
 21  -594.3213     3.6330  -113.7530     2.4701  -296.5178    11.0185  -184.0524     6.6802
 22  -594.4568     3.4745  -113.5503     2.3897  -296.9141    10.5356  -183.9943     6.3704
 23  -594.6114     3.3344  -113.3038     2.3361  -297.5279    10.1416  -183.7817     6.1020
 24  -595.0371     3.3040  -113.1433     2.2596  -299.0366    10.1679  -182.8592     6.1266
 25  -595.9922     3.7003  -113.0858     2.1704  -302.3055    11.7414  -180.6028     7.4092
 26  -596.8032     3.9076  -113.1381     2.0878  -305.2805    12.7537  -178.3865     8.3859
 27  -597.5471     4.0437  -113.3052     2.0366  -307.9814    13.4085  -176.2624     9.1192
 28  -598.2518     4.1437  -113.3544     1.9650  -310.5701    13.9195  -174.3292     9.6005
 29  -598.8865     4.1950  -113.0337     2.0016  -312.9664    14.2604  -172.8884     9.7014
 30  -599.4647     4.2145  -112.6055     2.1149  -315.2978    14.5445  -171.5634     9.7398
 31  -600.0401     4.2356  -112.7237     2.0592  -317.3106    14.6321  -170.0078     9.9209
 32  -600.6302     4.2675  -112.9213     2.0326  -319.3061    14.7189  -168.4048    10.1268
 33  -601.1545     4.2670  -112.8950     1.9707  -321.1764    14.7482  -167.0850    10.1638
 34  -601.6489     4.2561  -112.9990     1.9232  -322.9135    14.7236  -165.7382    10.2216
 35  -602.1212     4.2393  -112.9936     1.8674  -324.5461    14.6648  -164.5835    10.1904
 36  -602.5812     4.2213  -113.1291     1.8350  -326.0850    14.5802  -163.3690    10.1969
 37  -602.9479     4.1706  -113.1863     1.7883  -327.5685    14.4877  -162.1950    10.1916
 38  -603.3617     4.1429  -113.0032     1.7788  -328.9766    14.3798  -161.3838    10.0516
 39  -603.7399     4.1055  -113.0708     1.7378  -330.2654    14.2415  -160.4056     9.9840
 40  -604.0664     4.0545  -113.0922     1.6943  -331.5149    14.1040  -159.4613     9.9128
 41  -604.3856     4.0056  -113.0819     1.6526  -332.7242    13.9667  -158.5814     9.8268
 42  -604.7148     3.9641  -113.1598     1.6203  -333.8260    13.8071  -157.7309     9.7397
 43  -604.9843     3.9082  -113.2617     1.5952  -334.8363    13.6328  -156.8883     9.6587
 44  -605.3034     3.8713  -113.1430     1.5765  -335.9354    13.4995  -156.2269     9.5288
 45  -605.5660     3.8206  -113.2095     1.5468  -336.8643    13.3262  -155.4942     9.4293
 46  -605.7697     3.7587  -112.9805     1.5806  -337.8354    13.1772  -154.9558     9.2847
 47  -605.9872     3.7035  -113.0685     1.5566  -338.6586    12.9985  -154.2620     9.1903
 48  -606.2240     3.6564  -113.1695     1.5371  -339.4734    12.8287  -153.5831     9.0987
 49  -606.4760     3.6162  -113.3120     1.5321  -340.2129    12.6509  -152.9531     8.9997
 50  -606.6862     3.5680  -113.4182     1.5162  -340.9879    12.4919  -152.2820     8.9194
 
 
 group  inft  solvation free energy     error          difference
  total solvation free energy
   1      0       -125.98803           1.63670           0.43931
   1     60       -126.18059           1.63630           0.24674
   1     80       -127.89253           1.63230          -1.46519
   1    100       -135.00860           1.62018          -8.58126
   2      0       -126.70567           1.68502          -0.27833
   3      0       -126.42734           1.69879           0.00000
   4      0       -126.62482           1.70665          -0.19748
   5      0       -127.90592           1.71858          -1.47858
   5     60       -128.16368           1.71806          -1.73634
   5     80       -130.30548           1.71325          -3.87814
   5    100       -136.98219           1.70252         -10.55486
 
  contribution from  1-th solvent component
   1      0       -100.97067           0.82638          -0.65176
   1     60       -100.97910           0.82637          -0.66019
   1     80       -101.04663           0.82630          -0.72771
   1    100       -101.33559           0.82651          -1.01667
   2      0       -100.40726           0.86868          -0.08835
   3      0       -100.31892           0.88577           0.00000
   4      0       -100.17409           0.90111           0.14483
   5      0       -101.25416           0.90896          -0.93524
   5     60       -101.26435           0.90894          -0.94543
   5     80       -101.35295           0.90889          -1.03403
   5    100       -101.62622           0.90914          -1.30731
 
  contribution from  2-th solvent component
   1      0       -113.90079           6.22723           1.17634
   1     60       -113.89881           6.22726           1.17832
   1     80       -113.80920           6.22739           1.26793
   1    100       -113.47703           6.22796           1.60010
   2      0       -115.24712           6.24508          -0.16999
   3      0       -115.07713           6.24333           0.00000
   4      0       -115.44112           6.25449          -0.36399
   5      0       -115.64227           6.25142          -0.56514
   5     60       -115.63294           6.25147          -0.55580
   5     80       -115.52671           6.25165          -0.44958
   5    100       -115.24965           6.25240          -0.17252
 
  contribution from  3-th solvent component
   1      0         88.88149           4.83140          -0.08528
   1     60         88.69538           4.83168          -0.27139
   1     80         86.96137           4.83533          -2.00540
   1    100         79.80208           4.84959          -9.16469
   2      0         88.94677           4.83031          -0.02000
   3      0         88.96677           4.83018           0.00000
   4      0         88.98845           4.83089           0.02168
   5      0         88.98857           4.83154           0.02180
   5     60         88.73167           4.83194          -0.23510
   5     80         86.57223           4.83651          -2.39454
   5    100         79.89174           4.84996          -9.07503
 
 
 group  inft   Estimated free energy: total (kcal/mol)
   1      0    -121.5842    -123.7812    -121.5936    -121.1448    -121.3391
               -119.4312    -118.9003    -118.9097    -118.3773    -119.2820
               -120.4536    -118.7094    -123.6890    -116.2999    -118.5109
               -117.9137    -121.3652    -120.1492    -118.8563    -119.4742
               -122.6392    -119.2352    -120.4807    -124.7687    -130.1079
               -129.5128    -131.4339    -131.2403    -131.2051    -132.1606
               -129.4933    -133.3241    -129.7683    -132.5771    -131.6179
               -133.0860    -131.3340    -131.3577    -132.8969    -130.9975
               -130.6172    -131.7771    -129.1588    -130.8276    -128.0343
               -131.5831    -132.5720    -130.8584    -131.7254    -133.2457
   1     60    -121.7755    -123.9741    -121.7862    -121.3400    -121.5334
               -119.6261    -119.0947    -119.1047    -118.5717    -119.4767
               -120.6472    -118.9043    -123.8817    -116.4940    -118.7057
               -118.1079    -121.5589    -120.3438    -119.0505    -119.6686
               -122.8321    -119.4293    -120.6758    -124.9610    -130.2993
               -129.7038    -131.6249    -131.4315    -131.3957    -132.3516
               -129.6848    -133.5155    -129.9597    -132.7682    -131.8096
               -133.2775    -131.5261    -131.5486    -133.0889    -131.1888
               -130.8089    -131.9678    -129.3502    -131.0190    -128.2260
               -131.7733    -132.7631    -131.0498    -131.9168    -133.4365
   1     80    -123.4947    -125.7084    -123.5126    -123.0776    -123.2634
               -121.3541    -120.8210    -120.8366    -120.3005    -121.2039
               -122.3736    -120.6296    -125.6020    -118.2230    -120.4362
               -119.8329    -123.2857    -122.0690    -120.7760    -121.3958
               -124.5583    -121.1526    -122.4085    -126.6751    -132.0016
               -131.4027    -133.3136    -133.1293    -133.0934    -134.0495
               -131.3809    -135.2174    -131.6610    -134.4632    -133.5119
               -134.9761    -133.2269    -133.2452    -134.7905    -132.8901
               -132.5076    -133.6674    -131.0442    -132.7189    -129.9231
               -133.4664    -134.4573    -132.7456    -133.6166    -135.1350
   1    100    -130.6972    -132.9741    -130.7343    -130.2910    -130.4265
               -128.5033    -127.9735    -128.0037    -127.4594    -128.3534
               -129.5297    -127.7661    -132.7541    -125.3841    -127.5975
               -126.9726    -130.4422    -129.2085    -127.9246    -128.5479
               -131.7262    -128.2944    -129.5861    -133.7933    -139.0942
               -138.4827    -140.3392    -140.2003    -140.1742    -141.1323
               -138.4414    -142.3062    -138.7423    -141.5216    -140.6045
               -142.0467    -140.3088    -140.3142    -141.8758    -139.9724
               -139.5840    -140.7475    -138.0880    -139.7956    -136.9788
               -140.5281    -141.5094    -139.8020    -140.6859    -142.2100
   2      0    -122.4792    -125.0655    -121.8889    -121.6978    -122.4509
               -120.0111    -119.8459    -119.7862    -118.9522    -119.9938
               -121.1247    -119.6645    -124.6327    -116.0097    -118.5402
               -118.1412    -121.9311    -120.3558    -119.1656    -119.7889
               -123.4907    -119.4784    -121.1284    -125.4218    -130.8801
               -130.5047    -131.9832    -131.9788    -131.6230    -133.0827
               -130.0059    -134.8799    -130.4102    -133.5785    -131.7868
               -133.8401    -132.5915    -131.9428    -133.6673    -131.7527
               -130.9980    -133.1609    -130.7388    -131.4414    -128.6076
               -132.3151    -133.2069    -132.0411    -132.9342    -134.2863
   3      0    -122.4150    -124.7805    -121.8355    -121.6753    -122.4268
               -119.6435    -119.4318    -119.5425    -118.4482    -119.4613
               -120.8482    -119.1437    -124.1643    -115.6190    -118.1162
               -117.6419    -121.3490    -119.8828    -118.8855    -119.5680
               -123.1715    -119.2969    -121.1416    -125.2074    -130.6522
               -130.0399    -131.8904    -131.8393    -131.2881    -132.7084
               -129.5878    -134.6454    -129.9923    -133.5042    -131.6451
               -133.7585    -132.2782    -131.7073    -133.5479    -131.3764
               -130.8862    -132.7482    -130.1219    -131.2821    -128.1506
               -132.0350    -133.3686    -131.8029    -132.6688    -134.1450
   4      0    -122.6713    -125.1013    -121.9217    -121.8912    -122.4998
               -119.9784    -119.5117    -119.7435    -118.5851    -119.9144
               -120.9141    -119.5696    -124.3490    -115.6296    -118.1713
               -117.8920    -121.6852    -120.0089    -118.9985    -119.5198
               -123.3196    -119.2808    -121.3760    -125.4454    -130.9256
               -130.2407    -132.0308    -132.1283    -131.7011    -132.8136
               -129.6328    -135.0803    -130.1700    -133.7648    -131.5635
               -133.8049    -132.8096    -131.6011    -133.7139    -131.6159
               -131.0258    -133.1830    -130.5540    -131.5378    -128.3177
               -132.0035    -133.4000    -132.1668    -133.0443    -134.4330
   5      0    -124.0971    -126.4033    -123.4847    -123.2599    -123.7527
               -121.3232    -120.7473    -120.9884    -119.6766    -120.6707
               -122.0402    -120.7253    -125.8028    -116.5230    -119.5647
               -119.1775    -122.8479    -121.4523    -120.1957    -120.7016
               -124.8208    -120.4013    -122.9541    -126.7645    -132.3531
               -131.5579    -133.3790    -133.5455    -132.7512    -134.3080
               -130.7029    -136.4378    -131.2303    -135.1794    -132.8017
               -134.9811    -134.0395    -132.9783    -135.4598    -132.8837
               -132.2660    -134.1513    -131.5056    -132.7383    -129.7201
               -133.4284    -134.9732    -133.3284    -134.3914    -135.8283
   5     60    -124.3530    -126.6616    -123.7420    -123.5212    -124.0130
               -121.5833    -121.0071    -121.2492    -119.9371    -120.9312
               -122.2996    -120.9857    -126.0612    -116.7829    -119.8251
               -119.4373    -123.1075    -121.7124    -120.4559    -120.9619
               -125.0798    -120.6609    -123.2153    -127.0226    -132.6096
               -131.8138    -133.6344    -133.8017    -133.0065    -134.5639
               -130.9589    -136.6942    -131.4870    -135.4353    -133.0581
               -135.2371    -134.2962    -133.2342    -135.7164    -133.1400
               -132.5221    -134.4072    -131.7615    -132.9946    -129.9764
               -133.6833    -135.2287    -133.5843    -134.6479    -136.0841
   5     80    -126.5056    -128.8342    -125.9024    -125.6978    -126.1779
               -123.7426    -123.1665    -123.4146    -122.1010    -123.0899
               -124.4574    -123.1441    -128.2120    -118.9445    -121.9885
               -121.5939    -125.2670    -123.8693    -122.6159    -123.1210
               -127.2402    -122.8172    -125.3853    -129.1685    -134.7399
               -133.9399    -135.7479    -135.9260    -135.1290    -136.6889
               -133.0799    -138.8250    -133.6145    -137.5569    -135.1880
               -137.3627    -136.4237    -135.3573    -137.8470    -135.2668
               -134.6467    -136.5338    -133.8801    -135.1212    -132.0995
               -135.8017    -137.3483    -135.7081    -136.7738    -138.2100
   5    100    -133.2643    -135.6534    -132.6771    -132.4679    -132.8985
               -130.4438    -129.8753    -130.1328    -128.8222    -129.7944
               -131.1682    -129.8429    -134.9196    -125.6589    -128.7015
               -128.2895    -131.9824    -130.5641    -129.3251    -129.8261
               -133.9688    -129.5207    -132.1283    -135.8512    -141.3964
               -140.5824    -142.3411    -142.5574    -141.7679    -143.3358
               -139.6996    -145.4783    -140.2577    -144.1829    -141.8425
               -143.9986    -143.0674    -141.9921    -144.4982    -141.9080
               -141.2823    -143.1747    -140.4902    -141.7639    -138.7236
               -142.4292    -143.9676    -142.3355    -143.4080    -144.8514
 
 group  inft   Estimated free energy: 1-th solvent contribution (kcal/mol)
   1      0    -104.8893    -104.9440    -105.7097    -103.9678    -103.4672
               -103.2653     -98.5506    -102.5205     -97.8270     -99.4714
                -98.3244    -103.1342     -94.5482     -96.5213    -100.9541
               -100.0623     -99.9147    -101.5758     -99.7212    -101.8749
                -97.9784     -98.1711     -97.2079     -98.9474     -98.2057
               -100.3821    -104.0644    -101.9918     -96.8657     -95.4455
               -101.7883    -104.6103     -99.2943    -104.4141     -99.2274
               -104.0329    -102.3874     -97.6161    -102.4111    -101.7774
               -100.2185    -104.0086    -103.7424     -97.4197    -100.5754
                -97.3119    -103.8340    -104.1692    -104.4563    -104.7345
   1     60    -104.8978    -104.9526    -105.7182    -103.9764    -103.4755
               -103.2739     -98.5591    -102.5291     -97.8354     -99.4799
                -98.3330    -103.1426     -94.5567     -96.5299    -100.9626
               -100.0708     -99.9234    -101.5845     -99.7296    -101.8833
                -97.9870     -98.1795     -97.2164     -98.9558     -98.2140
               -100.3906    -104.0727    -102.0002     -96.8740     -95.4538
               -101.7967    -104.6188     -99.3027    -104.4223     -99.2357
               -104.0412    -102.3958     -97.6244    -102.4197    -101.7858
               -100.2268    -104.0169    -103.7507     -97.4279    -100.5838
                -97.3202    -103.8422    -104.1776    -104.4648    -104.7428
   1     80    -104.9655    -105.0201    -105.7855    -104.0443    -103.5429
               -103.3423     -98.6273    -102.5969     -97.9030     -99.5487
                -98.4027    -103.2103     -94.6243     -96.5986    -101.0310
               -100.1391     -99.9916    -101.6528     -99.7978    -101.9510
                -98.0555     -98.2477     -97.2848     -99.0223     -98.2814
               -100.4577    -104.1397    -102.0672     -96.9417     -95.5211
               -101.8647    -104.6860     -99.3704    -104.4877     -99.3034
               -104.1079    -102.4629     -97.6912    -102.4875    -101.8528
               -100.2939    -104.0841    -103.8176     -97.4949    -100.6511
                -97.3865    -103.9079    -104.2446    -104.5325    -104.8090
   1    100    -105.2583    -105.3118    -106.0778    -104.3373    -103.8310
               -103.6354     -98.9162    -102.8873     -98.1901     -99.8411
                -98.6965    -103.5003     -94.9104     -96.8892    -101.3224
               -100.4297    -100.2826    -101.9443    -100.0870    -102.2408
                -98.3447     -98.5359     -97.5730     -99.3066     -98.5679
               -100.7469    -104.4280    -102.3561     -97.2296     -95.8069
               -102.1569    -104.9755     -99.6605    -104.7730     -99.5922
               -104.3956    -102.7516     -97.9763    -102.7785    -102.1400
               -100.5806    -104.3744    -104.1061     -97.7814    -100.9384
                -97.6717    -104.1912    -104.5333    -104.8229    -105.0943
   2      0    -104.5538    -104.6753    -105.4421    -103.4419    -103.2371
               -102.6085     -97.9847    -101.9623     -97.0797     -98.8440
                -97.6792    -102.6245     -93.9338     -95.2498    -100.0295
                -99.1935     -99.1112    -100.8970     -98.8079    -101.0194
                -97.3716     -97.6329     -96.7095     -98.2687     -97.4663
                -99.6680    -103.7927    -101.4785     -96.2866     -94.8741
               -101.1071    -104.2577     -98.4778    -104.1707     -98.4330
               -103.7647    -102.0217     -96.9154    -101.9581    -101.2873
                -99.6878    -103.7369    -103.4491     -96.7463     -99.8009
                -96.7351    -103.5742    -103.8433    -104.0642    -104.4075
   3      0    -104.5924    -104.6605    -105.4775    -103.3723    -103.2906
               -102.4811     -97.9002    -101.8733     -96.7833     -98.7206
                -97.5728    -102.4697     -93.7872     -94.9798     -99.7866
                -99.0227     -98.8393    -100.6916     -98.6446    -100.9141
                -97.3008     -97.5664     -96.5858     -98.1636     -97.3386
                -99.4511    -103.7902    -101.4402     -96.1535     -94.8013
               -100.8752    -104.2534     -98.2804    -104.2784     -98.3761
               -103.8266    -101.9861     -96.8408    -101.9843    -101.2120
                -99.6299    -103.8057    -103.4143     -96.6629     -99.5143
                -96.6350    -103.6619    -103.7972    -104.0192    -104.4405
   4      0    -104.4724    -104.6206    -105.3516    -103.3228    -103.0093
               -102.4183     -97.6790    -101.8590     -96.7907     -98.7375
                -97.3945    -102.4284     -93.5802     -94.7024     -99.6578
                -98.8957     -99.0440    -100.7139     -98.3556    -100.4834
                -97.0980     -97.3891     -96.4112     -98.0586     -97.0628
                -99.2937    -103.7369    -101.2738     -96.0262     -94.4328
               -100.6663    -104.2628     -98.2207    -104.0557     -98.1368
               -103.6756    -101.7343     -96.4526    -101.8074    -101.2693
                -99.2953    -103.7120    -103.3572     -96.3094     -99.2643
                -96.4037    -103.3541    -104.0183    -104.0096    -104.3989
   5      0    -105.6929    -105.7586    -106.5701    -104.4481    -104.0585
               -103.5582     -98.7307    -102.9735     -97.6755     -99.4126
                -98.3129    -103.4190     -94.8867     -95.5048    -100.7770
                -99.9706     -99.9260    -101.7786     -99.3180    -101.5006
                -98.3485     -98.2994     -97.7056     -99.1194     -98.1996
               -100.4256    -104.8354    -102.4787     -96.9699     -95.6672
               -101.6250    -105.4689     -99.1440    -105.2567     -99.1082
               -104.6460    -102.8956     -97.5982    -103.1964    -102.3926
               -100.3544    -104.6792    -104.2572     -97.3637    -100.3757
                -97.6079    -104.7534    -104.9795    -105.1161    -105.5671
   5     60    -105.7030    -105.7687    -106.5802    -104.4583    -104.0687
               -103.5684     -98.7410    -102.9837     -97.6859     -99.4230
                -98.3234    -103.4292     -94.8971     -95.5151    -100.7873
                -99.9810     -99.9363    -101.7889     -99.3284    -101.5107
                -98.3589     -98.3098     -97.7161     -99.1296     -98.2098
               -100.4357    -104.8455    -102.4888     -96.9801     -95.6774
               -101.6352    -105.4789     -99.1542    -105.2665     -99.1184
               -104.6560    -102.9057     -97.6084    -103.2066    -102.4026
               -100.3644    -104.6892    -104.2673     -97.3738    -100.3859
                -97.6179    -104.7634    -104.9896    -105.1262    -105.5771
   5     80    -105.7918    -105.8578    -106.6687    -104.5478    -104.1577
               -103.6575     -98.8305    -103.0725     -97.7749     -99.5130
                -98.4136    -103.5185     -94.9859     -95.6047    -100.8770
               -100.0710    -100.0251    -101.8785     -99.4180    -101.5989
                -98.4488     -98.3998     -97.8066     -99.2173     -98.2978
               -100.5230    -104.9341    -102.5766     -97.0677     -95.7655
               -101.7238    -105.5662     -99.2427    -105.3533     -99.2067
               -104.7441    -102.9939     -97.6963    -103.2952    -102.4902
               -100.4519    -104.7775    -104.3558     -97.4612    -100.4744
                -97.7050    -104.8511    -105.0778    -105.2148    -105.6647
   5    100    -106.0680    -106.1345    -106.9447    -104.8254    -104.4324
               -103.9317     -99.1042    -103.3459     -98.0479     -99.7894
                -98.6886    -103.7941     -95.2573     -95.8780    -101.1523
               -100.3472    -100.2975    -102.1537     -99.6917    -101.8702
                -98.7232     -98.6751     -98.0826     -99.4875     -98.5676
               -100.7935    -105.2091    -102.8488     -97.3371     -96.0356
               -101.9983    -105.8369     -99.5157    -105.6255     -99.4784
               -105.0178    -103.2674     -97.9671    -103.5689    -102.7608
               -100.7216    -105.0527    -104.6314     -97.7309    -100.7470
                -97.9750    -105.1233    -105.3518    -105.4888    -105.9367
 
 group  inft   Estimated free energy: 2-th solvent contribution (kcal/mol)
   1      0     -61.5194     -63.6888     -61.3478     -88.9536     -98.3010
                -96.4048     -96.0285     -98.1958     -98.1764     -96.0330
                -97.3811     -95.0598     -99.0783     -97.6691     -97.4924
                -94.9509     -96.5059     -97.2307     -98.0787     -95.6918
                -97.6086     -95.6569    -100.3445    -110.5487    -134.5566
               -133.1064    -132.1650    -133.0385    -133.3827    -136.1128
               -131.4576    -134.3418    -134.0326    -132.7119    -134.5394
               -133.3801    -134.4200    -133.7392    -133.7627    -133.2961
               -133.8994    -131.3978    -130.4703    -134.8871    -132.0430
               -134.3606    -132.1261    -131.5797    -131.0806    -133.2047
   1     60     -61.5174     -63.6867     -61.3458     -88.9516     -98.2988
                -96.4028     -96.0264     -98.1937     -98.1743     -96.0311
                -97.3790     -95.0579     -99.0762     -97.6669     -97.4902
                -94.9488     -96.5039     -97.2287     -98.0768     -95.6897
                -97.6061     -95.6549    -100.3429    -110.5465    -134.5547
               -133.1042    -132.1634    -133.0363    -133.3805    -136.1112
               -131.4556    -134.3398    -134.0308    -132.7101    -134.5378
               -133.3781    -134.4185    -133.7373    -133.7610    -133.2939
               -133.8976    -131.3953    -130.4686    -134.8853    -132.0413
               -134.3586    -132.1244    -131.5779    -131.0786    -133.2026
   1     80     -61.4268     -63.6017     -61.2533     -88.8666     -98.2114
                -96.3113     -95.9359     -98.1047     -98.0845     -95.9363
                -97.2896     -94.9630     -98.9837     -97.5781     -97.4010
                -94.8556     -96.4144     -97.1365     -97.9871     -95.5977
                -97.5187     -95.5617    -100.2558    -110.4582    -134.4681
               -133.0182    -132.0699    -132.9468    -133.2922    -136.0248
               -131.3635    -134.2551    -133.9410    -132.6185    -134.4493
               -133.2887    -134.3315    -133.6472    -133.6741    -133.2058
               -133.8084    -131.3060    -130.3752    -134.7948    -131.9497
               -134.2717    -132.0341    -131.4875    -130.9879    -133.1163
   1    100     -61.0888     -63.2939     -60.9055     -88.5592     -97.8909
                -95.9708     -95.5993     -97.7776     -97.7515     -95.5767
                -96.9578     -94.6073     -98.6382     -97.2503     -97.0741
                -94.5060     -96.0810     -96.7905     -97.6549     -95.2566
                -97.1982     -95.2122     -99.9361    -110.1333    -134.1515
               -132.7038    -131.7156    -132.6156    -132.9661    -135.7076
               -131.0184    -133.9480    -133.6075    -132.2764    -134.1230
               -132.9557    -134.0123    -133.3119    -133.3534    -132.8816
               -133.4784    -130.9766    -130.0235    -134.4569    -131.6073
               -133.9518    -131.6977    -131.1510    -130.6488    -132.8005
   2      0     -62.7985     -65.2860     -61.9544     -90.1025     -99.7467
                -97.7158     -97.6116     -99.6886     -99.5888     -97.4591
                -98.7968     -96.6008    -100.7148     -98.7318     -98.5396
                -96.1203     -97.9717     -98.1654     -99.3706     -96.9324
                -99.1274     -96.5188    -101.5487    -111.9625    -136.1341
               -134.8658    -133.0466    -134.3392    -134.4550    -137.6809
               -132.7045    -136.3013    -135.5532    -134.0156    -135.5538
               -134.4579    -136.1116    -135.0625    -135.0407    -134.6009
               -134.8689    -133.1120    -132.3934    -136.2404    -133.4602
               -135.7397    -133.0684    -133.1400    -132.7449    -134.6110
   3      0     -62.7041     -65.0355     -61.8797     -90.1867     -99.6846
                -97.5144     -97.3057     -99.5657     -99.3972     -97.0638
                -98.6320     -96.2611    -100.4082     -98.6680     -98.3852
                -95.8157     -97.6636     -97.9299     -99.2687     -96.8405
                -98.8983     -96.4259    -101.7101    -111.8670    -136.0422
               -134.6280    -132.9851    -134.2474    -134.2665    -137.3998
               -132.5231    -136.1040    -135.3743    -133.8532    -135.4876
               -134.3421    -135.8642    -134.9276    -134.9105    -134.3246
               -134.8277    -132.6468    -131.8374    -136.1795    -133.3103
               -135.5728    -133.1502    -132.9557    -132.5184    -134.4661
   4      0     -63.1123     -65.4148     -62.0857     -90.4578    -100.0474
                -97.9240     -97.6339     -99.8046     -99.5510     -97.5203
                -98.9057     -96.7374    -100.8478     -98.9709     -98.5842
                -96.1984     -97.8238     -98.0467     -99.6689     -97.2376
                -99.2511     -96.6232    -102.1484    -112.2478    -136.6081
               -135.0229    -133.1852    -134.7376    -134.8366    -137.9147
               -132.8304    -136.5178    -135.6060    -134.3659    -135.6576
               -134.5567    -136.6574    -135.2280    -135.2787    -134.5102
               -135.3470    -133.1988    -132.3667    -136.8675    -133.7646
               -135.8043    -133.5110    -133.1181    -132.9200    -134.8006
   5      0     -63.2972     -65.5792     -62.4215     -90.7034    -100.2397
                -98.1443     -97.7837     -99.9400     -99.7627     -97.6007
                -99.1185     -96.9109    -100.9927     -99.0851     -98.8749
                -96.4259     -98.0779     -98.4007     -99.9127     -97.4031
                -99.5240     -96.8243    -102.4330    -112.4823    -136.8891
               -135.1993    -133.4827    -134.9311    -134.9435    -138.1640
               -132.9401    -136.6926    -135.7566    -134.5678    -135.9277
               -134.7447    -136.7361    -135.4604    -135.6523    -134.6806
               -135.5135    -133.2009    -132.4026    -136.9910    -134.0580
               -136.0199    -133.7149    -133.2992    -133.1633    -135.0431
   5     60     -63.2877     -65.5702     -62.4118     -90.6943    -100.2303
                -98.1346     -97.7741     -99.9305     -99.7533     -97.5910
                -99.1089     -96.9011    -100.9831     -99.0756     -98.8652
                -96.4160     -98.0686     -98.3910     -99.9033     -97.3934
                -99.5145     -96.8145    -102.4240    -112.4731    -136.8801
               -135.1901    -133.4734    -134.9220    -134.9342    -138.1552
               -132.9307    -136.6839    -135.7475    -134.5586    -135.9186
               -134.7354    -136.7273    -135.4511    -135.6434    -134.6714
               -135.5043    -133.1913    -132.3932    -136.9819    -134.0488
               -136.0108    -133.7057    -133.2899    -133.1541    -135.0339
   5     80     -63.1800     -65.4699     -62.3010     -90.5952    -100.1279
                -98.0254     -97.6662     -99.8244     -99.6477     -97.4774
                -99.0032     -96.7884    -100.8720     -98.9702     -98.7591
                -96.3048     -97.9637     -98.2805     -99.7976     -97.2843
                -99.4112     -96.7032    -102.3225    -112.3695    -136.7783
               -135.0888    -133.3617    -134.8158    -134.8291    -138.0529
               -132.8207    -136.5860    -135.6405    -134.4504    -135.8140
               -134.6295    -136.6235    -135.3440    -135.5419    -134.5663
               -135.3982    -133.0846    -132.2809    -136.8757    -133.9403
               -135.9073    -133.5979    -133.1831    -133.0469    -134.9317
   5    100     -62.8960     -65.2135     -62.0066     -90.3442     -99.8638
                -97.7381     -97.3823     -99.5483     -99.3743     -97.1735
                -98.7263     -96.4894    -100.5777     -98.6955     -98.4832
                -96.0089     -97.6888     -97.9874     -99.5236     -96.9984
                -99.1435     -96.4082    -102.0625    -112.1011    -136.5195
               -134.8298    -133.0641    -134.5385    -134.5559    -137.7904
               -132.5300    -136.3365    -135.3631    -134.1662    -135.5450
               -134.3524    -136.3575    -135.0640    -135.2801    -134.2936
               -135.1223    -132.8061    -131.9831    -136.5996    -133.6559
               -135.6394    -133.3155    -132.9048    -132.7649    -134.6695
 
 group  inft   Estimated free energy: 3-th solvent contribution (kcal/mol)
   1      0      44.8226      44.8497      45.4620      71.7747      80.4272
                 80.2369      75.6768      81.8048      77.6241      76.2205
                 75.2500      79.4826      69.9355      77.8886      79.9336
                 77.0975      75.0535      78.6553      78.9416      78.0905
                 72.9458      74.5909      77.0697      84.7255     102.6524
                103.9738     104.7936     103.7880      99.0414      99.3957
                103.7506     105.6261     103.5566     104.5470     102.1470
                104.3251     105.4715      99.9957     103.2749     104.0741
                103.4987     103.6275     105.0520     101.4772     104.5822
                100.0875     103.3862     104.8885     103.8095     104.6916
   1     60      44.6377      44.6632      45.2759      71.5861      80.2390
                 80.0487      75.4889      81.6162      77.4361      76.0324
                 75.0628      79.2943      69.7493      77.7009      79.7452
                 76.9097      74.8664      78.4674      78.7540      77.9025
                 72.7591      74.4032      76.8815      84.5393     102.4675
                103.7890     104.6092     103.6031      98.8569      99.2114
                103.5655     105.4412     103.3719     104.3622     101.9620
                104.1399     105.2863      99.8111     103.0898     103.8890
                103.3136     103.4425     104.8671     101.2923     104.3971
                 99.9036     103.2015     104.7038     103.6246     104.5070
   1     80      42.8957      42.9114      43.5244      69.8313      78.4890
                 78.2976      73.7403      79.8631      75.6850      74.2791
                 73.3168      77.5418      68.0041      75.9518      77.9939
                 75.1598      73.1183      76.7184      77.0070      76.1509
                 71.0141      72.6548      75.1301      82.8035     100.7460
                102.0713     102.8940     101.8827      97.1386      97.4944
                101.8454     103.7218     101.6486     102.6411     100.2389
                102.4186     103.5656      98.0913     101.3692     102.1666
                101.5928     101.7207     103.1466      99.5688     102.6758
                 98.1899     101.4828     102.9846     101.9019     102.7884
   1    100      35.6479      35.6297      36.2470      62.6035      71.2935
                 71.1009      66.5401      72.6592      68.4802      67.0624
                 66.1227      70.3396      60.7926      68.7534      70.7970
                 67.9612      65.9195      69.5244      69.8154      68.9476
                 63.8148      65.4518      67.9211      75.6447      93.6232
                 94.9660      95.8025      94.7694      90.0195      90.3803
                 94.7320      96.6153      94.5239      95.5258      93.1087
                 95.3027      96.4532      90.9720      94.2542      95.0472
                 94.4731      94.6016      96.0396      92.4407      95.5649
                 91.0934      94.3775      95.8804      94.7839      95.6828
   2      0      44.8712      44.8940      45.5056      71.8447      80.5309
                 80.3113      75.7485      81.8628      77.7143      76.3073
                 75.3494      79.5589      70.0140      77.9700      80.0270
                 77.1707      75.1498      78.7046      79.0110      78.1610
                 73.0063      74.6713      77.1279      84.8076     102.7183
                104.0271     104.8541     103.8370      99.1166      99.4703
                103.8038     105.6772     103.6188     104.6059     102.1980
                104.3806     105.5398     100.0332     103.3295     104.1336
                103.5567     103.6860     105.1018     101.5434     104.6516
                100.1579     103.4338     104.9402     103.8730     104.7303
   3      0      44.8796      44.9136      45.5198      71.8817      80.5465
                 80.3501      75.7722      81.8946      77.7303      76.3211
                 75.3546      79.5851      70.0292      78.0269      80.0537
                 77.1947      75.1519      78.7367      79.0258      78.1847
                 73.0256      74.6934      77.1523      84.8212     102.7267
                104.0372     104.8829     103.8464      99.1300      99.4908
                103.8085     105.7101     103.6606     104.6255     102.2167
                104.4084     105.5702     100.0591     103.3451     104.1582
                103.5696     103.7024     105.1278     101.5583     104.6721
                100.1709     103.4416     104.9480     103.8668     104.7596
   4      0      44.9115      44.9322      45.5136      71.8875      80.5549
                 80.3620      75.7992      81.9183      77.7547      76.3415
                 75.3842      79.5942      70.0771      78.0417      80.0688
                 77.2001      75.1807      78.7498      79.0240      78.1992
                 73.0276      74.7295      77.1817      84.8590     102.7434
                104.0739     104.8894     103.8812      99.1597      99.5319
                103.8621     105.6983     103.6547     104.6549     102.2291
                104.4254     105.5801     100.0775     103.3703     104.1617
                103.6145     103.7259     105.1680     101.6372     104.7092
                100.2026     103.4631     104.9677     103.8834     104.7646
   5      0      44.8911      44.9326      45.5050      71.8896      80.5436
                 80.3774      75.7652      81.9233      77.7598      76.3407
                 75.3892      79.6027      70.0747      78.0649      80.0853
                 77.2170      75.1541      78.7249      79.0331      78.2001
                 73.0497      74.7205      77.1825      84.8354     102.7336
                104.0650     104.9371     103.8624      99.1603      99.5213
                103.8603     105.7218     103.6683     104.6432     102.2322
                104.4077     105.5903     100.0783     103.3869     104.1876
                103.5998     103.7269     105.1523     101.6144     104.7116
                100.1974     103.4932     104.9483     103.8860     104.7799
   5     60      44.6357      44.6754      45.2480      71.6294      80.2841
                 80.1178      75.5061      81.6631      77.5001      76.0809
                 75.1308      79.3427      69.8171      77.8058      79.8255
                 76.9577      74.8954      78.4656      78.7739      77.9403
                 72.7916      74.4615      76.9229      84.5781     102.4785
                103.8101     104.6825     103.6072      98.9058      99.2669
                103.6051     105.4667     103.4127     104.3879     101.9769
                104.1524     105.3348      99.8233     103.1317     103.9321
                103.3446     103.4714     104.8970     101.3591     104.4563
                 99.9434     103.2385     104.6932     103.6305     104.5250
   5     80      42.4643      42.4915      43.0655      69.4432      78.1058
                 77.9384      73.3282      79.4804      75.3197      73.8986
                 72.9574      77.1608      67.6439      75.6284      77.6456
                 74.7800      72.7198      76.2877      76.5977      75.7602
                 70.6178      72.2838      74.7418      82.4164     100.3343
                101.6700     102.5459     101.4645      96.7658      97.1276
                101.4627     103.3253     101.2667     102.2448      99.8308
                102.0089     103.1917      97.6811     100.9882     101.7878
                101.2015     101.3264     102.7547      99.2137     102.3133
                 97.8086     101.0988     102.5510     101.4860     102.3844
   5    100      35.6978      35.6927      36.2723      62.6999      71.3958
                 71.2241      66.6093      72.7595      68.5980      67.1665
                 66.2447      70.4386      60.9135      68.9126      70.9321
                 68.0646      66.0020      69.5750      69.8883      69.0406
                 63.8959      65.5606      68.0149      75.7355      93.6888
                 95.0391      95.9301      94.8280      90.1231      90.4884
                 94.8267      96.6932      94.6191      95.6069      93.1789
                 95.3697      96.5556      91.0370      94.3489      95.1444
                 94.5596      94.6822      96.1223      92.5647      95.6774
                 91.1832      94.4693      95.9192      94.8437      95.7528
 
 
 cumulative average & 95% error for solvation free energy
              total             1st component         2nd component         3rd component
  1  -122.4150             -104.5924              -62.7041               44.8796
  2  -123.5977     2.3655  -104.6265     0.0680   -63.8698     2.3314    44.8966     0.0340
  3  -123.0103     1.8015  -104.9101     0.5687   -63.2064     1.8900    45.1043     0.4159
  4  -122.6766     1.4381  -104.5257     0.8677   -69.9515    13.5562    51.7987    13.3919
  5  -122.6266     1.1184  -104.2787     0.8342   -75.8981    15.8654    57.5482    15.4866
  6  -122.1294     1.3501  -103.9791     0.9071   -79.5008    14.8231    61.3485    14.7533
  7  -121.7441     1.3770  -103.1107     1.8985   -82.0444    13.5213    63.4091    13.1322
  8  -121.4689     1.3134  -102.9560     1.6730   -84.2345    12.5023    65.7198    12.2759
  9  -121.1332     1.3387  -102.2701     2.0146   -85.9193    11.5293    67.0543    11.1505
 10  -120.9660     1.2432  -101.9152     1.9367   -87.0337    10.5503    67.9809    10.1440
 11  -120.9553     1.1247  -101.5204     1.9215   -88.0881     9.7733    68.6513     9.2731
 12  -120.8044     1.0702  -101.5995     1.7612   -88.7692     9.0251    69.5624     8.6590
 13  -121.0628     1.1119  -100.9986     2.0172   -89.6645     8.4928    69.5983     7.9655
 14  -120.6740     1.2902  -100.5687     2.0560   -90.3076     7.9673    70.2004     7.4722
 15  -120.5035     1.2486  -100.5165     1.9169   -90.8461     7.4950    70.8573     7.0793
 16  -120.3246     1.2215  -100.4232     1.8028   -91.1567     7.0384    71.2533     6.6693
 17  -120.3849     1.1537  -100.3300     1.7036   -91.5395     6.6556    71.4827     6.2814
 18  -120.3570     1.0891  -100.3501     1.6067   -91.8945     6.3150    71.8857     5.9768
 19  -120.2795     1.0418  -100.2603     1.5304   -92.2826     6.0236    72.2615     5.7032
 20  -120.2440     0.9909  -100.2930     1.4533   -92.5105     5.7326    72.5576     5.4429
 21  -120.3834     0.9829  -100.1505     1.4114   -92.8147     5.4867    72.5799     5.1774
 22  -120.3340     0.9423  -100.0331     1.3661   -92.9788     5.2416    72.6760     4.9402
 23  -120.3691     0.9032   -99.8832     1.3393   -93.3585     5.0658    72.8706     4.7365
 24  -120.5707     0.9541   -99.8115     1.2903   -94.1296     5.0894    73.3685     4.6430
 25  -120.9739     1.2198   -99.7126     1.2533   -95.8061     5.9222    74.5429     5.0347
 26  -121.3226     1.3638   -99.7026     1.2043   -97.2993     6.4259    75.6773     5.3429
 27  -121.7140     1.5280   -99.8539     1.1978   -98.6210     6.7247    76.7590     5.5778
 28  -122.0757     1.6405   -99.9106     1.1597   -99.8934     6.9618    77.7264     5.7125
 29  -122.3933     1.7056   -99.7810     1.1486  -101.0786     7.1235    78.4644     5.7063
 30  -122.7372     1.7855   -99.6151     1.1583  -102.2893     7.2955    79.1653     5.6882
 31  -122.9581     1.7826   -99.6557     1.1232  -103.2646     7.3209    79.9602     5.7268
 32  -123.3234     1.8742   -99.7994     1.1249  -104.2909     7.3796    80.7649     5.7737
 33  -123.5255     1.8610   -99.7534     1.0942  -105.2328     7.3964    81.4587     5.7655
 34  -123.8190     1.8984   -99.8864     1.0943  -106.0746     7.3704    82.1401     5.7570
 35  -124.0426     1.8969   -99.8433     1.0661  -106.9149     7.3514    82.7137     5.7066
 36  -124.3124     1.9208   -99.9539     1.0595  -107.6768     7.3050    83.3164     5.6753
 37  -124.5277     1.9172  -100.0089     1.0363  -108.4386     7.2664    83.9178     5.6493
 38  -124.7167     1.9039   -99.9255     1.0223  -109.1357     7.2087    84.3426     5.5639
 39  -124.9431     1.9089   -99.9783     1.0013  -109.7966     7.1447    84.8298     5.5063
 40  -125.1039     1.8882  -100.0091     0.9779  -110.4098     7.0710    85.3130     5.4531
 41  -125.2450     1.8631   -99.9999     0.9540  -111.0054     6.9985    85.7583     5.3925
 42  -125.4236     1.8529  -100.0905     0.9484  -111.5206     6.9071    86.1856     5.3315
 43  -125.5329     1.8225  -100.1678     0.9389  -111.9931     6.8104    86.6261     5.2800
 44  -125.6635     1.7996  -100.0881     0.9311  -112.5428     6.7441    86.9654     5.2031
 45  -125.7188     1.7627  -100.0754     0.9105  -113.0043     6.6568    87.3589     5.1467
 46  -125.8561     1.7457  -100.0006     0.9030  -113.4949     6.5840    87.6374     5.0643
 47  -126.0160     1.7378  -100.0785     0.8972  -113.9131     6.4965    87.9737     5.0008
 48  -126.1365     1.7182  -100.1560     0.8919  -114.3098     6.4090    88.3273     4.9463
 49  -126.2698     1.7037  -100.2348     0.8876  -114.6814     6.3207    88.6445     4.8857
 50  -126.4273     1.6988  -100.3189     0.8858  -115.0771     6.2433    88.9668     4.8302
 
 Mesh error is    1.479 kcal/mol
