 ERmod 0.3.8, Copyright (C) 2000-2019 Nobuyuki Matubayasi
                            2010-2019 Shun Sakuraba
 ERmod comes with ABSOLUTELY NO WARRANTY.
 This is free software, and you can redistribute it
 and/or modify it under certain conditions.
 See LICENSE file for details.
 ERmod 0.3.8, Copyright (C) 2000-2019 Nobuyuki Matubayasi
                            2010-2019 Shun Sakuraba
 ERmod comes with ABSOLUTELY NO WARRANTY.
 This is free software, and you can redistribute it
 and/or modify it under certain conditions.
 See LICENSE file for details.
 
  Number of the   1-th solvent  =          792
  Number of the   2-th solvent  =          792
  Number of the   3-th solvent  =        10000
 
  Be sure that the solvent distribution is homogeneous (radial distribution function is essentially unity) when the solvent molecule is separated beyond distance of   10.0 Angstrom in any direction from any atom within the solute molecule
 
  LJ long-range correction    =        -1.3175     -0.2494     -7.0203
 
  Self-energy of the solute   =        -0.0062  kcal/mol
 
 
 cumulative average & 95% error for solvation energy
              total             1st component         2nd component         3rd component
  1  -505.5126             -195.4729               56.5898             -366.6234
  2  -505.8091     0.5929  -187.6203    15.7052    40.9522    31.2751  -359.1348    14.9770
  3  -505.5563     0.6106  -186.1744     9.5174    42.6257    18.3643  -362.0013    10.3749
  4  -506.0999     1.1698  -190.1933    10.4831    43.5652    13.1208  -359.4657     8.9184
  5  -506.0961     0.9062  -189.8560     8.1481    42.5191    10.3764  -358.7531     7.0536
  6  -507.7122     3.3159  -190.5563     6.7988    31.8739    22.9142  -349.0237    20.2932
  7  -509.0522     3.8776  -188.5317     7.0295    21.5145    28.3604  -342.0289    22.1327
  8  -510.4859     4.4157  -188.1929     6.1253    14.6379    28.1493  -336.9247    21.7165
  9  -511.0611     4.0606  -187.5131     5.5705    12.9522    25.0533  -336.4941    19.1715
 10  -511.8189     3.9355  -185.8373     6.0048     8.7580    23.9270  -334.7335    17.5053
 11  -512.0962     3.6027  -183.8870     6.6870     5.9152    22.3771  -334.1183    15.8819
 12  -512.1751     3.2926  -183.3926     6.1840     3.3465    21.0635  -332.1228    15.0374
 13  -512.9620     3.4132  -183.2441     5.6962    -1.5694    21.7274  -328.1423    15.9598
 14  -513.1287     3.1776  -183.4209     5.2855    -2.1569    20.1500  -327.5448    14.8241
 15  -512.9531     2.9789  -184.2005     5.1616     0.0449    19.2686  -328.7914    14.0239
 16  -513.2652     2.8556  -184.2020     4.8283    -1.4355    18.2657  -327.6216    13.3252
 17  -513.9327     2.9962  -183.2012     4.9573    -5.3042    18.8216  -325.4211    13.2680
 18  -514.7221     3.2360  -181.9330     5.3177   -10.2474    20.3133  -322.5355    13.7763
 19  -514.9794     3.1039  -181.0940     5.3026   -12.6873    19.8244  -321.1919    13.3053
 20  -515.2806     3.0057  -180.5743     5.1367   -14.9935    19.3644  -319.7066    12.9673
 21  -515.3945     2.8680  -180.4468     4.8927   -15.8945    18.5072  -319.0470    12.4047
 22  -515.5981     2.7647  -180.4972     4.6661   -17.3053    17.8701  -317.7895    12.0919
 23  -516.0366     2.7835  -180.6214     4.4655   -19.6273    17.6957  -315.7818    12.2321
 24  -516.0072     2.6657  -180.9604     4.3288   -19.9500    16.9546  -315.0906    11.7926
 25  -515.7878     2.5942  -181.0902     4.1602   -19.1455    16.3417  -315.5460    11.3477
 26  -515.5729     2.5293  -181.6809     4.1679   -17.8464    15.9141  -316.0394    10.9471
 27  -515.3609     2.4704  -181.5820     4.0154   -17.3394    15.3469  -316.4334    10.5632
 28  -515.2816     2.3858  -181.3578     3.8953   -17.6436    14.8012  -316.2741    10.1840
 29  -515.0507     2.3479  -181.9893     3.9651   -16.0570    14.6299  -316.9982     9.9327
 30  -515.0051     2.2702  -182.1555     3.8450   -16.0205    14.1341  -316.8230     9.6023
 31  -514.6527     2.3061  -182.6131     3.8299   -14.0111    14.2490  -318.0222     9.5921
 32  -514.7511     2.2416  -182.9845     3.7819   -14.2526    13.8050  -317.5079     9.3443
 33  -514.9672     2.2151  -182.8582     3.6742   -15.8705    13.7658  -316.2323     9.4092
 34  -515.4433     2.3505  -182.4800     3.6439   -19.1198    14.8520  -313.8374    10.3086
 35  -515.7055     2.3418  -182.0719     3.6312   -21.4667    15.1661  -312.1606    10.5565
 36  -515.8900     2.3056  -182.1050     3.5295   -22.5810    14.9063  -311.1978    10.4382
 37  -515.9846     2.2504  -182.6499     3.6016   -23.1072    14.5360  -310.2214    10.3384
 38  -515.8642     2.2035  -182.8835     3.5365   -22.4876    14.2025  -310.4870    10.0766
 39  -515.8261     2.1476  -183.3039     3.5458   -21.6876    13.9257  -310.8285     9.8386
 40  -515.6640     2.1182  -183.5276     3.4848   -20.5141    13.7745  -311.6162     9.7180
 41  -515.8608     2.1031  -183.2878     3.4325   -21.8770    13.7081  -310.6899     9.6574
 42  -515.9144     2.0552  -182.8919     3.4420   -22.4257    13.4227  -310.5906     9.4267
 43  -515.9266     2.0070  -182.8023     3.3658   -22.6009    13.1115  -310.5172     9.2060
 44  -515.7876     1.9805  -182.5363     3.3312   -21.9387    12.8784  -311.3065     9.1319
 45  -515.9973     1.9808  -182.4422     3.2617   -23.1029    12.8025  -310.4460     9.0910
 46  -516.0420     1.9394  -182.8857     3.3111   -22.8665    12.5300  -310.2836     8.8972
 47  -516.0672     1.8983  -182.7195     3.2568   -22.6519    12.2680  -310.6896     8.7436
 48  -516.1208     1.8614  -182.8096     3.1933   -22.6713    12.0097  -310.6338     8.5602
 49  -516.0479     1.8289  -182.9335     3.1373   -22.1387    11.8102  -310.9695     8.4105
 50  -516.2836     1.8529  -182.9535     3.0742   -23.3243    11.8121  -309.9995     8.4659
 
 
 group  inft  solvation free energy     error          difference
  total solvation free energy
   1      0        -90.56054           1.56189           0.14696
   1     60        -91.02988           1.56160          -0.32238
   1     80        -94.77939           1.56069          -4.07189
   1    100       -105.86996           1.56143         -15.16246
   2      0        -90.65951           1.56780           0.04799
   3      0        -90.70750           1.57377           0.00000
   4      0        -90.72733           1.57362          -0.01983
   5      0        -89.95460           1.58484           0.75289
   5     60        -90.57559           1.58451           0.13190
   5     80        -95.15717           1.58350          -4.44967
   5    100       -105.30741           1.58421         -14.59991
 
  contribution from  1-th solvent component
   1      0       -142.31108           2.30439          -0.52049
   1     60       -142.35069           2.30437          -0.56010
   1     80       -142.68403           2.30459          -0.89344
   1    100       -143.64432           2.30644          -1.85373
   2      0       -141.86905           2.32264          -0.07846
   3      0       -141.79059           2.33045           0.00000
   4      0       -141.52528           2.33305           0.26531
   5      0       -141.31751           2.33514           0.47308
   5     60       -141.37181           2.33512           0.41878
   5     80       -141.78025           2.33547           0.01034
   5    100       -142.65620           2.33719          -0.86561
 
  contribution from  2-th solvent component
   1      0         55.59283           5.73952           0.64979
   1     60         55.59814           5.73959           0.65509
   1     80         55.73062           5.74025           0.78758
   1    100         55.84110           5.74285           0.89806
   2      0         55.05792           5.74064           0.11488
   3      0         54.94304           5.74496           0.00000
   4      0         54.68058           5.73181          -0.26246
   5      0         55.26740           5.74087           0.32435
   5     60         55.29265           5.74098           0.34961
   5     80         55.42172           5.74175           0.47868
   5    100         55.49715           5.74411           0.55411
 
  contribution from  3-th solvent component
   1      0         -3.83614           4.34391           0.01766
   1     60         -4.27117           4.34478          -0.41737
   1     80         -7.81983           4.35304          -3.96603
   1    100        -18.06059           4.37432         -14.20679
   2      0         -3.84223           4.34441           0.01157
   3      0         -3.85380           4.34505          -0.00000
   4      0         -3.87648           4.34474          -0.02268
   5      0         -3.89834           4.34549          -0.04454
   5     60         -4.49028           4.34667          -0.63648
   5     80         -8.79249           4.35669          -4.93869
   5    100        -18.14221           4.37613         -14.28841
 
 
 group  inft   Estimated free energy: total (kcal/mol)
   1      0     -95.7969     -90.0132     -87.0514     -83.8300     -85.9853
                -92.8816     -94.8148     -98.3685     -94.9846     -86.3037
                -89.4770     -89.8990    -100.5087     -89.1506     -79.3361
                -85.1690     -91.7656     -93.6970     -83.4234     -88.9182
                -94.9232     -90.8626     -94.1617     -96.6908    -100.1390
                -91.7678     -96.3045     -90.6522     -93.2629     -91.2290
                -81.2851     -87.7792     -88.6677    -101.5139     -78.8115
                -84.0296     -89.9581     -92.4108     -95.2403     -87.6803
                -89.3738     -83.1229     -87.2254     -87.0594    -100.7675
                -96.4456     -82.1150     -91.6314     -87.9311     -93.6099
   1     60     -96.2692     -90.4880     -87.5245     -84.3004     -86.4595
                -93.3470     -95.2823     -98.8350     -95.4581     -86.7748
                -89.9496     -90.3700    -100.9752     -89.6219     -79.8113
                -85.6411     -92.2300     -94.1605     -83.8932     -89.3876
                -95.3884     -91.3268     -94.6271     -97.1600    -100.6092
                -92.2369     -96.7721     -91.1198     -93.7362     -91.7003
                -81.7566     -88.2481     -89.1354    -101.9751     -79.2716
                -84.4968     -90.4213     -92.8798     -95.7168     -88.1560
                -89.8380     -83.5945     -87.6967     -87.5339    -101.2347
                -96.9172     -82.5866     -92.1012     -88.4044     -94.0730
   1     80    -100.0683     -94.2906     -91.3220     -88.0606     -90.2578
                -97.0875     -99.0375    -102.5723     -99.2463     -90.5241
                -93.7112     -94.1374    -104.7112     -93.3598     -83.5821
                -89.3914     -95.9362     -97.8545     -87.6249     -93.1324
                -99.1286     -95.0467     -98.3224    -100.9159    -104.3878
                -95.9965    -100.5308     -94.8706     -97.5392     -95.4814
                -85.5426     -91.9791     -92.8496    -105.6598     -82.9695
                -88.2072     -94.1436     -96.6497     -99.4973     -91.9555
                -93.5288     -87.3379     -91.4542     -91.3264    -104.9594
               -100.6691     -86.3381     -95.8491     -92.1679     -97.7567
   1    100    -111.3164    -105.4933    -102.5331     -99.1709    -101.4566
               -108.1691    -110.1640    -113.6485    -110.4461    -101.6060
               -104.8638    -105.2650    -115.7806    -104.3950     -94.6991
               -100.4830    -106.9622    -108.8410     -98.6526    -104.1942
               -110.2072    -106.0790    -109.2859    -112.0219    -115.5639
               -107.1128    -111.6714    -105.9669    -108.7774    -106.6542
                -96.7317    -102.9982    -103.8488    -116.6050     -93.9192
                -99.1712    -105.1319    -107.7648    -110.6426    -103.1463
               -104.4936     -98.4231    -102.5502    -102.5126    -116.0060
               -111.7671     -97.4166    -106.9176    -103.2743    -108.6961
   2      0     -96.0575     -90.0308     -87.1163     -84.1271     -86.2163
                -92.8444     -94.8830     -98.5008     -95.1043     -86.6375
                -89.4984     -90.0853    -100.4933     -89.5023     -79.5047
                -85.2184     -91.9728     -94.0189     -83.4046     -89.1662
                -94.8286     -91.1148     -94.4419     -96.7700    -100.3304
                -92.0417     -96.5063     -90.5069     -93.1356     -90.9591
                -81.0758     -87.7615     -88.7347    -101.3537     -78.8835
                -84.1128     -90.0192     -92.6018     -95.5630     -87.8323
                -89.2814     -83.0461     -87.0185     -87.0517    -101.1377
                -96.6746     -82.4013     -91.7192     -87.9564     -93.7323
   3      0     -96.3307     -90.0379     -87.1315     -84.0442     -86.1704
                -92.7062     -94.8953     -98.5672     -95.0477     -86.6694
                -89.3369     -90.0253    -100.7643     -89.5209     -79.4981
                -85.4680     -92.0783     -93.9938     -83.6216     -89.1757
                -94.7580     -91.0642     -94.7498     -96.8785    -100.3084
                -92.1859     -96.5954     -90.3978     -93.2225     -90.5582
                -80.9792     -87.9771     -88.7889    -101.3244     -78.8084
                -84.3232     -89.9862     -92.8098     -95.5888     -87.7314
                -89.4782     -82.9598     -87.1223     -87.1400    -101.2665
                -96.7901     -82.5297     -91.8722     -88.1738     -93.9231
   4      0     -96.2730     -90.1268     -87.2045     -84.2846     -86.4141
                -92.9452     -95.0451     -98.6950     -95.1009     -86.6580
                -89.5099     -90.0374    -100.6421     -89.4542     -79.4475
                -85.4369     -92.1290     -94.0650     -83.3393     -89.2534
                -94.8659     -91.1605     -94.5072     -96.8177    -100.2777
                -92.2605     -96.7767     -90.5607     -93.3642     -90.7196
                -81.0066     -88.1560     -88.5279    -101.2126     -78.8335
                -83.9740     -90.0744     -92.7782     -95.6725     -88.0368
                -89.2411     -82.9771     -86.9767     -87.0953    -101.1008
                -96.8920     -82.5027     -91.7467     -88.4325     -93.7563
   5      0     -95.7250     -89.1746     -86.2769     -83.0115     -85.4411
                -91.9316     -94.0813     -98.0241     -94.4139     -85.9927
                -88.6427     -89.1535     -99.7969     -88.7041     -78.6396
                -84.8979     -91.3858     -93.1334     -82.8139     -88.3842
                -94.1973     -90.5197     -93.8904     -96.0752     -99.6470
                -91.4286     -96.1575     -89.6200     -92.6650     -89.9201
                -80.1267     -87.6108     -87.7390    -100.3937     -78.1099
                -83.4310     -89.0183     -91.9385     -94.8059     -87.1142
                -88.6283     -82.0678     -86.0728     -86.4965    -100.7982
                -96.1142     -81.5515     -91.1567     -87.8326     -92.9780
   5     60     -96.3505     -89.8035     -86.9027     -83.6327     -86.0691
                -92.5487     -94.7008     -98.6418     -95.0407     -86.6153
                -89.2677     -89.7768    -100.4145     -89.3272     -79.2680
                -85.5223     -92.0003     -93.7463     -83.4352     -89.0039
                -94.8135     -91.1343     -94.5047     -96.6962    -100.2702
                -92.0493     -96.7772     -90.2393     -93.2915     -90.5442
                -80.7507     -88.2303     -88.3570    -101.0044     -78.7196
                -84.0484     -89.6322     -92.5603     -95.4359     -87.7430
                -89.2415     -82.6910     -86.6972     -87.1248    -101.4161
                -96.7375     -82.1753     -91.7787     -88.4574     -93.5901
   5     80    -100.9938     -94.4537     -91.5415     -88.2295     -90.7098
                -97.1212     -99.2917    -103.2056     -99.6666     -91.1929
                -93.8673     -94.3819    -104.9786     -93.8979     -83.8738
                -90.1053     -96.5315     -98.2618     -87.9939     -93.5737
                -99.3825     -95.6788     -99.0192    -101.2876    -104.8865
                -96.6428    -101.3735     -94.8249     -97.9363     -95.1629
                -85.3759     -92.7886     -92.8993    -105.5081     -83.2343
                -88.5801     -94.1768     -97.1627    -100.0536     -92.3859
                -93.7556     -87.2676     -91.2884     -91.7553    -105.9676
               -101.3196     -86.7599     -96.3624     -93.0546     -98.0952
   5    100    -111.2921    -104.7143    -101.8008     -98.4006    -100.9598
               -107.2692    -109.4775    -113.3369    -109.9107    -101.3278
               -104.0745    -104.5698    -115.1090    -104.0014     -94.0459
               -100.2557    -106.6199    -108.3154     -98.0823    -103.6915
               -109.5224    -105.7761    -109.0471    -111.4560    -115.1160
               -106.8193    -111.5777    -104.9874    -108.2180    -105.3866
                -95.6176    -102.8733    -102.9703    -115.5280     -93.2585
                -98.6111    -104.2358    -107.3371    -110.2473    -102.6287
               -103.7926     -97.4127    -101.4422    -101.9852    -116.0762
               -111.4694     -96.9005    -106.4987    -103.2141    -108.1092
 
 group  inft   Estimated free energy: 1-th solvent contribution (kcal/mol)
   1      0    -156.2226    -143.5481    -143.0460    -151.8289    -143.1120
               -148.6782    -141.4874    -148.0002    -144.1581    -132.9822
               -129.4367    -138.3927    -146.7450    -147.8844    -143.1684
               -137.0585    -131.1069    -130.3277    -129.7424    -133.3159
               -143.5883    -140.9296    -143.3096    -149.4324    -148.7700
               -154.5540    -147.5638    -138.5969    -150.0335    -140.1461
               -140.4468    -148.7107    -136.5240    -138.9500    -122.3354
               -135.8238    -152.1071    -151.7637    -157.1253    -143.6576
               -133.0347    -126.7662    -138.7425    -137.6094    -145.0184
               -158.6349    -134.3478    -147.2877    -146.6962    -142.8051
   1     60    -156.2621    -143.5881    -143.0860    -151.8689    -143.1521
               -148.7175    -141.5270    -148.0397    -144.1981    -133.0218
               -129.4768    -138.4326    -146.7842    -147.9242    -143.2083
               -137.0983    -131.1466    -130.3675    -129.7820    -133.3557
               -143.6275    -140.9690    -143.3490    -149.4719    -148.8098
               -154.5933    -147.6031    -138.6363    -150.0737    -140.1858
               -140.4866    -148.7505    -136.5634    -138.9891    -122.3744
               -135.8633    -152.1463    -151.8031    -157.1648    -143.6975
               -133.0743    -126.8063    -138.7822    -137.6495    -145.0571
               -158.6740    -134.3880    -147.3271    -146.7359    -142.8440
   1     80    -156.5985    -143.9256    -143.4232    -152.2068    -143.4891
               -149.0499    -141.8615    -148.3730    -144.5349    -133.3528
               -129.8099    -138.7682    -147.1163    -148.2588    -143.5412
               -137.4292    -131.4781    -130.7008    -130.1134    -133.6898
               -143.9607    -141.3010    -143.6797    -149.8059    -149.1458
               -154.9268    -147.9354    -138.9685    -150.4122    -140.5198
               -140.8211    -149.0858    -136.8930    -139.3182    -122.7031
               -136.1936    -152.4799    -152.1382    -157.4979    -144.0326
               -133.4057    -127.1395    -139.1155    -137.9864    -145.3840
               -159.0050    -134.7240    -147.6590    -147.0706    -143.1714
   1    100    -157.5749    -144.8937    -144.3893    -153.1794    -144.4513
               -150.0111    -142.8270    -149.3394    -145.5040    -134.3018
               -130.7589    -139.7300    -148.0811    -149.2280    -144.4952
               -138.3772    -132.4307    -131.6599    -131.0635    -134.6478
               -144.9263    -142.2589    -144.6377    -150.7723    -150.1141
               -155.8951    -148.8955    -139.9224    -151.3828    -141.4747
               -141.7765    -150.0538    -137.8414    -140.2725    -123.6424
               -137.1410    -153.4453    -153.1088    -158.4675    -144.9900
               -134.3593    -128.0892    -140.0762    -138.9529    -146.3371
               -159.9741    -135.6861    -148.6196    -148.0373    -144.1211
   2      0    -155.9827    -143.2184    -142.6379    -151.5222    -142.6896
               -148.2923    -141.1409    -147.6546    -143.6775    -132.4765
               -129.0246    -137.9378    -146.3924    -147.5634    -142.7503
               -136.5594    -130.7365    -129.9343    -129.1512    -132.7532
               -143.1074    -140.4363    -142.9195    -149.0552    -148.4507
               -154.2372    -147.3297    -138.1381    -149.5193    -139.4522
               -139.5806    -148.2920    -135.9610    -138.4817    -121.7519
               -135.3636    -151.6833    -151.3396    -156.7921    -143.2275
               -132.5407    -126.1713    -138.1209    -137.0438    -144.6693
               -158.2710    -133.8457    -146.9244    -146.2885    -142.3627
   3      0    -155.9699    -143.1561    -142.5976    -151.3962    -142.6132
               -148.1994    -141.0362    -147.6179    -143.5300    -132.3855
               -128.8683    -137.8268    -146.4105    -147.4987    -142.5702
               -136.4898    -130.6677    -129.8707    -129.0793    -132.6437
               -143.0440    -140.4018    -142.9552    -149.0210    -148.4202
               -154.1911    -147.3414    -138.0319    -149.4944    -139.2333
               -139.3321    -148.1968    -135.9177    -138.3212    -121.5753
               -135.2568    -151.5379    -151.3499    -156.7109    -143.0760
               -132.4928    -125.8918    -138.0515    -136.9529    -144.6379
               -158.2293    -133.8512    -146.9641    -146.2794    -142.3419
   4      0    -155.6862    -142.9248    -142.3694    -151.3084    -142.4165
               -147.9644    -140.8732    -147.4416    -143.3562    -132.0418
               -128.7840    -137.6442    -146.1344    -147.3313    -142.4335
               -136.2143    -130.3592    -129.6295    -128.7590    -132.5015
               -142.7126    -140.0608    -142.5242    -148.6285    -148.1744
               -154.0547    -146.9971    -137.8941    -149.1289    -138.9460
               -138.9429    -147.9056    -135.6229    -138.1293    -121.2022
               -134.8130    -151.3763    -151.0230    -156.5216    -142.9382
               -132.2070    -125.7304    -137.6444    -136.6561    -144.2507
               -157.9241    -133.4869    -146.5751    -146.0587    -141.9606
   5      0    -155.5757    -142.6925    -142.0945    -150.8299    -142.1191
               -147.6875    -140.5743    -147.2261    -143.2001    -131.9591
               -128.4680    -137.2827    -145.8499    -147.0860    -142.1904
               -136.1231    -130.1247    -129.2889    -128.6132    -132.2764
               -142.5614    -139.9784    -142.3972    -148.4232    -148.0789
               -153.7578    -146.9444    -137.5967    -149.0057    -138.7617
               -138.6605    -147.8298    -135.3282    -137.8431    -121.0493
               -134.8057    -151.1044    -150.7863    -156.2911    -142.7464
               -132.0421    -125.3560    -137.3869    -136.5499    -144.3367
               -157.7139    -133.1782    -146.5010    -145.8554    -141.7429
   5     60    -155.6300    -142.7475    -142.1494    -150.8848    -142.1743
               -147.7414    -140.6285    -147.2802    -143.2550    -132.0133
               -128.5230    -137.3375    -145.9036    -147.1407    -142.2452
               -136.1777    -130.1790    -129.3433    -128.6676    -132.3309
               -142.6151    -140.0324    -142.4510    -148.4772    -148.1333
               -153.8115    -146.9984    -137.6508    -149.0606    -138.8162
               -138.7152    -147.8843    -135.3825    -137.8966    -121.1028
               -134.8599    -151.1581    -150.8404    -156.3454    -142.8011
               -132.0960    -125.4110    -137.4414    -136.6047    -144.3899
               -157.7675    -133.2335    -146.5551    -145.9098    -141.7962
   5     80    -156.0422    -143.1625    -142.5629    -151.2987    -142.5881
               -148.1495    -141.0380    -147.6885    -143.6674    -132.4178
               -128.9315    -137.7493    -146.3108    -147.5524    -142.6538
               -136.5841    -130.5848    -129.7502    -129.0735    -132.7391
               -143.0222    -140.4388    -142.8552    -148.8857    -148.5440
               -154.2197    -147.4072    -138.0588    -149.4741    -139.2252
               -139.1249    -148.2944    -135.7887    -138.3001    -121.5042
               -135.2647    -151.5656    -151.2515    -156.7549    -143.2114
               -132.4994    -125.8191    -137.8500    -137.0156    -144.7922
               -158.1739    -133.6461    -146.9634    -146.3192    -142.1975
   5    100    -156.9321    -144.0492    -143.4452    -152.1853    -143.4688
               -149.0281    -141.9178    -148.5695    -144.5508    -133.2812
               -129.7989    -138.6286    -147.1909    -148.4397    -143.5256
               -137.4511    -131.4528    -130.6221    -129.9402    -133.6106
               -143.8999    -141.3120    -143.7265    -149.7652    -149.4253
               -155.1011    -148.2869    -138.9317    -150.3567    -140.0962
               -139.9964    -149.1754    -136.6596    -139.1710    -122.3595
               -136.1296    -152.4439    -152.1376    -157.6409    -144.0843
               -133.3635    -126.6856    -138.7264    -137.8924    -145.6640
               -159.0577    -134.5263    -147.8434    -147.1989    -143.0635
 
 group  inft   Estimated free energy: 2-th solvent contribution (kcal/mol)
   1      0      95.5661      78.4877      91.3192      95.5533      84.7312
                 56.7622      47.6924      48.3205      63.9824      53.4445
                 52.6682      53.5905      35.7887      64.5887      83.0527
                 55.1307      33.1688      23.0900      41.5395      39.1014
                 51.3216      44.1476      34.0288      53.5977      62.9723
                 76.5978      64.7930      53.7944      76.8069      55.3518
                 87.5366      59.5352      33.7904       4.9890      18.9797
                 37.3225      46.0812      66.3147      70.3251      76.8931
                 30.3675      45.3856      51.7660      70.3372      29.9433
                 60.6013      62.6206      56.6142      69.8820      29.3657
   1     60      95.5728      78.4933      91.3254      95.5606      84.7362
                 56.7679      47.6978      48.3255      63.9875      53.4495
                 52.6722      53.5955      35.7942      64.5947      83.0580
                 55.1354      33.1733      23.0949      41.5442      39.1064
                 51.3277      44.1528      34.0343      53.6036      62.9774
                 76.6044      64.7986      53.7996      76.8117      55.3569
                 87.5415      59.5416      33.7952       4.9941      18.9848
                 37.3275      46.0870      66.3201      70.3299      76.8984
                 30.3732      45.3903      51.7706      70.3423      29.9477
                 60.6064      62.6256      56.6197      69.8874      29.3713
   1     80      95.7173      78.6311      91.4696      95.7229      84.8646
                 56.9025      47.8266      48.4491      64.1140      53.5812
                 52.7901      53.7233      35.9280      64.7404      83.1921
                 55.2592      33.2987      23.2278      41.6741      39.2406
                 51.4687      44.2801      34.1735      53.7409      63.0992
                 76.7522      64.9328      53.9307      76.9317      55.4791
                 87.6681      59.6895      33.9247       5.1217      19.1162
                 37.4620      46.2213      66.4472      70.4537      77.0340
                 30.5160      45.5196      51.8930      70.4669      30.0695
                 60.7362      62.7607      56.7528      70.0253      29.5106
   1    100      95.8687      78.7538      91.6255      95.9309      84.9696
                 57.0170      47.9224      48.5302      64.2058      53.6929
                 52.8513      53.8182      36.0332      64.8973      83.3177
                 55.3504      33.3894      23.3467      41.7859      39.3607
                 51.6043      44.3783      34.3028      53.8638      63.1726
                 76.9124      65.0482      54.0347      76.9963      55.5485
                 87.7661      59.8508      34.0199       5.2085      19.2212
                 37.5746      46.3283      66.5461      70.5409      77.1469
                 30.6502      45.6212      51.9722      70.5588      30.1493
                 60.8298      62.8890      56.8613      70.1527      29.6376
   2      0      95.1024      78.1589      90.8304      94.9547      84.0803
                 56.4260      47.2833      47.8106      63.3801      52.5956
                 52.2224      52.9724      35.4464      63.9061      82.4629
                 54.5888      32.5735      22.3685      40.9583      38.2927
                 50.9628      43.4025      33.3585      53.1671      62.4819
                 76.0086      64.3971      53.4843      76.4492      54.9603
                 86.8998      59.1409      33.1482       4.6832      18.3663
                 36.7757      45.6041      65.7278      69.6535      76.3370
                 29.9838      44.8554      51.3513      69.7708      29.2535
                 60.0201      61.8257      56.1813      69.4362      28.7952
   3      0      94.8170      78.0951      90.7969      94.9239      84.0606
                 56.4774      47.1831      47.7169      63.2975      52.4883
                 52.2423      52.9415      35.2075      63.8524      82.3074
                 54.2778      32.4148      22.3332      40.6804      38.1791
                 50.9802      43.4317      33.1036      53.0393      62.4752
                 75.8423      64.3329      53.5106      76.3604      55.1650
                 86.7664      58.8513      33.0662       4.5561      18.2622
                 36.4608      45.4882      65.5363      69.5504      76.2869
                 29.7520      44.6671      51.2017      69.6057      29.0783
                 59.8753      61.7111      56.0789      69.2272      28.5960
   4      0      94.5929      77.8265      90.5235      94.6056      83.6551
                 56.0206      46.8914      47.4561      63.0863      52.1744
                 52.0085      52.7680      35.0759      63.7630      82.2409
                 54.0851      32.0907      22.0644      40.6658      37.9824
                 50.5455      43.0027      32.9256      52.7204      62.2492
                 75.6513      63.8315      53.2367      75.8701      54.7159
                 86.3391      58.3667      33.0703       4.4958      17.8928
                 36.4175      45.2379      65.2744      69.3447      75.9171
                 29.7122      44.5222      50.9428      69.3796      28.9070
                 59.4953      61.4031      55.8313      68.7520      28.4013
   5      0      95.0937      78.5726      91.2075      95.4384      84.3353
                 56.7816      47.5893      47.9315      63.6297      52.7532
                 52.5778      53.3451      35.6670      64.2865      82.8366
                 54.5278      32.6061      22.6834      41.0874      38.6718
                 51.0951      43.5763      33.4126      53.2953      62.8299
                 76.2317      64.3998      53.8865      76.4910      55.3841
                 86.9742      58.8634      33.5748       5.0592      18.4772
                 36.9451      46.0818      65.8986      69.9449      76.6227
                 30.1561      45.0526      51.5962      69.8832      29.3058
                 60.0894      62.0639      56.3821      69.1847      28.9895
   5     60      95.1210      78.5982      91.2343      95.4675      84.3599
                 56.8067      47.6138      47.9560      63.6547      52.7786
                 52.6011      53.3697      35.6925      64.3131      82.8622
                 54.5522      32.6300      22.7082      41.1120      38.6977
                 51.1211      43.6007      33.4388      53.3210      62.8540
                 76.2590      64.4251      53.9110      76.5152      55.4086
                 86.9989      58.8905      33.5995       5.0836      18.5023
                 36.9706      46.1073      65.9233      69.9696      76.6486
                 30.1822      45.0773      51.6199      69.9074      29.3301
                 60.1151      62.0892      56.4072      69.2108      29.0152
   5     80      95.2648      78.7289      91.3785      95.6315      84.4840
                 56.9371      47.7360      48.0767      63.7785      52.9089
                 52.7117      53.4922      35.8226      64.4566      82.9950
                 54.6729      32.7510      22.8390      41.2387      38.8332
                 51.2600      43.7245      33.5775      53.4535      62.9699
                 76.4062      64.5552      54.0359      76.6304      55.5266
                 87.1230      59.0378      33.7232       5.2059      18.6322
                 37.1022      46.2373      66.0480      70.0895      76.7798
                 30.3200      45.2019      51.7354      70.0271      29.4500
                 60.2429      62.2222      56.5336      69.3461      29.1503
   5    100      95.3777      78.8107      91.4967      95.7954      84.5542
                 57.0149      47.7962      48.1287      63.8396      52.9868
                 52.7424      53.5531      35.8933      64.5712      83.0855
                 54.7325      32.8077      22.9228      41.3154      38.9215
                 51.3574      43.7897      33.6711      53.5354      63.0115
                 76.5256      64.6340      54.1026      76.6672      55.5673
                 87.1884      59.1575      33.7826       5.2591      18.7054
                 37.1806      46.3087      66.1148      70.1453      76.8555
                 30.4129      45.2684      51.7806      70.0860      29.5015
                 60.3085      62.3135      56.6051      69.4367      29.2382
 
 group  inft   Estimated free energy: 3-th solvent contribution (kcal/mol)
   1      0     -35.1343     -24.9466     -35.3184     -27.5483     -27.5984
                 -0.9594      -1.0136       1.3174     -14.8028      -6.7598
                -12.7024      -5.0907      10.4537      -5.8487     -19.2142
                 -3.2350       6.1787      13.5469       4.7857       5.3025
                 -2.6503       5.9254      15.1253      -0.8499     -14.3351
                -13.8054     -13.5276      -5.8435     -20.0301      -6.4285
                -28.3687       1.4024      14.0720      32.4533      24.5504
                 14.4780      16.0740      -6.9557      -8.4339     -20.9096
                 13.2995      -1.7361      -0.2427     -19.7811      14.3137
                  1.5942     -10.3817      -0.9518     -11.1108      19.8356
   1     60     -35.5738     -25.3870     -35.7577     -27.9859     -28.0374
                 -1.3912      -1.4470       0.8853     -15.2413      -7.1964
                -13.1388      -5.5267      10.0210      -6.2862     -19.6548
                 -3.6721       5.7495      13.1183       4.3508       4.8679
                 -3.0824       5.4956      14.6937      -1.2855     -14.7706
                -14.2419     -13.9615      -6.2770     -20.4680      -6.8652
                -28.8052       0.9670      13.6389      32.0260      24.1241
                 14.0451      15.6442      -7.3907      -8.8758     -21.3507
                 12.8693      -2.1724      -0.6790     -20.2206      13.8808
                  1.1565     -10.8181      -1.3877     -11.5497      19.4058
   1     80     -39.1809     -28.9899     -39.3622     -31.5706     -31.6272
                 -4.9340      -4.9964      -2.6423     -18.8192     -10.7464
                -16.6852      -9.0864       6.4833      -9.8352     -23.2267
                 -7.2153       2.2494       9.6247       0.8206       1.3230
                 -6.6304       1.9804      11.1899      -4.8448     -18.3351
                -17.8158     -17.5221      -9.8267     -24.0526     -10.4345
                -32.3835      -2.5767      10.1249      28.5428      20.6236
                 10.5306      12.1212     -10.9525     -12.4469     -24.9506
                  9.3670      -5.7118      -4.2256     -23.8007      10.3612
                 -2.3942     -14.3686      -4.9367     -15.1165      15.9103
   1    100     -49.6041     -39.3473     -49.7632     -41.9163     -41.9688
                -15.1688     -15.2533     -12.8331     -29.1417     -20.9908
                -26.9500     -19.3471      -3.7266     -20.0582     -33.5155
                -17.4501      -7.9147      -0.5217      -9.3689      -8.9009
                -16.8791      -8.1922       1.0551     -15.1072     -28.6162
                -28.1240     -27.8179     -20.0731     -34.3848     -20.7219
                -42.7152     -12.7891      -0.0210      18.4651      10.5082
                  0.4013       1.9913     -21.1960     -22.7099     -35.2971
                 -0.7783     -15.9490     -14.4402     -34.1123       0.1880
                -12.6167     -24.6133     -15.1532     -25.3836       5.7936
   2      0     -35.1711     -24.9652     -35.3027     -27.5535     -27.6008
                 -0.9720      -1.0192       1.3494     -14.8007      -6.7505
                -12.6901      -5.1137      10.4589      -5.8389     -19.2113
                 -3.2417       6.1964      13.5530       4.7944       5.3005
                 -2.6778       5.9251      15.1252      -0.8759     -14.3554
                -13.8069     -13.5676      -5.8469     -20.0594      -6.4609
                -28.3888       1.3958      14.0842      32.4510      24.5082
                 14.4813      16.0663      -6.9838      -8.4182     -20.9357
                 13.2817      -1.7240      -0.2427     -19.7726      14.2843
                  1.5824     -10.3751      -0.9699     -11.0980      19.8413
   3      0     -35.1716     -24.9708     -35.3247     -27.5657     -27.6117
                 -0.9779      -1.0361       1.3400     -14.8090      -6.7661
                -12.7047      -5.1338      10.4449      -5.8684     -19.2291
                 -3.2499       6.1807      13.5499       4.7835       5.2951
                 -2.6880       5.9121      15.1080      -0.8906     -14.3573
                -13.8310     -13.5807      -5.8703     -20.0823      -6.4838
                -28.4074       1.3745      14.0688      32.4468      24.5108
                 14.4790      16.0697      -6.9900      -8.4220     -20.9362
                 13.2687      -1.7290      -0.2664     -19.7867      14.2993
                  1.5701     -10.3835      -0.9807     -11.1155      19.8289
   4      0     -35.1735     -25.0224     -35.3524     -27.5756     -27.6465
                 -0.9952      -1.0571       1.2967     -14.8249      -6.7845
                -12.7284      -5.1550      10.4226      -5.8798     -19.2487
                 -3.3016       6.1456      13.5063       4.7600       5.2718
                 -2.6926       5.9037      15.0976      -0.9034     -14.3464
                -13.8510     -13.6051      -5.8971     -20.0993      -6.4834
                -28.3967       1.3890      14.0308      32.4271      24.4821
                 14.4277      16.0702      -7.0235      -8.4895     -21.0095
                 13.2598      -1.7627      -0.2688     -19.8126      14.2490
                  1.5430     -10.4128      -0.9968     -11.1196      19.8092
   5      0     -35.2368     -25.0486     -35.3837     -27.6138     -27.6512
                 -1.0196      -1.0901       1.2767     -14.8374      -6.7806
                -12.7463      -5.2098      10.3920      -5.8985     -19.2796
                 -3.2965       6.1390      13.4783       4.7180       5.2267
                 -2.7248       5.8886      15.1004      -0.9412     -14.3919
                -13.8964     -13.6068      -5.9036     -20.1441      -6.5363
                -28.4342       1.3618      14.0206      32.3963      24.4684
                 14.4358      16.0105      -7.0446      -8.4536     -20.9844
                 13.2638      -1.7583      -0.2760     -19.8237      14.2388
                  1.5164     -10.4311      -1.0317     -11.1557      19.7817
   5     60     -35.8353     -25.6481     -35.9814     -28.2093     -28.2486
                 -1.6079      -1.6799       0.6886     -15.4343      -7.3745
                -13.3396      -5.8029       9.8027      -6.4935     -19.8788
                 -3.8906       5.5548      12.8950       4.1266       4.6354
                 -3.3134       5.3035      14.5137      -1.5338     -14.9847
                -14.4905     -14.1977      -6.4933     -20.7399      -7.1305
                -29.0283       0.7697      13.4321      31.8147      23.8870
                 13.8471      15.4247      -7.6370      -9.0539     -21.5845
                 12.6784      -2.3512      -0.8696     -20.4213      13.6499
                  0.9211     -11.0249      -1.6247     -11.7522      19.1971
   5     80     -40.2104     -30.0139     -40.3509     -32.5562     -32.5995
                 -5.9027      -5.9835      -3.5876     -19.7715     -11.6778
                -17.6413     -10.1187       5.5157     -10.7960     -24.2088
                 -8.1880       1.3084       8.6556      -0.1529       0.3382
                 -7.6141       1.0416      10.2647      -5.8492     -19.3063
                -18.8232     -18.5154     -10.7959     -25.0864     -11.4581
                -33.3679      -3.5259       9.1723      27.5922      19.6439
                  9.5885      11.1576     -11.9530     -13.3820     -25.9481
                  8.4299      -6.6442      -5.1677     -24.7606       9.3808
                 -3.3825     -15.3298      -5.9264     -16.0753      14.9581
   5    100     -49.7316     -39.4697     -49.8462     -42.0046     -42.0391
                -15.2498     -15.3497     -12.8899     -29.1934     -21.0272
                -27.0118     -19.4882      -3.8052     -20.1267     -33.5997
                -17.5309      -7.9686      -0.6100      -9.4514      -8.9962
                -16.9738      -8.2476       1.0145     -15.2200     -28.6961
                -28.2376     -27.9187     -20.1522     -34.5223     -20.8515
                -42.8035     -12.8493      -0.0871      18.3901      10.4018
                  0.3441       1.9057     -21.3081     -22.7456     -35.3939
                 -0.8358     -15.9893     -14.4902     -34.1727       0.0924
                -12.7141     -24.6815     -15.2543     -25.4458       5.7223
 
 
 cumulative average & 95% error for solvation free energy
              total             1st component         2nd component         3rd component
  1   -96.3307             -155.9699               94.8170              -35.1716
  2   -93.1843     6.2927  -149.5630    12.8138    86.4561    16.7220   -30.0712    10.2009
  3   -91.1667     5.4298  -147.2412     8.7347    87.9030    10.0788   -31.8224     6.8522
  4   -89.3861     5.2368  -148.2799     6.5164    89.6582     7.9445   -30.7582     5.2921
  5   -88.7429     4.2554  -147.1466     5.5332    88.5387     6.5484   -30.1289     4.2881
  6   -89.4035     3.7172  -147.3221     4.5314    83.1951    11.9500   -25.2704    10.3285
  7   -90.1880     3.5117  -146.4241     4.2300    78.0506    14.4176   -21.8084    11.1419
  8   -91.2354     3.6928  -146.5733     3.6754    74.2589    14.6085   -18.9148    11.2515
  9   -91.6590     3.3652  -146.2352     3.3112    73.0409    13.1118   -18.4586     9.9648
 10   -91.1600     3.1710  -144.8502     4.0551    70.9857    12.4270   -17.2894     9.2144
 11   -90.9943     2.8874  -143.3973     4.6795    69.2817    11.7459   -16.8726     8.3764
 12   -90.9135     2.6407  -142.9331     4.3715    67.9200    11.0630   -15.8943     7.8929
 13   -91.6713     2.8631  -143.2006     4.0566    65.4037    11.3529   -13.8682     8.3146
 14   -91.5177     2.6685  -143.5076     3.8056    65.2929    10.5131   -13.2968     7.7822
 15   -90.7164     2.9563  -143.4451     3.5450    66.4272    10.0466   -13.6923     7.2879
 16   -90.3884     2.8421  -143.0104     3.4281    65.6678     9.5197   -13.0397     6.9411
 17   -90.4878     2.6771  -142.2844     3.5324    63.7118     9.7605   -11.9091     6.9010
 18   -90.6825     2.5539  -141.5947     3.6047    61.4130    10.2869   -10.4947     7.0946
 19   -90.3109     2.5275  -140.9360     3.6554    60.3218     9.9721    -9.6906     6.9009
 20   -90.2542     2.4005  -140.5214     3.5656    59.2146     9.7161    -8.9413     6.7161
 21   -90.4686     2.3232  -140.6415     3.4000    58.8225     9.2751    -8.6435     6.4159
 22   -90.4957     2.2158  -140.6306     3.2419    58.1229     8.9534    -7.9819     6.2588
 23   -90.6807     2.1493  -140.7317     3.1043    57.0352     8.8276    -6.9780     6.3086
 24   -90.9389     2.1216  -141.0771     3.0514    56.8687     8.4583    -6.7243     6.0613
 25   -91.3137     2.1687  -141.3708     2.9851    57.0929     8.1253    -7.0297     5.8457
 26   -91.3472     2.0847  -141.8639     3.0328    57.8140     7.9387    -7.2912     5.6407
 27   -91.5416     2.0433  -142.0668     2.9464    58.0555     7.6542    -7.5242     5.4477
 28   -91.5008     1.9707  -141.9227     2.8538    57.8932     7.3829    -7.4651     5.2509
 29   -91.5601     1.9052  -142.1838     2.8027    58.5300     7.2368    -7.9002     5.1408
 30   -91.5267     1.8418  -142.0854     2.7148    58.4178     6.9950    -7.8530     4.9674
 31   -91.1865     1.9069  -141.9966     2.6318    59.3323     7.0084    -8.5160     4.9841
 32   -91.0862     1.8573  -142.1903     2.5775    59.3172     6.7859    -8.2069     4.8653
 33   -91.0166     1.8055  -142.0003     2.5270    58.5218     6.7668    -7.5319     4.9050
 34   -91.3197     1.8535  -141.8921     2.4610    56.9345     7.2920    -6.3561     5.3079
 35   -90.9623     1.9366  -141.3116     2.6568    55.8296     7.4174    -5.4742     5.4475
 36   -90.7779     1.9178  -141.1434     2.6037    55.2916     7.2883    -4.9199     5.4088
 37   -90.7565     1.8658  -141.4243     2.5940    55.0266     7.1084    -4.3526     5.3816
 38   -90.8105     1.8192  -141.6855     2.5783    55.3032     6.9408    -4.4220     5.2399
 39   -90.9330     1.7888  -142.0708     2.6268    55.6685     6.7999    -4.5246     5.1079
 40   -90.8530     1.7509  -142.0959     2.5608    56.1840     6.7074    -4.9349     5.0457
 41   -90.8194     1.7090  -141.8617     2.5411    55.5393     6.6676    -4.4909     5.0006
 42   -90.6323     1.7092  -141.4815     2.5939    55.2804     6.5275    -4.4251     4.8818
 43   -90.5507     1.6770  -141.4017     2.5379    55.1856     6.3767    -4.3284     4.7709
 44   -90.4732     1.6458  -141.3006     2.4877    55.5133     6.2645    -4.6797     4.7138
 45   -90.7130     1.6788  -141.3747     2.4363    54.9259     6.2354    -4.2580     4.6845
 46   -90.8451     1.6630  -141.7411     2.4929    55.0335     6.1021    -4.1313     4.5885
 47   -90.6682     1.6652  -141.5733     2.4623    55.1755     5.9776    -4.2643     4.4977
 48   -90.6933     1.6310  -141.6856     2.4209    55.1944     5.8519    -4.1959     4.4051
 49   -90.6419     1.6006  -141.7793     2.3784    55.4807     5.7598    -4.3371     4.3235
 50   -90.7075     1.5738  -141.7906     2.3304    54.9430     5.7450    -3.8538     4.3451
 
 Mesh error is    0.753 kcal/mol
