 ERmod 0.3.8, Copyright (C) 2000-2019 Nobuyuki Matubayasi
                            2010-2019 Shun Sakuraba
 ERmod comes with ABSOLUTELY NO WARRANTY.
 This is free software, and you can redistribute it
 and/or modify it under certain conditions.
 See LICENSE file for details.
 ERmod 0.3.8, Copyright (C) 2000-2019 Nobuyuki Matubayasi
                            2010-2019 Shun Sakuraba
 ERmod comes with ABSOLUTELY NO WARRANTY.
 This is free software, and you can redistribute it
 and/or modify it under certain conditions.
 See LICENSE file for details.
 
  Number of the   1-th solvent  =          792
  Number of the   2-th solvent  =          792
  Number of the   3-th solvent  =        10000
 
  Be sure that the solvent distribution is homogeneous (radial distribution function is essentially unity) when the solvent molecule is separated beyond distance of   10.0 Angstrom in any direction from any atom within the solute molecule
 
  LJ long-range correction    =        -1.3175     -0.2494     -7.0203
 
  Self-energy of the solute   =        -0.0023  kcal/mol
 
 
 cumulative average & 95% error for solvation energy
              total             1st component         2nd component         3rd component
  1  -509.1055             -160.6377             -133.9803             -214.4853
  2  -511.3647     4.5183  -164.9987     8.7221  -131.6501     4.6603  -214.7135     0.4565
  3  -513.9134     5.7262  -168.4246     8.5033  -146.7360    30.2915  -198.7505    31.9272
  4  -513.9224     4.0491  -170.4068     7.2020  -145.7636    21.5074  -197.7497    22.6645
  5  -513.4997     3.2483  -172.4941     6.9677  -140.2962    19.9277  -200.7071    18.5255
  6  -513.0433     2.8049  -173.3958     5.9681  -138.0109    16.9007  -201.6344    15.2393
  7  -512.7737     2.4311  -174.9216     5.8953  -135.8084    14.9475  -202.0415    12.9052
  8  -512.4773     2.1873  -174.4571     5.1893  -134.8832    13.0765  -203.1347    11.3881
  9  -512.3659     1.9418  -174.3747     4.5795  -134.1599    11.6228  -203.8291    10.1389
 10  -512.1927     1.7711  -174.1327     4.1245  -133.0577    10.6269  -205.0000     9.3661
 11  -512.2137     1.6025  -173.1779     4.1911  -133.5075     9.6544  -205.5261     8.5370
 12  -512.2835     1.4695  -172.4774     4.0744  -134.5943     9.0773  -205.2095     7.8188
 13  -512.1120     1.3946  -171.5949     4.1427  -134.3163     8.3684  -206.1985     7.4593
 14  -512.2584     1.3240  -171.7438     3.8469  -134.7275     7.7911  -205.7847     6.9554
 15  -512.2232     1.2345  -171.5987     3.5930  -134.7530     7.2533  -205.8692     6.4773
 16  -512.1710     1.1595  -172.3762     3.7033  -133.9767     6.9603  -205.8158     6.0599
 17  -512.2649     1.1053  -172.1841     3.4998  -134.3928     6.5908  -205.6857     5.6982
 18  -512.0952     1.0959  -170.5826     4.5984  -135.0267     6.3418  -206.4836     5.6044
 19  -511.7911     1.2019  -169.2412     5.1105  -134.6507     6.0457  -207.8968     6.0076
 20  -511.5748     1.2196  -167.7780     5.6630  -134.9834     5.7739  -208.8111     5.9854
 21  -511.0252     1.5981  -166.8191     5.7178  -132.7788     7.0430  -211.4249     7.7294
 22  -510.5016     1.8489  -165.7686     5.8425  -130.5849     8.0217  -214.1458     9.1610
 23  -510.1233     1.9218  -164.7823     5.9210  -129.6326     7.8981  -215.7061     9.2932
 24  -509.7460     1.9888  -164.3253     5.7422  -127.9092     8.3104  -217.5092     9.6006
 25  -509.6349     1.9205  -163.4478     5.7805  -128.4433     8.0423  -217.7414     9.2203
 26  -509.4881     1.8683  -162.8219     5.6931  -128.4579     7.7269  -218.2060     8.9072
 27  -509.3274     1.8263  -161.6418     5.9650  -128.6033     7.4409  -219.0800     8.7474
 28  -509.2268     1.7713  -161.1587     5.8286  -128.5336     7.1716  -219.5322     8.4775
 29  -509.1511     1.7158  -160.7136     5.6941  -128.6967     6.9275  -219.7385     8.1904
 30  -509.0691     1.6658  -160.0639     5.6524  -128.6686     6.6929  -220.3343     8.0019
 31  -509.0163     1.6146  -159.2957     5.6788  -129.0632     6.5213  -220.6551     7.7660
 32  -508.9681     1.5663  -159.3127     5.4986  -128.7941     6.3371  -220.8591     7.5305
 33  -509.0758     1.5333  -159.7899     5.4141  -128.7913     6.1421  -220.4923     7.3355
 34  -509.1351     1.4922  -160.4396     5.4108  -128.4661     5.9941  -220.2272     7.1362
 35  -509.1232     1.4492  -160.6632     5.2729  -128.2746     5.8329  -220.1832     6.9298
 36  -509.0337     1.4197  -161.2013     5.2362  -127.0806     6.1510  -220.7496     6.8292
 37  -508.9453     1.3920  -161.3466     5.1010  -126.1710     6.2529  -221.4254     6.7782
 38  -509.0078     1.3606  -161.8844     5.0801  -125.9504     6.1021  -221.1707     6.6171
 39  -509.0594     1.3293  -161.8368     4.9490  -126.3084     5.9866  -220.9120     6.4659
 40  -509.0942     1.2975  -161.9102     4.8260  -126.4335     5.8404  -220.7482     6.3107
 41  -509.1631     1.2730  -161.7962     4.7123  -126.6724     5.7161  -220.6923     6.1559
 42  -509.2453     1.2531  -162.0210     4.6207  -127.0396     5.6265  -220.1824     6.0934
 43  -509.3200     1.2327  -162.2924     4.5444  -127.0918     5.4951  -219.9335     5.9708
 44  -509.3288     1.2045  -162.5813     4.4774  -127.0679     5.3690  -219.6773     5.8560
 45  -509.4123     1.1892  -162.8102     4.4006  -127.1715     5.2524  -219.4283     5.7460
 46  -509.4467     1.1651  -162.6474     4.3162  -127.3962     5.1566  -219.4007     5.6200
 47  -509.4735     1.1413  -162.5239     4.2306  -127.6642     5.0740  -219.2831     5.5042
 48  -509.5079     1.1194  -162.6225     4.1462  -127.9057     4.9906  -218.9773     5.4229
 49  -509.5378     1.0979  -162.5994     4.0610  -128.1194     4.9064  -218.8166     5.3208
 50  -509.4230     1.1000  -162.7003     3.9840  -127.3235     5.0640  -219.3969     5.3409
 
 
 group  inft  solvation free energy     error          difference
  total solvation free energy
   1      0        -78.40645           2.00307           0.57862
   1     60        -78.71350           2.00294           0.27157
   1     80        -81.38359           2.00461          -2.39852
   1    100        -90.54580           2.02130         -11.56073
   2      0        -78.55147           1.99392           0.43360
   3      0        -78.98507           1.99613           0.00000
   4      0        -78.57059           1.99184           0.41448
   5      0        -78.59429           1.99376           0.39078
   5     60        -79.02369           1.99365          -0.03862
   5     80        -82.33565           1.99614          -3.35058
   5    100        -90.78306           2.01238         -11.79799
 
  contribution from  1-th solvent component
   1      0       -138.37006           2.38104          -0.28034
   1     60       -138.39713           2.38101          -0.30740
   1     80       -138.63848           2.38115          -0.54876
   1    100       -139.46041           2.38288          -1.37069
   2      0       -138.00908           2.42455           0.08064
   3      0       -138.08972           2.44101           0.00000
   4      0       -137.27078           2.44716           0.81895
   5      0       -137.49212           2.45234           0.59761
   5     60       -137.53094           2.45233           0.55878
   5     80       -137.83326           2.45263           0.25646
   5    100       -138.59149           2.45442          -0.50176
 
  contribution from  2-th solvent component
   1      0         13.09626           2.45485           0.88364
   1     60         13.12357           2.45495           0.91095
   1     80         13.25941           2.45592           1.04679
   1    100         13.50742           2.45982           1.29479
   2      0         12.56508           2.45320           0.35245
   3      0         12.21263           2.45193           0.00000
   4      0         11.82065           2.44812          -0.39198
   5      0         12.03633           2.44981          -0.17630
   5     60         12.06246           2.44992          -0.15016
   5     80         12.21472           2.45111           0.00209
   5    100         12.42367           2.45469           0.21104
 
  contribution from  3-th solvent component
   1      0         46.86964           3.92741          -0.02468
   1     60         46.56235           3.92722          -0.33197
   1     80         43.99777           3.92851          -2.89655
   1    100         35.40949           3.94292         -11.48483
   2      0         46.89483           3.93217           0.00050
   3      0         46.89432           3.93329           0.00000
   4      0         46.88184           3.93537          -0.01249
   5      0         46.86379           3.93593          -0.03053
   5     60         46.44708           3.93576          -0.44724
   5     80         43.28518           3.93751          -3.60914
   5    100         35.38705           3.95171         -11.50727
 
 
 group  inft   Estimated free energy: total (kcal/mol)
   1      0     -75.1885     -71.2742     -83.9235     -76.5384     -78.7095
                -78.8744     -77.1742     -73.5832     -71.5154     -69.3339
                -71.5214     -72.2130     -72.4871     -79.6759     -74.7878
                -77.7945     -76.3261     -91.8585     -79.6801     -87.3444
                -91.2943     -92.5346     -87.8974     -87.7936     -89.9387
                -83.7887     -85.2399     -83.7354     -87.9325     -89.3874
                -91.1969     -66.8639     -77.5256     -72.3070     -78.3773
                -80.9850     -75.8520     -75.8455     -75.7256     -73.7838
                -73.1450     -80.1711     -78.2349     -69.5076     -74.1165
                -65.0965     -73.3714     -75.3407     -72.4314     -71.0981
   1     60     -75.4984     -71.5841     -84.2306     -76.8443     -79.0168
                -79.1824     -77.4820     -73.8888     -71.8196     -69.6401
                -71.8304     -72.5211     -72.7936     -79.9830     -75.0937
                -78.1018     -76.6334     -92.1631     -79.9843     -87.6488
                -91.6042     -92.8434     -88.2033     -88.1021     -90.2439
                -84.0944     -85.5462     -84.0393     -88.2363     -89.6915
                -91.5014     -67.1690     -77.8318     -72.6113     -78.6873
                -81.2972     -76.1656     -76.1541     -76.0299     -74.0902
                -73.4523     -80.4781     -78.5422     -69.8125     -74.4243
                -65.4046     -73.6785     -75.6487     -72.7409     -71.4100
   1     80     -78.1865     -74.2711     -86.8956     -79.4981     -81.6831
                -81.8545     -80.1547     -76.5385     -74.4589     -72.2927
                -74.5087     -75.1945     -75.4595     -82.6515     -77.7451
                -80.7636     -79.3012     -94.8360     -82.6461     -90.3163
                -94.3123     -95.5450     -90.8830     -90.7993     -92.9162
                -86.7670     -88.2295     -86.6966     -90.8946     -92.3563
                -94.1724     -69.8211     -80.4887     -75.2524     -81.3740
                -84.0031     -78.8777     -78.8241     -78.6753     -76.7452
                -76.1168     -83.1430     -81.2072     -72.4554     -77.0913
                -68.0693     -76.3455     -78.3241     -75.4244     -74.1129
   1    100     -87.3793     -83.4625     -96.0208     -88.5943     -90.8134
                -90.9870     -89.2995     -85.5993     -83.4742     -81.3742
                -83.6731     -84.3487     -84.5996     -91.7866     -86.8025
                -89.8621     -88.4301    -104.1059     -91.8411     -99.5429
               -103.6764    -104.8898    -100.1387    -100.1053    -102.1544
                -95.9889     -97.5073     -95.8756    -100.0679    -101.5890
               -103.4262     -78.9102     -89.5776     -84.2884     -90.5785
                -93.2586     -88.1576     -87.9430     -87.7230     -85.8140
                -85.2382     -92.2599     -90.3316     -81.4865     -86.2109
                -77.1601     -85.4921     -87.4686     -84.6243     -83.3503
   2      0     -75.3939     -71.3659     -84.2281     -76.4877     -79.2186
                -79.3532     -77.6678     -73.7933     -71.6769     -69.2391
                -71.4701     -72.2036     -72.7527     -80.1319     -75.1756
                -78.1110     -76.5957     -91.7173     -79.3304     -87.1935
                -91.2860     -92.6052     -87.8824     -87.9216     -89.9620
                -83.6296     -85.1108     -83.5117     -88.0423     -89.4098
                -91.2797     -66.6570     -77.9584     -72.6179     -78.8112
                -81.3240     -76.0421     -76.3833     -75.8587     -74.2074
                -73.3677     -80.4996     -78.5810     -69.6768     -74.1515
                -64.9907     -73.5292     -75.4390     -72.5263     -71.2043
   3      0     -75.8800     -71.8419     -84.7921     -76.8283     -79.6785
                -79.7853     -78.0770     -74.3111     -72.3143     -69.6025
                -71.9296     -72.6051     -73.0734     -80.8082     -75.4669
                -78.5752     -77.0663     -92.0166     -79.5378     -87.5013
                -91.8186     -93.0474     -88.2952     -88.3479     -90.3293
                -83.9516     -85.4149     -83.6986     -88.6213     -89.9281
                -91.6410     -66.7786     -78.4751     -73.2263     -79.2494
                -81.9834     -76.5093     -76.9118     -76.2282     -74.7567
                -73.7571     -80.9545     -79.1610     -70.1378     -74.5034
                -65.2237     -74.0547     -76.0578     -72.9833     -71.5162
   4      0     -75.5325     -71.4871     -84.3556     -76.3163     -79.2700
                -79.5015     -77.8671     -73.7983     -71.9354     -69.1830
                -71.4755     -72.1270     -72.7868     -80.3489     -75.2366
                -78.2606     -76.6607     -91.6574     -78.9719     -86.8924
                -91.4001     -92.6633     -87.8965     -87.9158     -89.9247
                -83.6656     -84.9352     -83.4075     -88.0448     -89.4102
                -91.1348     -66.3976     -78.1054     -72.8573     -78.9625
                -81.5267     -76.0410     -76.4563     -75.7964     -74.3643
                -73.3423     -80.5793     -78.6824     -69.6853     -73.9889
                -64.8765     -73.5121     -75.4737     -72.5926     -71.2258
   5      0     -75.6114     -71.3284     -84.6420     -76.3970     -79.2290
                -79.3469     -77.7450     -73.8224     -72.0493     -69.0752
                -71.6112     -72.1933     -72.8300     -80.3514     -75.1321
                -78.3048     -76.7459     -91.4147     -78.8743     -86.9801
                -91.2634     -92.7145     -88.0754     -87.9384     -90.0824
                -83.5924     -84.7174     -83.2483     -88.0683     -89.7004
                -91.2148     -66.3075     -78.0261     -72.7749     -78.7846
                -81.6125     -76.1626     -76.6058     -75.8614     -74.5028
                -73.4233     -80.6835     -78.9702     -69.7071     -73.9989
                -64.7880     -73.5228     -75.6197     -72.6591     -71.4034
   5     60     -76.0439     -71.7609     -85.0706     -76.8246     -79.6590
                -79.7778     -78.1755     -74.2497     -72.4756     -69.5029
                -72.0432     -72.6229     -73.2588     -80.7807     -75.5605
                -78.7337     -77.1755     -91.8405     -79.3011     -87.4063
                -91.6964     -93.1467     -88.5044     -88.3703     -90.5095
                -84.0206     -85.1469     -83.6738     -88.4941     -90.1258
                -91.6411     -66.7341     -78.4550     -73.2009     -79.2178
                -82.0480     -76.6002     -77.0370     -76.2891     -74.9317
                -73.8519     -81.1123     -79.3997     -70.1345     -74.4288
                -65.2177     -73.9515     -76.0511     -73.0910     -71.8391
   5     80     -79.3745     -75.0935     -88.3746     -80.1194     -82.9693
                -83.0914     -81.4895     -77.5306     -75.7457     -72.7925
                -75.3687     -75.9382     -76.5652     -84.0892     -78.8482
                -82.0320     -80.4834     -95.1579     -82.6053     -90.7161
                -95.0589     -96.5024     -91.8311     -91.7172     -93.8252
                -87.3341     -88.4802     -86.9695     -91.7940     -93.4326
                -94.9571     -70.0187     -81.7512     -76.4739     -82.5544
                -85.4021     -79.9655     -80.3495     -79.5713     -78.2249
                -77.1554     -84.4154     -82.7056     -73.4132     -77.7329
                -68.5172     -77.2581     -79.3708     -76.4216     -75.1932
   5    100     -87.8451     -83.5661     -96.7879     -88.5077     -91.3924
                -91.5101     -89.9198     -85.8728     -84.0541     -81.1595
                -83.8213     -84.3737     -84.9909     -92.5079     -87.1981
                -90.4156     -88.8955    -103.7106     -91.0866     -99.2271
               -103.7022    -105.1302    -100.3731    -100.3019    -102.3482
                -95.8377     -97.0426     -95.4373    -100.2585    -101.9496
               -103.4961     -78.3959     -90.1314     -84.8004     -91.0417
                -93.9332     -88.5189     -88.7583     -87.9092     -86.5896
                -85.5622     -92.8173     -91.1147     -81.7387     -86.1316
                -76.8917     -85.6883     -87.7993     -84.8992     -83.7114
 
 group  inft   Estimated free energy: 1-th solvent contribution (kcal/mol)
   1      0    -136.7317    -135.8927    -146.0943    -142.6378    -149.8197
               -150.1039    -151.5356    -144.6829    -146.2690    -137.5168
               -134.4135    -134.0952    -131.8997    -146.4048    -144.6335
               -152.7005    -142.5010    -128.9629    -126.0255    -125.4106
               -133.1585    -132.4666    -130.8628    -138.1854    -131.0329
               -132.2451    -118.0919    -129.7843    -134.2846    -128.4668
               -126.1464    -129.7353    -148.5300    -149.7058    -144.5009
               -149.8043    -139.5252    -150.2162    -140.6865    -142.3784
               -131.0591    -145.8519    -147.2412    -143.5320    -143.8808
               -129.1731    -130.4191    -140.2066    -132.6281    -136.3719
   1     60    -136.7589    -135.9203    -146.1208    -142.6647    -149.8468
               -150.1310    -151.5626    -144.7100    -146.2957    -137.5439
               -134.4407    -134.1223    -131.9272    -146.4316    -144.6601
               -152.7275    -142.5279    -128.9898    -126.0527    -125.4374
               -133.1857    -132.4936    -130.8901    -138.2124    -131.0597
               -132.2724    -118.1192    -129.8114    -134.3113    -128.4935
               -126.1735    -129.7626    -148.5567    -149.7327    -144.5281
               -149.8313    -139.5525    -150.2433    -140.7132    -142.4053
               -131.0866    -145.8788    -147.2681    -143.5589    -143.9080
               -129.2005    -130.4464    -140.2336    -132.6556    -136.3995
   1     80    -137.0013    -136.1639    -146.3594    -142.9044    -150.0897
               -150.3747    -151.8055    -144.9532    -146.5357    -137.7843
               -134.6831    -134.3629    -132.1699    -146.6726    -144.8994
               -152.9700    -142.7691    -129.2280    -126.2934    -125.6745
               -133.4278    -132.7342    -131.1325    -138.4538    -131.2992
               -132.5144    -118.3591    -130.0511    -134.5505    -128.7314
               -126.4134    -130.0044    -148.7968    -149.9747    -144.7714
               -150.0734    -139.7962    -150.4860    -140.9531    -142.6466
               -131.3296    -146.1197    -147.5097    -143.7999    -144.1511
               -129.4433    -130.6873    -140.4755    -132.8987    -136.6442
   1    100    -137.8256    -136.9837    -147.1762    -143.7199    -150.9208
               -151.2090    -152.6393    -145.7850    -147.3585    -138.5998
               -135.5063    -135.1768    -132.9864    -147.4989    -145.7193
               -153.8015    -143.5942    -130.0345    -127.1068    -126.4791
               -134.2519    -133.5547    -131.9580    -139.2801    -132.1173
               -133.3357    -119.1646    -130.8619    -135.3688    -129.5426
               -127.2244    -130.8209    -149.6208    -150.8062    -145.6049
               -150.9038    -140.6247    -151.3178    -141.7751    -143.4719
               -132.1481    -146.9444    -148.3395    -144.6234    -144.9796
               -130.2655    -131.5019    -141.3013    -133.7195    -137.4698
   2      0    -136.3108    -135.4854    -145.7946    -142.1046    -149.6729
               -150.0005    -151.4070    -144.4318    -146.1079    -137.0074
               -133.7106    -133.6203    -131.6059    -146.2482    -144.5528
               -152.5664    -142.2348    -128.4678    -125.2977    -124.7047
               -132.5490    -132.0391    -130.3083    -137.6987    -130.5431
               -131.8568    -117.5079    -129.1688    -133.8478    -127.9594
               -125.7447    -129.1426    -148.4550    -149.5075    -144.3464
               -149.6366    -139.1271    -150.0319    -140.6420    -142.2178
               -130.6808    -145.7612    -147.0962    -143.1567    -143.5091
               -128.6028    -129.9773    -139.8154    -132.2909    -135.9011
   3      0    -136.3752    -135.5765    -145.9573    -142.0945    -149.7954
               -150.1314    -151.5791    -144.6228    -146.2813    -137.0697
               -133.8454    -133.7051    -131.6340    -146.4269    -144.6534
               -152.7222    -142.4081    -128.4751    -125.1957    -124.6600
               -132.6037    -132.1037    -130.3824    -137.7173    -130.5144
               -131.8806    -117.5098    -129.0999    -133.9434    -128.0206
               -125.8350    -128.9988    -148.5395    -149.7004    -144.4961
               -149.8323    -139.2517    -150.1519    -140.7899    -142.3474
               -130.7846    -145.8674    -147.2558    -143.2340    -143.6281
               -128.5897    -130.0208    -139.9590    -132.3255    -135.8936
   4      0    -135.6837    -134.7925    -145.0800    -141.3119    -149.0262
               -149.3763    -150.7860    -143.7692    -145.4318    -136.3176
               -132.8468    -132.7604    -130.9539    -145.5670    -144.0418
               -151.9425    -141.4658    -127.6983    -124.4042    -123.7159
               -131.6300    -131.2209    -129.5163    -136.9268    -129.6328
               -131.2113    -116.5562    -128.3482    -133.0609    -127.1639
               -124.9501    -128.1462    -147.9283    -148.8322    -143.7365
               -148.9147    -138.4170    -149.2922    -140.0692    -141.5355
               -129.8995    -145.1787    -146.4272    -142.4398    -142.7244
               -127.7890    -129.1479    -139.0706    -131.5908    -135.2101
   5      0    -135.8669    -134.8723    -145.5119    -141.4804    -149.2122
               -149.5019    -150.9380    -144.0400    -145.7664    -136.4342
               -133.1237    -133.0081    -131.1631    -145.7946    -144.1208
               -152.1237    -141.8173    -127.7939    -124.5190    -123.9529
               -131.8132    -131.4515    -129.8536    -137.0969    -129.9420
               -131.3625    -116.6112    -128.4044    -133.2270    -127.5655
               -125.2266    -128.2706    -148.0548    -149.0011    -143.8633
               -149.2552    -138.7266    -149.6141    -140.3463    -141.7978
               -130.2324    -145.4473    -146.8483    -142.6810    -142.9732
               -127.9725    -129.3571    -139.3695    -131.7924    -135.4066
   5     60    -135.9059    -134.9115    -145.5501    -141.5189    -149.2513
               -149.5408    -150.9769    -144.0788    -145.8049    -136.4729
               -133.1626    -133.0469    -131.2022    -145.8332    -144.1593
               -152.1625    -141.8560    -127.8324    -124.5579    -123.9913
               -131.8523    -131.4904    -129.8926    -137.1358    -129.9804
               -131.4015    -116.6503    -128.4432    -133.2654    -127.6040
               -125.2654    -128.3097    -148.0933    -149.0398    -143.9023
               -149.2941    -138.7658    -149.6531    -140.3849    -141.8366
               -130.2717    -145.4859    -146.8870    -142.7197    -143.0121
               -128.0116    -129.3960    -139.4082    -131.8315    -135.4461
   5     80    -136.2089    -135.2153    -145.8492    -141.8191    -149.5572
               -149.8457    -151.2813    -144.3826    -146.1072    -136.7737
               -133.4651    -133.3483    -131.5057    -146.1350    -144.4609
               -152.4666    -142.1588    -128.1302    -124.8589    -124.2882
               -132.1556    -131.7920    -130.1951    -137.4378    -130.2795
               -131.7038    -116.9506    -128.7439    -133.5648    -127.9021
               -125.5657    -128.6122    -148.3956    -149.3430    -144.2074
               -149.5980    -139.0706    -149.9583    -140.6867    -142.1404
               -130.5754    -145.7882    -147.1902    -143.0222    -143.3156
               -128.3151    -129.6974    -139.7113    -132.1346    -135.7521
   5    100    -136.9674    -135.9685    -146.6035    -142.5708    -150.3281
               -150.6147    -152.0504    -145.1471    -146.8699    -137.5250
               -134.2205    -134.0991    -132.2584    -146.8962    -145.2220
               -153.2343    -142.9207    -128.8742    -125.6086    -125.0297
               -132.9163    -132.5503    -130.9539    -138.1996    -131.0321
               -132.4608    -117.6944    -129.4941    -134.3192    -128.6510
               -126.3149    -129.3653    -149.1597    -150.1097    -144.9767
               -150.3656    -139.8331    -150.7282    -141.4475    -142.9051
               -131.3292    -146.5501    -147.9565    -143.7829    -144.0768
               -129.0717    -130.4479    -140.4721    -132.8876    -136.5129
 
 group  inft   Estimated free energy: 2-th solvent contribution (kcal/mol)
   1      0       8.8975      12.0128     -13.7639       3.6147      16.8309
                 13.8117      16.8163      16.1796      18.7273      15.7674
                  7.8261       3.6227       8.5003       6.9650      12.6435
                 16.6010       8.3204       0.5988      14.6538       3.3343
                 27.5509      29.2211      19.7947      31.1883       4.5093
                 14.7329       6.2567      13.3206      10.5595      10.8319
                  2.8856      21.7874      14.7978      22.6313      15.0872
                 29.8005      26.7979      19.1801       9.8725      14.9254
                  7.6811       5.5899      13.3157      18.2941      13.4204
                 12.8215       4.4793       6.5192       5.6977      29.3026
   1     60       8.9248      12.0395     -13.7377       3.6419      16.8593
                 13.8389      16.8437      16.2090      18.7570      15.7952
                  7.8531       3.6483       8.5284       6.9926      12.6718
                 16.6279       8.3485       0.6236      14.6813       3.3610
                 27.5767      29.2479      19.8217      31.2143       4.5349
                 14.7592       6.2819      13.3475      10.5858      10.8574
                  2.9114      21.8155      14.8268      22.6620      15.1143
                 29.8280      26.8247      19.2070       9.9024      14.9543
                  7.7076       5.6175      13.3441      18.3240      13.4489
                 12.8485       4.5073       6.5458       5.7237      29.3295
   1     80       9.0541      12.1687     -13.6163       3.7738      17.0018
                 13.9774      16.9783      16.3651      18.9173      15.9374
                  7.9851       3.7703       8.6657       7.1262      12.8182
                 16.7651       8.4881       0.7382      14.8229       3.4893
                 27.6986      29.3767      19.9546      31.3421       4.6570
                 14.8943       6.3981      13.4864      10.7171      10.9816
                  3.0343      21.9663      14.9765      22.8245      15.2438
                 29.9576      26.9518      19.3446      10.0608      15.1058
                  7.8398       5.7530      13.4870      18.4828      13.5967
                 12.9900       4.6423       6.6744       5.8464      29.4587
   1    100       9.2727      12.3949     -13.4279       3.9995      17.2672
                 14.2389      17.2294      16.6917      19.2642      16.2155
                  8.2159       3.9706       8.9076       7.3608      13.1117
                 17.0292       8.7492       0.8992      15.0870       3.7008
                 27.8899      29.5872      20.1875      31.5613       4.8523
                 15.1467       6.5676      13.7425      10.9627      11.1953
                  3.2244      22.2844      15.2743      23.1717      15.4601
                 30.1700      27.1575      19.6152      10.3895      15.4212
                  8.0862       5.9963      13.7592      18.8201      13.8783
                 13.2876       4.8779       6.9029       6.0408      29.6821
   2      0       8.2230      11.4896     -14.4079       3.1086      16.1089
                 13.2212      16.1739      15.6795      18.3588      15.3130
                  7.1641       3.1099       7.8827       6.3144      12.1528
                 16.1268       7.7223       0.2544      14.2813       2.7767
                 26.9662      28.7260      19.2608      30.5765       4.0075
                 14.5097       5.8146      12.9382      10.0137      10.3052
                  2.4116      21.3678      14.2508      22.1003      14.4687
                 29.2403      26.1854      18.4187       9.6694      14.3052
                  7.0330       5.1077      12.7908      17.7114      12.9895
                 12.3095       3.8164       5.9970       5.2159      28.6923
   3      0       7.8215      11.1024     -14.8185       2.7624      15.7466
                 12.9162      15.9391      15.3463      17.9100      15.0051
                  6.8026       2.7956       7.5856       5.8122      11.9522
                 15.8126       7.3974      -0.0106      13.9914       2.4329
                 26.4893      28.3651      18.9325      30.1689       3.6157
                 14.2161       5.5057      12.6726       9.5429       9.8568
                  2.1464      21.1070      13.8209      21.6847      14.1966
                 28.7820      25.8227      18.0082       9.4317      13.8884
                  6.7510       4.7647      12.3624      17.3251      12.7526
                 12.0791       3.3452       5.5191       4.7987      28.3764
   4      0       7.4400      10.6859     -15.2393       2.5021      15.3943
                 12.4889      15.3632      15.0268      17.4431      14.6503
                  6.3002       2.3470       7.1856       5.4128      11.5848
                 15.3563       6.8897      -0.3917      13.7716       2.1011
                 25.9713      27.9096      18.5098      29.8476       3.1691
                 13.8648       5.0633      12.2345       9.2621       9.5420
                  1.7827      20.6442      13.5690      21.1963      13.6839
                 28.3200      25.4679      17.6185       9.1806      13.4645
                  6.2916       4.4630      12.0084      16.9889      12.3900
                 11.6189       3.0089       5.2362       4.4354      27.9767
   5      0       7.6046      10.9348     -15.0883       2.5953      15.6507
                 12.7349      15.6542      15.2702      17.6975      14.8817
                  6.4553       2.5466       7.3669       5.6840      11.7784
                 15.5084       7.1587      -0.0568      13.9926       2.3133
                 26.3213      28.1009      18.6805      30.0159       3.3303
                 14.0889       5.3465      12.4749       9.4371       9.6782
                  2.0077      20.8916      13.8021      21.4512      13.9995
                 28.5935      25.6703      17.8161       9.3862      13.6308
                  6.5429       4.6397      12.1945      17.2094      12.6575
                 11.9213       3.2201       5.3851       4.6162      28.0234
   5     60       7.6308      10.9602     -15.0637       2.6211      15.6778
                 12.7610      15.6805      15.2991      17.7269      14.9082
                  6.4807       2.5713       7.3936       5.7104      11.8057
                 15.5346       7.1861      -0.0333      14.0187       2.3389
                 26.3457      28.1260      18.7058      30.0408       3.3545
                 14.1141       5.3696      12.5012       9.4620       9.7025
                  2.0321      20.9193      13.8301      21.4811      14.0246
                 28.6199      25.6956      17.8418       9.4147      13.6587
                  6.5687       4.6663      12.2218      17.2381      12.6855
                 11.9478       3.2466       5.4101       4.6405      28.0490
   5     80       7.7763      11.1035     -14.9300       2.7664      15.8365
                 12.9159      15.8328      15.4806      17.9148      15.0690
                  6.6243       2.7075       7.5467       5.8604      11.9730
                 15.6907       7.3458       0.0925      14.1763       2.4823
                 26.4779      28.2653      18.8501      30.1820       3.4888
                 14.2660       5.4938      12.6588       9.6075       9.8417
                  2.1669      21.0934      14.0000      21.6692      14.1651
                 28.7649      25.8341      17.9958       9.5939      13.8318
                  6.7189       4.8193      12.3825      17.4190      12.8551
                 12.1123       3.3989       5.5528       4.7741      28.1909
   5    100       7.9588      11.2904     -14.7777       2.9521      16.0581
                 13.1358      16.0445      15.7675      18.2200      15.3078
                  6.8092       2.8750       7.7487       6.0564      12.2259
                 15.9161       7.5695       0.2233      14.4023       2.6592
                 26.6311      28.4356      19.0400      30.3623       3.6477
                 14.4825       5.6296      12.8786       9.8130      10.0204
                  2.3231      21.3708      14.2545      21.9717      14.3404
                 28.9423      26.0007      18.2217       9.8801      14.1013
                  6.9276       5.0255      12.6128      17.7101      13.1004
                 12.3705       3.5971       5.7434       4.9316      28.3738
 
 group  inft   Estimated free energy: 3-th solvent contribution (kcal/mol)
   1      0      52.6479      52.6080      75.9369      62.4869      54.2816
                 57.4201      57.5474      54.9224      56.0287      52.4178
                 55.0682      58.2618      50.9146      59.7662      57.2044
                 58.3072      57.8568      36.5078      31.6939      34.7342
                 14.3155      10.7132      23.1731      19.2058      36.5872
                 33.7259      26.5977      32.7306      35.7948      28.2497
                 32.0662      41.0863      56.2088      54.7698      51.0386
                 39.0211      36.8776      55.1929      55.0907      53.6715
                 50.2353      60.0932      55.6930      55.7326      56.3462
                 51.2574      52.5707      58.3490      54.5013      35.9735
   1     60      52.3380      52.2990      75.6302      62.1809      53.9730
                 57.1120      57.2392      54.6145      55.7214      52.1109
                 54.7595      57.9552      50.6074      59.4583      56.8969
                 58.0001      57.5483      36.2053      31.3893      34.4299
                 14.0071      10.4045      22.8673      18.8983      36.2833
                 33.4210      26.2934      32.4269      35.4916      27.9469
                 31.7631      40.7804      55.9004      54.4617      50.7287
                 38.7084      36.5645      54.8844      54.7832      53.3631
                 49.9289      59.7854      55.3841      55.4247      56.0370
                 50.9496      52.2630      58.0414      54.1933      35.6624
   1     80      49.7630      49.7265      73.0824      59.6348      51.4070
                 54.5451      54.6747      52.0519      53.1618      49.5564
                 52.1916      55.4003      48.0470      56.8972      54.3384
                 55.4435      54.9821      33.6561      28.8267      31.8712
                 11.4193       7.8148      20.2973      16.3147      33.7284
                 30.8554      23.7337      29.8703      32.9411      25.3958
                 29.2091      38.2194      53.3339      51.9001      48.1559
                 36.1150      33.9690      52.3196      52.2193      50.7979
                 47.3753      57.2260      52.8178      52.8640      53.4654
                 48.3863      49.7018      55.4793      51.6302      33.0749
   1    100      41.1759      41.1285      64.5856      51.1284      42.8424
                 45.9854      46.1128      43.4962      44.6224      41.0124
                 43.6196      46.8598      39.4815      48.3539      45.8073
                 46.9125      46.4173      25.0317      20.1810      23.2376
                  2.6878      -0.9201      11.6342       7.6158      25.1130
                 22.2024      15.0920      21.2461      24.3405      16.7606
                 20.5761      29.6286      44.7712      43.3484      39.5687
                 27.4774      25.3119      43.7619      43.6650      42.2390
                 38.8259      48.6905      44.2511      44.3191      44.8926
                 39.8200      41.1342      46.9321      43.0567      24.4398
   2      0      52.6963      52.6322      75.9767      62.5106      54.3478
                 57.4284      57.5676      54.9613      56.0745      52.4576
                 55.0788      58.3092      50.9728      59.8041      57.2266
                 58.3309      57.9192      36.4984      31.6883      34.7367
                 14.2991      10.7101      23.1673      19.2030      36.5759
                 33.7197      26.5848      32.7212      35.7940      28.2467
                 32.0556      41.1200      56.2481      54.7917      51.0688
                 39.0745      36.9020      55.2322      55.1162      53.7074
                 50.2824      60.1561      55.7267      55.7708      56.3704
                 51.3048      52.6340      58.3817      54.5511      36.0068
   3      0      52.6760      52.6345      75.9860      62.5061      54.3726
                 57.4322      57.5653      54.9677      56.0593      52.4644
                 55.1156      58.3067      50.9773      59.8088      57.2366
                 58.3367      57.9466      36.4713      31.6689      34.7282
                 14.2981      10.6935      23.1570      19.2029      36.5717
                 33.7152      26.5915      32.7309      35.7814      28.2379
                 32.0499      41.1155      56.2458      54.7917      51.0524
                 39.0692      36.9220      55.2342      55.1324      53.7047
                 50.2788      60.1505      55.7347      55.7734      56.3744
                 51.2892      52.6231      58.3844      54.5457      36.0033
   4      0      52.7134      52.6217      75.9660      62.4958      54.3641
                 57.3882      57.5580      54.9464      56.0556      52.4866
                 55.0734      58.2887      50.9838      59.8076      57.2227
                 58.3280      57.9177      36.4350      31.6630      34.7247
                 14.2609      10.6503      23.1123      19.1656      36.5413
                 33.6832      26.5600      32.7086      35.7563      28.2139
                 32.0349      41.1067      56.2562      54.7809      51.0924
                 39.0704      36.9103      55.2197      55.0945      53.7091
                 50.2679      60.1387      55.7387      55.7679      56.3478
                 51.2959      52.6293      58.3630      54.5651      36.0099
   5      0      52.6532      52.6114      75.9606      62.4904      54.3349
                 57.4224      57.5411      54.9497      56.0219      52.4796
                 55.0595      58.2705      50.9684      59.7616      57.2125
                 58.3128      57.9150      36.4382      31.6544      34.6617
                 14.2307      10.6383      23.1000      19.1450      36.5316
                 33.6835      26.5496      32.6835      35.7239      28.1893
                 32.0064      41.0738      56.2288      54.7772      51.0815
                 39.0515      36.8960      55.1945      55.1009      53.6665
                 50.2685      60.1264      55.6859      55.7668      56.3192
                 51.2655      52.6165      58.3670      54.5194      35.9820
   5     60      52.2335      52.1927      75.5455      62.0755      53.9169
                 57.0042      57.1232      54.5324      55.6048      52.0640
                 54.6411      57.8551      50.5522      59.3443      56.7954
                 57.8966      57.4967      36.0275      31.2404      34.2484
                 13.8125      10.2200      22.6847      18.7269      36.1187
                 33.2691      26.1361      32.2706      35.3116      27.7779
                 31.5944      40.6586      55.8105      54.3600      50.6622
                 38.6285      36.4724      54.7766      54.6834      53.2485
                 49.8534      59.7096      55.2677      55.3494      55.9001
                 50.8484      52.2001      57.9494      54.1023      35.5603
   5     80      49.0603      49.0207      72.4069      58.9356      50.7536
                 53.8407      53.9613      51.3737      52.4490      48.9145
                 51.4745      54.7049      47.3961      56.1876      53.6420
                 54.7461      54.3319      32.8822      28.0796      31.0921
                 10.6210       7.0266      19.5162      15.5409      32.9679
                 30.1060      22.9789      29.1179      32.1655      24.6301
                 28.4441      37.5025      52.6467      51.2022      47.4902
                 35.4333      33.2733      51.6152      51.5239      50.0859
                 46.7034      56.5557      52.1044      52.1922      52.7298
                 47.6879      49.0427      54.7900      50.9412      32.3702
   5    100      41.1657      41.1144      64.5956      51.1133      42.8799
                 45.9711      46.0884      43.5092      44.5981      41.0599
                 43.5923      46.8527      39.5211      48.3342      45.8002
                 46.9048      46.4580      24.9425      20.1220      23.1457
                  2.5853      -1.0132      11.5431       7.5377      25.0385
                 22.1429      15.0245      21.1805      24.2500      16.6832
                 20.4980      29.6008      44.7762      43.3399      39.5968
                 27.4924      25.3157      43.7504      43.6606      42.2165
                 38.8417      48.7096      44.2313      44.3364      44.8471
                 39.8118      41.1648      46.9317      43.0591      24.4299
 
 
 cumulative average & 95% error for solvation free energy
              total             1st component         2nd component         3rd component
  1   -75.8800             -136.3752                7.8215               52.6760
  2   -73.8610     4.0381  -135.9759     0.7987     9.4619     3.2809    52.6553     0.0415
  3   -77.5047     7.6513  -139.3030     6.6703     1.3684    16.2974    60.4322    15.5539
  4   -77.3356     5.4208  -140.0009     4.9188     1.7169    11.5451    60.9507    11.0470
  5   -77.8042     4.3023  -141.9598     5.4650     4.5229    10.5578    59.6350     8.9524
  6   -78.1343     3.5743  -143.3217     5.2278     5.9217     9.0630    59.2679     7.3464
  7   -78.1262     3.0209  -144.5013     5.0087     7.3528     8.1769    59.0247     6.2279
  8   -77.6493     2.7846  -144.5165     4.3378     8.3520     7.3580    58.5176     5.4880
  9   -77.0565     2.7270  -144.7126     3.8456     9.4140     6.8279    58.2444     4.8707
 10   -76.3111     2.8586  -143.9483     3.7640     9.9731     6.2086    57.6664     4.5073
 11   -75.9128     2.7056  -143.0299     3.8686     9.6849     5.6454    57.4345     4.1033
 12   -75.6371     2.5307  -142.2528     3.8584     9.1108     5.2799    57.5072     3.7486
 13   -75.4399     2.3611  -141.4360     3.9071     8.9934     4.8624    57.0049     3.5915
 14   -75.8234     2.3165  -141.7925     3.6869     8.7662     4.5246    57.2052     3.3492
 15   -75.7996     2.1571  -141.9832     3.4534     8.9786     4.2336    57.2073     3.1179
 16   -75.9731     2.0474  -142.6544     3.4982     9.4057     4.0512    57.2779     2.9199
 17   -76.0374     1.9275  -142.6399     3.2861     9.2876     3.8128    57.3172     2.7439
 18   -76.9251     2.5406  -141.8530     3.4750     8.7710     3.7403    56.1591     3.4724
 19   -77.0626     2.4189  -140.9763     3.7255     9.0458     3.5803    54.8701     4.1754
 20   -77.5846     2.5210  -140.1605     3.8927     8.7151     3.4604    53.8630     4.4438
 21   -78.2624     2.7546  -139.8006     3.7720     9.5615     3.7013    51.9790     5.6626
 22   -78.9344     2.9504  -139.4507     3.6639    10.4162     3.9212    50.1024     6.5755
 23   -79.3414     2.9343  -139.0565     3.5887    10.7865     3.8193    48.9308     6.7058
 24   -79.7167     2.9079  -139.0007     3.4377    11.5941     3.9976    47.6922     6.8817
 25   -80.1412     2.9155  -138.6612     3.3665    11.2750     3.8871    47.2474     6.6603
 26   -80.2877     2.8165  -138.4004     3.2762    11.3881     3.7415    46.7269     6.4832
 27   -80.4776     2.7366  -137.6267     3.5119    11.1702     3.6265    45.9811     6.4142
 28   -80.5927     2.6471  -137.3222     3.4385    11.2239     3.4962    45.5079     6.2530
 29   -80.8695     2.6135  -137.2057     3.3260    11.1659     3.3755    45.1725     6.0707
 30   -81.1715     2.5961  -136.8995     3.2710    11.1223     3.2622    44.6080     5.9725
 31   -81.5092     2.6002  -136.5426     3.2433    10.8327     3.2079    44.2029     5.8332
 32   -81.0489     2.6807  -136.3068     3.1755    11.1538     3.1717    44.1064     5.6512
 33   -80.9709     2.6029  -136.6775     3.1658    11.2346     3.0784    44.4743     5.5265
 34   -80.7431     2.5659  -137.0605     3.1654    11.5420     3.0491    44.7778     5.3957
 35   -80.7004     2.4930  -137.2730     3.1028    11.6178     2.9646    44.9570     5.2515
 36   -80.7361     2.4238  -137.6219     3.0951    12.0946     3.0347    44.7935     5.1141
 37   -80.6218     2.3684  -137.6659     3.0115    12.4656     3.0434    44.5807     4.9921
 38   -80.5242     2.3135  -137.9945     3.0040    12.6115     2.9766    44.8611     4.8912
 39   -80.4140     2.2642  -138.0662     2.9295    12.5300     2.9038    45.1245     4.7931
 40   -80.2726     2.2249  -138.1732     2.8633    12.5639     2.8311    45.3390     4.6914
 41   -80.1137     2.1931  -137.9930     2.8157    12.4221     2.7757    45.4594     4.5819
 42   -80.1337     2.1406  -138.1805     2.7734    12.2398     2.7333    45.8092     4.5259
 43   -80.1111     2.0907  -138.3915     2.7408    12.2427     2.6690    46.0401     4.4434
 44   -79.8844     2.0924  -138.5016     2.6868    12.3582     2.6178    46.2613     4.3638
 45   -79.7648     2.0593  -138.6155     2.6363    12.3670     2.5590    46.4860     4.2893
 46   -79.4487     2.1109  -138.3976     2.6149    12.3607     2.5028    46.5904     4.2002
 47   -79.3340     2.0782  -138.2193     2.5834    12.1689     2.4788    46.7188     4.1179
 48   -79.2657     2.0390  -138.2556     2.5300    12.0303     2.4424    46.9618     4.0604
 49   -79.1375     2.0134  -138.1345     2.4897    11.8828     2.4102    47.1166     3.9887
 50   -78.9851     1.9961  -138.0897     2.4410    12.2126     2.4519    46.8943     3.9333
 
 Mesh error is    0.579 kcal/mol
