 ERmod 0.3.8, Copyright (C) 2000-2019 Nobuyuki Matubayasi
                            2010-2019 Shun Sakuraba
 ERmod comes with ABSOLUTELY NO WARRANTY.
 This is free software, and you can redistribute it
 and/or modify it under certain conditions.
 See LICENSE file for details.
 ERmod 0.3.8, Copyright (C) 2000-2019 Nobuyuki Matubayasi
                            2010-2019 Shun Sakuraba
 ERmod comes with ABSOLUTELY NO WARRANTY.
 This is free software, and you can redistribute it
 and/or modify it under certain conditions.
 See LICENSE file for details.
 
  Number of the   1-th solvent  =          792
  Number of the   2-th solvent  =          792
  Number of the   3-th solvent  =        10000
 
  Be sure that the solvent distribution is homogeneous (radial distribution function is essentially unity) when the solvent molecule is separated beyond distance of   10.0 Angstrom in any direction from any atom within the solute molecule
 
  LJ long-range correction    =        -1.3175     -0.2494     -7.0203
 
  Self-energy of the solute   =        -0.0023  kcal/mol
 
 
 cumulative average & 95% error for solvation energy
              total             1st component         2nd component         3rd component
  1  -507.7920             -180.5269               17.9955             -345.2583
  2  -512.0863     8.5887  -183.6230     6.1923    -3.6495    43.2899  -324.8115    40.8935
  3  -512.0018     4.9615  -184.6036     4.0778    -6.0463    25.4490  -321.3496    24.6042
  4  -510.0571     5.2379  -185.7106     3.6353     2.4597    24.7635  -326.8039    20.5349
  5  -510.6529     4.2286  -186.8320     3.5999     2.8333    19.1963  -326.6520    15.9092
  6  -511.1910     3.6165  -186.0679     3.3128     0.0683    16.6206  -325.1892    13.3152
  7  -513.3329     5.2625  -184.5150     4.1815   -15.7003    34.5242  -313.1154    26.6410
  8  -514.2274     4.8960  -184.0886     3.7203   -21.3798    31.9838  -308.7567    24.6637
  9  -514.0048     4.3407  -184.5197     3.3924   -19.3836    28.4882  -310.0993    21.9165
 10  -513.1781     4.2199  -185.0301     3.2014   -13.9988    27.6631  -314.1469    21.2084
 11  -513.3507     3.8326  -184.6208     3.0092   -14.7199    25.0637  -314.0077    19.1858
 12  -513.6402     3.5463  -184.1742     2.8886   -17.3623    23.4823  -312.1014    17.9243
 13  -514.1163     3.3982  -184.1132     2.6599   -19.7884    22.1389  -310.2124    16.9153
 14  -514.8778     3.4954  -184.1101     2.4626   -24.3376    22.4252  -306.4278    17.3938
 15  -515.5104     3.4914  -183.6872     2.4436   -28.1217    22.2063  -303.6993    17.0876
 16  -515.2827     3.2975  -183.9520     2.3464   -26.1923    21.1274  -305.1361    16.2402
 17  -515.4147     3.1087  -183.5321     2.3586   -26.7686    19.8792  -305.1117    15.2551
 18  -514.7594     3.2106  -184.0058     2.4170   -22.9412    20.2452  -307.8102    15.3619
 19  -514.6938     3.0398  -183.7156     2.3588   -23.1035    19.1528  -307.8723    14.5314
 20  -514.5238     2.9037  -183.9504     2.2865   -21.8998    18.3288  -308.6714    13.8780
 21  -514.6599     2.7754  -184.0279     2.1804   -23.2024    17.6277  -307.4272    13.4331
 22  -514.6292     2.6469  -184.0617     2.0800   -23.7575    16.8440  -306.8076    12.8678
 23  -514.2409     2.6457  -184.2322     2.0166   -21.3192    16.8176  -308.6872    12.8574
 24  -513.9339     2.6065  -184.3765     1.9521   -19.3371    16.5824  -310.2181    12.6851
 25  -513.9162     2.5003  -184.2194     1.8986   -18.9817    15.9212  -310.7128    12.2073
 26  -514.0830     2.4252  -184.4937     1.9049   -20.1532    15.4750  -309.4338    12.0041
 27  -514.0985     2.3339  -184.6547     1.8610   -20.7750    14.9426  -308.6665    11.6524
 28  -514.1372     2.2503  -184.8294     1.8270   -20.9031    14.4014  -308.4025    11.2410
 29  -514.5577     2.3285  -185.0540     1.8192   -22.0872    14.0963  -307.4142    11.0251
 30  -514.7130     2.2709  -185.1934     1.7796   -22.1058    13.6183  -307.4115    10.6512
 31  -515.0433     2.2936  -185.0379     1.7491   -23.4105    13.4277  -306.5926    10.4313
 32  -515.3220     2.2896  -185.1066     1.6991   -24.2279    13.1037  -305.9851    10.1729
 33  -515.3666     2.2210  -185.2933     1.6886   -23.6399    12.7547  -306.4311     9.9001
 34  -515.4849     2.1676  -185.5239     1.7018   -23.4690    12.3786  -306.4897     9.6052
 35  -515.6072     2.1189  -184.5752     2.5161   -24.4924    12.1928  -306.5374     9.3272
 36  -515.8540     2.1175  -183.6604     3.0540   -26.3839    12.4385  -305.8075     9.1812
 37  -516.2365     2.1970  -182.4520     3.8293   -28.9606    13.1495  -304.8217     9.1447
 38  -516.3162     2.1443  -181.5918     4.1051   -30.2574    13.0590  -304.4647     8.9294
 39  -516.3582     2.0903  -180.6385     4.4297   -31.5737    12.9893  -304.1438     8.7211
 40  -516.6471     2.1177  -179.7425     4.6747   -33.7567    13.3921  -303.1456     8.7315
 41  -517.1532     2.3001  -178.8812     4.8738   -37.0512    14.6292  -301.2185     9.3475
 42  -517.7567     2.5486  -178.0948     5.0096   -40.6462    15.9850  -299.0134    10.1324
 43  -518.0676     2.5651  -177.3783     5.0973   -42.7575    16.1699  -297.9295    10.1286
 44  -518.4242     2.6057  -176.7720     5.1256   -44.9916    16.4178  -296.6583    10.2171
 45  -518.9806     2.7796  -175.9630     5.2652   -48.6286    17.6204  -294.3867    10.9723
 46  -519.3853     2.8364  -175.2543     5.3410   -50.9990    17.8732  -293.1297    11.0217
 47  -519.7367     2.8630  -174.5171     5.4301   -53.2027    18.0357  -292.0146    11.0128
 48  -519.9659     2.8400  -173.7092     5.5559   -54.7999    17.9426  -291.4545    10.8390
 49  -520.3778     2.9009  -172.8894     5.6830   -57.3876    18.3188  -290.0986    10.9564
 50  -520.7527     2.9395  -172.3066     5.6889   -59.8391    18.6064  -288.6047    11.1430
 
 
 group  inft  solvation free energy     error          difference
  total solvation free energy
   1      0        -90.17591           2.82349           0.24267
   1     60        -90.58145           2.82127          -0.16286
   1     80        -93.91402           2.80846          -3.49543
   1    100       -104.16503           2.78693         -13.74644
   2      0        -90.27743           2.80704           0.14116
   3      0        -90.41859           2.80064           0.00000
   4      0        -90.23724           2.78662           0.18134
   5      0        -88.81857           2.79124           1.60001
   5     60        -89.37348           2.78820           1.04510
   5     80        -93.43298           2.77341          -3.01439
   5    100       -102.83120           2.75504         -12.41261
 
  contribution from  1-th solvent component
   1      0       -145.96153           2.21253          -0.28245
   1     60       -145.99894           2.21271          -0.31986
   1     80       -146.30315           2.21390          -0.62407
   1    100       -147.20818           2.21733          -1.52910
   2      0       -145.66115           2.24880           0.01793
   3      0       -145.67908           2.26044           0.00000
   4      0       -145.01414           2.26068           0.66494
   5      0       -144.13898           2.26250           1.54010
   5     60       -144.18861           2.26271           1.49047
   5     80       -144.55881           2.26410           1.12027
   5    100       -145.39635           2.26717           0.28273
 
  contribution from  2-th solvent component
   1      0         44.06164           8.94913           0.50589
   1     60         44.09255           8.94917           0.53680
   1     80         44.25500           8.94934           0.69925
   1    100         44.51926           8.94996           0.96352
   2      0         43.68484           8.95373           0.12910
   3      0         43.55574           8.95572           0.00000
   4      0         43.05094           8.93906          -0.50481
   5      0         43.63527           8.94517           0.07953
   5     60         43.67043           8.94525           0.11468
   5     80         43.86080           8.94530           0.30505
   5    100         44.09460           8.94561           0.53886
 
  contribution from  3-th solvent component
   1      0         11.72626           4.91872           0.01923
   1     60         11.32722           4.92082          -0.37981
   1     80          8.13641           4.93351          -3.57061
   1    100         -1.47382           4.95765         -13.18085
   2      0         11.70116           4.91915          -0.00587
   3      0         11.70703           4.91962           0.00000
   4      0         11.72824           4.91868           0.02121
   5      0         11.68741           4.92054          -0.01962
   5     60         11.14698           4.92346          -0.56005
   5     80          7.26731           4.93822          -4.43972
   5    100         -1.52717           4.95920         -13.23420
 
 
 group  inft   Estimated free energy: total (kcal/mol)
   1      0     -75.5292     -79.6923     -79.2094     -81.3592     -83.6633
                -83.0502     -88.4047     -86.8351     -83.2931     -76.9973
                -83.1906     -80.7278     -88.0070     -89.5649     -85.8532
                -83.4251     -91.8816     -82.0053     -90.8282     -85.5997
                -88.6437     -83.0642     -84.7903     -84.4256     -85.2426
                -85.7484     -81.9704     -82.7708     -89.6095     -83.7568
                -86.0175     -89.7066     -89.4689     -91.7033     -85.5979
                -91.9492     -94.9466     -85.9162     -87.5231     -98.9233
               -110.3478    -109.8079    -102.2945    -107.3730    -114.2101
               -110.9455    -108.9279    -106.4994    -101.3520    -106.1459
   1     60     -75.9436     -80.1037     -79.6182     -81.7786     -84.0805
                -83.4658     -88.8092     -87.2439     -83.7069     -77.4155
                -83.6028     -81.1326     -88.4141     -89.9698     -86.2569
                -83.8338     -92.2911     -82.4232     -91.2412     -86.0147
                -89.0524     -83.4753     -85.2110     -84.8441     -85.6515
                -86.1555     -82.3807     -83.1800     -90.0131     -84.1632
                -86.4229     -90.1112     -89.8790     -92.1093     -86.0070
                -92.3497     -95.3435     -86.3160     -87.9228     -99.3225
               -110.7409    -110.1969    -102.6895    -107.7645    -114.5981
               -111.3371    -109.3211    -106.8955    -101.7404    -106.5318
   1     80     -79.3268     -83.4632     -82.9639     -85.1936     -87.4819
                -86.8562     -92.1189     -90.5882     -87.1010     -80.8258
                -86.9751     -84.4546     -91.7554     -93.2843     -89.5637
                -87.1842     -95.6604     -85.8241     -94.6157     -89.4096
                -92.4043     -86.8450     -88.6390     -88.2700     -89.0098
                -89.4989     -85.7374     -86.5352     -93.3223     -87.4956
                -89.7484     -93.4335     -93.2363     -95.4460     -89.3756
                -95.6574     -98.6221     -89.6142     -91.2242    -102.6235
               -114.0017    -113.4294    -105.9670    -111.0169    -117.8283
               -114.5873    -112.5877    -110.1830    -104.9702    -109.7443
   1    100     -89.6631     -93.7316     -93.2127     -95.5876     -97.8521
                -97.2126    -102.2537    -100.8321     -97.4859     -91.2321
                -97.3125     -94.6407    -102.0135    -103.4707     -99.7107
                -97.4657    -106.0363     -96.1952    -104.9463     -99.7987
               -102.6854     -97.1509     -99.0800     -98.7512     -99.3233
                -99.7657     -96.0172     -96.8373    -103.4926     -97.7346
                -99.9685    -103.6620    -103.5484    -105.7239     -99.7545
               -105.8686    -108.7522     -99.7930    -101.4239    -112.8520
               -124.1330    -123.4975    -116.1426    -121.1284    -127.8948
               -124.7057    -122.7565    -120.3909    -115.0142    -119.7485
   2      0     -75.6574     -79.7706     -79.3160     -81.3785     -83.8561
                -83.0121     -88.4433     -86.7862     -83.2326     -76.9939
                -83.3580     -81.1127     -88.1906     -89.6447     -85.9420
                -83.5074     -92.1547     -82.4378     -91.0268     -85.5491
                -88.7639     -83.2309     -84.7985     -84.6854     -85.3377
                -85.8684     -82.0482     -82.8578     -89.8316     -84.1834
                -86.2810     -90.1530     -89.9981     -92.2066     -85.5166
                -91.9602     -94.7233     -86.0097     -87.4763     -98.8651
               -110.3363    -109.7250    -102.1902    -107.5901    -114.0361
               -110.9238    -108.7457    -106.5145    -101.4473    -106.1965
   3      0     -75.9136     -79.8136     -79.5842     -81.5816     -83.9062
                -83.2299     -88.5136     -87.0277     -83.3613     -77.0796
                -83.5828     -81.3631     -88.4636     -89.5985     -85.9848
                -83.7689     -92.2756     -82.6700     -91.3166     -85.5816
                -89.0732     -83.3697     -84.7696     -84.7929     -85.5110
                -86.1701     -82.1977     -82.8359     -89.9982     -84.5045
                -86.3816     -90.3379     -90.1572     -92.4380     -85.6417
                -91.9740     -94.7170     -86.2607     -87.5412     -98.8831
               -110.5501    -109.8037    -102.2091    -107.6429    -113.9288
               -111.1681    -108.9570    -106.7491    -101.3447    -106.4040
   4      0     -75.6739     -79.9572     -79.4688     -81.3581     -83.8582
                -83.0340     -88.4436     -86.7491     -83.2250     -77.0027
                -83.3561     -80.9800     -88.2378     -89.6638     -86.0284
                -83.6493     -92.2097     -82.5794     -91.0635     -85.5728
                -88.9307     -83.2653     -84.8378     -84.8191     -85.4201
                -86.2581     -82.0475     -82.7394     -89.9561     -84.1827
                -86.0506     -89.9424     -89.9856     -92.1550     -85.3434
                -91.6748     -94.4031     -85.7758     -87.2519     -98.5082
               -110.2016    -109.5205    -102.0151    -107.4755    -113.8485
               -110.7991    -108.7081    -106.3605    -101.2676    -106.0064
   5      0     -74.5828     -78.4248     -78.1070     -79.8989     -82.3150
                -81.5765     -86.8509     -85.4072     -81.9864     -75.5313
                -82.0776     -79.6168     -86.9505     -87.8010     -84.3801
                -82.1566     -90.8324     -81.1435     -89.7141     -84.1582
                -87.6441     -81.7851     -83.2429     -83.4243     -84.1451
                -84.8728     -80.1897     -81.2763     -88.4266     -82.7534
                -84.6727     -88.4515     -88.7414     -90.8268     -83.9812
                -90.2973     -93.1476     -84.3260     -85.7676     -97.1256
               -108.9315    -107.9497    -100.3098    -105.9345    -112.1718
               -109.5705    -107.3575    -105.1950     -99.8634    -105.0354
   5     60     -75.1493     -78.9878     -78.6666     -80.4739     -82.8856
                -82.1453     -87.4057     -85.9669     -82.5533     -76.1029
                -82.6412     -80.1716     -87.5080     -88.3549     -84.9327
                -82.7155     -91.3926     -81.7146     -90.2791     -84.7252
                -88.2026     -82.3466     -83.8179     -83.9960     -84.7048
                -85.4303     -80.7514     -81.8360     -88.9794     -83.3098
                -85.2280     -89.0069     -89.3026     -91.3828     -84.5396
                -90.8464     -93.6918     -84.8728     -86.3146     -97.6718
               -109.4691    -108.4816    -100.8493    -106.4699    -112.7032
               -110.1057    -107.8951    -105.7368    -100.3947    -105.5639
   5     80     -79.2651     -83.0785     -82.7422     -84.6360     -87.0239
                -86.2786     -91.4344     -90.0403     -86.6848     -80.2530
                -86.7496     -84.2142     -91.5747     -92.3910     -88.9585
                -86.7923     -95.4965     -85.8547     -94.3844     -88.8554
                -92.2858     -86.4517     -87.9882     -88.1647     -88.7941
                -89.5017     -84.8379     -85.9216     -93.0086     -87.3679
                -89.2799     -93.0546     -93.3937     -95.4474     -88.6430
                -94.8768     -97.6866     -88.8926     -90.3412    -101.6941
               -113.4474    -112.4222    -104.8448    -110.4370    -116.6419
               -114.0700    -111.8838    -109.7484    -104.3308    -109.4825
   5    100     -88.7322     -92.4871     -92.1449     -94.1635     -96.5272
                -95.7785    -100.7186     -99.4297     -96.1976     -89.7873
                -96.2243     -93.5472    -100.9705    -101.7238     -98.2522
                -96.2125    -105.0064     -95.3593    -103.8448     -98.3714
               -101.7109     -95.9010     -97.5509     -97.7679     -98.2458
                -98.9102     -94.2503     -95.3659    -102.3393     -96.7568
                -98.6485    -102.4296    -102.8510    -104.8700     -98.1581
               -104.2428    -106.9835     -98.2392     -99.7060    -111.0728
               -122.7455    -121.6533    -114.1821    -119.7209    -125.8786
               -123.3493    -121.2188    -119.1193    -113.5454    -118.6670
 
 group  inft   Estimated free energy: 1-th solvent contribution (kcal/mol)
   1      0    -146.5274    -149.0584    -149.4037    -154.8549    -153.7143
               -148.3926    -142.4347    -147.4588    -149.5052    -150.4604
               -146.2073    -144.7975    -150.2503    -149.5285    -144.5368
               -152.3209    -144.6382    -158.9886    -152.0781    -151.2498
               -153.3894    -147.9525    -156.0295    -150.6622    -147.9106
               -150.8048    -149.2250    -150.0963    -155.5408    -152.1779
               -146.3915    -151.8419    -158.8433    -158.7105    -129.1830
               -136.3760    -131.1113    -137.9793    -135.3241    -133.0345
               -138.7588    -137.4982    -139.0567    -144.9024    -139.0389
               -141.0779    -135.8629    -135.5051    -128.8670    -138.5179
   1     60    -146.5660    -149.0965    -149.4415    -154.8936    -153.7528
               -148.4307    -142.4726    -147.4966    -149.5434    -150.4993
               -146.2455    -144.8353    -150.2882    -149.5661    -144.5746
               -152.3592    -144.6760    -159.0270    -152.1164    -151.2880
               -153.4270    -147.9900    -156.0681    -150.7007    -147.9483
               -150.8426    -149.2631    -150.1340    -155.5777    -152.2156
               -146.4293    -151.8796    -158.8807    -158.7479    -129.2208
               -136.4127    -131.1478    -138.0159    -135.3606    -133.0710
               -138.7945    -137.5341    -139.0928    -144.9379    -139.0746
               -141.1137    -135.8991    -135.5417    -128.9028    -138.5532
   1     80    -146.8778    -149.4051    -149.7481    -155.2061    -154.0636
               -148.7378    -142.7792    -147.8023    -149.8528    -150.8129
               -146.5542    -145.1423    -150.5968    -149.8712    -144.8808
               -152.6697    -144.9831    -159.3365    -152.4255    -151.5967
               -153.7324    -148.2938    -156.3792    -151.0116    -148.2548
               -151.1498    -149.5722    -150.4406    -155.8795    -152.5221
               -146.7360    -152.1859    -159.1848    -159.0539    -129.5266
               -136.7122    -131.4464    -138.3147    -135.6590    -133.3682
               -139.0872    -137.8291    -139.3898    -145.2300    -139.3695
               -141.4078    -136.1956    -135.8415    -129.1959    -138.8447
   1    100    -147.7987    -150.3176    -150.6569    -156.1313    -154.9841
               -149.6464    -143.6833    -148.7089    -150.7687    -151.7386
               -147.4662    -146.0513    -151.5132    -150.7789    -145.7875
               -153.5932    -145.8920    -160.2595    -153.3472    -152.5110
               -154.6447    -149.1936    -157.3045    -151.9292    -149.1645
               -152.0606    -150.4885    -151.3519    -156.7840    -153.4356
               -147.6457    -153.0994    -160.0984    -159.9741    -130.4249
               -137.6032    -132.3342    -139.2044    -136.5490    -134.2533
               -139.9635    -138.7133    -140.2814    -146.1117    -140.2593
               -142.2928    -137.0809    -136.7356    -130.0708    -139.7218
   2      0    -146.2307    -148.8335    -149.1614    -154.6823    -153.4673
               -148.2126    -142.1797    -147.2662    -149.1851    -150.0574
               -146.0690    -144.5632    -150.0494    -149.3522    -144.3056
               -152.0748    -144.4295    -158.9685    -151.9574    -150.9572
               -153.2697    -147.7121    -155.8966    -150.3076    -147.6799
               -150.6049    -148.9596    -149.7294    -155.3962    -151.9135
               -146.1020    -151.7235    -158.7488    -158.6070    -128.5661
               -135.8780    -130.6250    -137.3995    -134.8420    -132.5744
               -138.3900    -137.0017    -138.4838    -144.5802    -138.5209
               -140.7062    -135.3949    -135.0687    -128.3678    -138.0049
   3      0    -146.2086    -148.8383    -149.1893    -154.8449    -153.5356
               -148.2637    -142.2596    -147.3083    -149.1708    -150.0756
               -146.1017    -144.6202    -150.1227    -149.3160    -144.3279
               -152.1648    -144.4367    -159.0812    -152.0882    -150.9533
               -153.3513    -147.6986    -155.9176    -150.2930    -147.7063
               -150.6639    -148.9897    -149.7379    -155.4663    -151.9768
               -146.1021    -151.8212    -158.8787    -158.6717    -128.5423
               -135.8012    -130.5850    -137.4291    -134.8135    -132.5336
               -138.3377    -136.8767    -138.4104    -144.4777    -138.4700
               -140.6421    -135.4667    -135.1283    -128.2784    -137.9788
   4      0    -145.4637    -148.3528    -148.4812    -154.1690    -152.8796
               -147.7693    -141.6093    -146.5599    -148.4876    -149.4104
               -145.3628    -143.8570    -149.3527    -148.8312    -143.8433
               -151.3651    -143.8053    -158.4322    -151.2574    -150.2958
               -152.6985    -147.0423    -155.5140    -149.6738    -147.0719
               -149.9183    -148.2106    -149.0689    -154.8136    -151.2372
               -145.4094    -151.0773    -158.2602    -158.0280    -127.8076
               -135.2249    -129.9585    -136.6294    -134.1703    -131.8381
               -137.7095    -136.1651    -137.6186    -143.8871    -137.8772
               -139.9413    -134.7634    -134.4560    -127.8394    -137.2111
   5      0    -144.9038    -147.4033    -147.7054    -153.3176    -151.9402
               -146.7281    -140.6513    -145.7090    -147.7309    -148.5270
               -144.5821    -143.0306    -148.6940    -147.6809    -142.7843
               -150.4308    -142.9666    -157.5597    -150.5015    -149.4898
               -151.9175    -146.1345    -154.4476    -148.8304    -146.2879
               -149.1817    -147.0374    -148.1976    -153.8468    -150.2954
               -144.5921    -150.1665    -157.5297    -157.2161    -126.9017
               -134.3203    -129.2044    -135.7090    -133.1817    -130.9392
               -136.9048    -135.1557    -136.6120    -142.9260    -136.8471
               -139.1364    -133.8855    -133.7148    -126.8937    -136.5989
   5     60    -144.9548    -147.4538    -147.7556    -153.3690    -151.9912
               -146.7788    -140.7017    -145.7590    -147.7816    -148.5782
               -144.6326    -143.0808    -148.7444    -147.7306    -142.8344
               -150.4813    -143.0167    -157.6102    -150.5519    -149.5402
               -151.9671    -146.1842    -154.4986    -148.8813    -146.3381
               -149.2319    -147.0878    -148.2476    -153.8960    -150.3454
               -144.6423    -150.2167    -157.5793    -157.2657    -126.9518
               -134.3692    -129.2533    -135.7578    -133.2305    -130.9877
               -136.9523    -135.2033    -136.6598    -142.9733    -136.8945
               -139.1839    -133.9337    -133.7634    -126.9413    -136.6459
   5     80    -145.3326    -147.8281    -148.1289    -153.7503    -152.3693
               -147.1547    -141.0752    -146.1313    -148.1573    -148.9570
               -145.0077    -143.4540    -149.1197    -148.1007    -143.2061
               -150.8573    -143.3894    -157.9870    -150.9272    -149.9147
               -152.3396    -146.5551    -154.8773    -149.2587    -146.7116
               -149.6055    -147.4627    -148.6198    -154.2639    -150.7179
               -145.0159    -150.5901    -157.9509    -157.6373    -127.3224
               -134.7337    -129.6185    -136.1229    -133.5954    -131.3492
               -137.3097    -135.5615    -137.0200    -143.3313    -137.2532
               -139.5429    -134.2962    -134.1284    -127.2989    -137.0015
   5    100    -146.1807    -148.6686    -148.9713    -154.6089    -153.2206
               -148.0009    -141.9124    -146.9705    -149.0025    -149.8065
               -145.8499    -144.2940    -149.9669    -148.9370    -144.0419
               -151.7074    -144.2275    -158.8432    -151.7785    -150.7584
               -153.1865    -147.3901    -155.7339    -150.1061    -147.5551
               -150.4473    -148.3069    -149.4617    -155.1042    -151.5621
               -145.8581    -151.4370    -158.8012    -158.4871    -128.1495
               -135.5582    -130.4443    -136.9510    -134.4241    -132.1686
               -138.1232    -136.3766    -137.8424    -144.1539    -138.0759
               -140.3640    -135.1186    -134.9565    -128.1106    -137.8154
 
 group  inft   Estimated free energy: 2-th solvent contribution (kcal/mol)
   1      0      85.0782      63.6427      69.3075      85.4376      73.9196
                 65.4420      20.9999      43.2342      68.8619      89.6063
                 61.7077      53.3291      49.7089      34.1810      36.0901
                 77.3797      50.1570      94.7752      58.8305      69.5762
                 48.7420      52.1943      86.6474      81.6919      68.3887
                 47.4577      54.2923      60.2082      49.3211      64.9146
                 45.6980      50.5210      71.9640      64.9325      40.7028
                 28.4097      15.3923      37.5937      33.9829      13.3821
                -11.5440     -18.9765       7.0345       5.4723     -26.1103
                 -4.1667      -2.3978       8.7093     -11.5358     -11.1059
   1     60      85.1096      63.6737      69.3402      85.4689      73.9497
                 65.4728      21.0342      43.2663      68.8925      89.6365
                 61.7381      53.3625      49.7405      34.2132      36.1230
                 77.4128      50.1859      94.8078      58.8631      69.6068
                 48.7736      52.2231      86.6781      81.7193      68.4198
                 47.4878      54.3233      60.2381      49.3529      64.9460
                 45.7293      50.5529      71.9950      64.9637      40.7301
                 28.4405      15.4253      37.6239      34.0129      13.4120
                -11.5155     -18.9461       7.0636       5.5027     -26.0794
                 -4.1365      -2.3689       8.7396     -11.5034     -11.0745
   1     80      85.2820      63.8446      69.5248      85.6310      74.1067
                 65.6322      21.2162      43.4342      69.0484      89.7970
                 61.8985      53.5465      49.9071      34.3825      36.3035
                 77.5947      50.3315      94.9830      59.0303      69.7608
                 48.9393      52.3692      86.8327      81.8558      68.5901
                 47.6465      54.4851      60.3930      49.5189      65.1124
                 45.8916      50.7163      72.1530      65.1238      40.8614
                 28.6015      15.6067      37.7882      34.1727      13.5631
                -11.3705     -18.7859       7.2123       5.6638     -25.9127
                 -3.9780      -2.2210       8.8956     -11.3275     -10.9031
   1    100      85.5935      64.1433      69.8600      85.8913      74.3579
                 65.8837      21.5352      43.7108      69.2870      90.0632
                 62.1524      53.8793      50.1839      34.6624      36.6252
                 77.9262      50.5354      95.2892      59.3022      69.9891
                 49.2101      52.5785      87.0684      82.0407      68.8805
                 47.8942      54.7435      60.6314      49.7994      65.3962
                 46.1578      50.9797      72.4046      65.3766      41.0261
                 28.8594      15.9350      38.0706      34.4318      13.7859
                -11.1607     -18.5288       7.4316       5.9242     -25.6344
                 -3.7271      -2.0021       9.1376     -11.0128     -10.6066
   2      0      84.6872      63.3703      68.9764      85.2967      73.5129
                 65.3156      20.7392      43.1247      68.6168      89.2235
                 61.4361      52.7320      49.3268      33.9591      35.7915
                 77.0855      49.6891      94.3485      58.5606      69.3522
                 48.5117      51.8135      86.5333      81.1047      68.0672
                 47.1454      53.9689      59.7748      48.9669      64.2740
                 45.1796      50.0108      71.3609      64.3559      40.2162
                 27.9037      15.1592      36.9484      33.5592      13.0105
                -11.8691     -19.3634       6.5732       4.9611     -26.4269
                 -4.5119      -2.6727       8.2879     -12.0942     -11.6515
   3      0      84.3887      63.3275      68.7188      85.2450      73.5229
                 65.1592      20.7442      42.9286      68.4666      89.1719
                 61.2311      52.5402      49.1286      33.9701      35.7751
                 76.9299      49.5879      94.2284      58.3925      69.3136
                 48.2884      51.6512      86.5734      80.9859      67.9260
                 46.8957      53.8613      59.8088      48.8690      63.9918
                 45.0477      49.8907      71.3328      64.1730      40.0469
                 27.8133      15.1074      36.6997      33.4566      12.9440
                -12.1404     -19.5835       6.4867       4.8171     -26.3799
                 -4.8400      -2.8145       8.0953     -12.0905     -11.8974
   4      0      83.8312      62.6975      68.1130      84.7964      72.9172
                 64.8221      20.1297      42.4497      67.9027      88.5389
                 60.7064      52.1111      48.5286      33.4082      35.2259
                 76.2138      49.0064      93.6338      57.7890      68.6496
                 47.7577      51.0859      86.0854      80.3211      67.3523
                 46.0816      53.1863      59.1796      48.2363      63.5648
                 44.6758      49.5129      70.8541      63.8129      39.5913
                 27.5031      14.7880      36.3542      33.0751      12.6231
                -12.4197     -20.0064       5.8602       4.3645     -26.8983
                 -5.2038      -3.3087       7.8067     -12.4769     -12.2834
   5      0      84.4307      63.3095      68.7269      85.4355      73.5622
                 65.2744      20.8135      42.9876      68.4362      89.1888
                 61.2450      52.6911      49.2240      34.1300      35.8492
                 76.8229      49.5783      94.2533      58.4258      69.2835
                 48.2999      51.7001      86.6505      80.9383      67.8870
                 46.7698      53.9265      59.8308      48.8484      64.0942
                 45.2702      50.1512      71.4377      64.3475      40.0961
                 28.0181      15.3280      36.9031      33.6064      13.1489
                -11.9130     -19.4132       6.5755       4.9720     -26.2635
                 -4.7163      -2.7927       8.2717     -11.9950     -11.8825
   5     60      84.4670      63.3453      68.7645      85.4704      73.5967
                 65.3090      20.8521      43.0240      68.4711      89.2234
                 61.2798      52.7299      49.2602      34.1666      35.8869
                 76.8612      49.6112      94.2904      58.4628      69.3186
                 48.3357      51.7330      86.6858      80.9702      67.9229
                 46.8044      53.9614      59.8646      48.8840      64.1298
                 45.3051      50.1866      71.4724      64.3825      40.1271
                 28.0529      15.3655      36.9376      33.6403      13.1827
                -11.8808     -19.3787       6.6083       5.0068     -26.2285
                 -4.6820      -2.7602       8.3056     -11.9579     -11.8468
   5     80      84.6720      63.5462      68.9789      85.6554      73.7813
                 65.4927      21.0673      43.2210      68.6531      89.4105
                 61.4666      52.9499      49.4571      34.3661      36.1004
                 77.0786      49.7807      94.4947      58.6615      69.4994
                 48.5298      51.9033      86.8675      81.1298      68.1223
                 46.9897      54.1489      60.0427      49.0795      64.3244
                 45.4944      50.3763      71.6561      64.5688      40.2782
                 28.2402      15.5809      37.1299      33.8251      13.3594
                -11.7107     -19.1890       6.7815       5.1972     -26.0320
                 -4.4948      -2.5886       8.4864     -11.7466     -11.6444
   5    100      84.9502      63.8111      69.2691      85.8822      74.0034
                 65.7106      21.3537      43.4666      68.8636      89.6435
                 61.6894      53.2490      49.7054      34.6151      36.3881
                 77.3762      49.9589      94.7635      58.9065      69.7019
                 48.7692      52.0859      87.0797      81.2922      68.3802
                 47.2081      54.3752      60.2493      49.3291      64.5730
                 45.7295      50.6110      71.8764      64.7901      40.4210
                 28.4671      15.8757      37.3767      34.0519      13.5581
                -11.5235     -18.9579       6.9723       5.4301     -25.7846
                 -4.2695      -2.3981       8.6960     -11.4607     -11.3817
 
 group  inft   Estimated free energy: 3-th solvent contribution (kcal/mol)
   1      0     -14.0778       5.7257       0.8891     -11.9396      -3.8663
                 -0.0972      33.0324      17.3918      -2.6475     -16.1409
                  1.3113      10.7429      12.5367      25.7848      22.5958
                 -8.4816       2.6018     -17.7896       2.4217      -3.9239
                 16.0060      12.6963     -15.4059     -15.4530      -5.7184
                 17.6010      12.9645       7.1196      16.6124       3.5087
                 14.6782      11.6166      -2.5874       2.0770       2.8846
                 16.0194      20.7746      14.4717      13.8204      20.7314
                 39.9573      46.6691      29.7300      32.0594      50.9414
                 34.3013      29.3351      20.2987      39.0530      43.4802
   1     60     -14.4850       5.3213       0.4853     -12.3516      -4.2752
                 -0.5056      32.6316      16.9887      -3.0537     -16.5504
                  0.9068      10.3425      12.1359      25.3854      22.1969
                 -8.8851       2.2013     -18.2017       2.0143      -4.3312
                 15.6034      12.2938     -15.8187     -15.8604      -6.1208
                 17.2015      12.5614       6.7183      16.2141       3.1086
                 14.2793      11.2177      -2.9911       1.6773       2.4859
                 15.6247      20.3814      14.0783      13.4272      20.3388
                 39.5713      46.2856      29.3421      31.6730      50.5582
                 33.9153      28.9492      19.9089      38.6681      43.0982
   1     80     -17.7287       2.0996      -2.7384     -15.6162      -7.5227
                 -3.7484      29.4464      13.7823      -6.2943     -19.8077
                 -2.3171       7.1434       8.9365      22.2067      19.0158
                -12.1069      -1.0065     -21.4683      -1.2182      -7.5715
                 12.3910       9.0819     -19.0901     -19.1120      -9.3428
                 14.0067       9.3519       3.5147      13.0406      -0.0836
                 11.0984       8.0384      -6.2022      -1.5137      -0.7081
                 12.4556      17.2199      10.9146      10.2644      17.1839
                 36.4582      43.1879      26.2126      28.5516      47.4562
                 30.8008      25.8312      16.7651      35.5555      40.0059
   1    100     -27.4556      -7.5550     -12.4136     -25.3453     -17.2236
                -13.4476      19.8967       4.1683     -16.0019     -29.5545
                -11.9965      -2.4664      -0.6818      12.6480       9.4539
                -21.7964     -10.6775     -31.2226     -10.8990     -17.2745
                  2.7514      -0.5335     -28.8416     -28.8604     -19.0371
                  4.4031      -0.2700      -6.1146       3.4943      -9.6930
                  1.5216      -1.5400     -15.8524     -11.1242     -10.3535
                  2.8775       7.6492       1.3431       0.6955       7.6176
                 26.9935      33.7470      16.7094      19.0614      38.0011
                 21.3165      16.3287       7.2094      26.0717      30.5822
   2      0     -14.1116       5.6949       0.8712     -11.9907      -3.8994
                 -0.1128      32.9995      17.3575      -2.6620     -16.1577
                  1.2772      10.7207      12.5342      25.7506      22.5743
                 -8.5158       2.5880     -17.8155       2.3724      -3.9419
                 15.9964      12.6699     -15.4330     -15.4802      -5.7227
                 17.5934      12.9448       7.0990      16.6000       3.4584
                 14.6437      11.5621      -2.6079       2.0468       2.8355
                 16.0164      20.7448      14.4437      13.8087      20.7010
                 39.9250      46.6424      29.7227      32.0312      50.9139
                 34.2966      29.3241      20.2686      39.0170      43.4621
   3      0     -14.0915       5.6996       0.8885     -11.9795      -3.8913
                 -0.1231      33.0041      17.3543      -2.6548     -16.1736
                  1.2902      10.7192      12.5328      25.7497      22.5703
                 -8.5317       2.5755     -17.8149       2.3814      -3.9396
                 15.9920      12.6800     -15.4231     -15.4836      -5.7284
                 17.6005      12.9329       7.0955      16.6014       3.4829
                 14.6750      11.5949      -2.6091       2.0630       2.8561
                 16.0161      20.7628      14.4711      13.8180      20.7088
                 39.9302      46.6588      29.7169      32.0200      50.9233
                 34.3163      29.3264      20.2861      39.0265      43.4745
   4      0     -14.0391       5.7004       0.9016     -11.9833      -3.8935
                 -0.0845      33.0382      17.3634      -2.6378     -16.1289
                  1.3026      10.7682      12.5886      25.7615      22.5912
                 -8.4957       2.5916     -17.7787       2.4072      -3.9242
                 16.0124      12.6933     -15.4070     -15.4641      -5.6983
                 17.5809      12.9791       7.1522      16.6235       3.4920
                 14.6852      11.6242      -2.5773       2.0623       2.8752
                 16.0492      20.7697      14.5016      13.8455      20.7091
                 39.9299      46.6533      29.7456      32.0493      50.9293
                 34.3482      29.3663      20.2911      39.0510      43.4904
   5      0     -14.1075       5.6713       0.8739     -12.0145      -3.9346
                 -0.1205      32.9892      17.3165      -2.6894     -16.1908
                  1.2617      10.7250      12.5218      25.7522      22.5574
                 -8.5465       2.5581     -17.8349       2.3638      -3.9496
                 15.9758      12.6516     -15.4436     -15.5299      -5.7419
                 17.5414      12.9234       7.0928      16.5742       3.4501
                 14.6514      11.5661      -2.6472       2.0441       2.8267
                 16.0071      20.7310      14.4821      13.8100      20.6669
                 39.8887      46.6215      29.7290      32.0217      50.9411
                 34.2845      29.3229      20.2504      39.0276      43.4483
   5     60     -14.6592       5.1229       0.3268     -12.5729      -4.4889
                 -0.6733      32.4462      16.7705      -3.2405     -16.7458
                  0.7139      10.1816      11.9785      25.2114      22.0171
                 -9.0931       2.0152     -18.3925       1.8123      -4.5012
                 15.4311      12.1069     -16.0028     -16.0826      -6.2873
                 16.9994      12.3773       6.5493      16.0349       2.9081
                 14.1115      11.0255      -3.1935       1.5027       2.2875
                 15.4721      20.1983      13.9497      13.2779      20.1354
                 39.3664      46.1027      29.2044      31.4989      50.4221
                 33.7625      28.8010      19.7232      38.5067      42.9311
   5     80     -18.6021       1.2057      -3.5899     -16.5388      -8.4337
                 -4.6144      28.5757      12.8723      -7.1784     -20.7043
                 -3.2062       6.2922       8.0902      21.3459      18.1495
                -13.0113      -1.8855     -22.3603      -2.1164      -8.4378
                 11.5262       8.2023     -19.9762     -20.0336     -10.2024
                 13.1163       8.4782       2.6578      12.1781      -0.9721
                 10.2438       7.1615      -7.0967      -2.3767      -1.5965
                 11.6190      16.3532      10.1027       9.4314      16.2980
                 35.5753      42.3306      25.3961      27.6994      46.6456
                 29.9699      25.0033      15.8959      34.7170      39.1658
   5    100     -27.4995      -7.6274     -12.4404     -25.4345     -17.3078
                -13.4860      19.8423       4.0765     -16.0564     -29.6221
                -12.0615      -2.5000      -0.7067      12.6003       9.4039
                -21.8790     -10.7355     -31.2773     -10.9706     -17.3127
                  2.7088      -0.5945     -28.8944     -28.9517     -19.0686
                  4.3313      -0.3163      -6.1513       3.4381      -9.7654
                  1.4823      -1.6013     -15.9239     -11.1707     -10.4273
                  2.8506       7.5873       1.3374       0.6685       7.5400
                 26.9034      33.6835      16.6902      19.0051      37.9841
                 21.2864      16.3003       7.1435      26.0282      30.5323
 
 
 cumulative average & 95% error for solvation free energy
              total             1st component         2nd component         3rd component
  1   -75.9136             -146.2086               84.3887              -14.0915
  2   -77.8636     3.9000  -147.5235     2.6297    73.8581    21.0612    -4.1959    19.7910
  3   -78.4371     2.5270  -148.0787     1.8811    72.1450    12.6332    -2.5011    11.9185
  4   -79.2233     2.3801  -149.7703     3.6352    75.4200    11.0771    -4.8707     9.6688
  5   -80.1599     2.6282  -150.5233     3.1933    75.0406     8.6138    -4.6748     7.4996
  6   -80.6715     2.3775  -150.1467     2.7139    73.3937     7.7662    -3.9162     6.3086
  7   -81.7918     3.0096  -149.0200     3.2154    65.8723    16.4123     1.3581    11.8195
  8   -82.4463     2.9166  -148.8060     2.8173    63.0044    15.3272     3.3576    10.9895
  9   -82.5480     2.5802  -148.8466     2.4860    63.6113    13.5717     2.6896     9.7835
 10   -82.0011     2.5539  -148.9695     2.2371    66.1673    13.1715     0.8033     9.5292
 11   -82.1449     2.3279  -148.7088     2.0896    65.7186    11.9478     0.8475     8.6199
 12   -82.0798     2.1291  -148.3681     2.0256    64.6204    11.1258     1.6702     8.0391
 13   -82.5708     2.1909  -148.5030     1.8827    63.4287    10.5081     2.5058     7.5813
 14   -83.0728     2.2632  -148.5611     1.7469    61.3245    10.5998     4.1661     7.7648
 15   -83.2669     2.1424  -148.2789     1.7215    59.6212    10.4393     5.3930     7.6338
 16   -83.2983     2.0051  -148.5218     1.6820    60.7030    10.0019     4.5227     7.3498
 17   -83.8264     2.1593  -148.2815     1.6514    60.0492     9.4857     4.4082     6.9078
 18   -83.7621     2.0399  -148.8814     1.9657    61.9480     9.7162     3.1735     6.9651
 19   -84.1597     2.0870  -149.0502     1.8898    61.7609     9.1982     3.1319     6.5888
 20   -84.2308     1.9850  -149.1454     1.8029    62.1385     8.7588     2.7783     6.2906
 21   -84.4614     1.9436  -149.3457     1.7610    61.4790     8.4350     3.4075     6.1144
 22   -84.4118     1.8558  -149.2708     1.6857    61.0323     8.0920     3.8290     5.8905
 23   -84.4274     1.7736  -149.5598     1.7113    62.1428     8.0448     2.9919     5.8723
 24   -84.4426     1.6983  -149.5903     1.6396    62.9279     7.8607     2.2221     5.8293
 25   -84.4853     1.6312  -149.5150     1.5799    63.1278     7.5504     1.9041     5.6273
 26   -84.5501     1.5726  -149.5592     1.5205    62.5035     7.3608     2.5078     5.5397
 27   -84.4630     1.5232  -149.5381     1.4637    62.1834     7.1118     2.8939     5.3862
 28   -84.4049     1.4724  -149.5452     1.4105    62.0986     6.8552     3.0440     5.1990
 29   -84.5978     1.4722  -149.7494     1.4209    61.6424     6.6772     3.5115     5.1029
 30   -84.5946     1.4222  -149.8236     1.3808    61.7207     6.4527     3.5105     4.9299
 31   -84.6523     1.3804  -149.7036     1.3569    61.1829     6.3331     3.8707     4.8223
 32   -84.8300     1.3830  -149.7698     1.3205    60.8300     6.1725     4.1120     4.6940
 33   -84.9914     1.3788  -150.0458     1.3938    61.1483     6.0163     3.9084     4.5678
 34   -85.2104     1.4075  -150.2995     1.4443    61.2372     5.8394     3.8541     4.4327
 35   -85.2227     1.3669  -149.6779     1.8741    60.6318     5.7979     3.8256     4.3046
 36   -85.4103     1.3804  -149.2924     1.9778    59.7202     5.9222     4.1642     4.2378
 37   -85.6618     1.4337  -148.7868     2.1732    58.5144     6.2444     4.6128     4.2182
 38   -85.6776     1.3958  -148.4879     2.1981    57.9404     6.1853     4.8723     4.1383
 39   -85.7254     1.3629  -148.1373     2.2529    57.3126     6.1541     5.1016     4.0568
 40   -86.0543     1.4824  -147.7472     2.3303    56.2034     6.3954     5.4918     4.0304
 41   -86.6518     1.8757  -147.5177     2.3187    54.5364     7.0725     6.3318     4.2748
 42   -87.2030     2.1368  -147.2643     2.3188    52.7717     7.7521     7.2919     4.5925
 43   -87.5520     2.2002  -147.0584     2.3014    51.6953     7.8699     7.8134     4.6042
 44   -88.0086     2.3355  -146.9998     2.2515    50.6299     7.9787     8.3636     4.6309
 45   -88.5846     2.5572  -146.8102     2.2333    48.9185     8.5174     9.3094     4.9061
 46   -89.0755     2.6869  -146.6761     2.2007    47.7499     8.6518     9.8530     4.9199
 47   -89.4985     2.7618  -146.4376     2.2055    46.6740     8.7349    10.2673     4.8849
 48   -89.8579     2.7976  -146.2020     2.2099    45.8703     8.7008    10.4760     4.8002
 49   -90.0924     2.7797  -145.8362     2.2846    44.6874     8.8437    11.0587     4.8435
 50   -90.4186     2.8006  -145.6791     2.2604    43.5557     8.9557    11.7070     4.9196
 
 Mesh error is    1.600 kcal/mol
