 ERmod 0.3.7, Copyright (C) 2000-2019 Nobuyuki Matubayasi
                            2010-2019 Shun Sakuraba
 ERmod comes with ABSOLUTELY NO WARRANTY.
 This is free software, and you can redistribute it
 and/or modify it under certain conditions.
 See LICENSE file for details.
 ERmod 0.3.7, Copyright (C) 2000-2019 Nobuyuki Matubayasi
                            2010-2019 Shun Sakuraba
 ERmod comes with ABSOLUTELY NO WARRANTY.
 This is free software, and you can redistribute it
 and/or modify it under certain conditions.
 See LICENSE file for details.
 
  Number of the   1-th solvent  =          109
  Number of the   2-th solvent  =          109
  Number of the   3-th solvent  =        10000
 
  Be sure that the solvent distribution is homogeneous (radial distribution function is essentially unity) when the solvent molecule is separated beyond distance of   10.0 Angstrom in any direction from any atom within the solute molecule
 
  LJ long-range correction    =        -0.0231     -0.0044     -0.8950
 
  Self-energy of the solute   =         0.0004  kcal/mol
 
 
 cumulative average & 95% error for solvation energy
              total             1st component         2nd component         3rd component
  1   -63.2003               -3.6065                1.7217              -61.3159
  2   -63.1411     0.1184    -3.6784     0.1437     1.8264     0.2094   -61.2895     0.0527
  3   -63.4535     0.6287    -3.6720     0.0839    -1.1377     5.9296   -58.6442     5.2908
  4   -63.3441     0.4955    -3.5873     0.1795    -0.5154     4.3737   -59.2418     3.9274
  5   -63.4223     0.4144    -3.7845     0.4181    -1.0395     3.5463   -58.5987     3.3029
  6   -63.9298     1.0700    -3.4323     0.7826    -5.5420     9.4591   -54.9558     7.7689
  7   -63.8107     0.9352    -3.4963     0.6737    -4.3289     8.3545   -55.9858     6.8814
  8   -64.0383     0.9291    -3.4387     0.5947    -6.3228     8.2614   -54.2772     6.8697
  9   -63.9360     0.8445    -3.4785     0.5305    -5.4379     7.4978   -55.0201     6.2381
 10   -63.8641     0.7690    -3.3986     0.5006    -4.7862     6.8317   -55.6797     5.7333
 
 
 group  inft  solvation free energy     error          difference
  total solvation free energy
   1      0        -12.97368           0.58002           0.01043
   1     60        -13.00687           0.58006          -0.02275
   1     80        -13.31702           0.58379          -0.33291
   1    100        -14.49703           0.59708          -1.51292
   2      0        -12.96232           0.58142           0.02180
   3      0        -12.98412           0.57412          -0.00000
   4      0        -12.96278           0.56866           0.02134
   5      0        -12.99361           0.56369          -0.00949
   5     60        -13.04120           0.56415          -0.05708
   5     80        -13.42765           0.56753          -0.44353
   5    100        -14.52096           0.58109          -1.53685
 
  contribution from  1-th solvent component
   1      0         -2.75446           0.21979          -0.07524
   1     60         -2.75444           0.21976          -0.07523
   1     80         -2.75684           0.21966          -0.07762
   1    100         -2.76844           0.21948          -0.08923
   2      0         -2.70353           0.21952          -0.02432
   3      0         -2.67922           0.22172           0.00000
   4      0         -2.66533           0.21871           0.01389
   5      0         -2.66176           0.22197           0.01745
   5     60         -2.66222           0.22198           0.01700
   5     80         -2.66585           0.22191           0.01337
   5    100         -2.67736           0.22175           0.00185
 
  contribution from  2-th solvent component
   1      0         -1.11460           3.21326           0.06742
   1     60         -1.11379           3.21323           0.06822
   1     80         -1.11087           3.21336           0.07114
   1    100         -1.09871           3.21374           0.08330
   2      0         -1.13991           3.22022           0.04210
   3      0         -1.18201           3.22222          -0.00000
   4      0         -1.19483           3.23011          -0.01282
   5      0         -1.21112           3.23454          -0.02911
   5     60         -1.21072           3.23453          -0.02871
   5     80         -1.20772           3.23470          -0.02571
   5    100         -1.19924           3.23529          -0.01723
 
  contribution from  3-th solvent component
   1      0         -9.10502           3.57871           0.01826
   1     60         -9.13902           3.57900          -0.01574
   1     80         -9.44970           3.58415          -0.32643
   1    100        -10.63026           3.60029          -1.50699
   2      0         -9.11927           3.59454           0.00401
   3      0         -9.12328           3.59054           0.00000
   4      0         -9.10301           3.59424           0.02027
   5      0         -9.12112           3.59327           0.00216
   5     60         -9.16865           3.59391          -0.04537
   5     80         -9.55446           3.59852          -0.43118
   5    100        -10.64475           3.61495          -1.52147
 
 
 group  inft   Estimated free energy: total (kcal/mol)
   1      0     -13.6898     -13.6991     -11.7577     -13.5435     -12.4241
                -12.1018     -13.5509     -11.4998     -13.7257     -13.7444
   1     60     -13.7232     -13.7324     -11.7918     -13.5766     -12.4581
                -12.1330     -13.5840     -11.5330     -13.7590     -13.7776
   1     80     -14.0385     -14.0471     -12.1022     -13.8916     -12.7709
                -12.4243     -13.8965     -11.8327     -14.0744     -14.0920
   1    100     -15.2347     -15.2463     -13.2711     -15.0873     -13.9527
                -13.5511     -15.0882     -12.9804     -15.2689     -15.2897
   2      0     -13.6992     -13.6980     -11.7543     -13.5624     -12.3946
                -12.0340     -13.5225     -11.5248     -13.7234     -13.7101
   3      0     -13.7040     -13.7378     -11.7927     -13.5733     -12.4339
                -12.0688     -13.5351     -11.5567     -13.7265     -13.7125
   4      0     -13.6787     -13.7090     -11.7815     -13.5459     -12.4169
                -12.0826     -13.4957     -11.5318     -13.7166     -13.6689
   5      0     -13.7104     -13.7374     -11.8080     -13.5570     -12.4525
                -12.1233     -13.5470     -11.5857     -13.7361     -13.6786
   5     60     -13.7585     -13.7855     -11.8559     -13.6052     -12.5008
                -12.1683     -13.5953     -11.6318     -13.7840     -13.7268
   5     80     -14.1496     -14.1762     -12.2413     -13.9959     -12.8900
                -12.5380     -13.9841     -12.0094     -14.1740     -14.1179
   5    100     -15.2586     -15.2883     -13.3235     -15.1043     -13.9848
                -13.5801     -15.0897     -13.0678     -15.2827     -15.2298
 
 group  inft   Estimated free energy: 1-th solvent contribution (kcal/mol)
   1      0      -2.8548      -2.8827      -2.8567      -2.6061      -3.3243
                 -2.1124      -3.0433      -2.5350      -2.9322      -2.3971
   1     60      -2.8547      -2.8826      -2.8568      -2.6060      -3.3242
                 -2.1125      -3.0432      -2.5351      -2.9321      -2.3970
   1     80      -2.8570      -2.8849      -2.8594      -2.6087      -3.3267
                 -2.1152      -3.0448      -2.5378      -2.9346      -2.3994
   1    100      -2.8682      -2.8959      -2.8711      -2.6207      -3.3388
                 -2.1274      -3.0547      -2.5501      -2.9464      -2.4111
   2      0      -2.8106      -2.8319      -2.8085      -2.5422      -3.2557
                 -2.0741      -3.0059      -2.4958      -2.8920      -2.3187
   3      0      -2.7790      -2.8265      -2.7795      -2.5140      -3.2313
                 -2.0531      -2.9944      -2.4660      -2.8686      -2.2797
   4      0      -2.7573      -2.8060      -2.7628      -2.4996      -3.2105
                 -2.0617      -2.9822      -2.4451      -2.8641      -2.2641
   5      0      -2.7504      -2.8084      -2.7514      -2.5000      -3.2145
                 -2.0500      -2.9868      -2.4499      -2.8621      -2.2441
   5     60      -2.7509      -2.8089      -2.7519      -2.5005      -3.2150
                 -2.0504      -2.9873      -2.4503      -2.8625      -2.2445
   5     80      -2.7544      -2.8124      -2.7556      -2.5044      -3.2188
                 -2.0542      -2.9903      -2.4541      -2.8662      -2.2482
   5    100      -2.7657      -2.8235      -2.7673      -2.5160      -3.2308
                 -2.0664      -3.0003      -2.4662      -2.8776      -2.2597
 
 group  inft   Estimated free energy: 2-th solvent contribution (kcal/mol)
   1      0       1.9699       2.0401      -2.2372       1.7288      -0.4148
                -11.9674       2.7409      -8.4718       1.8357       1.6299
   1     60       1.9707       2.0408      -2.2364       1.7295      -0.4141
                -11.9663       2.7418      -8.4711       1.8365       1.6307
   1     80       1.9737       2.0437      -2.2336       1.7328      -0.4112
                -11.9637       2.7452      -8.4686       1.8394       1.6336
   1    100       1.9862       2.0552      -2.2215       1.7448      -0.3989
                -11.9521       2.7598      -8.4582       1.8517       1.6458
   2      0       1.9494       2.0150      -2.2873       1.6802      -0.4329
                -11.9858       2.7596      -8.5428       1.8260       1.6195
   3      0       1.9063       1.9702      -2.3442       1.6461      -0.4930
                -12.0175       2.7344      -8.6016       1.7998       1.5793
   4      0       1.9013       1.9600      -2.3805       1.6413      -0.5093
                -12.0553       2.7357      -8.6252       1.7996       1.5839
   5      0       1.8799       1.9489      -2.3909       1.6420      -0.5326
                -12.0840       2.7151      -8.6574       1.7900       1.5779
   5     60       1.8803       1.9492      -2.3904       1.6424      -0.5322
                -12.0836       2.7156      -8.6570       1.7904       1.5783
   5     80       1.8834       1.9519      -2.3876       1.6454      -0.5292
                -12.0809       2.7195      -8.6546       1.7935       1.5814
   5    100       1.8922       1.9596      -2.3794       1.6541      -0.5209
                -12.0734       2.7314      -8.6486       1.8023       1.5902
 
 group  inft   Estimated free energy: 3-th solvent contribution (kcal/mol)
   1      0     -12.8053     -12.8568      -6.6641     -12.6666      -8.6855
                  1.9776     -13.2489      -0.4934     -12.6295     -12.9776
   1     60     -12.8395     -12.8910      -6.6989     -12.7005      -8.7201
                  1.9455     -13.2830      -0.5272     -12.6637     -13.0116
   1     80     -13.1557     -13.2063      -7.0096     -13.0161      -9.0334
                  1.6542     -13.5973      -0.8267     -12.9796     -13.3266
   1    100     -14.3531     -14.4059      -8.1789     -14.2117     -10.2154
                  0.5279     -14.7937      -1.9725     -14.1746     -14.5247
   2      0     -12.8384     -12.8815      -6.6589     -12.7008      -8.7063
                  2.0255     -13.2766      -0.4867     -12.6577     -13.0113
   3      0     -12.8317     -12.8819      -6.6693     -12.7057      -8.7100
                  2.0014     -13.2755      -0.4894     -12.6580     -13.0125
   4      0     -12.8231     -12.8634      -6.6387     -12.6881      -8.6975
                  2.0340     -13.2496      -0.4619     -12.6525     -12.9892
   5      0     -12.8403     -12.8783      -6.6661     -12.6994      -8.7057
                  2.0103     -13.2757      -0.4788     -12.6644     -13.0128
   5     60     -12.8882     -12.9262      -6.7140     -12.7475      -8.7539
                  1.9653     -13.3239      -0.5248     -12.7122     -13.0610
   5     80     -13.2789     -13.3162      -7.0985     -13.1373      -9.1425
                  1.5967     -13.7138      -0.9011     -13.1017     -13.4515
   5    100     -14.3855     -14.4248      -8.1772     -14.2428     -10.2335
                  0.5592     -14.8212      -1.9534     -14.2078     -14.5607
 
 
 cumulative average & 95% error for solvation free energy
              total             1st component         2nd component         3rd component
  1   -13.7040               -2.7790                1.9063              -12.8317
  2   -13.7209     0.0337    -2.8028     0.0474     1.9383     0.0639   -12.8568     0.0502
  3   -13.0782     1.2856    -2.7950     0.0314     0.5108     2.8553   -10.7943     4.1251
  4   -13.2019     0.9422    -2.7248     0.1422     0.7946     2.0973   -11.2722     3.0695
  5   -13.0483     0.7918    -2.8261     0.2306     0.5371     1.7042   -10.7597     2.5891
  6   -12.8851     0.7243    -2.6972     0.3191    -1.5553     4.4101    -8.6329     4.7500
  7   -12.9779     0.6397    -2.7397     0.2828    -0.9425     3.9236    -9.2961     4.2280
  8   -12.8003     0.6582    -2.7055     0.2543    -1.8999     3.9003    -8.1953     4.2725
  9   -12.9032     0.6158    -2.7236     0.2272    -1.4888     3.5366    -8.6911     3.8963
 10   -12.9841     0.5741    -2.6792     0.2217    -1.1820     3.2222    -9.1233     3.5905
