 ERmod 0.3.7, Copyright (C) 2000-2019 Nobuyuki Matubayasi
                            2010-2019 Shun Sakuraba
 ERmod comes with ABSOLUTELY NO WARRANTY.
 This is free software, and you can redistribute it
 and/or modify it under certain conditions.
 See LICENSE file for details.
 ERmod 0.3.7, Copyright (C) 2000-2019 Nobuyuki Matubayasi
                            2010-2019 Shun Sakuraba
 ERmod comes with ABSOLUTELY NO WARRANTY.
 This is free software, and you can redistribute it
 and/or modify it under certain conditions.
 See LICENSE file for details.
 
  Number of the   1-th solvent  =          109
  Number of the   2-th solvent  =          109
  Number of the   3-th solvent  =        10000
 
  Be sure that the solvent distribution is homogeneous (radial distribution function is essentially unity) when the solvent molecule is separated beyond distance of   10.0 Angstrom in any direction from any atom within the solute molecule
 
  LJ long-range correction    =        -0.0121     -0.0023     -0.4680
 
  Self-energy of the solute   =        -0.0002  kcal/mol
 
 
 cumulative average & 95% error for solvation energy
              total             1st component         2nd component         3rd component
  1   -30.4840               -0.6803               -1.2292              -28.5743
  2   -31.0356     1.1033    -0.8672     0.3739    -5.4829     8.5075   -24.6853     7.7781
  3   -30.8175     0.7720    -1.2261     0.7495    -3.4991     6.3141   -26.0921     5.2993
  4   -30.8016     0.5468    -1.2052     0.5317    -3.5255     4.4650   -26.0706     3.7474
  5   -30.7835     0.4251    -1.2587     0.4255    -3.2219     3.5115   -26.3027     2.9396
  6   -30.7486     0.3541    -1.1370     0.4241    -3.0858     2.8800   -26.5254     2.4412
  7   -30.6896     0.3216    -1.3056     0.4921    -2.5325     2.6738   -26.8512     2.1636
  8   -30.6964     0.2789    -1.2842     0.4283    -2.5484     2.3158   -26.8636     1.8739
  9   -30.6639     0.2544    -1.2288     0.3936    -2.3223     2.0918   -27.1126     1.7260
 10   -30.6451     0.2306    -1.1378     0.3964    -2.2388     1.8784   -27.2683     1.5749
 
 
 group  inft  solvation free energy     error          difference
  total solvation free energy
   1      0         -5.06648           0.09235           0.01227
   1     60         -5.08742           0.09227          -0.00867
   1     80         -5.26672           0.09222          -0.18797
   1    100         -5.94096           0.09421          -0.86221
   2      0         -5.06850           0.08790           0.01025
   3      0         -5.07875           0.09138           0.00000
   4      0         -5.07461           0.08855           0.00414
   5      0         -5.08761           0.08557          -0.00886
   5     60         -5.11433           0.08550          -0.03558
   5     80         -5.33971           0.08570          -0.26096
   5    100         -5.96306           0.08748          -0.88431
 
  contribution from  1-th solvent component
   1      0         -0.89321           0.20262          -0.05378
   1     60         -0.89338           0.20262          -0.05395
   1     80         -0.89493           0.20259          -0.05550
   1    100         -0.90176           0.20257          -0.06233
   2      0         -0.85433           0.20028          -0.01491
   3      0         -0.83943           0.20238           0.00000
   4      0         -0.83559           0.19909           0.00384
   5      0         -0.82821           0.19888           0.01122
   5     60         -0.82845           0.19888           0.01098
   5     80         -0.83074           0.19887           0.00869
   5    100         -0.83723           0.19884           0.00220
 
  contribution from  2-th solvent component
   1      0         -0.61154           0.86558           0.04912
   1     60         -0.61138           0.86555           0.04928
   1     80         -0.60997           0.86555           0.05069
   1    100         -0.60537           0.86550           0.05529
   2      0         -0.64276           0.87145           0.01791
   3      0         -0.66066           0.86812           0.00000
   4      0         -0.66875           0.87193          -0.00809
   5      0         -0.68155           0.87513          -0.02089
   5     60         -0.68130           0.87514          -0.02064
   5     80         -0.67992           0.87514          -0.01926
   5    100         -0.67716           0.87522          -0.01650
 
  contribution from  3-th solvent component
   1      0         -3.56151           0.90436           0.01693
   1     60         -3.58243           0.90428          -0.00400
   1     80         -3.76160           0.90476          -0.18316
   1    100         -4.43361           0.90826          -0.85517
   2      0         -3.57119           0.90655           0.00725
   3      0         -3.57844           0.90905           0.00000
   4      0         -3.57005           0.90721           0.00839
   5      0         -3.57763           0.90693           0.00081
   5     60         -3.60436           0.90691          -0.02592
   5     80         -3.82883           0.90782          -0.25040
   5    100         -4.44845           0.91092          -0.87001
 
 
 group  inft   Estimated free energy: total (kcal/mol)
   1      0      -5.1550      -4.9654      -5.2679      -4.8768      -5.0634
                 -4.9213      -5.3061      -4.9633      -5.1363      -5.0094
   1     60      -5.1760      -4.9865      -5.2886      -4.8979      -5.0842
                 -4.9423      -5.3269      -4.9843      -5.1571      -5.0303
   1     80      -5.3557      -5.1634      -5.4674      -5.0778      -5.2638
                 -5.1218      -5.5060      -5.1641      -5.3364      -5.2107
   1    100      -6.0341      -5.8237      -6.1459      -5.7487      -5.9385
                 -5.7951      -6.1826      -5.8388      -6.0146      -5.8877
   2      0      -5.1405      -4.9797      -5.2737      -4.8594      -5.0500
                 -4.9570      -5.2855      -4.9773      -5.1377      -5.0243
   3      0      -5.1363      -4.9651      -5.3004      -4.8616      -5.0671
                 -4.9748      -5.2973      -4.9882      -5.1604      -5.0363
   4      0      -5.1452      -4.9678      -5.3043      -4.8667      -5.0648
                 -4.9808      -5.2820      -4.9905      -5.1223      -5.0216
   5      0      -5.1409      -4.9967      -5.3143      -4.8706      -5.0803
                 -4.9897      -5.2687      -5.0078      -5.1577      -5.0495
   5     60      -5.1676      -5.0234      -5.3409      -4.8975      -5.1071
                 -5.0165      -5.2952      -5.0346      -5.1843      -5.0764
   5     80      -5.3939      -5.2446      -5.5664      -5.1230      -5.3326
                 -5.2422      -5.5208      -5.2605      -5.4101      -5.3030
   5    100      -6.0210      -5.8561      -6.1936      -5.7435      -5.9559
                 -5.8653      -6.1460      -5.8834      -6.0366      -5.9293
 
 group  inft   Estimated free energy: 1-th solvent contribution (kcal/mol)
   1      0      -0.6296      -0.9698      -1.2574      -0.8391      -1.0511
                 -0.5742      -1.5191      -0.8972      -0.6953      -0.4993
   1     60      -0.6298      -0.9699      -1.2576      -0.8393      -1.0512
                 -0.5743      -1.5193      -0.8973      -0.6955      -0.4995
   1     80      -0.6312      -0.9716      -1.2590      -0.8409      -1.0530
                 -0.5759      -1.5206      -0.8990      -0.6969      -0.5011
   1    100      -0.6378      -0.9790      -1.2654      -0.8478      -1.0600
                 -0.5827      -1.5273      -0.9061      -0.7036      -0.5079
   2      0      -0.5865      -0.9348      -1.2235      -0.7859      -0.9954
                 -0.5489      -1.4774      -0.8542      -0.6645      -0.4724
   3      0      -0.5537      -0.9223      -1.2110      -0.7648      -0.9847
                 -0.5343      -1.4684      -0.8414      -0.6565      -0.4571
   4      0      -0.5819      -0.9032      -1.2018      -0.7635      -0.9818
                 -0.5371      -1.4560      -0.8374      -0.6492      -0.4440
   5      0      -0.5553      -0.8957      -1.2013      -0.7616      -0.9746
                 -0.5271      -1.4422      -0.8274      -0.6525      -0.4444
   5     60      -0.5555      -0.8960      -1.2016      -0.7618      -0.9748
                 -0.5274      -1.4424      -0.8277      -0.6527      -0.4446
   5     80      -0.5576      -0.8984      -1.2038      -0.7642      -0.9772
                 -0.5297      -1.4446      -0.8300      -0.6549      -0.4469
   5    100      -0.5639      -0.9052      -1.2100      -0.7708      -0.9839
                 -0.5362      -1.4509      -0.8367      -0.6614      -0.4534
 
 group  inft   Estimated free energy: 2-th solvent contribution (kcal/mol)
   1      0      -0.1494      -4.0531       0.6134      -1.2975      -0.5333
                 -0.6795       0.7839      -0.7843       0.2290      -0.2446
   1     60      -0.1493      -4.0528       0.6135      -1.2973      -0.5331
                 -0.6794       0.7840      -0.7841       0.2292      -0.2444
   1     80      -0.1479      -4.0513       0.6150      -1.2959      -0.5318
                 -0.6780       0.7854      -0.7827       0.2307      -0.2431
   1    100      -0.1430      -4.0464       0.6194      -1.2905      -0.5288
                 -0.6734       0.7907      -0.7784       0.2355      -0.2388
   2      0      -0.1654      -4.1009       0.5879      -1.3267      -0.5672
                 -0.7240       0.7777      -0.8360       0.2035      -0.2763
   3      0      -0.1862      -4.1014       0.5562      -1.3438      -0.5902
                 -0.7514       0.7687      -0.8517       0.1864      -0.2932
   4      0      -0.1714      -4.1273       0.5374      -1.3530      -0.5980
                 -0.7585       0.7626      -0.8645       0.1942      -0.3090
   5      0      -0.1915      -4.1518       0.5309      -1.3586      -0.6127
                 -0.7812       0.7647      -0.8784       0.1799      -0.3168
   5     60      -0.1913      -4.1516       0.5311      -1.3583      -0.6124
                 -0.7810       0.7650      -0.8782       0.1802      -0.3166
   5     80      -0.1899      -4.1502       0.5325      -1.3569      -0.6112
                 -0.7796       0.7666      -0.8769       0.1817      -0.3153
   5    100      -0.1867      -4.1475       0.5351      -1.3536      -0.6099
                 -0.7772       0.7704      -0.8746       0.1849      -0.3126
 
 group  inft   Estimated free energy: 3-th solvent contribution (kcal/mol)
   1      0      -4.3757       0.0576      -4.6236      -2.7400      -3.4788
                 -3.6674      -4.5706      -3.2816      -4.6698      -4.2652
   1     60      -4.3966       0.0364      -4.6443      -2.7611      -3.4996
                 -3.6883      -4.5914      -3.3026      -4.6905      -4.2862
   1     80      -4.5764      -0.1402      -4.8232      -2.9408      -3.6788
                 -3.8676      -4.7706      -3.4822      -4.8699      -4.4662
   1    100      -5.2531      -0.7982      -5.4997      -3.6102      -4.3495
                 -4.5388      -5.4458      -4.1541      -5.5462      -5.1407
   2      0      -4.3884       0.0562      -4.6379      -2.7465      -3.4871
                 -3.6839      -4.5855      -3.2868      -4.6765      -4.2753
   3      0      -4.3962       0.0589      -4.6454      -2.7527      -3.4920
                 -3.6888      -4.5974      -3.2949      -4.6901      -4.2857
   4      0      -4.3917       0.0629      -4.6396      -2.7500      -3.4848
                 -3.6850      -4.5883      -3.2883      -4.6671      -4.2685
   5      0      -4.3938       0.0511      -4.6436      -2.7502      -3.4928
                 -3.6811      -4.5910      -3.3017      -4.6850      -4.2882
   5     60      -4.4206       0.0244      -4.6702      -2.7771      -3.5196
                 -3.7079      -4.6176      -3.3286      -4.7116      -4.3149
   5     80      -4.6462      -0.1958      -4.8949      -3.0017      -3.7439
                 -3.9327      -4.8425      -3.5534      -4.9366      -4.5405
   5    100      -5.2701      -0.8033      -5.5185      -3.6189      -4.3619
                 -4.5516      -5.4653      -4.1719      -5.5599      -5.1630
 
 
 cumulative average & 95% error for solvation free energy
              total             1st component         2nd component         3rd component
  1    -5.1363               -0.5537               -0.1862               -4.3962
  2    -5.0507     0.1713    -0.7380     0.3686    -2.1438     3.9152    -2.1686     4.4550
  3    -5.1339     0.1936    -0.8957     0.3804    -1.2438     2.8896    -2.9942     3.0565
  4    -5.0659     0.1931    -0.8630     0.2768    -1.2688     2.0438    -2.9339     2.1646
  5    -5.0661     0.1496    -0.8873     0.2199    -1.1331     1.6063    -3.0455     1.6915
  6    -5.0509     0.1259    -0.8285     0.2147    -1.0695     1.3177    -3.1527     1.3977
  7    -5.0861     0.1276    -0.9199     0.2576    -0.8069     1.2313    -3.3591     1.2513
  8    -5.0739     0.1131    -0.9101     0.2239    -0.8125     1.0664    -3.3511     1.0838
  9    -5.0835     0.1016    -0.8819     0.2054    -0.7015     0.9663    -3.4998     1.0010
 10    -5.0787     0.0914    -0.8394     0.2024    -0.6607     0.8681    -3.5784     0.9090
