 ERmod 0.3.8, Copyright (C) 2000-2019 Nobuyuki Matubayasi
                            2010-2019 Shun Sakuraba
 ERmod comes with ABSOLUTELY NO WARRANTY.
 This is free software, and you can redistribute it
 and/or modify it under certain conditions.
 See LICENSE file for details.
 ERmod 0.3.8, Copyright (C) 2000-2019 Nobuyuki Matubayasi
                            2010-2019 Shun Sakuraba
 ERmod comes with ABSOLUTELY NO WARRANTY.
 This is free software, and you can redistribute it
 and/or modify it under certain conditions.
 See LICENSE file for details.
 
  Number of the   1-th solvent  =          792
  Number of the   2-th solvent  =          792
  Number of the   3-th solvent  =        10000
 
  Be sure that the solvent distribution is homogeneous (radial distribution function is essentially unity) when the solvent molecule is separated beyond distance of   10.0 Angstrom in any direction from any atom within the solute molecule
 
  LJ long-range correction    =        -1.3175     -0.2494     -7.0203
 
  Self-energy of the solute   =        -0.0018  kcal/mol
 
 
 cumulative average & 95% error for solvation energy
              total             1st component         2nd component         3rd component
  1  -548.1043             -201.9022             -133.2480             -212.9523
  2  -544.3597     7.4891  -210.7758    17.7473  -102.6020    61.2921  -230.9801    36.0557
  3  -542.5965     5.5795  -211.6012    10.3785   -94.3324    39.0613  -236.6611    23.7157
  4  -542.2909     3.9924  -209.6197     8.3404   -96.7642    28.0454  -235.9052    16.8375
  5  -543.7154     4.2049  -206.9994     8.3187  -109.5499    33.5533  -227.1644    21.8108
  6  -544.9014     4.1730  -206.1775     6.9883  -117.5868    31.7635  -221.1354    21.5067
  7  -544.6088     3.5750  -206.3086     5.9120  -116.1040    27.0083  -222.1945    18.2994
  8  -544.9524     3.1714  -205.8946     5.1865  -117.5833    23.5763  -221.4728    15.9134
  9  -544.3846     3.0187  -205.9250     4.5744  -115.6393    21.1527  -222.8186    14.2901
 10  -544.4874     2.7078  -205.7851     4.1011  -116.7162    19.0417  -221.9843    12.8899
 11  -544.3419     2.4665  -206.1948     3.7989  -116.7480    17.2240  -221.3974    11.7183
 12  -544.1115     2.2983  -205.9541     3.5012  -115.1064    16.0624  -223.0492    11.1958
 13  -544.2446     2.1308  -205.7302     3.2516  -115.6123    14.8099  -222.9004    10.3029
 14  -544.1066     1.9920  -205.4714     3.0546  -115.8980    13.7232  -222.7355     9.5444
 15  -544.1744     1.8594  -205.5760     2.8513  -117.0515    12.9822  -221.5452     9.1987
 16  -544.0970     1.7461  -205.3601     2.7019  -115.8600    12.3753  -222.8751     9.0063
 17  -543.9701     1.6597  -205.0406     2.6172  -115.4727    11.6504  -223.4550     8.5391
 18  -544.1437     1.6029  -204.9345     2.4766  -116.5998    11.2130  -222.6075     8.2272
 19  -544.0196     1.5363  -205.4800     2.5842  -115.6132    10.7885  -222.9247     7.8080
 20  -543.8701     1.4878  -206.0102     2.6711  -114.2500    10.5917  -223.6081     7.5324
 21  -543.9005     1.4165  -206.4462     2.6862  -113.9616    10.0913  -223.4909     7.1686
 22  -543.8133     1.3618  -206.8020     2.6582  -113.3146     9.7083  -223.6949     6.8471
 23  -543.8463     1.3030  -206.6167     2.5669  -113.5625     9.2898  -223.6654     6.5429
 24  -543.9176     1.2556  -206.2630     2.5574  -114.2845     9.0108  -223.3683     6.2925
 25  -544.1879     1.3201  -205.5767     2.8109  -116.4400     9.6583  -222.1694     6.4943
 26  -544.3325     1.3009  -205.6640     2.7063  -117.4013     9.4765  -221.2654     6.4962
 27  -544.3324     1.2517  -205.7393     2.6085  -117.3378     9.1196  -221.2536     6.2510
 28  -544.4066     1.2153  -205.0785     2.8399  -118.5332     9.1073  -220.7931     6.0936
 29  -544.4272     1.1734  -205.1582     2.7448  -118.1496     8.8211  -221.1176     5.9155
 30  -544.4940     1.1414  -204.9019     2.7008  -118.0824     8.5230  -221.5080     5.7680
 31  -544.5960     1.1227  -204.9449     2.6137  -118.3576     8.2619  -221.2918     5.5955
 32  -544.6060     1.0872  -205.0363     2.5373  -118.0112     8.0295  -221.5567     5.4437
 33  -544.6415     1.0561  -205.1337     2.4669  -118.0086     7.7823  -221.4974     5.2775
 34  -544.4479     1.0953  -204.8544     2.4576  -117.0090     7.8102  -222.5827     5.5610
 35  -544.5181     1.0728  -204.7577     2.3941  -117.2968     7.6056  -222.4618     5.4052
 36  -544.3109     1.1219  -204.9293     2.3518  -115.9117     7.8933  -223.4681     5.6253
 37  -544.1994     1.1137  -204.9643     2.2885  -115.2249     7.7989  -224.0084     5.5768
 38  -544.1401     1.0905  -204.8355     2.2423  -115.3923     7.5983  -223.9106     5.4316
 39  -543.9314     1.1413  -204.8278     2.1841  -114.4348     7.6447  -224.6669     5.5025
 40  -543.7931     1.1463  -205.0167     2.1620  -113.5626     7.6526  -225.2120     5.4728
 41  -543.5734     1.2012  -205.0804     2.1125  -112.7980     7.6186  -225.6932     5.4238
 42  -543.4539     1.1964  -204.9308     2.0832  -112.4208     7.4732  -226.1005     5.3554
 43  -543.2778     1.2201  -204.5286     2.1874  -111.9648     7.3541  -226.7826     5.4044
 44  -543.1664     1.2127  -204.6521     2.1514  -111.1807     7.3542  -227.3319     5.3932
 45  -543.1393     1.1867  -204.6000     2.1056  -110.9349     7.2057  -227.6026     5.2997
 46  -543.1949     1.1659  -204.3370     2.1254  -111.0929     7.0544  -227.7632     5.1931
 47  -543.3059     1.1623  -204.2885     2.0820  -111.9742     7.1241  -227.0414     5.2825
 48  -543.3782     1.1469  -204.4283     2.0572  -112.4042     7.0270  -226.5439     5.2662
 49  -543.4506     1.1326  -204.5643     2.0331  -112.8704     6.9449  -226.0141     5.2653
 50  -543.6218     1.1613  -204.4907     1.9974  -113.6813     6.9952  -225.4479     5.2817
 
 
 group  inft  solvation free energy     error          difference
  total solvation free energy
   1      0        -93.85694           1.40147           0.00867
   1     60        -94.23433           1.40144          -0.36872
   1     80        -97.34996           1.40168          -3.48435
   1    100       -107.06236           1.40536         -13.19675
   2      0        -94.26111           1.41112          -0.39550
   3      0        -93.86561           1.40914           0.00000
   4      0        -94.31899           1.40915          -0.45338
   5      0        -93.64463           1.40247           0.22098
   5     60        -94.15625           1.40245          -0.29064
   5     80        -97.92259           1.40291          -4.05698
   5    100       -106.85177           1.40614         -12.98616
 
  contribution from  1-th solvent component
   1      0       -167.55754           1.54338          -0.45383
   1     60       -167.59190           1.54337          -0.48819
   1     80       -167.86698           1.54338          -0.76328
   1    100       -168.73121           1.54432          -1.62750
   2      0       -167.41450           1.56941          -0.31079
   3      0       -167.10371           1.57653           0.00000
   4      0       -167.93946           1.57691          -0.83575
   5      0       -167.27120           1.57883          -0.16750
   5     60       -167.31721           1.57881          -0.21350
   5     80       -167.65486           1.57885          -0.55115
   5    100       -168.45537           1.57977          -1.35167
 
  contribution from  2-th solvent component
   1      0         23.03375           3.38383           0.47773
   1     60         23.05123           3.38386           0.49521
   1     80         23.11331           3.38427           0.55729
   1    100         23.25440           3.38654           0.69838
   2      0         22.46770           3.36814          -0.08831
   3      0         22.55602           3.36486           0.00000
   4      0         22.95764           3.36271           0.40162
   5      0         22.99911           3.36290           0.44309
   5     60         23.02092           3.36295           0.46490
   5     80         23.11590           3.36347           0.55988
   5    100         23.24927           3.36532           0.69325
 
  contribution from  3-th solvent component
   1      0         50.66862           2.34695          -0.01523
   1     60         50.30811           2.34749          -0.37574
   1     80         47.40549           2.35109          -3.27836
   1    100         38.41623           2.36018         -12.26762
   2      0         50.68746           2.34645           0.00361
   3      0         50.68385           2.34638           0.00000
   4      0         50.66461           2.34701          -0.01924
   5      0         50.62924           2.34762          -0.05461
   5     60         50.14181           2.34835          -0.54204
   5     80         46.61814           2.35262          -4.06571
   5    100         38.35610           2.36104         -12.32775
 
 
 group  inft   Estimated free energy: total (kcal/mol)
   1      0     -98.4409     -92.3753     -93.5865     -87.8600     -97.5275
                -88.6328    -101.7078     -96.7658     -92.0519    -101.1680
                -82.8623     -88.5997     -98.4304     -90.4423     -97.5467
                -92.4845     -95.3108     -99.6233     -93.1867     -98.9007
                -98.5801     -94.4525     -93.4665     -92.5016     -98.7851
                -95.9987     -93.9416     -94.2798     -94.1711     -88.3024
                -96.9238     -93.9761    -103.7355     -88.8640     -98.4540
                -94.7470     -91.9418     -96.5103     -82.4370     -90.7055
                -93.4650     -86.8844     -78.8742     -94.1287     -89.9455
                -98.2612     -93.5912     -97.7606     -96.1633     -93.4946
   1     60     -98.8183     -92.7552     -93.9661     -88.2369     -97.9016
                -89.0031    -102.0858     -97.1423     -92.4263    -101.5453
                -83.2356     -88.9788     -98.8072     -90.8176     -97.9234
                -92.8625     -95.6902     -99.9994     -93.5647     -99.2793
                -98.9579     -94.8295     -93.8442     -92.8773     -99.1601
                -96.3737     -94.3187     -94.6556     -94.5491     -88.6786
                -97.2990     -94.3551    -104.1137     -89.2439     -98.8325
                -95.1296     -92.3231     -96.8874     -82.8170     -91.0863
                -93.8466     -87.2625     -79.2530     -94.5100     -90.3264
                -98.6400     -93.9633     -98.1362     -96.5390     -93.8675
   1     80    -101.9349     -95.8904     -97.0993     -91.3537    -100.9939
                -92.0680    -105.2099    -100.2555     -95.5245    -104.6609
                -86.3218     -92.1074    -101.9220     -93.9140    -101.0374
                -95.9827     -98.8235    -103.1099     -96.6822    -102.4071
               -102.0760     -97.9422     -96.9642     -95.9813    -102.2595
                -99.4770     -97.4352     -97.7623     -97.6701     -91.7834
               -100.4034     -97.4828    -107.2350     -92.3761    -101.9578
                -98.2790     -95.4639     -99.9969     -85.9437     -94.2171
                -96.9875     -90.3759     -82.3762     -97.6462     -93.4593
               -101.7688     -97.0402    -101.2435     -99.6445     -96.9499
   1    100    -111.6641    -105.6558    -106.8663    -101.0758    -110.6526
               -101.6276    -114.9541    -109.9792    -105.1946    -114.3898
                -95.9378    -101.8685    -111.6464    -103.5518    -110.7611
               -105.7202    -108.5899    -112.8137    -106.3971    -112.1720
               -111.8067    -107.6544    -106.6950    -105.6557    -111.9369
               -109.1572    -107.1709    -107.4583    -107.4080    -101.4626
               -110.0764    -107.2211    -116.9788    -102.1162    -111.7157
               -108.0862    -105.2416    -109.6798     -95.6419    -103.9589
               -106.7529    -100.0313     -92.0951    -107.3934    -103.2046
               -111.5331    -106.6454    -110.9498    -109.3186    -106.5532
   2      0     -98.8302     -92.7986     -93.9120     -88.2189     -97.7820
                -88.8579    -101.9665     -97.0674     -92.7565    -101.6767
                -83.1738     -89.1600     -98.6111     -91.0560     -97.9932
                -93.1105     -95.7184    -100.3215     -93.5379     -99.5779
                -98.8931     -94.7403     -93.8246     -92.8070     -99.0357
                -96.4902     -94.2788     -94.3405     -94.5310     -88.7692
                -97.5145     -94.4901    -104.2700     -89.6224     -98.7982
                -95.3578     -92.0598     -96.7614     -83.0750     -91.1415
                -93.8627     -87.2183     -78.6993     -94.7376     -90.0359
                -98.8830     -94.0494     -98.1294     -96.3569     -94.1550
   3      0     -98.3385     -92.1929     -93.4784     -87.8176     -97.4315
                -88.4319    -101.5849     -96.5625     -92.6520    -100.9882
                -82.8152     -88.7316     -97.9633     -90.5659     -97.7223
                -92.9342     -95.3754     -99.9064     -93.2168     -99.2240
                -98.4547     -94.0372     -93.2965     -92.3688     -98.5868
                -96.0993     -94.0228     -93.8071     -94.1935     -88.3238
                -97.0371     -94.0492    -103.9172     -89.4400     -98.4413
                -95.0195     -91.4578     -96.1404     -82.9951     -90.8644
                -93.5612     -87.0371     -77.9916     -94.3884     -89.4550
                -98.5729     -93.6956     -97.9472     -96.1888     -93.9565
   4      0     -98.8239     -92.6632     -93.9657     -88.3240     -97.7865
                -88.8579    -102.0240     -97.1345     -93.0774    -101.5304
                -83.1964     -88.9141     -98.6803     -91.2468     -98.1905
                -93.1905     -95.8648    -100.2406     -93.6204     -99.7938
                -98.9529     -94.6072     -94.0313     -92.7580     -98.8601
                -96.6227     -94.3296     -94.2421     -94.4657     -88.9955
                -97.7271     -94.4686    -104.2433     -89.8808     -98.8273
                -95.4967     -91.9279     -96.7871     -83.3062     -91.1795
                -93.9947     -87.3982     -78.6452     -94.8104     -89.8069
                -99.0281     -94.3881     -98.1329     -96.5648     -94.3447
   5      0     -98.0116     -91.8586     -93.1679     -87.5681     -97.2568
                -88.3188    -101.5366     -96.3121     -92.7387    -100.7606
                -82.6116     -88.4933     -97.6356     -90.3239     -97.4690
                -92.6913     -95.2369     -99.5366     -92.8779     -99.0305
                -97.8790     -93.7381     -93.0325     -92.2190     -98.2844
                -95.7935     -93.7163     -93.4289     -93.9314     -88.0064
                -97.0868     -93.6712    -103.5565     -89.3307     -98.1850
                -94.9412     -91.1464     -95.9602     -83.0328     -90.6600
                -93.3645     -86.7867     -77.7515     -94.1407     -89.3905
                -98.4516     -93.8037     -97.6558     -96.0154     -93.8343
   5     60     -98.5236     -92.3735     -93.6831     -88.0789     -97.7635
                -88.8206    -102.0499     -96.8224     -93.2468    -101.2722
                -83.1188     -89.0074     -98.1468     -90.8320     -97.9803
                -93.2036     -95.7508    -100.0471     -93.3906     -99.5443
                -98.3910     -94.2490     -93.5444     -92.7274     -98.7928
                -96.3026     -94.2276     -93.9392     -94.4434     -88.5168
                -97.5963     -94.1847    -104.0691     -89.8460     -98.6988
                -95.4599     -91.6636     -96.4715     -83.5470     -91.1758
                -93.8814     -87.2982     -78.2655     -94.6561     -89.9061
                -98.9650     -94.3086     -98.1652     -96.5242     -94.3391
   5     80    -102.2953     -96.1635     -97.4734     -91.8474    -101.5001
                -92.5234    -105.8274    -100.5848     -96.9945    -105.0407
                -86.8539     -92.7932    -101.9137     -94.5717    -101.7488
                -96.9773     -99.5362    -103.8084     -97.1594    -103.3293
               -102.1618     -98.0110     -97.3146     -96.4758    -102.5415
               -100.0564     -97.9981     -97.6974     -98.2141     -92.2721
               -101.3486     -97.9625    -107.8428     -93.6334    -102.4800
                -99.2690     -95.4592    -100.2283     -87.3200     -94.9613
                -97.6757     -91.0534     -82.0418     -98.4398     -93.6914
               -102.7465     -98.0307    -101.9232    -100.2738     -98.0632
   5    100    -111.2448    -105.1410    -106.4545    -100.7896    -110.3773
               -101.3124    -114.7859    -109.5173    -105.8922    -113.9865
                -95.7023    -101.7740    -110.8535    -103.4296    -110.6893
               -105.9316    -108.5148    -112.7340    -106.0866    -112.3118
               -111.1086    -106.9361    -106.2613    -105.3675    -111.4369
               -108.9585    -106.9495    -106.6077    -107.1608    -101.1716
               -110.2454    -106.9129    -116.8012    -102.5933    -111.4509
               -108.2904    -104.4423    -109.1285     -96.2356    -103.9176
               -106.6494     -99.9288     -90.9748    -107.3949    -102.6467
               -111.7199    -106.8660    -110.8454    -109.1650    -106.8925
 
 group  inft   Estimated free energy: 1-th solvent contribution (kcal/mol)
   1      0    -165.1126    -173.2096    -173.8963    -161.1645    -162.8297
               -162.9099    -174.8792    -167.1342    -170.3197    -170.9533
               -164.9101    -162.3084    -167.8961    -168.8394    -169.2962
               -168.3774    -166.1067    -168.2935    -175.9652    -179.1553
               -173.7967    -173.1512    -163.3615    -161.6479    -159.5988
               -168.0630    -166.5146    -155.8114    -167.3326    -162.9038
               -169.3617    -169.1380    -173.4429    -162.0092    -166.9024
               -174.6914    -166.6331    -167.3231    -166.6455    -172.6535
               -171.9970    -165.1246    -148.9283    -174.6894    -163.2523
               -164.6994    -166.1753    -171.5194    -170.5256    -166.4260
   1     60    -165.1470    -173.2446    -173.9309    -161.1988    -162.8638
               -162.9438    -174.9134    -167.1685    -170.3540    -170.9875
               -164.9442    -162.3428    -167.9303    -168.8735    -169.3304
               -168.4120    -166.1410    -168.3278    -175.9997    -179.1893
               -173.8311    -173.1857    -163.3958    -161.6821    -159.6330
               -168.0970    -166.5490    -155.8458    -167.3670    -162.9383
               -169.3956    -169.1725    -173.4770    -162.0438    -166.9369
               -174.7255    -166.6679    -167.3573    -166.6803    -172.6880
               -172.0315    -165.1593    -148.9631    -174.7240    -163.2871
               -164.7341    -166.2090    -171.5534    -170.5600    -166.4605
   1     80    -165.4216    -173.5229    -174.2084    -161.4736    -163.1369
               -163.2154    -175.1876    -167.4438    -170.6293    -171.2609
               -165.2179    -162.6172    -168.2043    -169.1473    -169.6053
               -168.6889    -166.4169    -168.6027    -176.2768    -179.4627
               -174.1058    -173.4614    -163.6699    -161.9561    -159.9072
               -168.3695    -166.8246    -156.1211    -167.6412    -163.2131
               -169.6675    -169.4488    -173.7509    -162.3210    -167.2131
               -174.9984    -166.9461    -167.6299    -166.9587    -172.9638
               -172.3085    -165.4358    -149.2391    -174.9998    -163.5641
               -165.0127    -166.4792    -171.8268    -170.8369    -166.7377
   1    100    -166.2822    -174.3960    -175.0837    -162.3343    -163.9929
               -164.0668    -176.0584    -168.3087    -171.4973    -172.1227
               -166.0774    -163.4738    -169.0647    -170.0112    -170.4705
               -169.5586    -167.2811    -169.4674    -177.1515    -180.3298
               -174.9708    -174.3316    -164.5265    -162.8140    -160.7643
               -169.2261    -167.6882    -156.9805    -168.5017    -164.0752
               -170.5214    -170.3165    -174.6151    -163.1889    -168.0793
               -175.8600    -167.8166    -168.4877    -167.8342    -173.8308
               -173.1831    -166.3020    -150.0941    -175.8707    -164.4308
               -165.8869    -167.3297    -172.6884    -171.7071    -167.6095
   2      0    -164.9532    -173.1143    -173.7388    -160.6178    -162.7665
               -162.6655    -174.8549    -167.0838    -170.3432    -170.9449
               -164.3775    -162.0877    -167.7590    -168.8340    -169.1876
               -168.3043    -165.9915    -168.2283    -175.8179    -179.2342
               -173.6651    -172.9935    -163.1594    -161.3189    -159.5381
               -168.0123    -166.3793    -155.5537    -167.0888    -162.7820
               -169.3649    -168.9947    -173.4337    -161.9008    -166.7960
               -174.7195    -166.5023    -167.2528    -166.4082    -172.5618
               -171.8671    -164.8800    -148.3005    -174.6535    -162.8993
               -164.6831    -165.8889    -171.4346    -170.4027    -166.3847
   3      0    -164.6282    -172.7589    -173.3993    -160.2394    -162.3997
               -162.2458    -174.6226    -166.8047    -170.0470    -170.6372
               -163.9400    -161.6452    -167.4097    -168.5254    -168.9575
               -168.0467    -165.6781    -167.9340    -175.5388    -179.0006
               -173.3351    -172.6255    -162.8424    -160.9896    -159.2132
               -167.7620    -166.0527    -155.1986    -166.7747    -162.4852
               -168.9733    -168.6112    -173.1681    -161.6013    -166.4872
               -174.4861    -166.1737    -166.9326    -166.1781    -172.3059
               -171.6416    -164.5969    -147.9339    -174.3509    -162.5811
               -164.4220    -165.5397    -171.1478    -170.2097    -166.1065
   4      0    -165.5167    -173.8213    -174.2722    -161.0124    -163.2342
               -163.0721    -175.4343    -167.6358    -170.9200    -171.6112
               -164.6785    -162.4860    -168.2744    -169.4350    -169.7868
               -168.7835    -166.5577    -168.8591    -176.3409    -179.8238
               -174.2063    -173.4154    -163.7840    -161.7231    -160.0374
               -168.6767    -166.7746    -156.0312    -167.5715    -163.4117
               -169.9114    -169.5764    -173.9529    -162.4434    -167.2497
               -175.2556    -167.0023    -167.9675    -166.7206    -172.9824
               -172.4037    -165.4726    -148.8139    -175.2892    -163.3182
               -165.2574    -166.4091    -171.8965    -170.8806    -166.9818
   5      0    -164.8885    -173.1036    -173.5294    -160.2583    -162.5684
               -162.4624    -174.8655    -166.9143    -170.4585    -170.8636
               -163.9780    -161.8814    -167.5598    -168.6250    -169.1655
               -168.2336    -165.9173    -168.0802    -175.6749    -179.1129
               -173.3334    -172.7339    -162.9240    -161.1417    -159.3400
               -167.8877    -166.2266    -155.3293    -166.9221    -162.4586
               -169.3088    -168.7764    -173.2598    -161.8636    -166.5998
               -174.6856    -166.3147    -167.1522    -166.3277    -172.3845
               -171.7956    -164.8080    -148.0557    -174.5595    -162.8012
               -164.6220    -165.7679    -171.3768    -170.2661    -166.3961
   5     60    -164.9346    -173.1503    -173.5757    -160.3045    -162.6140
               -162.5077    -174.9111    -166.9602    -170.5045    -170.9095
               -164.0239    -161.9277    -167.6056    -168.6708    -169.2113
               -168.2799    -165.9633    -168.1262    -175.7209    -179.1586
               -173.3794    -172.7798    -162.9701    -161.1875    -159.3860
               -167.9333    -166.2726    -155.3754    -166.9680    -162.5046
               -169.3544    -168.8226    -173.3055    -161.9101    -166.6460
               -174.7314    -166.3614    -167.1980    -166.3741    -172.4307
               -171.8418    -164.8542    -148.1023    -174.6054    -162.8476
               -164.6683    -165.8131    -171.4224    -170.3122    -166.4422
   5     80    -165.2725    -173.4918    -173.9155    -160.6428    -162.9487
               -162.8412    -175.2477    -167.2978    -170.8425    -171.2461
               -164.3603    -162.2661    -167.9416    -169.0080    -169.5488
               -168.6198    -166.3016    -168.4641    -176.0588    -179.4960
               -173.7177    -173.1169    -163.3075    -161.5238    -159.7233
               -168.2689    -166.6106    -155.7127    -167.3038    -162.8415
               -169.6895    -169.1612    -173.6415    -162.2504    -166.9852
               -175.0681    -166.7024    -167.5337    -166.7148    -172.7693
               -172.1816    -165.1924    -148.4400    -174.9423    -163.1862
               -165.0084    -166.1459    -171.7581    -170.6517    -166.7816
   5    100    -166.0719    -174.3007    -174.7242    -161.4427    -163.7408
               -163.6298    -176.0543    -168.0982    -171.6470    -172.0472
               -165.1574    -163.0637    -168.7378    -169.8109    -170.3498
               -169.4255    -167.1016    -169.2667    -176.8632    -180.3037
               -174.5220    -173.9186    -164.1037    -162.3185    -160.5191
               -169.0653    -167.4095    -156.5073    -168.0990    -163.6390
               -170.4843    -169.9640    -174.4416    -163.0544    -167.7878
               -175.8710    -167.5078    -168.3311    -167.5223    -173.5725
               -172.9913    -165.9919    -149.2294    -175.7449    -163.9858
               -165.8133    -166.9365    -172.5562    -171.4570    -167.5867
 
 group  inft   Estimated free energy: 2-th solvent contribution (kcal/mol)
   1      0      11.3249      40.0374      39.3217      26.8184      -0.1136
                  9.0147      23.7904      15.5749      30.9088      14.1573
                 26.6798      30.1272      16.9506      25.3064      11.5712
                 33.2645      23.5647      10.4381      32.7789      34.4711
                 22.4849      28.8745      18.5424      14.5638      -4.0836
                  9.5874      19.9931       2.8944      24.7479      27.5954
                 17.0775      26.2314      16.7760      36.9181      14.6478
                 44.8722      31.9554      17.9995      45.9846      40.2211
                 36.4483      34.5876      33.1665      41.4603      29.0134
                 20.0142       7.7562      12.8461      12.6157       9.9082
   1     60      11.3419      40.0546      39.3390      26.8360      -0.0962
                  9.0349      23.8076      15.5928      30.9279      14.1736
                 26.6988      30.1447      16.9686      25.3255      11.5875
                 33.2823      23.5805      10.4556      32.7971      34.4883
                 22.5018      28.8930      18.5591      14.5817      -4.0666
                  9.6039      20.0101       2.9115      24.7656      27.6143
                 17.0952      26.2482      16.7928      36.9348      14.6646
                 44.8890      31.9721      18.0168      46.0028      40.2385
                 36.4655      34.6058      33.1850      41.4778      29.0300
                 20.0312       7.7743      12.8622      12.6324       9.9268
   1     80      11.3984      40.1122      39.3998      26.8995      -0.0354
                  9.1176      23.8646      15.6544      31.0017      14.2259
                 26.7757      30.2051      17.0307      25.4029      11.6411
                 33.3481      23.6317      10.5167      32.8645      34.5476
                 22.5577      28.9593      18.6157      14.6452      -4.0086
                  9.6585      20.0675       2.9680      24.8277      27.6886
                 17.1589      26.3053      16.8468      36.9958      14.7202
                 44.9473      32.0282      18.0770      46.0768      40.3018
                 36.5245      34.6778      33.2540      41.5428      29.0866
                 20.0910       7.8428      12.9144      12.6904      10.0005
   1    100      11.5106      40.2374      39.5293      27.0458       0.0946
                  9.3352      23.9825      15.7845      31.1789      14.3273
                 26.9760      30.3313      17.1592      25.6098      11.7438
                 33.5040      23.7367      10.6491      33.0186      34.6676
                 22.6699      29.1066      18.7368      14.7904      -3.8883
                  9.7778      20.1796       3.0807      24.9588      27.8778
                 17.3097      26.4357      16.9473      37.1547      14.8294
                 45.0725      32.1445      18.2153      46.2881      40.4456
                 36.6583      34.8765      33.4166      41.7075      29.2181
                 20.2267       8.0058      13.0178      12.8264      10.2110
   2      0      10.7773      39.4760      38.8308      25.8799      -0.4447
                  8.5137      23.4715      15.1942      30.2322      13.6255
                 25.8364      29.3349      16.6206      24.6705      10.9962
                 32.5059      22.9981       9.6795      32.2673      33.8510
                 22.0070      28.4201      17.9590      13.9135      -4.4123
                  9.0099      19.4883       2.5632      24.1322      27.0211
                 16.4755      25.5483      16.2248      36.0073      14.1674
                 44.2786      31.6783      17.6811      45.0843      39.6800
                 35.9116      33.9926      32.7043      40.7910      28.5646
                 19.3403       6.9987      12.3575      12.2948       9.1853
   3      0      10.9454      39.7475      38.9160      25.9096      -0.4341
                  8.5197      23.6187      15.4218      30.0388      14.0263
                 25.7555      29.3366      16.9107      24.8703      11.0428
                 32.4398      23.0380       9.8004      32.3195      33.9688
                 22.1184      28.7463      18.1765      14.0282      -4.2874
                  9.1724      19.4311       2.7222      24.1419      27.1673
                 16.5587      25.5905      16.3192      35.8999      14.2253
                 44.3880      31.9498      17.9848      44.9403      39.6973
                 35.9924      33.9028      33.0333      40.8571      28.8206
                 19.3945       6.9958      12.2631      12.2649       9.1139
   4      0      11.4058      40.3959      39.3045      26.1799       0.0536
                  8.9275      24.0233      15.6924      30.5026      14.4781
                 26.1512      29.9996      17.1022      25.1352      11.4317
                 32.9198      23.4440      10.4136      32.7228      34.2426
                 22.5136      28.9885      18.4007      14.4145      -3.7224
                  9.5487      19.8718       3.1581      24.6666      27.4424
                 16.8490      26.2065      16.7749      36.3099      14.5916
                 44.7043      32.3332      18.3895      45.2058      40.0768
                 36.3646      34.4360      33.2512      41.4067      29.2065
                 19.7974       7.1956      12.8341      12.5661       9.5736
   5      0      11.5947      40.4964      39.4042      26.2381      -0.0574
                  8.9168      23.9629      15.8052      30.4245      14.5409
                 26.0548      29.8596      17.4408      25.2570      11.5281
                 32.9183      23.4770      10.3563      32.8525      34.2951
                 22.7474      29.2249      18.5815      14.3799      -3.7793
                  9.6214      19.9728       3.3135      24.6136      27.5081
                 16.8859      26.2198      16.8165      36.3121      14.6167
                 44.7312      32.4882      18.4374      45.1037      40.0660
                 36.4128      34.4230      33.4360      41.3865      29.1754
                 19.7852       7.1738      12.8316      12.5617       9.5423
   5     60      11.6153      40.5179      39.4255      26.2606      -0.0355
                  8.9423      23.9837      15.8275      30.4483      14.5613
                 26.0780      29.8814      17.4629      25.2812      11.5479
                 32.9404      23.4972      10.3780      32.8747      34.3163
                 22.7685      29.2479      18.6029      14.4026      -3.7583
                  9.6418      19.9937       3.3341      24.6360      27.5315
                 16.9081      26.2410      16.8374      36.3332      14.6369
                 44.7520      32.5088      18.4592      45.1274      40.0875
                 36.4344      34.4468      33.4588      41.4090      29.1965
                 19.8065       7.1961      12.8516      12.5831       9.5660
   5     80      11.7001      40.6080      39.5157      26.3586       0.0594
                  9.0654      24.0705      15.9229      30.5562      14.6445
                 26.1888      29.9734      17.5569      25.3981      11.6287
                 33.0390      23.5800      10.4712      32.9737      34.4048
                 22.8559      29.3486      18.6925      14.5024      -3.6685
                  9.7272      20.0796       3.4200      24.7311      27.6408
                 17.0059      26.3313      16.9217      36.4265      14.7205
                 44.8401      32.5954      18.5548      45.2415      40.1824
                 36.5266      34.5593      33.5617      41.5115      29.2865
                 19.8982       7.2973      12.9337      12.6755       9.6788
   5    100      11.8054      40.7285      39.6360      26.4941       0.1849
                  9.2706      24.1830      16.0504      30.7180      14.7437
                 26.3699      30.0912      17.6794      25.5934      11.7235
                 33.1844      23.6809      10.5951      33.1177      34.5157
                 22.9653      29.4891      18.8093      14.6423      -3.5512
                  9.8407      20.1841       3.5292      24.8562      27.8179
                 17.1475      26.4556      17.0176      36.5713      14.8235
                 44.9582      32.7104      18.6915      45.4354      40.3180
                 36.6562      34.7471      33.7163      41.6683      29.4141
                 20.0258       7.4463      13.0320      12.8064       9.8734
 
 group  inft   Estimated free energy: 3-th solvent contribution (kcal/mol)
   1      0      55.3486      40.7987      40.9899      46.4878      65.4175
                 65.2641      49.3828      54.7953      47.3609      55.6298
                 55.3697      43.5833      52.5169      53.0924      60.1801
                 42.6302      47.2329      58.2339      50.0014      45.7853
                 52.7335      49.8259      51.3544      54.5843      64.8990
                 62.4787      52.5817      58.6390      48.4153      47.0078
                 55.3622      48.9322      52.9332      36.2289      53.8024
                 35.0741      42.7376      52.8152      38.2257      41.7287
                 42.0854      43.6544      36.8893      39.1022      44.2952
                 46.4258      64.8297      60.9145      61.7484      63.0250
   1     60      54.9886      40.4365      40.6276      46.1277      65.0602
                 64.9076      49.0217      54.4352      47.0016      55.2704
                 55.0116      43.2211      52.1563      52.7322      59.8212
                 42.2689      46.8720      57.8745      49.6397      45.4234
                 52.3732      49.4649      50.9942      54.2249      64.5413
                 62.1212      52.2220      58.2805      48.0540      46.6471
                 55.0032      48.5709      52.5723      35.8669      53.4415
                 34.7087      42.3745      52.4548      37.8622      41.3649
                 41.7212      43.2927      36.5269      38.7379      43.9324
                 46.0646      64.4731      60.5568      61.3904      62.6681
   1     80      52.0902      37.5221      37.7111      43.2221      62.1801
                 62.0316      46.1149      51.5356      44.1049      52.3759
                 52.1221      40.3065      49.2534      49.8322      56.9285
                 39.3599      43.9634      54.9778      46.7318      42.5098
                 49.4739      46.5617      48.0919      51.3314      61.6580
                 59.2358      49.3236      55.3926      45.1452      43.7429
                 52.1069      45.6624      49.6709      32.9509      50.5370
                 31.7738      39.4558      49.5578      34.9399      38.4467
                 38.7982      40.3839      33.6107      35.8126      41.0199
                 43.1546      61.5980      57.6707      58.5038      59.7890
   1    100      43.1092      28.5046      28.6898      34.2145      53.2474
                 53.1057      37.1235      42.5468      35.1256      43.4074
                 43.1654      31.2758      40.2609      40.8515      47.9674
                 30.3361      34.9562      46.0063      37.7376      33.4919
                 40.4959      37.5723      39.0964      42.3697      52.7174
                 50.2929      40.3395      46.4434      36.1367      34.7366
                 43.1371      36.6615      40.6907      23.9198      41.5360
                 22.7031      30.4322      40.5945      25.9060      29.4280
                 29.7737      31.3960      24.5842      26.7715      32.0099
                 34.1288      52.6803      48.7226      49.5639      50.8471
   2      0      55.3476      40.8414      40.9978      46.5208      65.4310
                 65.2957      49.4186      54.8240      47.3563      55.6444
                 55.3690      43.5945      52.5290      53.1094      60.1999
                 42.6896      47.2767      58.2291      50.0145      45.8070
                 52.7669      49.8349      51.3776      54.6001      64.9164
                 62.5139      52.6140      58.6518      48.4274      46.9934
                 55.3766      48.9581      52.9407      36.2729      53.8322
                 35.0849      42.7660      52.8121      38.2507      41.7421
                 42.0947      43.6708      36.8986      39.1266      44.3006
                 46.4616      64.8426      60.9495      61.7528      63.0461
   3      0      55.3461      40.8204      41.0067      46.5139      65.4040
                 65.2960      49.4207      54.8221      47.3580      55.6245
                 55.3710      43.5787      52.5375      53.0910      60.1942
                 42.6745      47.2665      58.2290      50.0043      45.8096
                 52.7638      49.8438      51.3712      54.5943      64.9155
                 62.4921      52.6005      58.6711      48.4410      46.9959
                 55.3793      48.9732      52.9335      36.2632      53.8224
                 35.0804      42.7678      52.8091      38.2445      41.7460
                 42.0897      43.6588      36.9107      39.1072      44.3072
                 46.4564      64.8502      60.9393      61.7577      63.0379
   4      0      55.2887      40.7640      41.0038      46.5102      65.3959
                 65.2885      49.3888      54.8108      47.3418      55.6045
                 55.3327      43.5741      52.4936      53.0548      60.1664
                 42.6750      47.2506      58.2067      49.9995      45.7891
                 52.7415      49.8215      51.3537      54.5523      64.9014
                 62.5071      52.5750      58.6328      48.4410      46.9757
                 55.3370      48.9031      52.9365      36.2545      53.8325
                 35.0563      42.7429      52.7926      38.2103      41.7279
                 42.0461      43.6402      36.9193      39.0738      44.3065
                 46.4337      64.8272      60.9313      61.7514      63.0653
   5      0      55.2840      40.7503      40.9591      46.4538      65.3707
                 65.2285      49.3677      54.7988      47.2971      55.5638
                 55.3135      43.5303      52.4852      53.0459      60.1702
                 42.6258      47.2051      58.1891      49.9463      45.7891
                 52.7088      49.7727      51.3118      54.5446      64.8367
                 62.4745      52.5392      58.5886      48.3788      46.9458
                 55.3379      48.8872      52.8886      36.2225      53.7999
                 35.0149      42.6819      52.7563      38.1930      41.6603
                 42.0200      43.6001      36.8700      39.0341      44.2370
                 46.3869      64.7922      60.8911      61.6907      63.0213
   5     60      54.7975      40.2607      40.4689      45.9668      64.8878
                 64.7466      48.8793      54.3121      46.8111      55.0778
                 54.8289      43.0407      51.9977      52.5594      59.6849
                 42.1376      46.7171      57.7029      49.4574      45.2997
                 52.2217      49.2847      50.8246      54.0592      64.3532
                 61.9906      52.0531      58.1038      47.8903      46.4581
                 54.8519      48.3986      52.4007      35.7326      53.3120
                 34.5212      42.1908      52.2691      37.7015      41.1691
                 41.5278      43.1110      36.3798      38.5420      43.7467
                 45.8986      64.3102      60.4072      61.2068      62.5389
   5     80      51.2789      36.7221      36.9283      42.4386      61.3910
                 61.2541      45.3516      50.7919      43.2936      51.5627
                 51.3194      39.5013      48.4728      49.0400      56.1731
                 38.6052      43.1872      54.1863      45.9275      41.7637
                 48.7018      45.7590      47.3022      50.5474      60.8521
                 58.4871      48.5348      54.5970      44.3603      42.9305
                 51.3367      44.8692      48.8788      32.1922      49.7864
                 30.9607      38.6496      48.7523      34.1551      37.6274
                 37.9811      39.5814      32.8383      34.9927      40.2101
                 42.3654      60.8197      56.9030      57.7042      59.0413
   5    100      43.0235      28.4330      28.6354      34.1607      53.1803
                 53.0486      37.0872      42.5323      35.0386      43.3188
                 43.0869      31.2003      40.2066      40.7897      47.9388
                 30.3112      34.9078      45.9394      37.6606      33.4779
                 40.4499      37.4952      39.0348      42.3105      52.6351
                 50.2679      40.2776      46.3722      36.0837      34.6512
                 43.0932      36.5973      40.6246      23.8916      41.5151
                 22.6241      30.3569      40.5128      25.8531      29.3386
                 29.6875      31.3178      24.5401      26.6835      31.9267
                 34.0694      52.6260      48.6807      49.4875      50.8225
 
 
 cumulative average & 95% error for solvation free energy
              total             1st component         2nd component         3rd component
  1   -98.3385             -164.6282               10.9454               55.3461
  2   -95.2657     6.1457  -168.6936     8.1307    25.3464    28.8021    48.0832    14.5257
  3   -94.6699     3.7429  -170.2621     5.6460    29.8696    18.9303    45.7244     9.6223
  4   -92.9568     4.3294  -167.7565     6.4073    28.8796    13.5314    45.9218     6.8154
  5   -93.8518     3.8013  -166.6851     5.4058    23.0169    15.7272    49.8182     9.4127
  6   -92.9485     3.5912  -165.9452     4.6553    20.6007    13.7204    52.3978     9.2566
  7   -94.1822     3.9117  -167.1848     4.6504    21.0318    11.6279    51.9725     7.8693
  8   -94.4798     3.4395  -167.1373     4.0285    20.3306    10.1672    52.3287     6.8522
  9   -94.2767     3.0604  -167.4606     3.6112    21.4093     9.2225    51.7764     6.1432
 10   -94.9478     3.0487  -167.7783     3.2918    20.6710     8.3800    52.1612     5.5483
 11   -93.8449     3.5314  -167.4293     3.0582    21.1332     7.6362    52.4530     5.0524
 12   -93.4188     3.3345  -166.9473     2.9535    21.8168     7.1036    51.7135     4.8436
 13   -93.7684     3.1459  -166.9829     2.7178    21.4394     6.5779    51.7769     4.4572
 14   -93.5396     2.9483  -167.0931     2.5258    21.6845     6.1096    51.8708     4.1309
 15   -93.8185     2.8008  -167.2174     2.3645    20.9750     5.8620    52.4257     4.0026
 16   -93.7632     2.6222  -167.2692     2.2142    21.6916     5.6676    51.8162     3.9375
 17   -93.8580     2.4704  -167.1756     2.0883    21.7708     5.3262    51.5486     3.7371
 18   -94.1940     2.4242  -167.2177     1.9707    21.1058     5.1947    51.9197     3.6007
 19   -94.1426     2.2953  -167.6557     2.0596    21.6960     5.0535    51.8189     3.4119
 20   -94.3967     2.2361  -168.2229     2.2594    22.3096     4.9488    51.5184     3.2921
 21   -94.5899     2.1617  -168.4664     2.2036    22.3005     4.7072    51.5777     3.1337
 22   -94.5648     2.0617  -168.6554     2.1348    22.5935     4.5263    51.4989     2.9920
 23   -94.5097     1.9732  -168.4027     2.1015    22.4014     4.3420    51.4934     2.8590
 24   -94.4205     1.8976  -168.0938     2.1048    22.0526     4.2153    51.6226     2.7494
 25   -94.5871     1.8503  -167.7386     2.1402    20.9990     4.5594    52.1543     2.8435
 26   -94.6453     1.7815  -167.7395     2.0562    20.5441     4.4740    52.5519     2.8453
 27   -94.6222     1.7149  -167.6770     1.9825    20.5029     4.3059    52.5537     2.7379
 28   -94.5931     1.6536  -167.2314     2.1081    19.8678     4.3392    52.7722     2.6743
 29   -94.5793     1.5958  -167.2156     2.0344    20.0152     4.1973    52.6228     2.5976
 30   -94.3708     1.5971  -167.0579     1.9905    20.2536     4.0829    52.4353     2.5375
 31   -94.4568     1.5542  -167.1197     1.9292    20.1344     3.9562    52.5302     2.4616
 32   -94.4441     1.5051  -167.1663     1.8703    20.3049     3.8457    52.4191     2.3938
 33   -94.7311     1.5677  -167.3482     1.8488    20.1842     3.7352    52.4347     2.3203
 34   -94.5755     1.5524  -167.1792     1.8252    20.6464     3.7397    51.9590     2.4438
 35   -94.6860     1.5235  -167.1594     1.7728    20.4629     3.6498    52.0123     2.3753
 36   -94.6952     1.4807  -167.3629     1.7702    21.1275     3.7878    51.5419     2.4927
 37   -94.6077     1.4507  -167.3308     1.7229    21.4200     3.7302    51.3048     2.4703
 38   -94.6481     1.4143  -167.3203     1.6771    21.3296     3.6352    51.3444     2.4057
 39   -94.3493     1.5016  -167.2910     1.6346    21.9350     3.7421    51.0085     2.4376
 40   -94.2622     1.4739  -167.4164     1.6128    22.3791     3.7539    50.7769     2.4206
 41   -94.2451     1.4379  -167.5194     1.5864    22.7111     3.7209    50.5650     2.3986
 42   -94.0734     1.4446  -167.4498     1.5544    22.9776     3.6701    50.4006     2.3638
 43   -93.6994     1.5967  -166.9960     1.7686    23.2114     3.6142    50.0869     2.3919
 44   -93.7151     1.5603  -167.1631     1.7600    23.6125     3.6210    49.8374     2.3896
 45   -93.6204     1.5369  -167.0613     1.7324    23.7282     3.5472    49.7145     2.3488
 46   -93.7281     1.5185  -167.0039     1.6982    23.6340     3.4743    49.6436     2.3015
 47   -93.7274     1.4858  -166.9728     1.6629    23.2800     3.4726    49.9672     2.3432
 48   -93.8153     1.4651  -167.0598     1.6371    23.0505     3.4303    50.1958     2.3389
 49   -93.8638     1.4382  -167.1241     1.6085    22.8303     3.3883    50.4317     2.3388
 50   -93.8656     1.4091  -167.1037     1.5765    22.5560     3.3649    50.6838     2.3464
 
 Mesh error is    0.453 kcal/mol
