 ERmod 0.3.8, Copyright (C) 2000-2019 Nobuyuki Matubayasi
                            2010-2019 Shun Sakuraba
 ERmod comes with ABSOLUTELY NO WARRANTY.
 This is free software, and you can redistribute it
 and/or modify it under certain conditions.
 See LICENSE file for details.
 ERmod 0.3.8, Copyright (C) 2000-2019 Nobuyuki Matubayasi
                            2010-2019 Shun Sakuraba
 ERmod comes with ABSOLUTELY NO WARRANTY.
 This is free software, and you can redistribute it
 and/or modify it under certain conditions.
 See LICENSE file for details.
 
  Number of the   1-th solvent  =          792
  Number of the   2-th solvent  =          792
  Number of the   3-th solvent  =        10000
 
  Be sure that the solvent distribution is homogeneous (radial distribution function is essentially unity) when the solvent molecule is separated beyond distance of   10.0 Angstrom in any direction from any atom within the solute molecule
 
  LJ long-range correction    =        -1.3175     -0.2494     -7.0203
 
  Self-energy of the solute   =        -0.0385  kcal/mol
 
 
 cumulative average & 95% error for solvation energy
              total             1st component         2nd component         3rd component
  1  -481.5973             -207.3031               47.5660             -321.8218
  2  -482.1125     1.0305  -203.6272     7.3518    43.7576     7.6169  -322.2044     0.7654
  3  -481.8771     0.7587  -208.2344    10.1450    50.4412    14.0721  -324.0454     3.7084
  4  -482.3725     1.1267  -208.1295     7.1767    46.3871    12.8357  -320.5917     7.3885
  5  -482.3496     0.8740  -211.5111     8.7547    47.2575    10.0937  -318.0576     7.6447
  6  -481.5646     1.7246  -210.6398     7.3576    52.5472    13.4107  -323.4337    12.4326
  7  -482.2195     1.9595  -210.0740     6.3204    47.8936    14.6659  -320.0006    12.5519
  8  -481.6780     2.0132  -211.3760     6.0614    53.9883    17.6040  -324.2519    13.8006
  9  -481.9792     1.8749  -211.1574     5.3635    52.3853    15.8528  -323.1686    12.3623
 10  -482.5179     1.9933  -209.2185     6.1685    46.5448    18.3710  -319.8057    12.9421
 11  -482.1460     1.9504  -209.5095     5.6099    48.6064    17.1211  -321.2045    12.0361
 12  -481.9023     1.8460  -208.9521     5.2411    48.3125    15.6404  -321.2242    10.9875
 13  -481.8937     1.6981  -209.0044     4.8222    48.2019    14.3888  -321.0527    10.1129
 14  -481.5514     1.7147  -209.3882     4.5300    51.4909    14.8571  -323.6156    10.6740
 15  -481.2770     1.6881  -209.1437     4.2455    52.2589    13.9162  -324.3537    10.0460
 16  -480.8757     1.7713  -209.5356     4.0479    54.8422    14.0053  -326.1438    10.0560
 17  -480.6835     1.7077  -209.8848     3.8660    55.3569    13.1959  -326.1172     9.4461
 18  -480.4053     1.7035  -209.7855     3.6503    57.4825    13.1474  -328.0638     9.7197
 19  -480.4792     1.6181  -209.0498     3.7533    56.0386    12.7671  -327.4296     9.2810
 20  -480.2388     1.6085  -208.8136     3.5919    57.6742    12.5459  -329.0610     9.3899
 21  -480.1021     1.5543  -208.6352     3.4352    58.6863    12.1040  -330.1147     9.1768
 22  -480.0591     1.4844  -208.5630     3.2785    59.1728    11.5817  -330.6305     8.8103
 23  -480.0221     1.4204  -208.0473     3.2981    58.9630    11.0746  -330.8993     8.4357
 24  -480.0865     1.3660  -208.0195     3.1582    58.5791    10.6309  -330.6077     8.0976
 25  -480.0811     1.3103  -207.5808     3.1537    57.6729    10.3566  -330.1347     7.8244
 26  -480.0519     1.2602  -207.1583     3.1456    56.9007    10.0694  -329.7559     7.5555
 27  -479.9790     1.2214  -207.0101     3.0413    56.6942     9.6981  -329.6247     7.2750
 28  -480.1345     1.2173  -206.8302     2.9527    55.1778     9.8251  -328.4437     7.3976
 29  -480.1328     1.1746  -207.0154     2.8730    55.1207     9.4810  -328.1997     7.1546
 30  -479.9848     1.1728  -207.1765     2.7943    56.0092     9.3303  -328.7790     7.0084
 31  -479.9747     1.1345  -207.3218     2.7182    56.3730     9.0536  -328.9874     6.7914
 32  -480.0765     1.1171  -207.1119     2.6652    55.4346     8.9647  -328.3607     6.6941
 33  -480.0983     1.0837  -206.7882     2.6631    55.1822     8.7035  -328.4540     6.4908
 34  -480.1599     1.0585  -206.9712     2.6094    55.0471     8.4479  -328.1974     6.3179
 35  -480.3669     1.1081  -206.7666     2.5665    53.4372     8.8123  -326.9991     6.5862
 36  -480.6140     1.1848  -206.9848     2.5321    51.9385     9.0735  -325.5292     7.0435
 37  -480.6293     1.1528  -207.2516     2.5199    51.9836     8.8253  -325.3230     6.8629
 38  -480.5194     1.1434  -207.5030     2.5037    52.8221     8.7521  -325.8000     6.7477
 39  -480.4664     1.1187  -207.7255     2.4789    53.3575     8.5917  -326.0599     6.5929
 40  -480.4110     1.0960  -207.8668     2.4326    53.5829     8.3863  -326.0886     6.4262
 41  -480.4884     1.0801  -207.8927     2.3731    52.6893     8.3722  -325.2465     6.4899
 42  -480.3115     1.1118  -207.8340     2.3189    53.9222     8.5344  -326.3613     6.7144
 43  -480.1894     1.1128  -207.9490     2.2760    54.6908     8.4741  -326.8927     6.6420
 44  -480.3070     1.1124  -207.9228     2.2243    53.9210     8.4212  -326.2667     6.6090
 45  -480.4619     1.1307  -207.6829     2.2266    52.5872     8.6534  -325.3278     6.7278
 46  -480.6082     1.1438  -207.4611     2.2224    51.3269     8.8306  -324.4355     6.8177
 47  -480.6587     1.1238  -207.3573     2.1845    50.8290     8.6978  -324.0920     6.7063
 48  -480.6935     1.1023  -207.4440     2.1455    50.3228     8.5747  -323.5338     6.6593
 49  -480.5188     1.1347  -207.5842     2.1199    51.7779     8.8878  -324.6740     6.9092
 50  -480.4474     1.1209  -207.6003     2.0773    52.2544     8.7603  -325.0631     6.8142
 
 
 group  inft  solvation free energy     error          difference
  total solvation free energy
   1      0        -74.41758           1.87501           1.11036
   1     60        -74.79269           1.87500           0.73525
   1     80        -77.94404           1.87643          -2.41610
   1    100        -88.06484           1.88709         -12.53690
   2      0        -74.78038           1.89246           0.74756
   3      0        -75.52794           1.90076           0.00000
   4      0        -74.92930           1.90675           0.59864
   5      0        -74.88853           1.91575           0.63941
   5     60        -75.40499           1.91576           0.12296
   5     80        -79.23806           1.91786          -3.71011
   5    100        -88.57050           1.92781         -13.04256
 
  contribution from  1-th solvent component
   1      0       -167.84170           2.08251          -0.31762
   1     60       -167.87515           2.08245          -0.35106
   1     80       -168.16706           2.08245          -0.64298
   1    100       -169.07182           2.08371          -1.54774
   2      0       -167.36117           2.11793           0.16291
   3      0       -167.52408           2.13210           0.00000
   4      0       -166.64504           2.13268           0.87904
   5      0       -166.94504           2.14025           0.57904
   5     60       -166.99132           2.14020           0.53276
   5     80       -167.33890           2.14016           0.18518
   5    100       -168.17735           2.14170          -0.65327
 
  contribution from  2-th solvent component
   1      0        102.16500           4.28851           1.37879
   1     60        102.18820           4.28863           1.40199
   1     80        102.31191           4.28957           1.52571
   1    100        102.61614           4.29370           1.82993
   2      0        101.32615           4.27829           0.53994
   3      0        100.78621           4.26665           0.00000
   4      0        100.51169           4.27183          -0.27452
   5      0        100.88277           4.27227           0.09656
   5     60        100.90600           4.27239           0.11979
   5     80        101.06753           4.27358           0.28133
   5    100        101.32354           4.27711           0.53733
 
  contribution from  3-th solvent component
   1      0         -8.70243           3.57407           0.04919
   1     60         -9.06729           3.57443          -0.31567
   1     80        -12.05044           3.57837          -3.29883
   1    100        -21.57071           3.59453         -12.81910
   2      0         -8.70690           3.57534           0.04471
   3      0         -8.75162           3.57471           0.00000
   4      0         -8.75750           3.57570          -0.00588
   5      0         -8.78781           3.57635          -0.03619
   5     60         -9.28121           3.57686          -0.52959
   5     80        -12.92823           3.58201          -4.17662
   5    100        -21.67824           3.59699         -12.92662
 
 
 group  inft   Estimated free energy: total (kcal/mol)
   1      0     -72.6646     -84.2851     -78.2385     -83.6351     -81.8674
                -80.1767     -79.2540     -79.2304     -88.7770     -73.1097
                -84.2496     -69.4942     -72.0321     -78.6660     -69.9654
                -74.2258     -77.2589     -78.5184     -68.9617     -80.2894
                -65.1014     -73.5677     -69.6119     -66.7609     -72.0199
                -63.3170     -64.5238     -72.5218     -79.2948     -80.7686
                -77.2709     -75.3775     -78.9600     -69.6062     -70.5904
                -64.6115     -77.6023     -67.7697     -64.4370     -61.4434
                -65.0282     -70.9872     -80.8055     -83.5824     -77.1276
                -75.0437     -74.7798     -74.6124     -83.7605     -65.0949
   1     60     -73.0404     -84.6604     -78.6106     -84.0049     -82.2388
                -80.5527     -79.6281     -79.6062     -89.1506     -73.4835
                -84.6266     -69.8709     -72.4088     -79.0423     -70.3433
                -74.6047     -77.6374     -78.8960     -69.3392     -80.6648
                -65.4758     -73.9456     -69.9854     -67.1323     -72.3963
                -63.6930     -64.9012     -72.8974     -79.6696     -81.1482
                -77.6473     -75.7524     -79.3356     -69.9781     -70.9636
                -64.9780     -77.9788     -68.1457     -64.8126     -61.8218
                -65.4002     -71.3640     -81.1840     -83.9569     -77.4983
                -75.4145     -75.1548     -74.9865     -84.1341     -65.4724
   1     80     -76.1914     -87.8196     -81.7463     -87.1230     -85.3612
                -83.7201     -82.7657     -82.7710     -92.2996     -76.6223
                -87.7997     -73.0334     -75.5610     -82.2026     -73.4982
                -77.7919     -80.8138     -82.0755     -72.5001     -83.8294
                -68.6174     -77.1224     -73.1266     -70.2571     -75.5584
                -66.8447     -68.0641     -76.0451     -82.8219     -84.3371
                -80.8076     -78.8998     -82.4955     -73.1059     -74.0932
                -68.0490     -81.1348     -71.2987     -67.9536     -64.9899
                -68.5118     -74.5429     -84.3627     -87.1021     -80.6213
                -78.5344     -78.3083     -78.1263     -87.3034     -68.6402
   1    100     -86.3168     -97.9991     -91.8531     -97.1986     -95.3915
                -93.9434     -92.8380     -92.9475    -102.4613     -86.7166
                -98.0152     -83.1840     -85.6585     -92.3554     -83.5844
                -88.0228     -91.0153     -92.2918     -82.6139     -94.0273
                -78.6993     -87.3436     -83.2226     -80.2842     -85.7361
                -76.9544     -78.1924     -86.1434     -92.9588     -94.5841
                -90.9454     -88.9818     -92.6807     -83.1222     -84.1310
                -77.8936     -91.2426     -81.3661     -77.9659     -75.1354
                -78.4478     -84.8071     -94.5733     -97.2096     -90.6762
                -88.5626     -88.4232     -88.1871     -97.5447     -78.7925
   2      0     -73.4096     -84.6466     -78.4799     -84.0398     -82.0687
                -80.4594     -79.5994     -79.9873     -89.0998     -73.0149
                -85.0460     -69.9473     -72.1417     -79.2230     -70.4409
                -74.8721     -77.4693     -79.2041     -69.4448     -80.7441
                -65.1168     -73.5406     -70.0258     -67.0131     -72.2941
                -63.7201     -64.8185     -72.7373     -79.4315     -81.2203
                -77.8183     -75.7778     -79.3482     -69.7753     -70.3581
                -64.6305     -77.9805     -68.8894     -64.8112     -61.4229
                -65.6645     -71.1426     -81.4580     -83.9688     -77.6898
                -75.3899     -74.9476     -75.0611     -84.2299     -65.3976
   3      0     -74.1077     -85.5387     -79.2904     -84.7047     -82.9878
                -81.4347     -80.4045     -80.6551     -89.7290     -73.4433
                -85.5946     -70.6980     -72.8784     -80.1876     -71.3401
                -75.6158     -78.0778     -79.9790     -70.0788     -81.7418
                -65.9384     -74.1101     -70.8548     -67.7370     -72.7737
                -64.4911     -65.4197     -73.4567     -80.1232     -81.9275
                -78.8232     -76.5158     -80.2113     -70.7992     -71.1441
                -65.2027     -78.8358     -69.6807     -66.0453     -61.8541
                -66.2514     -71.8350     -82.2349     -84.7224     -78.1849
                -76.0409     -75.6640     -75.9814     -85.1411     -65.9093
   4      0     -73.4920     -84.8943     -78.5287     -84.1073     -82.4426
                -80.7396     -79.8444     -80.3694     -89.1840     -73.1143
                -85.2082     -70.0614     -72.1482     -79.5487     -70.7535
                -74.9520     -77.6662     -79.4934     -69.4773     -80.9848
                -65.1094     -73.4382     -69.9240     -67.2048     -72.3675
                -64.0708     -64.8546     -72.8248     -79.5976     -81.2219
                -78.0895     -75.9452     -79.7013     -70.0645     -70.2934
                -64.5912     -78.2276     -69.1566     -65.0986     -61.3255
                -65.7999     -71.1374     -81.5551     -84.2405     -77.9301
                -75.5658     -74.8671     -75.3699     -84.4921     -65.3901
   5      0     -73.6817     -85.1078     -78.8982     -84.0880     -82.4061
                -81.2073     -79.7258     -80.1812     -89.1984     -72.9417
                -85.2629     -69.8562     -72.1997     -79.4897     -70.8466
                -74.7209     -77.3356     -79.1398     -69.3248     -81.0767
                -65.3198     -73.2525     -69.8682     -67.2610     -72.1850
                -64.0586     -64.6498     -72.7671     -79.5273     -81.0854
                -78.3739     -75.8193     -79.7821     -70.1035     -70.2050
                -64.6393     -78.3330     -68.9041     -65.3120     -61.0247
                -65.7104     -70.9807     -81.2762     -84.1620     -77.7959
                -75.4855     -74.9224     -75.4688     -84.4401     -65.0239
   5     60     -74.1983     -85.6243     -79.4105     -84.5978     -82.9178
                -81.7245     -80.2408     -80.6992     -89.7129     -73.4558
                -85.7827     -70.3744     -72.7170     -80.0073     -71.3674
                -75.2432     -77.8554     -79.6596     -69.8442     -81.5939
                -65.8353     -73.7722     -70.3826     -67.7728     -72.7023
                -64.5756     -65.1696     -73.2831     -80.0434     -81.6080
                -78.8926     -76.3357     -80.2982     -70.6167     -70.7182
                -65.1437     -78.8522     -69.4227     -65.8304     -61.5452
                -66.2217     -71.4995     -81.7969     -84.6769     -78.3064
                -75.9962     -75.4396     -75.9844     -84.9566     -65.5438
   5     80     -78.0329     -89.4677     -83.2248     -88.3927     -86.7126
                -85.5820     -84.0577     -84.5496     -93.5433     -77.2730
                -89.6443     -74.2213     -76.5469     -83.8534     -75.2051
                -79.1230     -81.7170     -83.5260     -73.6865     -85.4474
                -69.6581     -77.6384     -74.2043     -71.5699     -76.5505
                -68.4108     -69.0156     -77.1094     -83.8794     -85.4870
                -82.7365     -80.1611     -84.1467     -74.4177     -74.5231
                -68.8749     -82.6904     -73.2512     -69.6473     -65.3978
                -69.9974     -75.3724     -85.6665     -88.5043     -82.1084
                -79.7915     -79.2748     -79.8023     -88.8135     -69.3947
   5    100     -87.3687     -98.8539     -92.5453     -97.6884     -95.9613
                -95.0113     -93.3455     -93.9371    -102.9118     -86.5771
                -99.0603     -83.5772     -85.8489     -93.2211     -84.5093
                -88.5587     -91.1158     -92.9443     -83.0075     -94.8612
                -78.9555     -87.0636     -83.5158     -80.8152     -85.9282
                -77.7327     -78.3505     -86.4169     -93.2265     -94.9334
                -92.0850     -89.4576     -93.5399     -83.6579     -83.7786
                -77.9476     -92.0112     -82.5393     -78.8837     -74.7542
                -79.1515     -84.8421     -95.0930     -97.8242     -91.3808
                -89.0362     -88.6037     -89.0852     -98.2578     -78.7528
 
 group  inft   Estimated free energy: 1-th solvent contribution (kcal/mol)
   1      0    -166.9627    -167.8627    -174.9050    -173.1609    -184.4169
               -167.8615    -169.8454    -179.2732    -174.3663    -153.1508
               -176.0934    -161.6643    -166.8092    -176.7361    -169.3467
               -173.0861    -171.9997    -172.2726    -157.8476    -170.7512
               -163.1949    -161.3741    -157.7939    -166.0942    -158.4124
               -153.5427    -158.0316    -161.9494    -173.0085    -173.5440
               -174.4023    -165.4539    -164.2588    -171.5585    -157.7497
               -165.8790    -176.5250    -176.9367    -174.1161    -159.1842
               -167.1438    -160.9646    -175.9319    -171.2249    -158.9554
               -161.3447    -163.0752    -172.2607    -178.4584    -161.3034
   1     60    -166.9964    -167.8961    -174.9380    -173.1935    -184.4494
               -167.8955    -169.8786    -179.3063    -174.3991    -153.1846
               -176.1265    -161.6981    -166.8430    -176.7696    -169.3803
               -173.1196    -172.0336    -172.3060    -157.8814    -170.7849
               -163.2285    -161.4075    -157.8277    -166.1272    -158.4461
               -153.5766    -158.0654    -161.9831    -173.0417    -173.5775
               -174.4356    -165.4874    -164.2925    -171.5916    -157.7831
               -165.9122    -176.5584    -176.9700    -174.1495    -159.2180
               -167.1773    -160.9987    -175.9649    -171.2579    -158.9884
               -161.3780    -163.1088    -172.2938    -178.4917    -161.3374
   1     80    -167.2891    -168.1880    -175.2286    -173.4800    -184.7387
               -168.1912    -170.1687    -179.5980    -174.6874    -153.4749
               -176.4178    -161.9918    -167.1365    -177.0638    -169.6740
               -173.4128    -172.3296    -172.5998    -158.1742    -171.0787
               -163.5205    -161.6966    -158.1198    -166.4165    -158.7382
               -153.8694    -158.3578    -162.2757    -173.3330    -173.8714
               -174.7279    -165.7793    -164.5866    -171.8830    -158.0728
               -166.2016    -176.8507    -177.2639    -174.4425    -159.5101
               -167.4685    -161.2935    -176.2562    -171.5478    -159.2760
               -161.6686    -163.4012    -172.5839    -178.7852    -161.6316
   1    100    -168.1948    -169.0959    -176.1346    -174.3778    -185.6494
               -169.1041    -171.0700    -180.5072    -175.5888    -154.3683
               -177.3258    -162.8990    -168.0441    -177.9767    -170.5843
               -174.3210    -173.2468    -173.5123    -159.0753    -171.9889
               -164.4221    -162.5855    -159.0177    -167.3155    -159.6393
               -154.7671    -159.2555    -163.1813    -174.2405    -174.7822
               -175.6387    -166.6833    -165.4976    -172.7887    -158.9685
               -167.1006    -177.7621    -178.1784    -175.3516    -160.4061
               -168.3707    -162.1985    -177.1630    -172.4498    -160.1643
               -162.5701    -164.3036    -173.4881    -179.6986    -162.5370
   2      0    -166.6121    -167.4860    -174.5269    -172.6721    -184.0663
               -167.4818    -169.4403    -178.9647    -174.0065    -152.5009
               -175.8436    -161.0954    -166.1310    -176.4526    -168.9153
               -172.7638    -171.4659    -171.9066    -157.3521    -170.4595
               -162.5478    -160.5477    -157.2953    -165.5603    -157.8731
               -152.9795    -157.3498    -161.3816    -172.6013    -173.2793
               -174.0305    -165.0022    -163.8979    -171.1126    -156.7651
               -165.0414    -176.1703    -176.5121    -173.7999    -158.1484
               -166.6929    -160.2891    -175.6890    -170.8707    -158.5520
               -160.9154    -162.5615    -171.8531    -178.1606    -160.4350
   3      0    -166.7731    -167.7869    -174.7033    -172.8768    -184.2152
               -167.7577    -169.7068    -179.1261    -174.1738    -152.5104
               -176.0470    -161.2424    -166.2884    -176.7170    -169.0672
               -172.9642    -171.5756    -172.1065    -157.5118    -170.7314
               -162.6578    -160.6216    -157.4551    -165.7273    -157.9987
               -153.1599    -157.3965    -161.5167    -172.7455    -173.4482
               -174.3376    -165.1376    -164.1191    -171.3262    -156.8271
               -164.9963    -176.3708    -176.7917    -174.1089    -158.0517
               -166.8620    -160.3630    -175.8995    -171.0584    -158.6314
               -161.0698    -162.6661    -172.1019    -178.3983    -160.4777
   4      0    -165.8941    -166.7653    -173.7868    -171.9077    -183.4971
               -166.8350    -168.8147    -178.3563    -173.3758    -151.8220
               -175.3277    -160.3975    -165.2950    -175.8444    -168.2220
               -172.1064    -170.7267    -171.1954    -156.6438    -169.6496
               -161.7137    -159.6358    -156.5520    -164.8019    -157.1678
               -152.2259    -156.5045    -160.4633    -171.9876    -172.6285
               -173.3466    -164.2511    -163.2111    -170.3562    -155.7717
               -164.2822    -175.4606    -175.7824    -172.9443    -157.2362
               -166.0021    -159.5852    -175.1562    -170.3236    -158.0188
               -160.3122    -161.8382    -171.1373    -177.5884    -159.5030
   5      0    -166.3658    -167.2926    -174.3078    -172.3160    -183.7157
               -167.4524    -169.1291    -178.5577    -173.6816    -151.9750
               -175.6365    -160.6141    -165.7258    -176.1513    -168.5880
               -172.2707    -170.7898    -171.3437    -156.8710    -170.1013
               -162.1578    -159.8256    -156.8467    -165.1671    -157.3358
               -152.5322    -156.6779    -160.8003    -172.1842    -172.8105
               -173.8733    -164.5597    -163.6136    -170.7774    -156.0643
               -164.5815    -175.8239    -175.9797    -173.4530    -157.3321
               -166.2572    -159.7463    -175.2789    -170.6010    -158.2349
               -160.5910    -162.1744    -171.6156    -177.9052    -159.5651
   5     60    -166.4123    -167.3388    -174.3535    -172.3612    -183.7607
               -167.4993    -169.1751    -178.6038    -173.7271    -152.0214
               -175.6827    -160.6609    -165.7724    -176.1979    -168.6346
               -172.3173    -170.8365    -171.3901    -156.9177    -170.1479
               -162.2043    -159.8719    -156.8934    -165.2128    -157.3822
               -152.5789    -156.7247    -160.8467    -172.2302    -172.8570
               -173.9196    -164.6059    -163.6601    -170.8234    -156.1102
               -164.6273    -175.8699    -176.0261    -173.4994    -157.3789
               -166.3035    -159.7935    -175.3252    -170.6467    -158.2808
               -160.6370    -162.2208    -171.6615    -177.9516    -159.6120
   5     80    -166.7617    -167.6869    -174.6983    -172.7029    -184.1023
               -167.8509    -169.5210    -178.9511    -174.0705    -152.3677
               -176.0307    -161.0116    -166.1207    -176.5484    -168.9842
               -172.6676    -171.1874    -171.7392    -157.2668    -170.4982
               -162.5518    -160.2167    -157.2422    -165.5557    -157.7292
               -152.9268    -157.0734    -161.1944    -172.5773    -173.2064
               -174.2683    -164.9533    -164.0100    -171.1699    -156.4545
               -164.9713    -176.2169    -176.3750    -173.8482    -157.7261
               -166.6510    -160.1452    -175.6745    -170.9921    -158.6257
               -160.9834    -162.5690    -172.0071    -178.3008    -159.9611
   5    100    -167.6015    -168.5297    -175.5366    -173.5387    -184.9431
               -168.6933    -170.3580    -179.7972    -174.9076    -153.1931
               -176.8762    -161.8527    -166.9588    -177.3977    -169.8275
               -173.5131    -172.0341    -172.5855    -158.1008    -171.3438
               -163.3860    -161.0421    -158.0753    -166.3861    -158.5601
               -153.7538    -157.9048    -162.0300    -173.4194    -174.0516
               -175.1150    -165.7898    -164.8520    -172.0092    -157.2813
               -165.8001    -177.0599    -177.2243    -174.6914    -158.5549
               -167.4883    -160.9850    -176.5242    -171.8278    -159.4524
               -161.8175    -163.4037    -172.8464    -179.1497    -160.7964
 
 group  inft   Estimated free energy: 2-th solvent contribution (kcal/mol)
   1      0     101.2321      92.3370     109.3968      93.0167     102.5080
                112.3750      86.2347     124.8493      91.2821      71.6356
                105.2141      98.1941      98.8701     123.2602     109.9555
                121.0536     103.3875     121.1081      90.2014     119.2791
                119.7845     106.5163     103.2374     106.6881      92.0777
                 95.2989     101.2736      83.1211     100.7948     111.5434
                109.6795      89.3135      98.7955     106.9486      76.6912
                 84.9242     102.2078     124.7251     120.4744     105.9065
                 92.8519     125.5147     115.8889      83.7564      71.6156
                 74.8659      87.6682      91.6754     135.5421     113.4782
   1     60     101.2547      92.3587     109.4208      93.0399     102.5319
                112.3973      86.2581     124.8731      91.3040      71.6578
                105.2353      98.2166      98.8938     123.2847     109.9790
                121.0762     103.4091     121.1317      90.2238     119.3026
                119.8096     106.5381     103.2624     106.7136      92.0988
                 95.3213     101.2965      83.1425     100.8174     111.5648
                109.7028      89.3366      98.8169     106.9740      76.7135
                 84.9512     102.2313     124.7504     120.5007     105.9288
                 92.8775     125.5377     115.9111      83.7784      71.6381
                 74.8888      87.6906      91.6988     135.5661     113.5022
   1     80     101.3726      92.4678     109.5525      93.1617     102.6639
                112.5177      86.3793     125.0021      91.4152      71.7714
                105.3415      98.3336      99.0204     123.4160     110.1131
                121.1919     103.5193     121.2566      90.3395     119.4271
                119.9520     106.6477     103.3978     106.8557      92.2060
                 95.4432     101.4177      83.2553     100.9340     111.6705
                109.8290      89.4593      98.9304     107.1158      76.8329
                 85.1102     102.3554     124.8958     120.6548     106.0458
                 93.0253     125.6573     116.0262      83.8929      71.7558
                 75.0115      87.8083      91.8225     135.6951     113.6281
   1    100     101.6615      92.7123     109.8899      93.4570     102.9993
                112.8103      86.6705     125.3305      91.6693      72.0360
                105.5733      98.6121      99.3335     123.7472     110.4660
                121.4656     103.7679     121.5658      90.6134     119.7345
                120.3334     106.8951     103.7476     107.2281      92.4470
                 95.7397     101.7127      83.5166     101.2101     111.9005
                110.1414      89.7596      99.1958     107.4918      77.1191
                 85.5482     102.6635     125.2910     121.0862     106.3223
                 93.4247     125.9478     116.2955      84.1583      72.0320
                 75.3068      88.0885      92.1242     136.0247     113.9389
   2      0     100.1340      91.6202     108.7736      92.1440     101.9556
                111.7177      85.4871     123.8009      90.6044      71.0746
                104.1836      97.1711      98.0839     122.4370     109.0744
                120.0921     102.6362     120.0573      89.2257     118.5488
                119.1313     105.7219     102.3425     105.9043      91.2835
                 94.3301     100.2785      82.3222     100.2482     110.8362
                108.7632      88.4654      98.0529     106.3443      75.9299
                 84.0768     101.4850     123.1705     119.7841     104.8886
                 91.7716     124.7014     115.0123      83.0230      70.6498
                 74.0710      86.9949      90.8068     134.7845     112.3107
   3      0      99.6398      91.0626     108.1875      91.6935     101.2301
                111.0609      84.9899     123.3455      90.1731      70.7048
                103.8841      96.5906      97.5586     121.7641     108.3655
                119.6055     102.1805     119.5165      88.7956     117.8698
                118.4617     105.2809     101.6967     105.3992      90.9686
                 93.7811      99.7865      81.7914      99.7478     110.3396
                108.1063      87.9012      97.4525     105.5836      75.2617
                 83.5085     100.8864     122.6956     118.9194     104.4114
                 91.3883     124.1270     114.4774      82.5149      70.2761
                 73.6466      86.4252      90.1943     134.1527     111.9091
   4      0      99.3937      90.7118     108.0521      91.3596     101.0662
                110.8502      84.6533     122.8618      89.9728      70.3515
                103.5756      96.3949      97.2944     121.5451     108.1202
                119.4121     101.7621     119.0827      88.5310     117.5606
                118.3409     104.9542     101.7771     105.0028      90.5312
                 93.2711      99.4529      81.3554      99.4911     110.2469
                107.8384      87.5988      97.0722     105.3604      75.0435
                 83.3916     100.5791     122.1949     118.7109     104.1150
                 90.9733     124.0593     114.4406      82.2788      69.9351
                 73.3606      86.4000      89.8171     133.9985     111.4409
   5      0      99.6999      91.0372     108.2003      91.8111     101.3363
                111.0201      85.1410     123.3041      90.2724      70.7091
                103.8565      96.8480      97.7118     121.9457     108.4130
                119.8498     102.1812     119.6406      88.9582     117.9553
                118.6051     105.3593     102.1430     105.3248      90.9200
                 93.6294      99.8471      81.7820      99.8022     110.6321
                108.0971      88.0588      97.4065     105.7542      75.4446
                 83.6833     100.8785     122.6723     119.0192     104.5303
                 91.3590     124.3997     114.8919      82.6495      70.2898
                 73.7535      86.7131      90.2457     134.4075     111.9471
   5     60      99.7221      91.0587     108.2244      91.8341     101.3606
                111.0423      85.1642     123.3281      90.2940      70.7309
                103.8778      96.8704      97.7357     121.9704     108.4369
                119.8720     102.2026     119.6643      88.9807     117.9787
                118.6307     105.3810     102.1680     105.3508      90.9408
                 93.6521      99.8701      81.8037      99.8245     110.6533
                108.1208      88.0818      97.4277     105.7799      75.4671
                 83.7114     100.9016     122.6984     119.0459     104.5528
                 91.3859     124.4220     114.9139      82.6714      70.3120
                 73.7767      86.7354      90.2689     134.4314     111.9709
   5     80      99.8763      91.2020     108.3958      91.9929     101.5320
                111.1976      85.3225     123.4971      90.4401      70.8800
                104.0180      97.0248      97.9020     122.1421     108.6105
                120.0229     102.3473     119.8296      89.1333     118.1397
                118.8164     105.5244     102.3455     105.5362      91.0806
                 93.8098     100.0287      81.9517      99.9768     110.7921
                108.2852      88.2415      97.5737     105.9648      75.6224
                 83.9204     101.0627     122.8882     119.2468     104.7043
                 91.5821     124.5771     115.0646      82.8198      70.4650
                 73.9368      86.8882      90.4291     134.6000     112.1355
   5    100     100.1189      91.4074     108.6808      92.2419     101.8143
                111.4379      85.5678     123.7756      90.6552      71.1029
                104.2144      97.2594      98.1697     122.4239     108.9048
                120.2509     102.5558     120.0953      89.3645     118.3949
                119.1412     105.7315     102.6424     105.8533      91.2807
                 94.0546     100.2778      82.1698     100.2072     110.9845
                108.5475      88.4923      97.7898     106.2846      75.8607
                 84.3019     101.3175     123.2227     119.6147     104.9308
                 91.9315     124.8164     115.2901      83.0387      70.6962
                 74.1853      87.1200      90.6784     134.8802     112.3984
 
 group  inft   Estimated free energy: 3-th solvent contribution (kcal/mol)
   1      0      -6.8956      -8.7210     -12.6919      -3.4524       0.0800
                -24.6518       4.3952     -24.7681      -5.6543       8.4440
                -13.3319      -5.9855      -4.0545     -25.1516     -10.5357
                -22.1549      -8.6082     -27.3155      -1.2772     -28.7788
                -21.6526     -18.6714     -15.0169      -7.3163      -5.6468
                 -5.0347      -7.7274       6.3450      -7.0426     -18.7295
                -12.5096       0.8013     -13.4582      -4.9579      10.5066
                 16.3817      -3.2467     -15.5196     -10.7569      -8.1272
                  9.3022     -35.4988     -20.7241       3.9246      10.2506
                 11.4736       0.6657       6.0113     -40.8058     -17.2313
   1     60      -7.2602      -9.0846     -13.0549      -3.8129      -0.2828
                -25.0161       4.0309     -25.1346      -6.0170       8.0817
                -13.6969      -6.3509      -4.4212     -25.5189     -10.9036
                -22.5229      -8.9744     -27.6832      -1.6432     -29.1441
                -22.0185     -19.0378     -15.3816      -7.6802      -6.0106
                 -5.3992      -8.0938       5.9816      -7.4069     -19.0970
                -12.8761       0.4369     -13.8215      -5.3220      10.1444
                 16.0215      -3.6133     -15.8877     -11.1253      -8.4941
                  8.9381     -35.8646     -21.0917       3.5612       9.8905
                 11.1132       0.3019       5.6469     -41.1701     -17.5987
   1     80     -10.2365     -12.0610     -16.0318      -6.7663      -3.2480
                -28.0081       1.0621     -28.1366      -8.9890       5.1196
                -16.6850      -9.3367      -7.4065     -28.5164     -13.8988
                -25.5326     -11.9650     -30.6939      -4.6270     -32.1393
                -25.0105     -22.0350     -18.3661     -10.6579      -8.9877
                 -8.3801     -11.0856       3.0138     -10.3845     -22.0978
                -15.8703      -2.5414     -16.8008      -8.3002       7.1851
                 13.0808      -6.6010     -18.8922     -14.1275     -11.4872
                  5.9698     -38.8683     -24.0942       0.5914       6.9373
                  8.1611      -2.6770       2.6736     -44.1749     -20.5982
   1    100     -19.7451     -21.5770     -25.5699     -16.2393     -12.7028
                -37.6112      -8.4001     -37.7323     -18.5033      -4.3459
                -26.2243     -18.8587     -16.9095     -38.0875     -23.4276
                -35.1289     -21.4980     -40.3070     -14.1135     -41.7344
                -34.5722     -31.6147     -27.9140     -20.1583     -18.5054
                -17.8885     -20.6111      -6.4402     -19.8900     -31.6640
                -25.4097     -12.0196     -26.3405     -17.7869      -2.2431
                  3.6972     -16.1055     -28.4403     -23.6621     -21.0131
                 -3.4633     -48.5180     -33.6674      -8.8797      -2.5055
                 -1.2609     -12.1697      -6.7847     -53.8324     -30.1559
   2      0      -6.8931      -8.7424     -12.6881      -3.4733       0.0805
                -24.6568       4.3921     -24.7851      -5.6593       8.4498
                -13.3475      -5.9846      -4.0562     -25.1689     -10.5615
                -22.1619      -8.6012     -27.3163      -1.2799     -28.7949
                -21.6618     -18.6763     -15.0346      -7.3187      -5.6660
                 -5.0323      -7.7087       6.3605      -7.0399     -18.7389
                -12.5125       0.7976     -13.4648      -4.9686      10.5156
                 16.3726      -3.2567     -15.5094     -10.7570      -8.1246
                  9.2952     -35.5165     -20.7428       3.9173      10.2509
                 11.4929       0.6575       6.0236     -40.8154     -17.2348
   3      0      -6.9359      -8.7760     -12.7362      -3.4829       0.0358
                -24.6994       4.3509     -24.8360      -5.6897       8.4007
                -13.3933      -6.0078      -4.1101     -25.1963     -10.5999
                -22.2186      -8.6443     -27.3505      -1.3241     -28.8418
                -21.7038     -18.7310     -15.0579      -7.3705      -5.7052
                 -5.0739      -7.7712       6.3070      -7.0870     -18.7804
                -12.5534       0.7591     -13.5062      -5.0182      10.4598
                 16.3235      -3.3130     -15.5461     -10.8174      -8.1754
                  9.2607     -35.5605     -20.7744       3.8594      10.2089
                 11.4208       0.6153       5.9647     -40.8570     -17.3023
   4      0      -6.9531      -8.8024     -12.7555      -3.5208       0.0268
                -24.7163       4.3555     -24.8364      -5.7425       8.3946
                -13.4176      -6.0205      -4.1092     -25.2109     -10.6132
                -22.2193      -8.6632     -27.3423      -1.3261     -28.8573
                -21.6981     -18.7182     -15.1107      -7.3672      -5.6924
                 -5.0775      -7.7646       6.3215      -7.0625     -18.8019
                -12.5428       0.7457     -13.5239      -5.0303      10.4733
                 16.3379      -3.3077     -15.5306     -10.8267      -8.1658
                  9.2674     -35.5732     -20.8011       3.8428      10.1921
                 11.4243       0.6096       5.9888     -40.8638     -17.2896
   5      0      -6.9774      -8.8141     -12.7522      -3.5446       0.0117
                -24.7365       4.3007     -24.8892      -5.7507       8.3626
                -13.4445      -6.0517      -4.1472     -25.2456     -10.6332
                -22.2615      -8.6886     -27.3982      -1.3735     -28.8922
                -21.7286     -18.7478     -15.1261      -7.3802      -5.7308
                 -5.1174      -7.7805       6.2897      -7.1068     -18.8686
                -12.5592       0.7201     -13.5365      -5.0418      10.4531
                 16.2973      -3.3492     -15.5582     -10.8398      -8.1845
                  9.2263     -35.5956     -20.8508       3.8279      10.1877
                 11.3904       0.5773       5.9396     -40.9039     -17.3675
   5     60      -7.4697      -9.3058     -13.2429      -4.0323      -0.4792
                -25.2290       3.8086     -25.3850      -6.2413       7.8731
                -13.9393      -6.5455      -4.6419     -25.7413     -11.1312
                -22.7595      -9.1831     -27.8954      -1.8686     -29.3862
                -22.2233     -19.2428     -15.6187      -7.8723      -6.2225
                 -5.6104      -8.2765       5.7984      -7.5993     -19.3659
                -13.0554       0.2269     -14.0273      -5.5347       9.9634
                 15.8106      -3.8455     -16.0565     -11.3385      -8.6807
                  8.7343     -36.0896     -21.3472       3.3369       9.7008
                 10.9024       0.0842       5.4466     -41.3979     -17.8642
   5     80     -11.1091     -12.9444     -16.8839      -7.6442      -4.1038
                -28.8902       0.1794     -29.0571      -9.8744       4.2532
                -17.5931     -10.1961      -8.2897     -29.4087     -14.7928
                -26.4398     -12.8385     -31.5780      -5.5145     -33.0505
                -25.8843     -22.9076     -19.2692     -11.5119      -9.8634
                 -9.2553     -11.9325       2.1719     -11.2404     -23.0344
                -16.7149      -3.4109     -17.6719      -9.1741       6.3474
                 12.2144      -7.4977     -19.7259     -15.0074     -12.3376
                  5.1099     -39.7659     -25.0182      -0.2935       6.0907
                  7.2936      -3.5555       1.8141     -45.0743     -21.5307
   5    100     -19.8476     -21.6931     -25.6511     -16.3531     -12.7940
                -37.7175      -8.5167     -37.8770     -18.6208      -4.4484
                -26.3602     -18.9455     -17.0213     -38.2088     -23.5482
                -35.2581     -21.5991     -40.4157     -14.2328     -41.8739
                -34.6722     -31.7145     -28.0444     -20.2439     -18.6104
                -17.9950     -20.6851      -6.5182     -19.9758     -31.8279
                -25.4791     -12.1216     -26.4392     -17.8949      -2.3196
                  3.5891     -16.2303     -28.4992     -23.7686     -21.0916
                 -3.5563     -48.6350     -33.8204      -8.9966      -2.5861
                 -1.3655     -12.2815      -6.8787     -53.9499     -30.3164
 
 
 cumulative average & 95% error for solvation free energy
              total             1st component         2nd component         3rd component
  1   -74.1077             -166.7731               99.6398               -6.9359
  2   -79.8232    11.4310  -167.2800     1.0138    95.3512     8.5772    -7.8559     1.8400
  3   -79.6456     6.6093  -169.7545     4.9834    99.6300     9.8871    -9.4827     3.4225
  4   -80.9104     5.3141  -170.5350     3.8541    97.6459     8.0389    -7.9828     3.8544
  5   -81.3259     4.1993  -173.2711     6.2335    98.3627     6.3898    -6.3790     4.3819
  6   -81.3440     3.4289  -172.3522     5.4112   100.4791     6.7183    -9.4324     7.0777
  7   -81.2098     2.9104  -171.9743     4.6354    98.2663     7.1990    -7.4634     7.1617
  8   -81.1404     2.5243  -172.8683     4.3945   101.4012     8.8419    -9.6350     7.5717
  9   -82.0947     2.9323  -173.0133     3.8864   100.1537     8.1873    -9.1966     6.7349
 10   -81.2296     3.1421  -170.9630     5.3757    97.2088     9.3976    -7.4369     6.9767
 11   -81.6264     2.9509  -171.4252     4.9496    97.8156     8.5866    -7.9784     6.4029
 12   -80.7157     3.2517  -170.5766     4.8266    97.7135     7.8412    -7.8141     5.8542
 13   -80.1128     3.2250  -170.2468     4.4885    97.7016     7.2129    -7.5292     5.4152
 14   -80.1182     2.9858  -170.7089     4.2571    99.4204     7.5106    -8.7912     5.6129
 15   -79.5330     3.0160  -170.5995     3.9692   100.0167     7.0930    -8.9117     5.2309
 16   -79.2881     2.8634  -170.7473     3.7246   101.2410     7.0723    -9.7434     5.1681
 17   -79.2169     2.6935  -170.7960     3.5000   101.2963     6.6442    -9.6788     4.8563
 18   -79.2593     2.5408  -170.8688     3.3031   102.3085     6.5832   -10.6605     4.9818
 19   -78.7761     2.5904  -170.1658     3.4262   101.5973     6.3875   -10.1691     4.8137
 20   -78.9244     2.4753  -170.1941     3.2508   102.4109     6.2744   -11.1028     4.9337
 21   -78.3060     2.6595  -169.8352     3.1744   103.1753     6.1608   -11.6076     4.8002
 22   -78.1153     2.5643  -169.4164     3.1404   103.2710     5.8772   -11.9314     4.6224
 23   -77.7996     2.5303  -168.8964     3.1759   103.2025     5.6175   -12.0673     4.4253
 24   -77.3803     2.5636  -168.7643     3.0522   103.2940     5.3815   -11.8716     4.2549
 25   -77.1961     2.4864  -168.3337     3.0516   102.8010     5.2551   -11.6249     4.1109
 26   -76.7074     2.5810  -167.7501     3.1557   102.4541     5.0964   -11.3730     3.9816
 27   -76.2893     2.6206  -167.3666     3.1319   102.3553     4.9080   -11.2396     3.8406
 28   -76.1882     2.5333  -167.1577     3.0468   101.6209     4.9523   -10.6129     3.9073
 29   -76.3239     2.4594  -167.3504     2.9650   101.5563     4.7802   -10.4913     3.7780
 30   -76.5107     2.4052  -167.5536     2.8931   101.8491     4.6551   -10.7676     3.6915
 31   -76.5853     2.3311  -167.7725     2.8323   102.0509     4.5205   -10.8252     3.5723
 32   -76.5831     2.2571  -167.6901     2.7473   101.6087     4.4654   -10.4632     3.5338
 33   -76.6930     2.1987  -167.5819     2.6715   101.4828     4.3353   -10.5554     3.4300
 34   -76.5197     2.1610  -167.6920     2.6011   101.6034     4.2128   -10.3926     3.3435
 35   -76.3661     2.1207  -167.3816     2.6009   100.8508     4.3588    -9.7968     3.4584
 36   -76.0560     2.1523  -167.3154     2.5311   100.3691     4.3442    -9.0712     3.6608
 37   -76.1311     2.0987  -167.5601     2.5099   100.3830     4.2252    -8.9156     3.5741
 38   -75.9614     2.0707  -167.8030     2.4908   100.9702     4.2769    -9.0901     3.4962
 39   -75.7071     2.0800  -167.9647     2.4475   101.4304     4.2663    -9.1344     3.4065
 40   -75.3608     2.1424  -167.7169     2.4365   101.5050     4.1609    -9.1104     3.3206
 41   -75.1386     2.1362  -167.6961     2.3767   101.2582     4.0881    -8.6623     3.3603
 42   -75.0600     2.0907  -167.5215     2.3456   101.8027     4.1355    -9.3028     3.5206
 43   -75.2268     2.0686  -167.7163     2.3233   102.0975     4.0810    -9.5695     3.4789
 44   -75.4426     2.0666  -167.7922     2.2750   101.6524     4.0853    -9.2643     3.4533
 45   -75.5036     2.0238  -167.5887     2.2608   100.9552     4.2300    -8.8316     3.4849
 46   -75.5152     1.9795  -167.4470     2.2292   100.3615     4.3040    -8.3913     3.5202
 47   -75.5184     1.9369  -167.3452     2.1907   100.0650     4.2530    -8.1997     3.4657
 48   -75.5281     1.8962  -167.4443     2.1537    99.8593     4.1837    -7.9046     3.4437
 49   -75.7242     1.8981  -167.6679     2.1562   100.5592     4.3299    -8.5771     3.6310
 50   -75.5279     1.9008  -167.5241     2.1321   100.7862     4.2666    -8.7516     3.5747
 
 Mesh error is    1.110 kcal/mol
