 ERmod 0.3.8, Copyright (C) 2000-2019 Nobuyuki Matubayasi
                            2010-2019 Shun Sakuraba
 ERmod comes with ABSOLUTELY NO WARRANTY.
 This is free software, and you can redistribute it
 and/or modify it under certain conditions.
 See LICENSE file for details.
 ERmod 0.3.8, Copyright (C) 2000-2019 Nobuyuki Matubayasi
                            2010-2019 Shun Sakuraba
 ERmod comes with ABSOLUTELY NO WARRANTY.
 This is free software, and you can redistribute it
 and/or modify it under certain conditions.
 See LICENSE file for details.
 
  Number of the   1-th solvent  =          792
  Number of the   2-th solvent  =          792
  Number of the   3-th solvent  =        10000
 
  Be sure that the solvent distribution is homogeneous (radial distribution function is essentially unity) when the solvent molecule is separated beyond distance of   10.0 Angstrom in any direction from any atom within the solute molecule
 
  LJ long-range correction    =        -1.3175     -0.2494     -7.0203
 
  Self-energy of the solute   =        -0.0131  kcal/mol
 
 
 cumulative average & 95% error for solvation energy
              total             1st component         2nd component         3rd component
  1  -512.7829             -184.4225              -38.5712             -289.7761
  2  -511.4492     2.6675  -181.6285     5.5879   -33.4116    10.3193  -296.3960    13.2398
  3  -512.1215     2.0445  -183.8099     5.4261   -34.5006     6.3435  -293.7979     9.2429
  4  -513.4817     3.0806  -180.7935     7.1495   -45.2158    21.8948  -287.4592    14.2629
  5  -511.5411     4.5560  -180.9091     5.5428   -30.7137    33.5986  -299.9052    27.2336
  6  -509.5566     5.4398  -180.3661     4.6541   -15.8019    40.5219  -313.3754    34.9318
  7  -508.7742     4.8565  -177.9107     6.2920   -11.6829    35.2242  -319.1676    31.7142
  8  -508.0555     4.4446  -177.5952     5.4855    -6.8085    32.0249  -323.6387    28.8844
  9  -507.9957     3.9216  -178.5892     5.2303    -6.6248    28.2457  -322.7686    25.5330
 10  -509.0940     4.1387  -177.4588     5.1957   -15.2246    30.5628  -316.3974    26.1518
 11  -509.2541     3.7573  -178.0483     4.8453   -16.1493    27.7069  -315.0433    23.8097
 12  -508.8703     3.5147  -179.0040     4.8184   -13.2083    25.9678  -316.6449    21.9699
 13  -508.4552     3.3380  -179.9547     4.8229   -10.5668    24.4641  -317.9205    20.3698
 14  -508.4004     3.0923  -181.2219     5.1342    -9.2166    22.8097  -317.9488    18.8588
 15  -508.3659     2.8796  -181.2313     4.7798    -9.0366    21.2378  -318.0849    17.5587
 16  -508.2889     2.6980  -181.5677     4.5214    -8.1454    19.9459  -318.5627    16.4525
 17  -508.6544     2.6377  -181.4051     4.2596   -10.4625    19.3005  -316.7737    15.8632
 18  -508.6167     2.4879  -180.6450     4.2940   -10.3053    18.1994  -317.6533    15.0591
 19  -508.5685     2.3553  -180.7349     4.0657    -9.8082    17.2436  -318.0123    14.2625
 20  -508.7186     2.2545  -180.8146     3.8604   -10.3836    16.3992  -317.5073    13.5683
 21  -508.5406     2.1738  -181.5443     3.9514    -8.7867    15.9223  -318.1965    12.9794
 22  -508.1851     2.1912  -181.9810     3.8674    -6.1557    16.0674  -320.0353    12.9102
 23  -508.1462     2.0953  -182.3649     3.7743    -5.2108    15.4688  -320.5573    12.3803
 24  -508.0964     2.0085  -182.1313     3.6438    -5.2696    14.8107  -320.6824    11.8558
 25  -507.9627     1.9450  -182.0831     3.4963    -4.2018    14.3656  -321.6647    11.5402
 26  -507.9756     1.8689  -182.2552     3.3767    -3.9388    13.8120  -321.7685    11.0894
 27  -507.8375     1.8194  -182.8281     3.4454    -2.5057    13.5961  -322.4906    10.7680
 28  -507.9286     1.7627  -182.6579     3.3374    -3.0104    13.1404  -322.2472    10.3878
 29  -508.0079     1.7082  -182.8146     3.2355    -3.6145    12.7366  -321.5657    10.1154
 30  -508.1779     1.6849  -183.0984     3.1769    -4.3637    12.3956  -320.7027     9.9237
 31  -508.2617     1.6382  -182.7908     3.1337    -4.9444    12.0452  -320.5134     9.6057
 32  -508.2554     1.5863  -182.9487     3.0505    -4.7679    11.6681  -320.5257     9.3007
 33  -508.2736     1.5379  -182.8678     2.9611    -5.1095    11.3296  -320.2832     9.0275
 34  -508.2950     1.4926  -182.8748     2.8727    -5.3090    10.9986  -320.0981     8.7658
 35  -508.2412     1.4533  -183.2211     2.8741    -5.1236    10.6861  -319.8833     8.5225
 36  -508.2510     1.4125  -182.9926     2.8303    -5.2561    10.3884  -319.9892     8.2851
 37  -508.3221     1.3811  -182.9498     2.7541    -5.7666    10.1552  -319.5926     8.0970
 38  -508.3695     1.3476  -182.7464     2.7113    -6.2632     9.9341  -319.3468     7.8963
 39  -508.5647     1.3694  -182.8421     2.6478    -7.5908    10.0337  -318.1187     8.0738
 40  -508.4702     1.3481  -182.7436     2.5883    -7.0868     9.8315  -318.6267     7.9347
 41  -508.2238     1.4041  -182.5478     2.5545    -5.1859    10.3149  -320.4770     8.5781
 42  -508.0924     1.3953  -182.2382     2.5687    -4.1995    10.2578  -321.6416     8.6893
 43  -507.9267     1.4021  -182.1216     2.5191    -3.1844    10.2201  -322.6076     8.7020
 44  -507.7904     1.3967  -182.3518     2.5039    -2.1667    10.1904  -323.2587     8.6011
 45  -507.8096     1.3659  -182.0310     2.5303    -2.8189    10.0464  -322.9467     8.4309
 46  -507.7199     1.3479  -182.2801     2.5244    -2.0407     9.9481  -323.3860     8.2923
 47  -507.6806     1.3212  -182.3700     2.4766    -1.8986     9.7383  -323.3989     8.1140
 48  -507.6712     1.2935  -182.7667     2.5510    -1.5586     9.5575  -323.3328     7.9442
 49  -507.5524     1.2890  -183.0993     2.5854    -0.3754     9.6549  -324.0646     7.9169
 50  -507.5535     1.2629  -183.1843     2.5389    -0.2603     9.4626  -324.0958     7.7572
 
 
 group  inft  solvation free energy     error          difference
  total solvation free energy
   1      0        -89.91668           1.19581          -0.27496
   1     60        -90.33712           1.19571          -0.69541
   1     80        -93.75259           1.19464          -4.11088
   1    100       -104.30645           1.19190         -14.66473
   2      0        -89.84874           1.21817          -0.20703
   3      0        -89.64172           1.22494           0.00000
   4      0        -89.85033           1.23594          -0.20861
   5      0        -89.18629           1.24043           0.45543
   5     60        -89.74045           1.24031          -0.09873
   5     80        -93.93239           1.23934          -4.29067
   5    100       -103.63574           1.23758         -13.99402
 
  contribution from  1-th solvent component
   1      0       -141.81546           2.35326          -0.48866
   1     60       -141.85184           2.35320          -0.52503
   1     80       -142.16884           2.35317          -0.84203
   1    100       -143.11573           2.35500          -1.78892
   2      0       -141.41972           2.38489          -0.09291
   3      0       -141.32681           2.39588           0.00000
   4      0       -141.23926           2.40224           0.08754
   5      0       -140.73379           2.41088           0.59302
   5     60       -140.78431           2.41081           0.54250
   5     80       -141.16913           2.41079           0.15768
   5    100       -142.03251           2.41254          -0.70570
 
  contribution from  2-th solvent component
   1      0         63.48834           4.72953           0.24562
   1     60         63.50319           4.72952           0.26046
   1     80         63.67213           4.72950           0.42941
   1    100         63.95561           4.72980           0.71289
   2      0         63.11803           4.71191          -0.12469
   3      0         63.24272           4.70201           0.00000
   4      0         62.96844           4.70095          -0.27428
   5      0         63.16361           4.69765          -0.07911
   5     60         63.19650           4.69765          -0.04623
   5     80         63.36600           4.69746           0.12327
   5    100         63.57230           4.69728           0.32958
 
  contribution from  3-th solvent component
   1      0        -11.57644           4.35627          -0.03193
   1     60        -11.97535           4.35659          -0.43084
   1     80        -15.24277           4.36091          -3.69826
   1    100        -25.13321           4.38024         -13.58870
   2      0        -11.53394           4.35726           0.01058
   3      0        -11.54451           4.35661           0.00000
   4      0        -11.56639           4.35663          -0.02187
   5      0        -11.60299           4.35819          -0.05847
   5     60        -12.13952           4.35855          -0.59500
   5     80        -16.11614           4.36413          -4.57162
   5    100        -25.16242           4.38191         -13.61791
 
 
 group  inft   Estimated free energy: total (kcal/mol)
   1      0     -94.1101     -97.3581     -93.1664     -95.0232     -83.4551
                -85.3907     -94.5465     -87.4237     -87.5248     -93.4588
                -83.9354     -86.3946     -88.6907     -89.2085     -91.9891
                -81.1813     -85.6964     -91.4768     -85.9268     -85.2697
                -92.6512     -93.2470     -86.9934     -84.0954     -89.9984
                -91.4141     -86.5172     -94.4280     -95.5524     -96.6295
                -84.5150     -93.1911     -94.5186     -83.9247     -93.4498
                -84.5783     -93.6759     -89.3118     -95.7806     -89.1491
                -89.7738     -89.6643     -87.6457     -93.2804     -81.6244
                -91.7316     -90.8673     -90.1536     -93.0272     -93.2174
   1     60     -94.5250     -97.7775     -93.5818     -95.4388     -83.8777
                -85.8122     -94.9693     -87.8471     -87.9445     -93.8732
                -84.3564     -86.8167     -89.1138     -89.6294     -92.4098
                -81.5993     -86.1131     -91.8955     -86.3459     -85.6913
                -93.0759     -93.6702     -87.4177     -84.5166     -90.4247
                -91.8375     -86.9375     -94.8467     -95.9752     -97.0442
                -84.9279     -93.6146     -94.9411     -84.3439     -93.8654
                -84.9998     -94.0975     -89.7316     -96.1966     -89.5673
                -90.1897     -90.0841     -88.0715     -93.7030     -82.0476
                -92.1538     -91.2875     -90.5727     -93.4540     -93.6417
   1     80     -97.8917    -101.1783     -96.9627     -98.8248     -87.3121
                -89.2566     -98.4246     -91.2907     -91.3521     -97.2316
                -87.7689     -90.2392     -92.5442     -93.0457     -95.8207
                -84.9890     -89.4814     -95.3130     -89.7657     -89.1143
                -96.5117     -97.0977     -90.8543     -87.9319     -93.8771
                -95.2674     -90.3613     -98.2532     -99.4000    -100.4101
                -88.2978     -97.0421     -98.3640     -87.7378     -97.2395
                -88.4261     -97.5265     -93.1463     -99.5686     -92.9769
                -93.6074     -93.5223     -91.5372     -97.1365     -85.4879
                -95.5832     -94.6856     -93.9637     -96.9220     -97.0860
   1    100    -108.3000    -111.6762    -107.4210    -109.3166     -97.9103
                -99.9707    -109.1560    -101.9431    -101.8669    -107.6173
                -98.2901    -100.7801    -103.1238    -103.5874    -106.3358
                -95.4529     -99.8800    -105.9068    -100.3430     -99.6737
               -107.0813    -107.6841    -101.4543     -98.4799    -104.5215
               -105.8373    -100.9600    -108.8006    -109.9468    -110.8075
                -98.7502    -107.6032    -108.9237     -98.1956    -107.6799
                -99.0043    -108.1129    -103.6941    -109.9895    -103.5484
               -104.3125    -104.2142    -102.2563    -107.7485     -96.0903
               -106.1651    -105.1617    -104.4240    -107.6194    -107.7034
   2      0     -94.1359     -97.5848     -93.0923     -94.8330     -83.4105
                -85.4377     -94.5942     -87.4185     -87.4843     -93.1219
                -83.5551     -86.4706     -88.8594     -89.1684     -92.1038
                -80.8893     -85.5536     -91.2565     -85.6259     -85.0869
                -92.8798     -93.5085     -86.8892     -83.8725     -90.0545
                -91.3821     -86.1195     -94.0285     -95.4505     -96.4941
                -84.2761     -92.9427     -94.4820     -83.6969     -93.7899
                -84.2437     -93.8353     -89.1098     -95.3809     -89.0122
                -89.9489     -89.6625     -87.4844     -93.3471     -81.2404
                -91.6945     -91.1953     -90.3258     -93.2105     -93.1963
   3      0     -93.6649     -97.3226     -92.9092     -94.2714     -83.2521
                -85.1020     -94.5613     -87.1572     -86.9896     -92.7702
                -83.4292     -86.3627     -88.7861     -89.0041     -91.9117
                -80.5676     -85.3019     -90.8987     -85.2784     -84.5599
                -92.6299     -93.2823     -86.9494     -83.6468     -90.0841
                -91.2462     -85.6202     -93.8947     -95.2926     -96.0922
                -84.0806     -92.9959     -94.4430     -83.3780     -93.7468
                -84.0289     -93.6655     -88.7972     -95.1802     -88.6498
                -89.7423     -89.3981     -87.4631     -93.3708     -81.0897
                -91.6506     -91.3069     -90.1001     -93.2007     -92.9585
   4      0     -93.9243     -97.7711     -92.8933     -94.9299     -83.5564
                -85.4018     -94.6439     -87.3511     -87.2098     -93.0502
                -83.5548     -86.3843     -89.0871     -89.4617     -92.0753
                -80.6090     -85.2863     -91.1554     -85.5281     -85.0862
                -92.9565     -93.5639     -87.1507     -83.7145     -90.2564
                -91.3640     -85.8131     -94.0028     -95.3977     -96.4348
                -84.1422     -92.8346     -94.6467     -83.6360     -93.9428
                -83.9997     -93.8328     -89.0954     -95.6387     -88.9391
                -90.0444     -89.5109     -87.4883     -93.4942     -81.1921
                -91.8191     -91.5803     -90.4063     -93.2129     -93.4454
   5      0     -93.0051     -97.0405     -92.5565     -94.1628     -82.8438
                -84.8150     -93.9571     -86.5502     -86.3020     -92.2077
                -83.0102     -86.1244     -88.4308     -88.4647     -91.7306
                -80.2128     -84.6930     -90.5495     -84.8219     -83.9497
                -92.5827     -93.0171     -86.4635     -82.9316     -89.5879
                -90.6707     -84.7625     -93.4227     -94.6602     -95.5082
                -83.3809     -92.1396     -94.3072     -82.7262     -93.3125
                -83.6389     -93.3492     -88.3718     -94.4614     -88.2601
                -89.3682     -88.8938     -87.0513     -93.0580     -80.3116
                -90.9587     -90.9996     -90.0522     -92.8742     -92.7639
   5     60     -93.5520     -97.5931     -93.1054     -94.7108     -83.4011
                -85.3704     -94.5144     -87.1077     -86.8557     -92.7536
                -83.5652     -86.6821     -88.9889     -89.0197     -92.2857
                -80.7641     -85.2407     -91.1021     -85.3761     -84.5055
                -93.1413     -93.5734     -87.0216     -83.4848     -90.1493
                -91.2285     -85.3166     -93.9743     -95.2168     -96.0555
                -83.9263     -92.6976     -94.8630     -83.2789     -93.8602
                -84.1945     -93.9059     -88.9254     -95.0093     -88.8114
                -89.9165     -89.4476     -87.6118     -93.6144     -80.8707
                -91.5153     -91.5526     -90.6047     -93.4365     -93.3233
   5     80     -97.6848    -101.7654     -97.2556     -98.8625     -87.6150
                -89.6050     -98.7589     -91.3356     -91.0380     -96.8774
                -87.7483     -90.8865     -93.2012     -93.2100     -96.4719
                -84.9247     -89.3778     -95.2986     -89.5724     -88.7025
                -97.3563     -97.7830     -91.2392     -87.6707     -94.3891
                -95.4375     -89.5177     -98.1549     -99.4133    -100.1882
                -88.0652     -96.9046     -99.0629     -87.4440     -98.0022
                -88.3960     -98.1120     -93.1147     -99.1470     -92.9997
                -94.1233     -93.6723     -91.8647     -97.8264     -85.0895
                -95.7234     -95.7207     -94.7686     -97.6930     -97.5473
   5    100    -107.2587    -111.4151    -106.8710    -108.4962     -97.3532
                -99.4646    -108.6274    -101.1323    -100.7101    -106.4267
                -97.4124    -100.5910    -102.9357    -102.8971    -106.1440
                -94.5476     -98.9445    -105.0429     -99.2945     -98.4002
               -107.0737    -107.5168    -100.9845     -97.3589    -104.1823
               -105.1529     -99.2576    -107.8497    -109.0991    -109.7577
                -97.6807    -106.6193    -108.7704     -97.0616    -107.6032
                -98.1097    -107.8412    -102.8083    -108.7231    -102.7233
               -103.9808    -103.5069    -101.7167    -107.5784     -94.8314
               -105.4554    -105.3515    -104.3931    -107.5317    -107.3016
 
 group  inft   Estimated free energy: 1-th solvent contribution (kcal/mol)
   1      0    -147.7641    -147.0193    -147.1814    -131.6658    -139.1043
               -130.1990    -129.6597    -132.1271    -140.6766    -130.2753
               -135.6627    -148.0762    -146.2591    -151.7786    -144.3881
               -138.2979    -134.5338    -130.3178    -137.8408    -135.4828
               -154.0446    -152.5317    -143.6619    -133.2119    -142.4265
               -146.5975    -146.6481    -140.3991    -149.6378    -153.6763
               -133.2515    -148.0837    -144.2043    -141.3146    -155.3056
               -133.5866    -142.8814    -135.3681    -145.7499    -135.0363
               -134.1415    -129.0577    -134.2009    -153.4443    -126.3754
               -152.9235    -150.4513    -154.2187    -153.0825    -146.9496
   1     60    -147.7998    -147.0553    -147.2169    -131.7020    -139.1412
               -130.2361    -129.6965    -132.1637    -140.7130    -130.3115
               -135.6993    -148.1126    -146.2956    -151.8149    -144.4245
               -138.3341    -134.5699    -130.3541    -137.8773    -135.5194
               -154.0806    -152.5680    -143.6987    -133.2486    -142.4633
               -146.6339    -146.6845    -140.4353    -149.6742    -153.7117
               -133.2871    -148.1198    -144.2408    -141.3508    -155.3410
               -133.6234    -142.9179    -135.4048    -145.7859    -135.0728
               -134.1783    -129.0944    -134.2377    -153.4806    -126.4125
               -152.9599    -150.4873    -154.2548    -153.1192    -146.9863
   1     80    -148.1137    -147.3704    -147.5281    -132.0164    -139.4617
               -130.5561    -130.0154    -132.4811    -141.0291    -130.6249
               -136.0161    -148.4309    -146.6130    -152.1322    -144.7419
               -138.6493    -134.8823    -130.6689    -138.1944    -135.8368
               -154.3969    -152.8854    -144.0194    -133.5667    -142.7829
               -146.9522    -147.0019    -140.7503    -149.9932    -154.0236
               -133.5977    -148.4351    -144.5597    -141.6672    -155.6539
               -133.9433    -143.2365    -135.7235    -146.1010    -135.3904
               -134.4972    -129.4119    -134.5567    -153.8001    -126.7324
               -153.2790    -150.8034    -154.5715    -153.4408    -147.3053
   1    100    -149.0628    -148.3190    -148.4669    -132.9521    -140.4144
               -131.4939    -130.9573    -133.4178    -141.9716    -131.5579
               -136.9562    -149.3874    -147.5634    -153.0867    -145.6948
               -139.5890    -135.8124    -131.6007    -139.1391    -136.7785
               -155.3477    -153.8382    -144.9739    -134.5073    -143.7330
               -147.9053    -147.9530    -141.6922    -150.9529    -154.9703
               -134.5264    -149.3797    -145.5144    -142.6127    -156.6051
               -134.8950    -144.1910    -136.6730    -147.0485    -136.3312
               -135.4380    -130.3482    -135.4990    -154.7656    -127.6765
               -154.2403    -151.7569    -155.5257    -154.4039    -148.2598
   2      0    -147.5583    -146.8354    -146.9036    -131.1368    -138.6059
               -129.8586    -129.2595    -131.6040    -140.1850    -129.6627
               -134.9866    -147.8041    -145.8609    -151.5204    -144.0554
               -137.7010    -133.9876    -129.8273    -137.2383    -134.8770
               -153.7767    -152.3087    -143.3153    -132.6181    -142.0857
               -146.2654    -146.0287    -139.9583    -149.3771    -153.4719
               -132.8678    -147.8543    -143.9732    -140.8749    -155.1968
               -133.0389    -142.6492    -134.8622    -145.3147    -134.4757
               -133.6703    -128.6254    -133.6546    -153.1927    -125.8285
               -152.7280    -150.2241    -153.9279    -152.7852    -146.5676
   3      0    -147.4859    -146.7638    -146.8058    -130.8416    -138.4734
               -129.7248    -129.1879    -131.4353    -139.9796    -129.5306
               -134.8819    -147.7424    -145.7056    -151.4736    -143.9956
               -137.5935    -133.8971    -129.7658    -137.0541    -134.6198
               -153.7403    -152.2968    -143.2784    -132.5155    -142.0547
               -146.2180    -145.8561    -139.8854    -149.3282    -153.4015
               -132.7141    -147.9268    -143.9370    -140.7742    -155.1109
               -132.8624    -142.5767    -134.7280    -145.2071    -134.3343
               -133.5374    -128.5306    -133.6379    -153.1978    -125.6851
               -152.7443    -150.2291    -153.8545    -152.8001    -146.4193
   4      0    -147.4639    -146.8477    -146.7679    -131.0997    -138.4119
               -129.6322    -129.0427    -131.1633    -139.9253    -129.4635
               -134.7098    -147.6823    -145.6842    -151.4136    -144.0173
               -137.3328    -133.8264    -129.5941    -137.1287    -134.7302
               -153.6814    -152.2006    -142.9383    -132.3032    -141.8506
               -146.0863    -145.8548    -139.7260    -149.1653    -153.5259
               -132.5160    -147.7054    -143.6711    -140.7178    -155.0586
               -132.7306    -142.5994    -134.5986    -145.1506    -134.2967
               -133.4807    -128.4177    -133.3853    -153.0351    -125.4541
               -152.5153    -150.1834    -153.9383    -152.6280    -146.6106
   5      0    -146.8704    -146.2952    -146.3973    -130.4667    -137.8150
               -129.1568    -128.4446    -130.6552    -139.2161    -128.7625
               -134.2718    -147.4244    -145.1761    -150.6440    -143.7191
               -137.0850    -133.3758    -129.2416    -136.4862    -133.8309
               -153.4224    -151.8172    -142.5180    -131.7369    -141.3517
               -145.6350    -145.0639    -139.3496    -148.6797    -152.8516
               -131.9761    -147.2157    -143.4251    -140.0309    -154.5390
               -132.4294    -142.1749    -134.1153    -144.3026    -133.7859
               -132.9047    -127.8847    -133.0283    -152.6765    -124.7687
               -151.9635    -149.6796    -153.6479    -152.3128    -146.0671
   5     60    -146.9199    -146.3452    -146.4467    -130.5166    -137.8663
               -129.2085    -128.4958    -130.7064    -139.2665    -128.8127
               -134.3223    -147.4750    -145.2268    -150.6942    -143.7694
               -137.1353    -133.4260    -129.2922    -136.5367    -133.8816
               -153.4727    -151.8678    -142.5692    -131.7878    -141.4031
               -145.6858    -145.1144    -139.3999    -148.7301    -152.9007
               -132.0254    -147.2662    -143.4757    -140.0814    -154.5884
               -132.4801    -142.2254    -134.1660    -144.3525    -133.8367
               -132.9561    -127.9357    -133.0795    -152.7268    -124.8200
               -152.0140    -149.7296    -153.6981    -152.3640    -146.1179
   5     80    -147.3005    -146.7284    -146.8252    -130.8956    -138.2559
               -129.5976    -128.8832    -131.0935    -139.6497    -129.1947
               -134.7048    -147.8619    -145.6134    -151.0792    -144.1540
               -137.5175    -133.8080    -129.6751    -136.9203    -134.2664
               -153.8581    -152.2546    -142.9589    -132.1723    -141.7931
               -146.0731    -145.4994    -139.7833    -149.1152    -153.2792
               -132.4025    -147.6512    -143.8617    -140.4661    -154.9695
               -132.8652    -142.6113    -134.5513    -144.7339    -134.2222
               -133.3449    -128.3216    -133.4670    -153.1129    -125.2077
               -152.4011    -150.1127    -154.0829    -152.7544    -146.5043
   5    100    -148.1645    -147.5954    -147.6826    -131.7420    -139.1258
               -130.4549    -129.7426    -131.9522    -140.5073    -130.0483
               -135.5574    -148.7353    -146.4828    -151.9491    -145.0208
               -138.3732    -134.6622    -130.5269    -137.7779    -135.1234
               -154.7290    -153.1269    -143.8305    -133.0263    -142.6642
               -146.9446    -146.3653    -140.6444    -149.9852    -154.1415
               -133.2493    -148.5185    -144.7298    -141.3300    -155.8398
               -133.7246    -143.4795    -135.4126    -145.5947    -135.0798
               -134.2073    -129.1767    -134.3272    -153.9891    -126.0666
               -153.2776    -150.9809    -154.9535    -153.6333    -147.3722
 
 group  inft   Estimated free energy: 2-th solvent contribution (kcal/mol)
   1      0      46.4294      48.9750      46.7221      21.9864      78.3441
                 91.9918      67.1475      75.3693      59.7696      16.6745
                 50.3710      75.0127      71.5287      69.2857      59.7101
                 68.1310      42.2354      56.5974      61.4963      53.0007
                 74.9614      88.6114      72.3821      62.4716      74.7887
                 65.7267      80.5587      53.2286      53.1552      52.1399
                 55.8156      63.6212      55.7337      61.7657      65.6517
                 59.7573      49.8757      50.1950      35.0879      68.9450
                101.7456      78.4864      80.8119      85.2847      47.4269
                 80.5586      68.7910      71.8816      89.7759      64.4028
   1     60      46.4456      48.9902      46.7366      22.0009      78.3592
                 92.0063      67.1611      75.3833      59.7837      16.6902
                 50.3846      75.0283      71.5436      69.3009      59.7253
                 68.1466      42.2514      56.6117      61.5104      53.0149
                 74.9759      88.6266      72.3973      62.4854      74.8030
                 65.7413      80.5731      53.2432      53.1699      52.1558
                 55.8311      63.6359      55.7478      61.7816      65.6675
                 59.7724      49.8896      50.2101      35.1028      68.9603
                101.7614      78.5007      80.8252      85.2998      47.4415
                 80.5738      68.8068      71.8974      89.7910      64.4166
   1     80      46.6301      49.1643      46.8977      22.1614      78.5279
                 92.1708      67.3153      75.5440      59.9433      16.8688
                 50.5431      75.2075      71.7156      69.4711      59.8988
                 68.3303      42.4359      56.7714      61.6656      53.1759
                 75.1401      88.8016      72.5678      62.6466      74.9686
                 65.9085      80.7326      53.4045      53.3363      52.3391
                 56.0102      63.8040      55.9103      61.9671      65.8530
                 59.9433      50.0444      50.3785      35.2758      69.1355
                101.9432      78.6624      80.9742      85.4709      47.6047
                 80.7477      68.9927      72.0792      89.9562      64.5689
   1    100      46.9662      49.4594      47.1594      22.4072      78.8120
                 92.4379      67.5479      75.7985      60.2008      17.1745
                 50.7928      75.5276      72.0042      69.7603      60.1971
                 68.6676      42.7666      57.0193      61.9039      53.4357
                 75.4065      89.1047      72.8496      62.9127      75.2482
                 66.1877      80.9872      53.6572      53.6115      52.6767
                 56.3330      64.0863      56.1726      62.3082      66.1922
                 60.2328      50.2815      50.6543      35.5709      69.4413
                102.2757      78.9174      81.1916      85.7642      47.8704
                 81.0493      69.3352      72.4049      90.2216      64.7960
   2      0      46.1619      48.5181      46.4821      21.6234      77.8540
                 91.5588      66.6645      74.8249      59.2604      16.3513
                 50.0325      74.6133      70.9135      69.0210      59.2208
                 67.7789      41.8004      56.2914      61.1494      52.5289
                 74.4173      88.0914      72.1072      62.0592      74.3607
                 65.3989      80.2900      53.1531      52.9408      52.0380
                 55.6235      63.5757      55.4894      61.4869      65.1492
                 59.5061      49.4259      49.8417      34.9876      68.4868
                101.0763      78.0241      80.3805      84.9281      47.2048
                 80.3510      68.1983      71.3907      89.2582      64.0111
   3      0      46.5598      48.7159      46.5879      21.9012      77.8813
                 91.7647      66.6497      74.9205      59.5788      16.5888
                 50.0669      74.6786      70.8406      69.1516      59.3691
                 67.9950      41.9724      56.6081      61.3256      52.8017
                 74.6283      88.3089      72.0017      62.1931      74.3157
                 65.5026      80.6135      53.2224      53.0588      52.3916
                 55.6728      63.6080      55.5092      61.7224      65.1184
                 59.5614      49.5287      50.0263      35.1082      68.7377
                101.1512      78.2156      80.3714      84.9224      47.2291
                 80.4224      68.0912      71.5449      89.2951      64.1050
   4      0      46.3142      48.3948      46.5715      21.5568      77.5619
                 91.3968      66.4269      74.4595      59.3203      16.2672
                 49.7899      74.6198      70.5787      68.6508      59.2662
                 67.7056      41.9108      56.1895      61.1806      52.4306
                 74.2483      87.9515      71.4627      61.9416      73.9679
                 65.2716      80.4399      52.9646      52.7969      52.1944
                 55.4124      63.5616      55.0464      61.4269      64.8942
                 59.5011      49.3938      49.6380      34.5903      68.4252
                100.8431      77.9908      80.1164      84.6127      46.9032
                 80.0499      67.8219      71.3510      89.1386      63.8726
   5      0      46.6606      48.5852      46.5829      21.6865      77.6936
                 91.5580      66.5684      74.7991      59.5781      16.4433
                 49.9405      74.6662      70.7437      68.9156      59.3361
                 67.9079      42.0833      56.4947      61.2829      52.7235
                 74.4038      88.1770      71.7646      62.1642      74.1515
                 65.5531      80.7361      53.2125      53.0895      52.4858
                 55.6832      63.7939      55.1657      61.6999      65.0445
                 59.5764      49.4819      49.9035      34.9677      68.6480
                100.9855      78.1385      80.2489      84.7445      47.1351
                 80.3752      67.9258      71.4439      89.2218      64.0083
   5     60      46.6955      48.6189      46.6143      21.7187      77.7269
                 91.5899      66.5997      74.8313      59.6093      16.4779
                 49.9716      74.7001      70.7769      68.9486      59.3692
                 67.9420      42.1186      56.5267      61.3136      52.7555
                 74.4364      88.2111      71.7983      62.1958      74.1834
                 65.5857      80.7677      53.2450      53.1223      52.5200
                 55.7171      63.8266      55.1974      61.7347      65.0795
                 59.6096      49.5126      49.9366      35.0009      68.6820
                101.0198      78.1709      80.2792      84.7778      47.1673
                 80.4086      67.9608      71.4780      89.2549      64.0393
   5     80      46.8834      48.7949      46.7751      21.8802      77.8986
                 91.7504      66.7513      74.9908      59.7670      16.6593
                 50.1304      74.8789      70.9488      69.1209      59.5421
                 68.1286      42.3071      56.6855      61.4670      52.9183
                 74.5998      88.3885      71.9682      62.3586      74.3480
                 65.7532      80.9265      53.4073      53.2897      52.7062
                 55.8989      63.9942      55.3567      61.9239      65.2700
                 59.7819      49.6654      50.1053      35.1751      68.8599
                101.2032      78.3309      80.4246      84.9493      47.3309
                 80.5823      68.1522      71.6625      89.4179      64.1904
   5    100      47.1345      49.0131      46.9640      22.0604      78.1132
                 91.9347      66.9109      75.1706      59.9449      16.8886
                 50.3122      75.1113      71.1576      69.3357      59.7561
                 68.3798      42.5582      56.8615      61.6334      53.1106
                 74.7897      88.6135      72.1712      62.5531      74.5458
                 65.9584      81.1081      53.5902      53.4898      52.9562
                 56.1414      64.1953      55.5382      62.1823      65.5283
                 59.9966      49.8306      50.3074      35.3914      69.0863
                101.4493      78.5108      80.5708      85.1624      47.5240
                 80.8008      68.4130      71.9054      89.6040      64.3499
 
 group  inft   Estimated free energy: 3-th solvent contribution (kcal/mol)
   1      0       7.2376       0.6994       7.3060      14.6693     -22.6818
                -47.1705     -32.0211     -30.6528      -6.6047      20.1551
                  1.3695     -13.3179     -13.9472      -6.7025      -7.2980
                -11.0013       6.6151     -17.7433      -9.5692      -2.7746
                -13.5550     -29.3135     -15.7005     -13.3419     -22.3475
                -10.5302     -20.4146      -7.2443       0.9433       4.9201
                 -7.0659      -8.7155      -6.0349      -4.3627      -3.7827
                -10.7359      -0.6571      -4.1257      14.8946     -23.0447
                -57.3647     -39.0799     -34.2436     -25.1076      -2.6628
                -19.3536      -9.1938      -7.8034     -29.7075     -10.6574
   1     60       6.8423       0.3008       6.9116      14.2755     -23.0826
                -47.5693     -32.4208     -31.0536      -7.0021      19.7612
                  0.9714     -13.7192     -14.3488      -7.1022      -7.6975
                -11.3987       6.2186     -18.1400      -9.9658      -3.1736
                -13.9581     -29.7157     -16.1031     -13.7403     -22.7512
                -10.9318     -20.8130      -7.6415       0.5422       4.5248
                 -7.4588      -9.1176      -6.4350      -4.7615      -4.1788
                -11.1357      -1.0561      -4.5238      14.4996     -23.4417
                -57.7597     -39.4773     -34.6459     -25.5091      -3.0635
                -19.7546      -9.5939      -8.2022     -30.1127     -11.0589
   1     80       3.6051      -2.9591       3.6808      11.0433     -26.3652
                -50.8583     -35.7114     -34.3404     -10.2532      16.5375
                 -2.2829     -17.0026     -17.6337     -10.3715     -10.9645
                -14.6569       2.9782     -21.4024     -13.2237      -6.4403
                -17.2418     -33.0008     -19.3896     -16.9987     -26.0497
                -14.2105     -24.0789     -10.8943      -2.7299       1.2875
                -10.6972     -12.3979      -9.7015      -8.0246      -7.4255
                -14.4130      -4.3212      -7.7881      11.2697     -26.7089
                -61.0403     -42.7597     -37.9416     -28.7942      -6.3470
                -23.0388     -12.8618     -11.4582     -33.4243     -14.3365
   1    100      -6.1902     -12.8035      -6.1004       1.2414     -36.2948
                -60.9016     -45.7336     -44.3106     -20.0830       6.7791
                -12.1136     -26.9073     -27.5515     -20.2479     -20.8250
                -24.5183      -6.8211     -31.3122     -23.0946     -16.3177
                -27.1271     -42.9375     -29.3169     -26.8722     -36.0236
                -24.1066     -33.9811     -20.7525     -12.5923      -8.5007
                -20.5437     -22.2967     -19.5688     -17.8780     -17.2539
                -24.3290     -14.1903     -17.6623       1.5012     -36.6454
                -71.1371     -52.7703     -47.9358     -38.7340     -16.2712
                -32.9610     -22.7268     -21.2900     -43.4240     -24.2266
   2      0       7.2737       0.7456       7.3423      14.6935     -22.6455
                -47.1249     -31.9860     -30.6263      -6.5465      20.2026
                  1.4121     -13.2667     -13.8988      -6.6559      -7.2561
                -10.9540       6.6468     -17.7075      -9.5238      -2.7257
                -13.5073     -29.2781     -15.6680     -13.3005     -22.3165
                -10.5025     -20.3676      -7.2101       0.9990       4.9529
                 -7.0187      -8.6510      -5.9851      -4.2958      -3.7292
                -10.6978      -0.5989      -4.0762      14.9592     -23.0102
                -57.3418     -39.0481     -34.1972     -25.0694      -2.6035
                -19.3044      -9.1565      -7.7755     -29.6703     -10.6266
   3      0       7.2743       0.7385       7.3218      14.6821     -22.6469
                -47.1288     -32.0100     -30.6292      -6.5757      20.1848
                  1.3989     -13.2858     -13.9081      -6.6690      -7.2721
                -10.9560       6.6359     -17.7279      -9.5368      -2.7287
                -13.5048     -29.2812     -15.6597     -13.3112     -22.3319
                -10.5177     -20.3644      -7.2186       0.9899       4.9308
                 -7.0261      -8.6640      -6.0020      -4.3132      -3.7413
                -10.7148      -0.6045      -4.0824      14.9318     -23.0400
                -57.3429     -39.0700     -34.1836     -25.0822      -2.6206
                -19.3155      -9.1559      -7.7775     -29.6826     -10.6311
   4      0       7.2386       0.6950       7.3162      14.6261     -22.6933
                -47.1533     -32.0150     -30.6341      -6.5917      20.1592
                  1.3783     -13.3087     -13.9685      -6.6857      -7.3111
                -10.9688       6.6424     -17.7376      -9.5670      -2.7735
                -13.5103     -29.3017     -15.6621     -13.3398     -22.3606
                -10.5363     -20.3850      -7.2282       0.9839       4.9097
                 -7.0255      -8.6776      -6.0089      -4.3321      -3.7653
                -10.7571      -0.6141      -4.1217      14.9347     -23.0545
                -57.3936     -39.0709     -34.2062     -25.0588      -2.6281
                -19.3406      -9.2057      -7.8059     -29.7104     -10.6943
   5      0       7.2178       0.6827       7.2711      14.6305     -22.7093
                -47.2031     -32.0678     -30.6809      -6.6510      20.1246
                  1.3342     -13.3531     -13.9853      -6.7232      -7.3345
                -11.0225       6.6126     -17.7894      -9.6054      -2.8292
                -13.5510     -29.3638     -15.6970     -13.3458     -22.3745
                -10.5756     -20.4215      -7.2725       0.9432       4.8708
                 -7.0750      -8.7047      -6.0347      -4.3821      -3.8049
                -10.7727      -0.6431      -4.1468      14.8866     -23.1091
                -57.4359     -39.1345     -34.2587     -25.1129      -2.6649
                -19.3573      -9.2327      -7.8351     -29.7701     -10.6919
   5     60       6.6855       0.1464       6.7401      14.1002     -23.2486
                -47.7387     -32.6052     -31.2194      -7.1854      19.5944
                  0.7985     -13.8941     -14.5259      -7.2610      -7.8723
                -11.5577       6.0798     -18.3235     -10.1399      -3.3663
                -14.0919     -29.9036     -16.2375     -13.8798     -22.9165
                -11.1153     -20.9568      -7.8062       0.4042       4.3384
                 -7.6048      -9.2449      -6.5716      -4.9191      -4.3382
                -11.3109      -1.1800      -4.6829      14.3553     -23.6436
                -57.9671     -39.6697     -34.7984     -25.6523      -3.2049
                -19.8968      -9.7707      -8.3714     -30.3143     -11.2316
   5     80       2.7454      -3.8187       2.8077      10.1660     -27.2446
                -51.7447     -36.6140     -35.2199     -11.1422      15.6711
                 -3.1607     -17.8904     -18.5234     -11.2385     -11.8469
                -15.5227       2.1363     -22.2959     -14.1060      -7.3413
                -18.0848     -33.9038     -20.2355     -17.8439     -26.9309
                -15.1045     -24.9317     -11.7658      -3.5746       0.3979
                -11.5485     -13.2345     -10.5448      -8.8887      -8.2896
                -15.2995      -5.1530      -8.6556      10.4249     -27.6243
                -61.9685     -43.6685     -38.8092     -29.6497      -7.1996
                -23.8915     -13.7470     -12.3352     -34.3433     -15.2203
   5    100      -6.2156     -12.8197      -6.1393       1.1985     -36.3274
                -60.9313     -45.7826     -44.3377     -20.1346       6.7461
                -12.1540     -26.9539     -27.5974     -20.2706     -20.8662
                -24.5411      -6.8273     -31.3643     -23.1369     -16.3743
                -27.1212     -42.9902     -29.3121     -26.8727     -36.0507
                -24.1535     -33.9872     -20.7824     -12.5905      -8.5593
                -20.5597     -22.2830     -19.5657     -17.9008     -17.2785
                -24.3686     -14.1792     -17.6900       1.4933     -36.7167
                -71.2098     -52.8279     -47.9472     -38.7385     -16.2757
                -32.9656     -22.7706     -21.3319     -43.4893     -24.2662
 
 
 cumulative average & 95% error for solvation free energy
              total             1st component         2nd component         3rd component
  1   -93.6649             -147.4859               46.5598                7.2743
  2   -95.4937     3.6577  -147.1248     0.7221    47.6378     2.1561     4.0064     6.5359
  3   -94.6322     2.7255  -147.0185     0.4680    47.2879     1.4281     5.1115     4.3732
  4   -94.5420     1.9356  -142.9743     8.0952    40.9412    12.7334     7.5042     5.6975
  5   -92.2840     4.7584  -142.0741     6.5239    48.3292    17.7656     1.4740    12.8425
  6   -91.0870     4.5635  -140.0159     6.7319    55.5685    20.4948    -6.6265    19.2983
  7   -91.5834     3.9826  -138.4690     6.4762    57.1515    17.6082   -10.2527    17.8498
  8   -91.0301     3.6222  -137.5898     5.8778    59.3726    15.8830   -12.7998    16.2761
  9   -90.5811     3.3182  -137.8553     5.2108    59.3955    14.0076   -12.1082    14.4206
 10   -90.8000     3.0000  -137.0229     4.9492    55.1149    15.1746    -8.8789    14.4249
 11   -90.1300     3.0265  -136.8282     4.4936    54.6560    13.7566    -7.9446    13.1809
 12   -89.8160     2.8333  -137.7377     4.4873    56.3245    12.9938    -8.3897    12.0654
 13   -89.7368     2.6111  -138.3507     4.3059    57.4411    12.1594    -8.8142    11.1310
 14   -89.6845     2.4196  -139.2880     4.4053    58.2776    11.3810    -8.6609    10.3098
 15   -89.8329     2.2720  -139.6019     4.1489    58.3504    10.5962    -8.5683     9.5997
 16   -89.2539     2.4204  -139.4763     3.8890    58.9531     9.9849    -8.7176     8.9847
 17   -89.0214     2.3206  -139.1481     3.7116    57.9543     9.5895    -7.8144     8.6308
 18   -89.1257     2.1978  -138.6269     3.6513    57.8795     9.0423    -8.3652     8.2114
 19   -88.9232     2.1180  -138.5441     3.4577    58.0609     8.5609    -8.4268     7.7682
 20   -88.7050     2.0561  -138.3479     3.3037    57.7979     8.1386    -8.1419     7.3915
 21   -88.8919     1.9912  -139.0809     3.4676    58.5994     7.9055    -8.3973     7.0493
 22   -89.0915     1.9400  -139.6816     3.5177    59.9498     8.0069    -9.3466     6.9842
 23   -88.9984     1.8631  -139.8380     3.3758    60.4738     7.7223    -9.6211     6.6962
 24   -88.7754     1.8387  -139.5329     3.2892    60.5454     7.3949    -9.7748     6.4185
 25   -88.8277     1.7667  -139.6337     3.1613    61.0962     7.1780   -10.2771     6.2378
 26   -88.9208     1.7076  -139.8870     3.0792    61.2657     6.9047   -10.2864     5.9931
 27   -88.7985     1.6612  -140.1081     2.9958    61.9823     6.7969   -10.6596     5.8150
 28   -88.9805     1.6416  -140.1001     2.8869    61.6694     6.5795   -10.5367     5.6089
 29   -89.1982     1.6427  -140.4183     2.8573    61.3725     6.3763   -10.1392     5.4701
 30   -89.4280     1.6522  -140.8511     2.8930    61.0732     6.1891    -9.6369     5.3792
 31   -89.2555     1.6349  -140.5886     2.8469    60.8989     5.9962    -9.5527     5.2055
 32   -89.3724     1.6001  -140.8179     2.7944    60.9836     5.8083    -9.5249     5.0406
 33   -89.5260     1.5810  -140.9124     2.7150    60.8177     5.6393    -9.4182     4.8901
 34   -89.3452     1.5759  -140.9084     2.6339    60.8443     5.4712    -9.2680     4.7536
 35   -89.4710     1.5507  -141.3142     2.6832    60.9664     5.3182    -9.1101     4.6266
 36   -89.3198     1.5371  -141.0794     2.6496    60.9274     5.1689    -9.1547     4.4971
 37   -89.4372     1.5133  -141.1199     2.5782    60.6193     5.0649    -8.9236     4.3982
 38   -89.4204     1.4733  -140.9517     2.5319    60.3406     4.9612    -8.7962     4.2885
 39   -89.5681     1.4651  -141.0608     2.4758    59.6936     5.0026    -8.1878     4.3507
 40   -89.5451     1.4288  -140.8926     2.4364    59.9197     4.8969    -8.5591     4.3051
 41   -89.5499     1.3935  -140.7132     2.4032    60.9253     5.1822    -9.7489     4.8262
 42   -89.5463     1.3599  -140.4232     2.4160    61.3370     5.1239   -10.4471     4.9125
 43   -89.4979     1.3315  -140.2654     2.3801    61.7797     5.0810   -10.9991     4.9223
 44   -89.5859     1.3127  -140.5593     2.3986    62.3056     5.0744   -11.3191     4.8516
 45   -89.3971     1.3376  -140.2287     2.4361    61.9706     5.0054   -11.1258     4.7583
 46   -89.4461     1.3119  -140.5008     2.4439    62.3717     4.9607   -11.3039     4.6673
 47   -89.4857     1.2861  -140.7078     2.4269    62.4934     4.8601   -11.2582     4.5678
 48   -89.4985     1.2593  -140.9817     2.4381    62.6820     4.7727   -11.1857     4.4740
 49   -89.5740     1.2425  -141.2229     2.4361    63.2251     4.7988   -11.5632     4.4463
 50   -89.6417     1.2249  -141.3268     2.3959    63.2427     4.7020   -11.5445     4.3566
 
 Mesh error is    0.455 kcal/mol
