 ERmod 0.3.7, Copyright (C) 2000-2019 Nobuyuki Matubayasi
                            2010-2019 Shun Sakuraba
 ERmod comes with ABSOLUTELY NO WARRANTY.
 This is free software, and you can redistribute it
 and/or modify it under certain conditions.
 See LICENSE file for details.
 ERmod 0.3.7, Copyright (C) 2000-2019 Nobuyuki Matubayasi
                            2010-2019 Shun Sakuraba
 ERmod comes with ABSOLUTELY NO WARRANTY.
 This is free software, and you can redistribute it
 and/or modify it under certain conditions.
 See LICENSE file for details.
 
  Number of the   1-th solvent  =          109
  Number of the   2-th solvent  =          109
  Number of the   3-th solvent  =        10000
 
  Be sure that the solvent distribution is homogeneous (radial distribution function is essentially unity) when the solvent molecule is separated beyond distance of   10.0 Angstrom in any direction from any atom within the solute molecule
 
  LJ long-range correction    =        -0.1706     -0.0156     -3.1963
 
  Self-energy of the solute   =         0.0015  kcal/mol
 
 
 cumulative average & 95% error for solvation energy
              total             1st component         2nd component         3rd component
  1  -187.5863              -16.2132                8.0684             -179.4430
  2  -187.6420     0.1115   -16.8805     1.3347     7.7553     0.6263  -178.5182     1.8495
  3  -187.7347     0.1963   -16.9542     0.7846     6.3877     2.7590  -177.1697     2.9008
  4  -187.8861     0.3330   -17.6768     1.5479     6.9175     2.2201  -177.1284     2.0528
  5  -188.0275     0.3829   -17.6548     1.1998     6.0408     2.4560  -176.4151     2.1363
  6  -187.9960     0.3189   -17.3927     1.1111     5.6689     2.1388  -176.2737     1.7671
  7  -188.2548     0.5837   -17.6082     1.0332     3.6080     4.5008  -174.2561     4.3027
  8  -188.1829     0.5255   -17.3666     1.0169     4.1111     4.0256  -174.9288     3.9617
  9  -188.1739     0.4638   -17.4515     0.9127     4.3051     3.5714  -175.0290     3.4996
 10  -188.1404     0.4202   -17.3223     0.8563     4.6249     3.2578  -175.4446     3.2386
 
 
 group  inft  solvation free energy     error          difference
  total solvation free energy
   1      0        -31.94663           0.08882           0.14326
   1     60        -32.07481           0.08883           0.01508
   1     80        -33.01607           0.08867          -0.92618
   1    100        -36.37083           0.08640          -4.28094
   2      0        -31.99423           0.11167           0.09566
   3      0        -32.08989           0.11289           0.00000
   4      0        -32.14000           0.11701          -0.05011
   5      0        -32.16783           0.11098          -0.07794
   5     60        -32.33962           0.11082          -0.24973
   5     80        -33.51525           0.11005          -1.42536
   5    100        -36.58131           0.10784          -4.49142
 
  contribution from  1-th solvent component
   1      0        -11.82491           0.36612          -0.09270
   1     60        -11.82631           0.36612          -0.09410
   1     80        -11.83952           0.36618          -0.10732
   1    100        -11.88266           0.36620          -0.15046
   2      0        -11.75206           0.36780          -0.01985
   3      0        -11.73221           0.36786           0.00000
   4      0        -11.68536           0.36840           0.04685
   5      0        -11.69025           0.36546           0.04195
   5     60        -11.69210           0.36546           0.04010
   5     80        -11.70744           0.36547           0.02476
   5    100        -11.74744           0.36547          -0.01524
 
  contribution from  2-th solvent component
   1      0          5.89013           1.69053           0.11257
   1     60          5.89441           1.69071           0.11685
   1     80          5.90985           1.69111           0.13229
   1    100          5.93705           1.69260           0.15949
   2      0          5.84858           1.71135           0.07102
   3      0          5.77756           1.71575           0.00000
   4      0          5.69716           1.71099          -0.08041
   5      0          5.68903           1.71038          -0.08853
   5     60          5.68865           1.71040          -0.08891
   5     80          5.70221           1.71096          -0.07535
   5    100          5.73713           1.71266          -0.04043
 
  contribution from  3-th solvent component
   1      0        -26.01335           1.78687           0.12340
   1     60        -26.14442           1.78717          -0.00767
   1     80        -27.08790           1.78903          -0.95115
   1    100        -30.42672           1.79735          -4.28997
   2      0        -26.09225           1.78616           0.04450
   3      0        -26.13675           1.78740           0.00000
   4      0        -26.15331           1.78472          -0.01656
   5      0        -26.16811           1.78550          -0.03136
   5     60        -26.33767           1.78588          -0.20092
   5     80        -27.51152           1.78819          -1.37477
   5    100        -30.57251           1.79527          -4.43576
 
 
 group  inft   Estimated free energy: total (kcal/mol)
   1      0     -31.9694     -31.7215     -32.0833     -31.8863     -31.9075
                -31.9126     -32.2113     -31.7838     -31.9919     -31.9988
   1     60     -32.0975     -31.8497     -32.2122     -32.0149     -32.0358
                -32.0402     -32.3388     -31.9115     -32.1201     -32.1273
   1     80     -33.0412     -32.7903     -33.1583     -32.9547     -32.9771
                -32.9803     -33.2735     -32.8517     -33.0610     -33.0725
   1    100     -36.4037     -36.1455     -36.5240     -36.3099     -36.3262
                -36.3316     -36.5987     -36.2090     -36.4169     -36.4428
   2      0     -32.0236     -31.7660     -32.0882     -31.8976     -31.9175
                -32.0206     -32.3640     -31.7525     -32.0510     -32.0613
   3      0     -32.1097     -31.8546     -32.1572     -31.9791     -32.0080
                -32.1762     -32.4567     -31.8504     -32.1559     -32.1512
   4      0     -32.1591     -31.8942     -32.2282     -32.0293     -32.0858
                -32.2064     -32.4981     -31.8593     -32.2288     -32.2108
   5      0     -32.2016     -31.9418     -32.2450     -32.0363     -32.1113
                -32.2736     -32.5034     -31.9090     -32.2407     -32.2155
   5     60     -32.3737     -32.1136     -32.4176     -32.2081     -32.2831
                -32.4453     -32.6735     -32.0804     -32.4127     -32.3881
   5     80     -33.5518     -33.2898     -33.5989     -33.3829     -33.4589
                -33.6191     -33.8403     -33.2544     -33.5881     -33.5683
   5    100     -36.6254     -36.3580     -36.6755     -36.4457     -36.5204
                -36.6810     -36.8824     -36.3201     -36.6546     -36.6500
 
 group  inft   Estimated free energy: 1-th solvent contribution (kcal/mol)
   1      0     -11.3508     -11.8841     -11.7440     -12.9385     -11.9076
                -11.3285     -12.5560     -11.1671     -12.0619     -11.3106
   1     60     -11.3522     -11.8854     -11.7453     -12.9398     -11.9089
                -11.3299     -12.5575     -11.1685     -12.0634     -11.3120
   1     80     -11.3655     -11.8982     -11.7588     -12.9529     -11.9217
                -11.3429     -12.5716     -11.1819     -12.0766     -11.3252
   1    100     -11.4082     -11.9407     -11.8026     -12.9958     -11.9636
                -11.3856     -12.6158     -11.2262     -12.1201     -11.3679
   2      0     -11.2667     -11.8111     -11.6673     -12.8775     -11.8168
                -11.2738     -12.4916     -11.0987     -11.9847     -11.2323
   3      0     -11.2587     -11.7854     -11.6527     -12.8660     -11.7989
                -11.2536     -12.4587     -11.0792     -11.9682     -11.2008
   4      0     -11.2005     -11.7267     -11.6144     -12.8160     -11.7485
                -11.2108     -12.4271     -11.0386     -11.9169     -11.1541
   5      0     -11.2242     -11.7315     -11.6141     -12.8165     -11.7518
                -11.2273     -12.4207     -11.0603     -11.9223     -11.1338
   5     60     -11.2260     -11.7333     -11.6160     -12.8184     -11.7536
                -11.2292     -12.4226     -11.0622     -11.9242     -11.1356
   5     80     -11.2412     -11.7484     -11.6316     -12.8337     -11.7686
                -11.2443     -12.4380     -11.0780     -11.9398     -11.1507
   5    100     -11.2812     -11.7879     -11.6720     -12.8735     -11.8079
                -11.2839     -12.4785     -11.1188     -11.9802     -11.1905
 
 group  inft   Estimated free energy: 2-th solvent contribution (kcal/mol)
   1      0       7.4930       7.3901       5.2003       8.0927       4.9076
                  5.5138      -1.0211       7.6448       6.3920       7.2881
   1     60       7.4976       7.3945       5.2044       8.0971       4.9119
                  5.5180      -1.0174       7.6496       6.3961       7.2925
   1     80       7.5134       7.4105       5.2187       8.1137       4.9275
                  5.5331      -1.0033       7.6664       6.4112       7.3074
   1    100       7.5409       7.4385       5.2425       8.1450       4.9557
                  5.5611      -0.9820       7.6964       6.4384       7.3338
   2      0       7.4395       7.3548       5.2040       8.0897       4.8771
                  5.4339      -1.1557       7.6694       6.3351       7.2380
   3      0       7.3928       7.2802       5.1570       8.0350       4.8140
                  5.3157      -1.2411       7.6065       6.2556       7.1599
   4      0       7.2989       7.1993       5.0782       7.9536       4.7079
                  5.2507      -1.2940       7.5573       6.1673       7.0523
   5      0       7.2859       7.1800       5.0701       7.9634       4.7049
                  5.2166      -1.2950       7.5479       6.1727       7.0438
   5     60       7.2855       7.1796       5.0696       7.9632       4.7046
                  5.2164      -1.2955       7.5477       6.1722       7.0433
   5     80       7.2993       7.1935       5.0818       7.9785       4.7183
                  5.2295      -1.2838       7.5629       6.1856       7.0566
   5    100       7.3358       7.2294       5.1129       8.0191       4.7541
                  5.2629      -1.2546       7.6028       6.2193       7.0896
 
 group  inft   Estimated free energy: 3-th solvent contribution (kcal/mol)
   1      0     -28.1131     -27.2289     -25.5411     -27.0420     -24.9091
                -26.0994     -18.6357     -28.2630     -26.3234     -27.9778
   1     60     -28.2443     -27.3603     -25.6728     -27.1736     -25.0403
                -26.2298     -18.7654     -28.3941     -26.4543     -28.1093
   1     80     -29.1907     -28.3041     -26.6197     -28.1170     -25.9845
                -27.1721     -19.7001     -29.3377     -27.3971     -29.0562
   1    100     -32.5379     -31.6449     -29.9654     -31.4606     -29.3199
                -30.5086     -23.0024     -32.6807     -30.7367     -32.4102
   2      0     -28.1978     -27.3112     -25.6265     -27.1113     -24.9793
                -26.1822     -18.7182     -28.3247     -26.4029     -28.0684
   3      0     -28.2453     -27.3509     -25.6630     -27.1496     -25.0246
                -26.2398     -18.7584     -28.3793     -26.4448     -28.1119
   4      0     -28.2591     -27.3683     -25.6936     -27.1684     -25.0468
                -26.2477     -18.7785     -28.3795     -26.4807     -28.1106
   5      0     -28.2649     -27.3918     -25.7024     -27.1846     -25.0659
                -26.2644     -18.7893     -28.3980     -26.4925     -28.1271
   5     60     -28.4347     -27.5615     -25.8727     -27.3544     -25.2357
                -26.4341     -18.9569     -28.5674     -26.6622     -28.2972
   5     80     -29.6114     -28.7364     -27.0506     -28.5293     -26.4100
                -27.6059     -20.1200     -29.7408     -27.8353     -29.4756
   5    100     -32.6815     -31.8011     -30.1180     -31.5928     -29.4681
                -30.6615     -23.1508     -32.8056     -30.8952     -32.5505
 
 
 cumulative average & 95% error for solvation free energy
              total             1st component         2nd component         3rd component
  1   -32.1097              -11.2587                7.3928              -28.2453
  2   -31.9821     0.2551   -11.5220     0.5267     7.3365     0.1126   -27.7981     0.8943
  3   -32.0405     0.1879   -11.5656     0.3163     6.6100     1.4545   -27.0864     1.5142
  4   -32.0251     0.1364   -11.8907     0.6876     6.9662     1.2511   -27.1022     1.0711
  5   -32.0217     0.1059   -11.8723     0.5339     6.5358     1.2963   -26.6867     1.1743
  6   -32.0474     0.1006   -11.7692     0.4822     6.3324     1.1339   -26.6122     0.9703
  7   -32.1059     0.1446   -11.8677     0.4527     5.2505     2.3666   -25.4902     2.3891
  8   -32.0740     0.1406   -11.7691     0.4388     5.5450     2.1325   -25.8514     2.1915
  9   -32.0831     0.1253   -11.7913     0.3895     5.6240     1.8873   -25.9173     1.9372
 10   -32.0899     0.1129   -11.7322     0.3679     5.7776     1.7157   -26.1368     1.7874
 
 Warning: mesh error is    0.143 kcal/mol and is larger than the 95% error of    0.113 kcal/mol
