 ERmod 0.3.8, Copyright (C) 2000-2019 Nobuyuki Matubayasi
                            2010-2019 Shun Sakuraba
 ERmod comes with ABSOLUTELY NO WARRANTY.
 This is free software, and you can redistribute it
 and/or modify it under certain conditions.
 See LICENSE file for details.
 ERmod 0.3.8, Copyright (C) 2000-2019 Nobuyuki Matubayasi
                            2010-2019 Shun Sakuraba
 ERmod comes with ABSOLUTELY NO WARRANTY.
 This is free software, and you can redistribute it
 and/or modify it under certain conditions.
 See LICENSE file for details.
 
  Number of the   1-th solvent  =          792
  Number of the   2-th solvent  =          792
  Number of the   3-th solvent  =        10000
 
  Be sure that the solvent distribution is homogeneous (radial distribution function is essentially unity) when the solvent molecule is separated beyond distance of   10.0 Angstrom in any direction from any atom within the solute molecule
 
  LJ long-range correction    =        -1.3175     -0.2494     -7.0203
 
  Self-energy of the solute   =        -0.0056  kcal/mol
 
 
 cumulative average & 95% error for solvation energy
              total             1st component         2nd component         3rd component
  1  -523.3438             -202.8698             -121.9755             -198.4929
  2  -522.9458     0.7959  -196.9839    11.7719  -126.5590     9.1670  -199.3974     1.8089
  3  -523.0788     0.5310  -195.0159     7.8539  -129.6035     8.0677  -198.4539     2.1567
  4  -523.1888     0.4351  -194.4643     5.6621  -132.5349     8.1801  -196.1841     4.7889
  5  -522.9158     0.6416  -196.1690     5.5552  -128.0681    10.9524  -198.6731     6.2081
  6  -522.7815     0.5888  -195.2668     4.8816  -127.5499     9.0025  -199.9592     5.6842
  7  -522.4196     0.8783  -195.0546     4.1474  -126.0946     8.1462  -201.2649     5.4678
  8  -522.3116     0.7907  -196.2540     4.3192  -124.0864     8.1180  -201.9657     4.9384
  9  -522.2913     0.6985  -195.5503     4.0608  -124.4109     7.1888  -202.3246     4.4140
 10  -522.2522     0.6296  -194.5058     4.1900  -124.8560     6.4912  -202.8849     4.1040
 11  -521.9454     0.8373  -194.4867     3.7902  -122.9176     7.0358  -204.5354     4.9677
 12  -521.8299     0.7985  -194.6463     3.4746  -121.7864     6.8097  -205.3916     4.8474
 13  -521.9415     0.7677  -194.5614     3.2007  -122.3129     6.3519  -205.0617     4.5075
 14  -521.9123     0.7131  -194.1947     3.0527  -122.5509     5.8999  -205.1612     4.1779
 15  -521.8524     0.6746  -194.4527     2.8884  -122.0499     5.5832  -205.3442     3.9066
 16  -521.8086     0.6371  -195.0150     2.9265  -121.0604     5.5850  -205.7277     3.7339
 17  -521.8098     0.5985  -194.4854     2.9460  -121.0500     5.2462  -206.2688     3.6705
 18  -521.8785     0.5807  -194.7692     2.8349  -121.2221     4.9582  -205.8817     3.5461
 19  -522.1061     0.7133  -195.0769     2.7513  -122.5542     5.3939  -204.4694     4.3853
 20  -522.3653     0.8525  -194.4851     2.8659  -124.7702     6.7695  -203.1045     4.9758
 21  -522.4433     0.8257  -193.7323     3.1141  -125.9072     6.8288  -202.7982     4.7724
 22  -522.5045     0.7968  -194.0085     3.0201  -125.7805     6.5160  -202.7099     4.5538
 23  -522.4193     0.7802  -194.5505     3.0827  -124.6655     6.6135  -203.1977     4.4593
 24  -522.5829     0.8155  -194.5544     2.9515  -125.2340     6.4332  -202.7889     4.3470
 25  -522.5267     0.7902  -194.8258     2.8825  -124.6195     6.2918  -203.0758     4.2088
 26  -522.4766     0.7658  -194.9790     2.7863  -124.2254     6.0961  -203.2666     4.0617
 27  -522.4997     0.7383  -194.7714     2.7131  -124.8822     6.0112  -202.8405     4.0002
 28  -522.4641     0.7150  -194.7637     2.6145  -124.7066     5.8032  -202.9882     3.8659
 29  -522.5428     0.7077  -194.8210     2.5253  -125.0941     5.6529  -202.6222     3.8014
 30  -522.5335     0.6839  -194.6493     2.4637  -125.5151     5.5257  -202.3635     3.7088
 31  -522.5674     0.6650  -194.8878     2.4302  -125.7099     5.3587  -201.9642     3.6750
 32  -522.5681     0.6439  -194.3647     2.5750  -126.0847     5.2424  -202.1131     3.5707
 33  -522.5146     0.6331  -193.7569     2.7761  -126.2850     5.0968  -202.4671     3.5325
 34  -522.3481     0.6987  -193.7251     2.6940  -125.4313     5.2312  -203.1861     3.7165
 35  -522.3133     0.6820  -193.7904     2.6191  -125.0685     5.1310  -203.4489     3.6468
 36  -522.3171     0.6628  -193.8657     2.5498  -124.9246     4.9948  -203.5212     3.5470
 37  -522.3568     0.6496  -193.8293     2.4810  -125.0713     4.8668  -203.4507     3.4527
 38  -522.3508     0.6323  -193.4967     2.5047  -125.4137     4.7862  -203.4348     3.3608
 39  -522.3067     0.6222  -194.0214     2.6558  -124.4769     5.0243  -203.8027     3.3552
 40  -522.3178     0.6069  -194.0244     2.5886  -124.4070     4.8991  -203.8807     3.2739
 41  -522.2923     0.5941  -193.9979     2.5252  -124.1639     4.8028  -204.1249     3.2302
 42  -522.2832     0.5800  -193.7010     2.5349  -124.4282     4.7167  -204.1485     3.1527
 43  -522.3175     0.5705  -194.1113     2.6077  -124.2200     4.6245  -203.9806     3.0968
 44  -522.2725     0.5646  -193.7500     2.6483  -124.0605     4.5295  -204.4565     3.1718
 45  -522.2485     0.5540  -193.6354     2.5989  -124.1165     4.4291  -204.4910     3.1013
 46  -522.2787     0.5452  -193.9021     2.5971  -123.8429     4.3662  -204.5281     3.0340
 47  -522.2571     0.5352  -193.7570     2.5578  -123.8584     4.2724  -204.6360     2.9766
 48  -522.2590     0.5240  -193.7769     2.5043  -123.8762     4.1826  -204.6004     2.9148
 49  -522.2288     0.5167  -193.9320     2.4722  -123.5897     4.1362  -204.7015     2.8618
 50  -522.2806     0.5168  -193.9147     2.4225  -123.8078     4.0760  -204.5525     2.8198
 
 
 group  inft  solvation free energy     error          difference
  total solvation free energy
   1      0        -87.92593           1.32464           0.68575
   1     60        -88.24882           1.32466           0.36286
   1     80        -90.81465           1.32516          -2.20297
   1    100        -99.67243           1.32840         -11.06075
   2      0        -88.36507           1.35323           0.24661
   3      0        -88.61168           1.36439           0.00000
   4      0        -88.65594           1.37268          -0.04426
   5      0        -88.59989           1.37875           0.01179
   5     60        -89.02951           1.37879          -0.41783
   5     80        -92.18366           1.37933          -3.57199
   5    100       -100.34651           1.38212         -11.73483
 
  contribution from  1-th solvent component
   1      0       -163.03680           1.43981          -0.40339
   1     60       -163.06277           1.43978          -0.42936
   1     80       -163.29641           1.43972          -0.66299
   1    100       -164.09757           1.44017          -1.46415
   2      0       -162.72248           1.46734          -0.08906
   3      0       -162.63341           1.47512           0.00000
   4      0       -162.40855           1.48250           0.22486
   5      0       -162.42443           1.48848           0.20898
   5     60       -162.46167           1.48844           0.17174
   5     80       -162.74631           1.48836          -0.11290
   5    100       -163.48371           1.48881          -0.85030
 
  contribution from  2-th solvent component
   1      0         18.30651           2.40015           1.10703
   1     60         18.31348           2.40025           1.11400
   1     80         18.43958           2.40173           1.24010
   1    100         18.70241           2.40796           1.50292
   2      0         17.53028           2.39400           0.33079
   3      0         17.19949           2.39139           0.00000
   4      0         16.94489           2.39558          -0.25459
   5      0         17.03435           2.38815          -0.16513
   5     60         17.05241           2.38831          -0.14708
   5     80         17.19676           2.39009          -0.00273
   5    100         17.44445           2.39562           0.24497
 
  contribution from  3-th solvent component
   1      0         56.80994           1.30356          -0.01789
   1     60         56.50605           1.30367          -0.32178
   1     80         54.04775           1.30496          -2.78008
   1    100         45.72831           1.30945         -11.09952
   2      0         56.83271           1.30297           0.00488
   3      0         56.82783           1.30309           0.00000
   4      0         56.81330           1.30342          -0.01454
   5      0         56.79577           1.30309          -0.03206
   5     60         56.38533           1.30325          -0.44250
   5     80         53.37147           1.30483          -3.45636
   5    100         45.69833           1.30898         -11.12950
 
 
 group  inft   Estimated free energy: total (kcal/mol)
   1      0     -94.0273     -89.0108     -84.6861     -95.6579     -84.8707
                -89.5411     -82.4606     -85.4468     -89.5615     -91.1263
                -80.7502     -88.7444     -87.4671     -91.5661     -88.2916
                -89.5806     -89.8195     -91.5190     -95.0022     -94.6492
                -97.7755     -92.3175     -82.4985     -92.8948     -88.4357
                -84.4046     -91.9103     -83.6755     -87.7005     -87.9032
                -94.4239     -88.2772     -91.0199     -79.8580     -85.0604
                -90.7290     -90.6515     -84.3806     -76.8073     -77.5500
                -88.5993     -91.1603     -87.0582     -78.8379     -86.7208
                -87.4416     -83.2766     -88.5941     -86.2660     -86.2887
   1     60     -94.3506     -89.3344     -85.0083     -95.9815     -85.1934
                -89.8645     -82.7833     -85.7686     -89.8850     -91.4492
                -81.0739     -89.0688     -87.7898     -91.8899     -88.6141
                -89.9038     -90.1437     -91.8411     -95.3233     -94.9717
                -98.0997     -92.6406     -82.8208     -93.2164     -88.7589
                -84.7273     -92.2334     -83.9991     -88.0221     -88.2257
                -94.7466     -88.5992     -91.3436     -80.1829     -85.3818
                -91.0520     -90.9733     -84.7045     -77.1295     -77.8720
                -88.9226     -91.4839     -87.3811     -79.1602     -87.0433
                -87.7641     -83.5999     -88.9169     -86.5886     -86.6118
   1     80     -96.9253     -91.9062     -87.5635     -98.5560     -87.7623
                -92.4387     -85.3470     -88.3218     -92.4586     -94.0118
                -83.6539     -91.6454     -90.3515     -94.4570     -91.1721
                -92.4752     -92.7197     -94.3962     -97.8724     -97.5377
               -100.6828     -95.2087     -85.3825     -95.7712     -91.3266
                -87.2940     -94.8007     -86.5717     -90.5778     -90.7903
                -97.3184     -91.1646     -93.9219     -82.7647     -87.9308
                -93.6178     -93.5292     -87.2745     -79.6825     -80.4237
                -91.4873     -94.0586     -89.9485     -81.7252     -89.6071
                -90.3212     -86.1674     -91.4829     -89.1479     -89.1800
   1    100    -105.8143    -100.7776     -96.3823    -107.4454     -96.6303
               -101.3271     -94.1837     -97.1396    -101.3415    -102.8572
                -92.5606    -100.5328     -99.1902    -103.3207     -99.9965
               -101.3465    -101.6101    -103.2171    -106.6873    -106.4157
               -109.6065    -104.0784     -94.2154    -104.5989    -100.1893
                -96.1504    -103.6661     -95.4463     -99.4122     -99.6481
               -106.2049    -100.0397    -102.8469     -91.6681     -96.7274
               -102.4715    -102.3634     -96.1367     -88.4725     -89.2241
               -100.3382    -102.9515     -98.8130     -90.5795     -98.4539
                -99.1446     -95.0275    -100.3445     -97.9777     -98.0477
   2      0     -94.6160     -89.4961     -84.9732     -95.8889     -85.1904
                -90.2520     -82.5559     -86.1032     -90.2290     -91.8250
                -80.7697     -89.2085     -88.0353     -92.1158     -89.1047
                -90.1610     -90.3581     -91.9572     -95.5631     -94.9716
                -98.4894     -92.5530     -83.0836     -93.3181     -88.9314
                -85.1539     -92.2065     -83.4164     -88.0116     -88.4918
                -94.5842     -88.5766     -91.4790     -80.3442     -86.0371
                -91.2608     -91.1451     -84.4885     -76.7308     -77.5572
                -89.3014     -91.9349     -87.2357     -79.0762     -87.3409
                -87.9205     -83.4120     -89.1671     -87.1049     -86.5259
   3      0     -94.8605     -89.8214     -85.3818     -96.2089     -85.4604
                -90.3048     -82.7918     -86.2953     -90.5034     -92.0485
                -80.8659     -89.5206     -88.4271     -92.4166     -89.1883
                -90.4997     -90.7329     -92.2473     -95.7735     -95.1824
                -98.6966     -92.9243     -83.5211     -93.7596     -89.3425
                -85.3796     -92.4488     -83.6576     -88.0642     -88.6866
                -94.8175     -88.9043     -91.8029     -80.6915     -86.3383
                -91.4966     -91.6163     -84.5418     -76.6592     -77.5797
                -89.5553     -92.1918     -87.1448     -79.3777     -87.5095
                -88.2481     -83.6549     -89.5957     -87.4557     -86.3903
   4      0     -94.7865     -89.7923     -85.2477     -96.4477     -85.4696
                -90.5127     -82.7542     -86.3705     -90.5373     -92.2150
                -80.9326     -89.5667     -88.5702     -92.4758     -89.3673
                -90.4727     -90.6809     -92.2907     -95.8812     -95.1926
                -98.8584     -92.9662     -83.5057     -93.8656     -89.3668
                -85.5607     -92.4232     -83.4556     -88.1375     -88.5744
                -94.9189     -88.8353     -91.8051     -80.4860     -86.4101
                -91.6238     -91.4334     -84.5711     -76.6812     -77.6099
                -89.7837     -92.4566     -87.1314     -79.5372     -87.6229
                -88.2715     -83.6121     -89.6275     -87.5236     -86.5774
   5      0     -95.0492     -89.6855     -85.2310     -96.2545     -85.6479
                -90.7205     -82.6141     -86.5491     -90.6755     -91.9971
                -80.7390     -89.7414     -88.4107     -92.4691     -89.0439
                -90.4348     -90.6644     -92.3402     -95.8848     -95.0410
                -98.6096     -92.9815     -83.4209     -93.5157     -89.4980
                -85.4349     -92.6412     -83.3450     -87.9163     -88.4891
                -94.7456     -88.9199     -91.9710     -80.7400     -86.7283
                -91.6996     -91.5241     -84.4389     -76.4301     -77.3560
                -89.7479     -92.3251     -86.8171     -79.4290     -87.3357
                -88.1850     -83.5171     -89.4130     -87.4288     -86.1966
   5     60     -95.4798     -90.1163     -85.6595     -96.6853     -86.0776
                -91.1512     -83.0438     -86.9768     -91.1062     -92.4265
                -81.1703     -90.1730     -88.8399     -92.8992     -89.4726
                -90.8654     -91.0962     -92.7683     -96.3115     -95.4702
                -99.0412     -93.4113     -83.8501     -93.9436     -89.9282
                -85.8641     -93.0712     -83.7759     -88.3438     -88.9184
                -95.1755     -89.3487     -92.4018     -81.1719     -87.1556
                -92.1295     -91.9520     -84.8695     -76.8585     -77.7836
                -90.1774     -92.7558     -87.2467     -79.8581     -87.7651
                -88.6137     -83.9473     -89.8429     -87.8578     -86.6265
   5     80     -98.6437     -93.2773     -88.8022     -99.8488     -89.2359
                -94.3149     -86.1958     -90.1149     -94.2707     -95.5766
                -84.3437     -93.3398     -91.9886     -96.0536     -92.6146
                -94.0278     -94.2663     -95.9076     -99.4431     -98.6244
               -102.2132     -96.5680     -87.0005     -97.0863     -93.0857
                -89.0181     -96.2272     -86.9410     -91.4841     -92.0729
                -98.3374     -92.5045     -95.5716     -84.3456     -90.2899
                -95.2838     -95.0954     -88.0271     -79.9948     -80.9184
                -93.3278     -95.9210     -90.4018     -83.0122     -90.9174
                -91.7575     -87.1037     -92.9997     -91.0032     -89.7829
   5    100    -106.8351    -101.4555     -96.9317    -108.0378     -97.4110
               -102.5038     -94.3423     -98.2377    -102.4610    -103.7287
                -92.5553    -101.5279    -100.1345    -104.2174    -100.7432
               -102.2080    -102.4687    -104.0313    -107.5587    -106.7999
               -110.4315    -104.7399     -95.1452    -105.2265    -101.2557
                -97.1791    -104.3944     -95.1269     -99.6205    -100.2395
               -106.5255    -100.6866    -103.7968     -92.5512     -98.3998
               -103.4440    -103.2398     -96.1922     -88.0893     -89.0207
               -101.4804    -104.1192     -98.5660     -91.1739     -99.0705
                -99.8890     -95.2682    -101.1726     -99.1374     -97.9537
 
 group  inft   Estimated free energy: 1-th solvent contribution (kcal/mol)
   1      0    -169.2242    -161.1520    -160.4923    -166.0025    -166.7619
               -163.7784    -162.6495    -166.0964    -162.4168    -162.8716
               -155.4515    -165.8033    -164.1083    -163.6567    -167.1631
               -170.0973    -161.9546    -167.5163    -167.8391    -156.1353
               -160.5512    -167.2689    -169.9233    -165.7706    -167.3948
               -167.1381    -162.6197    -159.6250    -161.8934    -160.6446
               -169.5315    -155.6538    -156.0043    -157.5277    -165.7337
               -167.5265    -165.3128    -153.0034    -168.9881    -155.1329
               -163.6506    -160.0654    -167.7135    -148.7561    -160.1507
               -169.7578    -154.6224    -163.0348    -168.4070    -157.2667
   1     60    -169.2500    -161.1779    -160.5183    -166.0282    -166.7880
               -163.8045    -162.6751    -166.1223    -162.4427    -162.8976
               -155.4776    -165.8293    -164.1344    -163.6826    -167.1889
               -170.1232    -161.9805    -167.5419    -167.8647    -156.1610
               -160.5771    -167.2952    -169.9491    -165.7962    -167.4207
               -167.1639    -162.6456    -159.6511    -161.9194    -160.6705
               -169.5573    -155.6799    -156.0305    -157.5540    -165.7596
               -167.5524    -165.3386    -153.0296    -169.0140    -155.1594
               -163.6769    -160.0916    -167.7395    -148.7823    -160.1768
               -169.7836    -154.6486    -163.0608    -168.4327    -157.2929
   1     80    -169.4836    -161.4110    -160.7520    -166.2608    -167.0225
               -164.0388    -162.9074    -166.3554    -162.6756    -163.1324
               -155.7104    -166.0632    -164.3688    -163.9166    -167.4226
               -170.3571    -162.2144    -167.7743    -168.0966    -156.3919
               -160.8108    -167.5308    -170.1826    -166.0273    -167.6545
               -167.3977    -162.8792    -159.8848    -162.1525    -160.9029
               -169.7900    -155.9128    -156.2656    -157.7891    -165.9934
               -167.7857    -165.5722    -153.2642    -169.2475    -155.3958
               -163.9129    -160.3261    -167.9733    -149.0166    -160.4120
               -170.0172    -154.8826    -163.2934    -168.6652    -157.5262
   1    100    -170.2869    -162.2097    -161.5540    -167.0608    -167.8265
               -164.8429    -163.7057    -167.1534    -163.4749    -163.9409
               -156.5023    -166.8668    -165.1735    -164.7208    -168.2277
               -171.1619    -163.0182    -168.5757    -168.8956    -157.1814
               -161.6136    -168.3392    -170.9856    -166.8225    -168.4576
               -168.2025    -163.6814    -160.6839    -162.9493    -161.6978
               -170.5890    -156.7068    -157.0701    -158.5891    -166.7969
               -168.5866    -166.3760    -154.0654    -170.0473    -156.2002
               -164.7221    -161.1287    -168.7753    -149.8133    -161.2193
               -170.8217    -155.6813    -164.0906    -169.4648    -158.3212
   2      0    -169.0278    -160.8170    -160.0717    -165.8374    -166.4464
               -163.5170    -162.1300    -165.8138    -162.2581    -162.6870
               -154.8430    -165.5672    -163.8869    -163.4598    -167.0456
               -169.9122    -161.7381    -167.1365    -167.6376    -155.8550
               -160.4080    -166.9684    -169.7543    -165.5986    -167.1444
               -166.9417    -162.3477    -158.9566    -161.5467    -160.2976
               -169.3425    -155.1844    -155.7693    -157.1545    -165.5477
               -167.3904    -165.1377    -152.2984    -168.4209    -154.4767
               -163.4278    -159.9312    -167.0767    -148.2242    -159.7798
               -169.5683    -154.0920    -162.8122    -168.2229    -156.6144
   3      0    -169.0078    -160.7930    -160.0355    -165.7276    -166.4397
               -163.3878    -161.9921    -165.7259    -162.1723    -162.6129
               -154.7066    -165.4792    -163.7878    -163.4357    -166.9279
               -169.9041    -161.7109    -167.1033    -167.5613    -155.8098
               -160.3811    -166.8357    -169.6884    -165.5709    -167.1036
               -166.8813    -162.2932    -158.6869    -161.4491    -160.2021
               -169.3027    -155.0927    -155.7394    -157.0954    -165.5421
               -167.3549    -165.1216    -152.0440    -168.2105    -154.2759
               -163.3532    -159.8886    -166.7844    -148.0571    -159.6202
               -169.4784    -153.8975    -162.7452    -168.2162    -156.4371
   4      0    -168.7272    -160.5783    -159.7484    -165.6264    -166.0873
               -163.2245    -161.7543    -165.3664    -162.0089    -162.4452
               -154.4632    -165.3027    -163.6572    -163.2055    -166.8712
               -169.5934    -161.4519    -166.8198    -167.3730    -155.5328
               -160.1969    -166.6744    -169.5294    -165.3228    -166.7859
               -166.6896    -162.0444    -158.5045    -161.2782    -159.9670
               -169.1382    -154.7954    -155.4162    -156.6492    -165.2328
               -167.0729    -164.8646    -151.6160    -168.0916    -154.0938
               -163.1752    -159.7844    -166.6961    -147.8272    -159.4492
               -169.3660    -153.5931    -162.6041    -167.9552    -156.1754
   5      0    -169.0120    -160.5763    -159.7912    -165.5290    -166.2885
               -163.4148    -161.6688    -165.6327    -162.1222    -162.3412
               -154.3293    -165.4818    -163.6353    -163.2309    -166.7247
               -169.6040    -161.4806    -166.8943    -167.5129    -155.6388
               -160.1274    -166.7158    -169.4993    -165.2217    -166.9579
               -166.6957    -162.1978    -158.3605    -161.1989    -159.9088
               -169.0095    -154.8810    -155.6056    -156.9521    -165.4790
               -167.1841    -164.9633    -151.6312    -167.8714    -153.9084
               -163.2489    -159.7475    -166.4823    -147.7554    -159.3074
               -169.3325    -153.5987    -162.4773    -168.0443    -155.9488
   5     60    -169.0491    -160.6135    -159.8285    -165.5659    -166.3258
               -163.4521    -161.7058    -165.6700    -162.1593    -162.3786
               -154.3667    -165.5191    -163.6726    -163.2682    -166.7618
               -169.6411    -161.5180    -166.9311    -167.5496    -155.6757
               -160.1646    -166.7531    -169.5364    -165.2585    -166.9951
               -166.7328    -162.2349    -158.3979    -161.2361    -159.9460
               -169.0465    -154.9182    -155.6431    -156.9897    -165.5162
               -167.2214    -165.0004    -151.6687    -167.9086    -153.9463
               -163.2865    -159.7850    -166.5195    -147.7929    -159.3448
               -169.3696    -153.6361    -162.5146    -168.0814    -155.9862
   5     80    -169.3338    -160.8974    -160.1134    -165.8488    -166.6111
               -163.7372    -161.9892    -165.9543    -162.4434    -162.6652
               -154.6508    -165.8038    -163.9578    -163.5531    -167.0463
               -169.9258    -161.8040    -167.2135    -167.8313    -155.9573
               -160.4498    -167.0390    -169.8213    -165.5408    -167.2802
               -167.0177    -162.5189    -158.6830    -161.5202    -160.2297
               -169.3298    -155.2023    -155.9294    -157.2762    -165.8015
               -167.5063    -165.2851    -151.9547    -168.1928    -154.2338
               -163.5732    -160.0710    -166.8037    -148.0774    -159.6302
               -169.6542    -153.9212    -162.7994    -168.3653    -156.2701
   5    100    -170.0738    -161.6325    -160.8518    -166.5837    -167.3500
               -164.4759    -162.7250    -166.6899    -163.1799    -163.4109
               -155.3810    -166.5426    -164.6973    -164.2929    -167.7868
               -170.6656    -162.5473    -167.9486    -168.5642    -156.6844
               -161.1903    -167.7796    -170.5618    -166.2751    -168.0205
               -167.7589    -163.2553    -159.4194    -162.2540    -160.9629
               -170.0650    -155.9338    -156.6696    -158.0127    -166.5427
               -168.2458    -166.0253    -152.6918    -168.9282    -154.9725
               -164.3155    -160.8109    -167.5395    -148.8082    -160.3700
               -170.3949    -154.6560    -163.5371    -169.1031    -157.0009
 
 group  inft   Estimated free energy: 2-th solvent contribution (kcal/mol)
   1      0      15.8119      13.2202      14.9371       6.4878      26.2715
                 18.0757      25.4393      25.0363      15.8584      16.7378
                 27.1500      24.9854      18.4046      15.6401      22.9677
                 26.3414      20.0579      17.0965       4.9188      -7.2466
                  1.6970      16.1740      34.1283      10.8499      25.0519
                 26.9942       8.0736      19.9302      11.8880      11.4087
                 12.1569      11.6654      13.1803      31.2385      26.9830
                 20.0674      16.2581      10.8597      40.7412      22.5146
                 22.4015      12.4369      20.7483      24.2624      16.9059
                 26.2986      16.9436      16.9467      26.9946      11.3346
   1     60      15.8184      13.2269      14.9445       6.4942      26.2784
                 18.0828      25.4468      25.0439      15.8648      16.7451
                 27.1565      24.9923      18.4120      15.6468      22.9748
                 26.3482      20.0650      17.1036       4.9257      -7.2408
                  1.7026      16.1811      34.1358      10.8566      25.0591
                 27.0013       8.0800      19.9367      11.8950      11.4154
                 12.1631      11.6721      13.1867      31.2451      26.9913
                 20.0742      16.2657      10.8658      40.7497      22.5223
                 22.4089      12.4435      20.7551      24.2699      16.9131
                 26.3062      16.9510      16.9534      27.0020      11.3412
   1     80      15.9370      13.3492      15.0790       6.6113      26.4020
                 18.2060      25.5797      25.1779      15.9823      16.8784
                 27.2746      25.1180      18.5427      15.7768      23.1080
                 26.4712      20.1931      17.2358       5.0532      -7.1305
                  1.8110      16.3056      34.2688      10.9802      25.1903
                 27.1253       8.1999      20.0557      12.0210      11.5362
                 12.2767      11.7915      13.3043      31.3687      27.1338
                 20.2002      16.3967      10.9881      40.8974      22.6608
                 22.5427      12.5625      20.8761      24.4025      17.0401
                 26.4423      17.0826      17.0748      27.1365      11.4610
   1    100      16.1693      13.5963      15.3698       6.8376      26.6546
                 18.4595      25.8751      25.4659      16.2142      17.1702
                 27.5065      25.3782      18.8279      16.0529      23.3999
                 26.7274      20.4610      17.5182       5.3093      -6.9357
                  2.0030      16.5584      34.5649      11.2361      25.4704
                 27.3855       8.4381      20.2938      12.2774      11.7781
                 12.4932      12.0301      13.5337      31.6207      27.4567
                 20.4646      16.6727      11.2460      41.2531      22.9770
                 22.8378      12.8014      21.1146      24.6975      17.3069
                 26.7424      17.3630      17.3196      27.4285      11.6971
   2      0      14.9964      12.3907      14.2206       6.0658      25.6265
                 17.0772      24.8041      24.0609      15.0103      15.8240
                 26.5095      24.2584      17.5843      14.8625      22.0047
                 25.5649      19.2562      16.2815       4.1419      -7.8565
                  0.8109      15.6218      33.3342      10.2410      24.2843
                 26.0122       7.4741      19.4982      11.1836      10.4743
                 11.7704      10.8710      12.4453      30.3484      25.7972
                 19.3883      15.5656      10.0280      40.2496      21.8081
                 21.4585      11.5105      19.9222      23.4647      15.8857
                 25.6301      16.2577      16.1235      25.9491      10.4217
   3      0      14.7512      12.0389      13.7769       5.6381      25.3402
                 16.9136      24.4398      23.7862      14.6551      15.5279
                 26.2881      23.8530      17.1014      14.5576      21.8028
                 25.2102      18.8453      15.9405       3.8754      -8.1312
                  0.5900      15.1265      32.8625       9.7827      23.8337
                 25.7361       7.1867      18.9826      11.0555      10.1826
                 11.5144      10.4572      12.1054      29.9670      25.5041
                 19.1335      15.0797       9.7335      40.1003      21.5693
                 21.1085      11.2087      19.7130      23.0087      15.5568
                 25.2180      15.8278      15.6216      25.6039      10.3930
   4      0      14.5509      11.8844      13.6354       5.3143      25.0103
                 16.5583      24.2350      23.3439      14.4586      15.2332
                 25.9656      23.6582      16.8618      14.2830      21.5867
                 24.9346      18.6565      15.6611       3.6041      -8.4038
                  0.2314      14.9333      32.7226       9.4563      23.5107
                 25.3817       6.9840      19.0174      10.7916      10.0629
                 11.2320      10.2491      11.7730      29.7386      25.1159
                 18.7379      15.0147       9.2969      39.9675      21.4106
                 20.7245      10.8541      19.6302      22.6496      15.2907
                 25.0894      15.5914      15.4587      25.3376       9.9582
   5      0      14.5999      11.9973      13.6977       5.4325      25.0583
                 16.5726      24.3148      23.4631      14.4275      15.3592
                 26.0503      23.6992      16.9812      14.3418      21.7780
                 25.0192      18.7179      15.7004       3.7387      -8.1385
                  0.4196      14.9786      32.7700       9.7216      23.5457
                 25.5286       6.9422      18.9940      10.9697      10.1275
                 11.3362      10.2794      11.8349      29.7899      25.0927
                 18.7753      15.0660       9.4543      40.0138      21.4761
                 20.8597      10.9722      19.7497      22.6865      15.4485
                 25.1644      15.7006      15.5604      25.5013      10.1473
   5     60      14.6171      12.0149      13.7168       5.4496      25.0762
                 16.5905      24.3335      23.4823      14.4445      15.3779
                 26.0673      23.7172      16.9996      14.3601      21.7967
                 25.0366      18.7360      15.7191       3.7573      -8.1222
                  0.4359      14.9965      32.7887       9.7390      23.5642
                 25.5468       6.9594      19.0111      10.9881      10.1451
                 11.3529      10.2966      11.8519      29.8077      25.1129
                 18.7932      15.0848       9.4717      40.0345      21.4957
                 20.8787      10.9895      19.7675      22.7050      15.4666
                 25.1837      15.7192      15.5778      25.5204      10.1646
   5     80      14.7524      12.1541      13.8701       5.5825      25.2161
                 16.7316      24.4864      23.6373      14.5779      15.5311
                 26.2005      23.8604      17.1493      14.5106      21.9515
                 25.1755      18.8805      15.8717       3.9047      -7.9966
                  0.5611      15.1384      32.9403       9.8797      23.7138
                 25.6899       7.0960      19.1449      11.1335      10.2824
                 11.4815      10.4316      11.9859      29.9489      25.2775
                 18.9379      15.2338       9.6134      40.2077      21.6569
                 21.0344      11.1252      19.9058      22.8558      15.6104
                 25.3408      15.8702      15.7156      25.6754      10.3015
   5    100      14.9727      12.3850      14.1429       5.7959      25.4520
                 16.9709      24.7634      23.9122      14.7950      15.8043
                 26.4179      24.1047      17.4157      14.7733      22.2286
                 25.4112      19.1275      16.1403       4.1522      -7.8054
                  0.7484      15.3770      33.2150      10.1192      23.9757
                 25.9358       7.3208      19.3645      11.3796      10.5102
                 11.6880      10.6546      12.2021      30.1870      25.5809
                 19.1880      15.4905       9.8583      40.5458      21.9581
                 21.3134      11.3500      20.1330      23.1281      15.8572
                 25.6246      16.1339      15.9441      25.9521      10.5266
 
 group  inft   Estimated free energy: 3-th solvent contribution (kcal/mol)
   1      0      59.3905      58.9266      60.8747      63.8623      55.6254
                 56.1672      54.7552      55.6188      57.0025      55.0131
                 47.5570      52.0790      58.2421      56.4560      55.9094
                 54.1809      52.0827      58.9063      67.9237      68.7383
                 61.0843      58.7829      53.3021      62.0315      53.9128
                 55.7448      62.6414      56.0249      62.3105      61.3384
                 62.9563      55.7168      51.8096      46.4368      53.6959
                 56.7357      58.4087      57.7686      51.4451      55.0739
                 52.6554      56.4738      59.9127      45.6613      56.5296
                 56.0232      54.4077      57.4996      55.1519      59.6490
   1     60      59.0866      58.6222      60.5711      63.5580      55.3217
                 55.8627      54.4505      55.3155      56.6985      54.7088
                 47.2527      51.7737      57.9381      56.1515      55.6055
                 53.8767      51.7773      58.6028      67.6212      68.4357
                 60.7803      58.4791      52.9981      61.7289      53.6083
                 55.4409      62.3379      55.7209      62.0079      61.0350
                 62.6531      55.4141      51.5058      46.1315      53.3921
                 56.4317      58.1052      57.4649      51.1404      54.7707
                 52.3511      56.1698      59.6089      45.3578      56.2261
                 55.7190      54.1032      57.1960      54.8476      59.3455
   1     80      56.6270      56.1612      58.1151      61.0991      52.8638
                 53.3996      51.9863      52.8612      54.2403      52.2478
                 44.7875      49.3054      55.4802      53.6883      53.1481
                 51.4163      49.3071      56.1479      65.1765      65.9903
                 58.3226      56.0221      50.5369      59.2815      51.1432
                 52.9839      59.8842      53.2629      59.5593      58.5821
                 60.2004      52.9623      49.0449      43.6613      50.9344
                 53.9733      55.6519      55.0072      48.6732      52.3169
                 49.8884      53.7106      57.1543      42.8945      53.7703
                 53.2592      51.6382      54.7413      52.3865      56.8908
   1    100      48.3089      47.8413      49.8075      52.7834      44.5471
                 45.0618      43.6524      44.5534      45.9248      43.9191
                 36.4408      40.9615      47.1609      45.3528      44.8369
                 43.0936      40.9527      47.8460      56.9045      57.7069
                 50.0097      47.7080      42.2108      50.9931      42.8035
                 44.6722      51.5827      44.9494      51.2652      50.2771
                 51.8965      44.6425      40.6951      35.3059      42.6184
                 45.6561      47.3455      46.6883      40.3273      44.0046
                 41.5516      45.3813      48.8533      34.5419      45.4640
                 44.9404      43.2963      46.4321      44.0641      48.5819
   2      0      59.4210      58.9358      60.8835      63.8883      55.6350
                 56.1935      54.7756      55.6553      57.0244      55.0436
                 47.5693      52.1059      58.2729      56.4870      55.9417
                 54.1919      52.1294      58.9034      67.9382      68.7455
                 61.1133      58.7992      53.3420      62.0451      53.9343
                 55.7812      62.6728      56.0477      62.3571      61.3371
                 62.9935      55.7423      51.8505      46.4674      53.7189
                 56.7468      58.4326      57.7875      51.4462      55.1169
                 52.6734      56.4913      59.9243      45.6889      56.5588
                 56.0232      54.4278      57.5271      55.1745      59.6723
   3      0      59.4017      58.9383      60.8823      63.8862      55.6446
                 56.1751      54.7660      55.6501      57.0194      55.0421
                 47.5583      52.1112      58.2649      56.4670      55.9424
                 54.1997      52.1383      58.9211      67.9180      68.7642
                 61.1001      58.7906      53.3104      62.0343      53.9330
                 55.7712      62.6633      56.0523      62.3350      61.3384
                 62.9764      55.7368      51.8366      46.4426      53.7053
                 56.7303      58.4312      57.7742      51.4566      55.1325
                 52.6950      56.4936      59.9322      45.6763      56.5595
                 56.0179      54.4203      57.5334      55.1622      59.6594
   4      0      59.3954      58.9072      60.8710      63.8701      55.6130
                 56.1590      54.7707      55.6576      57.0186      55.0026
                 47.5705      52.0834      58.2308      56.4523      55.9228
                 54.1917      52.1201      58.8736      67.8932      68.7496
                 61.1127      58.7805      53.3067      62.0064      53.9139
                 55.7527      62.6428      56.0371      62.3546      61.3353
                 62.9928      55.7166      51.8437      46.4302      53.7124
                 56.7168      58.4221      57.7535      51.4485      55.0788
                 52.6726      56.4793      59.9401      45.6460      56.5413
                 56.0108      54.3952      57.5235      55.0996      59.6454
   5      0      59.3684      58.8990      60.8682      63.8475      55.5878
                 56.1273      54.7456      55.6261      57.0248      54.9905
                 47.5456      52.0467      58.2490      56.4257      55.9083
                 54.1555      52.1039      58.8593      67.8949      68.7419
                 61.1037      58.7612      53.3139      61.9901      53.9198
                 55.7378      62.6200      56.0271      62.3185      61.2979
                 62.9333      55.6873      51.8053      46.4277      53.6635
                 56.7149      58.3788      57.7436      51.4330      55.0818
                 52.6470      56.4558      59.9211      45.6454      56.5289
                 55.9886      54.3865      57.5094      55.1198      59.6105
   5     60      58.9579      58.4879      60.4578      63.4366      55.1776
                 55.7161      54.3341      55.2165      56.6142      54.5797
                 47.1347      51.6345      57.8387      56.0145      55.4980
                 53.7447      51.6913      58.4493      67.4864      68.3333
                 60.6930      58.3509      52.9032      61.5815      53.5082
                 55.3275      62.2099      55.6165      61.9098      60.8881
                 62.5238      55.2785      51.3949      46.0156      53.2532
                 56.3043      57.9692      57.3331      51.0212      54.6725
                 52.2359      56.0453      59.5110      45.2354      56.1187
                 55.5778      53.9752      57.0995      54.7088      59.2006
   5     80      55.9432      55.4716      57.4467      60.4230      52.1646
                 52.6962      51.3126      52.2077      53.6004      51.5631
                 44.1121      48.6092      54.8254      52.9945      52.4858
                 50.7281      48.6628      55.4398      64.4891      65.3351
                 57.6810      55.3382      49.8861      58.5803      50.4863
                 52.3153      59.2013      52.6027      58.9082      57.8800
                 59.5165      52.2718      48.3774      42.9872      50.2397
                 53.2902      54.9614      54.3197      47.9959      51.6641
                 49.2166      53.0304      56.5017      42.2150      53.1080
                 52.5614      50.9529      54.0896      51.6923      56.1912
   5    100      48.2716      47.7976      49.7828      52.7556      44.4926
                 45.0068      43.6248      44.5456      45.9295      43.8835
                 36.4133      40.9156      47.1527      45.3078      44.8207
                 43.0519      40.9567      47.7826      56.8588      57.6955
                 50.0160      47.6683      42.2072      50.9351      42.7947
                 44.6496      51.5456      44.9336      51.2595      50.2187
                 51.8572      44.5981      40.6764      35.2801      42.5676
                 45.6194      47.3006      46.6468      40.2987      43.9993
                 41.5273      45.3473      48.8460      34.5117      45.4479
                 44.8869      43.2595      46.4260      44.0193      48.5262
 
 
 cumulative average & 95% error for solvation free energy
              total             1st component         2nd component         3rd component
  1   -94.8605             -169.0078               14.7512               59.4017
  2   -92.3409     5.0391  -164.9004     8.2147    13.3950     2.7122    59.1700     0.4634
  3   -90.0212     5.4762  -163.2787     5.7457    13.5223     1.5865    59.7408     1.1725
  4   -91.5681     4.9564  -163.8910     4.2433    11.5513     4.0986    60.7771     2.2324
  5   -90.3466     4.5506  -164.4007     3.4413    14.3091     6.3640    59.7506     2.6842
  6   -90.3396     3.7156  -164.2319     2.8301    14.7432     5.2682    59.1547     2.4947
  7   -89.2614     3.8094  -163.9119     2.4760    16.1284     5.2440    58.5277     2.4531
  8   -88.8906     3.3814  -164.1387     2.1917    17.0856     4.9285    58.1680     2.2430
  9   -89.0698     3.0036  -163.9202     1.9817    16.8156     4.3800    58.0404     1.9945
 10   -89.3677     2.7517  -163.7895     1.7916    16.6868     3.9260    57.7406     1.8820
 11   -88.5948     2.9300  -162.9638     2.3138    17.5596     3.9571    56.8149     2.5150
 12   -88.6719     2.6791  -163.1734     2.1534    18.0841     3.7615    56.4229     2.4261
 13   -88.6531     2.4647  -163.2206     1.9831    18.0085     3.4634    56.5646     2.2496
 14   -88.9219     2.3444  -163.2360     1.8362    17.7620     3.2441    56.5577     2.0827
 15   -88.9397     2.1828  -163.4821     1.7789    18.0314     3.0678    56.5166     1.9407
 16   -89.0372     2.0511  -163.8835     1.8475    18.4801     3.0067    56.3718     1.8383
 17   -89.1369     1.9370  -163.7557     1.7542    18.5015     2.8246    56.1228     1.7972
 18   -89.3097     1.8586  -163.9417     1.6951    18.3593     2.6783    56.2783     1.7227
 19   -89.6499     1.8851  -164.1322     1.6481    17.5970     2.9568    56.8909     2.0387
 20   -89.9266     1.8720  -163.7161     1.7712    16.3106     3.8063    57.4845     2.2695
 21   -90.3442     1.9668  -163.5573     1.7144    15.5620     3.9178    57.6567     2.1860
 22   -90.4615     1.8899  -163.7063     1.6616    15.5422     3.7357    57.7082     2.0868
 23   -90.1597     1.9040  -163.9664     1.6708    16.2952     3.8743    57.5170     2.0304
 24   -90.3097     1.8475  -164.0332     1.6052    16.0239     3.7489    57.7053     1.9800
 25   -90.2710     1.7737  -164.1560     1.5591    16.3363     3.6497    57.5544     1.9230
 26   -90.0829     1.7452  -164.2609     1.5126    16.6978     3.5803    57.4858     1.8527
 27   -90.1705     1.6884  -164.1880     1.4627    16.3455     3.5164    57.6775     1.8235
 28   -89.9379     1.6922  -163.9915     1.4633    16.4397     3.3937    57.6195     1.7610
 29   -89.8733     1.6379  -163.9038     1.4228    16.2540     3.2956    57.7821     1.7300
 30   -89.8337     1.5844  -163.7805     1.3965    16.0517     3.2095    57.9006     1.6881
 31   -89.9945     1.5658  -163.9586     1.3969    15.9053     3.1180    58.0644     1.6653
 32   -89.9604     1.5176  -163.6815     1.4616    15.7350     3.0381    57.9916     1.6189
 33   -90.0163     1.4751  -163.4409     1.4962    15.6251     2.9528    57.8051     1.6128
 34   -89.7420     1.5326  -163.2542     1.4988    16.0469     2.9863    57.4709     1.7015
 35   -89.6448     1.5008  -163.3196     1.4612    16.3171     2.9497    57.3633     1.6661
 36   -89.6962     1.4621  -163.4317     1.4376    16.3953     2.8708    57.3458     1.6195
 37   -89.7481     1.4259  -163.4774     1.4012    16.3598     2.7931    57.3751     1.5762
 38   -89.6111     1.4146  -163.1765     1.4907    16.1854     2.7408    57.3856     1.5343
 39   -89.2790     1.5296  -163.3056     1.4747    16.7986     2.9379    57.2336     1.5251
 40   -88.9865     1.6015  -163.0798     1.5066    16.9179     2.8734    57.1810     1.4902
 41   -89.0004     1.5622  -163.0865     1.4695    17.0201     2.8099    57.0716     1.4698
 42   -89.0764     1.5321  -163.0103     1.4421    16.8817     2.7561    57.0579     1.4346
 43   -89.0314     1.4988  -163.0981     1.4191    16.9475     2.6945    57.1247     1.4072
 44   -88.8120     1.5286  -162.7563     1.5458    17.0853     2.6469    56.8645     1.4700
 45   -88.7831     1.4954  -162.6866     1.5175    17.0513     2.5883    56.8577     1.4371
 46   -88.7715     1.4627  -162.8342     1.5133    17.2289     2.5562    56.8395     1.4060
 47   -88.6626     1.4477  -162.6441     1.5288    17.1991     2.5019    56.7880     1.3796
 48   -88.6820     1.4178  -162.6462     1.4966    17.1662     2.4501    56.8035     1.3509
 49   -88.6570     1.3895  -162.7599     1.4832    17.3384     2.4242    56.7700     1.3247
 50   -88.6117     1.3644  -162.6334     1.4751    17.1995     2.3914    56.8278     1.3031
 
 Mesh error is    0.686 kcal/mol
