 ERmod 0.3.8, Copyright (C) 2000-2019 Nobuyuki Matubayasi
                            2010-2019 Shun Sakuraba
 ERmod comes with ABSOLUTELY NO WARRANTY.
 This is free software, and you can redistribute it
 and/or modify it under certain conditions.
 See LICENSE file for details.
 ERmod 0.3.8, Copyright (C) 2000-2019 Nobuyuki Matubayasi
                            2010-2019 Shun Sakuraba
 ERmod comes with ABSOLUTELY NO WARRANTY.
 This is free software, and you can redistribute it
 and/or modify it under certain conditions.
 See LICENSE file for details.
 
  Number of the   1-th solvent  =          792
  Number of the   2-th solvent  =          792
  Number of the   3-th solvent  =        10000
 
  Be sure that the solvent distribution is homogeneous (radial distribution function is essentially unity) when the solvent molecule is separated beyond distance of   10.0 Angstrom in any direction from any atom within the solute molecule
 
  LJ long-range correction    =        -1.3175     -0.2494     -7.0203
 
  Self-energy of the solute   =         0.0004  kcal/mol
 
 
 cumulative average & 95% error for solvation energy
              total             1st component         2nd component         3rd component
  1  -546.5979             -231.4925             -103.3605             -211.7453
  2  -544.1063     4.9833  -223.4148    16.1554  -101.1535     4.4141  -219.5384    15.5862
  3  -543.9790     2.8884  -224.8625     9.7664  -103.7830     5.8440  -215.3338    12.3163
  4  -544.3606     2.1804  -224.7813     6.9078  -105.9538     5.9938  -213.6260     9.3548
  5  -544.9618     2.0732  -223.2804     6.1353  -111.3158    11.6858  -210.3661     9.7475
  6  -545.0197     1.6967  -224.4107     5.4959  -110.8321     9.5903  -209.7774     8.0454
  7  -545.6298     1.8828  -224.7421     4.6919  -115.0244    11.6617  -205.8638    10.3682
  8  -545.2135     1.8309  -224.4403     4.1079  -113.9013    10.3461  -206.8722     9.2029
  9  -545.6269     1.8141  -223.9668     3.7446  -115.9187     9.9766  -205.7419     8.4251
 10  -545.6358     1.6227  -222.9652     3.9026  -116.4782     8.9933  -206.1929     7.5895
 11  -545.6063     1.4690  -222.8223     3.5416  -116.0129     8.1878  -206.7715     6.9618
 12  -545.2726     1.4978  -223.7845     3.7624  -112.9810     9.6247  -208.5075     7.2418
 13  -545.4810     1.4395  -224.0014     3.4880  -114.4748     9.3439  -207.0052     7.3078
 14  -545.4819     1.3327  -223.6804     3.2924  -114.7560     8.6691  -207.0460     6.7662
 15  -545.4058     1.2500  -223.1700     3.2306  -114.1447     8.1625  -208.0916     6.6370
 16  -545.7204     1.3278  -222.9948     3.0422  -116.4431     8.9123  -206.2829     7.1853
 17  -545.6087     1.2671  -222.8520     2.8719  -116.1473     8.3926  -206.6098     6.7810
 18  -545.7108     1.2120  -222.9478     2.7144  -116.7476     8.0032  -206.0158     6.5027
 19  -545.5832     1.1745  -223.0018     2.5699  -116.0262     7.7065  -206.5557     6.2449
 20  -545.1426     1.4206  -223.0932     2.4448  -113.5142     8.8709  -208.5357     7.1261
 21  -545.1717     1.3525  -222.5266     2.5869  -114.1468     8.5322  -208.4987     6.7787
 22  -545.2925     1.3120  -222.0593     2.6376  -114.6777     8.2042  -208.5559     6.4642
 23  -545.1863     1.2715  -222.2934     2.5635  -113.8266     8.0220  -209.0667     6.2607
 24  -545.2895     1.2347  -222.3707     2.4592  -114.3069     7.7403  -208.6123     6.0627
 25  -545.3500     1.1905  -222.8143     2.5201  -114.3238     7.4243  -208.2124     5.8699
 26  -545.2335     1.1673  -223.0174     2.4551  -113.6185     7.2712  -208.5980     5.6921
 27  -545.0573     1.1772  -223.2934     2.4261  -112.2688     7.4994  -209.4955     5.7638
 28  -544.9685     1.1482  -223.2997     2.3378  -111.7797     7.2925  -209.8895     5.6098
 29  -545.1318     1.1551  -223.5208     2.2987  -112.5931     7.2222  -209.0184     5.6864
 30  -545.2202     1.1298  -223.5873     2.2248  -112.9518     7.0141  -208.6815     5.5347
 31  -545.4189     1.1628  -223.5610     2.1524  -114.1452     7.1916  -207.7131     5.6928
 32  -545.4943     1.1359  -223.4517     2.0955  -114.5316     7.0060  -207.5115     5.5268
 33  -545.3906     1.1204  -223.3379     2.0437  -114.0426     6.8604  -208.0104     5.4488
 34  -545.4389     1.0912  -223.3868     1.9851  -114.1120     6.6570  -207.9405     5.2880
 35  -545.6504     1.1409  -223.6591     2.0030  -115.0316     6.7206  -206.9601     5.4963
 36  -545.7970     1.1468  -223.5172     1.9672  -116.1176     6.8829  -206.1626     5.5745
 37  -545.9409     1.1520  -223.5342     1.9136  -116.9241     6.8859  -205.4830     5.5895
 38  -545.9005     1.1241  -223.6865     1.8873  -116.6304     6.7280  -205.5841     5.4442
 39  -545.8106     1.1096  -223.7888     1.8496  -115.8962     6.7157  -206.1261     5.4125
 40  -545.7509     1.0881  -223.7341     1.8061  -115.2708     6.6641  -206.7465     5.4193
 41  -545.7674     1.0617  -223.8209     1.7700  -115.2524     6.4996  -206.6944     5.2865
 42  -545.6103     1.0827  -223.8640     1.7295  -114.3430     6.5986  -207.4037     5.3506
 43  -545.5417     1.0661  -223.9382     1.6953  -113.8247     6.5262  -207.7792     5.2784
 44  -545.5163     1.0428  -223.8832     1.6600  -113.6748     6.3832  -207.9587     5.1695
 45  -545.5062     1.0196  -223.9230     1.6246  -113.6615     6.2398  -207.9221     5.0538
 46  -545.5603     1.0030  -223.9341     1.5891  -114.0076     6.1417  -207.6191     4.9798
 47  -545.5762     0.9820  -223.9915     1.5591  -114.0578     6.0105  -207.5273     4.8761
 48  -545.6230     0.9658  -223.9827     1.5264  -114.1738     5.8885  -207.4670     4.7750
 49  -545.6416     0.9466  -223.9487     1.4965  -114.3889     5.7831  -207.3045     4.6878
 50  -545.7258     0.9427  -224.0256     1.4743  -114.8122     5.7292  -206.8884     4.6678
 
 
 group  inft  solvation free energy     error          difference
  total solvation free energy
   1      0        -98.27376           1.56144           1.23031
   1     60        -98.59102           1.56155           0.91306
   1     80       -101.08174           1.56285          -1.57766
   1    100       -109.67531           1.56819         -10.17124
   2      0        -98.66897           1.58958           0.83510
   3      0        -99.50407           1.59645           0.00000
   4      0        -98.91063           1.60133           0.59345
   5      0        -97.96717           1.60578           1.53691
   5     60        -98.38666           1.60594           1.11741
   5     80       -101.43601           1.60757          -1.93193
   5    100       -109.44833           1.61275          -9.94426
 
  contribution from  1-th solvent component
   1      0       -189.62502           1.45582          -0.45458
   1     60       -189.65363           1.45580          -0.48319
   1     80       -189.87827           1.45573          -0.70783
   1    100       -190.63764           1.45631          -1.46720
   2      0       -189.03740           1.49179           0.13303
   3      0       -189.17044           1.50252           0.00000
   4      0       -187.79563           1.51483           1.37481
   5      0       -187.52675           1.52289           1.64369
   5     60       -187.56325           1.52285           1.60719
   5     80       -187.83471           1.52273           1.33573
   5    100       -188.54158           1.52331           0.62886
 
  contribution from  2-th solvent component
   1      0         35.38606           3.18350           1.70543
   1     60         35.39178           3.18358           1.71115
   1     80         35.51200           3.18459           1.83137
   1    100         35.82201           3.18886           2.14138
   2      0         34.38523           3.15911           0.70459
   3      0         33.68063           3.15710           0.00000
   4      0         32.89931           3.15805          -0.78132
   5      0         33.60190           3.15578          -0.07873
   5     60         33.61720           3.15587          -0.06343
   5     80         33.75897           3.15699           0.07834
   5    100         33.97576           3.16082           0.29513
 
  contribution from  3-th solvent component
   1      0         55.96478           2.38397          -0.02053
   1     60         55.67041           2.38410          -0.31490
   1     80         53.28410           2.38595          -2.70120
   1    100         45.13989           2.39452         -10.84542
   2      0         55.98278           2.38466          -0.00253
   3      0         55.98531           2.38397           0.00000
   4      0         55.98527           2.38497          -0.00004
   5      0         55.95726           2.38349          -0.02805
   5     60         55.55896           2.38367          -0.42635
   5     80         52.63931           2.38599          -3.34600
   5    100         45.11707           2.39392         -10.86824
 
 
 group  inft   Estimated free energy: total (kcal/mol)
   1      0    -108.0526     -93.1174    -103.9882     -94.9154     -94.3246
                -98.1880    -106.2952     -95.8329     -99.7266     -88.7355
                -84.1804     -96.3780    -103.3847    -100.7465     -92.8522
               -108.6279    -103.4361     -99.4684     -99.9657     -98.0296
                -89.9665    -107.0000    -100.5136     -98.5572    -103.0722
               -104.7236     -94.8801    -103.6726     -96.7317     -95.9465
               -100.7532     -95.3138    -100.5496     -87.9087    -104.9417
               -100.7975     -98.8216     -96.6938     -93.9140     -91.9652
                -92.3530    -100.6092    -100.3628     -99.3203    -100.0255
               -101.7294     -93.6726     -89.5801     -93.1321    -105.9339
   1     60    -108.3711     -93.4353    -104.3068     -95.2324     -94.6418
                -98.5059    -106.6120     -96.1520    -100.0441     -89.0531
                -84.4969     -96.6951    -103.7023    -101.0642     -93.1706
               -108.9453    -103.7529     -99.7848    -100.2836     -98.3468
                -90.2840    -107.3206    -100.8317     -98.8737    -103.3900
               -105.0419     -95.1963    -103.9910     -97.0473     -96.2638
               -101.0703     -95.6305    -100.8681     -88.2243    -105.2580
               -101.1129     -99.1376     -97.0110     -94.2321     -92.2822
                -92.6693    -100.9276    -100.6804     -99.6375    -100.3422
               -102.0461     -93.9880     -89.8954     -93.4486    -106.2514
   1     80    -110.8772     -95.9384    -106.8099     -97.7206     -97.1265
               -101.0100    -109.0979     -98.6648    -102.5358     -91.5433
                -86.9722     -99.1824    -106.1932    -103.5692     -95.6784
               -111.4347    -106.2441    -102.2690    -102.7827    -100.8397
                -92.7728    -109.8413    -103.3312    -101.3563    -105.8938
               -107.5411     -97.6811    -106.4914     -99.5208     -98.7532
               -103.5556     -98.1107    -103.3710     -90.6923    -107.7364
               -103.5857    -101.6114     -99.4928     -96.7339     -94.7767
                -95.1505    -103.4325    -103.1765    -102.1339    -102.8278
               -104.5279     -96.4642     -92.3647     -95.9282    -108.7412
   1    100    -119.5277    -104.5871    -115.4501    -106.3033    -105.6934
               -109.6613    -117.6679    -107.3340    -111.1298    -100.1213
                -95.5005    -107.7658    -114.7776    -112.2180    -104.3350
               -120.0265    -114.8501    -110.8406    -111.4091    -109.4729
               -101.3404    -118.5337    -111.9670    -109.9148    -114.5359
               -116.1675    -106.2678    -115.1274    -108.0532    -107.3363
               -112.1188    -106.6594    -112.0142     -99.1868    -116.2832
               -112.1199    -110.1438    -108.0596    -105.3703    -103.3945
               -103.6991    -112.0931    -111.8050    -110.7487    -111.4069
               -113.0849    -104.9910    -100.8798    -104.4745    -117.3163
   2      0    -108.5789     -93.2414    -104.7662     -95.0843     -94.5340
                -98.4908    -106.5836     -95.6015    -100.1717     -89.0437
                -83.9225     -97.0580    -103.8696    -100.8625     -93.2573
               -108.9249    -104.0839     -99.9489    -100.6501     -98.5292
                -90.1911    -107.8726    -101.1098     -98.8537    -103.3155
               -105.7616     -95.3163    -104.4296     -96.6946     -96.5811
               -100.6648     -95.6864    -101.1535     -87.9611    -104.8135
               -101.0007     -99.0858     -97.5849     -94.5507     -92.5023
                -92.8569    -101.0855    -100.9389    -100.0243    -100.2472
               -102.1957     -94.1540     -89.9872     -93.3218    -106.3045
   3      0    -109.3824     -93.7630    -105.5069     -96.1382     -95.3518
                -98.8855    -107.4001     -96.3763    -100.6881     -89.7220
                -84.7735     -98.0455    -104.8714    -101.7351     -94.0895
               -109.8891    -104.9906    -100.6806    -101.8767     -99.2412
                -91.1803    -108.8232    -102.1399     -99.8469    -104.1086
               -106.6805     -96.1047    -105.3670     -97.1557     -97.4303
               -101.4126     -96.5014    -101.5390     -88.3692    -105.6272
               -101.9432     -99.7150     -98.5116     -95.3052     -93.7776
                -93.7213    -102.0971    -101.9182    -100.8310    -101.2146
               -102.9960     -95.3315     -90.7821     -94.2569    -107.1087
   4      0    -108.8845     -93.2331    -105.0954     -95.1339     -94.7386
                -98.5628    -106.8270     -95.5584    -100.1014     -89.1978
                -84.0957     -97.6227    -104.2706    -100.8863     -93.2518
               -109.2792    -104.3160    -100.2293    -101.0480     -98.6448
                -90.6418    -108.3430    -101.5620     -99.1175    -103.3292
               -106.3377     -95.5404    -104.8579     -96.8547     -96.9017
               -100.7699     -96.0635    -101.2689     -87.8636    -104.9088
               -101.1707     -99.1785     -98.0813     -95.0851     -92.7492
                -93.2981    -101.4004    -101.4321    -100.1962    -100.4611
               -102.4184     -94.5316     -90.1781     -93.5122    -106.5003
   5      0    -108.0071     -92.4209    -104.3507     -94.1175     -93.7116
                -97.0687    -105.9638     -94.4742     -98.9041     -88.4304
                -82.9685     -96.7167    -103.2537    -100.0505     -92.3235
               -108.3152    -103.4081     -99.1034    -100.2539     -97.8148
                -90.0134    -107.2547    -100.9401     -98.3781    -102.3220
               -105.6946     -94.4618    -103.9531     -95.5249     -95.8447
                -99.6078     -94.9695    -100.0580     -86.6057    -104.0435
               -100.0537     -98.2124     -96.9364     -93.8787     -92.0854
                -92.2629    -100.7594    -100.4353     -99.4696     -99.5844
               -101.4848     -93.9001     -89.4852     -92.8606    -105.6202
   5     60    -108.4283     -92.8420    -104.7725     -94.5370     -94.1308
                -97.4893    -106.3827     -94.8972     -99.3239     -88.8497
                -83.3860     -97.1354    -103.6733    -100.4712     -92.7452
               -108.7343    -103.8271     -99.5220    -100.6741     -98.2335
                -90.4335    -107.6785    -101.3606     -98.7967    -102.7430
               -106.1154     -94.8799    -104.3740     -95.9418     -96.2645
               -100.0267     -95.3879    -100.4793     -87.0227    -104.4608
               -100.4706     -98.6294     -97.3552     -94.3002     -92.5050
                -92.6813    -101.1800    -100.8564     -99.8901    -100.0033
               -101.9028     -94.3181     -89.9016     -93.2788    -106.0396
   5     80    -111.4960     -95.9084    -107.8401     -97.5839     -97.1740
               -100.5543    -109.4236     -97.9746    -102.3766     -91.8966
                -86.4128    -100.1793    -106.7215    -103.5376     -95.8186
               -111.7816    -106.8754    -102.5631    -103.7331    -101.2839
                -93.4800    -110.7633    -104.4215    -101.8362    -105.8077
               -109.1776     -97.9228    -107.4369     -98.9696     -99.3126
               -103.0668     -98.4236    -103.5432     -90.0419    -107.4913
               -103.4970    -101.6563    -100.3966     -97.3686     -95.5604
                -95.7175    -104.2465    -103.9189    -102.9483    -103.0462
               -104.9391     -97.3498     -92.9264     -96.3119    -109.0868
   5    100    -119.5630    -103.9687    -115.9005    -105.5871    -105.1611
               -108.6183    -117.4159    -106.0473    -110.3951     -99.8972
                -94.3604    -108.1827    -114.7240    -111.5978    -103.8896
               -119.7860    -114.8998    -110.5546    -111.7759    -109.3290
               -101.4651    -118.8644    -112.4737    -109.8177    -113.8609
               -117.2252    -105.9274    -115.4933    -106.9263    -107.3146
               -111.0511    -106.3963    -111.6026     -97.9541    -115.4556
               -111.4563    -109.6098    -108.3962    -105.4320    -103.5984
               -103.6946    -112.3190    -111.9706    -110.9805    -111.0425
               -112.9137    -105.3005    -100.8673    -104.2758    -117.0770
 
 group  inft   Estimated free energy: 1-th solvent contribution (kcal/mol)
   1      0    -195.4050    -180.0220    -194.3418    -185.2206    -184.9466
               -191.7348    -194.4675    -185.0745    -186.3584    -179.7366
               -182.1688    -197.8662    -191.9925    -183.2966    -178.7485
               -190.7712    -188.4739    -189.1135    -190.5052    -196.8868
               -178.4307    -186.2073    -194.4600    -190.8388    -196.2450
               -197.9103    -197.1780    -193.9572    -187.5354    -188.1655
               -185.9648    -186.1988    -189.6946    -189.2750    -194.1416
               -184.8756    -187.6679    -195.2583    -191.2461    -185.3094
               -189.8119    -193.9086    -193.3337    -190.2956    -192.3199
               -193.4529    -191.6642    -186.4787    -185.9903    -196.3040
   1     60    -195.4336    -180.0507    -194.3705    -185.2497    -184.9753
               -191.7635    -194.4959    -185.1034    -186.3867    -179.7652
               -182.1976    -197.8949    -192.0211    -183.3251    -178.7772
               -190.7998    -188.5023    -189.1418    -190.5338    -196.9155
               -178.4594    -186.2361    -194.4884    -190.8674    -196.2737
               -197.9386    -197.2066    -193.9857    -187.5641    -188.1941
               -185.9935    -186.2273    -189.7231    -189.3037    -194.1702
               -184.9042    -187.6967    -195.2870    -191.2748    -185.3382
               -189.8403    -193.9371    -193.3625    -190.3239    -192.3487
               -193.4814    -191.6926    -186.5072    -186.0189    -196.3326
   1     80    -195.6584    -180.2773    -194.5956    -185.4768    -185.1996
               -191.9888    -194.7191    -185.3305    -186.6090    -179.9896
               -182.4230    -198.1200    -192.2456    -183.5489    -179.0023
               -191.0233    -188.7255    -189.3643    -190.7580    -197.1415
               -178.6842    -186.4621    -194.7123    -191.0923    -196.4986
               -198.1608    -197.4320    -194.2095    -187.7886    -188.4191
               -186.2184    -186.4525    -189.9472    -189.5289    -194.3944
               -185.1288    -187.9218    -195.5115    -191.4998    -185.5641
               -190.0648    -194.1598    -193.5870    -190.5472    -192.5744
               -193.7056    -191.9169    -186.7316    -186.2442    -196.5578
   1    100    -196.4202    -181.0397    -195.3588    -186.2400    -185.9550
               -192.7499    -195.4760    -186.0968    -187.3579    -180.7431
               -183.1816    -198.8864    -193.0037    -184.3027    -179.7562
               -191.7791    -189.4813    -190.1163    -191.5156    -197.9146
               -179.4388    -187.2224    -195.4720    -191.8524    -197.2610
               -198.9182    -198.1999    -194.9683    -188.5437    -189.1776
               -186.9756    -187.2131    -190.7068    -190.2903    -195.1530
               -185.8845    -188.6815    -196.2731    -192.2608    -186.3239
               -190.8239    -194.9161    -194.3471    -191.3039    -193.3391
               -194.4666    -192.6759    -187.4899    -187.0051    -197.3227
   2      0    -194.8288    -179.2346    -193.9724    -184.3051    -184.4067
               -191.2640    -194.0283    -183.9641    -185.9619    -178.8576
               -181.0233    -197.3335    -191.5802    -182.5225    -178.1156
               -190.3125    -187.9771    -188.6233    -189.8966    -196.4462
               -177.5227    -185.9969    -193.9621    -190.3806    -195.6370
               -197.5950    -196.7416    -193.5948    -186.8450    -187.6640
               -185.2010    -185.5544    -189.2194    -188.5887    -193.3753
               -184.3129    -186.9739    -194.9023    -190.5167    -184.5650
               -189.2220    -193.5176    -192.8891    -189.8265    -191.7075
               -192.9562    -191.2353    -185.7758    -185.0554    -195.8811
   3      0    -194.8930    -179.2295    -194.1463    -184.5107    -184.5172
               -191.2824    -194.2413    -183.9625    -185.9306    -178.8885
               -181.1799    -197.5073    -191.7085    -182.6353    -178.2055
               -190.5518    -188.1439    -188.6314    -190.1489    -196.6935
               -177.5563    -186.1673    -194.0581    -190.5726    -195.7957
               -197.8127    -196.9349    -193.8833    -186.8178    -187.7760
               -185.2942    -185.6463    -189.2467    -188.6424    -193.5954
               -184.5395    -186.9792    -195.0445    -190.5126    -184.8196
               -189.3233    -193.7214    -193.0820    -190.0431    -191.9568
               -193.1578    -191.4759    -185.8754    -185.1961    -195.9871
   4      0    -193.5277    -178.0826    -192.9315    -182.7409    -183.1934
               -190.1846    -192.9118    -182.3366    -184.6801    -177.4256
               -179.5425    -196.2677    -190.3847    -181.2482    -176.6180
               -189.1417    -186.6371    -187.1972    -188.5275    -195.4538
               -176.1519    -184.8838    -192.8512    -189.0811    -194.2725
               -196.4451    -195.7257    -192.4428    -185.5769    -186.4978
               -183.8627    -184.3579    -188.2263    -187.4026    -191.9678
               -183.1417    -185.6511    -193.7302    -189.3766    -183.0486
               -188.0935    -192.2118    -191.6612    -188.6229    -190.4079
               -191.8131    -190.1240    -184.7024    -183.6699    -194.7474
   5      0    -193.3404    -177.8450    -192.8808    -182.4952    -182.7811
               -189.4427    -192.7520    -181.9261    -184.1630    -177.2885
               -179.1710    -196.0581    -189.9693    -181.0014    -176.3096
               -188.8726    -186.3833    -186.8439    -188.4835    -195.4048
               -176.1667    -184.4124    -192.7976    -189.0027    -193.9181
               -196.4598    -195.2391    -192.2863    -185.0298    -186.0787
               -183.4597    -184.0002    -187.6785    -186.8642    -191.8687
               -182.7029    -185.3109    -193.2971    -188.8973    -183.0089
               -187.7046    -192.1838    -191.4273    -188.5615    -190.3324
               -191.6027    -190.0212    -184.5009    -183.5769    -194.5342
   5     60    -193.3768    -177.8819    -192.9173    -182.5321    -182.8177
               -189.4793    -192.7882    -181.9630    -184.1994    -177.3251
               -179.2076    -196.0943    -190.0058    -181.0378    -176.3465
               -188.9088    -186.4196    -186.8801    -188.5199    -195.4410
               -176.2035    -184.4494    -192.8340    -189.0392    -193.9544
               -196.4959    -195.2754    -192.3226    -185.0663    -186.1154
               -183.4963    -184.0368    -187.7149    -186.9008    -191.9050
               -182.7395    -185.3475    -193.3336    -188.9339    -183.0458
               -187.7412    -192.2201    -191.4638    -188.5978    -190.3688
               -191.6389    -190.0577    -184.5375    -183.6135    -194.5706
   5     80    -193.6477    -178.1550    -193.1897    -182.8050    -183.0895
               -189.7511    -193.0580    -182.2368    -184.4699    -177.5962
               -179.4788    -196.3649    -190.2772    -181.3079    -176.6194
               -189.1783    -186.6895    -187.1497    -188.7909    -195.7127
               -176.4756    -184.7236    -193.1050    -189.3114    -194.2252
               -196.7655    -195.5465    -192.5935    -185.3371    -186.3872
               -183.7678    -184.3087    -187.9864    -187.1732    -192.1747
               -183.0109    -185.6191    -193.6057    -189.2069    -183.3197
               -188.0130    -192.4906    -191.7356    -188.8686    -190.6399
               -191.9091    -190.3295    -184.8094    -183.8850    -194.8425
   5    100    -194.3551    -178.8601    -193.9018    -183.5118    -183.7955
               -190.4588    -193.7626    -182.9484    -185.1720    -178.2967
               -180.1814    -197.0757    -190.9834    -182.0081    -177.3233
               -189.8808    -187.3936    -187.8512    -189.4965    -196.4294
               -177.1795    -185.4343    -193.8125    -190.0203    -194.9317
               -197.4753    -196.2581    -193.3022    -186.0390    -187.0920
               -184.4722    -185.0153    -188.6954    -187.8815    -192.8782
               -183.7140    -186.3251    -194.3186    -189.9187    -184.0293
               -188.7198    -193.1993    -192.4465    -189.5753    -191.3480
               -192.6153    -191.0368    -185.5153    -184.5896    -195.5537
 
 group  inft   Estimated free energy: 2-th solvent contribution (kcal/mol)
   1      0      35.2332      41.7601      34.4228      34.8798      28.9055
                 37.2482      20.9360      37.3023      25.1083      35.5405
                 43.4847      55.4182      24.1090      27.0373      38.5022
                 13.3100      33.1356      28.3659      38.5070      64.2137
                 31.6903      26.3374      46.5571      32.2778      32.3796
                 42.5711      59.5753      40.6954      24.4854      30.8035
                 15.0466      30.8301      41.6497      42.9855      17.4092
                 15.1402      20.2081      42.7407      50.5675      49.1893
                 38.7005      54.4208      46.8605      38.7990      37.1470
                 29.0593      38.8721      38.5133      33.0329      23.3377
   1     60      35.2379      41.7658      34.4276      34.8854      28.9116
                 37.2534      20.9420      37.3067      25.1135      35.5469
                 43.4919      55.4245      24.1141      27.0416      38.5075
                 13.3147      33.1405      28.3714      38.5118      64.2197
                 31.6962      26.3420      46.5628      32.2843      32.3848
                 42.5758      59.5825      40.7006      24.4911      30.8092
                 15.0519      30.8362      41.6551      42.9931      17.4148
                 15.1458      20.2138      42.7471      50.5735      49.1955
                 38.7072      54.4261      46.8661      38.8048      37.1530
                 29.0652      38.8788      38.5204      33.0393      23.3434
   1     80      35.3452      41.8811      34.5384      35.0068      29.0348
                 37.3625      21.0632      37.4103      25.2284      35.6754
                 43.6325      55.5549      24.2283      27.1405      38.6180
                 13.4208      33.2555      28.4896      38.6232      64.3501
                 31.8209      26.4487      46.6801      32.4122      32.4911
                 42.6890      59.7174      40.8150      24.6115      30.9279
                 15.1679      30.9645      41.7729      43.1376      17.5324
                 15.2663      20.3356      42.8769      50.6948      49.3201
                 38.8397      54.5431      46.9860      38.9239      37.2796
                 29.1893      39.0116      38.6577      33.1680      23.4589
   1    100      35.6067      42.1721      34.8098      35.3221      29.3548
                 37.6290      21.3724      37.6673      25.5166      36.0163
                 44.0211      55.9071      24.5132      27.3706      38.8908
                 13.6761      33.5457      28.7906      38.9007      64.7065
                 32.1576      26.7094      46.9803      32.7489      32.7453
                 42.9748      60.0842      41.1017      24.9206      31.2306
                 15.4619      31.3041      42.0718      43.5426      17.8294
                 15.5743      20.6489      43.2177      51.0087      49.6458
                 39.1962      54.8479      47.2938      39.2285      37.6097
                 29.5120      39.3718      39.0301      33.5112      23.7514
   2      0      34.1333      40.8511      33.2529      33.8028      28.1367
                 36.4466      20.1995      36.4116      24.2451      34.3384
                 42.5543      54.2044      23.1943      26.1045      37.4570
                 12.5516      31.9864      27.3732      37.2032      63.2769
                 30.5379      25.2330      45.4499      31.5127      31.5010
                 41.1961      58.6728      39.5291      23.8115      29.6493
                 14.3438      29.8116      40.5401      42.2076      16.7508
                 14.3376      19.2364      41.4717      49.1780      47.8854
                 37.5858      53.5476      45.8215      37.6055      36.2974
                 28.0584      37.9400      37.3943      31.9103      22.5206
   3      0      33.3882      40.2967      32.6906      32.9459      27.4135
                 36.0432      19.6064      35.6313      23.6999      33.6935
                 41.8567      53.3788      22.3386      25.3539      36.7005
                 11.8169      31.2373      26.6493      36.2340      62.8138
                 29.5767      24.4553      44.5035      30.7112      30.8673
                 40.4641      58.0750      38.8745      23.3264      28.9261
                 13.6852      29.1011      40.1748      41.8383      16.1506
                 13.6392      18.5957      40.7037      48.4086      46.8502
                 36.8165      52.7459      45.0569      37.0169      35.5790
                 27.4725      36.9979      36.6945      31.1052      21.8297
   4      0      32.5439      39.7001      31.8953      32.1866      26.6767
                 35.2999      18.8313      34.8200      23.0194      32.7733
                 40.8870      52.5872      21.5891      24.8028      35.9786
                 11.0274      30.4029      25.6724      35.4415      62.1623
                 28.7092      23.6525      43.8751      29.9522      30.1077
                 39.4596      57.4377      37.9289      22.4054      28.1586
                 12.8938      28.2385      39.4259      41.0888      15.2410
                 13.0176      17.8026      39.7893      47.5103      46.1266
                 36.0353      51.9199      44.1042      36.2333      34.7782
                 26.6669      36.4453      36.1509      30.3151      21.1975
   5      0      33.2349      40.2724      32.6308      32.9881      27.3470
                 36.0890      19.5713      35.5058      23.7361      33.4168
                 41.6845      53.2911      22.2389      25.4186      36.6164
                 11.7429      31.0787      26.4670      36.2184      62.9677
                 29.3607      24.2950      44.4698      30.6243      30.7816
                 40.1333      58.0791      38.7152      23.2004      28.8281
                 13.6937      29.0240      40.1307      41.8557      16.0503
                 13.7374      18.4932      40.5361      48.2464      46.7507
                 36.7232      52.5642      44.8932      36.9314      35.6000
                 27.4323      36.9893      36.6473      30.9177      21.8749
   5     60      33.2484      40.2868      32.6445      33.0034      27.3626
                 36.1033      19.5872      35.5184      23.7508      33.4336
                 41.7026      53.3074      22.2538      25.4313      36.6303
                 11.7565      31.0931      26.4822      36.2328      62.9840
                 29.3760      24.3086      44.4848      30.6406      30.7956
                 40.1472      58.0963      38.7297      23.2158      28.8432
                 13.7087      29.0402      40.1457      41.8743      16.0659
                 13.7529      18.5090      40.5524      48.2615      46.7666
                 36.7404      52.5791      44.9074      36.9464      35.6158
                 27.4484      37.0060      36.6650      30.9342      21.8897
   5     80      33.3735      40.4206      32.7721      33.1460      27.5072
                 36.2322      19.7312      35.6377      23.8858      33.5866
                 41.8721      53.4625      22.3902      25.5474      36.7575
                 11.8812      31.2294      26.6223      36.3648      63.1404
                 29.5229      24.4351      44.6219      30.7906      30.9202
                 40.2784      58.2547      38.8640      23.3582      28.9823
                 13.8476      29.1924      40.2857      42.0485      16.2073
                 13.8966      18.6546      40.7039      48.4006      46.9127
                 36.8987      52.7187      45.0436      37.0856      35.7634
                 27.5962      37.1623      36.8274      31.0886      22.0253
   5    100      33.5429      40.6191      32.9519      33.3644      27.7367
                 36.4102      19.9454      35.8128      24.0822      33.8297
                 42.1610      53.7169      22.5861      25.6938      36.9406
                 12.0502      31.4257      26.8314      36.5523      63.4057
                 29.7643      24.6095      44.8282      31.0312      31.0878
                 40.4712      58.5218      39.0563      23.5727      29.1906
                 14.0492      29.4346      40.4915      42.3602      16.4149
                 14.1117      18.8774      40.9421      48.6143      47.1406
                 37.1542      52.9360      45.2562      37.2980      35.9963
                 27.8260      37.4257      37.1003      31.3373      22.2292
 
 group  inft   Estimated free energy: 3-th solvent contribution (kcal/mol)
   1      0      52.1187      45.1440      55.9305      55.4249      61.7161
                 56.2982      67.2359      51.9389      61.5231      55.4602
                 54.5032      46.0697      64.4983      55.5124      47.3936
                 68.8329      51.9018      61.2788      52.0321      34.6431
                 56.7735      52.8694      47.3889      60.0034      60.7928
                 50.6151      42.7223      49.5888      66.3178      61.4151
                 70.1646      60.0545      47.4949      58.3804      71.7903
                 68.9375      68.6378      55.8234      46.7642      44.1545
                 58.7580      38.8782      46.1100      52.1758      55.1470
                 62.6638      59.1190      58.3849      59.8249      67.0320
   1     60      51.8242      44.8492      55.6357      55.1314      61.4215
                 56.0038      66.9414      51.6443      61.2287      55.1647
                 54.2084      45.7749      64.2043      55.2188      47.0987
                 68.5395      51.6084      60.9852      51.7380      34.3486
                 56.4788      52.5731      47.0935      59.7090      60.4983
                 50.3205      42.4274      49.2938      66.0253      61.1206
                 69.8709      59.7601      47.1995      58.0858      71.4971
                 68.6450      68.3449      55.5284      46.4688      43.8601
                 58.4634      38.5829      45.8156      51.8812      54.8531
                 62.3697      58.8253      58.0909      59.5306      66.7374
   1     80      49.4355      42.4574      53.2469      52.7489      59.0379
                 53.6159      64.5575      49.2549      58.8444      52.7705
                 51.8179      43.3822      61.8237      52.8388      44.7055
                 66.1673      49.2255      58.6053      49.3517      31.9513
                 54.0901      50.1716      44.7007      57.3234      58.1133
                 47.9303      40.0330      46.9027      63.6559      58.7376
                 67.4944      57.3769      44.8029      55.6987      69.1252
                 66.2763      65.9743      53.1413      44.0707      41.4669
                 56.0742      36.1838      43.4241      49.4890      52.4666
                 59.9880      56.4407      55.7088      57.1476      64.3573
   1    100      41.2854      34.2800      45.0986      44.6141      50.9063
                 45.4592      56.4353      41.0951      50.7111      44.6051
                 43.6595      35.2131      53.7125      44.7136      36.5299
                 58.0761      41.0852      50.4848      41.2054      23.7347
                 45.9404      41.9789      36.5243      49.1883      49.9793
                 39.7755      31.8475      38.7388      55.5695      50.6103
                 59.3944      49.2492      36.6203      47.5605      61.0400
                 58.1898      57.8884      44.9954      35.8813      33.2832
                 47.9283      27.9747      35.2479      41.3262      44.3222
                 51.8692      48.3127      47.5796      49.0189      56.2546
   2      0      52.1162      45.1416      55.9528      55.4176      61.7356
                 56.3262      67.2448      51.9506      61.5447      55.4751
                 54.5461      46.0706      64.5160      55.5552      47.4009
                 68.8355      51.9064      61.3007      52.0429      34.6397
                 56.7933      52.8909      47.4019      60.0138      60.8201
                 50.6368      42.7521      49.6357      66.3386      61.4333
                 70.1920      60.0560      47.5253      58.4196      71.8106
                 68.9742      68.6512      55.8452      46.7875      44.1770
                 58.7789      38.8841      46.1283      52.1963      55.1625
                 62.7016      59.1409      58.3939      59.8230      67.0556
   3      0      52.1219      45.1694      55.9484      55.4261      61.7515
                 56.3532      67.2344      51.9544      61.5422      55.4726
                 54.5493      46.0826      64.4981      55.5458      47.4151
                 68.8454      51.9156      61.3010      52.0378      34.6380
                 56.7989      52.8884      47.4143      60.0141      60.8194
                 50.6677      42.7548      49.6414      66.3353      61.4193
                 70.1960      60.0434      47.5325      58.4344      71.8172
                 68.9568      68.6681      55.8288      46.7983      44.1914
                 58.7850      38.8781      46.1065      52.1948      55.1627
                 62.6889      59.1461      58.3984      59.8336      67.0482
   4      0      52.0989      45.1490      55.9404      55.4201      61.7776
                 56.3214      67.2530      51.9577      61.5589      55.4540
                 54.5594      46.0573      64.5246      55.5587      47.3872
                 68.8347      51.9178      61.2951      52.0376      34.6462
                 56.8004      52.8878      47.4137      60.0110      60.8353
                 50.6474      42.7472      49.6555      66.3164      61.4370
                 70.1986      60.0555      47.5310      58.4498      71.8176
                 68.9530      68.6696      55.8592      46.7808      44.1724
                 58.7596      38.8911      46.1245      52.1930      55.1682
                 62.7274      59.1467      58.3730      59.8421      67.0492
   5      0      52.0980      45.1513      55.8989      55.3891      61.7221
                 56.2847      67.2164      51.9457      61.5224      55.4410
                 54.5176      46.0499      64.4763      55.5320      47.3693
                 68.8140      51.8961      61.2730      52.0108      34.6219
                 56.7922      52.8623      47.3874      59.9999      60.8140
                 50.6315      42.6978      49.6175      66.3041      61.4055
                 70.1578      60.0064      47.4894      58.4023      71.7745
                 68.9115      68.6049      55.8242      46.7717      44.1724
                 58.7180      38.8598      46.0984      52.1601      55.1476
                 62.6852      59.1314      58.3680      59.7982      67.0387
   5     60      51.6997      44.7527      55.4999      54.9913      61.3239
                 55.8862      66.8179      51.5469      61.1242      55.0414
                 54.1187      45.6510      64.0783      55.1349      46.9706
                 68.4175      51.4989      60.8756      51.6127      34.2231
                 56.3935      52.4618      46.9883      59.6015      60.4154
                 50.2328      42.2988      49.2184      65.9083      61.0073
                 69.7605      59.6083      47.0895      58.0034      71.3778
                 68.5156      68.2087      55.4255      46.3718      43.7738
                 58.3190      38.4605      45.6996      51.7609      54.7493
                 62.2873      58.7332      57.9705      59.4000      66.6409
   5     80      48.7779      41.8256      52.5771      52.0746      58.4079
                 52.9642      63.9027      48.6241      58.2071      52.1126
                 51.1934      42.7227      61.1652      52.2225      44.0429
                 65.5151      48.5844      57.9638      48.6926      31.2880
                 53.4723      49.5247      44.0612      56.6842      57.4968
                 47.3091      39.3686      46.2922      63.0088      58.0919
                 66.8530      56.6923      44.1571      55.0823      68.4756
                 65.6169      65.3078      52.5047      43.4373      40.8461
                 55.3964      35.5250      42.7727      48.8344      51.8299
                 59.3734      55.8170      55.0553      56.4840      63.7300
   5    100      41.2488      34.2719      45.0490      44.5599      50.8974
                 45.4299      56.4009      41.0878      50.6943      44.5694
                 43.6595      35.1756      53.6729      44.7161      36.4926
                 58.0441      41.0678      50.4648      41.1678      23.6943
                 45.9497      41.9600      36.5102      49.1710      49.9826
                 39.7784      31.8085      38.7522      55.5395      50.5864
                 59.3714      49.1840      36.6009      47.5668      61.0072
                 58.1456      57.8375      44.9800      35.8720      33.2898
                 47.8706      27.9439      35.2192      41.2964      44.3088
                 51.8752      48.3102      47.5472      48.9761      56.2471
 
 
 cumulative average & 95% error for solvation free energy
              total             1st component         2nd component         3rd component
  1  -109.3824             -194.8930               33.3882               52.1219
  2  -101.5727    15.6194  -187.0612    15.6635    36.8424     6.9084    48.6457     6.9525
  3  -102.8841     9.3915  -189.4229    10.2025    35.4585     4.8549    51.0799     6.3099
  4  -101.1976     7.4483  -188.1949     7.6209    34.8303     3.6556    52.1665     4.9628
  5  -100.0285     6.2253  -187.4593     6.0837    33.3470     4.1012    54.0835     5.4293
  6   -99.8380     5.0972  -188.0965     5.1281    33.7963     3.4671    54.4618     4.4971
  7  -100.9183     4.8194  -188.9743     4.6762    31.7692     5.0023    56.2864     5.2691
  8  -100.3505     4.3254  -188.3478     4.2391    32.2520     4.4384    55.7449     4.6899
  9  -100.3880     3.8154  -188.0793     3.7769    31.3017     4.3513    56.3891     4.3321
 10   -99.3214     4.0244  -187.1602     3.8459    31.5409     3.9212    56.2974     3.8791
 11   -97.9989     4.4998  -186.6165     3.6447    32.4787     4.0122    56.1385     3.5231
 12   -98.0028     4.1077  -187.5241     3.7901    34.2204     5.0546    55.3005     3.6267
 13   -98.5311     3.9235  -187.8460     3.5453    33.3064     4.9960    56.0080     3.6237
 14   -98.7600     3.6612  -187.4738     3.3657    32.7384     4.7628    55.9750     3.3556
 15   -98.4486     3.4648  -186.8559     3.3681    33.0025     4.4653    55.4043     3.3258
 16   -99.1636     3.5425  -187.0869     3.1843    31.6784     4.9457    56.2444     3.5357
 17   -99.5064     3.3975  -187.1491     2.9937    31.6525     4.6459    55.9898     3.3601
 18   -99.5716     3.2058  -187.2314     2.8273    31.3745     4.4154    56.2848     3.2224
 19   -99.6930     3.0421  -187.3850     2.6919    31.6303     4.2077    56.0613     3.0807
 20   -99.6704     2.8864  -187.8504     2.7182    33.1895     5.0654    54.9901     3.6237
 21   -99.2661     2.8621  -187.3602     2.7651    33.0174     4.8305    55.0763     3.4511
 22   -99.7005     2.8638  -187.3060     2.6387    32.6282     4.6710    54.9768     3.2965
 23   -99.8066     2.7447  -187.5995     2.5888    33.1445     4.5812    54.6480     3.2178
 24   -99.8082     2.6279  -187.7234     2.4909    33.0432     4.3908    54.8716     3.1131
 25   -99.9803     2.5439  -188.0463     2.4750    32.9561     4.2151    55.1095     3.0237
 26  -100.2380     2.4979  -188.4219     2.4937    33.2449     4.0907    54.9387     2.9251
 27  -100.0849     2.4230  -188.7372     2.4810    34.1645     4.3448    54.4874     2.9558
 28  -100.2735     2.3652  -188.9210     2.4189    34.3327     4.2003    54.3143     2.8693
 29  -100.1660     2.2922  -188.8485     2.3385    33.9532     4.1233    54.7289     2.8900
 30  -100.0748     2.2220  -188.8127     2.2603    33.7856     3.9976    54.9519     2.8274
 31  -100.1180     2.1509  -188.6992     2.1980    33.1372     4.0781    55.4436     2.9062
 32  -100.0049     2.0948  -188.6038     2.1367    33.0111     3.9567    55.5874     2.8285
 33  -100.0514     2.0325  -188.6233     2.0713    33.2282     3.8594    55.3433     2.7846
 34   -99.7078     2.0881  -188.6239     2.0095    33.4814     3.7783    55.4342     2.7076
 35   -99.8770     2.0556  -188.7659     1.9718    32.9863     3.8001    55.9023     2.7908
 36   -99.9344     2.0010  -188.6485     1.9306    32.4488     3.8462    56.2649     2.8074
 37   -99.9284     1.9462  -188.6034     1.8798    32.0744     3.8150    56.6001     2.8116
 38   -99.8911     1.8957  -188.7729     1.8608    32.3015     3.7410    56.5798     2.7369
 39   -99.7736     1.8614  -188.8175     1.8147    32.7145     3.7362    56.3290     2.7126
 40   -99.6237     1.8389  -188.7176     1.7800    33.0679     3.7096    56.0256     2.7127
 41   -99.4797     1.8164  -188.7323     1.7363    33.1593     3.6226    56.0929     2.6491
 42   -99.5420     1.7770  -188.8511     1.7110    33.6257     3.6562    55.6830     2.7121
 43   -99.5973     1.7387  -188.9495     1.6823    33.8915     3.6096    55.4603     2.6855
 44   -99.6253     1.6997  -188.9744     1.6444    33.9626     3.5295    55.3861     2.6279
 45   -99.6606     1.6630  -189.0407     1.6129    33.9985     3.4509    55.3811     2.5689
 46   -99.7331     1.6329  -189.1302     1.5875    33.8566     3.3869    55.5400     2.5325
 47   -99.6395     1.6087  -189.1801     1.5566    33.9235     3.3168    55.6167     2.4827
 48   -99.4550     1.6175  -189.1112     1.5300    33.9812     3.2490    55.6747     2.4332
 49   -99.3489     1.5983  -189.0313     1.5070    33.9225     3.1842    55.7595     2.3891
 50   -99.5041     1.5964  -189.1704     1.5025    33.6806     3.1571    55.9853     2.3840
 
 Mesh error is    1.537 kcal/mol
