 ERmod 0.3.8, Copyright (C) 2000-2019 Nobuyuki Matubayasi
                            2010-2019 Shun Sakuraba
 ERmod comes with ABSOLUTELY NO WARRANTY.
 This is free software, and you can redistribute it
 and/or modify it under certain conditions.
 See LICENSE file for details.
 ERmod 0.3.8, Copyright (C) 2000-2019 Nobuyuki Matubayasi
                            2010-2019 Shun Sakuraba
 ERmod comes with ABSOLUTELY NO WARRANTY.
 This is free software, and you can redistribute it
 and/or modify it under certain conditions.
 See LICENSE file for details.
 
  Number of the   1-th solvent  =          792
  Number of the   2-th solvent  =          792
  Number of the   3-th solvent  =        10000
 
  Be sure that the solvent distribution is homogeneous (radial distribution function is essentially unity) when the solvent molecule is separated beyond distance of   10.0 Angstrom in any direction from any atom within the solute molecule
 
  LJ long-range correction    =        -1.3175     -0.2494     -7.0203
 
  Self-energy of the solute   =        -0.0062  kcal/mol
 
 
 cumulative average & 95% error for solvation energy
              total             1st component         2nd component         3rd component
  1  -480.3597             -168.8305               17.0190             -328.5420
  2  -480.6747     0.6300  -171.5058     5.3506    22.8525    11.6671  -332.0152     6.9464
  3  -479.9469     1.5002  -177.0413    11.4938    28.4646    13.0902  -331.3641     4.2166
  4  -479.0275     2.1229  -179.4266     9.4241    36.5911    18.7040  -336.1858    10.0939
  5  -478.1692     2.3771  -176.9060     8.8714    41.7505    17.7870  -343.0075    15.7250
  6  -477.5824     2.2682  -175.1732     8.0299    44.1172    15.2750  -346.5202    14.6358
  7  -477.3815     1.9586  -173.7960     7.3241    44.5921    12.9446  -348.1714    12.8027
  8  -477.4196     1.6979  -173.9543     6.3508    43.8920    11.2975  -347.3512    11.2082
  9  -478.0743     1.9891  -174.5409     5.7224    40.8474    11.6769  -344.3746    11.5390
 10  -478.2145     1.8011  -175.0630     5.2237    40.9532    10.4463  -344.0985    10.3355
 11  -478.4249     1.6826  -175.5035     4.8064    40.4082     9.5117  -343.3234     9.4765
 12  -479.1628     2.1301  -175.3717     4.3956    36.0498    12.3035  -339.8347    11.1140
 13  -479.3761     2.0053  -174.5197     4.3877    34.7627    11.6066  -339.6130    10.2330
 14  -479.6630     1.9432  -174.4688     4.0635    32.7884    11.4482  -337.9764    10.0234
 15  -479.3873     1.8912  -175.1945     4.0518    35.7232    12.1671  -339.9098    10.1007
 16  -479.2268     1.7979  -176.2053     4.2956    37.8944    12.1816  -340.9097     9.6576
 17  -479.0195     1.7390  -176.1563     4.0362    39.3516    11.8079  -342.2086     9.4364
 18  -479.2497     1.7029  -176.4201     3.8418    38.4513    11.2773  -341.2748     9.0907
 19  -479.2195     1.6120  -176.6074     3.6532    38.7483    10.6838  -341.3542     8.6004
 20  -479.3030     1.5383  -176.2292     3.5474    37.7844    10.3172  -340.8521     8.2206
 21  -479.5371     1.5363  -175.4284     3.7350    35.7452    10.6274  -339.8477     8.0733
 22  -479.6015     1.4705  -175.4462     3.5614    35.0724    10.2218  -339.2215     7.7988
 23  -479.6455     1.4079  -174.9742     3.5315    34.3840     9.8638  -339.0491     7.4600
 24  -479.7016     1.3526  -174.7652     3.4069    33.5270     9.5982  -338.4572     7.2398
 25  -479.5979     1.3138  -174.7234     3.2688    33.7358     9.2157  -338.6042     6.9504
 26  -479.5772     1.2630  -174.8465     3.1502    33.8639     8.8579  -338.5884     6.6778
 27  -479.5117     1.2223  -174.7892     3.0335    34.5239     8.6251  -339.2402     6.5566
 28  -479.3810     1.2065  -175.3170     3.1079    35.6064     8.5887  -339.6641     6.3748
 29  -479.3618     1.1648  -175.5530     3.0357    35.9333     8.3130  -339.7359     6.1527
 30  -479.2290     1.1563  -175.5657     2.9329    36.9130     8.2667  -340.5701     6.1738
 31  -479.2073     1.1192  -175.8879     2.9090    37.4674     8.0721  -340.7806     5.9861
 32  -479.3003     1.0995  -176.0726     2.8408    36.8047     7.9273  -340.0262     5.9892
 33  -479.3718     1.0752  -176.0582     2.7535    36.3658     7.7334  -339.6732     5.8476
 34  -479.3660     1.0432  -176.4349     2.7755    36.8741     7.5710  -339.7991     5.6786
 35  -479.1985     1.0669  -176.4264     2.6951    37.8481     7.6052  -340.6140     5.7498
 36  -479.1934     1.0369  -176.5950     2.6408    38.0076     7.3978  -340.5998     5.5879
 37  -479.2191     1.0098  -176.6233     2.5690    37.8127     7.2057  -340.4023     5.4491
 38  -479.3752     1.0313  -176.1158     2.6987    36.3411     7.6060  -339.5944     5.5445
 39  -479.4168     1.0079  -175.9426     2.6513    35.9799     7.4435  -339.4479     5.4084
 40  -479.4778     0.9899  -175.8153     2.5967    35.4047     7.3457  -339.0610     5.3279
 41  -479.5782     0.9862  -175.9037     2.5387    34.8089     7.2627  -338.4772     5.3259
 42  -479.6973     0.9914  -175.9488     2.4792    34.2143     7.1867  -337.9565     5.3009
 43  -479.7225     0.9694  -176.0824     2.4356    34.2915     7.0193  -337.9254     5.1765
 44  -479.8067     0.9620  -176.1090     2.3802    33.9112     6.9000  -337.6028     5.0985
 45  -479.7891     0.9410  -176.2718     2.3493    34.2061     6.7706  -337.7173     4.9891
 46  -479.8376     0.9254  -176.3308     2.3007    34.0174     6.6326  -337.5181     4.8957
 47  -479.7730     0.9147  -176.0441     2.3231    34.3096     6.5162  -338.0323     4.8996
 48  -479.7504     0.8966  -175.9263     2.2864    34.5727     6.4006  -338.3907     4.8496
 49  -479.7078     0.8822  -176.0528     2.2535    35.0058     6.3282  -338.6546     4.7789
 50  -479.6200     0.8820  -175.9626     2.2153    35.6984     6.3532  -339.3495     4.8842
 
 
 group  inft  solvation free energy     error          difference
  total solvation free energy
   1      0        -74.35604           0.87735          -0.89182
   1     60        -74.72047           0.87737          -1.25626
   1     80        -77.79548           0.87798          -4.33127
   1    100        -87.70906           0.88180         -14.24485
   2      0        -74.41973           0.88771          -0.95551
   3      0        -73.46422           0.88201           0.00000
   4      0        -73.94445           0.88228          -0.48023
   5      0        -72.86580           0.89451           0.59842
   5     60        -73.36626           0.89453           0.09796
   5     80        -77.10491           0.89554          -3.64070
   5    100        -86.27641           0.89944         -12.81219
 
  contribution from  1-th solvent component
   1      0       -142.78032           1.43591          -0.39674
   1     60       -142.81273           1.43586          -0.42915
   1     80       -143.08806           1.43562          -0.70447
   1    100       -143.96205           1.43586          -1.57847
   2      0       -142.74543           1.44764          -0.36185
   3      0       -142.38358           1.45109           0.00000
   4      0       -143.52041           1.45052          -1.13683
   5      0       -142.34529           1.45582           0.03830
   5     60       -142.38996           1.45576          -0.00638
   5     80       -142.72316           1.45549          -0.33958
   5    100       -143.54532           1.45602          -1.16173
 
  contribution from  2-th solvent component
   1      0         85.23962           3.27470          -0.51262
   1     60         85.25953           3.27467          -0.49271
   1     80         85.34858           3.27490          -0.40366
   1    100         85.65373           3.27702          -0.09850
   2      0         85.14522           3.27052          -0.60702
   3      0         85.75224           3.26248           0.00000
   4      0         86.44618           3.25977           0.69394
   5      0         86.39491           3.26136           0.64267
   5     60         86.41768           3.26132           0.66544
   5     80         86.54959           3.26156           0.79735
   5    100         86.79435           3.26353           1.04211
 
  contribution from  3-th solvent component
   1      0        -16.80915           2.66505           0.01754
   1     60        -17.16109           2.66511          -0.33440
   1     80        -20.04983           2.66709          -3.22314
   1    100        -29.39456           2.67720         -12.56787
   2      0        -16.81333           2.66602           0.01336
   3      0        -16.82669           2.66669           0.00000
   4      0        -16.86403           2.66611          -0.03734
   5      0        -16.90924           2.66714          -0.08255
   5     60        -17.38779           2.66729          -0.56111
   5     80        -20.92516           2.67004          -4.09847
   5    100        -29.51926           2.67968         -12.69257
 
 
 group  inft   Estimated free energy: total (kcal/mol)
   1      0     -72.7886     -72.9767     -75.9075     -77.0611     -71.7589
                -69.4110     -79.8473     -72.0073     -76.2368     -71.9698
                -74.0244     -76.0602     -72.1598     -78.1155     -74.1551
                -81.4554     -73.7873     -73.3934     -72.7334     -67.7412
                -71.3452     -72.0463     -78.7677     -74.5359     -78.3244
                -77.4571     -74.3525     -71.1484     -77.9844     -73.9182
                -69.5023     -74.0931     -70.5547     -76.1355     -75.0009
                -69.8982     -68.7047     -79.3828     -72.6021     -78.0093
                -72.9703     -75.6167     -75.8836     -78.6391     -74.0723
                -72.2881     -72.8231     -76.3345     -77.2384     -74.5814
   1     60     -73.1527     -73.3429     -76.2726     -77.4257     -72.1232
                -69.7736     -80.2125     -72.3735     -76.5991     -72.3335
                -74.3888     -76.4234     -72.5277     -78.4773     -74.5209
                -81.8207     -74.1508     -73.7590     -73.0970     -68.1040
                -71.7112     -72.4089     -79.1336     -74.9001     -78.6862
                -77.8238     -74.7174     -71.5105     -78.3465     -74.2831
                -69.8676     -74.4548     -70.9186     -76.5018     -75.3662
                -70.2611     -69.0702     -79.7464     -72.9675     -78.3743
                -73.3332     -75.9804     -76.2475     -79.0034     -74.4359
                -72.6531     -73.1879     -76.6996     -77.6034     -74.9506
   1     80     -76.2302     -76.4363     -79.3593     -80.5110     -75.1991
                -72.8462     -83.2972     -75.4516     -79.6582     -75.4065
                -77.4611     -79.4783     -75.6259     -81.5393     -77.6130
                -84.9089     -77.2258     -76.8328     -76.1587     -71.1626
                -74.7965     -75.4558     -82.2112     -77.9701     -81.7461
                -80.9114     -77.8075     -74.5616     -81.4030     -77.3685
                -72.9477     -77.5107     -73.9831     -79.5910     -78.4580
                -73.3135     -72.1468     -82.8120     -76.0467     -81.4505
                -76.3849     -79.0437     -79.3122     -82.0777     -77.5086
                -75.7232     -76.2786     -79.7806     -80.6973     -78.0736
   1    100     -86.1568     -86.3725     -89.3202     -90.4866     -85.1103
                -82.7820     -93.2538     -85.3739     -89.5224     -85.3032
                -87.3648     -89.3147     -85.6011     -91.4292     -87.5871
                -94.8990     -87.1473     -86.7195     -86.0190     -81.0118
                -84.7123     -85.2371     -92.1122     -87.8736     -91.6543
                -90.8797     -87.7742     -84.4029     -91.2579     -87.3302
                -82.8804     -87.3826     -83.8394     -89.5404     -88.4447
                -83.1709     -82.0521     -92.7005     -85.9444     -91.3560
                -86.1945     -88.9031     -89.1810     -91.9854     -87.4166
                -85.6206     -86.2889     -89.7147     -90.6929     -88.1346
   2      0     -72.8449     -73.1496     -76.0316     -76.9237     -71.8452
                -69.0508     -79.9807     -72.1232     -76.4991     -72.0562
                -73.7777     -76.3305     -72.2630     -77.9892     -74.3184
                -81.7004     -73.9738     -73.3453     -72.7378     -67.7073
                -71.3686     -72.0052     -79.0740     -74.7004     -78.4543
                -77.4326     -74.5257     -71.3411     -78.1354     -74.3693
                -69.4821     -74.2024     -70.3678     -76.3680     -75.3309
                -70.1161     -68.5108     -79.2342     -72.7785     -77.7352
                -73.1544     -75.4884     -75.8989     -78.8041     -74.2181
                -72.2439     -72.7685     -76.4669     -77.1070     -74.6553
   3      0     -71.8042     -72.3006     -74.9871     -76.1306     -71.0582
                -68.1836     -79.1851     -71.3659     -75.4487     -71.0004
                -73.0180     -75.3771     -71.3712     -76.8373     -73.3651
                -80.6050     -72.9190     -72.3240     -71.6852     -66.8805
                -70.2580     -70.9926     -78.2725     -73.7195     -77.5098
                -76.4003     -73.6757     -70.4886     -77.2555     -73.4706
                -68.5720     -73.1798     -69.2576     -75.5520     -74.2378
                -69.3627     -67.5133     -78.1864     -71.7623     -76.5179
                -72.2058     -74.4724     -74.9271     -77.7520     -73.2919
                -71.3251     -71.8401     -75.5251     -76.2049     -73.6347
   4      0     -72.2480     -72.7151     -75.5887     -76.3917     -71.6228
                -68.6307     -79.5410     -71.9955     -75.8912     -71.4611
                -73.4184     -75.8050     -71.8403     -77.2209     -73.8343
                -81.1858     -73.6609     -72.9091     -72.1756     -67.0416
                -70.7064     -71.5366     -78.6771     -74.2430     -77.9500
                -76.9595     -73.9593     -70.6774     -77.6767     -74.1144
                -68.9063     -73.8141     -69.8365     -75.8972     -74.8031
                -69.7897     -68.2563     -78.5829     -72.2675     -77.2428
                -72.8551     -74.8981     -75.2330     -78.2322     -73.8550
                -71.7282     -72.3738     -76.0965     -76.6442     -74.2317
   5      0     -71.0023     -71.6158     -74.6010     -75.2780     -70.6384
                -67.5706     -78.5709     -70.7770     -74.8110     -70.2218
                -72.4629     -74.7588     -70.7267     -76.1543     -72.7995
                -79.8494     -72.2464     -71.6974     -71.0962     -65.9972
                -69.5312     -70.1536     -77.7627     -73.0759     -76.9793
                -75.7371     -73.2382     -69.7623     -76.8250     -72.9491
                -67.8442     -72.7093     -68.3390     -75.0870     -73.8538
                -68.7262     -67.0360     -77.8104     -71.2571     -76.1489
                -71.8556     -73.6748     -74.4133     -77.1413     -72.8194
                -70.7367     -71.3551     -74.9594     -75.7511     -72.8811
   5     60     -71.5033     -72.1189     -75.1018     -75.7789     -71.1393
                -68.0702     -79.0724     -71.2791     -75.3079     -70.7215
                -72.9629     -75.2566     -71.2315     -76.6517     -73.3025
                -80.3513     -72.7457     -72.1994     -71.5960     -66.4954
                -70.0341     -70.6511     -78.2650     -73.5752     -77.4769
                -76.2405     -73.7397     -70.2604     -77.3228     -73.4505
                -68.3462     -73.2058     -68.8386     -75.5894     -74.3551
                -69.2241     -67.5369     -78.3098     -71.7586     -76.6495
                -72.3534     -74.1744     -74.9125     -77.6417     -73.3189
                -71.2365     -71.8571     -75.4610     -76.2531     -73.3879
   5     80     -75.2457     -75.8797     -78.8547     -79.5329     -74.8790
                -71.8098     -82.8248     -75.0215     -79.0262     -74.4560
                -76.6981     -78.9686     -74.9993     -80.3744     -77.0621
                -84.1118     -76.4841     -75.9372     -75.3202     -70.2125
                -73.7823     -74.3487     -82.0075     -77.3043     -81.1969
                -79.9973     -77.4963     -73.9748     -81.0405     -77.2034
                -72.0943     -76.9204     -72.5616     -79.3431     -78.1111
                -72.9326     -71.2737     -82.0391     -75.4978     -80.3880
                -76.0604     -77.9001     -78.6361     -81.3802     -77.0577
                -74.9655     -75.6194     -79.2086     -80.0193     -77.1865
   5    100     -84.4281     -85.0715     -88.0662     -88.7556     -84.0510
                -81.0045     -92.0432     -84.1995     -88.1551     -83.6170
                -85.8657     -88.0630     -84.2224     -89.5295     -86.2884
                -93.3568     -85.6676     -85.0794     -84.4457     -79.3271
                -82.9525     -83.3942     -91.1691     -86.4622     -90.3702
                -89.2182     -86.7163     -83.0831     -90.1597     -86.4227
                -81.2813     -86.0552     -81.6787     -88.5499     -87.3515
                -82.0538     -80.4274     -91.1854     -84.6525     -89.5533
                -85.1345     -87.0194     -87.7653     -90.5466     -86.2334
                -84.1149     -84.8755     -88.3999     -89.2629     -86.4936
 
 group  inft   Estimated free energy: 1-th solvent contribution (kcal/mol)
   1      0    -135.4145    -138.9113    -148.1095    -148.0917    -139.7910
               -134.3183    -144.2759    -145.4791    -144.0232    -143.1653
               -142.1777    -140.3109    -135.6849    -139.6465    -147.1651
               -155.1805    -142.1626    -145.6956    -147.9595    -137.5812
               -130.9131    -144.4631    -142.8267    -137.7090    -142.8024
               -146.5607    -140.5175    -149.9190    -150.9852    -145.5476
               -147.7599    -142.6183    -141.4091    -152.7813    -146.4289
               -144.5735    -138.1441    -135.1730    -137.5327    -141.4155
               -145.5173    -141.9382    -146.8682    -143.8513    -144.5585
               -142.3986    -131.8159    -140.8139    -146.3771    -139.6522
   1     60    -135.4475    -138.9441    -148.1419    -148.1242    -139.8234
               -134.3511    -144.3083    -145.5117    -144.0553    -143.1976
               -142.2100    -140.3431    -135.7176    -139.6790    -147.1975
               -155.2128    -142.1948    -145.7279    -147.9914    -137.6135
               -130.9456    -144.4952    -142.8586    -137.7414    -142.8348
               -146.5931    -140.5501    -149.9514    -151.0169    -145.5800
               -147.7923    -142.6505    -141.4414    -152.8131    -146.4612
               -144.6059    -138.1770    -135.2053    -137.5653    -141.4480
               -145.5492    -141.9707    -146.9007    -143.8837    -144.5909
               -142.4312    -131.8491    -140.8465    -146.4094    -139.6854
   1     80    -135.7263    -139.2222    -148.4172    -148.4009    -140.0989
               -134.6286    -144.5839    -145.7889    -144.3288    -143.4720
               -142.4832    -140.6166    -135.9951    -139.9541    -147.4731
               -155.4882    -142.4690    -146.0024    -148.2636    -137.8876
               -131.2208    -144.7684    -143.1300    -138.0158    -143.1085
               -146.8689    -140.8277    -150.2267    -151.2886    -145.8562
               -148.0682    -142.9244    -141.7159    -153.0862    -146.7375
               -144.8790    -138.4557    -135.4791    -137.8411    -141.7239
               -145.8210    -142.2462    -147.1767    -144.1589    -144.8662
               -142.7069    -132.1292    -141.1232    -146.6841    -139.9672
   1    100    -136.6031    -140.1000    -149.2927    -149.2799    -140.9725
               -135.5006    -145.4613    -146.6736    -145.1959    -144.3425
               -143.3486    -141.4852    -136.8702    -140.8262    -148.3486
               -156.3692    -143.3404    -146.8756    -149.1326    -138.7575
               -132.0890    -145.6402    -143.9967    -138.8844    -143.9792
               -147.7481    -141.7059    -151.1043    -152.1601    -146.7379
               -148.9483    -143.7940    -142.5870    -153.9598    -147.6164
               -145.7472    -139.3342    -136.3466    -138.7110    -142.6008
               -146.6870    -143.1201    -148.0555    -145.0301    -145.7387
               -143.5801    -133.0106    -142.0011    -147.5564    -140.8558
   2      0    -135.3356    -138.8475    -148.0558    -148.0023    -139.8058
               -134.1890    -144.3312    -145.4877    -143.9714    -143.0866
               -142.0367    -140.2736    -135.6093    -139.5807    -147.2199
               -155.3039    -142.0875    -145.6371    -147.9863    -137.4658
               -130.7775    -144.4996    -142.9601    -137.7198    -142.7962
               -146.5700    -140.4374    -149.9439    -151.0246    -145.6301
               -147.7133    -142.5203    -141.3974    -152.8498    -146.4468
               -144.4840    -137.9687    -135.1682    -137.4866    -141.2052
               -145.5395    -141.8417    -146.7836    -143.9242    -144.4963
               -142.3063    -131.6527    -140.8320    -146.3407    -139.6417
   3      0    -134.9305    -138.5488    -147.7107    -147.6583    -139.4839
               -133.8303    -144.0041    -145.1026    -143.6041    -142.7027
               -141.6321    -139.9378    -135.2752    -139.1343    -146.8239
               -154.9522    -141.7444    -145.2536    -147.6912    -137.1317
               -130.3557    -144.1050    -142.6332    -137.3458    -142.4990
               -146.2353    -140.1571    -149.6252    -150.7265    -145.2649
               -147.3534    -142.1478    -141.0135    -152.5394    -146.0063
               -144.1090    -137.5188    -134.7855    -137.1227    -140.7998
               -145.1494    -141.4863    -146.4349    -143.5471    -144.1770
               -141.9220    -131.2524    -140.4705    -145.9646    -139.2788
   4      0    -136.1636    -139.4802    -148.8092    -148.7183    -140.5213
               -134.9554    -145.2073    -146.3087    -144.8171    -143.9829
               -142.7191    -141.0461    -136.4380    -140.4215    -147.9166
               -156.1204    -142.9125    -146.3673    -148.7532    -138.1968
               -131.4491    -145.3120    -143.7759    -138.5336    -143.5363
               -147.4344    -141.1780    -150.7553    -151.8304    -146.4075
               -148.4935    -143.2234    -142.1793    -153.6815    -147.3378
               -145.2484    -138.6891    -135.9843    -138.3197    -142.0226
               -146.2424    -142.6414    -147.4968    -144.6583    -145.2429
               -142.9669    -132.3772    -141.6210    -147.0711    -140.4550
   5      0    -134.8449    -138.4067    -147.7112    -147.5215    -139.4192
               -133.7747    -144.1090    -145.0124    -143.5939    -142.6540
               -141.6071    -139.9139    -135.2136    -139.2395    -146.8193
               -154.8276    -141.5085    -145.1332    -147.6160    -137.0212
               -130.1479    -143.9278    -142.7224    -137.3293    -142.4170
               -146.1356    -140.2033    -149.6748    -150.8607    -145.2281
               -147.3284    -142.0702    -140.7488    -152.6509    -146.1576
               -144.0989    -137.4211    -135.0369    -137.1372    -140.8135
               -145.1344    -141.3571    -146.4715    -143.4492    -144.1199
               -141.8364    -131.2798    -140.4387    -146.0551    -139.0649
   5     60    -134.8903    -138.4519    -147.7557    -147.5663    -139.4640
               -133.8200    -144.1536    -145.0572    -143.6385    -142.6986
               -141.6517    -139.9583    -135.2588    -139.2842    -146.8641
               -154.8721    -141.5529    -145.1777    -147.6602    -137.0656
               -130.1926    -143.9720    -142.7665    -137.3739    -142.4616
               -146.1804    -140.2483    -149.7193    -150.9044    -145.2728
               -147.3730    -142.1146    -140.7935    -152.6951    -146.2020
               -144.1433    -137.4662    -135.0815    -137.1821    -140.8581
               -145.1784    -141.4019    -146.5161    -143.4940    -144.1647
               -141.8811    -131.3253    -140.4837    -146.0997    -139.1107
   5     80    -135.2265    -138.7897    -148.0892    -147.9006    -139.7973
               -134.1554    -144.4871    -145.3920    -143.9719    -143.0317
               -141.9832    -140.2903    -135.5946    -139.6179    -147.1971
               -155.2054    -141.8843    -145.5102    -147.9912    -137.3974
               -130.5251    -144.3018    -143.0962    -137.7063    -142.7938
               -146.5152    -140.5841    -150.0524    -151.2328    -145.6077
               -147.7065    -142.4454    -141.1268    -153.0252    -146.5329
               -144.4733    -137.8012    -135.4137    -137.5151    -141.1910
               -145.5072    -141.7358    -146.8491    -143.8279    -144.4986
               -142.2137    -131.6635    -140.8188    -146.4328    -139.4511
   5    100    -136.0484    -139.6150    -148.9130    -148.7261    -140.6197
               -134.9759    -145.3134    -146.2229    -144.7939    -143.8530
               -142.7985    -141.1090    -136.4159    -140.4389    -148.0203
               -156.0361    -142.7039    -146.3312    -148.8131    -138.2138
               -131.3381    -145.1210    -143.9149    -138.5228    -143.6156
               -147.3457    -141.4092    -150.8792    -152.0527    -146.4387
               -148.5326    -143.2607    -141.9484    -153.8497    -147.3573
               -145.2887    -138.6204    -136.2310    -138.3321    -142.0127
               -146.3231    -142.5576    -147.6746    -144.6507    -145.3213
               -143.0316    -132.4875    -141.6459    -147.2544    -140.2859
 
 group  inft   Estimated free energy: 2-th solvent contribution (kcal/mol)
   1      0      73.8920      79.3855      84.5578      95.4559     101.8270
                 96.3353      90.9820      90.5829      75.7578      88.6349
                 82.6574      60.5548      78.0233      67.4243     104.8240
                 99.7334      98.3679      80.4821      93.3275      81.5945
                 65.1439      80.9642      77.7765      72.6254      83.5665
                 85.2340      92.5048     102.1047      90.9811     101.9722
                 98.3883      74.1705      81.6714      94.5606     103.9705
                 92.3780      82.5785      57.2513      77.9080      71.6239
                 76.2953      71.0991      85.8606      73.5010      89.3993
                 81.4859      90.1570      89.5336      92.7516     100.1229
   1     60      73.9119      79.4063      84.5762      95.4754     101.8472
                 96.3550      91.0017      90.6013      75.7784      88.6554
                 82.6776      60.5740      78.0414      67.4458     104.8433
                 99.7515      98.3880      80.5016      93.3483      81.6154
                 65.1636      80.9862      77.7962      72.6444      83.5873
                 85.2526      92.5244     102.1258      91.0020     101.9921
                 98.4081      74.1903      81.6932      94.5797     103.9895
                 92.3989      82.5978      57.2713      77.9281      71.6445
                 76.3155      71.1197      85.8818      73.5199      89.4193
                 81.5053      90.1759      89.5536      92.7713     100.1421
   1     80      73.9962      79.4985      84.6524      95.5604     101.9454
                 96.4446      91.0916      90.6847      75.8719      88.7468
                 82.7662      60.6584      78.1214      67.5368     104.9307
                 99.8260      98.4802      80.5887      93.4486      81.7144
                 65.2488      81.0944      77.8847      72.7254      83.6764
                 85.3298      92.6124     102.2292      91.1004     102.0848
                 98.4992      74.2759      81.7980      94.6626     104.0730
                 92.4965      82.6847      57.3560      78.0154      71.7336
                 76.4103      71.2115      85.9806      73.6002      89.5073
                 81.5935      90.2570      89.6421      92.8553     100.2261
   1    100      74.2780      79.8079      84.9027      95.8419     102.3092
                 96.7561      91.4006      90.9839      76.1920      89.0621
                 83.0597      60.9452      78.3917      67.8300     105.2409
                100.0645      98.8080      80.8845      93.8007      82.0569
                 65.5348      81.4875      78.1944      73.0016      83.9677
                 85.5869      92.9197     102.6017      91.4356     102.4083
                 98.8114      74.5523      82.1662      94.9389     104.3661
                 92.8373      82.9851      57.6299      78.3181      72.0280
                 76.7511      71.5206      86.3240      73.8673      89.8020
                 81.8970      90.5335      89.9496      93.1299     100.5241
   2      0      73.7581      79.1511      84.3755      95.5135     101.7813
                 96.5752      90.9149      90.4685      75.4461      88.4705
                 82.7726      60.2372      77.8485      67.4892     104.7263
                 99.6266      98.1232      80.4785      93.3652      81.5112
                 64.9838      81.0375      77.6128      72.4792      83.4465
                 85.2707      92.2552     101.9431      90.8826     101.5930
                 98.3493      73.9629      81.8419      94.4030     103.6554
                 92.0733      82.5959      57.4070      77.6819      71.7051
                 76.1204      71.1302      85.7616      73.4052      89.2042
                 81.4366      90.0640      89.4444      92.8424     100.0388
   3      0      74.4047      79.7040      85.0975      95.9676     102.2634
                 97.1115      91.4018      90.8526      76.1402      89.1552
                 83.1378      60.8515      78.4169      68.2015     105.2859
                100.3710      98.8533      81.1282      94.1308      82.0128
                 65.6904      81.6727      78.1123      73.0873      84.1087
                 85.9731      92.8458     102.4858      91.4808     102.1446
                 98.9393      74.6098      82.5699      94.9292     104.3290
                 92.4636      83.1561      58.0908      78.3415      72.5211
                 76.7052      71.8087      86.3809      74.1019      89.8457
                 81.9865      90.6062      90.0362      93.3770     100.7234
   4      0      75.2546      80.2665      85.6415      96.8342     102.7734
                 97.8313      92.2708      91.4919      76.9389      89.9898
                 83.8488      61.5699      79.1588      69.1516     105.9504
                100.9861      99.2998      81.7104      94.7600      82.9579
                 66.3572      82.3495      78.8788      73.7919      84.7338
                 86.6365      93.6105     103.4724      92.2159     102.6708
                 99.7629      75.1030      83.2242      95.7354     105.1041
                 93.2250      83.6296      58.9301      79.0625      73.0680
                 77.1696      72.5753      87.1549      74.7851      90.3741
                 82.6653      91.2407      90.6628      94.0977     101.3347
   5      0      75.2162      80.3357      85.5602      96.7938     102.7029
                 97.7480      92.2261      91.4305      76.8365      89.9652
                 83.7454      61.5244      79.0714      69.0959     105.9262
                101.1002      99.3589      81.7342      94.7477      82.8372
                 66.2933      82.4054      78.7804      73.7936      84.6550
                 86.6160      93.4178     103.3481      92.1363     102.6986
                 99.7223      75.0880      83.3083      95.5688     104.9368
                 93.1856      83.6264      58.7894      78.9342      73.0042
                 77.1113      72.5505      87.0083      74.6818      90.3542
                 82.5624      91.2134      90.6404      94.0188     101.3397
   5     60      75.2382      80.3595      85.5814      96.8159     102.7260
                 97.7698      92.2490      91.4514      76.8609      89.9888
                 83.7691      61.5465      79.0927      69.1202     105.9480
                101.1206      99.3824      81.7563      94.7711      82.8613
                 66.3155      82.4307      78.8029      73.8157      84.6788
                 86.6370      93.4403     103.3713      92.1605     102.7217
                 99.7447      75.1111      83.3337      95.5913     104.9588
                 93.2099      83.6487      58.8115      78.9572      73.0277
                 77.1342      72.5736      87.0328      74.7033      90.3774
                 82.5852      91.2342      90.6630      94.0407     101.3616
   5     80      75.3619      80.4956      85.6981      96.9407     102.8710
                 97.8996      92.3820      91.5764      77.0017      90.1252
                 83.9016      61.6731      79.2125      69.2549     106.0769
                101.2308      99.5203      81.8842      94.9155      83.0055
                 66.4419      82.5898      78.9340      73.9404      84.8120
                 86.7535      93.5709     103.5193      92.3033     102.8576
                 99.8770      75.2383      83.4882      95.7164     105.0843
                 93.3552      83.7784      58.9351      79.0890      73.1597
                 77.2740      72.7073      87.1781      74.8237      90.5082
                 82.7179      91.3531      90.7941      94.1628     101.4882
   5    100      75.5823      80.7430      85.8954      97.1678     103.1714
                 98.1512      92.6276      91.8173      77.2610      90.3785
                 84.1324      61.9036      79.4273      69.4840     106.3290
                101.4166      99.7844      82.1211      95.2044      83.2812
                 66.6697      82.9166      79.1831      74.1652      85.0418
                 86.9566      93.8165     103.8255      92.5754     103.1176
                100.1290      75.4527      83.7931      95.9343     105.3139
                 93.6309      84.0209      59.1514      79.3316      73.3899
                 77.5518      72.9570      87.4560      75.0345      90.7405
                 82.9638      91.5725      91.0398      94.3793     101.7275
 
 group  inft   Estimated free energy: 3-th solvent contribution (kcal/mol)
   1      0     -11.2599     -13.4447     -12.3496     -24.4191     -33.7887
                -31.4219     -26.5472     -17.1049      -7.9653     -17.4332
                -14.4979       3.7021     -14.4920      -5.8872     -31.8078
                -26.0021     -29.9863      -8.1737     -18.0953     -11.7483
                 -5.5699      -8.5413     -13.7112      -9.4461     -19.0822
                -16.1242     -26.3337     -23.3279     -17.9742     -30.3366
                -20.1244      -5.6391     -10.8109     -17.9087     -32.5363
                -17.6966     -13.1329      -1.4550     -12.9712      -8.2115
                 -3.7421      -4.7715     -14.8699      -8.2826     -18.9069
                -11.3691     -31.1580     -25.0480     -23.6066     -35.0460
   1     60     -11.6110     -13.7989     -12.7008     -24.7707     -34.1409
                -31.7714     -26.8998     -17.4569      -8.3160     -17.7851
                -14.8503       3.3519     -14.8453      -6.2379     -32.1606
                -26.3532     -30.3377      -8.5265     -18.4477     -12.0997
                 -5.9231      -8.8938     -14.0650      -9.7969     -19.4326
                -16.4770     -26.6856     -23.6788     -18.3254     -30.6891
                -20.4772      -5.9884     -11.1642     -18.2621     -32.8883
                -18.0479     -13.4848      -1.8063     -13.3242      -8.5646
                 -4.0933      -5.1232     -15.2225      -8.6333     -19.2581
                -11.7210     -31.5085     -25.4005     -23.9591     -35.4012
   1     80     -14.4940     -16.7065     -15.5883     -27.6643     -37.0394
                -34.6560     -29.7987     -20.3412     -11.1951     -20.6752
                -17.7380       0.4862     -17.7461      -9.1158     -35.0645
                -29.2405     -33.2309     -11.4129     -21.3376     -14.9833
                 -8.8182     -11.7756     -16.9597     -12.6735     -22.3078
                -19.3662     -29.5860     -26.5579     -21.2087     -33.5909
                -23.3725      -8.8560     -14.0589     -21.1613     -35.7873
                -20.9248     -16.3696      -4.6827     -16.2148     -11.4540
                 -6.9681      -8.0029     -18.1100     -11.5128     -22.1435
                -14.6037     -34.4002     -28.2934     -26.8622     -38.3263
   1    100     -23.8255     -26.0742     -24.9241     -37.0424     -46.4409
                -44.0313     -39.1870     -29.6780     -20.5123     -30.0166
                -27.0697      -8.7685     -27.1164     -18.4268     -44.4731
                -38.5881     -42.6087     -20.7223     -30.6810     -24.3050
                -18.1518     -21.0781     -26.3037     -21.9846     -31.6366
                -28.7124     -38.9818     -35.8941     -30.5272     -42.9944
                -32.7373     -18.1346     -23.4123     -30.5134     -45.1882
                -30.2549     -25.6968     -13.9776     -25.5453     -20.7769
                -16.2525     -17.2975     -27.4433     -20.8163     -31.4737
                -23.9313     -43.8056     -37.6570     -36.2602     -47.7967
   2      0     -11.2612     -13.4470     -12.3451     -24.4287     -33.8145
                -31.4308     -26.5581     -17.0977      -7.9676     -17.4340
                -14.5073       3.7121     -14.4961      -5.8916     -31.8186
                -26.0169     -30.0033      -8.1805     -18.1105     -11.7465
                 -5.5687      -8.5370     -13.7206      -9.4536     -19.0984
                -16.1271     -26.3374     -23.3341     -17.9873     -30.3261
                -20.1119      -5.6389     -10.8061     -17.9151     -32.5333
                -17.6992     -13.1318      -1.4668     -12.9676      -8.2289
                 -3.7291      -4.7707     -14.8707      -8.2790     -18.9198
                -11.3681     -31.1737     -25.0731     -23.6025     -35.0461
   3      0     -11.2722     -13.4496     -12.3677     -24.4337     -33.8316
                -31.4585     -26.5766     -17.1098      -7.9786     -17.4467
                -14.5175       3.7153     -14.5067      -5.8983     -31.8210
                -26.0176     -30.0218      -8.1925     -18.1186     -11.7554
                 -5.5865      -8.5540     -13.7454      -9.4548     -19.1133
                -16.1319     -26.3582     -23.3430     -18.0036     -30.3440
                -20.1518      -5.6356     -10.8078     -17.9356     -32.5544
                -17.7111     -13.1444      -1.4855     -12.9750      -8.2331
                 -3.7554      -4.7887     -14.8669      -8.3005     -18.9545
                -11.3835     -31.1877     -25.0846     -23.6111     -35.0731
   4      0     -11.3327     -13.4953     -12.4149     -24.5015     -33.8688
                -31.5004     -26.5983     -17.1725      -8.0068     -17.4618
                -14.5419       3.6775     -14.5550      -5.9448     -31.8619
                -26.0452     -30.0420      -8.2459     -18.1762     -11.7964
                 -5.6083      -8.5679     -13.7738      -9.4951     -19.1413
                -16.1554     -26.3857     -23.3884     -18.0560     -30.3716
                -20.1696      -5.6876     -10.8752     -17.9448     -32.5632
                -17.7602     -13.1906      -1.5225     -13.0042      -8.2821
                 -3.7761      -4.8258     -14.8849      -8.3527     -18.9801
                -11.4204     -31.2311     -25.1320     -23.6646     -35.1053
   5      0     -11.3674     -13.5386     -12.4439     -24.5441     -33.9159
                -31.5377     -26.6818     -17.1889      -8.0475     -17.5268
                -14.5950       3.6369     -14.5783      -6.0046     -31.9001
                -26.1159     -30.0906      -8.2923     -18.2217     -11.8070
                 -5.6704      -8.6250     -13.8146      -9.5341     -19.2111
                -16.2112     -26.4466     -23.4295     -18.0944     -30.4135
                -20.2319      -5.7209     -10.8923     -17.9986     -32.6269
                -17.8067     -13.2352      -1.5567     -13.0479      -8.3335
                 -3.8263      -4.8620     -14.9439      -8.3677     -19.0475
                -11.4565     -31.2825     -25.1549     -23.7085     -35.1497
   5     60     -11.8450     -14.0203     -12.9214     -25.0223     -34.3952
                -32.0138     -27.1616     -17.6672      -8.5242     -18.0054
                -15.0741       3.1614     -15.0592      -6.4816     -32.3802
                -26.5936     -30.5690      -8.7718     -18.7007     -12.2849
                 -6.1508      -9.1036     -14.2952     -10.0108     -19.6879
                -16.6909     -26.9255     -23.9062     -18.5726     -30.8932
                -20.7117      -6.1962     -11.3726     -18.4795     -33.1057
                -18.2846     -13.7132      -2.0336     -13.5276      -8.8130
                 -4.3030      -5.3399     -15.4230      -8.8448     -19.5255
                -11.9344     -31.7597     -25.6342     -24.1879     -35.6326
   5     80     -15.3749     -17.5794     -16.4574     -28.5667     -37.9465
                -35.5478     -30.7135     -21.1998     -12.0498     -21.5432
                -18.6103      -0.3452     -18.6109     -10.0052     -35.9357
                -30.1310     -34.1139     -12.3050     -22.2383     -15.8144
                 -9.6930     -12.6305     -17.8390     -13.5322     -23.2089
                -20.2295     -30.4770     -27.4355     -22.1049     -34.4471
                -24.2586      -9.7072     -14.9169     -22.0281     -36.6563
                -21.8084     -17.2447      -5.5543     -17.0656     -12.3506
                 -7.8210      -8.8654     -18.9588     -12.3698     -23.0611
                -15.4635     -35.3028     -29.1777     -27.7431     -39.2174
   5    100     -23.9558     -26.1933     -25.0424     -37.1911     -46.5964
                -44.1736     -39.3512     -29.7877     -20.6160     -30.1363
                -27.1934      -8.8514     -27.2276     -18.5685     -44.5909
                -38.7311     -42.7419     -20.8631     -30.8308     -24.3883
                -18.2779     -21.1836     -26.4311     -22.0984     -31.7903
                -28.8229     -39.1174     -36.0233     -30.6762     -43.0955
                -32.8714     -18.2411     -23.5173     -30.6283     -45.3019
                -30.3898     -25.8218     -14.0996     -25.6458     -20.9243
                -16.3570     -17.4126     -27.5405     -20.9242     -31.6464
                -24.0409     -43.9543     -37.7877     -36.3816     -47.9290
 
 
 cumulative average & 95% error for solvation free energy
              total             1st component         2nd component         3rd component
  1   -71.8042             -134.9305               74.4047              -11.2722
  2   -72.0524     0.4965  -136.7396     3.6183    77.0543     5.2992   -12.3609     2.1774
  3   -73.0306     1.9774  -140.3967     7.6065    79.7354     6.1735   -12.3632     1.2571
  4   -73.8056     2.0874  -142.2121     6.4894    83.7934     9.2156   -15.3808     6.1004
  5   -73.2561     1.9550  -141.6664     5.1438    87.4874    10.2732   -19.0710     8.7634
  6   -72.4107     2.3253  -140.3604     4.9459    89.0914     8.9806   -21.1356     8.2613
  7   -73.3785     2.7584  -140.8809     4.3077    89.4215     7.6186   -21.9129     7.1530
  8   -73.1269     2.4412  -141.4086     3.8770    89.6004     6.6076   -21.3125     6.3100
  9   -73.3849     2.2139  -141.6526     3.4538    88.1048     6.5502   -19.8309     6.3046
 10   -73.1464     2.0368  -141.7576     3.0963    88.2098     5.8624   -19.5925     5.6591
 11   -73.1348     1.8425  -141.7462     2.8008    87.7487     5.3824   -19.1312     5.2014
 12   -73.3216     1.7230  -141.5955     2.5745    85.5073     6.6511   -17.2273     6.0864
 13   -73.1716     1.6131  -141.1093     2.5600    84.9619     6.2146   -17.0180     5.6143
 14   -73.4334     1.5826  -140.9682     2.3869    83.7647     6.2320   -16.2237     5.4351
 15   -73.4289     1.4733  -141.3586     2.3552    85.1995     6.4725   -17.2636     5.4705
 16   -73.8774     1.6444  -142.2082     2.7823    86.1477     6.3445   -17.8107     5.2329
 17   -73.8210     1.5487  -142.1809     2.6141    86.8951     6.1442   -18.5290     5.1211
 18   -73.7378     1.4696  -142.3516     2.4881    86.5747     5.8282   -17.9547     4.9629
 19   -73.6298     1.4068  -142.6327     2.4197    86.9724     5.5700   -17.9634     4.6945
 20   -73.2923     1.4956  -142.3576     2.3605    86.7244     5.3074   -17.6530     4.4967
 21   -73.1479     1.4516  -141.7861     2.5195    85.7228     5.4312   -17.0784     4.4289
 22   -73.0499     1.3979  -141.8915     2.4115    85.5387     5.1916   -16.6909     4.2933
 23   -73.2770     1.4108  -141.9237     2.3051    85.2158     5.0026   -16.5628     4.1104
 24   -73.2954     1.3512  -141.7330     2.2397    84.7105     4.8951   -16.2667     3.9797
 25   -73.4640     1.3392  -141.7636     2.1492    84.6864     4.6954   -16.3805     3.8240
 26   -73.5769     1.3063  -141.9356     2.0933    84.7359     4.5123   -16.3710     3.6740
 27   -73.5806     1.2570  -141.8698     2.0186    85.0362     4.3833   -16.7409     3.6119
 28   -73.4701     1.2313  -142.1467     2.0225    85.6594     4.4039   -16.9767     3.5123
 29   -73.6007     1.2164  -142.4426     2.0392    85.8602     4.2683   -17.0121     3.3898
 30   -73.5963     1.1752  -142.5367     1.9791    86.4030     4.2641   -17.4565     3.3933
 31   -73.4343     1.1820  -142.6920     1.9392    86.8074     4.2028   -17.5434     3.2866
 32   -73.4263     1.1446  -142.6750     1.8779    86.4262     4.1401   -17.1713     3.2681
 33   -73.3000     1.1377  -142.6247     1.8229    86.3094     4.0195   -16.9785     3.1909
 34   -73.3662     1.1117  -142.9163     1.8622    86.5629     3.9323   -17.0066     3.0962
 35   -73.3911     1.0806  -143.0046     1.8168    87.0705     3.9510   -17.4508     3.1349
 36   -73.2792     1.0737  -143.0353     1.7667    87.2203     3.8513   -17.4581     3.0466
 37   -73.1234     1.0898  -142.8862     1.7439    87.1105     3.7522   -17.3415     2.9723
 38   -73.2566     1.0937  -142.6730     1.7502    86.3468     3.9587   -16.9242     3.0110
 39   -73.2183     1.0681  -142.5307     1.7283    86.1415     3.8776   -16.8230     2.9398
 40   -73.3008     1.0540  -142.4874     1.6868    85.8010     3.8403   -16.6082     2.8973
 41   -73.2741     1.0294  -142.5523     1.6502    85.5792     3.7717   -16.2947     2.8945
 42   -73.3026     1.0062  -142.5269     1.6112    85.2513     3.7387   -16.0208     2.8774
 43   -73.3404     0.9854  -142.6178     1.5838    85.2776     3.6511   -15.9939     2.8102
 44   -73.4407     0.9834  -142.6390     1.5480    85.0236     3.6031   -15.8191     2.7678
 45   -73.4374     0.9613  -142.6731     1.5147    85.1307     3.5287   -15.8888     2.7091
 46   -73.3914     0.9447  -142.6568     1.4818    85.0624     3.4538   -15.7908     2.6568
 47   -73.3584     0.9267  -142.4142     1.5290    85.1803     3.3878   -16.1184     2.6810
 48   -73.4036     0.9117  -142.3737     1.4990    85.2815     3.3226   -16.3052     2.6510
 49   -73.4607     0.9002  -142.4469     1.4753    85.4467     3.2708   -16.4543     2.6134
 50   -73.4642     0.8820  -142.3836     1.4511    85.7522     3.2625   -16.8267     2.6667
 
 Mesh error is    0.956 kcal/mol
