 ERmod 0.3.8, Copyright (C) 2000-2019 Nobuyuki Matubayasi
                            2010-2019 Shun Sakuraba
 ERmod comes with ABSOLUTELY NO WARRANTY.
 This is free software, and you can redistribute it
 and/or modify it under certain conditions.
 See LICENSE file for details.
 ERmod 0.3.8, Copyright (C) 2000-2019 Nobuyuki Matubayasi
                            2010-2019 Shun Sakuraba
 ERmod comes with ABSOLUTELY NO WARRANTY.
 This is free software, and you can redistribute it
 and/or modify it under certain conditions.
 See LICENSE file for details.
 
  Number of the   1-th solvent  =          368
  Number of the   2-th solvent  =          368
  Number of the   3-th solvent  =        10000
 
  Be sure that the solvent distribution is homogeneous (radial distribution function is essentially unity) when the solvent molecule is separated beyond distance of   10.0 Angstrom in any direction from any atom within the solute molecule
 
  LJ long-range correction    =        -0.6509     -0.1232     -7.4645
 
  Self-energy of the solute   =        -0.0020  kcal/mol
 
 
 cumulative average & 95% error for solvation energy
              total             1st component         2nd component         3rd component
  1  -502.8158             -108.9145               -0.2425             -393.6568
  2  -506.3630     7.0945  -105.1719     7.4851   -34.5498    68.6147  -366.6393    54.0351
  3  -505.7617     4.2689  -104.0092     4.9074   -34.2223    39.6201  -367.5282    31.2478
  4  -504.7109     3.6781  -101.4939     6.1113   -26.3049    32.1810  -376.9100    28.9877
  5  -503.7088     3.4833  -100.9553     4.8548   -14.1647    34.7982  -388.5869    32.3971
  6  -502.2562     4.0656  -100.4565     4.0876    -3.5278    35.4944  -398.2700    32.7836
  7  -501.3481     3.8866  -100.5908     3.4651     5.9744    35.5114  -406.7298    32.4648
  8  -501.0376     3.4227  -101.2397     3.2695    10.7646    32.2115  -410.5605    29.1405
  9  -500.6308     3.1263  -100.8235     3.0011    14.6162    29.4337  -414.4214    26.8345
 10  -500.5342     2.8029  -100.6359     2.7104    16.4580    26.5828  -416.3543    24.3108
 11  -500.6708     2.5500  -101.0523     2.5892    15.6983    24.0930  -415.3147    22.0880
 12  -500.8852     2.3670  -100.8934     2.3849    13.2120    22.5489  -413.2018    20.6016
 13  -501.4415     2.4451  -101.0736     2.2233     8.1142    23.1123  -408.4801    21.1733
 14  -501.4510     2.2638  -101.2677     2.0946     8.3488    21.4030  -408.5301    19.6029
 15  -501.4663     2.1077  -101.5454     2.0275     9.0770    19.9783  -408.9959    18.2731
 16  -501.0882     2.1116  -101.8460     1.9896    12.9952    20.2645  -412.2356    18.2797
 17  -500.7450     2.0989  -101.7640     1.8760    15.9998    19.9611  -414.9789    18.0261
 18  -500.5096     2.0341  -101.7094     1.7721    18.2097    19.3316  -417.0080    17.4730
 19  -500.3043     1.9674  -101.6692     1.6782    20.4503    18.8269  -419.0835    17.0410
 20  -500.1695     1.8858  -101.4266     1.6643    21.6909    18.0323  -420.4318    16.3899
 21  -500.0760     1.8035  -101.4505     1.5838    22.7232    17.2759  -421.3467    15.6969
 22  -499.9100     1.7513  -101.3078     1.5369    24.7063    16.9428  -423.3066    15.4712
 23  -499.7887     1.6909  -101.3620     1.4725    26.1015    16.4281  -424.5262    14.9832
 24  -499.6170     1.6550  -101.6144     1.4975    28.1053    16.2312  -426.1059    14.6891
 25  -499.3971     1.6472  -101.6777     1.4419    29.9727    16.0102  -427.6901    14.4411
 26  -499.2103     1.6261  -101.8444     1.4249    31.7852    15.8034  -429.1491    14.1781
 27  -499.1642     1.5674  -101.5990     1.4563    32.1636    15.2257  -429.7269    13.6917
 28  -499.2323     1.5165  -101.6593     1.4085    31.7988    14.6900  -429.3698    13.2130
 29  -499.1768     1.4675  -101.7283     1.3661    32.4317    14.2308  -429.8782    12.7897
 30  -499.2288     1.4216  -101.6867     1.3224    32.0155    13.7734  -429.5557    12.3729
 31  -499.2781     1.3785  -101.6678     1.2796    31.6600    13.3407  -429.2683    11.9809
 32  -499.5647     1.4525  -101.3836     1.3631    29.3248    13.7354  -427.5039    12.1253
 33  -499.7159     1.4400  -101.4625     1.3306    28.3308    13.4603  -426.5822    11.8958
 34  -499.8438     1.4202  -101.5573     1.3047    27.6065    13.1386  -425.8910    11.6232
 35  -499.9426     1.3931  -101.6687     1.2863    26.8914    12.8376  -425.1633    11.3796
 36  -500.0487     1.3704  -101.6821     1.2504    25.8060    12.6633  -424.1706    11.2358
 37  -500.1862     1.3609  -101.8416     1.2572    24.7062    12.5112  -423.0488    11.1559
 38  -500.2193     1.3262  -101.9462     1.2415    24.2026    12.2191  -422.4737    10.9191
 39  -500.3131     1.3053  -102.0459     1.2255    23.3079    12.0354  -421.5732    10.7868
 40  -500.3675     1.2769  -101.9823     1.2012    22.5190    11.8363  -420.9023    10.5990
 41  -500.4432     1.2546  -101.8255     1.2128    21.3974    11.7599  -420.0131    10.4891
 42  -500.5911     1.2595  -101.7870     1.1861    20.1477    11.7455  -418.9499    10.4548
 43  -500.5820     1.2300  -101.7688     1.1587    20.5940    11.5038  -419.4052    10.2494
 44  -500.5511     1.2033  -101.8300     1.1387    21.0179    11.2712  -419.7370    10.0357
 45  -500.5508     1.1763  -101.8024     1.1145    21.2497    11.0276  -419.9961     9.8238
 46  -500.5050     1.1541  -101.7711     1.0918    21.6693    10.8178  -420.4013     9.6420
 47  -500.6049     1.1468  -101.4872     1.2098    20.7279    10.7513  -419.8436     9.5003
 48  -500.5925     1.1229  -101.4438     1.1875    21.0055    10.5396  -420.1521     9.3207
 49  -500.5120     1.1115  -101.4859     1.1660    21.8373    10.4555  -420.8614     9.2381
 50  -500.4788     1.0910  -101.5098     1.1435    22.2974    10.2855  -421.2644     9.0872
 
 
 group  inft  solvation free energy     error          difference
  total solvation free energy
   1      0        -94.17974           1.49908           0.49026
   1     60        -94.50091           1.49902           0.16909
   1     80        -97.49074           1.50077          -2.82074
   1    100       -107.32861           1.51900         -12.65861
   2      0        -94.20279           1.51023           0.46721
   3      0        -94.67000           1.51286           0.00000
   4      0        -94.08776           1.51616           0.58224
   5      0        -95.32438           1.51970          -0.65438
   5     60        -95.76678           1.51951          -1.09678
   5     80        -99.43417           1.52173          -4.76417
   5    100       -108.46681           1.53913         -13.79682
 
  contribution from  1-th solvent component
   1      0        -81.08993           0.95091          -0.41446
   1     60        -81.10281           0.95088          -0.42734
   1     80        -81.22252           0.95057          -0.54705
   1    100        -81.59752           0.95013          -0.92205
   2      0        -80.64214           0.97569           0.03333
   3      0        -80.67547           0.98473           0.00000
   4      0        -80.18675           0.98341           0.48872
   5      0        -81.07919           0.99102          -0.40372
   5     60        -81.09629           0.99097          -0.42082
   5     80        -81.24000           0.99060          -0.56453
   5    100        -81.58204           0.99037          -0.90657
 
  contribution from  2-th solvent component
   1      0         43.96516           5.09859           0.88362
   1     60         43.97426           5.09858           0.89271
   1     80         44.04218           5.09934           0.96064
   1    100         44.21966           5.10243           1.13811
   2      0         43.51982           5.09072           0.43828
   3      0         43.08154           5.08686           0.00000
   4      0         43.14941           5.08434           0.06787
   5      0         42.88497           5.08261          -0.19657
   5     60         42.89997           5.08266          -0.18157
   5     80         43.00608           5.08369          -0.07546
   5    100         43.15807           5.08643           0.07652
 
  contribution from  3-th solvent component
   1      0        -57.05299           6.05793           0.02110
   1     60        -57.37037           6.05775          -0.29628
   1     80        -60.30842           6.05977          -3.23433
   1    100        -69.94876           6.08118         -12.87467
   2      0        -57.07849           6.06133          -0.00440
   3      0        -57.07409           6.06232           0.00000
   4      0        -57.04843           6.05997           0.02566
   5      0        -57.12818           6.06456          -0.05409
   5     60        -57.56848           6.06430          -0.49439
   5     80        -61.19828           6.06719          -4.12419
   5    100        -70.04086           6.08827         -12.96677
 
 
 group  inft   Estimated free energy: total (kcal/mol)
   1      0     -88.8668     -90.3721     -84.8311     -86.6696     -94.4924
                -95.4237     -96.6559     -98.9262    -103.3504     -98.4758
                -90.4139     -89.3567     -89.1658     -92.7628     -90.8587
                -98.2165     -98.6844     -99.2532     -94.4563     -95.1176
                -98.7078     -98.6141     -98.5775     -99.7772     -98.7554
               -101.7002     -99.0573     -90.5284     -95.7998     -93.2009
                -91.1947     -92.5547     -86.5104    -101.2122     -89.4080
                -87.5440     -87.1045     -87.6883     -90.5086     -83.6446
                -85.3192     -89.2239    -100.7608     -97.4562     -97.8655
                -95.0491     -93.2182    -101.7872    -102.0944     -97.7743
   1     60     -89.1894     -90.6901     -85.1501     -86.9903     -94.8151
                -95.7447     -96.9753     -99.2465    -103.6722     -98.7978
                -90.7347     -89.6781     -89.4871     -93.0851     -91.1813
                -98.5358     -99.0051     -99.5733     -94.7765     -95.4395
                -99.0281     -98.9328     -98.8992    -100.0951     -99.0731
               -102.0174     -99.3791     -90.8481     -96.1201     -93.5234
                -91.5155     -92.8753     -86.8301    -101.5347     -89.7318
                -87.8652     -87.4288     -88.0110     -90.8308     -83.9656
                -85.6422     -89.5447    -101.0833     -97.7778     -98.1915
                -95.3717     -93.5404    -102.1102    -102.4156     -98.0951
   1     80     -92.1718     -93.6497     -88.1168     -89.9749     -97.8224
                -98.7414     -99.9609    -102.2226    -106.6758    -101.8031
                -93.7129     -92.6589     -92.4632     -96.0771     -94.1787
               -101.5202    -101.9954    -102.5691     -97.7635     -98.4329
               -102.0235    -101.9139    -101.9074    -103.0816    -102.0454
               -104.9956    -102.3791     -93.8333     -99.1081     -96.5204
                -94.5029     -95.8560     -89.7990    -104.5331     -92.7284
                -90.8496     -90.4239     -91.0012     -93.8097     -86.9431
                -88.6308     -92.5271    -104.0892    -100.7739    -101.2101
                -98.3716     -96.5317    -105.1218    -105.4220    -101.0926
   1    100    -101.9198    -103.3569     -97.8074     -99.7661    -107.6927
               -108.6536    -109.8322    -112.0263    -116.6102    -111.7013
               -103.4500    -102.4013    -102.1789    -105.8815    -104.0210
               -111.4035    -111.9120    -112.4875    -107.6316    -108.3118
               -111.9117    -111.8218    -111.8685    -112.9807    -111.9219
               -114.9083    -112.2685    -103.6542    -108.9789    -106.3810
               -104.3289    -105.6429     -99.5321    -114.3697    -102.5308
               -100.5972    -100.1968    -100.7751    -103.5435     -96.6952
                -98.3826    -102.2907    -114.0100    -110.6475    -111.1261
               -108.2603    -106.3379    -115.0355    -115.3897    -110.9969
   2      0     -89.0183     -90.2415     -84.8264     -86.5252     -94.6471
                -95.3273     -96.5701     -99.2585    -103.4258     -98.5615
                -90.5486     -89.4894     -89.1136     -92.8936     -90.8225
                -98.2667     -98.7085     -99.3290     -94.5211     -95.2993
                -98.4392     -98.7619     -98.5846    -100.1827     -99.1794
               -101.9563     -99.1625     -90.6042     -95.7390     -93.2337
                -91.0091     -92.6232     -86.3884    -101.1671     -89.3008
                -87.5250     -87.0236     -87.6893     -90.6912     -83.5887
                -85.2946     -89.1829    -100.5398     -97.6314     -97.8049
                -95.1143     -93.0058    -101.9671    -101.9864     -97.3687
   3      0     -89.4985     -90.7381     -85.3190     -86.8367     -94.9652
                -95.7584     -97.2283     -99.8353    -103.9857     -98.9081
                -91.2252     -90.0617     -89.5343     -93.3858     -91.2554
                -98.7126     -99.0700     -99.7656     -95.0093     -95.7720
                -98.9014     -99.4127     -99.0667    -100.6151     -99.7820
               -102.5610     -99.5718     -91.1848     -96.1854     -93.6700
                -91.3591     -93.2571     -86.9107    -101.5782     -89.5200
                -87.9703     -87.4750     -88.3115     -91.1338     -83.9548
                -85.7933     -89.6017    -100.9014     -98.1171     -98.2921
                -95.5378     -93.3632    -102.4608    -102.4409     -97.7050
   4      0     -88.8857     -90.1132     -84.6733     -86.3491     -94.5978
                -95.0796     -96.5244     -99.2294    -103.2036     -98.4249
                -90.4650     -89.4135     -88.9235     -92.7980     -90.6684
                -98.1521     -98.6532     -99.2287     -94.2819     -95.1461
                -98.3173     -98.7058     -98.4910    -100.2821     -99.2567
               -101.9983     -99.0426     -90.4834     -95.6118     -93.1211
                -90.7221     -92.6863     -86.1881    -101.1276     -89.1347
                -87.2865     -86.8616     -87.7154     -90.6168     -83.4504
                -85.1770     -89.0474    -100.2179     -97.5104     -97.7727
                -95.0253     -92.8900    -101.8676    -101.8520     -97.1171
   5      0     -90.3127     -91.1591     -85.8669     -87.4954     -95.8717
                -96.2981     -98.0895    -100.3995    -104.5209     -99.5626
                -91.6069     -90.7885     -90.1386     -94.1696     -91.9061
                -99.5695     -99.8842    -100.3100     -95.5261     -96.3806
                -99.5574    -100.0254     -99.6336    -101.5045    -100.4492
               -103.3541    -100.2209     -91.8082     -96.7433     -94.2510
                -91.8439     -93.7971     -87.5003    -102.3853     -90.1958
                -88.5371     -88.0410     -88.9127     -91.8747     -84.6962
                -86.3599     -90.3993    -101.4516     -98.7279     -99.0221
                -96.1739     -94.1531    -103.1989    -103.0348     -98.5096
   5     60     -90.7568     -91.5990     -86.3079     -87.9377     -96.3161
                -96.7390     -98.5293    -100.8404    -104.9633    -100.0067
                -92.0497     -91.2322     -90.5811     -94.6137     -92.3507
               -100.0094    -100.3251    -100.7507     -95.9664     -96.8224
                -99.9989    -100.4639    -100.0768    -101.9434    -100.8864
               -103.7917    -100.6637     -92.2496     -97.1838     -94.6946
                -92.2865     -94.2385     -87.9399    -102.8295     -90.6412
                -88.9814     -88.4880     -89.3578     -92.3181     -85.1390
                -86.8054     -90.8422    -101.8956     -99.1709     -99.4690
                -96.6166     -94.5968    -103.6435    -103.4772     -98.9517
   5     80     -94.4163     -95.2329     -89.9443     -91.5999    -100.0028
               -100.4186    -102.1903    -104.4890    -108.6466    -103.6923
                -95.6972     -94.8858     -94.2282     -98.2805     -96.0279
               -103.6695    -103.9976    -104.4282     -99.6279    -100.4968
               -103.6735    -104.1245    -103.7703    -105.6090    -104.5366
               -107.4482    -104.3407     -95.9096    -100.8488     -98.3714
                -95.9515     -97.8951     -91.5799    -106.5036     -94.3158
                -92.6407     -92.1627     -93.0270     -95.9706     -88.7947
                -90.4708     -94.4993    -105.5838    -102.8459    -103.1701
               -100.2947     -98.2645    -107.3337    -107.1686    -102.6305
   5    100    -103.3657    -104.1318     -98.8382    -100.5882    -109.0731
               -109.5276    -111.2636    -113.4935    -117.7646    -112.7758
               -104.6325    -103.8244    -103.1359    -107.2786    -105.0638
               -112.7513    -113.1095    -113.5435    -108.6895    -109.5792
               -112.7581    -113.2278    -112.9174    -114.7088    -113.6161
               -116.5580    -113.4259    -104.9268    -109.9151    -107.4221
               -104.9742    -106.8775    -100.5167    -115.5278    -103.3113
               -101.5826    -101.1275    -102.0027    -104.8988     -97.7496
                -99.4214    -103.4578    -114.6881    -111.9140    -112.2710
               -109.3724    -107.2622    -116.4302    -116.3227    -111.7256
 
 group  inft   Estimated free energy: 1-th solvent contribution (kcal/mol)
   1      0     -87.2817     -81.2578     -80.3346     -73.7950     -79.3111
                -76.5689     -81.6347     -88.2791     -82.1911     -80.2491
                -85.6445     -81.9209     -82.2932     -83.4502     -78.3538
                -86.0631     -82.4807     -81.2446     -79.5943     -76.3023
                -80.5101     -80.2662     -80.6342     -85.4060     -84.4202
                -86.5762     -79.5814     -79.3215     -81.1527     -79.2822
                -77.1067     -76.0588     -76.8717     -85.6935     -80.4623
                -81.3397     -83.1363     -83.9821     -85.8699     -77.6488
                -77.5469     -80.1216     -81.6075     -82.9718     -80.4949
                -78.3940     -73.2157     -82.5762     -84.0020     -79.9948
   1     60     -87.2942     -81.2702     -80.3472     -73.8080     -79.3241
                -76.5819     -81.6476     -88.2916     -82.2040     -80.2621
                -85.6570     -81.9336     -82.3059     -83.4629     -78.3669
                -86.0759     -82.4937     -81.2575     -79.6074     -76.3155
                -80.5230     -80.2793     -80.6473     -85.4190     -84.4330
                -86.5891     -79.5942     -79.3345     -81.1656     -79.2952
                -77.1196     -76.0716     -76.8848     -85.7061     -80.4753
                -81.3523     -83.1492     -83.9948     -85.8825     -77.6617
                -77.5597     -80.1342     -81.6205     -82.9847     -80.5081
                -78.4071     -73.2288     -82.5891     -84.0150     -80.0078
   1     80     -87.4108     -81.3874     -80.4664     -73.9279     -79.4449
                -76.7023     -81.7665     -88.4068     -82.3229     -80.3831
                -85.7736     -82.0525     -82.4257     -83.5825     -78.4873
                -86.1936     -82.6132     -81.3778     -79.7286     -76.4378
                -80.6415     -80.3999     -80.7692     -85.5389     -84.5514
                -86.7074     -79.7133     -79.4556     -81.2853     -79.4159
                -77.2395     -76.1929     -77.0061     -85.8230     -80.5961
                -81.4696     -83.2694     -84.1139     -86.0007     -77.7820
                -77.6800     -80.2540     -81.7412     -83.1041     -80.6313
                -78.5281     -73.3506     -82.7096     -84.1356     -80.1280
   1    100     -87.7801     -81.7599     -80.8426     -74.3003     -79.8214
                -77.0766     -82.1378     -88.7740     -82.6957     -80.7596
                -86.1433     -82.4286     -82.8042     -83.9587     -78.8613
                -86.5633     -82.9880     -81.7534     -80.1062     -76.8165
                -81.0115     -80.7760     -81.1490     -85.9146     -84.9231
                -87.0798     -80.0852     -79.8335     -81.6595     -79.7934
                -77.6131     -76.5723     -77.3832     -86.1918     -80.9735
                -81.8390     -83.6483     -84.4894     -86.3759     -78.1596
                -78.0576     -80.6317     -82.1181     -83.4773     -81.0147
                -78.9048     -73.7285     -83.0864     -84.5124     -80.5016
   2      0     -86.9773     -80.8629     -79.8618     -73.2649     -78.9653
                -76.0142     -81.1546     -88.0179     -81.9266     -79.8828
                -85.2838     -81.4968     -81.9522     -83.1227     -77.7448
                -85.7746     -81.9802     -80.8129     -79.0940     -75.8031
                -79.8514     -79.8462     -80.1097     -85.0340     -84.1193
                -86.2841     -79.2249     -78.9226     -80.7016     -78.7930
                -76.3112     -75.7269     -76.1590     -85.3425     -79.9205
                -80.8968     -82.6206     -83.6694     -85.5332     -76.8933
                -77.0695     -79.6618     -81.1986     -82.6009     -80.0390
                -77.8229     -72.5844     -82.2359     -83.6290     -79.3115
   3      0     -87.0769     -80.9193     -79.8657     -73.2143     -78.9662
                -75.9487     -81.2394     -88.1162     -82.0427     -79.9259
                -85.3687     -81.6268     -82.0382     -83.1849     -77.7322
                -85.8232     -82.0192     -80.8196     -79.0323     -75.7713
                -79.8302     -79.9096     -80.1899     -84.9972     -84.1896
                -86.4237     -79.2970     -78.9078     -80.6936     -78.7522
                -76.2675     -75.8129     -76.1699     -85.4214     -79.8776
                -80.8966     -82.7131     -83.7127     -85.6130     -76.8908
                -77.0770     -79.7225     -81.1641     -82.6035     -80.1033
                -77.7607     -72.6336     -82.3542     -83.7423     -79.3146
   4      0     -86.5274     -80.4170     -79.2670     -72.8115     -78.4725
                -75.4150     -80.6980     -87.6807     -81.4949     -79.5355
                -84.9136     -81.0110     -81.4728     -82.6398     -77.1944
                -85.3213     -81.5639     -80.3940     -78.4525     -75.3757
                -79.4181     -79.3688     -79.6710     -84.6492     -83.7054
                -85.9303     -78.8212     -78.2883     -80.1949     -78.3012
                -75.7356     -75.3603     -75.6906     -85.0289     -79.4766
                -80.4095     -82.1697     -83.2506     -85.1211     -76.4947
                -76.6483     -79.1863     -80.7037     -82.0595     -79.6916
                -77.2857     -72.1864     -81.8501     -83.2269     -78.7548
   5      0     -87.6036     -81.2452     -80.1420     -73.5748     -79.4472
                -76.2802     -81.7435     -88.5048     -82.4130     -80.3697
                -85.7398     -82.0723     -82.4190     -83.6366     -78.0845
                -86.3621     -82.4333     -81.1805     -79.3035     -76.1852
                -80.2760     -80.2703     -80.4916     -85.4453     -84.5572
                -86.9126     -79.7033     -79.2248     -80.9747     -79.1339
                -76.5805     -76.2211     -76.6369     -85.9768     -80.2312
                -81.2611     -83.0609     -84.1714     -86.0256     -77.3266
                -77.4599     -80.1652     -81.6187     -83.0191     -80.5954
                -78.1282     -73.0721     -82.8337     -84.1000     -79.7447
   5     60     -87.6203     -81.2618     -80.1589     -73.5920     -79.4645
                -76.2975     -81.7605     -88.5213     -82.4299     -80.3870
                -85.7565     -82.0892     -82.4359     -83.6536     -78.1018
                -86.3790     -82.4504     -81.1977     -79.3209     -76.2028
                -80.2930     -80.2876     -80.5090     -85.4625     -84.5741
                -86.9295     -79.7204     -79.2421     -80.9919     -79.1511
                -76.5978     -76.2384     -76.6542     -85.9934     -80.2484
                -81.2780     -83.0781     -84.1884     -86.0423     -77.3438
                -77.4770     -80.1822     -81.6360     -83.0362     -80.6129
                -78.1455     -73.0895     -82.8507     -84.1172     -79.7619
   5     80     -87.7611     -81.4035     -80.3022     -73.7364     -79.6100
                -76.4428     -81.9027     -88.6593     -82.5719     -80.5320
                -85.8972     -82.2321     -82.5801     -83.7974     -78.2467
                -86.5207     -82.5931     -81.3425     -79.4662     -76.3495
                -80.4343     -80.4321     -80.6550     -85.6060     -84.7161
                -87.0711     -79.8638     -79.3878     -81.1359     -79.2957
                -76.7422     -76.3843     -76.7995     -86.1331     -80.3928
                -81.4202     -83.2231     -84.3325     -86.1838     -77.4887
                -77.6218     -80.3268     -81.7807     -83.1800     -80.7598
                -78.2899     -73.2350     -82.9937     -84.2609     -79.9061
   5    100     -88.1014     -81.7436     -80.6451     -74.0769     -79.9549
                -76.7852     -82.2417     -88.9958     -82.9112     -80.8744
                -86.2375     -82.5757     -82.9250     -84.1414     -78.5877
                -86.8611     -82.9338     -81.6867     -79.8099     -76.6942
                -80.7708     -80.7752     -80.9995     -85.9486     -85.0557
                -87.4111     -80.2047     -79.7326     -81.4778     -79.6384
                -77.0831     -76.7297     -77.1417     -86.4695     -80.7340
                -81.7601     -83.5689     -84.6772     -86.5247     -77.8322
                -77.9658     -80.6719     -82.1238     -83.5220     -81.1068
                -78.6313     -73.5768     -83.3349     -84.6032     -80.2469
 
 group  inft   Estimated free energy: 2-th solvent contribution (kcal/mol)
   1      0      33.9664      -1.7385      17.5818      31.6418      49.3750
                 55.7921      65.8333      56.7245      53.3460      47.9396
                 38.5266      26.7809       6.7060      38.6258      40.7716
                 70.9932      65.7905      59.9521      64.9604      55.0885
                 52.1636      67.2147      59.7998      69.8833      72.5096
                 71.9844      53.5065      45.4735      57.6817      42.8391
                 43.2327      11.9816      32.6457      32.6605      33.2921
                 27.4187      25.4616      36.5918      27.7663      30.4888
                 23.1409      18.1677      50.3872      51.5781      46.2086
                 52.2321      19.9923      47.7419      61.6422      53.9133
   1     60      33.9760      -1.7297      17.5912      31.6510      49.3843
                 55.8008      65.8426      56.7342      53.3548      47.9483
                 38.5364      26.7900       6.7153      38.6351      40.7806
                 71.0029      65.7996      59.9609      64.9702      55.0976
                 52.1722      67.2237      59.8086      69.8926      72.5185
                 71.9930      53.5157      45.4832      57.6910      42.8479
                 43.2418      11.9903      32.6551      32.6691      33.3010
                 27.4282      25.4707      36.6010      27.7758      30.4982
                 23.1506      18.1772      50.3956      51.5873      46.2173
                 52.2410      20.0010      47.7508      61.6505      53.9221
   1     80      34.0451      -1.6716      17.6596      31.7144      49.4528
                 55.8662      65.9165      56.8122      53.4186      48.0136
                 38.6115      26.8566       6.7782      38.7034      40.8465
                 71.0834      65.8708      60.0279      65.0504      55.1693
                 52.2362      67.2968      59.8725      69.9655      72.5954
                 72.0661      53.5860      45.5559      57.7604      42.9154
                 43.3118      12.0528      32.7286      32.7291      33.3660
                 27.4954      25.5341      36.6682      27.8442      30.5673
                 23.2196      18.2431      50.4575      51.6562      46.2799
                 52.3074      20.0629      47.8127      61.7092      53.9872
   1    100      34.2244      -1.5367      17.8451      31.8735      49.6339
                 56.0328      66.1226      57.0301      53.5803      48.1782
                 38.8225      27.0351       6.9386      38.8836      41.0158
                 71.3144      66.0591      60.1993      65.2785      55.3638
                 52.3985      67.4959      60.0292      70.1655      72.8137
                 72.2658      53.7778      45.7513      57.9455      43.0909
                 43.4990      12.2031      32.9281      32.8725      33.5301
                 27.6697      25.6883      36.8441      28.0271      30.7501
                 23.4057      18.4097      50.6075      51.8339      46.4318
                 52.4786      20.2153      47.9645      61.8435      54.1514
   2      0      33.5245      -1.9873      17.1179      31.2617      48.8979
                 55.3776      65.4834      56.1649      53.0376      47.5106
                 38.0334      26.2322       6.4243      38.1917      40.2290
                 70.6898      65.3098      59.4815      64.4431      54.4557
                 51.8099      66.6723      59.3187      69.1423      71.8262
                 71.4578      53.0847      45.0169      57.3301      42.3510
                 42.6678      11.5838      32.0628      32.3731      32.8742
                 27.0000      25.0264      36.2581      27.2700      29.7916
                 22.7082      17.7709      50.2327      51.0728      45.8491
                 51.6173      19.5961      47.2472      61.4262      53.6733
   3      0      33.1467      -2.4245      16.6232      30.8895      48.5976
                 54.8832      64.9003      55.6884      52.5872      47.2092
                 37.4164      25.7676       6.0722      37.7284      39.7921
                 70.3036      64.9756      59.0616      63.8683      53.9433
                 51.3308      66.0731      58.9150      68.6966      71.3137
                 71.0008      52.7303      44.4332      56.8753      41.8749
                 42.2567      11.0409      31.5482      32.0449      32.5935
                 26.5384      24.6495      35.6650      26.8965      29.4295
                 22.1977      17.4111      49.8241      50.5684      45.4290
                 51.1313      19.2858      46.8839      61.0703      53.3384
   4      0      33.1651      -2.3168      16.6269      30.9741      48.4199
                 55.0037      65.0333      55.8023      52.7846      47.2679
                 37.7078      25.7875       6.0974      37.7504      39.8051
                 70.2973      64.9112      59.1454      64.0040      54.1476
                 51.4990      66.1739      58.9439      68.6318      71.2998
                 71.0312      52.7522      44.4937      56.9214      41.9419
                 42.3513      11.1606      31.7776      32.0837      32.5747
                 26.7017      24.6968      35.7952      26.9203      29.5147
                 22.4027      17.3986      50.0373      50.6296      45.5150
                 51.1224      19.3038      46.9181      61.1129      53.3500
   5      0      32.8852      -2.4823      16.3856      30.6528      48.2069
                 54.7455      64.5999      55.5622      52.4821      47.0480
                 37.4550      25.5421       5.8846      37.4472      39.5489
                 70.0443      64.6454      58.9582      63.6721      53.8285
                 51.1848      65.8766      58.7188      68.3138      71.0615
                 70.7764      52.5207      44.2027      56.6605      41.7183
                 42.1475      10.9373      31.4773      31.8551      32.3109
                 26.3885      24.4693      35.5609      26.6206      29.1800
                 22.0601      17.0947      49.7810      50.4278      45.2680
                 50.9195      19.0017      46.6554      60.9143      53.0322
   5     60      32.9005      -2.4683      16.4006      30.6673      48.2222
                 54.7606      64.6153      55.5786      52.4969      47.0628
                 37.4708      25.5570       5.8993      37.4623      39.5638
                 70.0605      64.6605      58.9729      63.6884      53.8441
                 51.1996      65.8916      58.7332      68.3293      71.0768
                 70.7912      52.5359      44.2183      56.6757      41.7331
                 42.1625      10.9516      31.4929      31.8695      32.3257
                 26.4037      24.4838      35.5756      26.6358      29.1950
                 22.0752      17.1097      49.7951      50.4431      45.2826
                 50.9346      19.0161      46.6700      60.9281      53.0469
   5     80      33.0078      -2.3758      16.5082      30.7672      48.3297
                 54.8638      64.7302      55.6996      52.5988      47.1655
                 37.5876      25.6621       6.0005      37.5687      39.6672
                 70.1852      64.7690      59.0774      63.8124      53.9551
                 51.3004      66.0038      58.8335      68.4425      71.1949
                 70.9040      52.6472      44.3306      56.7841      41.8374
                 42.2709      11.0487      31.6058      31.9657      32.4271
                 26.5096      24.5824      35.6790      26.7431      29.3008
                 22.1833      17.2131      49.8931      50.5497      45.3824
                 51.0391      19.1140      46.7682      61.0207      53.1489
   5    100      33.1609      -2.2595      16.6666      30.9024      48.4843
                 55.0071      64.9064      55.8882      52.7394      47.3083
                 37.7693      25.8133       6.1394      37.7229      39.8112
                 70.3872      64.9278      59.2246      64.0112      54.1200
                 51.4384      66.1733      58.9694      68.6125      71.3811
                 71.0755      52.8138      44.4974      56.9432      41.9860
                 42.4313      11.1757      31.7757      32.0904      32.5669
                 26.6586      24.7122      35.8249      26.8993      29.4527
                 22.3414      17.3570      50.0232      50.7014      45.5152
                 51.1866      19.2447      46.8982      61.1362      53.2901
 
 group  inft   Estimated free energy: 3-th solvent contribution (kcal/mol)
   1      0     -35.5496      -7.3738     -22.0763     -44.5144     -64.5543
                -74.6449     -80.8525     -67.3697     -74.5032     -66.1643
                -43.2940     -34.2147     -13.5767     -47.9364     -53.2744
                -83.1446     -81.9922     -77.9588     -79.8205     -73.9019
                -70.3593     -85.5607     -77.7412     -84.2525     -86.8429
                -87.1063     -72.9805     -56.6785     -72.3268     -56.7557
                -57.3188     -28.4754     -42.2824     -48.1772     -42.2359
                -33.6209     -29.4279     -40.2961     -32.4030     -36.4825
                -30.9112     -27.2681     -69.5387     -66.0604     -63.5773
                -68.8852     -39.9928     -66.9509     -79.7326     -71.6908
   1     60     -35.8692      -7.6883     -22.3921     -44.8312     -64.8733
                -74.9617     -81.1683     -67.6872     -74.8211     -66.4820
                -43.6121     -34.5325     -13.8945     -48.2552     -53.5931
                -83.4608     -82.3090     -78.2747     -80.1373     -74.2196
                -70.6753     -85.8752     -78.0585     -84.5667     -87.1566
                -87.4194     -73.2987     -56.9949     -72.6435     -57.0741
                -57.6357     -28.7919     -42.5984     -48.4957     -42.5556
                -33.9391     -29.7484     -40.6152     -32.7220     -36.8001
                -31.2311     -27.5857     -69.8564     -66.3784     -63.8987
                -69.2036     -40.3106     -67.2699     -80.0490     -72.0074
   1     80     -38.8041     -10.5887     -25.3079     -47.7595     -67.8283
                -77.9033     -84.1089     -70.6261     -77.7696     -69.4316
                -46.5489     -37.4610     -16.8137     -51.1959     -56.5359
                -86.4080     -85.2509     -81.2172     -83.0833     -77.1623
                -73.6162     -88.8089     -81.0088     -87.5062     -90.0874
                -90.3523     -76.2498     -59.9316     -75.5812     -60.0179
                -60.5732     -31.7139     -45.5195     -51.4372     -45.4963
                -36.8734     -32.6865     -43.5535     -35.6513     -39.7264
                -34.1685     -30.5142     -72.8035     -69.3239     -66.8567
                -72.1489     -43.2421     -70.2229     -82.9936     -74.9499
   1    100     -48.3621     -20.0583     -34.8080     -57.3374     -77.5032
                -87.6078     -93.8151     -80.2805     -87.4928     -79.1179
                -56.1273     -47.0058     -26.3113     -60.8045     -66.1735
                -96.1527     -94.9811     -90.9313     -92.8020     -86.8571
                -83.2966     -98.5397     -90.7467     -97.2297     -99.8104
               -100.0923     -85.9591     -69.5701     -85.2629     -69.6765
                -70.2128     -41.2716     -55.0750     -61.0485     -55.0854
                -46.4260     -42.2349     -53.1278     -45.1927     -49.2837
                -43.7288     -40.0667     -82.4974     -79.0021     -76.5412
                -81.8321     -52.8227     -79.9115     -92.7188     -84.6447
   2      0     -35.5635      -7.3893     -22.0805     -44.5199     -64.5778
                -74.6887     -80.8969     -67.4035     -74.5348     -66.1873
                -43.2961     -34.2229     -13.5838     -47.9606     -53.3048
                -83.1800     -82.0362     -77.9956     -79.8682     -73.9499
                -70.3958     -85.5859     -77.7917     -84.2889     -86.8843
                -87.1280     -73.0202     -56.6966     -72.3656     -56.7897
                -57.3637     -28.4781     -42.2902     -48.1957     -42.2525
                -33.6263     -29.4275     -40.2760     -32.4260     -36.4850
                -30.9314     -27.2901     -69.5718     -66.1013     -63.6130
                -68.9068     -40.0156     -66.9763     -79.7817     -71.7285
   3      0     -35.5663      -7.3923     -22.0745     -44.5100     -64.5947
                -74.6910     -80.8873     -67.4055     -74.5282     -66.1895
                -43.2709     -34.2005     -13.5664     -47.9274     -53.3133
                -83.1911     -82.0244     -78.0056     -79.8434     -73.9421
                -70.4000     -85.5743     -77.7898     -84.3126     -86.9041
                -87.1361     -73.0032     -56.7083     -72.3652     -56.7906
                -57.3463     -28.4831     -42.2870     -48.1997     -42.2339
                -33.6101     -29.4095     -40.2618     -32.4153     -36.4916
                -30.9119     -27.2883     -69.5594     -66.0800     -63.6158
                -68.9065     -40.0135     -66.9885     -79.7670     -71.7267
   4      0     -35.5215      -7.3774     -22.0312     -44.5098     -64.5432
                -74.6663     -80.8577     -67.3491     -74.4914     -66.1552
                -43.2572     -34.1880     -13.5460     -47.9065     -53.2771
                -83.1262     -81.9985     -77.9781     -79.8314     -73.9160
                -70.3962     -85.5089     -77.7620     -84.2627     -86.8491
                -87.0972     -72.9716     -56.6868     -72.3363     -56.7598
                -57.3357     -28.4847     -42.2731     -48.1805     -42.2308
                -33.5768     -29.3868     -40.2579     -32.4140     -36.4684
                -30.9293     -27.2577     -69.5495     -66.0784     -63.5941
                -68.8600     -40.0054     -66.9336     -79.7360     -71.7104
   5      0     -35.5922      -7.4296     -22.1086     -44.5714     -64.6294
                -74.7615     -80.9440     -67.4548     -74.5881     -66.2389
                -43.3201     -34.2563     -13.6022     -47.9783     -53.3685
                -83.2498     -82.0943     -78.0858     -79.8927     -74.0219
                -70.4642     -85.6297     -77.8588     -84.3710     -86.9516
                -87.2159     -73.0362     -56.7841     -72.4271     -56.8334
                -57.4089     -28.5114     -42.3388     -48.2616     -42.2735
                -33.6625     -29.4474     -40.3003     -32.4677     -36.5476
                -30.9582     -27.3268     -69.6118     -66.1346     -63.6928
                -68.9632     -40.0806     -67.0187     -79.8471     -71.7951
   5     60     -36.0351      -7.8668     -22.5477     -45.0110     -65.0718
                -75.2000     -81.3822     -67.8957     -75.0283     -66.6805
                -43.7621     -34.6980     -14.0425     -48.4204     -53.8107
                -83.6889     -82.5332     -78.5240     -80.3319     -74.4618
                -70.9036     -86.0659     -78.2990     -84.8083     -87.3871
                -87.6514     -73.4772     -57.2238     -72.8656     -57.2746
                -57.8491     -28.9497     -42.7767     -48.7036     -42.7165
                -34.1051     -29.8917     -40.7430     -32.9097     -36.9883
                -31.4017     -27.7677     -70.0527     -66.5757     -64.1368
                -69.4037     -40.5215     -67.4608     -80.2861     -72.2346
   5     80     -39.6610     -11.4517     -26.1482     -48.6287     -68.7206
                -78.8376     -85.0158     -71.5274     -78.6716     -70.3238
                -47.3856     -38.3137     -17.6467     -52.0498     -57.4465
                -87.3321     -86.1715     -82.1611     -83.9721     -78.1005
                -74.5376     -89.6942     -81.9469     -88.4435     -91.0134
                -91.2791     -77.1221     -60.8504     -76.4950     -60.9111
                -61.4782     -32.5574     -46.3842     -52.3342     -46.3481
                -37.7281     -33.5200     -44.3716     -36.5279     -40.6048
                -35.0304     -31.3837     -73.6943     -70.2136     -67.7906
                -73.0420     -44.1416     -71.1062     -83.9265     -75.8713
   5    100     -48.4232     -20.1267     -34.8577     -57.4118     -77.6006
                -87.7475     -93.9263     -80.3839     -87.5909     -79.2077
                -56.1623     -47.0601     -26.3483     -60.8581     -66.2853
                -96.2754     -95.1016     -91.0794     -92.8889     -87.0030
                -83.4237     -98.6239     -90.8853     -97.3707     -99.9396
               -100.2205     -86.0331     -69.6897     -85.3786     -69.7678
                -70.3205     -41.3214     -55.1488     -61.1468     -55.1422
                -46.4792     -42.2687     -53.1485     -45.2715     -49.3681
                -43.7951     -40.1408     -82.5854     -79.0915     -76.6774
                -81.9258     -52.9281     -79.9916     -92.8538     -84.7668
 
 
 cumulative average & 95% error for solvation free energy
              total             1st component         2nd component         3rd component
  1   -89.4985              -87.0769               33.1467              -35.5663
  2   -90.1183     1.2396   -83.9981     6.1576    15.3611    35.5712   -21.4793    28.1741
  3   -88.5186     3.2786   -82.6206     4.4976    15.7818    20.5543   -21.6777    16.2711
  4   -88.0981     2.4661   -80.2691     5.6775    19.5587    16.3799   -27.3858    16.2081
  5   -89.4715     3.3458   -80.0085     4.4285    25.3665    17.2018   -34.8276    19.4716
  6   -90.5193     3.4430   -79.3318     3.8608    30.2860    17.1485   -41.4715    20.7202
  7   -91.4778     3.4845   -79.6043     3.3082    35.2309    17.5459   -47.1023    20.8204
  8   -92.5225     3.6704   -80.6683     3.5688    37.7881    16.0328   -49.6402    18.7318
  9   -93.7962     4.1191   -80.8210     3.1622    39.4324    14.5170   -52.4055    17.4211
 10   -94.3074     3.8235   -80.7315     2.8340    40.2101    13.0773   -53.7839    15.8239
 11   -94.0272     3.5036   -81.1531     2.6985    39.9561    11.8397   -52.8282    14.4403
 12   -93.6967     3.2659   -81.1925     2.4647    38.7737    11.0638   -51.2759    13.5428
 13   -93.3765     3.0717   -81.2576     2.2709    36.2582    11.3528   -48.3752    13.7422
 14   -93.3772     2.8438   -81.3953     2.1204    36.3632    10.5128   -48.3432    12.7230
 15   -93.2357     2.6625   -81.1511     2.0335    36.5918     9.7976   -48.6745    11.8630
 16   -93.5780     2.5829   -81.4431     1.9898    38.6988    10.0871   -50.8318    11.9061
 17   -93.9011     2.5108   -81.4770     1.8703    40.2445     9.9668   -52.6667    11.7705
 18   -94.2269     2.4553   -81.4404     1.7649    41.2899     9.6266   -54.0744    11.4489
 19   -94.2681     2.3239   -81.3137     1.6885    42.4782     9.4109   -55.4307    11.1641
 20   -94.3433     2.2098   -81.0366     1.6951    43.0515     9.0012   -56.3562    10.7518
 21   -94.5603     2.1463   -80.9791     1.6164    43.4458     8.5981   -57.0250    10.3140
 22   -94.7809     2.0934   -80.9305     1.5443    44.4743     8.4521   -58.3227    10.1708
 23   -94.9672     2.0347   -80.8983     1.4770    45.1021     8.1733   -59.1691     9.8648
 24   -95.2026     2.0042   -81.0691     1.4548    46.0852     8.0686   -60.2167     9.6745
 25   -95.3857     1.9569   -81.1939     1.4175    47.0944     7.9980   -61.2842     9.5219
 26   -95.6617     1.9595   -81.3951     1.4201    48.0139     7.9012   -62.2785     9.3620
 27   -95.8065     1.9076   -81.3174     1.3753    48.1885     7.6109   -62.6757     9.0435
 28   -95.6415     1.8676   -81.2313     1.3364    48.0544     7.3390   -62.4626     8.7250
 29   -95.6602     1.8025   -81.2128     1.2900    48.3586     7.1075   -62.8041     8.4464
 30   -95.5939     1.7464   -81.1307     1.2570    48.1425     6.8801   -62.6036     8.1698
 31   -95.4573     1.7111   -80.9739     1.2556    47.9526     6.6653   -62.4340     7.9092
 32   -95.3885     1.6625   -80.8126     1.2578    46.7991     6.8536   -61.3731     7.9466
 33   -95.1316     1.6912   -80.6719     1.2512    46.3370     6.7066   -60.7947     7.7884
 34   -95.3212     1.6840   -80.8116     1.2455    45.9166     6.5605   -60.4243     7.5921
 35   -95.1555     1.6684   -80.7849     1.2106    45.5359     6.4156   -59.9045     7.4449
 36   -94.9559     1.6698   -80.7880     1.1765    45.0082     6.3235   -59.1741     7.3811
 37   -94.7537     1.6737   -80.8400     1.1490    44.4580     6.2479   -58.3697     7.3569
 38   -94.5842     1.6639   -80.9156     1.1285    44.2266     6.0989   -57.8932     7.2239
 39   -94.4957     1.6303   -81.0361     1.1253    43.7822     6.0066   -57.2399     7.1565
 40   -94.2322     1.6742   -80.9324     1.1162    43.4234     5.8983   -56.7212     7.0520
 41   -94.0263     1.6839   -80.8384     1.1048    42.9057     5.8451   -56.0917     6.9921
 42   -93.9210     1.6568   -80.8118     1.0795    42.2987     5.8320   -55.4059     6.9601
 43   -94.0833     1.6501   -80.8200     1.0542    42.4737     5.7055   -55.7350     6.8281
 44   -94.1750     1.6225   -80.8606     1.0331    42.6577     5.5864   -55.9701     6.6877
 45   -94.2665     1.5966   -80.8437     1.0105    42.7193     5.4623   -56.1401     6.5462
 46   -94.2941     1.5625   -80.7767     0.9973    42.9021     5.3547   -56.4176     6.4263
 47   -94.2743     1.5294   -80.6035     1.0356    42.3997     5.3350   -56.0686     6.3267
 48   -94.4449     1.5355   -80.6399     1.0164    42.4931     5.2260   -56.2961     6.2102
 49   -94.6081     1.5389   -80.7032     1.0034    42.8722     5.1741   -56.7751     6.1571
 50   -94.6700     1.5129   -80.6755     0.9847    43.0815     5.0869   -57.0741     6.0623
 
 Mesh error is    0.654 kcal/mol
