 ERmod 0.3.7, Copyright (C) 2000-2019 Nobuyuki Matubayasi
                            2010-2019 Shun Sakuraba
 ERmod comes with ABSOLUTELY NO WARRANTY.
 This is free software, and you can redistribute it
 and/or modify it under certain conditions.
 See LICENSE file for details.
 ERmod 0.3.7, Copyright (C) 2000-2019 Nobuyuki Matubayasi
                            2010-2019 Shun Sakuraba
 ERmod comes with ABSOLUTELY NO WARRANTY.
 This is free software, and you can redistribute it
 and/or modify it under certain conditions.
 See LICENSE file for details.
 
  Number of the   1-th solvent  =          109
  Number of the   2-th solvent  =          109
  Number of the   3-th solvent  =        10000
 
  Be sure that the solvent distribution is homogeneous (radial distribution function is essentially unity) when the solvent molecule is separated beyond distance of   10.0 Angstrom in any direction from any atom within the solute molecule
 
  LJ long-range correction    =        -0.4064     -0.0372     -7.6145
 
  Self-energy of the solute   =        -0.0037  kcal/mol
 
 
 cumulative average & 95% error for solvation energy
              total             1st component         2nd component         3rd component
  1  -517.8071              -43.7485               15.3165             -489.3714
  2  -521.0872     6.5602   -43.3259     0.8451   -12.5660    55.7649  -465.1916    48.3597
  3  -520.6506     3.8869   -42.5710     1.5867    -9.4020    32.8119  -468.6739    28.7760
  4  -521.6426     3.3897   -42.2007     1.3444   -18.1930    29.1108  -461.2452    25.1947
  5  -522.2092     2.8598   -41.8795     1.2235   -23.3273    24.7772  -456.9987    21.2836
  6  -522.7240     2.5519   -41.9310     1.0043   -27.5798    21.9455  -453.2096    18.9585
  7  -522.7992     2.1620   -41.7392     0.9315   -25.8419    18.8702  -455.2145    16.5170
  8  -522.8888     1.8809   -41.3489     1.1224   -27.3473    16.6171  -454.1889    14.4505
  9  -522.9425     1.6623   -41.4109     0.9976   -28.3642    14.7954  -453.1636    12.9080
 10  -523.4339     1.7823   -41.2521     0.9471   -33.0096    16.1691  -449.1684    14.0407
 
 
 group  inft  solvation free energy     error          difference
  total solvation free energy
   1      0       -114.24244           1.55665          -0.64768
   1     60       -114.59665           1.55820          -1.00189
   1     80       -116.94455           1.56523          -3.34980
   1    100       -125.37263           1.59162         -11.77787
   2      0       -113.62282           1.45056          -0.02806
   3      0       -113.59476           1.46424           0.00000
   4      0       -113.55343           1.45348           0.04133
   5      0       -113.92560           1.47550          -0.33084
   5     60       -114.36493           1.47763          -0.77018
   5     80       -117.27608           1.48742          -3.68133
   5    100       -125.02242           1.51748         -11.42766
 
  contribution from  1-th solvent component
   1      0        -31.13367           0.49166          -0.35318
   1     60        -31.13596           0.49168          -0.35547
   1     80        -31.15475           0.49132          -0.37426
   1    100        -31.27768           0.49170          -0.49719
   2      0        -30.94709           0.49972          -0.16660
   3      0        -30.78049           0.50956           0.00000
   4      0        -30.77023           0.49532           0.01026
   5      0        -30.89930           0.52083          -0.11881
   5     60        -30.90394           0.52082          -0.12345
   5     80        -30.94066           0.52077          -0.16017
   5    100        -31.04670           0.52095          -0.26621
 
  contribution from  2-th solvent component
   1      0         -6.75996           7.95670          -0.55997
   1     60         -6.77366           7.95700          -0.57368
   1     80         -6.75408           7.95753          -0.55409
   1    100         -6.64077           7.96098          -0.44078
   2      0         -6.17159           8.06883           0.02840
   3      0         -6.19999           8.07715           0.00000
   4      0         -6.22958           8.08737          -0.02959
   5      0         -6.36291           8.06478          -0.16292
   5     60         -6.36309           8.06490          -0.16311
   5     80         -6.32490           8.06589          -0.12492
   5    100         -6.23738           8.06828          -0.03739
 
  contribution from  3-th solvent component
   1      0        -76.34511           9.18480           0.26547
   1     60        -76.68333           9.18658          -0.07274
   1     80        -79.03203           9.19309          -2.42145
   1    100        -87.45049           9.22112         -10.83990
   2      0        -76.50044           9.17688           0.11015
   3      0        -76.61058           9.18826           0.00000
   4      0        -76.54992           9.18593           0.06066
   5      0        -76.65969           9.17703          -0.04911
   5     60        -77.09420           9.17921          -0.48362
   5     80        -80.00682           9.18819          -3.39624
   5    100        -87.73464           9.21881         -11.12405
 
 
 group  inft   Estimated free energy: total (kcal/mol)
   1      0    -118.0512    -113.1496    -116.8478    -112.8048    -112.8364
               -112.2945    -117.7339    -114.8958    -112.4754    -111.3349
   1     60    -118.4080    -113.5022    -117.2039    -113.1571    -113.1901
               -112.6468    -118.0935    -115.2500    -112.8306    -111.6844
   1     80    -120.7623    -115.8424    -119.5560    -115.5015    -115.5354
               -114.9910    -120.4730    -117.6022    -115.1688    -114.0130
   1    100    -129.2369    -124.2498    -128.0300    -123.9134    -123.9584
               -123.4030    -128.9708    -126.0386    -123.5661    -122.3591
   2      0    -117.0118    -112.6200    -115.9513    -112.3369    -112.3964
               -111.7774    -116.9958    -114.4540    -111.7883    -110.8963
   3      0    -117.0104    -112.6148    -115.8711    -112.3668    -112.3129
               -111.6826    -117.0870    -114.3808    -111.7431    -110.8779
   4      0    -116.9102    -112.5418    -115.8282    -112.2520    -112.3667
               -111.6176    -117.0354    -114.3812    -111.6600    -110.9412
   5      0    -117.4143    -113.0198    -116.2639    -112.5638    -112.6004
               -111.8819    -117.3915    -114.7095    -112.0614    -111.3496
   5     60    -117.8571    -113.4577    -116.7058    -113.0022    -113.0388
               -112.3206    -117.8379    -115.1492    -112.4987    -111.7813
   5     80    -120.7789    -116.3588    -119.6302    -115.9070    -115.9445
               -115.2265    -120.7860    -118.0652    -115.3942    -114.6695
   5    100    -128.5875    -124.0777    -127.4284    -123.6343    -123.6754
               -122.9499    -128.6070    -125.8230    -123.1052    -122.3357
 
 group  inft   Estimated free energy: 1-th solvent contribution (kcal/mol)
   1      0     -32.2738     -32.2722     -31.0984     -31.0573     -30.5039
                -31.3085     -31.5262     -29.7121     -30.8040     -30.7803
   1     60     -32.2759     -32.2746     -31.1010     -31.0596     -30.5063
                -31.3106     -31.5284     -29.7141     -30.8063     -30.7828
   1     80     -32.2933     -32.2925     -31.1197     -31.0794     -30.5261
                -31.3290     -31.5463     -29.7324     -30.8262     -30.8026
   1    100     -32.4163     -32.4157     -31.2433     -31.2003     -30.6491
                -31.4532     -31.6713     -29.8536     -30.9492     -30.9248
   2      0     -32.1067     -32.1336     -30.8844     -30.8729     -30.3827
                -31.0639     -31.3948     -29.5450     -30.4160     -30.6709
   3      0     -31.9523     -31.9975     -30.7273     -30.7236     -30.1649
                -30.8585     -31.2546     -29.3596     -30.2463     -30.5203
   4      0     -31.8994     -31.9714     -30.7070     -30.6870     -30.2440
                -30.8253     -31.2572     -29.3962     -30.2062     -30.5086
   5      0     -32.1171     -32.1720     -30.8645     -30.8119     -30.2851
                -30.8638     -31.3807     -29.4834     -30.3208     -30.6939
   5     60     -32.1215     -32.1767     -30.8691     -30.8166     -30.2897
                -30.8685     -31.3852     -29.4879     -30.3256     -30.6986
   5     80     -32.1580     -32.2130     -30.9062     -30.8532     -30.3264
                -30.9051     -31.4221     -29.5243     -30.3629     -30.7354
   5    100     -32.2638     -32.3190     -31.0130     -30.9588     -30.4322
                -31.0109     -31.5298     -29.6291     -30.4694     -30.8409
 
 group  inft   Estimated free energy: 2-th solvent contribution (kcal/mol)
   1      0      17.4077     -10.4198       8.2586     -12.1274     -12.4426
                -15.1714       1.2956      -9.9257      -7.8803     -26.5943
   1     60      17.3949     -10.4324       8.2467     -12.1409     -12.4574
                -15.1847       1.2816      -9.9408      -7.8952     -26.6083
   1     80      17.4175     -10.4124       8.2685     -12.1216     -12.4390
                -15.1672       1.2979      -9.9239      -7.8729     -26.5879
   1    100      17.5456     -10.2996       8.3931     -12.0136     -12.3313
                -15.0707       1.4094      -9.8241      -7.7484     -26.4681
   2      0      18.4336      -9.8958       9.0485     -11.6619     -11.9485
                -14.7220       2.0282      -9.4770      -7.4086     -26.1123
   3      0      18.4261      -9.9228       9.0990     -11.7578     -11.9828
                -14.7287       1.9603      -9.4947      -7.4626     -26.1358
   4      0      18.4112      -9.9314       9.0420     -11.7239     -12.0084
                -14.7560       1.9483      -9.5176      -7.4805     -26.2795
   5      0      18.1796     -10.0643       8.8725     -11.8154     -12.0860
                -14.8679       1.8224      -9.6411      -7.6394     -26.3896
   5     60      18.1800     -10.0643       8.8729     -11.8155     -12.0867
                -14.8686       1.8221      -9.6419      -7.6394     -26.3895
   5     80      18.2232     -10.0257       8.9144     -11.7777     -12.0509
                -14.8358       1.8588      -9.6092      -7.5975     -26.3485
   5    100      18.3217      -9.9374       9.0113     -11.6924     -11.9696
                -14.7625       1.9436      -9.5353      -7.4999     -26.2532
 
 group  inft   Estimated free energy: 3-th solvent contribution (kcal/mol)
   1      0    -103.1814     -70.4538     -94.0044     -69.6164     -69.8861
                -65.8109     -87.4997     -75.2543     -73.7875     -53.9566
   1     60    -103.5233     -70.7914     -94.3458     -69.9529     -70.2227
                -66.1478     -87.8429     -75.5914     -74.1253     -54.2896
   1     80    -105.8829     -73.1339     -96.7011     -72.2968     -72.5666
                -68.4911     -90.2209     -77.9422     -76.4660     -56.6188
   1    100    -114.3626     -81.5308    -105.1761     -80.6959     -80.9743
                -76.8754     -98.7051     -86.3572     -84.8648     -64.9625
   2      0    -103.3349     -70.5869     -94.1117     -69.7985     -70.0615
                -65.9878     -87.6255     -75.4282     -73.9600     -54.1094
   3      0    -103.4805     -70.6909     -94.2391     -69.8817     -70.1615
                -66.0917     -87.7890     -75.5229     -74.0304     -54.2180
   4      0    -103.4183     -70.6353     -94.1596     -69.8374     -70.1105
                -66.0326     -87.7228     -75.4636     -73.9696     -54.1495
   5      0    -103.4731     -70.7798     -94.2682     -69.9328     -70.2256
                -66.1465     -87.8296     -75.5814     -74.0975     -54.2624
   5     60    -103.9118     -71.2130     -94.7059     -70.3664     -70.6587
                -66.5799     -88.2711     -76.0157     -74.5301     -54.6896
   5     80    -106.8404     -74.1164     -97.6347     -73.2724     -73.5635
                -69.4818     -91.2190     -78.9280     -77.4301     -57.5820
   5    100    -114.6417     -81.8176    -105.4230     -80.9793     -81.2699
                -77.1728     -99.0170     -86.6549     -85.1322     -65.2380
 
 
 cumulative average & 95% error for solvation free energy
              total             1st component         2nd component         3rd component
  1  -117.0104              -31.9523               18.4261             -103.4805
  2  -114.8126     4.3955   -31.9749     0.0452     4.2517    28.3489   -87.0857    32.7896
  3  -115.1655     2.6341   -31.5590     0.8322     5.8674    16.6832   -89.4702    19.5225
  4  -114.4658     2.3296   -31.3502     0.7216     1.4611    14.7251   -84.5731    16.9261
  5  -114.0352     1.9995   -31.1131     0.7330    -1.2277    12.6101   -81.6907    14.3222
  6  -113.6431     1.8112   -31.0707     0.6044    -3.4778    11.2367   -79.0909    12.7979
  7  -114.1351     1.8197   -31.0970     0.5135    -2.7010     9.6230   -80.3335    11.0981
  8  -114.1658     1.5771   -30.8798     0.6216    -3.5502     8.5051   -79.7322     9.6862
  9  -113.8966     1.4914   -30.8094     0.5660    -3.9849     7.5510   -79.0986     8.6358
 10  -113.5948     1.4642   -30.7805     0.5096    -6.2000     8.0772   -76.6106     9.1883
 
 Warning: mesh error is    0.648 kcal/mol and is larger than the threshold value of    0.100 kcal/mol
