 ERmod 0.3.7, Copyright (C) 2000-2019 Nobuyuki Matubayasi
                            2010-2019 Shun Sakuraba
 ERmod comes with ABSOLUTELY NO WARRANTY.
 This is free software, and you can redistribute it
 and/or modify it under certain conditions.
 See LICENSE file for details.
 ERmod 0.3.7, Copyright (C) 2000-2019 Nobuyuki Matubayasi
                            2010-2019 Shun Sakuraba
 ERmod comes with ABSOLUTELY NO WARRANTY.
 This is free software, and you can redistribute it
 and/or modify it under certain conditions.
 See LICENSE file for details.
 
  Number of the   1-th solvent  =          109
  Number of the   2-th solvent  =          109
  Number of the   3-th solvent  =        10000
 
  Be sure that the solvent distribution is homogeneous (radial distribution function is essentially unity) when the solvent molecule is separated beyond distance of   10.0 Angstrom in any direction from any atom within the solute molecule
 
  LJ long-range correction    =        -0.1996     -0.0378     -7.7276
 
  Self-energy of the solute   =         0.0105  kcal/mol
 
 
 cumulative average & 95% error for solvation energy
              total             1st component         2nd component         3rd component
  1  -504.2639              -31.7610              -25.1585             -447.3550
  2  -502.0410     4.4459   -31.8304     0.1389    -9.7359    30.8451  -460.4851    26.2602
  3  -501.9677     2.5710   -32.0987     0.5426    -9.1570    17.8460  -460.7224    15.1688
  4  -502.6334     2.2534   -32.3286     0.5988   -12.9179    14.6907  -457.3974    12.6202
  5  -501.7883     2.4298   -32.2406     0.4961    -6.2886    17.4722  -463.2696    15.2804
  6  -501.4470     2.0981   -32.2484     0.4054    -4.4561    14.7293  -464.7530    12.8243
  7  -501.5017     1.7766   -32.4821     0.5796    -5.1773    12.5318  -463.8528    10.9870
  8  -501.3574     1.5654   -32.3375     0.5793    -4.6177    10.9104  -464.4126     9.5806
  9  -500.9652     1.5879   -32.5188     0.6264    -1.9998    10.9544  -466.4571     9.3867
 10  -500.7001     1.5160   -32.7539     0.7315     0.1467    10.6971  -468.1033     9.0182
 
 
 group  inft  solvation free energy     error          difference
  total solvation free energy
   1      0       -100.14915           2.34804          -0.12592
   1     60       -100.36170           2.34748          -0.33846
   1     80       -102.46511           2.34524          -2.44188
   1    100       -110.86008           2.35695         -10.83684
   2      0       -100.06031           2.41152          -0.03707
   3      0       -100.02323           2.41567           0.00000
   4      0       -100.58817           2.42882          -0.56494
   5      0       -100.74133           2.45525          -0.71810
   5     60       -101.02691           2.45470          -1.00368
   5     80       -103.66118           2.45241          -3.63794
   5    100       -111.46231           2.46731         -11.43908
 
  contribution from  1-th solvent component
   1      0        -25.89947           0.75482          -0.76050
   1     60        -25.90096           0.75473          -0.76199
   1     80        -25.92328           0.75395          -0.78431
   1    100        -26.01875           0.75287          -0.87978
   2      0        -25.27389           0.79191          -0.13492
   3      0        -25.13897           0.81171           0.00000
   4      0        -25.01402           0.82245           0.12495
   5      0        -25.06816           0.83641           0.07080
   5     60        -25.06967           0.83625           0.06930
   5     80        -25.09589           0.83569           0.04307
   5    100        -25.16077           0.83425          -0.02181
 
  contribution from  2-th solvent component
   1      0          9.57273           5.10369           0.23520
   1     60          9.57154           5.10323           0.23401
   1     80          9.56188           5.10352           0.22436
   1    100          9.60194           5.10442           0.26441
   2      0          9.27360           5.09510          -0.06392
   3      0          9.33752           5.11084           0.00000
   4      0          8.56047           5.10183          -0.77705
   5      0          8.62006           5.09006          -0.71746
   5     60          8.62168           5.09001          -0.71585
   5     80          8.62524           5.08985          -0.71228
   5    100          8.70664           5.09014          -0.63088
 
  contribution from  3-th solvent component
   1      0        -83.83289           6.86434           0.39938
   1     60        -84.04276           6.86366           0.18951
   1     80        -86.11419           6.86154          -1.88192
   1    100        -94.45374           6.87526         -10.22147
   2      0        -84.07050           6.87368           0.16177
   3      0        -84.23227           6.87945           0.00000
   4      0        -84.14510           6.87814           0.08717
   5      0        -84.30370           6.87688          -0.07143
   5     60        -84.58940           6.87640          -0.35713
   5     80        -87.20101           6.87363          -2.96874
   5    100        -95.01866           6.88979         -10.78639
 
 
 group  inft   Estimated free energy: total (kcal/mol)
   1      0     -92.3272    -101.5144     -96.5470     -98.0233    -103.6027
               -101.7994     -98.7965    -101.5841    -103.1587    -104.1381
   1     60     -92.5415    -101.7242     -96.7630     -98.2349    -103.8162
               -102.0128     -99.0083    -101.7959    -103.3713    -104.3489
   1     80     -94.6426    -103.8326     -98.8743    -100.3477    -105.9151
               -104.1164    -101.1170    -103.8992    -105.4642    -106.4420
   1    100    -102.9959    -112.2475    -107.2652    -108.7128    -114.3425
               -112.5289    -109.5034    -112.2989    -113.8686    -114.8369
   2      0     -91.8984    -101.4284     -96.3443     -98.1042    -103.6024
               -101.7099     -98.6897    -101.7037    -103.1326    -103.9894
   3      0     -91.7756    -101.4385     -96.3786     -98.1308    -103.5143
               -101.7058     -98.6203    -101.6282    -103.0807    -103.9596
   4      0     -92.2725    -101.9621     -97.0509     -98.6739    -104.0884
               -102.2855     -99.0502    -102.2827    -103.6769    -104.5387
   5      0     -92.2753    -102.1629     -97.2000     -98.8284    -104.2063
               -102.4357     -99.2664    -102.4388    -103.8084    -104.7910
   5     60     -92.5619    -102.4490     -97.4871     -99.1145    -104.4907
               -102.7214     -99.5527    -102.7243    -104.0928    -105.0747
   5     80     -95.1948    -105.0877    -100.1310    -101.7553    -107.1196
               -105.3572    -102.1922    -105.3582    -106.7184    -107.6974
   5    100    -102.9461    -112.9097    -107.9171    -109.5306    -114.9552
               -113.1697    -109.9798    -113.1679    -114.5415    -115.5055
 
 group  inft   Estimated free energy: 1-th solvent contribution (kcal/mol)
   1      0     -23.4083     -25.4694     -25.5649     -26.4257     -25.2398
                -26.2937     -26.2627     -25.4909     -26.9055     -27.9337
   1     60     -23.4101     -25.4706     -25.5668     -26.4273     -25.2413
                -26.2955     -26.2642     -25.4921     -26.9075     -27.9344
   1     80     -23.4353     -25.4927     -25.5911     -26.4492     -25.2641
                -26.3166     -26.2866     -25.5137     -26.9287     -27.9550
   1    100     -23.5330     -25.5879     -25.6904     -26.5429     -25.3619
                -26.4110     -26.3829     -25.6084     -27.0223     -28.0468
   2      0     -22.5669     -24.8697     -24.8779     -25.9237     -24.5985
                -25.6321     -25.6706     -24.9849     -26.3016     -27.3131
   3      0     -22.3369     -24.7508     -24.7565     -25.8051     -24.4385
                -25.5152     -25.5534     -24.8553     -26.1678     -27.2102
   4      0     -22.1681     -24.6354     -24.6253     -25.7025     -24.3197
                -25.3870     -25.4196     -24.7199     -26.0492     -27.1136
   5      0     -22.1375     -24.7054     -24.7017     -25.7704     -24.3616
                -25.4464     -25.4705     -24.8092     -26.0993     -27.1796
   5     60     -22.1396     -24.7069     -24.7035     -25.7718     -24.3631
                -25.4477     -25.4720     -24.8108     -26.1005     -27.1808
   5     80     -22.1676     -24.7331     -24.7303     -25.7977     -24.3900
                -25.4731     -25.4984     -24.8372     -26.1260     -27.2055
   5    100     -22.2367     -24.7983     -24.7967     -25.8624     -24.4570
                -25.5356     -25.5635     -24.9032     -26.1880     -27.2663
 
 group  inft   Estimated free energy: 2-th solvent contribution (kcal/mol)
   1      0      -1.9716      12.2479       5.7521      -2.4135      19.0946
                 11.7578       4.7599       9.0043      18.5424      18.9533
   1     60      -1.9724      12.2479       5.7507      -2.4136      19.0917
                 11.7564       4.7604       9.0025      18.5401      18.9516
   1     80      -1.9840      12.2376       5.7404      -2.4236      19.0814
                 11.7480       4.7525       8.9922      18.5314      18.9429
   1    100      -1.9394      12.2770       5.7815      -2.3888      19.1252
                 11.7882       4.7882       9.0289      18.5725      18.9861
   2      0      -2.1851      11.9632       5.5032      -2.7786      18.6968
                 11.4070       4.5141       8.6517      18.2333      18.7304
   3      0      -2.1552      11.9858       5.5092      -2.7556      18.7871
                 11.4745       4.6071       8.7529      18.3401      18.8293
   4      0      -2.9074      11.2574       4.6300      -3.5098      18.0233
                 10.6626       3.9974       7.8742      17.5192      18.0579
   5      0      -2.7775      11.2896       4.7081      -3.4281      18.0930
                 10.7426       3.9920       7.9430      17.6029      18.0351
   5     60      -2.7759      11.2914       4.7096      -3.4264      18.0943
                 10.7442       3.9938       7.9446      17.6045      18.0366
   5     80      -2.7714      11.2950       4.7126      -3.4229      18.0969
                 10.7479       3.9980       7.9481      17.6079      18.0403
   5    100      -2.6819      11.3732       4.7964      -3.3441      18.1828
                 10.8270       4.0718       8.0264      17.6910      18.1240
 
 group  inft   Estimated free energy: 3-th solvent contribution (kcal/mol)
   1      0     -66.9579     -88.3034     -76.7446     -69.1946     -97.4679
                -87.2740     -77.3041     -85.1080     -94.8061     -95.1682
   1     60     -67.1694     -88.5121     -76.9575     -69.4045     -97.6771
                -87.4842     -77.5150     -85.3168     -95.0144     -95.3766
   1     80     -69.2337     -90.5881     -79.0341     -71.4855     -99.7429
                -89.5583     -79.5934     -87.3883     -97.0775     -97.4403
   1    100     -77.5339     -98.9470     -87.3669     -79.7916    -108.1163
                -97.9166     -87.9191     -95.7299    -105.4292    -105.7867
   2      0     -67.1569     -88.5324     -76.9802     -69.4124     -97.7112
                -87.4953     -77.5437     -85.3810     -95.0748     -95.4171
   3      0     -67.2939     -88.6840     -77.1418     -69.5806     -97.8733
                -87.6756     -77.6844     -85.5363     -95.2636     -95.5892
   4      0     -67.2075     -88.5945     -77.0659     -69.4720     -97.8025
                -87.5716     -77.6385     -85.4475     -95.1574     -95.4935
   5      0     -67.3707     -88.7576     -77.2169     -69.6404     -97.9482
                -87.7423     -77.7984     -85.5830     -95.3226     -95.6569
   5     60     -67.6569     -89.0440     -77.5037     -69.9267     -98.2324
                -88.0285     -78.0850     -85.8686     -95.6073     -95.9410
   5     80     -70.2662     -91.6601     -80.1238     -72.5451    -100.8369
                -90.6424     -80.7023     -88.4796     -98.2108     -98.5427
   5    100     -78.0380     -99.4951     -87.9272     -80.3345    -108.6915
                -98.4716     -88.4985     -96.3015    -106.0549    -106.3736
 
 
 cumulative average & 95% error for solvation free energy
              total             1st component         2nd component         3rd component
  1   -91.7756              -22.3369               -2.1552              -67.2939
  2   -96.6070     9.6629   -23.5439     2.4138     4.9153    14.1410   -77.9890    21.3901
  3   -96.5309     5.5810   -23.9481     1.6111     5.1133     8.1739   -77.7066    12.3625
  4   -96.9309     4.0266   -24.4123     1.4697     3.1461     6.9919   -75.6751     9.6397
  5   -98.2475     4.0820   -24.4176     1.1385     6.2743     8.2749   -80.1147    11.6016
  6   -98.8239     3.5267   -24.6005     0.9990     7.1410     6.9753   -81.3749     9.8022
  7   -98.7948     2.9811   -24.7366     0.8871     6.7790     5.9395   -80.8477     8.3512
  8   -99.1490     2.6772   -24.7515     0.7688     7.0257     5.1673   -81.4337     7.3267
  9   -99.5859     2.5175   -24.9088     0.7475     8.2829     5.2048   -82.9704     7.1552
 10  -100.0232     2.4157   -25.1390     0.8117     9.3375     5.1108   -84.2323     6.8794
 
 Warning: mesh error is    0.718 kcal/mol and is larger than the threshold value of    0.100 kcal/mol
