 ERmod 0.3.8, Copyright (C) 2000-2019 Nobuyuki Matubayasi
                            2010-2019 Shun Sakuraba
 ERmod comes with ABSOLUTELY NO WARRANTY.
 This is free software, and you can redistribute it
 and/or modify it under certain conditions.
 See LICENSE file for details.
 ERmod 0.3.8, Copyright (C) 2000-2019 Nobuyuki Matubayasi
                            2010-2019 Shun Sakuraba
 ERmod comes with ABSOLUTELY NO WARRANTY.
 This is free software, and you can redistribute it
 and/or modify it under certain conditions.
 See LICENSE file for details.
 
  Number of the   1-th solvent  =          792
  Number of the   2-th solvent  =          792
  Number of the   3-th solvent  =        10000
 
  Be sure that the solvent distribution is homogeneous (radial distribution function is essentially unity) when the solvent molecule is separated beyond distance of   10.0 Angstrom in any direction from any atom within the solute molecule
 
  LJ long-range correction    =        -1.3175     -0.2494     -7.0203
 
  Self-energy of the solute   =        -0.0005  kcal/mol
 
 
 cumulative average & 95% error for solvation energy
              total             1st component         2nd component         3rd component
  1  -452.7497             -164.9620               66.4929             -354.2801
  2  -451.9405     1.6184  -163.7517     2.4206    67.1718     1.3577  -355.3601     2.1599
  3  -452.3417     1.2316  -161.1795     5.3308    62.7365     8.9051  -353.8981     3.1788
  4  -453.6043     2.6712  -159.7132     4.7758    53.5768    19.3714  -347.4674    13.0564
  5  -454.3679     2.5717  -159.7687     3.7010    49.1197    17.4532  -343.7184    12.5897
  6  -454.6312     2.1648  -158.9557     3.4315    46.1789    15.4165  -341.8538    10.9350
  7  -455.3970     2.3861  -158.7574     2.9272    41.7432    15.7627  -338.3823    11.5592
  8  -454.9173     2.2783  -159.3858     2.8295    45.0350    15.1556  -340.5660    10.9218
  9  -454.3842     2.2747  -159.5718     2.5229    48.3053    14.8805  -343.1171    10.9000
 10  -454.1564     2.0849  -160.0799     2.4748    49.8654    13.6703  -343.9413     9.8876
 11  -454.4530     1.9770  -159.1975     2.8506    46.6853    13.9051  -341.9403     9.7983
 12  -454.7394     1.8934  -158.8689     2.6839    43.4569    14.2414  -339.3269    10.3598
 13  -454.4381     1.8430  -159.0789     2.5043    45.5350    13.7437  -340.8937    10.0317
 14  -454.4469     1.7063  -159.2193     2.3355    46.0738    12.7697  -341.3009     9.3231
 15  -454.3679     1.5964  -159.5916     2.2982    47.0728    12.0547  -341.8486     8.7482
 16  -454.3472     1.4938  -159.6640     2.1546    47.4683    11.3038  -342.1509     8.2055
 17  -454.3214     1.4042  -159.3285     2.1323    47.2554    10.6266  -342.2478     7.7102
 18  -454.1428     1.3712  -158.9582     2.1424    48.0645    10.1487  -343.2486     7.5398
 19  -454.1830     1.2995  -158.8192     2.0455    48.1698     9.6020  -343.5330     7.1546
 20  -454.0434     1.2640  -158.9148     1.9499    49.3109     9.3908  -344.4389     7.0251
 21  -453.9034     1.2345  -159.2147     1.9493    50.2541     9.1295  -344.9423     6.7576
 22  -453.7964     1.1964  -159.4003     1.8953    51.0402     8.8455  -345.4358     6.5183
 23  -453.8382     1.1462  -159.0149     1.9682    50.3194     8.5742  -345.1421     6.2560
 24  -453.7923     1.1012  -158.9748     1.8861    50.3698     8.2098  -345.1868     5.9904
 25  -453.8976     1.0770  -158.8927     1.8166    49.8383     7.9460  -344.8427     5.7868
 26  -453.6368     1.1588  -159.0163     1.7627    51.2073     8.1103  -345.8272     5.8982
 27  -453.2589     1.3471  -159.2395     1.7539    53.9041     9.4867  -347.9230     7.0556
 28  -453.0906     1.3410  -159.1554     1.6985    55.1402     9.4699  -349.0749     7.1786
 29  -452.8680     1.3683  -159.0839     1.6451    56.5978     9.5914  -350.3815     7.4032
 30  -452.6157     1.4150  -159.0080     1.5965    58.0731     9.7246  -351.6803     7.6093
 31  -452.3885     1.4420  -159.0265     1.5446    59.4520     9.8016  -352.8136     7.7008
 32  -452.2403     1.4274  -159.1755     1.5250    60.9344     9.9427  -353.9987     7.8240
 33  -452.2549     1.3838  -159.2263     1.4815    61.0229     9.6383  -354.0510     7.5839
 34  -452.2277     1.3435  -158.9630     1.5307    61.2217     9.3590  -354.4858     7.4087
 35  -452.2602     1.3062  -158.9138     1.4896    60.9629     9.1024  -354.3087     7.2026
 36  -452.2478     1.2696  -159.0386     1.4690    61.1458     8.8535  -354.3545     7.0003
 37  -452.2529     1.2349  -159.0836     1.4316    61.0666     8.6123  -354.2354     6.8126
 38  -452.2543     1.2020  -158.8731     1.4556    61.0592     8.3826  -354.4399     6.6435
 39  -452.2552     1.1707  -158.4961     1.6058    60.7965     8.1818  -354.5550     6.4750
 40  -452.2545     1.1411  -158.5286     1.5665    60.9295     7.9790  -354.6549     6.3142
 41  -452.4115     1.1563  -158.4596     1.5340    59.5978     8.2252  -353.5491     6.5433
 42  -452.5712     1.1728  -158.4646     1.4971    58.4064     8.3731  -352.5125     6.7138
 43  -452.8394     1.2646  -158.2973     1.4996    56.3243     9.1754  -350.8659     7.3365
 44  -453.0971     1.3387  -158.3230     1.4661    54.5484     9.6425  -349.3220     7.8046
 45  -453.3542     1.4061  -158.4606     1.4593    52.8311    10.0320  -347.7242     8.2714
 46  -453.6047     1.4636  -158.2722     1.4761    50.9097    10.5372  -346.2417     8.6158
 47  -453.7730     1.4711  -158.0673     1.5014    49.4946    10.6919  -345.1998     8.6842
 48  -453.9639     1.4899  -157.9257     1.4968    47.8835    10.9516  -343.9211     8.8777
 49  -454.2735     1.5851  -157.7202     1.5224    45.7081    11.5746  -342.2609     9.3071
 50  -454.4724     1.6032  -157.6389     1.5005    44.1493    11.7615  -340.9822     9.4709
 
 
 group  inft  solvation free energy     error          difference
  total solvation free energy
   1      0        -58.29175           1.81249          -0.12229
   1     60        -58.69700           1.81349          -0.52754
   1     80        -61.93813           1.81958          -3.76867
   1    100        -72.07435           1.85047         -13.90489
   2      0        -58.48636           1.82276          -0.31690
   3      0        -58.16946           1.82643          -0.00000
   4      0        -58.53446           1.82397          -0.36500
   5      0        -58.29932           1.83038          -0.12986
   5     60        -58.82824           1.83161          -0.65878
   5     80        -62.80089           1.83938          -4.63143
   5    100        -72.11248           1.86804         -13.94302
 
  contribution from  1-th solvent component
   1      0       -123.88685           1.78249          -0.43589
   1     60       -123.92581           1.78258          -0.47486
   1     80       -124.24009           1.78307          -0.78914
   1    100       -125.18070           1.78582          -1.72975
   2      0       -123.62868           1.81784          -0.17773
   3      0       -123.45096           1.83192           0.00000
   4      0       -123.77002           1.83490          -0.31907
   5      0       -123.49263           1.84264          -0.04168
   5     60       -123.54301           1.84271          -0.09206
   5     80       -123.91908           1.84322          -0.46812
   5    100       -124.78211           1.84606          -1.33115
 
  contribution from  2-th solvent component
   1      0         83.88526           5.58781           0.28812
   1     60         83.89887           5.58778           0.30173
   1     80         84.07888           5.58808           0.48175
   1    100         84.41403           5.58957           0.81689
   2      0         83.43397           5.58709          -0.16316
   3      0         83.59713           5.58819           0.00000
   4      0         83.55542           5.59334          -0.04172
   5      0         83.54698           5.59337          -0.05015
   5     60         83.58252           5.59347          -0.01461
   5     80         83.77707           5.59371           0.17994
   5    100         84.06422           5.59502           0.46708
 
  contribution from  3-th solvent component
   1      0        -18.28964           5.62716           0.02548
   1     60        -18.66953           5.62807          -0.35441
   1     80        -21.77640           5.63300          -3.46129
   1    100        -31.30715           5.66076         -12.99204
   2      0        -18.29113           5.62751           0.02399
   3      0        -18.31512           5.62990           0.00000
   4      0        -18.31934           5.62844          -0.00422
   5      0        -18.35315           5.63029          -0.03803
   5     60        -18.86723           5.63148          -0.55211
   5     80        -22.65835           5.63787          -4.34324
   5    100        -31.39407           5.66391         -13.07895
 
 
 group  inft   Estimated free energy: total (kcal/mol)
   1      0     -56.1645     -57.8198     -54.6426     -53.3169     -59.8667
                -61.0456     -62.8287     -62.7587     -57.0296     -60.6240
                -59.4052     -60.1108     -55.0942     -57.1265     -60.6054
                -55.5126     -55.8647     -50.1756     -59.2280     -55.7625
                -58.3182     -57.3025     -52.0115     -57.8767     -58.9307
                -58.1431     -71.6777     -72.6350     -71.1415     -71.2174
                -73.2562     -69.5347     -65.1305     -63.6901     -57.2610
                -58.8010     -58.4991     -53.7609     -54.3486     -56.2513
                -46.0368     -49.9321     -54.4500     -54.9894     -57.4366
                -49.2991     -45.4378     -54.2446     -57.9716     -50.0195
   1     60     -56.5715     -58.2256     -55.0477     -53.7262     -60.2748
                -61.4540     -63.2370     -63.1682     -57.4381     -61.0305
                -59.8123     -60.5155     -55.4991     -57.5339     -61.0126
                -55.9183     -56.2715     -50.5795     -59.6360     -56.1677
                -58.7215     -57.7071     -52.4194     -58.2815     -59.3399
                -58.5488     -72.0840     -73.0470     -71.5523     -71.6291
                -73.6667     -69.9461     -65.5440     -64.1030     -57.6706
                -59.2077     -58.9058     -54.1671     -54.7538     -56.6575
                -46.4322     -50.3279     -54.8478     -55.3858     -57.8323
                -49.6943     -45.8346     -54.6420     -58.3663     -50.4140
   1     80     -59.8319     -61.4678     -58.2785     -56.9912     -63.5201
                -64.7163     -66.5006     -66.4323     -60.7066     -64.2844
                -63.0760     -63.7650     -58.7317     -60.7862     -64.2724
                -59.1512     -59.5287     -53.8032     -62.8883     -59.4032
                -61.9344     -60.9374     -55.6772     -61.5018     -62.5980
                -61.7768     -75.3328     -76.3351     -74.8314     -74.9130
                -76.9549     -73.2195     -68.8180     -67.3809     -60.9162
                -62.4526     -62.1527     -57.4270     -58.0137     -59.9030
                -49.6116     -53.5064     -58.0670     -58.5871     -61.0175
                -52.8840     -49.0321     -57.8475     -61.5543     -53.5871
   1    100     -70.0305     -71.6090     -68.3637     -67.1525     -73.6248
                -74.8777     -76.6554     -76.6356     -70.9495     -74.4494
                -73.2505     -73.9006     -68.8319     -70.9336     -74.4545
                -69.2424     -69.7075     -63.8902     -73.0324     -69.5243
                -71.9805     -71.0363     -65.8179     -71.5389     -72.7375
                -71.9041     -85.6704     -86.7212     -85.2066     -85.3077
                -87.3745     -83.5644     -79.0795     -77.6837     -71.0508
                -72.5923     -72.2859     -67.6451     -68.2449     -70.0478
                -59.5206     -63.4067     -68.0973     -68.5570     -70.9324
                -62.8336     -58.9909     -67.8214     -71.4923     -63.4593
   2      0     -56.1143     -58.1059     -54.8298     -53.2540     -60.2035
                -61.2076     -63.0424     -62.9634     -57.0763     -60.9783
                -59.5820     -60.1653     -55.6500     -57.4108     -61.0192
                -55.7655     -55.8830     -50.1467     -59.6298     -55.8560
                -58.8309     -57.5973     -52.1194     -58.2389     -59.1900
                -58.6286     -71.9780     -72.7617     -71.3672     -71.4315
                -73.3755     -69.8529     -65.0639     -63.8323     -57.5256
                -59.3001     -58.6856     -53.8787     -54.5221     -56.7006
                -46.1552     -50.1676     -54.2874     -55.0178     -57.5385
                -49.3039     -45.4420     -54.3853     -58.0398     -50.2155
   3      0     -55.8024     -57.7658     -54.5724     -52.9180     -59.9134
                -60.8606     -62.6995     -62.7265     -56.7937     -60.7223
                -59.2797     -59.7675     -55.3451     -57.0472     -60.7503
                -55.3738     -55.4591     -49.7647     -59.4641     -55.7859
                -58.6724     -57.4222     -51.6544     -57.9969     -58.8225
                -58.3830     -71.7066     -72.4227     -71.0184     -71.1825
                -72.9598     -69.6393     -64.6464     -63.4457     -57.1028
                -59.2013     -58.2821     -53.4076     -54.2234     -56.4513
                -45.6925     -49.8894     -53.7363     -54.8124     -57.2242
                -49.0383     -45.0424     -54.0561     -57.5391     -49.9891
   4      0     -56.0490     -58.2046     -55.0071     -53.1831     -60.2798
                -61.2414     -63.1412     -62.9396     -57.0677     -61.2027
                -59.5522     -60.3225     -55.6392     -57.4134     -61.2487
                -55.7728     -55.7823     -50.0080     -59.7957     -56.0975
                -59.0823     -57.7350     -51.9866     -58.5696     -59.2893
                -58.7525     -71.9506     -72.5930     -71.3121     -71.5917
                -73.3341     -69.9325     -64.8864     -63.8178     -57.5429
                -59.5182     -58.9270     -53.7335     -54.5903     -56.8481
                -46.1517     -50.1130     -54.0925     -55.1552     -57.7026
                -49.3345     -45.4215     -54.4480     -58.0232     -50.3391
   5      0     -55.7796     -58.0963     -54.7594     -53.0942     -60.0230
                -60.9764     -62.8818     -62.7356     -56.8281     -60.9876
                -59.3312     -59.9021     -55.5177     -57.0316     -60.9099
                -55.4221     -55.5695     -49.8550     -59.5737     -56.0687
                -58.8878     -57.5323     -51.6331     -58.5438     -58.9459
                -58.4736     -71.7147     -72.5088     -71.1706     -71.5046
                -73.0539     -69.7869     -64.6150     -63.6222     -57.2666
                -59.3520     -58.5994     -53.4518     -54.4886     -56.7818
                -45.8687     -49.7644     -53.7531     -55.0937     -57.2174
                -49.2218     -45.0135     -54.2123     -57.5154     -50.0289
   5     60     -56.3114     -58.6253     -55.2882     -53.6289     -60.5550
                -61.5103     -63.4158     -63.2705     -57.3609     -61.5188
                -59.8639     -60.4319     -56.0457     -57.5635     -61.4422
                -55.9507     -56.1008     -50.3816     -60.1054     -56.5965
                -59.4121     -58.0601     -52.1661     -59.0706     -59.4797
                -59.0017     -72.2438     -73.0461     -71.7065     -72.0409
                -73.5898     -70.3221     -65.1538     -64.1606     -57.8006
                -59.8819     -59.1299     -53.9830     -55.0191     -57.3120
                -46.3845     -50.2801     -54.2744     -55.6134     -57.7342
                -49.7387     -45.5317     -54.7313     -58.0319     -50.5442
   5     80     -60.3061     -62.5959     -59.2472     -57.6286     -64.5306
                -65.5064     -67.4118     -67.2713     -61.3626     -65.5075
                -63.8614     -64.4139     -60.0069     -61.5482     -65.4378
                -59.9121     -60.0925     -54.3333     -64.0911     -60.5614
                -63.3468     -62.0215     -56.1562     -63.0118     -63.4703
                -62.9606     -76.2359     -77.0772     -75.7316     -76.0728
                -77.6234     -74.3361     -69.1673     -68.1820     -61.7789
                -63.8586     -63.1067     -57.9812     -59.0186     -61.2922
                -50.2823     -54.1727     -58.2190     -59.5407     -61.6394
                -53.6522     -49.4488     -58.6554     -61.9426     -54.4350
   5    100     -69.6766     -71.9081     -68.5094     -66.9588     -73.8129
                -74.8397     -76.7357     -76.6504     -70.7643     -74.8492
                -73.2034     -73.7233     -69.2891     -70.8697     -74.7966
                -69.1820     -69.4422     -63.6011     -73.4117     -69.8609
                -72.5767     -71.3045     -65.4664     -72.2290     -72.7820
                -72.2695     -85.7453     -86.6189     -85.2632     -85.6290
                -87.1945     -83.8397     -78.5953     -77.6460     -71.0883
                -73.1781     -72.4099     -67.3698     -68.4229     -70.6177
                -59.3847     -63.2612     -67.4271     -68.7010     -70.7453
                -62.7960     -58.5916     -67.8070     -71.0730     -63.5054
 
 group  inft   Estimated free energy: 1-th solvent contribution (kcal/mol)
   1      0    -125.3783    -130.3629    -125.5936    -117.0698    -128.5441
               -126.7613    -125.3635    -130.2370    -121.2185    -129.9079
               -117.9009    -120.3836    -128.3933    -125.9575    -130.2369
               -124.5813    -117.6431    -118.7732    -125.7751    -128.5584
               -132.3976    -129.5487    -114.1837    -128.8757    -127.0534
               -129.4950    -134.2229    -128.4340    -128.5058    -127.7521
               -130.8529    -130.5218    -126.1257    -118.4352    -121.7714
               -130.1557    -127.2190    -115.1861    -108.7111    -125.6569
               -118.2229    -125.0785    -115.1341    -121.9188    -127.1747
               -111.1712    -110.4428    -117.9831    -114.7073    -118.7638
   1     60    -125.4174    -130.4021    -125.6331    -117.1090    -128.5828
               -126.8001    -125.4023    -130.2760    -121.2580    -129.9470
               -117.9396    -120.4222    -128.4322    -125.9965    -130.2758
               -124.6206    -117.6820    -118.8123    -125.8143    -128.5974
               -132.4364    -129.5879    -114.2229    -128.9143    -127.0920
               -129.5343    -134.2628    -128.4739    -128.5459    -127.7921
               -130.8926    -130.5620    -126.1653    -118.4755    -121.8110
               -130.1950    -127.2581    -115.2256    -108.7502    -125.6961
               -118.2607    -125.1165    -115.1721    -121.9565    -127.2129
               -111.2089    -110.4808    -118.0210    -114.7448    -118.8016
   1     80    -125.7325    -130.7186    -125.9524    -117.4237    -128.8954
               -127.1145    -125.7158    -130.5900    -121.5739    -130.2628
               -118.2528    -120.7347    -128.7471    -126.3113    -130.5900
               -124.9370    -117.9949    -119.1268    -126.1302    -128.9128
               -132.7500    -129.9043    -114.5379    -129.2263    -127.4041
               -129.8506    -134.5811    -128.7909    -128.8657    -128.1102
               -131.2096    -130.8807    -126.4808    -118.7960    -122.1276
               -130.5123    -127.5740    -115.5428    -109.0636    -126.0126
               -118.5683    -125.4276    -115.4819    -122.2643    -127.5255
               -111.5154    -110.7898    -118.3312    -115.0518    -119.1106
   1    100    -126.6725    -131.6728    -126.9089    -118.3598    -129.8359
               -128.0605    -126.6536    -131.5320    -122.5161    -131.2099
               -119.1829    -121.6660    -129.6915    -127.2535    -131.5340
               -125.8845    -118.9283    -120.0668    -127.0777    -129.8616
               -133.6974    -130.8547    -115.4716    -130.1683    -128.3421
               -130.8014    -135.5430    -129.7418    -129.8256    -129.0655
               -132.1636    -131.8359    -127.4228    -119.7450    -123.0691
               -131.4678    -128.5211    -116.4848    -109.9884    -126.9614
               -119.4874    -126.3620    -116.4054    -123.1854    -128.4638
               -112.4242    -111.7072    -119.2591    -115.9658    -120.0348
   2      0    -124.9799    -130.2188    -125.4741    -116.5466    -128.3703
               -126.6712    -125.2086    -130.1034    -120.6167    -129.7262
               -117.7209    -120.1550    -128.2015    -125.6919    -130.1021
               -124.2150    -117.0891    -118.4160    -125.6227    -128.3511
               -132.2829    -129.3820    -113.6430    -128.7195    -127.0159
               -129.3521    -134.1506    -128.3361    -128.3966    -127.6685
               -130.7467    -130.3981    -125.9406    -118.2335    -121.5346
               -129.9834    -127.0739    -114.7056    -108.2686    -125.3252
               -117.7848    -124.8649    -114.5661    -121.5164    -126.9502
               -110.7082    -109.9129    -117.6447    -114.3700    -118.4782
   3      0    -124.7786    -130.1090    -125.2814    -116.2880    -128.2704
               -126.5401    -125.0226    -130.0181    -120.3684    -129.5804
               -117.5639    -119.9702    -128.0762    -125.5348    -129.9422
               -124.0422    -116.7867    -118.1021    -125.4964    -128.2220
               -132.1627    -129.2589    -113.3504    -128.5552    -126.8794
               -129.1997    -134.0276    -128.1878    -128.2682    -127.5637
               -130.6361    -130.2745    -125.7869    -118.0721    -121.3213
               -129.9127    -126.9266    -114.4850    -108.0060    -125.1185
               -117.5465    -124.6970    -114.3059    -121.2750    -126.7612
               -110.5046    -109.5894    -117.4326    -114.1487    -118.3000
   4      0    -125.0232    -130.3826    -125.7176    -116.5452    -128.5540
               -126.9377    -125.4247    -130.2761    -120.6171    -130.0153
               -117.9256    -120.3936    -128.3789    -125.9010    -130.2994
               -124.3848    -117.1030    -118.4507    -125.8212    -128.4375
               -132.4473    -129.5098    -113.6085    -129.0856    -127.2585
               -129.5426    -134.3731    -128.5586    -128.5915    -127.8358
               -130.9618    -130.5532    -126.0289    -118.4134    -121.7652
               -130.0690    -127.2457    -114.8357    -108.3007    -125.3888
               -117.8224    -125.1131    -114.5804    -121.5501    -127.1058
               -110.7778    -109.7880    -117.7288    -114.4945    -118.5772
   5      0    -124.6701    -130.2313    -125.3758    -116.3776    -128.3188
               -126.5995    -125.0993    -130.0140    -120.3253    -129.6406
               -117.5998    -119.9759    -128.1605    -125.4804    -129.9181
               -124.0509    -116.8420    -118.1981    -125.5459    -128.3589
               -132.2278    -129.3120    -113.2817    -128.8902    -126.9146
               -129.3154    -134.0815    -128.3511    -128.4011    -127.6633
               -130.7337    -130.3535    -125.8274    -118.2160    -121.4361
               -129.9321    -126.9847    -114.4597    -108.0361    -125.2715
               -117.5643    -124.6691    -114.2360    -121.4634    -126.6657
               -110.5332    -109.4293    -117.3914    -113.9948    -118.2121
   5     60    -124.7206    -130.2817    -125.4268    -116.4283    -128.3688
               -126.6497    -125.1496    -130.0647    -120.3760    -129.6911
               -117.6503    -120.0260    -128.2110    -125.5307    -129.9683
               -124.1016    -116.8922    -118.2486    -125.5965    -128.4091
               -132.2776    -129.3627    -113.3324    -128.9398    -126.9647
               -129.3662    -134.1326    -128.4024    -128.4527    -127.7148
               -130.7847    -130.4052    -125.8787    -118.2683    -121.4876
               -129.9827    -127.0351    -114.5109    -108.0869    -125.3220
               -117.6134    -124.7183    -114.2853    -121.5124    -126.7150
               -110.5826    -109.4785    -117.4404    -114.0440    -118.2608
   5     80    -125.0966    -130.6592    -125.8075    -116.8045    -128.7428
               -127.0261    -125.5261    -130.4416    -120.7516    -130.0690
               -118.0264    -120.4007    -128.5886    -125.9064    -130.3443
               -124.4795    -117.2655    -118.6250    -125.9753    -128.7857
               -132.6521    -129.7424    -113.7078    -129.3119    -127.3399
               -129.7453    -134.5124    -128.7814    -128.8343    -128.0958
               -131.1630    -130.7866    -126.2569    -118.6519    -121.8677
               -130.3623    -127.4117    -114.8897    -108.4618    -125.6990
               -117.9836    -125.0910    -114.6564    -121.8826    -127.0886
               -110.9530    -109.8474    -117.8107    -114.4147    -118.6295
   5    100    -125.9570    -131.5331    -126.6817    -117.6603    -129.6071
               -127.8952    -126.3898    -131.3108    -121.6099    -130.9390
               -118.8814    -121.2556    -129.4579    -126.7683    -131.2113
               -125.3467    -118.1183    -119.4878    -126.8469    -129.6555
               -133.5227    -130.6184    -114.5592    -130.1755    -128.2061
               -130.6208    -135.3975    -129.6554    -129.7143    -128.9750
               -132.0380    -131.6654    -127.1243    -119.5223    -122.7337
               -131.2403    -128.2781    -115.7510    -109.3084    -126.5663
               -118.8298    -125.9482    -115.5016    -122.7297    -127.9462
               -111.7919    -110.6841    -118.6571    -115.2582    -119.4725
 
 group  inft   Estimated free energy: 2-th solvent contribution (kcal/mol)
   1      0      93.7057      98.1640      93.2944      73.3593      78.6336
                 77.1200      67.2184      94.5558      95.7521      92.1114
                 65.5107      62.2170     100.0477      88.7026      90.9911
                 89.6250      81.1246      96.7993      87.1269     100.5285
                 98.7438      97.4011      77.3605      90.9317      80.7099
                106.4953     121.1058     101.3736     106.6515     106.8566
                107.3118     111.6656      91.1002      93.2726      88.6475
                 96.0635      89.4735      91.0983      84.0838      95.6551
                 70.6656      73.6992      45.4398      52.0471      52.0473
                 46.3427      57.4431      49.3056      33.2130      51.4696
   1     60      93.7194      98.1780      93.3095      73.3724      78.6480
                 77.1331      67.2309      94.5691      95.7639      92.1238
                 65.5226      62.2290     100.0619      88.7166      91.0038
                 89.6402      81.1372      96.8146      87.1411     100.5435
                 98.7593      97.4156      77.3730      90.9465      80.7239
                106.5098     121.1190     101.3857     106.6635     106.8689
                107.3233     111.6783      91.1134      93.2853      88.6616
                 96.0777      89.4877      91.1117      84.0960      95.6690
                 70.6809      73.7149      45.4523      52.0606      52.0621
                 46.3572      57.4576      49.3189      33.2269      51.4845
   1     80      93.8951      98.3668      93.5120      73.5411      78.8363
                 77.3031      67.3922      94.7399      95.9210      92.2921
                 65.6782      62.3831     100.2562      88.8992      91.1717
                 89.8406      81.3041      97.0196      87.3295     100.7411
                 98.9704      97.6086      77.5414      91.1484      80.9083
                106.7101     121.2986     101.5449     106.8233     107.0323
                107.4746     111.8500      91.2888      93.4558      88.8516
                 96.2694      89.6736      91.2860      84.2560      95.8562
                 70.8849      73.9243      45.6094      52.2328      52.2530
                 46.5424      57.6454      49.4931      33.4060      51.6817
   1    100      94.2115      98.7355      93.9299      73.8330      79.1939
                 77.6024      67.6637      95.0441      96.1863      92.5956
                 65.9305      62.6260     100.6519      89.2441      91.4709
                 90.2375      81.5916      97.4411      87.6875     101.1313
                 99.4099      97.9884      77.8417      91.5709      81.2539
                107.1184     121.6316     101.8069     107.0906     107.3016
                107.7126     112.1585      91.5978      93.7633      89.2252
                 96.6448      90.0259      91.6033      84.5290      96.2181
                 71.3048      74.3646      45.8671      52.5410      52.6184
                 46.8870      58.0050      49.8119      33.7279      52.0730
   2      0      93.3498      97.7350      93.0002      72.8935      78.1199
                 76.8644      66.8384      94.2247      95.1018      91.5666
                 65.1415      61.9575      99.2965      88.1532      90.4620
                 89.0094      80.5467      96.4771      86.5668     100.2172
                 98.1256      96.9474      76.7024      90.4035      80.3937
                105.8721     120.7554     101.1718     106.3175     106.5527
                107.0907     111.2379      90.9838      92.9355      88.1457
                 95.3877      89.1423      90.4955      83.4706      94.8795
                 70.1163      73.2445      45.0314      51.6120      51.7387
                 45.8725      56.9029      48.8153      32.8258      51.0055
   3      0      93.4926      97.9923      93.0871      73.0031      78.3230
                 77.0943      67.0175      94.4099      95.1713      91.7004
                 65.3218      62.1883      99.5027      88.3825      90.5896
                 89.2514      80.6915      96.5480      86.6360     100.1847
                 98.1859      97.0244      76.8931      90.5027      80.6509
                105.9993     120.9365     101.4036     106.5856     106.7454
                107.4349     111.3635      91.2818      93.1957      88.3819
                 95.4411      89.4189      90.7682      83.5404      94.9467
                 70.3463      73.3698      45.3292      51.5914      51.8722
                 45.9576      56.9878      48.9332      33.1068      51.0741
   4      0      93.4932      97.8336      93.0987      72.9966      78.2535
                 77.1147      66.9865      94.4501      95.1526      91.6573
                 65.4213      62.0707      99.5013      88.4009      90.4513
                 89.1904      80.6901      96.6771      86.6265     100.0789
                 98.0789      96.9637      76.8487      90.4579      80.5561
                105.9943     121.0393     101.5961     106.5970     106.6009
                107.3861     111.3120      91.2898      93.1431      88.3938
                 95.2974      89.1114      90.7930      83.4792      94.8249
                 70.1574      73.5626      45.2569      51.5387      51.7517
                 45.9370      56.8145      48.8273      32.9921      51.0239
   5      0      93.4410      97.8078      93.0374      72.9572      78.3061
                 77.0818      66.9594      94.4624      95.1360      91.5360
                 65.3673      62.0881      99.4440      88.3811      90.4524
                 89.2267      80.6755      96.5981      86.5786     100.0572
                 98.0842      96.9988      76.8863      90.3333      80.5776
                106.0618     121.0411     101.5288     106.5990     106.5706
                107.4983     111.3230      91.3829      93.2068      88.3592
                 95.3540      89.1945      90.7437      83.3518      94.7998
                 70.2059      73.4886      45.2757      51.5548      51.8178
                 45.8318      56.8901      48.7752      33.0293      50.9902
   5     60      93.4761      97.8445      93.0749      72.9912      78.3432
                 77.1159      66.9928      94.4970      95.1691      91.5695
                 65.3998      62.1203      99.4810      88.4170      90.4861
                 89.2653      80.7096      96.6368      86.6158     100.0954
                 98.1243      97.0356      76.9201      90.3716      80.6142
                106.0998     121.0767     101.5624     106.6318     106.6049
                107.5306     111.3583      91.4187      93.2413      88.3964
                 95.3911      89.2310      90.7782      83.3845      94.8357
                 70.2442      73.5276      45.3079      51.5884      51.8541
                 45.8679      56.9264      48.8097      33.0647      51.0271
   5     80      93.6652      98.0515      93.2963      73.1704      78.5478
                 77.2976      67.1659      94.6800      95.3383      91.7483
                 65.5663      62.2832      99.6942      88.6147      90.6655
                 89.4840      80.8867      96.8623      86.8203     100.3112
                 98.3586      97.2449      77.0995      90.5957      80.8143
                106.3192     121.2675     101.7322     106.7987     106.7768
                107.6913     111.5445      91.6068      93.4237      88.6039
                 95.5995      89.4328      90.9637      83.5530      95.0349
                 70.4704      73.7631      45.4758      51.7719      52.0602
                 46.0697      57.1317      48.9999      33.2586      51.2410
   5    100      93.9328      98.3714      93.6595      73.4163      78.8555
                 77.5527      67.3989      94.9386      95.5635      92.0028
                 65.7823      62.4874     100.0352      88.9093      90.9170
                 89.8253      81.1286      97.2297      87.1280     100.6481
                 98.7417      97.5718      77.3525      90.9635      81.1146
                106.6734     121.5514     101.9571     107.0242     107.0021
                107.8940     111.8110      91.8718      93.6885      88.9269
                 95.9213      89.7385      91.2309      83.7797      95.3392
                 70.8367      74.1515      45.6933      52.0319      52.3719
                 46.3645      57.4403      49.2741      33.5359      51.5739
 
 group  inft   Estimated free energy: 3-th solvent contribution (kcal/mol)
   1      0     -24.4914     -25.6203     -22.3429      -9.6059      -9.9557
                -11.4038      -4.6830     -27.0770     -31.5626     -22.8269
                 -7.0145      -1.9437     -26.7481     -19.8711     -21.3590
                -20.5557     -19.3456     -28.2011     -20.5792     -27.7321
                -24.6638     -25.1544     -15.1876     -19.9321     -12.5867
                -35.1429     -58.5600     -45.5741     -49.2867     -50.3214
                -49.7146     -50.6780     -30.1045     -38.5270     -24.1366
                -24.7083     -20.7531     -29.6726     -29.7208     -26.2489
                  1.5210       1.4477      15.2448      14.8829      17.6914
                 15.5299       7.5625      14.4334      23.5233      17.2752
   1     60     -24.8729     -26.0009     -22.7236      -9.9891     -10.3394
                -11.7865      -5.0650     -27.4607     -31.9435     -23.2068
                 -7.3948      -2.3217     -27.1282     -20.2535     -21.7401
                -20.9375     -19.7262     -28.5812     -20.9623     -28.1133
                -25.0439     -25.5342     -15.5690     -20.3131     -12.9713
                -35.5237     -58.9396     -45.9583     -49.6693     -50.7055
                -50.0968     -51.0619     -30.4916     -38.9123     -24.5207
                -25.0899     -21.1348     -30.0526     -30.0990     -26.6299
                  1.1481       1.0743      14.8725      14.5106      17.3191
                 15.1579       7.1891      14.0607      23.1522      16.9036
   1     80     -27.9940     -29.1155     -25.8376     -13.1081     -13.4606
                -14.9044      -8.1764     -30.5816     -35.0531     -26.3131
                -10.5009      -5.4129     -30.2403     -23.3737     -24.8536
                -24.0543     -22.8374     -31.6955     -24.0871     -31.2309
                -28.1543     -28.6411     -18.6802     -23.4234     -16.1016
                -38.6358     -62.0499     -49.0886     -52.7885     -53.8346
                -53.2194     -54.1883     -33.6255     -42.0402     -27.6397
                -28.2091     -24.2518     -33.1697     -33.2057     -29.7461
                 -1.9277      -2.0026      11.8060      11.4449      14.2556
                 12.0894       4.1128      10.9912      20.0920      13.8423
   1    100     -37.5691     -38.6712     -35.3842     -22.6252     -22.9823
                -24.4192     -17.6650     -40.1472     -44.6192     -35.8346
                -19.9976     -14.8600     -39.7918     -32.9237     -34.3909
                -33.5949     -32.3703     -41.2639     -33.6417     -40.7935
                -37.6925     -38.1695     -28.1875     -32.9410     -25.6487
                -48.2205     -71.7585     -58.7858     -62.4711     -63.5433
                -62.9230     -63.8865     -43.2540     -51.7015     -37.2064
                -37.7688     -33.7902     -42.7631     -42.7850     -39.3040
                -11.3374     -11.4087       2.4416       2.0880       4.9135
                  2.7041      -5.2881       1.6263      10.7461       4.5030
   2      0     -24.4837     -25.6215     -22.3554      -9.6004      -9.9526
                -11.4003      -4.6717     -27.0843     -31.5609     -22.8182
                 -7.0021      -1.9673     -26.7445     -19.8717     -21.3786
                -20.5594     -19.3401     -28.2072     -20.5734     -27.7216
                -24.6732     -25.1622     -15.1784     -19.9224     -12.5673
                -35.1482     -58.5823     -45.5970     -49.2877     -50.3152
                -49.7190     -50.6922     -30.1065     -38.5338     -24.1363
                -24.7039     -20.7535     -29.6681     -29.7236     -26.2544
                  1.5137       1.4533      15.2479      14.8871      17.6734
                 15.5323       7.5686      14.4446      23.5048      17.2578
   3      0     -24.5159     -25.6486     -22.3776      -9.6325      -9.9655
                -11.4143      -4.6939     -27.1178     -31.5961     -22.8417
                 -7.0372      -1.9850     -26.7711     -19.8943     -21.3971
                -20.5825     -19.3634     -28.2101     -20.6032     -27.7481
                -24.6952     -25.1871     -15.1966     -19.9438     -12.5935
                -35.1821     -58.6150     -45.6380     -49.3353     -50.3637
                -49.7580     -50.7278     -30.1408     -38.5688     -24.1628
                -24.7292     -20.7739     -29.6902     -29.7573     -26.2790
                  1.5082       1.4384      15.2410      14.8717      17.6653
                 15.5093       7.5597      14.4438      23.5033      17.2375
   4      0     -24.5185     -25.6551     -22.3878      -9.6340      -9.9788
                -11.4178      -4.7024     -27.1130     -31.6028     -22.8441
                 -7.0473      -1.9991     -26.7610     -19.9128     -21.4000
                -20.5780     -19.3690     -28.2338     -20.6005     -27.7384
                -24.7134     -25.1883     -15.2263     -19.9414     -12.5863
                -35.2037     -58.6163     -45.6300     -49.3170     -50.3563
                -49.7579     -50.6909     -30.1467     -38.5469     -24.1711
                -24.7461     -20.7922     -29.6902     -29.7682     -26.2838
                  1.5138       1.4381      15.2316      14.8567      17.6520
                 15.5068       7.5526      14.4541      23.4797      17.2147
   5      0     -24.5499     -25.6722     -22.4204      -9.6733     -10.0097
                -11.4581      -4.7414     -27.1834     -31.6383     -22.8825
                 -7.0981      -2.0138     -26.8006     -19.9319     -21.4437
                -20.5973     -19.4025     -28.2545     -20.6058     -27.7665
                -24.7437     -25.2185     -15.2372     -19.9864     -12.6084
                -35.2195     -58.6739     -45.6860     -49.3680     -50.4114
                -49.8179     -50.7559     -30.1700     -38.6125     -24.1892
                -24.7733     -20.8087     -29.7352     -29.8038     -26.3096
                  1.4902       1.4166      15.2077      14.8154      17.6310
                 15.4801       7.5263      14.4044      23.4506      17.1934
   5     60     -25.0663     -26.1876     -22.9358     -10.1913     -10.5290
                -11.9759      -5.2585     -27.7023     -32.1535     -23.3966
                 -7.6128      -2.5257     -27.3151     -20.4492     -21.9595
                -21.1139     -19.9176     -28.7692     -21.1242     -28.2822
                -25.2583     -25.7325     -15.7533     -20.5019     -13.1287
                -35.7348     -59.1874     -46.2056     -49.8851     -50.9305
                -50.3351     -51.2747     -30.6934     -39.1331     -24.7088
                -25.2897     -21.3253     -30.2498     -30.3161     -26.8252
                  0.9853       0.9111      14.7036      14.3112      17.1273
                 14.9765       7.0209      13.8999      22.9480      16.6901
   5     80     -28.8742     -29.9877     -26.7355     -13.9940     -14.3351
                -15.7773      -9.0511     -31.5092     -35.9487     -27.1863
                -11.4008      -6.2958     -31.1120     -24.2561     -25.7584
                -24.9161     -23.7132     -32.5701     -24.9355     -32.0864
                -29.0528     -29.5235     -19.5474     -24.2951     -16.9441
                -39.5340     -62.9904     -50.0275     -53.6955     -54.7533
                -54.1511     -55.0935     -34.5166     -42.9533     -28.5145
                -29.0953     -25.1272     -34.0546     -34.1092     -30.6276
                 -2.7686      -2.8442      10.9621      10.5705      13.3896
                 11.2316       3.2674      10.1559      19.2140      12.9541
   5    100     -37.6519     -38.7458     -35.4867     -22.7143     -23.0608
                -24.4966     -17.7443     -40.2777     -44.7173     -35.9125
                -20.1038     -14.9545     -39.8659     -33.0102     -34.5017
                -33.6601     -32.4520     -41.3426     -33.6923     -40.8529
                -37.7952     -38.2574     -28.2592     -33.0165     -25.6900
                -48.3216     -71.8987     -58.9201     -62.5725     -63.6557
                -63.0500     -63.9848     -43.3423     -51.8116     -37.2810
                -37.8586     -33.8698     -42.8492     -42.8937     -39.3900
                -11.3911     -11.4640       2.3817       1.9973       4.8295
                  2.6320      -5.3473       1.5766      10.6499       4.3937
 
 
 cumulative average & 95% error for solvation free energy
              total             1st component         2nd component         3rd component
  1   -55.8024             -124.7786               93.4926              -24.5159
  2   -56.7841     1.9634  -127.4438     5.3303    95.7425     4.4997   -25.0822     1.1328
  3   -56.0469     1.8599  -126.7230     3.3984    94.8574     3.1437   -24.1807     1.9181
  4   -55.2646     2.0438  -124.1142     5.7443    89.3938    11.1510   -20.5436     7.3994
  5   -56.1944     2.4421  -124.9455     4.7499    87.1796     9.7065   -18.4280     7.1242
  6   -56.9721     2.5289  -125.2112     3.9146    85.4988     8.6088   -17.2591     6.2691
  7   -57.7903     2.6918  -125.1843     3.3089    82.8586     8.9900   -15.4640     6.4001
  8   -58.4073     2.6377  -125.7885     3.1099    84.3025     8.3039   -16.9208     6.2617
  9   -58.2280     2.3537  -125.1863     2.9955    85.5101     7.7113   -18.5513     6.4134
 10   -58.4774     2.1635  -125.6257     2.8197    86.1292     7.0075   -18.9804     5.8001
 11   -58.5504     1.9624  -124.8928     2.9417    84.2376     7.3816   -17.8946     5.6780
 12   -58.6518     1.8028  -124.4826     2.8080    82.4001     7.6754   -16.5688     5.8222
 13   -58.3974     1.7346  -124.7590     2.6414    83.7157     7.5347   -17.3536     5.5809
 14   -58.3010     1.6175  -124.8144     2.4480    84.0491     7.0076   -17.5351     5.1796
 15   -58.4643     1.5408  -125.1563     2.3793    84.4851     6.5817   -17.7926     4.8494
 16   -58.2711     1.4922  -125.0867     2.2300    84.7830     6.1854   -17.9669     4.5496
 17   -58.1057     1.4402  -124.5984     2.3111    84.5423     5.8301   -18.0491     4.2767
 18   -57.6423     1.6440  -124.2375     2.2954    85.2093     5.6562   -18.6136     4.1872
 19   -57.7382     1.5668  -124.3038     2.1753    85.2844     5.3523   -18.7183     3.9663
 20   -57.6406     1.4992  -124.4997     2.1005    86.0294     5.2918   -19.1698     3.8695
 21   -57.6897     1.4294  -124.8646     2.1271    86.6083     5.1649   -19.4329     3.7181
 22   -57.6776     1.3631  -125.0643     2.0671    87.0817     5.0148   -19.6945     3.5835
 23   -57.4157     1.4038  -124.5550     2.2224    86.6388     4.8730   -19.4989     3.4464
 24   -57.4399     1.3449  -124.7217     2.1537    86.7998     4.6766   -19.5174     3.2999
 25   -57.4952     1.2947  -124.8080     2.0730    86.5538     4.5126   -19.2405     3.2132
 26   -57.5294     1.2458  -124.9769     2.0201    87.3017     4.5863   -19.8536     3.3218
 27   -58.0544     1.5937  -125.3121     2.0562    88.5474     5.0679   -21.2892     4.2966
 28   -58.5676     1.8471  -125.4148     1.9920    89.0066     4.9691   -22.1588     4.4908
 29   -58.9969     1.9784  -125.5132     1.9321    89.6128     4.9456   -23.0959     4.7211
 30   -59.4031     2.0768  -125.5816     1.8716    90.1838     4.9125   -24.0049     4.9100
 31   -59.8404     2.1908  -125.7446     1.8394    90.7403     4.8800   -24.8356     5.0312
 32   -60.1466     2.2079  -125.8862     1.8033    91.3848     4.8977   -25.6447     5.1332
 33   -60.2830     2.1572  -125.8832     1.7478    91.3817     4.7470   -25.7810     4.9827
 34   -60.3760     2.1011  -125.6534     1.7568    91.4350     4.6065   -26.1571     4.8921
 35   -60.2825     2.0487  -125.5297     1.7237    91.3478     4.4764   -26.1001     4.7516
 36   -60.2525     1.9919  -125.6514     1.6928    91.4615     4.3562   -26.0620     4.6184
 37   -60.1992     1.9402  -125.6859     1.6478    91.4063     4.2382   -25.9191     4.5009
 38   -60.0205     1.9220  -125.3911     1.7088    91.3895     4.1253   -26.0184     4.3853
 39   -59.8718     1.8955  -124.9453     1.8881    91.1883     4.0383   -26.1142     4.2757
 40   -59.7863     1.8555  -124.9497     1.8404    91.2822     3.9405   -26.1184     4.1675
 41   -59.4426     1.9358  -124.7691     1.8309    90.7716     3.9766   -25.4445     4.2821
 42   -59.2151     1.9432  -124.7674     1.7868    90.3573     3.9682   -24.8045     4.3706
 43   -59.0877     1.9145  -124.5241     1.8113    89.3101     4.4046   -23.8732     4.6565
 44   -58.9905     1.8805  -124.4503     1.7758    88.4528     4.6323   -22.9926     4.8784
 45   -58.9513     1.8399  -124.5016     1.7389    87.6399     4.8112   -22.0891     5.0997
 46   -58.7358     1.8504  -124.1973     1.8063    86.7338     5.0424   -21.2717     5.2486
 47   -58.4444     1.9021  -123.8865     1.8736    86.1009     5.0937   -20.6583     5.2803
 48   -58.3530     1.8710  -123.7521     1.8537    85.3266     5.2214   -19.9270     5.3720
 49   -58.3364     1.8327  -123.5561     1.8573    84.2609     5.5402   -19.0407     5.5518
 50   -58.1695     1.8264  -123.4510     1.8319    83.5971     5.5882   -18.3151     5.6299
 
 Mesh error is    0.365 kcal/mol
