 ERmod 0.3.7, Copyright (C) 2000-2019 Nobuyuki Matubayasi
                            2010-2019 Shun Sakuraba
 ERmod comes with ABSOLUTELY NO WARRANTY.
 This is free software, and you can redistribute it
 and/or modify it under certain conditions.
 See LICENSE file for details.
 ERmod 0.3.7, Copyright (C) 2000-2019 Nobuyuki Matubayasi
                            2010-2019 Shun Sakuraba
 ERmod comes with ABSOLUTELY NO WARRANTY.
 This is free software, and you can redistribute it
 and/or modify it under certain conditions.
 See LICENSE file for details.
 
  Number of the   1-th solvent  =          109
  Number of the   2-th solvent  =          109
  Number of the   3-th solvent  =        10000
 
  Be sure that the solvent distribution is homogeneous (radial distribution function is essentially unity) when the solvent molecule is separated beyond distance of   10.0 Angstrom in any direction from any atom within the solute molecule
 
  LJ long-range correction    =        -0.0231     -0.0044     -0.8950
 
  Self-energy of the solute   =        -0.0022  kcal/mol
 
 
 cumulative average & 95% error for solvation energy
              total             1st component         2nd component         3rd component
  1   -52.4765               -1.3893               -1.9639              -49.1211
  2   -52.9826     1.0122    -1.5535     0.3284    -5.4238     6.9197   -46.0031     6.2359
  3   -52.7797     0.7114    -1.8750     0.6704    -3.9567     4.9568   -46.9459     4.0641
  4   -52.6418     0.5737    -2.1008     0.6547    -2.8086     4.1901   -47.7302     3.2740
  5   -52.6239     0.4459    -2.5702     1.0670    -2.0918     3.5482   -47.9597     2.5773
  6   -52.5614     0.3849    -2.6779     0.8974    -1.5996     3.0597   -48.2817     2.2006
  7   -52.5648     0.3254    -2.6597     0.7593    -1.5710     2.5866   -48.3319     1.8626
  8   -52.5597     0.2820    -2.4022     0.8353    -1.8765     2.3219   -48.2788     1.6165
  9   -52.5498     0.2494    -2.5925     0.8291    -1.6680     2.0897   -48.2871     1.4258
 10   -52.5971     0.2424    -2.2842     0.9644    -2.0641     2.0300   -48.2467     1.2778
 
 
 group  inft  solvation free energy     error          difference
  total solvation free energy
   1      0         -8.77373           0.15169           0.02148
   1     60         -8.80677           0.15178          -0.01156
   1     80         -9.09000           0.15167          -0.29479
   1    100        -10.22661           0.15259          -1.43140
   2      0         -8.78473           0.16152           0.01048
   3      0         -8.79521           0.16239           0.00000
   4      0         -8.79272           0.16628           0.00249
   5      0         -8.79392           0.16796           0.00129
   5     60         -8.83632           0.16796          -0.04111
   5     80         -9.19133           0.16801          -0.39612
   5    100        -10.24449           0.16903          -1.44928
 
  contribution from  1-th solvent component
   1      0         -1.64961           0.41978          -0.06608
   1     60         -1.64993           0.41977          -0.06640
   1     80         -1.65281           0.41976          -0.06928
   1    100         -1.66375           0.41966          -0.08022
   2      0         -1.60271           0.41698          -0.01917
   3      0         -1.58353           0.41542           0.00000
   4      0         -1.57725           0.41444           0.00628
   5      0         -1.56933           0.41361           0.01420
   5     60         -1.56975           0.41360           0.01378
   5     80         -1.57314           0.41356           0.01039
   5    100         -1.58332           0.41348           0.00021
 
  contribution from  2-th solvent component
   1      0         -0.38648           0.97204           0.05511
   1     60         -0.38649           0.97204           0.05510
   1     80         -0.38221           0.97221           0.05938
   1    100         -0.37458           0.97275           0.06702
   2      0         -0.42202           0.97655           0.01957
   3      0         -0.44159           0.97681           0.00000
   4      0         -0.45419           0.97367          -0.01260
   5      0         -0.45745           0.97189          -0.01586
   5     60         -0.45730           0.97190          -0.01571
   5     80         -0.45351           0.97206          -0.01192
   5    100         -0.44697           0.97263          -0.00538
 
  contribution from  3-th solvent component
   1      0         -6.73547           0.77928           0.03245
   1     60         -6.76817           0.77938          -0.00025
   1     80         -7.05282           0.77917          -0.28490
   1    100         -8.18612           0.78153          -1.41820
   2      0         -6.75783           0.78112           0.01009
   3      0         -6.76792           0.78386           0.00000
   4      0         -6.75910           0.78169           0.00882
   5      0         -6.76497           0.78389           0.00295
   5     60         -6.80709           0.78381          -0.03917
   5     80         -7.16251           0.78381          -0.39459
   5    100         -8.21202           0.78607          -1.44410
 
 
 group  inft   Estimated free energy: total (kcal/mol)
   1      0      -8.9527      -8.4900      -8.6022      -8.3510      -8.7157
                 -9.0318      -8.8819      -8.9084      -8.7223      -9.0813
   1     60      -8.9858      -8.5224      -8.6355      -8.3841      -8.7486
                 -9.0649      -8.9148      -8.9417      -8.7552      -9.1148
   1     80      -9.2689      -8.8075      -8.9180      -8.6671      -9.0318
                 -9.3475      -9.1981      -9.2246      -9.0381      -9.3985
   1    100     -10.4081      -9.9358     -10.0570      -9.8047     -10.1670
                -10.4870     -10.3317     -10.3630     -10.1755     -10.5365
   2      0      -8.9905      -8.4853      -8.6250      -8.3204      -8.7280
                 -9.0273      -8.9052      -8.9270      -8.7182      -9.1203
   3      0      -8.9925      -8.4901      -8.6304      -8.3268      -8.7557
                 -9.0490      -8.9039      -8.9517      -8.7283      -9.1238
   4      0      -9.0083      -8.4733      -8.6114      -8.3116      -8.7754
                 -9.0423      -8.9105      -8.9666      -8.7225      -9.1053
   5      0      -9.0034      -8.4682      -8.6311      -8.3149      -8.7612
                 -9.0758      -8.9049      -8.9542      -8.7101      -9.1153
   5     60      -9.0457      -8.5109      -8.6736      -8.3571      -8.8036
                 -9.1179      -8.9472      -8.9966      -8.7524      -9.1580
   5     80      -9.4009      -8.8667      -9.0286      -8.7116      -9.1584
                 -9.4727      -9.3022      -9.3516      -9.1070      -9.5136
   5    100     -10.4565      -9.9119     -10.0836      -9.7650     -10.2114
                -10.5282     -10.3532     -10.4061     -10.1605     -10.5684
 
 group  inft   Estimated free energy: 1-th solvent contribution (kcal/mol)
   1      0      -1.3024      -1.4986      -1.6769      -1.7243      -2.5643
                 -2.1398      -1.8079      -0.7701      -2.4802      -0.5317
   1     60      -1.3027      -1.4989      -1.6772      -1.7246      -2.5646
                 -2.1401      -1.8081      -0.7705      -2.4805      -0.5320
   1     80      -1.3058      -1.5018      -1.6802      -1.7273      -2.5674
                 -2.1429      -1.8109      -0.7734      -2.4835      -0.5348
   1    100      -1.3175      -1.5129      -1.6915      -1.7378      -2.5780
                 -2.1535      -1.8215      -0.7847      -2.4944      -0.5456
   2      0      -1.2722      -1.4530      -1.6249      -1.6822      -2.5056
                 -2.1015      -1.7678      -0.7083      -2.4147      -0.4968
   3      0      -1.2508      -1.4362      -1.5954      -1.6701      -2.4814
                 -2.0882      -1.7501      -0.6978      -2.3877      -0.4776
   4      0      -1.2552      -1.4152      -1.5835      -1.6650      -2.4659
                 -2.0923      -1.7483      -0.7065      -2.3782      -0.4624
   5      0      -1.2509      -1.4208      -1.5825      -1.6595      -2.4467
                 -2.0937      -1.7300      -0.6971      -2.3634      -0.4488
   5     60      -1.2513      -1.4212      -1.5829      -1.6599      -2.4471
                 -2.0941      -1.7304      -0.6975      -2.3638      -0.4493
   5     80      -1.2549      -1.4247      -1.5863      -1.6633      -2.4504
                 -2.0973      -1.7337      -0.7010      -2.3670      -0.4526
   5    100      -1.2656      -1.4349      -1.5965      -1.6733      -2.4605
                 -2.1073      -1.7438      -0.7114      -2.3770      -0.4629
 
 group  inft   Estimated free energy: 2-th solvent contribution (kcal/mol)
   1      0      -0.3277      -3.5239       0.1530       1.2166       0.9236
                  0.8586      -0.1658      -1.4879       0.6138      -2.1251
   1     60      -0.3277      -3.5240       0.1531       1.2165       0.9236
                  0.8585      -0.1658      -1.4879       0.6138      -2.1251
   1     80      -0.3235      -3.5206       0.1577       1.2211       0.9279
                  0.8628      -0.1613      -1.4835       0.6182      -2.1209
   1    100      -0.3160      -3.5147       0.1642       1.2314       0.9361
                  0.8703      -0.1525      -1.4758       0.6257      -2.1144
   2      0      -0.3703      -3.5518       0.1028       1.2283       0.8707
                  0.8467      -0.2080      -1.5389       0.5786      -2.1783
   3      0      -0.3876      -3.5729       0.0758       1.2245       0.8322
                  0.8354      -0.2191      -1.5646       0.5526      -2.1922
   4      0      -0.4020      -3.5816       0.0731       1.2195       0.7798
                  0.8200      -0.2272      -1.5711       0.5423      -2.1947
   5      0      -0.3954      -3.5736       0.0660       1.2198       0.7816
                  0.8007      -0.2403      -1.5632       0.5394      -2.2095
   5     60      -0.3952      -3.5735       0.0661       1.2200       0.7818
                  0.8008      -0.2401      -1.5631       0.5396      -2.2094
   5     80      -0.3915      -3.5704       0.0697       1.2246       0.7855
                  0.8045      -0.2361      -1.5590       0.5434      -2.2058
   5    100      -0.3853      -3.5657       0.0752       1.2344       0.7922
                  0.8109      -0.2285      -1.5525       0.5499      -2.2002
 
 group  inft   Estimated free energy: 3-th solvent contribution (kcal/mol)
   1      0      -7.3205      -3.4652      -7.0762      -7.8411      -7.0728
                 -7.7483      -6.9061      -6.6482      -6.8537      -6.4224
   1     60      -7.3532      -3.4974      -7.1091      -7.8738      -7.1055
                 -7.7811      -6.9388      -6.6811      -6.8863      -6.4555
   1     80      -7.6374      -3.7829      -7.3934      -8.1587      -7.3901
                 -8.0652      -7.2237      -6.9656      -7.1706      -6.7406
   1    100      -8.7724      -4.9061      -8.5275      -9.2961      -8.5229
                 -9.2016      -8.3554      -8.1003      -8.3046      -7.8743
   2      0      -7.3459      -3.4783      -7.1007      -7.8644      -7.0909
                 -7.7703      -6.9272      -6.6776      -6.8799      -6.4430
   3      0      -7.3519      -3.4788      -7.1086      -7.8791      -7.1044
                 -7.7940      -6.9325      -6.6872      -6.8909      -6.4518
   4      0      -7.3488      -3.4743      -7.0989      -7.8640      -7.0872
                 -7.7678      -6.9327      -6.6868      -6.8844      -6.4461
   5      0      -7.3550      -3.4717      -7.1124      -7.8731      -7.0940
                 -7.7805      -6.9324      -6.6918      -6.8840      -6.4547
   5     60      -7.3970      -3.5141      -7.1546      -7.9151      -7.1361
                 -7.8225      -6.9745      -6.7339      -6.9260      -6.4971
   5     80      -7.7523      -3.8694      -7.5098      -8.2708      -7.4914
                 -8.1777      -7.3302      -7.0894      -7.2812      -6.8530
   5    100      -8.8035      -4.9091      -8.5601      -9.3240      -8.5409
                 -9.2296      -8.3787      -8.1401      -8.3312      -7.9031
 
 
 cumulative average & 95% error for solvation free energy
              total             1st component         2nd component         3rd component
  1    -8.9925               -1.2508               -0.3876               -7.3519
  2    -8.7413     0.5024    -1.3435     0.1854    -1.9803     3.1853    -5.4153     3.8731
  3    -8.7043     0.2993    -1.4274     0.1991    -1.2949     2.2937    -5.9798     2.5049
  4    -8.6099     0.2836    -1.4881     0.1859    -0.6651     2.0536    -6.4546     2.0098
  5    -8.6391     0.2273    -1.6868     0.4226    -0.3656     1.6997    -6.5846     1.5783
  6    -8.7074     0.2305    -1.7537     0.3701    -0.1654     1.4444    -6.7861     1.3503
  7    -8.7355     0.2027    -1.7532     0.3128    -0.1731     1.2209    -6.8070     1.1420
  8    -8.7625     0.1837    -1.6212     0.3781    -0.3470     1.1130    -6.7921     0.9894
  9    -8.7587     0.1622    -1.7064     0.3745    -0.2471     1.0018    -6.8030     0.8729
 10    -8.7952     0.1624    -1.5835     0.4154    -0.4416     0.9768    -6.7679     0.7839
