 ERmod 0.3.8, Copyright (C) 2000-2019 Nobuyuki Matubayasi
                            2010-2019 Shun Sakuraba
 ERmod comes with ABSOLUTELY NO WARRANTY.
 This is free software, and you can redistribute it
 and/or modify it under certain conditions.
 See LICENSE file for details.
 ERmod 0.3.8, Copyright (C) 2000-2019 Nobuyuki Matubayasi
                            2010-2019 Shun Sakuraba
 ERmod comes with ABSOLUTELY NO WARRANTY.
 This is free software, and you can redistribute it
 and/or modify it under certain conditions.
 See LICENSE file for details.
 
  Number of the   1-th solvent  =          368
  Number of the   2-th solvent  =          368
  Number of the   3-th solvent  =        10000
 
  Be sure that the solvent distribution is homogeneous (radial distribution function is essentially unity) when the solvent molecule is separated beyond distance of   10.0 Angstrom in any direction from any atom within the solute molecule
 
  LJ long-range correction    =        -0.6509     -0.1232     -7.4645
 
  Self-energy of the solute   =        -0.0356  kcal/mol
 
 
 cumulative average & 95% error for solvation energy
              total             1st component         2nd component         3rd component
  1  -508.1611              -90.6108              -73.2148             -344.2999
  2  -508.4262     0.5303   -92.5575     3.8935   -76.9123     7.3951  -338.9208    10.7583
  3  -506.5120     3.8406   -92.9185     2.3610   -62.3229    29.4895  -351.2351    25.3997
  4  -504.2493     5.2777   -94.4238     3.4426   -45.1407    40.1961  -364.6492    32.2852
  5  -503.4631     4.3801   -94.2549     2.6880   -39.2890    33.2627  -369.8836    27.1108
  6  -503.8931     3.6783   -94.0398     2.2365   -40.4666    27.2608  -369.3512    22.1615
  7  -504.2073     3.1716   -93.9316     1.9025   -44.5547    24.4474  -365.6854    20.1137
  8  -505.3768     3.6077   -93.7533     1.6858   -53.8540    28.1809  -357.7339    23.5865
  9  -506.1890     3.5724   -93.1687     1.8914   -62.9926    30.8502  -349.9922    25.9313
 10  -507.2620     3.8489   -92.7703     1.8699   -72.0795    33.0405  -342.3766    27.7477
 11  -507.9618     3.7524   -92.6052     1.7234   -77.1514    31.5608  -338.1697    26.4715
 12  -508.3625     3.5179   -92.5887     1.5735   -79.4434    29.1734  -336.2948    24.4543
 13  -508.7432     3.3244   -92.7897     1.5023   -81.1025    27.0399  -334.8154    22.6884
 14  -508.8683     3.0879   -92.3012     1.6997   -82.8465    25.2760  -333.6851    21.1267
 15  -508.9327     2.8776   -92.3141     1.5825   -83.9152    23.6275  -332.6677    19.7728
 16  -508.5431     2.8022   -92.1131     1.5339   -82.4453    22.2962  -333.9490    18.6725
 17  -508.9541     2.7576   -91.9872     1.4627   -85.7986    21.9912  -331.1328    18.4219
 18  -509.5406     2.8523   -91.5110     1.6760   -90.5215    22.7838  -327.4726    18.8480
 19  -509.9160     2.8005   -91.2790     1.6518   -94.0860    22.6998  -324.5154    18.7838
 20  -510.3539     2.7974   -91.4589     1.6078   -97.6515    22.6849  -321.2079    19.0081
 21  -510.8265     2.8238   -91.2279     1.5976  -101.2949    22.7748  -318.2682    19.0122
 22  -511.1629     2.7751   -91.3107     1.5322  -104.2165    22.4874  -315.6001    18.8966
 23  -511.5638     2.7703   -91.1885     1.4844  -107.2378    22.3209  -313.1019    18.7348
 24  -511.9003     2.7364   -91.0215     1.4599  -109.7767    21.9656  -311.0665    18.3933
 25  -511.8506     2.6266   -90.8631     1.4357  -110.3137    21.0960  -310.6382    17.6631
 26  -511.9868     2.5382   -90.9082     1.3823  -111.4711    20.4002  -309.5719    17.1036
 27  -512.2283     2.4897   -90.8181     1.3423  -113.3050    19.9698  -308.0696    16.7299
 28  -511.9261     2.4741   -90.9576     1.3232  -110.6619    19.9562  -310.2710    16.7118
 29  -511.8561     2.3913   -91.1060     1.3108  -109.9903    19.3026  -310.7242    16.1507
 30  -511.5937     2.3691   -91.2843     1.3156  -108.3779    18.9249  -311.8960    15.7781
 31  -511.5863     2.2915   -91.3719     1.2845  -108.2019    18.3076  -311.9769    15.2615
 32  -511.6672     2.2246   -91.2526     1.2663  -109.0006    17.7981  -311.3784    14.8252
 33  -511.8666     2.1927   -90.9832     1.3405  -111.0718    17.7407  -309.7760    14.7220
 34  -511.8224     2.1291   -90.7201     1.4028  -110.7858    17.2205  -310.2809    14.3181
 35  -512.0473     2.1157   -90.5690     1.3953  -112.6009    17.1108  -308.8418    14.1978
 36  -512.1542     2.0672   -90.6224     1.3602  -113.3357    16.6935  -308.1605    13.8649
 37  -512.1193     2.0117   -90.6142     1.3230  -113.0283    16.2477  -308.4412    13.4967
 38  -512.2274     1.9700   -90.5802     1.2896  -113.9646    15.9248  -307.6470    13.2324
 39  -512.2741     1.9211   -90.5460     1.2579  -114.5953    15.5623  -307.0973    12.9354
 40  -512.3651     1.8812   -90.3456     1.2899  -115.6595    15.3169  -306.3244    12.7023
 41  -512.5228     1.8617   -90.0363     1.4019  -117.0054    15.1792  -305.4455    12.5127
 42  -512.7031     1.8523   -89.8711     1.4074  -118.3338    15.0497  -304.4627    12.3683
 43  -512.8599     1.8357   -89.9109     1.3766  -119.4502    14.8642  -303.4633    12.2415
 44  -513.0370     1.8281   -89.8270     1.3554  -120.8560    14.7922  -302.3185    12.1773
 45  -513.1727     1.8075   -89.7432     1.3355  -122.0005    14.6398  -301.3934    12.0465
 46  -513.3621     1.8079   -89.7170     1.3072  -123.2581    14.5372  -300.3515    11.9646
 47  -513.4903     1.7875   -89.7244     1.2792  -124.2538    14.3633  -299.4765    11.8373
 48  -513.6191     1.7688   -89.7692     1.2554  -125.0849    14.1588  -298.7295    11.6840
 49  -513.5429     1.7390   -89.7101     1.2352  -124.6047    13.9000  -299.1926    11.4805
 50  -513.4913     1.7070   -89.8408     1.2381  -123.9120    13.6895  -299.7029    11.2947
 
 
 group  inft  solvation free energy     error          difference
  total solvation free energy
   1      0        -83.47842           1.23500           0.22160
   1     60        -83.78109           1.23499          -0.08107
   1     80        -86.63505           1.23522          -2.93503
   1    100        -96.12731           1.24290         -12.42729
   2      0        -83.59536           1.27571           0.10466
   3      0        -83.70002           1.28466           0.00000
   4      0        -83.70648           1.29085          -0.00646
   5      0        -84.19069           1.29004          -0.49067
   5     60        -84.61544           1.29002          -0.91542
   5     80        -88.16188           1.29085          -4.46186
   5    100        -96.88008           1.29914         -13.18006
 
  contribution from  1-th solvent component
   1      0        -72.08622           1.18741          -0.53279
   1     60        -72.09655           1.18736          -0.54311
   1     80        -72.20944           1.18728          -0.65601
   1    100        -72.58669           1.18794          -1.03326
   2      0        -71.67044           1.23161          -0.11701
   3      0        -71.55343           1.24689           0.00000
   4      0        -71.56218           1.25464          -0.00875
   5      0        -71.80063           1.25716          -0.24720
   5     60        -71.81638           1.25712          -0.26295
   5     80        -71.95819           1.25708          -0.40475
   5    100        -72.29974           1.25770          -0.74631
 
  contribution from  2-th solvent component
   1      0        -24.35259           6.56987           0.76901
   1     60        -24.33747           6.56987           0.78413
   1     80        -24.21800           6.56995           0.90360
   1    100        -24.01088           6.57038           1.11072
   2      0        -24.91497           6.57004           0.20663
   3      0        -25.12160           6.57371           0.00000
   4      0        -25.13845           6.58140          -0.01685
   5      0        -25.32517           6.57800          -0.20357
   5     60        -25.30969           6.57804          -0.18809
   5     80        -25.18988           6.57813          -0.06828
   5    100        -25.00163           6.57850           0.11997
 
  contribution from  3-th solvent component
   1      0         12.99598           6.07749          -0.01462
   1     60         12.68851           6.07828          -0.32209
   1     80          9.82798           6.08422          -3.18262
   1    100          0.50584           6.10983         -12.50475
   2      0         13.02563           6.07823           0.01504
   3      0         13.01060           6.07961           0.00000
   4      0         13.02973           6.07955           0.01914
   5      0         12.97069           6.07960          -0.03990
   5     60         12.54622           6.08070          -0.46438
   5     80          9.02177           6.08821          -3.98883
   5    100          0.45687           6.11229         -12.55372
 
 
 group  inft   Estimated free energy: total (kcal/mol)
   1      0     -85.0467     -87.4926     -87.9808     -94.8359     -93.1680
                -92.1148     -85.8604     -84.3765     -82.6782     -84.7222
                -81.4523     -82.1006     -81.5814     -79.4200     -75.6999
                -75.1786     -83.4031     -81.0818     -82.2080     -85.9921
                -86.0397     -81.5167     -88.8991     -83.0166     -77.2652
                -83.9324     -84.9582     -80.8825     -80.2546     -84.9026
                -83.4862     -81.8470     -84.2891     -75.4668     -83.2210
                -88.4963     -81.5388     -85.2298     -79.0357     -80.4828
                -76.6345     -84.9547     -86.4240     -89.8503     -83.0147
                -85.5923     -84.7233     -83.7814     -74.1528     -83.6381
   1     60     -85.3539     -87.7996     -88.2894     -95.1400     -93.4742
                -92.4223     -86.1680     -84.6803     -82.9800     -85.0219
                -81.7551     -82.4069     -81.8861     -79.7252     -76.0038
                -75.4865     -83.7065     -81.3812     -82.5071     -86.2909
                -86.3395     -81.8153     -89.1983     -83.3164     -77.5672
                -84.2339     -85.2577     -81.1926     -80.5597     -85.2099
                -83.7907     -82.1498     -84.5878     -75.7710     -83.5201
                -88.7986     -81.8433     -85.5313     -79.3373     -80.7840
                -76.9327     -85.2553     -86.7234     -90.1503     -83.3135
                -85.8919     -85.0215     -84.0794     -74.4581     -83.9454
   1     80     -88.2357     -90.6809     -91.1858     -98.0091     -96.3643
                -95.3091     -89.0597     -87.5440     -85.8346     -87.8570
                -84.6069     -85.2820     -84.7445     -82.5961     -78.8634
                -78.3875     -86.5689     -84.2128     -85.3357     -89.1163
                -89.1788     -84.6386     -92.0294     -86.1499     -80.4211
                -87.0758     -88.0872     -84.1049     -83.4280     -88.1060
                -86.6497     -84.9988     -87.4129     -78.6356     -86.3454
                -91.6464     -84.7048     -88.3799     -82.1862     -83.6286
                -79.7517     -88.0954     -89.5554     -92.9907     -86.1369
                -88.7215     -87.8411     -86.8944     -77.3301     -86.8331
   1    100     -97.8189    -100.2683    -100.8596    -107.7173    -106.0999
               -104.9806     -98.6813     -97.0546     -95.3108     -97.2753
                -94.0905     -94.8383     -94.2308     -92.1267     -88.3499
                -88.0142     -96.0687     -93.6209     -94.7418     -98.5096
                -98.6147     -94.0240    -101.4495     -95.5759     -89.8907
                -96.5177     -97.4926     -93.7884     -92.9524     -97.7362
                -96.1572     -94.4609     -96.8084     -88.1523     -95.7353
               -101.1159     -94.2092     -97.8462     -91.6434     -93.0792
                -89.1171     -97.5308     -98.9703    -102.4277     -95.5263
                -98.1255     -97.2150     -96.2553     -86.8586     -96.4305
   2      0     -85.4343     -87.9774     -88.3098     -95.1738     -93.5325
                -92.6457     -86.2150     -84.7426     -83.2100     -85.0628
                -81.9421     -82.2773     -81.7851     -79.2110     -75.4640
                -75.3082     -83.2122     -80.9394     -82.2168     -86.3295
                -85.8962     -81.3535     -89.0466     -83.0850     -77.0751
                -83.8354     -85.2526     -81.0430     -80.4375     -85.3096
                -83.5527     -81.9964     -84.2959     -75.2802     -83.2388
                -88.7309     -81.8233     -85.3881     -79.1793     -80.1073
                -76.4679     -85.1639     -86.8181     -90.1007     -82.8734
                -85.0959     -84.9974     -83.8675     -73.8020     -83.6639
   3      0     -85.6448     -88.1670     -88.4538     -95.1686     -93.8234
                -92.7630     -86.2920     -84.8993     -83.5991     -85.1974
                -82.2960     -82.4972     -81.9571     -79.2699     -75.4253
                -75.4394     -83.2036     -81.0726     -82.3113     -86.4690
                -85.8732     -81.4570     -89.1717     -83.0953     -76.9963
                -83.8250     -85.2821     -81.2214     -80.5930     -85.5612
                -83.7205     -82.1301     -84.4033     -75.2211     -83.3973
                -89.0246     -81.9090     -85.6260     -79.2847     -80.1521
                -76.4019     -85.1975     -86.8196     -90.0910     -83.0080
                -84.8653     -85.1966     -84.0603     -73.7479     -83.7182
   4      0     -85.6824     -88.1591     -88.6784     -95.1685     -93.7961
                -92.5614     -86.4393     -85.0499     -83.6325     -85.1533
                -82.1566     -82.3028     -81.8816     -79.2548     -75.3396
                -75.3475     -83.2467     -81.1007     -82.2271     -86.4690
                -85.8195     -81.4298     -89.2444     -83.0626     -77.0291
                -83.8635     -85.3327     -81.0828     -80.6232     -85.6123
                -83.9739     -82.0397     -84.2156     -75.1225     -83.3719
                -89.0266     -82.0241     -85.5893     -79.4470     -80.1428
                -76.4914     -85.2283     -87.0654     -90.1843     -82.8865
                -84.9801     -85.3507     -84.1320     -73.6197     -83.6853
   5      0     -86.1685     -88.8122     -89.1991     -95.5630     -94.4969
                -93.0310     -86.9028     -85.5906     -84.3070     -85.6886
                -82.7418     -82.7163     -82.3288     -79.7874     -75.6892
                -75.8201     -83.7781     -81.5547     -82.5709     -86.8579
                -86.1846     -81.8991     -89.7121     -83.4626     -77.4848
                -84.2255     -85.8170     -81.7768     -81.2207     -85.9331
                -84.3528     -82.5446     -84.7519     -75.6901     -83.9060
                -89.4835     -82.5523     -86.0113     -79.9859     -80.4700
                -76.9720     -85.6477     -87.3654     -90.7094     -83.2838
                -85.4902     -85.9510     -84.6184     -74.2761     -84.1509
   5     60     -86.5995     -89.2423     -89.6317     -95.9891     -94.9262
                -93.4619     -87.3339     -86.0174     -84.7310     -86.1098
                -83.1664     -83.1452     -82.7556     -80.2158     -76.1159
                -76.2525     -84.2037     -81.9749     -82.9913     -87.2772
                -86.6057     -82.3185     -90.1322     -83.8833     -77.9085
                -84.6490     -86.2373     -82.2123     -81.6494     -86.3643
                -84.7800     -82.9693     -85.1711     -76.1172     -84.3253
                -89.9076     -82.9800     -86.4347     -80.4089     -80.8925
                -77.3914     -86.0694     -87.7858     -91.1303     -83.7035
                -85.9104     -86.3699     -85.0368     -74.7047     -84.5815
   5     80     -90.1822     -92.8213     -93.2312     -99.5615     -98.5219
                -97.0532     -90.9272     -89.5764     -88.2802     -89.6337
                -86.7117     -86.7178     -86.3049     -83.7818     -79.6662
                -79.8568     -87.7585     -85.4937     -86.5076     -90.7870
                -90.1325     -85.8280     -93.6527     -87.4045     -81.4517
                -88.1803     -89.7528     -85.8293     -85.2125     -89.9626
                -88.3328     -86.5090     -88.6801     -79.6756     -87.8357
                -93.4481     -86.5359     -89.9750     -83.9491     -84.4263
                -80.8936     -89.5981     -91.3040     -94.6580     -87.2132
                -89.4244     -89.8766     -88.5345     -78.2719     -88.1701
   5    100     -98.9864    -101.6269    -102.1215    -108.4882    -107.4701
               -105.9471     -99.7699     -98.3171     -96.9913     -98.2874
                -95.4272     -95.4955     -95.0133     -92.5323     -88.3674
                -88.6968     -96.4801     -94.1357     -95.1460     -99.4099
                -98.7963     -94.4487    -102.3081     -96.0636     -90.1458
                -96.8482     -98.3893     -94.7201     -93.9596     -98.8118
                -97.0631     -95.1960     -97.3028     -88.4125     -96.4587
               -102.1468     -95.2659     -98.6698     -92.6384     -93.1059
                -89.4897     -98.2670     -99.9495    -103.3233     -95.8364
                -98.0542     -98.4901     -97.1261     -87.0175     -96.9894
 
 group  inft   Estimated free energy: 1-th solvent contribution (kcal/mol)
   1      0     -76.7880     -78.3734     -76.3091     -80.6538     -76.5844
                -75.9896     -75.9668     -73.9758     -72.8805     -72.3871
                -72.4368     -72.5679     -76.4910     -68.9854     -74.0388
                -71.3398     -71.4227     -64.7715     -70.4194     -77.0674
                -67.8801     -69.9519     -72.7758     -66.8470     -68.4079
                -73.4021     -72.1197     -76.0686     -75.1100     -78.7950
                -76.6000     -70.2057     -66.7775     -65.5533     -68.2699
                -76.3886     -73.4000     -72.0918     -69.1276     -64.5780
                -61.6350     -67.3063     -73.9266     -72.2011     -67.8703
                -68.1057     -73.0654     -74.0606     -66.9959     -75.3442
   1     60     -76.7979     -78.3834     -76.3194     -80.6635     -76.5946
                -75.9997     -75.9771     -73.9862     -72.8906     -72.3973
                -72.4473     -72.5783     -76.5014     -68.9959     -74.0493
                -71.3504     -71.4329     -64.7821     -70.4298     -77.0775
                -67.8906     -69.9623     -72.7859     -66.8575     -68.4185
                -73.4125     -72.1300     -76.0790     -75.1204     -78.8051
                -76.6101     -70.2162     -66.7880     -65.5641     -68.2804
                -76.3987     -73.4103     -72.1020     -69.1381     -64.5886
                -61.6455     -67.3169     -73.9370     -72.2111     -67.8808
                -68.1161     -73.0754     -74.0708     -67.0064     -75.3544
   1     80     -76.9090     -78.4949     -76.4339     -80.7745     -76.7088
                -76.1110     -76.0901     -74.1000     -73.0020     -72.5095
                -72.5613     -72.6914     -76.6147     -69.1096     -74.1639
                -71.4654     -71.5450     -64.8955     -70.5428     -77.1898
                -68.0034     -70.0744     -72.8968     -66.9699     -68.5330
                -73.5263     -72.2429     -76.1936     -75.2341     -78.9178
                -76.7216     -70.3302     -66.9015     -65.6789     -68.3933
                -76.5108     -73.5235     -72.2147     -69.2510     -64.7016
                -61.7585     -67.4308     -74.0501     -72.3228     -67.9935
                -68.2282     -73.1857     -74.1832     -67.1201     -75.4668
   1    100     -77.2865     -78.8740     -76.8178     -81.1534     -77.0958
                -76.4880     -76.4702     -74.4791     -73.3760     -72.8856
                -72.9410     -73.0696     -76.9942     -69.4855     -74.5470
                -71.8471     -71.9201     -65.2684     -70.9202     -77.5700
                -68.3782     -70.4466     -73.2695     -67.3403     -68.9115
                -73.9073     -72.6189     -76.5769     -75.6148     -79.2994
                -77.0986     -70.7090     -67.2789     -66.0559     -68.7672
                -76.8891     -73.9022     -72.5925     -69.6248     -65.0740
                -62.1292     -67.8067     -74.4295     -72.6992     -68.3668
                -68.6010     -73.5561     -74.5601     -67.4957     -75.8449
   2      0     -76.6106     -78.2220     -76.0573     -80.5288     -76.2726
                -75.7023     -75.6290     -73.7484     -72.6099     -72.1088
                -72.1042     -72.0621     -76.2432     -68.4585     -73.6940
                -71.0069     -70.7449     -64.1353     -69.8035     -76.8838
                -67.1945     -69.2176     -72.5003     -66.3662     -67.8475
                -72.9343     -71.8797     -75.8381     -74.7637     -78.6338
                -76.3494     -69.6459     -66.1713     -64.9357     -67.7345
                -76.1764     -73.0915     -71.6377     -68.5769     -63.7023
                -61.1008     -66.7856     -73.6178     -71.9220     -67.2373
                -67.3980     -72.7503     -73.7783     -66.2724     -74.8359
   3      0     -76.5830     -78.1848     -75.9390     -80.4793     -76.2299
                -75.6134     -75.5452     -73.6666     -72.5798     -72.0527
                -72.0746     -71.9045     -76.1882     -68.2875     -73.6185
                -70.9214     -70.5401     -64.0080     -69.6693     -76.7620
                -66.9760     -68.9991     -72.4450     -66.1352     -67.6468
                -72.7623     -71.7955     -75.8278     -74.6668     -78.6105
                -76.3214     -69.4813     -66.0109     -64.7614     -67.5715
                -76.1767     -73.0362     -71.5213     -68.3805     -63.5390
                -60.8784     -66.6194     -73.5311     -71.8083     -67.0088
                -67.1070     -72.7097     -73.7279     -66.0884     -74.6797
   4      0     -76.6567     -78.2343     -76.1073     -80.6565     -76.0965
                -75.6462     -75.6564     -73.7301     -72.5531     -72.0580
                -71.9238     -71.8078     -76.2699     -68.3408     -73.7148
                -70.8668     -70.5363     -63.9931     -69.5582     -76.8761
                -66.9441     -68.9651     -72.5132     -66.2456     -67.6772
                -72.7488     -71.7972     -75.7865     -74.7639     -78.6952
                -76.2897     -69.4180     -65.8689     -64.7047     -67.5819
                -76.2174     -72.9817     -71.4592     -68.4188     -63.4364
                -60.9643     -66.5883     -73.5672     -71.7817     -67.0991
                -67.1664     -72.6567     -73.7537     -66.0027     -74.7328
   5      0     -76.9324     -78.5844     -76.3356     -80.8033     -76.4653
                -75.8817     -75.8691     -74.0363     -72.8910     -72.3818
                -72.2117     -71.9098     -76.4547     -68.6097     -73.8372
                -71.1059     -70.8446     -64.1988     -69.6807     -77.0409
                -67.0745     -69.1201     -72.7363     -66.4090     -67.8771
                -72.9796     -72.0530     -76.1803     -75.0578     -78.7817
                -76.5172     -69.6703     -66.1870     -64.9704     -67.8319
                -76.5074     -73.3337     -71.6720     -68.6684     -63.5949
                -61.1116     -66.7781     -73.7783     -72.0959     -67.2327
                -67.4425     -73.0067     -73.9793     -66.4191     -74.8903
   5     60     -76.9478     -78.5999     -76.3515     -80.8186     -76.4810
                -75.8972     -75.8848     -74.0522     -72.9064     -72.3973
                -72.2276     -71.9256     -76.4705     -68.6256     -73.8531
                -71.1219     -70.8603     -64.2148     -69.6965     -77.0562
                -67.0903     -69.1359     -72.7519     -66.4249     -67.8931
                -72.9954     -72.0687     -76.1963     -75.0737     -78.7973
                -76.5327     -69.6862     -66.2027     -64.9866     -67.8478
                -76.5229     -73.3495     -71.6875     -68.6842     -63.6109
                -61.1277     -66.7941     -73.7939     -72.1113     -67.2485
                -67.4582     -73.0221     -73.9949     -66.4352     -74.9061
   5     80     -77.0884     -78.7409     -76.4947     -80.9586     -76.6240
                -76.0378     -76.0269     -74.1955     -73.0470     -72.5389
                -72.3704     -72.0672     -76.6128     -68.7678     -73.9970
                -71.2656     -71.0011     -64.3566     -69.8383     -77.1967
                -67.2315     -69.2770     -72.8928     -66.5661     -68.0361
                -73.1373     -72.2104     -76.3403     -75.2167     -78.9394
                -76.6735     -69.8281     -66.3436     -65.1303     -67.9900
                -76.6642     -73.4927     -71.8280     -68.8257     -63.7525
                -61.2699     -66.9369     -73.9348     -72.2512     -67.3904
                -67.5984     -73.1622     -74.1367     -66.5784     -75.0479
   5    100     -77.4322     -79.0851     -76.8397     -81.3013     -76.9714
                -76.3799     -76.3703     -74.5395     -73.3868     -72.8807
                -72.7138     -72.4085     -76.9565     -69.1072     -74.3436
                -71.6096     -71.3404     -64.6941     -70.1802     -77.5394
                -67.5698     -69.6152     -73.2345     -66.9026     -68.3773
                -73.4802     -72.5515     -76.6872     -75.5614     -79.2859
                -77.0165     -70.1686     -66.6817     -65.4710     -68.3303
                -77.0075     -73.8382     -72.1672     -69.1637     -64.0897
                -61.6073     -67.2779     -74.2756     -72.5909     -67.7301
                -67.9340     -73.5016     -74.4798     -66.9189     -75.3907
 
 group  inft   Estimated free energy: 2-th solvent contribution (kcal/mol)
   1      0       0.0278      -5.0810      17.8002      38.4823      26.2086
                 10.5906      -0.8723     -22.8363     -30.3724     -39.0913
                -25.5578     -16.2766     -11.8589     -15.6735      -7.8810
                  7.3023     -33.2398     -46.7916     -39.1027     -42.6128
                -51.2560     -44.7443     -49.4713     -46.4792     -23.3947
                -32.7598     -41.6170      17.2601      -6.8486       3.8137
                -12.4531     -29.1435     -50.9642     -10.8635     -47.9608
                -33.3547     -12.2707     -37.4171     -31.0911     -41.9289
                -43.3630     -48.9540     -44.5928     -53.7472     -47.4482
                -53.0135     -44.5047     -40.5835     -11.4979     -10.1439
   1     60       0.0433      -5.0666      17.8146      38.4967      26.2227
                 10.6048      -0.8586     -22.8217     -30.3579     -39.0762
                -25.5429     -16.2621     -11.8435     -15.6581      -7.8637
                  7.3179     -33.2253     -46.7768     -39.0867     -42.5973
                -51.2416     -44.7290     -49.4566     -46.4648     -23.3802
                -32.7441     -41.6017      17.2763      -6.8327       3.8279
                -12.4371     -29.1276     -50.9491     -10.8469     -47.9459
                -33.3398     -12.2544     -37.4022     -31.0764     -41.9144
                -43.3463     -48.9397     -44.5778     -53.7333     -47.4329
                -52.9989     -44.4890     -40.5670     -11.4816     -10.1296
   1     80       0.1649      -4.9540      17.9294      38.6177      26.3328
                 10.7137      -0.7535     -22.7080     -30.2437     -38.9559
                -25.4252     -16.1500     -11.7186     -15.5368      -7.7244
                  7.4412     -33.1142     -46.6592     -38.9586     -42.4745
                -51.1309     -44.6097     -49.3440     -46.3527     -23.2640
                -32.6191     -41.4798      17.4043      -6.7043       3.9388
                -12.3081     -29.0007     -50.8291     -10.7128     -47.8272
                -33.2236     -12.1245     -37.2865     -30.9603     -41.8012
                -43.2098     -48.8283     -44.4585     -53.6266     -47.3102
                -52.8858     -44.3620     -40.4316     -11.3515     -10.0235
   1    100       0.3772      -4.7711      18.1217      38.8373      26.5101
                 10.8839      -0.5935     -22.5172     -30.0543     -38.7478
                -25.2237     -15.9698     -11.4903     -15.3240      -7.4518
                  7.6627     -32.9354     -46.4548     -38.7258     -42.2555
                -50.9548     -44.4049     -49.1618     -46.1679     -23.0607
                -32.3980     -41.2687      17.6388      -6.4675       4.1196
                -12.0705     -28.7742     -50.6228     -10.4552     -47.6188
                -33.0262     -11.8872     -37.0936     -30.7613     -41.6141
                -42.9467     -48.6454     -44.2517     -53.4620     -47.0936
                -52.6983     -44.1318     -40.1731     -11.1082      -9.8616
   2      0      -0.5879      -5.7570      17.1984      38.0336      25.5164
                  9.7474      -1.5876     -23.4653     -31.1932     -39.7316
                -26.4042     -17.0119     -12.3412     -16.0493      -8.0141
                  6.8117     -33.7730     -47.2972     -39.7531     -43.1559
                -51.8373     -45.3318     -49.9379     -47.0721     -23.8046
                -33.1647     -42.1766      16.8410      -7.4112       3.2081
                -12.8218     -29.8850     -51.6203     -11.3128     -48.5499
                -33.8411     -12.8960     -38.0635     -31.7797     -42.4476
                -43.7449     -49.7059     -45.3191     -54.3024     -47.9787
                -53.2560     -45.1241     -40.9824     -11.9131     -10.7021
   3      0      -0.8071      -5.9540      16.9663      38.0266      25.2153
                  9.5839      -1.7398     -23.6745     -31.6020     -39.9073
                -26.7744     -17.3703     -12.5430     -16.2650      -8.0360
                  6.5865     -33.9550     -47.5514     -39.9720     -43.4029
                -52.0174     -45.6366     -50.1089     -47.2986     -23.9154
                -33.3122     -42.2893      16.6719      -7.6467       2.9485
                -12.9988     -30.1711     -51.8566     -11.4341     -48.8530
                -34.1217     -13.0176     -38.4007     -32.0809     -42.6478
                -43.8858     -49.8913     -45.3915     -54.3977     -48.3373
                -53.3056     -45.3574     -41.2239     -12.0318     -10.8948
   4      0      -0.7819      -5.9068      16.9023      38.1987      25.0885
                  9.7867      -1.7716     -23.8175     -31.6791     -39.8800
                -26.8315     -17.3200     -12.4218     -16.1977      -7.8652
                  6.5787     -33.9938     -47.6102     -40.0314     -43.3127
                -51.9930     -45.6766     -50.1170     -47.1388     -23.9728
                -33.3637     -42.3596      16.7213      -7.5786       2.9927
                -13.2997     -30.1932     -51.8567     -11.4022     -48.8246
                -34.0968     -13.2122     -38.4457     -32.2251     -42.7614
                -43.9222     -49.9788     -45.6209     -54.5346     -48.1047
                -53.3614     -45.5823     -41.3121     -12.0152     -10.8202
   5      0      -0.9473      -6.1673      16.6703      38.0046      24.8309
                  9.5958      -1.9649     -23.9620     -31.9383     -40.0296
                -27.0604     -17.5813     -12.6133     -16.4076      -8.0320
                  6.4160     -34.1876     -47.8111     -40.1883     -43.4659
                -52.2021     -45.9127     -50.3290     -47.3432     -24.1108
                -33.4574     -42.5284      16.4816      -7.8120       2.7810
                -13.4000     -30.3662     -52.0120     -11.6669     -49.0717
                -34.2025     -13.3173     -38.5853     -32.4339     -42.8883
                -44.1991     -50.1491     -45.6629     -54.6670     -48.3320
                -53.5339     -45.7589     -41.5012     -12.1869     -11.0510
   5     60      -0.9315      -6.1523      16.6854      38.0199      24.8455
                  9.6105      -1.9509     -23.9472     -31.9236     -40.0143
                -27.0451     -17.5665     -12.5972     -16.3919      -8.0140
                  6.4318     -34.1730     -47.7960     -40.1720     -43.4500
                -52.1877     -45.8973     -50.3143     -47.3286     -24.0960
                -33.4415     -42.5126      16.4983      -7.7954       2.7955
                -13.3834     -30.3500     -51.9967     -11.6497     -49.0564
                -34.1874     -13.3004     -38.5704     -32.4188     -42.8736
                -44.1819     -50.1346     -45.6475     -54.6529     -48.3165
                -53.5191     -45.7428     -41.4841     -12.1702     -11.0366
   5     80      -0.8107      -6.0407      16.7992      38.1426      24.9528
                  9.7163      -1.8493     -23.8345     -31.8119     -39.8943
                -26.9296     -17.4566     -12.4694     -16.2694      -7.8674
                  6.5559     -34.0629     -47.6779     -40.0428     -43.3252
                -52.0789     -45.7782     -50.2028     -47.2175     -23.9787
                -33.3163     -42.3893      16.6289      -7.6644       2.9045
                -13.2515     -30.2228     -51.8769     -11.5102     -48.9365
                -34.0720     -13.1685     -38.4567     -32.3029     -42.7611
                -44.0394     -50.0244     -45.5283     -54.5479     -48.1929
                -53.4051     -45.6153     -41.3438     -12.0360     -10.9331
   5    100      -0.6207      -5.8756      16.9721      38.3445      25.1099
                  9.8670      -1.7089     -23.6645     -31.6450     -39.7064
                -26.7530     -17.2968     -12.2604     -16.0750      -7.6085
                  6.7572     -33.9003     -47.4924     -39.8306     -43.1247
                -51.9206     -45.5919     -50.0375     -47.0506     -23.7930
                -33.1145     -42.1950      16.8447      -7.4465       3.0650
                -13.0321     -30.0166     -51.6895     -11.2701     -48.7449
                -33.8957     -12.9505     -38.2855     -32.1254     -42.5926
                -43.7915     -49.8609     -45.3419     -54.3985     -47.9952
                -53.2307     -45.4066     -41.1024     -11.8100     -10.7890
 
 group  inft   Estimated free energy: 3-th solvent contribution (kcal/mol)
   1      0      -8.2510      -4.0026     -29.4364     -52.6289     -42.7566
                -26.6802      -8.9857      12.4712      20.6104      26.7919
                 16.5780       6.7795       6.8041       5.2744       6.2555
                -11.1055      21.2950      30.5169      27.3497      33.7236
                 33.1320      33.2151      33.3837      30.3451      14.5729
                 22.2651      28.8142     -22.0385       1.7397      -9.8857
                  5.6025      17.5378      33.4882       0.9856      33.0453
                 21.2826       4.1675      24.3146      21.2187      26.0597
                 28.3991      31.3412      32.1310      36.1336      32.3394
                 35.5624      32.8824      30.8983       4.3765       1.8855
   1     60      -8.5637      -4.3140     -29.7490     -52.9375     -43.0666
                -26.9918      -9.2967      12.1631      20.3040      26.4871
                 16.2707       6.4690       6.4943       4.9644       5.9448
                -11.4184      20.9872      30.2133      27.0449      33.4195
                 32.8282      32.9116      33.0798      30.0415      14.2670
                 21.9583      28.5096     -22.3543       1.4290     -10.1971
                  5.2921      17.2297      33.1848       0.6755      32.7418
                 20.9755       3.8570      24.0086      20.9128      25.7546
                 28.0947      31.0369      31.8268      35.8298      32.0357
                 35.2586      32.5785      30.5940       4.0655       1.5742
   1     80     -11.4560      -7.1964     -32.6457     -55.8167     -45.9527
                -29.8763     -12.1806       9.2996      17.4467      23.6440
                 13.4152       3.5949       3.6244       2.0858       3.0605
                -14.3277      18.1258      27.3774      24.2013      30.5835
                 29.9912      30.0811      30.2471      27.2083      11.4115
                 19.1051      25.6711     -25.2801      -1.4540     -13.0914
                  2.4156      14.3677      30.3532      -2.2083      29.9108
                 18.1236       0.9788      21.1570      18.0608      22.9098
                 25.2522      28.1993      28.9889      32.9943      29.2023
                 32.4281      29.7423      27.7561       1.1770      -1.3072
   1    100     -20.8740     -16.5877     -42.1279     -65.3657     -55.4787
                -39.3409     -21.5820      -0.0228       8.1550      14.3937
                  4.1098      -5.7633      -5.7107      -7.2816      -6.3156
                -23.7942       8.8224      18.1379      14.9398      21.3514
                 20.7539      20.8631      21.0173      17.9679       2.1171
                  9.8232      16.4306     -34.8147     -10.8345     -22.5207
                 -6.9526       5.0579      21.1288     -11.6056      20.6863
                  8.8349      -8.3843      11.8755       8.7782      13.6446
                 15.9943      18.9570      19.7465      23.7690      19.9697
                 23.2094      20.5084      18.5134      -8.2191     -10.6884
   2      0      -8.2002      -3.9629     -29.4153     -52.6431     -42.7407
                -26.6553      -8.9628      12.5068      20.6286      26.8131
                 16.6019       6.8322       6.8348       5.3324       6.2796
                -11.0774      21.3413      30.5286      27.3754      33.7459
                 33.1712      33.2315      33.4272      30.3889      14.6126
                 22.2992      28.8393     -22.0103       1.7729      -9.8483
                  5.6540      17.5701      33.5314       1.0039      33.0812
                 21.3221       4.1999      24.3487      21.2129      26.0781
                 28.4133      31.3633      32.1544      36.1593      32.3783
                 35.5937      32.9126      30.9288       4.4191       1.9098
   3      0      -8.2191      -3.9926     -29.4454     -52.6803     -42.7732
                -26.6979      -8.9715      12.4774      20.6183      26.7981
                 16.5886       6.8132       6.8096       5.3181       6.2647
                -11.0690      21.3272      30.5223      27.3656      33.7315
                 33.1558      33.2143      33.4178      30.3741      14.6014
                 22.2851      28.8382     -22.0300       1.7561      -9.8636
                  5.6353      17.5579      33.4998       1.0101      33.0628
                 21.3095       4.1803      24.3316      21.2123      26.0702
                 28.3979      31.3488      32.1385      36.1505      32.3737
                 35.5829      32.9061      30.9271       4.4078       1.8918
   4      0      -8.2082      -3.9823     -29.4379     -52.6752     -42.7525
                -26.6663      -8.9757      12.5334      20.6353      26.8202
                 16.6343       6.8606       6.8456       5.3193       6.2760
                -11.0238      21.3189      30.5381      27.3981      33.7555
                 33.1532      33.2474      33.4215      30.3574      14.6565
                 22.2847      28.8597     -21.9820       1.7549      -9.8743
                  5.6512      17.6071      33.5456       1.0199      33.0703
                 21.3231       4.2054      24.3512      21.2325      26.0906
                 28.4307      31.3744      32.1583      36.1677      32.3529
                 35.5832      32.9238      30.9693       4.4338       1.9033
   5      0      -8.2532      -4.0249     -29.4982     -52.7288     -42.8270
                -26.7096      -9.0332      12.4433      20.5578      26.7584
                 16.5660       6.8104       6.7748       5.2655       6.2155
                -11.0946      21.2897      30.4908      27.3337      33.6845
                 33.1276      33.1693      33.3888      30.3251      14.5387
                 22.2471      28.7999     -22.0425       1.6847      -9.8968
                  5.6000      17.5275      33.4827       0.9828      33.0332
                 21.2620       4.1343      24.2815      21.1519      26.0488
                 28.3743      31.3150      32.1113      36.0892      32.3164
                 35.5217      32.8502      30.8977       4.3655       1.8260
   5     60      -8.6846      -4.4545     -29.9301     -53.1548     -43.2551
                -27.1395      -9.4627      12.0176      20.1346      26.3374
                 16.1419       6.3824       6.3476       4.8374       5.7868
                -11.5268      20.8651      30.0714      26.9128      33.2647
                 32.7079      32.7502      32.9695      29.9057      14.1162
                 21.8235      28.3795     -22.4787       1.2553     -10.3270
                  5.1716      17.1025      33.0639       0.5547      32.6145
                 20.8383       3.7056      23.8587      20.7297      25.6276
                 27.9538      30.8949      31.6912      35.6694      31.8972
                 35.1024      32.4306      30.4778       3.9362       1.3967
   5     80     -12.2475      -8.0041     -33.5001     -56.7099     -46.8150
                -30.6961     -13.0155       8.4892      16.6142      22.8351
                 12.6240       2.8416       2.8129       1.2910       2.2338
                -15.1116      17.3411      26.5764      23.4090      29.7706
                 29.2135      29.2628      29.4785      26.4147      10.5987
                 18.3090      24.8824     -26.0823      -2.2958     -13.8921
                  1.6278      13.5774      29.5760      -2.9995      29.1263
                 17.3237       0.1608      20.3453      17.2151      22.1228
                 24.4512      27.3987      28.1948      32.1767      28.4057
                 31.6147      28.9364      26.9816       0.3782      -2.1536
   5    100     -20.8980     -16.6307     -42.2183     -65.4959     -55.5730
                -39.3986     -21.6551      -0.0775       8.0761      14.3353
                  4.0753      -5.7546      -5.7608      -7.3145      -6.3797
                -23.8089       8.7961      18.0864      14.9004      21.2899
                 20.7296      20.7939      20.9995      17.9252       2.0601
                  9.7820      16.3929     -34.8419     -10.9162     -22.5553
                 -6.9789       5.0247      21.1040     -11.6358      20.6521
                  8.7920      -8.4416      11.8185       8.6863      13.6121
                 15.9447      18.9074      19.7036      23.7017      19.9244
                 23.1461      20.4538      18.4916      -8.2529     -10.7741
 
 
 cumulative average & 95% error for solvation free energy
              total             1st component         2nd component         3rd component
  1   -85.6448              -76.5830               -0.8071               -8.2191
  2   -86.9059     2.5222   -77.3839     1.6018    -3.3806     5.1469    -6.1059     4.2265
  3   -87.4219     1.7848   -76.9023     1.3353     3.4017    13.8862   -13.8857    15.7499
  4   -89.3585     4.0738   -77.7965     2.0225    12.0579    19.9031   -23.5844    22.3670
  5   -90.2515     3.6259   -77.4832     1.6873    14.6894    16.2905   -27.4221    18.9495
  6   -90.6701     3.0766   -77.1716     1.5121    13.8385    13.4095   -27.3014    15.4741
  7   -90.0447     2.8854   -76.9392     1.3598    11.6130    12.1758   -24.6829    14.0876
  8   -89.4015     2.8105   -76.5302     1.4339     7.2021    13.7482   -20.0378    15.3347
  9   -88.7568     2.7940   -76.0912     1.5394     2.8905    14.8785   -15.5205    16.2641
 10   -88.4008     2.5984   -75.6874     1.5963    -1.3893    15.8228   -11.2886    16.8301
 11   -87.8459     2.5993   -75.3589     1.5863    -3.6970    15.0381    -8.7543    16.0450
 12   -87.4001     2.5347   -75.0711     1.5584    -4.8364    13.9157    -7.4570    14.8750
 13   -86.9814     2.4774   -75.1570     1.4438    -5.4292    12.8554    -6.3596    13.8580
 14   -86.4306     2.5445   -74.6663     1.6582    -6.2032    12.0020    -5.5255    12.9380
 15   -85.6969     2.7865   -74.5965     1.5500    -6.3254    11.1759    -4.7395    12.1468
 16   -85.0558     2.9048   -74.3668     1.5210    -5.5184    10.5780    -5.1351    11.3898
 17   -84.9469     2.7373   -74.1417     1.4979    -7.1912    10.4844    -3.5785    11.1426
 18   -84.7316     2.6164   -73.5787     1.8062    -9.4334    10.8544    -1.6840    11.1677
 19   -84.6043     2.4879   -73.3729     1.7573   -11.0407    10.7587    -0.1550    10.9973
 20   -84.6975     2.3676   -73.5424     1.7013   -12.6588    10.7074     1.5393    10.9695
 21   -84.7535     2.2548   -73.2297     1.7349   -14.5330    10.8527     3.0448    10.8598
 22   -84.6036     2.1707   -73.0374     1.6982   -15.9468    10.7270     4.4162    10.7115
 23   -84.8022     2.1118   -73.0116     1.6236   -17.4321    10.6718     5.6771    10.5413
 24   -84.7311     2.0269   -72.7251     1.6567   -18.6766    10.5162     6.7061    10.3003
 25   -84.4217     2.0403   -72.5220     1.6402   -18.8861    10.0955     7.0220     9.8998
 26   -84.3988     1.9608   -72.5312     1.5759   -19.4410     9.7627     7.6090     9.5836
 27   -84.4315     1.8879   -72.5040     1.5174   -20.2872     9.5454     8.3953     9.3550
 28   -84.3169     1.8336   -72.6227     1.4814   -18.9672     9.5695     7.3087     9.2729
 29   -84.1884     1.7878   -72.6932     1.4363   -18.5769     9.2666     7.1172     8.9557
 30   -84.2342     1.7296   -72.8904     1.4426   -17.8594     9.0667     6.5512     8.7257
 31   -84.2176     1.6732   -73.0011     1.4127   -17.7026     8.7749     6.5216     8.4398
 32   -84.1524     1.6253   -72.8911     1.3854   -18.0922     8.5320     6.8665     8.2008
 33   -84.1600     1.5754   -72.6826     1.4061   -19.1154     8.5188     7.6736     8.1107
 34   -83.8971     1.6162   -72.4496     1.4415   -18.8895     8.2768     7.4776     7.8783
 35   -83.8828     1.5696   -72.3103     1.4272   -19.7456     8.2172     8.2086     7.7883
 36   -84.0256     1.5519   -72.4177     1.4035   -20.1449     8.0255     8.5725     7.6038
 37   -83.9684     1.5137   -72.4344     1.3654   -19.9523     7.8151     8.4538     7.3993
 38   -84.0121     1.4760   -72.4104     1.3299   -20.4377     7.6684     8.8716     7.2502
 39   -83.8908     1.4579   -72.3070     1.3117   -20.7363     7.4930     9.1881     7.0902
 40   -83.7974     1.4332   -72.0878     1.3516   -21.2841     7.3850     9.6101     6.9620
 41   -83.6170     1.4436   -71.8144     1.4271   -21.8353     7.2865    10.0684     6.8517
 42   -83.6546     1.4109   -71.6907     1.4145   -22.5033     7.2353    10.5750     6.7629
 43   -83.7282     1.3855   -71.7335     1.3839   -23.0356     7.1448    11.0765     6.6795
 44   -83.8728     1.3842   -71.7352     1.3521   -23.7484     7.1246    11.6464     6.6247
 45   -83.8536     1.3536   -71.6302     1.3383   -24.2948     7.0497    12.1070     6.5410
 46   -83.8756     1.3246   -71.5319     1.3235   -24.9255     7.0092    12.6173     6.4781
 47   -83.9037     1.2973   -71.5569     1.2960   -25.3602     6.9133    13.0490     6.3973
 48   -83.9070     1.2700   -71.6022     1.2720   -25.6907     6.8000    13.4215     6.3068
 49   -83.6996     1.3111   -71.4896     1.2659   -25.4119     6.6830    13.2375     6.1877
 50   -83.7000     1.2847   -71.5534     1.2469   -25.1216     6.5737    13.0106     6.0796
 
 Mesh error is    0.491 kcal/mol
