 ERmod 0.3.7, Copyright (C) 2000-2019 Nobuyuki Matubayasi
                            2010-2019 Shun Sakuraba
 ERmod comes with ABSOLUTELY NO WARRANTY.
 This is free software, and you can redistribute it
 and/or modify it under certain conditions.
 See LICENSE file for details.
 ERmod 0.3.7, Copyright (C) 2000-2019 Nobuyuki Matubayasi
                            2010-2019 Shun Sakuraba
 ERmod comes with ABSOLUTELY NO WARRANTY.
 This is free software, and you can redistribute it
 and/or modify it under certain conditions.
 See LICENSE file for details.
 
  Number of the   1-th solvent  =          109
  Number of the   2-th solvent  =          109
  Number of the   3-th solvent  =        10000
 
  Be sure that the solvent distribution is homogeneous (radial distribution function is essentially unity) when the solvent molecule is separated beyond distance of   10.0 Angstrom in any direction from any atom within the solute molecule
 
  LJ long-range correction    =        -0.1706     -0.0156     -3.1963
 
  Self-energy of the solute   =         0.0024  kcal/mol
 
 
 cumulative average & 95% error for solvation energy
              total             1st component         2nd component         3rd component
  1  -227.2848              -19.8135              -16.8245             -190.6493
  2  -225.7821     3.0055   -19.2096     1.2079    -5.7761    22.0967  -200.7988    20.2992
  3  -226.1206     1.8626   -20.0956     1.9044    -8.4990    13.8712  -197.5284    13.4214
  4  -226.4465     1.4695   -19.5375     1.7490    -9.8506    10.1741  -197.0608     9.5363
  5  -226.2104     1.2324   -19.3647     1.3982    -7.8106     8.8743  -199.0375     8.3782
  6  -226.5776     1.2458   -18.8795     1.4983   -12.6418    12.0774  -195.0587    10.4937
  7  -226.9675     1.3101   -18.9545     1.2751   -15.7644    11.9661  -192.2511    10.4970
  8  -226.9458     1.1354   -18.8406     1.1275   -15.3275    10.3998  -192.7802     9.1521
  9  -227.1691     1.0964   -18.7924     0.9990   -17.7380    10.3617  -190.6411     9.1351
 10  -226.8293     1.1931   -18.8865     0.9132   -15.0818    10.6824  -192.8633     9.3013
 
 
 group  inft  solvation free energy     error          difference
  total solvation free energy
   1      0        -50.07296           1.42403           0.22964
   1     60        -50.23422           1.42476           0.06839
   1     80        -51.33099           1.42440          -1.02839
   1    100        -55.13601           1.44676          -4.83340
   2      0        -50.21612           1.44949           0.08648
   3      0        -50.30261           1.46957           0.00000
   4      0        -50.32781           1.46880          -0.02520
   5      0        -50.40330           1.46689          -0.10069
   5     60        -50.59880           1.46727          -0.29619
   5     80        -51.96282           1.46967          -1.66022
   5    100        -55.47425           1.48959          -5.17164
 
  contribution from  1-th solvent component
   1      0        -14.35273           0.44577          -0.17927
   1     60        -14.35491           0.44578          -0.18144
   1     80        -14.36337           0.44547          -0.18990
   1    100        -14.41114           0.44520          -0.23767
   2      0        -14.18970           0.46562          -0.01624
   3      0        -14.17346           0.47455           0.00000
   4      0        -14.11625           0.47635           0.05721
   5      0        -14.14437           0.48218           0.02909
   5     60        -14.14654           0.48217           0.02693
   5     80        -14.16315           0.48200           0.01032
   5    100        -14.21077           0.48200          -0.03730
 
  contribution from  2-th solvent component
   1      0         -2.93289           5.15211           0.30407
   1     60         -2.93451           5.15196           0.30246
   1     80         -2.92363           5.15193           0.31334
   1    100         -2.89764           5.15159           0.33933
   2      0         -3.16112           5.14188           0.07585
   3      0         -3.23697           5.12896           0.00000
   4      0         -3.32938           5.12258          -0.09241
   5      0         -3.35391           5.12518          -0.11694
   5     60         -3.35153           5.12515          -0.11456
   5     80         -3.33996           5.12498          -0.10299
   5    100         -3.32114           5.12426          -0.08418
 
  contribution from  3-th solvent component
   1      0        -32.78977           6.39624           0.10484
   1     60        -32.94723           6.39678          -0.05262
   1     80        -34.04644           6.39629          -1.15183
   1    100        -37.82966           6.41756          -4.93505
   2      0        -32.86774           6.40405           0.02687
   3      0        -32.89461           6.40668           0.00000
   4      0        -32.88461           6.40565           0.01000
   5      0        -32.90745           6.40585          -0.01284
   5     60        -33.10317           6.40612          -0.20856
   5     80        -34.46215           6.40795          -1.56754
   5    100        -37.94477           6.42656          -5.05016
 
 
 group  inft   Estimated free energy: total (kcal/mol)
   1      0     -50.8190     -52.3091     -49.2050     -50.8767     -52.2866
                -46.6524     -47.8162     -51.4537     -46.9424     -52.3686
   1     60     -50.9802     -52.4716     -49.3665     -51.0379     -52.4491
                -46.8111     -47.9765     -51.6162     -47.1024     -52.5306
   1     80     -52.0780     -53.5661     -50.4625     -52.1330     -53.5465
                -47.9061     -49.0778     -52.7163     -48.1994     -53.6243
   1    100     -55.8871     -57.4040     -54.2585     -55.9552     -57.3890
                -51.6545     -52.8528     -56.5408     -51.9523     -57.4657
   2      0     -50.8434     -52.5531     -49.4266     -51.1201     -52.3470
                -46.6924     -47.9544     -51.5905     -47.0153     -52.6185
   3      0     -50.8807     -52.7396     -49.4790     -51.2261     -52.4052
                -46.7446     -48.0495     -51.6269     -47.0553     -52.8191
   4      0     -50.8553     -52.8175     -49.5290     -51.2277     -52.4012
                -46.7572     -48.0659     -51.6251     -47.1227     -52.8765
   5      0     -50.9195     -52.8703     -49.6344     -51.3363     -52.4403
                -46.8507     -48.1277     -51.6919     -47.1841     -52.9778
   5     60     -51.1153     -53.0660     -49.8297     -51.5324     -52.6366
                -47.0445     -48.3233     -51.8879     -47.3788     -53.1735
   5     80     -52.4793     -54.4328     -51.1955     -52.8985     -54.0047
                -48.3973     -49.6891     -53.2575     -48.7361     -54.5373
   5    100     -55.9898     -57.9768     -54.6991     -56.4215     -57.5514
                -51.8572     -53.1741     -56.7842     -52.2051     -58.0832
 
 group  inft   Estimated free energy: 1-th solvent contribution (kcal/mol)
   1      0     -14.5229     -14.5284     -15.9890     -14.0348     -13.8356
                -13.3980     -14.4725     -13.9842     -13.9923     -14.7696
   1     60     -14.5250     -14.5305     -15.9913     -14.0369     -13.8377
                -13.4003     -14.4746     -13.9864     -13.9945     -14.7718
   1     80     -14.5340     -14.5388     -15.9985     -14.0453     -13.8463
                -13.4091     -14.4837     -13.9953     -14.0036     -14.7791
   1    100     -14.5822     -14.5864     -16.0454     -14.0925     -13.8947
                -13.4575     -14.5314     -14.0432     -14.0518     -14.8263
   2      0     -14.3234     -14.4440     -15.9061     -13.9237     -13.5662
                -13.2401     -14.2438     -13.8521     -13.7680     -14.6296
   3      0     -14.2833     -14.4541     -15.9150     -13.9518     -13.5244
                -13.1980     -14.2014     -13.8370     -13.7338     -14.6358
   4      0     -14.2302     -14.4342     -15.8579     -13.8986     -13.4356
                -13.1459     -14.1482     -13.7807     -13.6727     -14.5586
   5      0     -14.2322     -14.4518     -15.9035     -13.9593     -13.4122
                -13.1867     -14.1669     -13.8305     -13.6772     -14.6234
   5     60     -14.2344     -14.4540     -15.9056     -13.9615     -13.4144
                -13.1888     -14.1691     -13.8328     -13.6793     -14.6256
   5     80     -14.2514     -14.4705     -15.9215     -13.9779     -13.4315
                -13.2053     -14.1860     -13.8496     -13.6960     -14.6418
   5    100     -14.2989     -14.5184     -15.9691     -14.0250     -13.4795
                -13.2529     -14.2336     -13.8975     -13.7433     -14.6896
 
 group  inft   Estimated free energy: 2-th solvent contribution (kcal/mol)
   1      0      -4.2452       7.1817      -2.3579      -2.4502       4.3543
                -12.9336     -12.2969      -2.0904     -13.4302       8.9394
   1     60      -4.2471       7.1796      -2.3589      -2.4520       4.3526
                -12.9344     -12.2986      -2.0925     -13.4315       8.9376
   1     80      -4.2376       7.1920      -2.3477      -2.4411       4.3626
                -12.9220     -12.2876      -2.0832     -13.4205       8.9488
   1    100      -4.2147       7.2245      -2.3226      -2.4186       4.3843
                -12.8869     -12.2622      -2.0643     -13.3932       8.9773
   2      0      -4.3907       6.9430      -2.5769      -2.7218       4.1173
                -13.0803     -12.6078      -2.2715     -13.6578       8.6355
   3      0      -4.4307       6.7962      -2.5960      -2.7716       4.0446
                -13.1568     -12.7207      -2.2971     -13.7129       8.4754
   4      0      -4.4749       6.6940      -2.7120      -2.8563       3.9493
                -13.2315     -12.8025      -2.3549     -13.8350       8.3301
   5      0      -4.5158       6.6692      -2.7483      -2.8718       3.9246
                -13.2664     -12.8217      -2.3558     -13.8687       8.3156
   5     60      -4.5135       6.6718      -2.7458      -2.8696       3.9267
                -13.2633     -12.8195      -2.3537     -13.8664       8.3181
   5     80      -4.5025       6.6845      -2.7340      -2.8589       3.9370
                -13.2490     -12.8084      -2.3437     -13.8546       8.3300
   5    100      -4.4853       6.7075      -2.7155      -2.8426       3.9514
                -13.2205     -12.7916      -2.3300     -13.8342       8.3493
 
 group  inft   Estimated free energy: 3-th solvent contribution (kcal/mol)
   1      0     -32.0533     -44.9648     -30.8605     -34.3941     -42.8078
                -20.3232     -21.0492     -35.3815     -19.5224     -46.5409
   1     60     -32.2106     -45.1232     -31.0187     -34.5514     -42.9664
                -20.4788     -21.2057     -35.5398     -19.6789     -46.6988
   1     80     -33.3089     -46.2217     -32.1187     -35.6490     -44.0652
                -21.5775     -22.3089     -36.6403     -20.7778     -47.7964
   1    100     -37.0927     -50.0445     -35.8930     -39.4465     -47.8811
                -25.3126     -26.0617     -40.4357     -24.5097     -51.6191
   2      0     -32.1316     -45.0546     -30.9460     -34.4770     -42.9005
                -20.3744     -21.1052     -35.4693     -19.5919     -46.6268
   3      0     -32.1691     -45.0842     -30.9704     -34.5051     -42.9278
                -20.3923     -21.1298     -35.4952     -19.6111     -46.6611
   4      0     -32.1526     -45.0798     -30.9615     -34.4752     -42.9173
                -20.3822     -21.1177     -35.4919     -19.6174     -46.6504
   5      0     -32.1740     -45.0901     -30.9850     -34.5076     -42.9551
                -20.4000     -21.1415     -35.5080     -19.6407     -46.6724
   5     60     -32.3698     -45.2863     -31.1807     -34.7037     -43.1514
                -20.5948     -21.3372     -35.7039     -19.8356     -46.8685
   5     80     -33.7279     -46.6493     -32.5424     -36.0642     -44.5126
                -21.9455     -22.6972     -37.0666     -21.1880     -48.2279
   5    100     -37.2081     -50.1683     -36.0170     -39.5563     -48.0257
                -25.3863     -26.1514     -40.5591     -24.6301     -51.7453
 
 
 cumulative average & 95% error for solvation free energy
              total             1st component         2nd component         3rd component
  1   -50.8807              -14.2833               -4.4307              -32.1691
  2   -51.8102     1.8590   -14.3687     0.1708     1.1827    11.2269   -38.6266    12.9151
  3   -51.0331     1.8887   -14.8841     1.0356    -0.0769     6.9542   -36.0746     9.0362
  4   -51.0813     1.3390   -14.6510     0.8681    -0.7505     5.0986   -35.6822     6.4375
  5   -51.3461     1.1645   -14.4257     0.8095     0.2085     4.3905   -37.1313     5.7676
  6   -50.5792     1.8046   -14.2211     0.7774    -2.0191     5.7183   -34.3415     7.3013
  7   -50.2178     1.6878   -14.2183     0.6570    -3.5479     5.7189   -32.4541     7.2338
  8   -50.3940     1.5035   -14.1706     0.5769    -3.3915     4.9625   -32.8342     6.3106
  9   -50.0230     1.5194   -14.1221     0.5180    -4.5383     4.9412   -31.3650     6.2935
 10   -50.3026     1.4696   -14.1735     0.4745    -3.2370     5.1290   -32.8946     6.4067
 
 Warning: mesh error is    0.230 kcal/mol and is larger than the threshold value of    0.100 kcal/mol
