 ERmod 0.3.8, Copyright (C) 2000-2019 Nobuyuki Matubayasi
                            2010-2019 Shun Sakuraba
 ERmod comes with ABSOLUTELY NO WARRANTY.
 This is free software, and you can redistribute it
 and/or modify it under certain conditions.
 See LICENSE file for details.
 ERmod 0.3.8, Copyright (C) 2000-2019 Nobuyuki Matubayasi
                            2010-2019 Shun Sakuraba
 ERmod comes with ABSOLUTELY NO WARRANTY.
 This is free software, and you can redistribute it
 and/or modify it under certain conditions.
 See LICENSE file for details.
 
  Number of the   1-th solvent  =          792
  Number of the   2-th solvent  =          792
  Number of the   3-th solvent  =        10000
 
  Be sure that the solvent distribution is homogeneous (radial distribution function is essentially unity) when the solvent molecule is separated beyond distance of   10.0 Angstrom in any direction from any atom within the solute molecule
 
  LJ long-range correction    =        -1.3175     -0.2494     -7.0203
 
  Self-energy of the solute   =        -0.0061  kcal/mol
 
 
 cumulative average & 95% error for solvation energy
              total             1st component         2nd component         3rd component
  1  -597.4241             -209.4315             -216.0322             -171.9543
  2  -597.6695     0.4907  -207.4415     3.9801  -223.0324    14.0004  -167.1895     9.5296
  3  -598.4291     1.5455  -212.8670    11.0918  -220.7968     9.2373  -164.7591     7.3415
  4  -598.5133     1.1057  -214.1211     8.2344  -220.1704     6.6508  -164.2157     5.3038
  5  -598.3839     0.8948  -213.6302     6.4535  -220.4273     5.1773  -164.3203     4.1136
  6  -598.1864     0.8305  -213.2522     5.3232  -220.9637     4.3613  -163.9643     3.4334
  7  -599.7738     3.2515  -212.6402     4.6624  -231.8568    22.0957  -155.2707    17.6278
  8  -600.9615     3.6840  -212.9300     4.0792  -238.8321    23.6808  -149.1933    19.5139
  9  -601.8380     3.6917  -212.6942     3.6283  -244.7866    24.0414  -144.3512    19.7473
 10  -602.3110     3.4348  -213.3243     3.4814  -247.2905    22.0788  -141.6900    18.4470
 11  -602.8024     3.2587  -213.4905     3.1665  -250.2042    20.8038  -139.1016    17.4705
 12  -603.1106     3.0379  -213.7742     2.9458  -251.5809    19.1897  -137.7495    16.1760
 13  -603.4084     2.8572  -213.2962     2.8734  -254.4245    18.5455  -135.6816    15.4438
 14  -603.6895     2.7044  -212.7501     2.8757  -256.8925    17.8653  -134.0408    14.6700
 15  -603.9390     2.5666  -213.3742     2.9539  -257.7815    16.7264  -132.7772    13.8888
 16  -604.0818     2.4178  -213.1808     2.7901  -259.0293    15.8439  -131.8657    13.1191
 17  -604.3800     2.3481  -212.7509     2.7582  -261.2321    15.5212  -130.3909    12.6713
 18  -604.5583     2.2424  -212.5744     2.6243  -262.2943    14.7869  -129.6836    12.0301
 19  -604.6796     2.1349  -212.5248     2.4844  -263.1897    14.1012  -128.9591    11.4712
 20  -604.7667     2.0328  -211.8312     2.7348  -264.4994    13.6316  -128.4300    10.9339
 21  -604.7293     1.9350  -211.3801     2.7533  -265.0107    13.0065  -128.3324    10.4020
 22  -604.7772     1.8475  -210.3699     3.3127  -266.4010    12.7091  -128.0002     9.9402
 23  -605.0758     1.8636  -210.1887     3.1861  -267.9854    12.5506  -126.8957     9.7517
 24  -605.1731     1.7949  -210.1861     3.0504  -268.5468    12.0686  -126.4342     9.3820
 25  -605.2681     1.7320  -210.6562     3.0732  -268.8843    11.5955  -125.7215     9.1111
 26  -605.3800     1.6790  -210.4476     2.9820  -269.7081    11.2617  -125.2182     8.8114
 27  -605.4677     1.6252  -210.3501     2.8760  -270.0361    10.8565  -125.0754     8.4835
 28  -605.4914     1.5668  -210.3572     2.7714  -270.3226    10.4772  -124.8055     8.1927
 29  -605.5704     1.5200  -210.3466     2.6743  -270.4881    10.1149  -124.7296     7.9066
 30  -605.7019     1.4918  -210.8049     2.7414  -271.0384     9.8337  -123.8526     7.8374
 31  -605.7431     1.4452  -210.9147     2.6605  -271.2913     9.5246  -123.5310     7.6076
 32  -605.7911     1.4026  -211.0303     2.5864  -271.3722     9.2236  -123.3825     7.3720
 33  -605.8521     1.3649  -211.3430     2.5836  -271.4047     8.9400  -123.0982     7.1677
 34  -605.9006     1.3277  -211.3149     2.5071  -271.7883     8.7069  -122.7913     6.9807
 35  -605.6393     1.3911  -211.4944     2.4608  -270.2044     9.0284  -123.9343     7.1535
 36  -605.4210     1.4207  -211.5236     2.3922  -268.7493     9.2441  -125.1420     7.3596
 37  -605.2014     1.4498  -211.5046     2.3269  -267.3039     9.4441  -126.3869     7.5785
 38  -605.0573     1.4403  -211.5368     2.2658  -266.5484     9.3156  -126.9661     7.4668
 39  -605.1498     1.4150  -211.7652     2.2537  -266.7726     9.0847  -126.6059     7.3084
 40  -605.1935     1.3820  -211.9340     2.2224  -266.9540     8.8621  -126.2994     7.1497
 41  -605.1514     1.3505  -211.5171     2.3225  -267.1480     8.6519  -126.4803     6.9825
 42  -605.2449     1.3311  -211.5637     2.2684  -267.6426     8.5012  -126.0325     6.8728
 43  -605.3109     1.3065  -211.6395     2.2202  -268.0886     8.3489  -125.5766     6.7727
 44  -605.3536     1.2793  -211.5464     2.1771  -268.3078     8.1687  -125.4933     6.6191
 45  -605.4453     1.2639  -211.4734     2.1332  -268.8960     8.0713  -125.0698     6.5255
 46  -605.5132     1.2436  -211.4971     2.0869  -269.1915     7.9160  -124.8185     6.4019
 47  -605.6031     1.2301  -211.4209     2.0477  -269.6368     7.7968  -124.5393     6.2890
 48  -605.6711     1.2118  -211.4022     2.0049  -269.9970     7.6665  -124.2657     6.1809
 49  -605.7196     1.1908  -211.3253     1.9696  -270.2696     7.5282  -124.1187     6.0606
 50  -605.8021     1.1783  -211.1814     1.9511  -270.8965     7.4819  -123.7181     5.9919
 
 
 group  inft  solvation free energy     error          difference
  total solvation free energy
   1      0       -117.41891           1.14112           0.46989
   1     60       -117.75405           1.14110           0.13475
   1     80       -120.48057           1.14146          -2.59177
   1    100       -129.24703           1.14403         -11.35823
   2      0       -117.71305           1.17430           0.17575
   3      0       -117.88880           1.17959           0.00000
   4      0       -117.89302           1.19474          -0.00421
   5      0       -116.51444           1.20545           1.37436
   5     60       -116.96331           1.20547           0.92549
   5     80       -120.30450           1.20629          -2.41570
   5    100       -128.37592           1.20963         -10.48711
 
  contribution from  1-th solvent component
   1      0       -183.22158           1.34005          -0.26308
   1     60       -183.25191           1.34005          -0.29340
   1     80       -183.49742           1.34008          -0.53892
   1    100       -184.28010           1.34095          -1.32160
   2      0       -183.05344           1.36785          -0.09494
   3      0       -182.95850           1.37503           0.00000
   4      0       -183.05319           1.38408          -0.09469
   5      0       -182.14519           1.39300           0.81331
   5     60       -182.18509           1.39300           0.77341
   5     80       -182.48726           1.39313           0.47124
   5    100       -183.21207           1.39420          -0.25357
 
  contribution from  2-th solvent component
   1      0        -37.62558           3.85467           0.76132
   1     60        -37.61070           3.85473           0.77621
   1     80        -37.47466           3.85535           0.91224
   1    100        -37.22572           3.85823           1.16119
   2      0        -38.11198           3.85107           0.27493
   3      0        -38.38691           3.84756           0.00000
   4      0        -38.27418           3.85347           0.11272
   5      0        -37.78333           3.85157           0.60357
   5     60        -37.75663           3.85164           0.63027
   5     80        -37.61036           3.85245           0.77654
   5    100        -37.39129           3.85518           0.99562
 
  contribution from  3-th solvent component
   1      0        103.43435           2.86615          -0.02836
   1     60        103.11465           2.86674          -0.34806
   1     80        100.49761           2.87085          -2.96509
   1    100         92.26488           2.88175         -11.19782
   2      0        103.45847           2.86628          -0.00423
   3      0        103.46270           2.86679           0.00000
   4      0        103.44045           2.86594          -0.02225
   5      0        103.42018           2.86702          -0.04252
   5     60        102.98450           2.86781          -0.47820
   5     80         99.79922           2.87277          -3.66349
   5    100         92.23354           2.88274         -11.22916
 
 
 group  inft   Estimated free energy: total (kcal/mol)
   1      0    -115.5717    -117.7555    -117.2596    -117.2450    -116.1734
               -114.1498    -123.1780    -122.4563    -120.3875    -112.4911
               -118.1216    -109.4805    -120.1448    -120.3925    -115.0289
               -107.9793    -120.1805    -116.2093    -117.8980    -114.7421
               -114.6636    -118.1767    -118.0349    -119.3463    -125.5933
               -122.5974    -114.0742    -112.6469    -113.5814    -123.4008
               -120.1769    -114.9662    -114.7354    -120.2207    -112.3590
               -111.7398    -118.1452    -112.5741    -117.8294    -118.1990
               -109.3881    -122.2179    -121.2939    -120.2106    -119.6653
               -113.6998    -123.9870    -120.6237    -119.0682    -120.8845
   1     60    -115.9132    -118.0965    -117.5989    -117.5834    -116.5127
               -114.4890    -123.5132    -122.7903    -120.7243    -112.8238
               -118.4548    -109.8149    -120.4785    -120.7264    -115.3615
               -108.3124    -120.5149    -116.5422    -118.2317    -115.0767
               -114.9982    -118.5105    -118.3685    -119.6802    -125.9293
               -122.9318    -114.4066    -112.9797    -113.9187    -123.7343
               -120.5107    -115.2972    -115.0687    -120.5549    -112.6985
               -112.0785    -118.4879    -112.9120    -118.1619    -118.5326
               -109.7205    -122.5557    -121.6274    -120.5477    -120.0001
               -114.0328    -124.3211    -120.9574    -119.4018    -121.2183
   1     80    -118.6830    -120.8698    -120.3566    -120.3334    -119.2728
               -117.2436    -126.2452    -125.5110    -123.4636    -115.5291
               -121.1671    -112.5323    -123.1949    -123.4443    -118.0669
               -111.0192    -123.2402    -119.2489    -120.9428    -117.8053
               -117.7230    -121.2296    -121.0865    -122.3948    -128.6647
               -125.6554    -117.1092    -115.6850    -116.6630    -126.4471
               -123.2228    -117.9902    -117.7796    -123.2716    -115.4545
               -114.8273    -121.2725    -115.6535    -120.8681    -121.2463
               -112.4235    -125.3048    -124.3426    -123.2874    -122.7299
               -116.7486    -127.0456    -123.6733    -122.1191    -123.9392
   1    100    -127.5635    -129.7672    -129.2061    -129.1618    -128.1369
               -126.0774    -135.0436    -134.2681    -132.2559    -124.2250
               -129.8941    -121.2518    -131.9408    -132.1915    -126.7681
               -119.7182    -132.0096    -127.9502    -129.6634    -126.6048
               -126.5110    -130.0007    -129.8383    -131.1287    -137.4616
               -134.4191    -125.8007    -124.3786    -125.4690    -135.1814
               -131.9407    -126.6528    -126.4955    -132.0073    -124.2908
               -123.6440    -130.1952    -124.4510    -129.5762    -129.9756
               -121.1341    -134.1404    -133.0823    -132.0817    -131.5150
               -125.4863    -135.8213    -132.4150    -130.8622    -132.6974
   2      0    -116.0830    -118.4343    -117.4284    -117.8892    -116.6646
               -114.8013    -123.6427    -122.5897    -120.9853    -112.5625
               -118.6736    -109.1887    -120.3928    -120.8307    -115.7123
               -107.9679    -120.2940    -116.6266    -118.0379    -114.8789
               -114.7011    -118.2870    -118.2061    -119.7720    -126.0270
               -122.9136    -114.0834    -112.6217    -113.3739    -123.6435
               -120.5059    -115.3964    -114.7353    -120.9575    -112.8983
               -112.0013    -118.9106    -112.7950    -118.0825    -118.4976
               -109.2289    -122.3225    -121.5699    -120.9786    -119.8020
               -113.4982    -124.4360    -120.8777    -119.5667    -121.2779
   3      0    -116.1469    -118.7771    -117.6440    -118.3529    -116.8815
               -115.0591    -123.8691    -122.9526    -121.1571    -112.8512
               -118.7060    -109.2694    -120.7381    -121.0227    -115.7463
               -108.2440    -120.5155    -117.0028    -118.2048    -115.2794
               -114.9471    -118.2608    -118.1175    -120.0246    -126.2585
               -122.9824    -114.2532    -112.5018    -113.3670    -123.8244
               -120.6850    -115.5022    -114.7829    -121.2037    -113.1366
               -112.1285    -119.2037    -113.1380    -118.1543    -118.6037
               -109.2538    -122.1902    -121.7649    -121.1920    -119.6884
               -113.6921    -124.8050    -121.0461    -119.7954    -121.5157
   4      0    -116.0887    -118.9316    -117.6026    -118.3502    -116.7297
               -115.1914    -123.7414    -122.8488    -121.3262    -112.6997
               -118.9175    -109.0598    -120.7794    -121.0152    -115.9337
               -107.9520    -120.4027    -116.9824    -118.0553    -114.9074
               -114.8220    -118.2340    -118.2168    -120.0274    -126.3842
               -123.2076    -114.2734    -112.4876    -113.4239    -123.9045
               -120.6054    -115.6674    -114.7771    -121.1855    -113.2051
               -112.0733    -119.3621    -113.1588    -118.2668    -118.6622
               -109.2389    -122.3262    -121.8572    -121.2727    -119.7889
               -113.4029    -124.7846    -121.0606    -119.8449    -121.6130
   5      0    -114.6765    -117.7494    -116.3363    -117.0156    -115.4286
               -113.7851    -122.4154    -121.6419    -120.0354    -111.2932
               -117.4168    -107.5762    -119.4649    -119.6243    -114.3865
               -106.3868    -118.9709    -115.6054    -116.7559    -113.6299
               -113.4791    -116.7852    -116.7792    -118.5867    -124.9625
               -121.8040    -112.8866    -111.0899    -111.9018    -122.5954
               -119.2153    -114.3126    -113.5671    -119.8731    -111.8173
               -110.9237    -118.0552    -111.8076    -116.5210    -117.4165
               -107.6532    -120.7599    -120.6661    -119.9442    -118.1196
               -111.9118    -123.8163    -119.6144    -118.5205    -120.1412
   5     60    -115.1338    -118.2062    -116.7917    -117.4692    -115.8833
               -114.2394    -122.8643    -122.0900    -120.4861    -111.7390
               -117.8623    -108.0243    -119.9118    -120.0713    -114.8323
               -106.8334    -119.4190    -116.0510    -117.2026    -114.0777
               -113.9274    -117.2323    -117.2254    -119.0343    -125.4124
               -122.2517    -113.3318    -111.5350    -112.3533    -123.0413
               -119.6622    -114.7557    -114.0134    -120.3208    -112.2718
               -111.3771    -118.5149    -112.2597    -116.9660    -117.8634
               -108.0981    -121.2123    -121.1123    -120.3957    -118.5685
               -112.3587    -124.2645    -120.0608    -118.9679    -120.5885
   5     80    -118.5263    -121.6051    -120.1742    -120.8422    -119.2663
               -117.6139    -126.2119    -125.4266    -123.8408    -115.0552
               -121.1822    -111.3527    -123.2420    -123.4018    -118.1514
               -110.1541    -122.7584    -119.3681    -120.5243    -117.4204
               -117.2659    -120.5648    -120.5540    -122.3650    -128.7619
               -125.5877    -116.6460    -114.8456    -115.7119    -126.3650
               -122.9862    -118.0556    -117.3340    -123.6528    -115.6468
               -114.7422    -121.9273    -115.6187    -120.2810    -121.1895
               -111.4097    -124.5799    -124.4385    -123.7534    -121.9143
               -115.6890    -127.6067    -123.3883    -122.3012    -123.9240
   5    100    -126.7026    -129.8032    -128.3247    -128.9790    -127.4311
               -125.7515    -134.3135    -133.4902    -131.9362    -123.0618
               -129.2140    -119.3727    -131.2947    -131.4568    -126.1703
               -118.1633    -130.8313    -127.3793    -128.5491    -125.5201
               -125.3521    -128.6393    -128.6107    -130.4053    -136.8601
               -133.6542    -124.6477    -122.8368    -123.8129    -134.4063
               -131.0150    -126.0311    -125.3562    -131.7005    -123.7824
               -122.8539    -130.1485    -123.7181    -128.3007    -129.2273
               -119.4244    -132.7141    -132.4830    -131.8556    -130.0041
               -123.7351    -135.6909    -131.4354    -130.3580    -131.9904
 
 group  inft   Estimated free energy: 1-th solvent contribution (kcal/mol)
   1      0    -185.1412    -182.7844    -190.8225    -188.8882    -185.1005
               -185.2231    -181.3056    -186.8912    -181.2453    -184.1975
               -186.7344    -181.7649    -183.6989    -183.2449    -186.6720
               -178.3727    -178.2288    -184.2762    -186.5850    -170.8733
               -177.0246    -172.1810    -175.0139    -185.5700    -190.8493
               -182.6872    -181.2121    -182.5950    -174.1396    -190.0686
               -187.2219    -186.7982    -186.4139    -184.5094    -187.5241
               -186.3546    -184.9242    -185.5701    -188.4699    -188.0061
               -172.5977    -181.0836    -186.7831    -183.3885    -180.1185
               -177.8457    -182.6742    -183.7002    -184.1351    -179.5680
   1     60    -185.1721    -182.8151    -190.8531    -188.9187    -185.1313
               -185.2540    -181.3360    -186.9215    -181.2759    -184.2278
               -186.7646    -181.7952    -183.7291    -183.2750    -186.7022
               -178.4029    -178.2589    -184.3063    -186.6152    -170.9038
               -177.0550    -172.2112    -175.0440    -185.6003    -190.8796
               -182.7173    -181.2424    -182.6256    -174.1701    -190.0987
               -187.2519    -186.8282    -186.4440    -184.5396    -187.5551
               -186.3854    -184.9551    -185.6008    -188.4998    -188.0364
               -172.6281    -181.1140    -186.8130    -183.4188    -180.1486
               -177.8760    -182.7043    -183.7303    -184.1653    -179.5980
   1     80    -185.4203    -183.0622    -191.1000    -189.1648    -185.3800
               -185.5025    -181.5826    -187.1669    -181.5231    -184.4734
               -187.0095    -182.0409    -183.9738    -183.5183    -186.9468
               -178.6469    -178.5023    -184.5511    -186.8601    -171.1506
               -177.3008    -172.4556    -175.2883    -185.8458    -191.1250
               -182.9617    -181.4878    -182.8733    -174.4166    -190.3428
               -187.4948    -187.0720    -186.6880    -184.7840    -187.8048
               -186.6342    -185.2039    -185.8487    -188.7425    -188.2822
               -172.8731    -181.3603    -187.0558    -183.6641    -180.3924
               -178.1216    -182.9484    -183.9748    -184.4099    -179.8418
   1    100    -186.2117    -183.8486    -191.8886    -189.9524    -186.1724
               -186.2951    -182.3674    -187.9522    -182.3082    -185.2545
               -187.7946    -182.8217    -184.7577    -184.2963    -187.7267
               -179.4224    -179.2752    -185.3338    -187.6439    -171.9299
               -178.0815    -173.2305    -176.0590    -186.6340    -191.9113
               -183.7423    -182.2705    -183.6646    -175.1937    -191.1228
               -188.2732    -187.8531    -187.4645    -185.5673    -188.6004
               -187.4272    -185.9962    -186.6404    -189.5189    -189.0677
               -173.6499    -182.1426    -187.8333    -184.4476    -181.1672
               -178.8991    -183.7267    -184.7549    -185.1931    -180.6185
   2      0    -185.1429    -182.7630    -190.7466    -188.8692    -185.0310
               -185.1861    -181.0257    -186.8293    -180.9910    -183.9588
               -186.6054    -181.3250    -183.6582    -183.2151    -186.4504
               -178.0712    -177.9430    -184.2756    -186.5826    -170.5007
               -176.6968    -171.9033    -174.7212    -185.4730    -190.7444
               -182.6286    -181.0526    -182.3481    -173.5602    -189.9629
               -187.2393    -186.7209    -186.1574    -184.4010    -187.4487
               -186.3008    -184.8840    -185.4578    -188.2490    -187.8256
               -172.2273    -180.6735    -186.7123    -183.3662    -179.9031
               -177.3381    -182.5888    -183.5632    -183.9725    -179.3811
   3      0    -185.0193    -182.7131    -190.6826    -188.8002    -184.9678
               -185.1011    -180.9214    -186.7710    -180.8110    -183.8995
               -186.4545    -181.2332    -183.5805    -183.1208    -186.3736
               -177.9703    -177.8154    -184.1871    -186.5832    -170.4495
               -176.5474    -171.8068    -174.4932    -185.4549    -190.6746
               -182.5170    -180.9668    -182.2041    -173.2873    -189.8979
               -187.2133    -186.6828    -186.0213    -184.3139    -187.3715
               -186.2927    -184.7926    -185.3902    -188.0903    -187.7101
               -172.1065    -180.4789    -186.6308    -183.3383    -179.6926
               -177.2135    -182.5363    -183.5484    -183.9101    -179.2858
   4      0    -185.2027    -182.8222    -190.9195    -188.9733    -184.9087
               -185.2632    -180.9660    -186.8664    -181.0321    -183.9612
               -186.6421    -181.2000    -183.6804    -183.3132    -186.4222
               -177.9485    -177.8650    -184.4385    -186.5834    -170.3236
               -176.6024    -171.8243    -174.6130    -185.4756    -190.8007
               -182.7500    -181.0670    -182.3281    -173.2830    -189.9794
               -187.2704    -186.8270    -186.1191    -184.4441    -187.5407
               -186.3724    -185.0247    -185.5134    -188.2765    -187.8175
               -172.2784    -180.5802    -186.7450    -183.4197    -179.9305
               -177.2519    -182.5559    -183.4135    -183.9472    -179.2757
   5      0    -184.2586    -182.0497    -189.9657    -188.1198    -184.1628
               -184.3405    -180.1311    -186.0332    -180.1221    -183.0162
               -185.6622    -180.2752    -182.7692    -182.3702    -185.5014
               -176.9680    -176.9409    -183.4514    -185.7017    -169.4865
               -175.6640    -170.9068    -173.6488    -184.5865    -189.9497
               -181.8815    -180.1441    -181.3942    -172.2563    -189.1693
               -186.3575    -185.9172    -185.3804    -183.5364    -186.6332
               -185.6269    -184.0898    -184.6161    -187.1918    -186.9824
               -171.1805    -179.4919    -185.9186    -182.4804    -178.8458
               -176.1720    -181.9061    -182.6010    -183.0569    -178.3474
   5     60    -184.2991    -182.0900    -190.0060    -188.1598    -184.2034
               -184.3810    -180.1710    -186.0729    -180.1623    -183.0561
               -185.7018    -180.3152    -182.8087    -182.4097    -185.5413
               -177.0080    -176.9806    -183.4911    -185.7414    -169.5266
               -175.7040    -170.9466    -173.6886    -184.6263    -189.9894
               -181.9210    -180.1839    -181.4341    -172.2965    -189.2089
               -186.3970    -185.9567    -185.4200    -183.5760    -186.6738
               -185.6672    -184.1302    -184.6565    -187.2313    -187.0222
               -171.2203    -179.5320    -185.9579    -182.5204    -178.8856
               -176.2121    -181.9457    -182.6406    -183.0965    -178.3869
   5     80    -184.6050    -182.3950    -190.3117    -188.4632    -184.5099
               -184.6872    -180.4730    -186.3751    -180.4659    -183.3584
               -186.0023    -180.6177    -183.1090    -182.7098    -185.8436
               -177.3101    -177.2805    -183.7929    -186.0429    -169.8286
               -176.0056    -171.2473    -173.9893    -184.9285    -190.2910
               -182.2204    -180.4858    -181.7373    -172.5984    -189.5093
               -186.6979    -186.2572    -185.7205    -183.8769    -186.9813
               -185.9724    -184.4355    -184.9622    -187.5309    -187.3242
               -171.5209    -179.8351    -186.2566    -182.8239    -179.1863
               -176.5147    -182.2467    -182.9412    -183.3977    -178.6862
   5    100    -185.3396    -183.1260    -191.0471    -189.1941    -185.2451
               -185.4222    -181.1959    -187.1024    -181.1911    -184.0818
               -186.7270    -181.3408    -183.8324    -183.4320    -186.5689
               -178.0324    -177.9972    -184.5195    -186.7690    -170.5459
               -176.7257    -171.9641    -174.7030    -185.6585    -191.0180
               -182.9400    -181.2102    -182.4650    -173.3141    -190.2317
               -187.4241    -186.9816    -186.4398    -184.6024    -187.7189
               -186.7046    -185.1672    -185.6971    -188.2520    -188.0497
               -172.2372    -180.5592    -186.9764    -183.5539    -179.9052
               -177.2355    -182.9687    -183.6627    -184.1231    -179.4032
 
 group  inft   Estimated free energy: 2-th solvent contribution (kcal/mol)
   1      0     -10.4969     -19.9123     -11.7637     -13.0430     -14.7712
                -13.7289     -53.7739     -46.5884     -50.5107     -34.7379
                -39.8540     -32.1451     -45.3521     -46.6817     -36.0810
                -36.2314     -53.3822     -38.4388     -38.2187     -50.0035
                -40.3603     -51.2307     -56.2096     -40.7715     -44.3316
                -49.6359     -39.0794     -36.5904     -42.8132     -47.2132
                -40.7358     -35.3463     -36.9823     -44.1626      -9.1138
                 -8.0655     -13.6472     -18.7175     -38.0421     -37.9960
                -36.3530     -50.4513     -45.7468     -40.9543     -51.2059
                -44.6305     -51.7397     -46.1515     -43.2740     -54.0113
   1     60     -10.4818     -19.8983     -11.7491     -13.0284     -14.7562
                -13.7145     -53.7602     -46.5739     -50.4975     -34.7218
                -39.8385     -32.1294     -45.3373     -46.6674     -36.0658
                -36.2158     -53.3681     -38.4231     -38.2026     -49.9892
                -40.3462     -51.2161     -56.1949     -40.7564     -44.3183
                -49.6218     -39.0633     -36.5741     -42.7990     -47.1982
                -40.7204     -35.3302     -36.9663     -44.1484      -9.0986
                 -8.0497     -13.6331     -18.7022     -38.0263     -37.9803
                -36.3365     -50.4373     -45.7320     -40.9400     -51.1920
                -44.6157     -51.7265     -46.1361     -43.2591     -53.9969
   1     80     -10.3449     -19.7758     -11.6189     -12.8964     -14.6237
                -13.5838     -53.6372     -46.4434     -50.3754     -34.5713
                -39.6958     -31.9828     -45.2015     -46.5361     -35.9239
                -36.0684     -53.2424     -38.2745     -38.0513     -49.8600
                -40.2188     -51.0836     -56.0615     -40.6147     -44.1978
                -49.4946     -38.9134     -36.4211     -42.6691     -47.0619
                -40.5765     -35.1808     -36.8193     -44.0149      -8.9586
                 -7.9046     -13.5085     -18.5600     -37.8804     -37.8361
                -36.1842     -50.3127     -45.5982     -40.8069     -51.0689
                -44.4831     -51.6059     -45.9962     -43.1244     -53.8691
   1    100     -10.0903     -19.5757     -11.3872     -12.6613     -14.3899
                -13.3410     -53.4401     -46.2163     -50.1616     -34.2715
                -39.4251     -31.6926     -44.9588     -46.3046     -35.6529
                -35.7742     -53.0323     -37.9765     -37.7486     -49.6464
                -39.9927     -50.8499     -55.8320     -40.3432     -43.9977
                -49.2810     -38.6157     -36.1063     -42.4399     -46.8180
                -40.2973     -34.8830     -36.5344     -43.7678      -8.6872
                 -7.6204     -13.2989     -18.2858     -37.5997     -37.5617
                -35.8793     -50.1096     -45.3600     -40.5624     -50.8701
                -44.2483     -51.4121     -45.7427     -42.8843     -53.6576
   2      0     -11.0215     -20.6537     -12.0419     -13.7339     -15.3523
                -14.4230     -54.5398     -46.8046     -51.3938     -35.0864
                -40.5578     -32.3213     -45.6726     -47.1902     -37.0035
                -36.5508     -53.8066     -38.8866     -38.3808     -50.5536
                -40.7468     -51.6378     -56.6859     -41.3249     -44.8993
                -50.0358     -39.2758     -36.8289     -43.2078     -47.5921
                -41.0759     -35.8656     -37.2535     -45.0156      -9.7681
                 -8.3792     -14.4728     -19.0838     -38.5286     -38.4909
                -36.5986     -51.0016     -46.1147     -41.7621     -51.5894
                -44.9475     -52.3101     -46.5685     -43.9625     -54.5996
   3      0     -11.2177     -21.0397     -12.3200     -14.2570     -15.6392
                -14.7639     -54.8677     -47.2261     -51.7461     -35.4230
                -40.7517     -32.4944     -46.1074     -47.4713     -37.1104
                -36.9501     -54.1409     -39.3536     -38.5621     -50.9993
                -41.1436     -51.7255     -56.8517     -41.6031     -45.2269
                -50.2061     -39.5460     -36.8693     -43.4752     -47.8551
                -41.2717     -36.0115     -37.4241     -45.3602     -10.0604
                 -8.5328     -14.8651     -19.4949     -38.7597     -38.7336
                -36.7617     -51.0568     -46.4082     -42.0069     -51.6826
                -45.2595     -52.7420     -46.7504     -44.2742     -54.9450
   4      0     -10.9576     -21.0556     -12.0338     -14.0729     -15.5309
                -14.7237     -54.6605     -47.0165     -51.6898     -35.2030
                -40.7511     -32.3150     -46.0275     -47.2524     -37.2147
                -36.6909     -53.9773     -39.0549     -38.3956     -50.7344
                -40.9434     -51.6347     -56.8135     -41.5824     -45.1611
                -50.1774     -39.4108     -36.7071     -43.5106     -47.8075
                -41.0943     -35.9840     -37.2880     -45.1672      -9.9567
                 -8.3451     -14.7868     -19.3907     -38.6550     -38.6550
                -36.5413     -51.0687     -46.3767     -41.9879     -51.5069
                -44.9165     -52.6907     -46.8883     -44.2692     -55.0335
   5      0     -10.4649     -20.6148     -11.6846     -13.5535     -14.9570
                -14.2017     -54.1765     -46.6200     -51.2721     -34.7360
                -40.2005     -31.7398     -45.5714     -46.7818     -36.5577
                -36.1090     -53.4461     -38.6319     -37.9200     -50.2826
                -40.5136     -51.0697     -56.3115     -41.0194     -44.6062
                -49.6271     -38.9418     -36.2171     -42.9863     -47.3054
                -40.6224     -35.5265     -36.7993     -44.7770      -9.4565
                 -7.9282     -14.3894     -18.8899     -37.9965     -38.2151
                -36.0519     -50.5661     -45.9654     -41.5887     -50.8992
                -44.5075     -52.3509     -46.2465     -43.7901     -54.4796
   5     60     -10.4380     -20.5897     -11.6591     -13.5275     -14.9304
                -14.1758     -54.1515     -46.5945     -51.2475     -34.7075
                -40.1723     -31.7119     -45.5449     -46.7556     -36.5305
                -36.0815     -53.4206     -38.6038     -37.8914     -50.2562
                -40.4885     -51.0433     -56.2843     -40.9929     -44.5818
                -49.6014     -38.9135     -36.1880     -42.9599     -47.2780
                -40.5946     -35.4977     -36.7709     -44.7513      -9.4292
                 -7.9002     -14.3645     -18.8624     -37.9679     -38.1876
                -36.0232     -50.5406     -45.9387     -41.5624     -50.8741
                -44.4814     -52.3268     -46.2187     -43.7640     -54.4538
   5     80     -10.2898     -20.4602     -11.5210     -13.3886     -14.7890
                -14.0341     -54.0223     -46.4570     -51.1176     -34.5439
                -40.0157     -31.5516     -45.4011     -46.6137     -36.3783
                -35.9226     -53.2864     -38.4424     -37.7251     -50.1180
                -40.3521     -50.9004     -56.1390     -40.8435     -44.4526
                -49.4653     -38.7521     -36.0182     -42.8188     -47.1304
                -40.4373     -35.3331     -36.6095     -44.6104      -9.2768
                 -7.7408     -14.2355     -18.7079     -37.8072     -38.0337
                -35.8566     -50.4080     -45.7946     -41.4191     -50.7435
                -44.3405     -52.2022     -46.0677     -43.6230     -54.3194
   5    100     -10.0649     -20.2904     -11.3161     -13.1877     -14.5867
                -13.8224     -53.8551     -46.2576     -50.9343     -34.2770
                -39.7775     -31.2877     -45.1903     -46.4096     -36.1416
                -35.6577     -53.1012     -38.1770     -37.4509     -49.9326
                -40.1507     -50.6935     -55.9368     -40.6033     -44.2791
                -49.2773     -38.4870     -35.7311     -42.6152     -46.9146
                -40.1877     -35.0654     -36.3544     -44.3969      -9.0374
                 -7.4849     -14.0627     -18.4643     -37.5575     -37.7949
                -35.5835     -50.2324     -45.5847     -41.2053     -50.5705
                -44.1341     -52.0376     -45.8452     -43.4196     -54.1388
 
 group  inft   Estimated free energy: 3-th solvent contribution (kcal/mol)
   1      0      80.0725      84.9473      85.3327      84.6924      83.7045
                 84.8083     111.9076     111.0294     111.3745     106.4504
                108.4729     104.4356     108.9123     109.5402     107.7302
                106.6309     111.4366     106.5118     106.9118     106.1409
                102.7273     105.2411     113.1947     107.0013     109.5938
                109.7318     106.2235     106.5446     103.3776     113.8871
                107.7869     107.1844     108.6669     108.4575      84.2850
                 82.6863      80.4323      91.7196     108.6887     107.8092
                 99.5687     109.3231     111.2421     104.1383     111.6652
                108.7826     110.4330     109.2341     108.3471     112.7009
   1     60      79.7468      84.6230      85.0095      84.3698      83.3810
                 84.4856     111.5890     110.7112     111.0551     106.1319
                108.1544     104.1157     108.5940     109.2221     107.4125
                106.3123     111.1182     106.1933     106.5923     105.8224
                102.4090     104.9229     112.8765     106.6825     109.2748
                109.4134     105.9053     106.2261     103.0565     113.5687
                107.4676     106.8674     108.3477     108.1392      83.9612
                 82.3627      80.1064      91.3971     108.3702     107.4902
                 99.2502     109.0018     110.9237     103.8172     111.3466
                108.4651     110.1157     108.9151     108.0286     112.3827
   1     80      77.0883      81.9743      82.3683      81.7339      80.7369
                 81.8488     108.9806     108.1055     108.4409     103.5217
                105.5443     101.4975     105.9866     106.6162     104.8099
                103.7023     108.5105     103.5828     103.9747     103.2114
                 99.8027     102.3157     110.2694     104.0718     106.6641
                106.8071     103.2981     103.6155     100.4289     110.9637
                104.8545     104.2687     105.7338     105.5334      81.3149
                 79.7176      77.4459      88.7613     105.7609     104.8782
                 96.6399     106.3743     108.3175     101.1896     108.7375
                105.8622     107.5149     106.3038     105.4212     109.7778
   1    100      68.7446      73.6632      74.0759      73.4580      72.4315
                 73.5648     100.7700      99.9066     100.2200      95.3072
                 97.3318      93.2686      97.7817      98.4155      96.6176
                 95.4845     100.3040      95.3663      95.7351      94.9776
                 91.5693      94.0858     102.0587      95.8546      98.4535
                 98.6103      95.0916      95.3984      92.1706     102.7655
                 96.6359      96.0894      97.5096      97.3339      73.0029
                 71.4096      69.1059      80.4812      97.5484      96.6599
                 88.4012      98.1179     100.1170      92.9345     100.5283
                 97.6672      99.3236      98.0886      97.2213     101.5849
   2      0      80.0875      84.9885      85.3662      84.7199      83.7248
                 84.8138     111.9289     111.0504     111.4056     106.4887
                108.4957     104.4638     108.9442     109.5808     107.7476
                106.6602     111.4617     106.5416     106.9316     106.1816
                102.7487     105.2602     113.2070     107.0319     109.6227
                109.7569     106.2511     106.5614     103.4002     113.9177
                107.8154     107.1962     108.6817     108.4651      84.3246
                 82.6848      80.4523      91.7527     108.7012     107.8251
                 99.6031     109.3587     111.2631     104.1558     111.6965
                108.7934     110.4691     109.2602     108.3744     112.7089
   3      0      80.0963      84.9819      85.3647      84.7103      83.7316
                 84.8120     111.9261     111.0505     111.4060     106.4774
                108.5063     104.4643     108.9559     109.5755     107.7438
                106.6825     111.4470     106.5440     106.9465     106.1755
                102.7499     105.2776     113.2335     107.0396     109.6490
                109.7469     106.2656     106.5777     103.4016     113.9348
                107.8061     107.1982     108.6686     108.4766      84.3014
                 82.7031      80.4602      91.7532     108.7019     107.8461
                 99.6205     109.3515     111.2801     104.1593     111.6929
                108.7870     110.4794     109.2587     108.3950     112.7212
   4      0      80.0777      84.9523      85.3568      84.7021      83.7160
                 84.8017     111.8912     111.0402     111.4018     106.4706
                108.4818     104.4612     108.9346     109.5565     107.7092
                106.6935     111.4456     106.5170     106.9298     106.1567
                102.7299     105.2311     113.2158     107.0367     109.5838
                109.7259     106.2104     106.5537     103.3758     113.8885
                107.7654     107.1497     108.6360     108.4319      84.2984
                 82.6503      80.4555      91.7514     108.6709     107.8164
                 99.5869     109.3288     111.2706     104.1411     111.6546
                108.7717     110.4681     109.2472     108.3776     112.7022
   5      0      80.0531      84.9212      85.3201      84.6638      83.6973
                 84.7632     111.8982     111.0174     111.3649     106.4651
                108.4520     104.4448     108.8817     109.5339     107.6786
                106.6963     111.4222     106.4841     106.8720     106.1453
                102.7046     105.1973     113.1872     107.0253     109.5996
                109.7107     106.2054     106.5274     103.3468     113.8854
                107.7706     107.1371     108.6187     108.4464      84.2784
                 82.6375      80.4301      91.7046     108.6735     107.7871
                 99.5853     109.3042     111.2240     104.1310     111.6315
                108.7738     110.4467     109.2392     108.3326     112.6919
   5     60      79.6094      84.4795      84.8795      84.2242      83.2565
                 84.3236     111.4642     110.5836     110.9298     106.0307
                108.0178     104.0089     108.4479     109.1002     107.2455
                106.2622     110.9883     106.0501     106.4364     105.7111
                102.2712     104.7637     112.7536     106.5909     109.1649
                109.2768     105.7717     106.0932     102.9091     113.4517
                107.3355     106.7048     108.1836     108.0127      83.8374
                 82.1964      79.9859      91.2653     108.2393     107.3525
                 99.1515     108.8664     110.7904     103.6933     111.1972
                108.3409     110.0141     108.8046     107.8987     112.2583
   5     80      76.3746      81.2562      81.6646      81.0157      80.0386
                 81.1135     108.2895     107.4116     107.7488     102.8532
                104.8420     100.8227     105.2742     105.9279     104.0766
                103.0846     107.8146     102.8733     103.2498     102.5323
                 99.0979     101.5890     109.5804     103.4132     105.9878
                106.1041     102.5980     102.9159      99.7115     110.2807
                104.1550     103.5408     105.0022     104.8407      80.6174
                 78.9771      76.7498      88.0575     105.0631     104.1744
                 95.9739     105.6693     107.6189     100.4957     108.0217
                105.1723     106.8483     105.6266     104.7255     109.0876
   5    100      68.7080      73.6193      74.0445      73.4090      72.4068
                 73.4991     100.7435      99.8759     100.1953      95.3030
                 97.2966      93.2619      97.7341      98.3909      96.5462
                 95.5329     100.2732      95.3234      95.6770      94.9645
                 91.5304      94.0244     102.0351      95.8625      98.4431
                 98.5692      95.0556      95.3654      92.1224     102.7461
                 96.6028      96.0221      97.4440      97.3049      72.9800
                 71.3417      69.0876      80.4494      97.5148      96.6234
                 88.4024      98.0836     100.0843      92.9098     100.4777
                 97.6406      99.3214      98.0786      97.1909     101.5577
 
 
 cumulative average & 95% error for solvation free energy
              total             1st component         2nd component         3rd component
  1  -116.1469             -185.0193              -11.2177               80.0963
  2  -117.4620     2.6302  -183.8662     2.3062   -16.1287     9.8220    82.5391     4.8856
  3  -117.5227     1.5234  -186.1383     4.7353   -14.8592     6.2132    83.4809     3.3919
  4  -117.7302     1.1544  -186.8038     3.6032   -14.7086     4.4037    83.7883     2.4759
  5  -117.5605     0.9565  -186.4366     2.8860   -14.8947     3.4314    83.7769     1.9180
  6  -117.1436     1.1424  -186.2140     2.3981   -14.8729     2.8020    83.9495     1.6036
  7  -118.1044     2.1505  -185.4579     2.5287   -20.5865    11.6699    87.9461     8.1074
  8  -118.7104     2.2221  -185.6221     2.2144   -23.9164    12.1035    90.8342     9.0918
  9  -118.9823     2.0337  -185.0875     2.2264   -27.0086    12.3364    93.1199     9.2299
 10  -118.3692     2.1937  -184.9687     2.0055   -27.8500    11.1616    94.4557     8.6769
 11  -118.3998     1.9852  -185.1038     1.8340   -29.0229    10.3650    95.7330     8.2539
 12  -117.6389     2.3664  -184.7812     1.7942   -29.3122     9.4796    96.4606     7.6740
 13  -117.8773     2.2284  -184.6889     1.6608   -30.6041     9.0947    97.4218     7.3161
 14  -118.1020     2.1115  -184.5769     1.5538   -31.8089     8.7580    98.2899     6.9924
 15  -117.9449     1.9906  -184.6966     1.4662   -32.1624     8.1839    98.9202     6.6305
 16  -117.3386     2.2221  -184.2762     1.6087   -32.4616     7.6787    99.4053     6.2777
 17  -117.5255     2.1205  -183.8962     1.6915   -33.7369     7.6505   100.1136     6.0646
 18  -117.4965     2.0001  -183.9124     1.5951   -34.0489     7.2399   100.4709     5.7623
 19  -117.5337     1.8933  -184.0529     1.5348   -34.2864     6.8647   100.8117     5.4930
 20  -117.4210     1.8103  -183.3728     1.9926   -35.1221     6.7235   101.0799     5.2387
 21  -117.3032     1.7379  -183.0477     2.0037   -35.4088     6.4210   101.1594     4.9855
 22  -117.3467     1.6594  -182.5368     2.1666   -36.1505     6.2993   101.3466     4.7682
 23  -117.3803     1.5870  -182.1871     2.1852   -37.0505     6.2826   101.8634     4.6720
 24  -117.4904     1.5353  -182.3232     2.1099   -37.2402     6.0271   102.0791     4.4938
 25  -117.8412     1.6311  -182.6573     2.1311   -37.5597     5.8162   102.3819     4.3526
 26  -118.0389     1.6163  -182.6519     2.0476   -38.0461     5.6720   102.6652     4.2201
 27  -117.8987     1.5804  -182.5895     1.9742   -38.1016     5.4591   102.7985     4.0695
 28  -117.7059     1.5709  -182.5757     1.9026   -38.0576     5.2612   102.9335     3.9308
 29  -117.5563     1.5450  -182.2554     1.9444   -38.2444     5.0903   102.9496     3.7929
 30  -117.7653     1.5500  -182.5102     1.9463   -38.5648     4.9592   103.3158     3.7368
 31  -117.8594     1.5110  -182.6619     1.9068   -38.6521     4.7998   103.4607     3.6258
 32  -117.7858     1.4704  -182.7875     1.8633   -38.5696     4.6503   103.5775     3.5185
 33  -117.6948     1.4367  -182.8855     1.8165   -38.5349     4.5077   103.7317     3.4241
 34  -117.7980     1.4090  -182.9275     1.7643   -38.7356     4.3915   103.8713     3.3336
 35  -117.6648     1.3939  -183.0545     1.7318   -37.9163     4.5682   103.3121     3.4247
 36  -117.5110     1.3891  -183.1445     1.6926   -37.1001     4.7301   102.7397     3.5196
 37  -117.5568     1.3541  -183.1890     1.6487   -36.4992     4.7549   102.1375     3.6288
 38  -117.4405     1.3383  -183.2469     1.6089   -36.0517     4.7138   101.8643     3.5741
 39  -117.4588     1.3041  -183.3711     1.5866   -36.1211     4.5934   102.0396     3.4988
 40  -117.4874     1.2724  -183.4796     1.5616   -36.1865     4.4790   102.1847     3.4226
 41  -117.2866     1.3043  -183.2022     1.6209   -36.2005     4.3685   102.1222     3.3404
 42  -117.4033     1.2941  -183.1374     1.5872   -36.5542     4.3215   102.2943     3.2780
 43  -117.5048     1.2798  -183.2186     1.5583   -36.7834     4.2447   102.5033     3.2281
 44  -117.5886     1.2616  -183.2213     1.5225   -36.9021     4.1539   102.5409     3.1547
 45  -117.6352     1.2368  -183.1429     1.4965   -37.2305     4.1133   102.7443     3.1105
 46  -117.5495     1.2217  -183.0140     1.4862   -37.4051     4.0380   102.8757     3.0535
 47  -117.7039     1.2346  -183.0038     1.4543   -37.7314     4.0047   103.0375     3.0053
 48  -117.7735     1.2166  -183.0152     1.4239   -37.9193     3.9383   103.1671     2.9534
 49  -117.8148     1.1944  -183.0335     1.3950   -38.0490     3.8658   103.2738     2.9004
 50  -117.8888     1.1796  -182.9585     1.3750   -38.3869     3.8476   103.4627     2.8668
 
 Mesh error is    1.374 kcal/mol
