 ERmod 0.3.7, Copyright (C) 2000-2019 Nobuyuki Matubayasi
                            2010-2019 Shun Sakuraba
 ERmod comes with ABSOLUTELY NO WARRANTY.
 This is free software, and you can redistribute it
 and/or modify it under certain conditions.
 See LICENSE file for details.
 ERmod 0.3.7, Copyright (C) 2000-2019 Nobuyuki Matubayasi
                            2010-2019 Shun Sakuraba
 ERmod comes with ABSOLUTELY NO WARRANTY.
 This is free software, and you can redistribute it
 and/or modify it under certain conditions.
 See LICENSE file for details.
 
  Number of the   1-th solvent  =          109
  Number of the   2-th solvent  =          109
  Number of the   3-th solvent  =        10000
 
  Be sure that the solvent distribution is homogeneous (radial distribution function is essentially unity) when the solvent molecule is separated beyond distance of   10.0 Angstrom in any direction from any atom within the solute molecule
 
  LJ long-range correction    =        -0.0452     -0.0086     -1.7491
 
  Self-energy of the solute   =        -0.0008  kcal/mol
 
 
 cumulative average & 95% error for solvation energy
              total             1st component         2nd component         3rd component
  1  -113.4836               -7.3871                3.4009             -109.4967
  2  -113.7081     0.4488    -7.1588     0.4566     2.2969     2.2081  -108.8454     1.3026
  3  -113.7847     0.3011    -6.7061     0.9430     1.7086     1.7348  -108.7864     0.7612
  4  -113.9101     0.3291    -6.7615     0.6759     1.3594     1.4115  -108.5074     0.7754
  5  -113.8036     0.3322    -6.9133     0.6053     2.2933     2.1643  -109.1829     1.4785
  6  -113.8219     0.2737    -6.9423     0.4976     1.5151     2.3549  -108.3940     1.9867
  7  -113.8222     0.2313    -7.0438     0.4670     1.5456     1.9911  -108.3232     1.6850
  8  -113.8199     0.2004    -6.9159     0.4786     1.2319     1.8350  -108.1351     1.5070
  9  -113.7830     0.1916    -6.7860     0.4957     1.4339     1.6680  -108.4301     1.4541
 10  -113.7775     0.1717    -6.8634     0.4696     1.6999     1.5839  -108.6132     1.3512
 
 
 group  inft  solvation free energy     error          difference
  total solvation free energy
   1      0        -21.91572           0.25565           0.12697
   1     60        -21.96506           0.25550           0.07764
   1     80        -22.48272           0.25487          -0.44003
   1    100        -24.48803           0.25427          -2.44533
   2      0        -21.94972           0.26211           0.09298
   3      0        -22.04269           0.27072           0.00000
   4      0        -22.02431           0.27595           0.01838
   5      0        -22.03436           0.27196           0.00833
   5     60        -22.09961           0.27180          -0.05692
   5     80        -22.75492           0.27130          -0.71222
   5    100        -24.62260           0.27112          -2.57991
 
  contribution from  1-th solvent component
   1      0         -5.12392           0.23391          -0.09434
   1     60         -5.12373           0.23389          -0.09415
   1     80         -5.12909           0.23385          -0.09951
   1    100         -5.14649           0.23367          -0.11692
   2      0         -5.04943           0.24039          -0.01985
   3      0         -5.02957           0.24177          -0.00000
   4      0         -5.01396           0.24095           0.01561
   5      0         -4.99839           0.24272           0.03119
   5     60         -4.99902           0.24271           0.03056
   5     80         -5.00567           0.24266           0.02391
   5    100         -5.02325           0.24251           0.00632
 
  contribution from  2-th solvent component
   1      0          2.82173           0.89117           0.17901
   1     60          2.82518           0.89112           0.18247
   1     80          2.83222           0.89124           0.18950
   1    100          2.84384           0.89216           0.20113
   2      0          2.72626           0.89903           0.08354
   3      0          2.64272           0.90245           0.00000
   4      0          2.62248           0.90274          -0.02024
   5      0          2.62418           0.90045          -0.01854
   5     60          2.62519           0.90048          -0.01753
   5     80          2.63366           0.90087          -0.00905
   5    100          2.64504           0.90206           0.00233
 
  contribution from  3-th solvent component
   1      0        -19.61275           0.80265           0.04231
   1     60        -19.66574           0.80256          -0.01068
   1     80        -20.18507           0.80199          -0.53001
   1    100        -22.18461           0.80241          -2.52954
   2      0        -19.62577           0.80170           0.02929
   3      0        -19.65506           0.80180           0.00000
   4      0        -19.63205           0.79690           0.02301
   5      0        -19.65938           0.79798          -0.00432
   5     60        -19.72501           0.79772          -0.06995
   5     80        -20.38214           0.79682          -0.72708
   5    100        -22.24362           0.79766          -2.58856
 
 
 group  inft   Estimated free energy: total (kcal/mol)
   1      0     -22.1398     -21.9819     -21.7475     -21.0531     -21.5580
                -22.2910     -22.4968     -21.8271     -22.0676     -21.9944
   1     60     -22.1892     -22.0315     -21.7973     -21.1032     -21.6071
                -22.3397     -22.5462     -21.8765     -22.1168     -22.0431
   1     80     -22.7052     -22.5509     -22.3186     -21.6237     -22.1215
                -22.8535     -23.0651     -22.3978     -22.6331     -22.5577
   1    100     -24.7089     -24.5575     -24.3282     -23.6332     -24.1236
                -24.8567     -25.0721     -24.4019     -24.6373     -24.5607
   2      0     -22.1445     -22.0321     -21.7828     -21.0685     -21.6054
                -22.3799     -22.5476     -21.8356     -22.0843     -22.0165
   3      0     -22.2171     -22.1049     -21.8321     -21.1639     -21.6749
                -22.4789     -22.6951     -21.9229     -22.1874     -22.1498
   4      0     -22.1674     -22.1213     -21.8385     -21.1146     -21.6266
                -22.4617     -22.6879     -21.9501     -22.1520     -22.1229
   5      0     -22.1862     -22.0784     -21.8617     -21.1342     -21.6602
                -22.4698     -22.6848     -21.9338     -22.1881     -22.1463
   5     60     -22.2513     -22.1437     -21.9277     -21.2005     -21.7247
                -22.5354     -22.7499     -21.9994     -22.2529     -22.2107
   5     80     -22.9043     -22.8015     -22.5864     -21.8608     -22.3744
                -23.1889     -23.4078     -22.6560     -22.9057     -22.8634
   5    100     -24.7696     -24.6713     -24.4580     -23.7306     -24.2360
                -25.0527     -25.2765     -24.5239     -24.7759     -24.7313
 
 group  inft   Estimated free energy: 1-th solvent contribution (kcal/mol)
   1      0      -5.5022      -5.0964      -4.7244      -4.9354      -5.3336
                 -5.3346      -5.5782      -4.6317      -4.6363      -5.4664
   1     60      -5.5020      -5.0962      -4.7243      -4.9352      -5.3332
                 -5.3343      -5.5782      -4.6316      -4.6362      -5.4661
   1     80      -5.5073      -5.1017      -4.7297      -4.9407      -5.3388
                 -5.3394      -5.5837      -4.6371      -4.6416      -5.4710
   1    100      -5.5249      -5.1196      -4.7473      -4.9584      -5.3555
                 -5.3563      -5.6016      -4.6547      -4.6594      -5.4871
   2      0      -5.4096      -5.0195      -4.6557      -4.8451      -5.2760
                 -5.2881      -5.5066      -4.5230      -4.5551      -5.4156
   3      0      -5.3983      -4.9938      -4.6327      -4.8145      -5.2536
                 -5.2639      -5.4783      -4.5055      -4.5373      -5.4178
   4      0      -5.3676      -4.9755      -4.6284      -4.7856      -5.2210
                 -5.2630      -5.4800      -4.5002      -4.5193      -5.3990
   5      0      -5.3463      -4.9325      -4.6033      -4.7763      -5.2325
                 -5.2569      -5.4593      -4.4694      -4.5197      -5.3878
   5     60      -5.3470      -4.9331      -4.6039      -4.7769      -5.2331
                 -5.2575      -5.4599      -4.4701      -4.5203      -5.3884
   5     80      -5.3537      -4.9399      -4.6106      -4.7836      -5.2397
                 -5.2639      -5.4668      -4.4768      -4.5271      -5.3946
   5    100      -5.3715      -4.9577      -4.6283      -4.8014      -5.2568
                 -5.2810      -5.4847      -4.4947      -4.5451      -5.4113
 
 group  inft   Estimated free energy: 2-th solvent contribution (kcal/mol)
   1      0       3.5474       2.5002       2.4164       2.5729       5.3211
                  0.4183       2.4114       1.2788       3.5436       4.2072
   1     60       3.5509       2.5035       2.4201       2.5760       5.3247
                  0.4223       2.4148       1.2822       3.5468       4.2107
   1     80       3.5578       2.5103       2.4272       2.5833       5.3326
                  0.4291       2.4214       1.2892       3.5539       4.2174
   1    100       3.5703       2.5213       2.4380       2.5946       5.3468
                  0.4383       2.4327       1.2994       3.5666       4.2303
   2      0       3.4724       2.3923       2.3244       2.4824       5.2353
                  0.2965       2.2970       1.1777       3.4439       4.1407
   3      0       3.4075       2.3204       2.2703       2.3894       5.1706
                  0.2069       2.1627       1.0946       3.3586       4.0462
   4      0       3.3971       2.2692       2.2328       2.3879       5.1544
                  0.2157       2.1493       1.0485       3.3366       4.0332
   5      0       3.3892       2.2946       2.2224       2.3826       5.1608
                  0.2239       2.1593       1.0570       3.3233       4.0287
   5     60       3.3901       2.2956       2.2234       2.3836       5.1620
                  0.2249       2.1602       1.0580       3.3244       4.0297
   5     80       3.3989       2.3032       2.2312       2.3919       5.1725
                  0.2331       2.1683       1.0661       3.3328       4.0386
   5    100       3.4114       2.3127       2.2417       2.4034       5.1886
                  0.2424       2.1784       1.0759       3.3442       4.0516
 
 group  inft   Estimated free energy: 3-th solvent contribution (kcal/mol)
   1      0     -20.1843     -19.3849     -19.4388     -18.6897     -21.5448
                -17.3740     -19.3292     -18.4734     -20.9741     -20.7344
   1     60     -20.2373     -19.4381     -19.4923     -18.7432     -21.5977
                -17.4268     -19.3821     -18.5264     -21.0266     -20.7869
   1     80     -20.7550     -19.9587     -20.0154     -19.2655     -22.1145
                -17.9425     -19.9020     -19.0491     -21.5447     -21.3034
   1    100     -22.7536     -21.9584     -22.0181     -21.2686     -24.1141
                -19.9379     -21.9025     -21.0459     -23.5437     -23.3031
   2      0     -20.2065     -19.4042     -19.4507     -18.7050     -21.5638
                -17.3876     -19.3373     -18.4896     -20.9724     -20.7408
   3      0     -20.2255     -19.4307     -19.4688     -18.7380     -21.5910
                -17.4211     -19.3787     -18.5112     -21.0080     -20.7775
   4      0     -20.1961     -19.4142     -19.4422     -18.7162     -21.5593
                -17.4137     -19.3564     -18.4976     -20.9685     -20.7563
   5      0     -20.2282     -19.4397     -19.4801     -18.7397     -21.5877
                -17.4361     -19.3841     -18.5207     -20.9910     -20.7865
   5     60     -20.2936     -19.5053     -19.5464     -18.8063     -21.6528
                -17.5020     -19.4495     -18.5866     -21.0562     -20.8513
   5     80     -20.9487     -20.1641     -20.2062     -19.4683     -22.3065
                -18.1574     -20.1086     -19.2445     -21.7107     -21.5066
   5    100     -22.8087     -22.0256     -22.0707     -21.3319     -24.1670
                -20.0134     -21.9695     -21.1043     -23.5743     -23.3708
 
 
 cumulative average & 95% error for solvation free energy
              total             1st component         2nd component         3rd component
  1   -22.2171               -5.3983                3.4075              -20.2255
  2   -22.1610     0.1121    -5.1961     0.4044     2.8639     1.0871   -19.8281     0.7948
  3   -22.0513     0.2287    -5.0083     0.4422     2.6661     0.7420   -19.7083     0.5176
  4   -21.8295     0.4723    -4.9598     0.3274     2.5969     0.5426   -19.4658     0.6078
  5   -21.7986     0.3710    -5.0186     0.2795     3.1116     1.1120   -19.8908     0.9718
  6   -21.9119     0.3784    -5.0595     0.2424     2.6275     1.3273   -19.4792     1.1433
  7   -22.0238     0.3903    -5.1193     0.2373     2.5611     1.1296   -19.4648     0.9667
  8   -22.0112     0.3390    -5.0426     0.2565     2.3778     1.0447   -19.3456     0.8705
  9   -22.0308     0.3015    -4.9864     0.2525     2.4868     0.9468   -19.5303     0.8520
 10   -22.0427     0.2707    -5.0296     0.2418     2.6427     0.9025   -19.6551     0.8018
 
 Warning: mesh error is    0.127 kcal/mol and is larger than the threshold value of    0.100 kcal/mol
