 ERmod 0.3.8, Copyright (C) 2000-2019 Nobuyuki Matubayasi
                            2010-2019 Shun Sakuraba
 ERmod comes with ABSOLUTELY NO WARRANTY.
 This is free software, and you can redistribute it
 and/or modify it under certain conditions.
 See LICENSE file for details.
 ERmod 0.3.8, Copyright (C) 2000-2019 Nobuyuki Matubayasi
                            2010-2019 Shun Sakuraba
 ERmod comes with ABSOLUTELY NO WARRANTY.
 This is free software, and you can redistribute it
 and/or modify it under certain conditions.
 See LICENSE file for details.
 
  Number of the   1-th solvent  =          792
  Number of the   2-th solvent  =          792
  Number of the   3-th solvent  =        10000
 
  Be sure that the solvent distribution is homogeneous (radial distribution function is essentially unity) when the solvent molecule is separated beyond distance of   10.0 Angstrom in any direction from any atom within the solute molecule
 
  LJ long-range correction    =        -1.3175     -0.2494     -7.0203
 
  Self-energy of the solute   =        -0.0411  kcal/mol
 
 
 cumulative average & 95% error for solvation energy
              total             1st component         2nd component         3rd component
  1  -533.9525             -207.4358              -81.7384             -244.7370
  2  -535.8670     3.8290  -198.9925    16.8867   -99.0229    34.5690  -237.8104    13.8533
  3  -532.9812     6.1804  -203.1414    12.8026   -79.8331    43.2590  -249.9656    25.5924
  4  -530.4537     6.6821  -206.3084    11.0487   -64.2077    43.7297  -259.8965    26.8696
  5  -529.6161     5.4403  -206.7664     8.6072   -59.8521    34.9751  -262.9565    21.6942
  6  -528.6113     4.8755  -207.6208     7.2324   -54.8736    30.2431  -266.0758    18.7798
  7  -527.2515     4.9371  -207.6073     6.1126   -47.6113    29.3986  -271.9917    19.7966
  8  -525.3486     5.7241  -208.4885     5.5793   -35.1516    35.6256  -281.6673    25.8534
  9  -524.3679     5.4158  -208.6171     4.9272   -28.8830    33.8279  -286.8267    25.0268
 10  -524.6177     4.8698  -206.8827     5.6083   -33.3535    31.5500  -284.3404    22.9304
 11  -524.7406     4.4117  -207.5786     5.2603   -32.5824    28.5797  -284.5385    20.7451
 12  -524.6380     4.0325  -208.2240     4.9725   -31.5037    26.1786  -284.8692    18.9491
 13  -524.4164     3.7358  -208.0932     4.5815   -30.6319    24.1439  -285.6501    17.5005
 14  -524.1545     3.4981  -208.4934     4.3165   -29.1448    22.5499  -286.4752    16.2861
 15  -524.1419     3.2567  -208.6435     4.0296   -29.0816    20.9932  -286.3757    15.1629
 16  -524.0016     3.0592  -208.7987     3.7821   -27.8257    19.7973  -287.3361    14.3130
 17  -524.0545     2.8756  -208.8646     3.5551   -28.6222    18.6645  -286.5265    13.5419
 18  -524.1812     2.7229  -208.9000     3.3526   -30.0212    17.8181  -285.2189    13.0325
 19  -524.2668     2.5813  -208.3542     3.3539   -31.6943    17.1832  -284.1772    12.5024
 20  -524.0088     2.5026  -208.2291     3.1916   -30.3010    16.5378  -285.4375    12.1257
 21  -523.8626     2.3984  -208.2716     3.0370   -29.0945    15.9146  -286.4553    11.7121
 22  -523.8929     2.2876  -208.4021     2.9074   -29.3583    15.1832  -286.0913    11.1907
 23  -523.9821     2.1931  -208.0507     2.8656   -30.6972    14.7531  -285.1931    10.8430
 24  -524.0888     2.1106  -207.6318     2.8687   -32.0468    14.3806  -284.3690    10.5114
 25  -524.0193     2.0291  -207.4797     2.7683   -31.5531    13.8287  -284.9454    10.1479
 26  -523.8837     1.9683  -207.2717     2.6920   -30.6908    13.3976  -285.8800     9.9273
 27  -523.7521     1.9122  -207.6017     2.6732   -29.8934    12.9901  -286.2158     9.5762
 28  -523.6816     1.8480  -207.7314     2.5890   -29.4980    12.5426  -286.4110     9.2361
 29  -523.6020     1.7903  -207.6783     2.5004   -29.0689    12.1327  -286.8136     8.9482
 30  -523.5555     1.7321  -207.6492     2.4163   -29.0591    11.7213  -286.8061     8.6448
 31  -523.6778     1.6930  -207.4736     2.3633   -30.1371    11.5401  -286.0259     8.5056
 32  -523.6527     1.6400  -207.5245     2.2905   -29.7600    11.1991  -286.3271     8.2575
 33  -523.6186     1.5910  -207.3265     2.2550   -29.9866    10.8639  -286.2644     8.0044
 34  -523.5445     1.5506  -207.4516     2.2020   -29.4650    10.5910  -286.5867     7.7921
 35  -523.4737     1.5123  -207.3419     2.1494   -29.2027    10.2973  -286.8879     7.5901
 36  -523.4799     1.4697  -207.4641     2.1031   -29.4628    10.0207  -286.5119     7.4145
 37  -523.2602     1.4955  -207.8850     2.2119   -27.7854    10.3073  -287.5486     7.5035
 38  -523.2693     1.4557  -208.1914     2.2384   -27.4724    10.0519  -287.5644     7.3034
 39  -523.2352     1.4196  -208.3455     2.2019   -26.9945     9.8374  -287.8541     7.1372
 40  -523.1693     1.3899  -208.4155     2.1507   -26.5857     9.6231  -288.1270     6.9779
 41  -523.1741     1.3556  -208.3709     2.0995   -26.3254     9.3999  -288.4366     6.8337
 42  -523.1650     1.3231  -208.2853     2.0561   -26.3261     9.1733  -288.5124     6.6707
 43  -523.1363     1.2932  -208.2640     2.0081   -26.4222     8.9595  -288.4091     6.5170
 44  -523.0373     1.2789  -208.3383     1.9676   -25.6271     8.8968  -289.0308     6.4875
 45  -523.0041     1.2519  -208.1172     1.9735   -25.4388     8.7050  -289.4070     6.3861
 46  -523.0595     1.2294  -208.0693     1.9325   -25.8264     8.5489  -289.1227     6.2716
 47  -523.3020     1.2970  -208.0634     1.8910   -27.3275     8.8874  -287.8699     6.6285
 48  -523.3772     1.2786  -208.1811     1.8661   -27.8932     8.7735  -287.2618     6.6019
 49  -523.5272     1.2877  -208.1805     1.8276   -28.9072     8.8287  -286.3984     6.6924
 50  -523.5221     1.2617  -208.1417     1.7924   -29.0531     8.6553  -286.2862     6.5610
 
 
 group  inft  solvation free energy     error          difference
  total solvation free energy
   1      0        -86.87102           1.52656          -0.16353
   1     60        -87.21933           1.52646          -0.51184
   1     80        -90.03075           1.52622          -3.32325
   1    100        -99.93408           1.52822         -13.22659
   2      0        -87.33967           1.53352          -0.63218
   3      0        -86.70749           1.53077           0.00000
   4      0        -87.38383           1.54222          -0.67634
   5      0        -83.69350           1.53590           3.01400
   5     60        -84.15672           1.53579           2.55077
   5     80        -87.61920           1.53584          -0.91170
   5    100        -96.77492           1.53799         -10.06743
 
  contribution from  1-th solvent component
   1      0       -173.00480           1.31408          -0.64688
   1     60       -173.03491           1.31409          -0.67699
   1     80       -173.28469           1.31427          -0.92677
   1    100       -174.17552           1.31584          -1.81760
   2      0       -172.61266           1.33224          -0.25474
   3      0       -172.35792           1.33805           0.00000
   4      0       -172.58530           1.34252          -0.22738
   5      0       -170.15570           1.34474           2.20222
   5     60       -170.19573           1.34474           2.16219
   5     80       -170.51175           1.34503           1.84616
   5    100       -171.33666           1.34653           1.02126
 
  contribution from  2-th solvent component
   1      0         76.23671           4.38426           0.49609
   1     60         76.24445           4.38429           0.50383
   1     80         76.36322           4.38507           0.62260
   1    100         76.73589           4.38990           0.99527
   2      0         75.34434           4.34984          -0.39628
   3      0         75.74062           4.34417           0.00000
   4      0         75.28375           4.32988          -0.45687
   5      0         76.57844           4.33077           0.83782
   5     60         76.59389           4.33082           0.85327
   5     80         76.74553           4.33180           1.00490
   5    100         77.07617           4.33578           1.33555
 
  contribution from  3-th solvent component
   1      0          9.93822           2.99099          -0.01274
   1     60          9.61228           2.99150          -0.33868
   1     80          6.93187           2.99542          -3.01908
   1    100         -2.45330           3.00845         -12.40426
   2      0          9.96980           2.99002           0.01885
   3      0          9.95096           2.98987           0.00000
   4      0          9.95887           2.98955           0.00791
   5      0          9.92491           2.99124          -0.02604
   5     60          9.48626           2.99193          -0.46469
   5     80          6.18818           2.99672          -3.76277
   5    100         -2.47328           3.00867         -12.42424
 
 
 group  inft   Estimated free energy: total (kcal/mol)
   1      0     -93.7675     -99.6888     -84.1902     -89.7767     -89.8884
                -79.7448     -86.8155     -86.5214     -88.6050     -93.7680
                -88.8592     -90.9135     -85.5894     -86.1621     -87.8403
                -83.6600     -97.6750     -85.7252     -89.3738     -85.7239
                -81.5099     -86.3965     -86.3612     -84.4965     -86.4832
                -74.5794     -91.3652     -79.8829     -79.8173     -88.4458
                -87.2907     -86.2816     -88.0211     -84.9590     -79.1820
                -83.0404     -87.4333     -85.2818     -83.6604     -78.0528
                -84.2039     -79.5972     -81.4717     -82.0156     -90.0338
                -93.8633     -92.9879     -87.5231    -100.3789     -94.6459
   1     60     -94.1107    -100.0315     -84.5369     -90.1268     -90.2385
                -80.0935     -87.1648     -86.8789     -88.9576     -94.1159
                -89.2075     -91.2641     -85.9384     -86.5119     -88.1886
                -84.0080     -98.0231     -86.0701     -89.7219     -86.0724
                -81.8578     -86.7452     -86.7059     -84.8429     -86.8318
                -74.9265     -91.7130     -80.2298     -80.1653     -88.7944
                -87.6369     -86.6312     -88.3702     -85.3073     -79.5299
                -83.3866     -87.7889     -85.6307     -84.0086     -78.3995
                -84.5530     -79.9463     -81.8207     -82.3661     -90.3834
                -94.2127     -93.3297     -87.8703    -100.7258     -94.9951
   1     80     -96.8850    -102.8014     -87.3345     -92.9577     -93.0656
                -82.9092     -89.9888     -89.7436     -91.8013     -96.9283
                -92.0214     -94.0981     -88.7558     -89.3320     -90.9995
                -86.8222    -100.8348     -88.8507     -92.5341     -88.8917
                -84.6668     -89.5590     -89.4873     -87.6391     -89.6487
                -77.7207     -94.5198     -83.0243     -82.9700     -91.6113
                -90.4331     -89.4508     -91.1878     -88.1223     -82.3352
                -86.1798     -90.6478     -88.4429     -86.8159     -81.1927
                -87.3722     -82.7605     -84.6341     -85.2015     -93.2102
                -97.0382     -96.0901     -90.6789    -103.5228     -97.8180
   1    100    -106.6929    -112.5957     -97.1971    -102.9305    -103.0090
                -92.8309     -99.9455     -99.7990    -101.8332    -106.8523
               -101.9282    -104.0933     -98.6770     -99.2555    -100.8937
                -96.7354    -110.7541     -98.6416    -102.4491     -98.8423
                -94.5601     -99.4618     -99.2760     -97.4975     -99.5760
                -87.5579    -104.4006     -92.8436     -92.8357    -101.5330
               -100.2824     -99.3736    -101.0991     -98.0442     -92.1885
                -96.0086    -100.6948     -98.3371     -96.6964     -91.0159
                -97.2981     -92.6466     -94.5356     -95.2019    -103.1872
               -107.0138    -105.8510    -100.5747    -113.3806    -107.7759
   2      0     -94.0804     -99.9502     -84.5052     -90.4544     -90.5595
                -79.8030     -87.2480     -87.3775     -89.0159     -94.2765
                -89.1539     -91.4288     -86.2315     -86.9854     -88.3574
                -84.2359     -98.3233     -86.2091     -89.6722     -86.1877
                -82.2788     -86.7344     -86.6533     -84.6257     -87.2787
                -75.0112     -92.2724     -80.3328     -80.6323     -88.8149
                -87.6409     -87.1409     -88.6433     -85.4006     -79.4939
                -83.2847     -88.4325     -85.6285     -84.0251     -78.4221
                -85.0473     -79.6433     -81.6739     -82.2917     -90.5400
                -94.0904     -92.9513     -87.7291    -100.6917     -95.5221
   3      0     -93.3571     -99.2070     -83.9269     -89.7573     -89.9943
                -79.0193     -86.6997     -87.0062     -87.8833     -93.3592
                -88.2199     -90.8154     -85.7237     -86.4838     -87.9628
                -83.9055     -97.7818     -85.6746     -89.1543     -85.4959
                -81.6084     -85.9459     -86.0936     -83.8481     -86.2721
                -74.4148     -91.6876     -79.7757     -80.2871     -88.4191
                -87.2197     -86.4848     -88.1085     -84.7980     -78.8600
                -82.7285     -87.8140     -84.9696     -83.1375     -77.7936
                -84.6817     -78.9811     -80.8605     -81.4892     -90.0379
                -93.3751     -92.0815     -87.0324    -100.0590     -95.0815
   4      0     -93.9728    -100.0951     -84.3419     -90.5687     -90.7770
                -79.5001     -87.2684     -87.6597     -88.8995     -94.2496
                -88.9772     -91.4746     -86.4489     -87.1507     -88.5115
                -84.3089     -98.5498     -86.3372     -89.4688     -86.1226
                -82.2825     -86.6917     -86.6522     -84.4460     -87.1973
                -74.9645     -92.6313     -80.5963     -80.7672     -88.9719
                -87.7485     -87.4880     -88.7284     -85.3586     -79.4301
                -83.1985     -88.6403     -85.6521     -84.1021     -78.5199
                -85.2610     -79.6226     -81.5660     -82.4017     -90.7134
                -93.9124     -92.7007     -87.6968    -100.8224     -95.7444
   5      0     -90.0590     -96.1900     -80.7510     -86.5527     -87.1130
                -75.9139     -83.9102     -84.3332     -84.9168     -90.3924
                -85.0737     -87.7633     -82.5654     -83.7181     -85.3227
                -81.0079     -94.7754     -82.6572     -85.9318     -82.3323
                -78.6440     -82.9587     -83.2633     -80.6959     -83.1842
                -71.1240     -88.8683     -76.8527     -77.0504     -85.5108
                -84.4071     -83.6374     -85.0592     -81.5582     -75.9640
                -79.8607     -84.8992     -81.7866     -80.1022     -74.5657
                -81.8478     -76.0356     -77.7748     -78.4678     -87.0583
                -89.9258     -88.9516     -84.0857     -97.2135     -92.0410
   5     60     -90.5154     -96.6450     -81.2120     -87.0185     -87.5792
                -76.3777     -84.3745     -84.8077     -85.3858     -90.8552
                -85.5373     -88.2296     -83.0299     -84.1826     -85.7861
                -81.4712     -95.2382     -83.1155     -86.3949     -82.7964
                -79.1068     -83.4216     -83.7218     -81.1565     -83.6483
                -71.5853     -89.3305     -77.3137     -77.5134     -85.9747
                -84.8677     -84.1020     -85.5236     -82.0220     -76.4269
                -80.3212     -85.3712     -82.2503     -80.5657     -75.0270
                -82.3124     -76.4998     -78.2389     -78.9343     -87.5237
                -90.3903     -89.4056     -84.5483     -97.6744     -92.5054
   5     80     -93.9342    -100.0539     -84.6586     -90.5049     -91.0627
                -79.8445     -87.8510     -88.3352     -88.8925     -94.3213
                -89.0015     -91.7216     -86.5019     -87.6556     -89.2485
                -84.9377     -98.7027     -86.5367     -89.8596     -86.2709
                -82.5675     -86.8823     -87.1452     -84.6002     -87.1209
                -75.0246     -92.7850     -80.7509     -80.9674     -89.4438
                -88.3116     -87.5756     -88.9935     -85.4933     -79.8778
                -83.7597     -88.8916     -85.7107     -84.0245     -78.4667
                -85.7853     -79.9629     -81.7040     -82.4274     -91.0084
                -93.8682     -92.8052     -88.0084    -101.1188     -95.9828
   5    100    -103.0019    -109.0984     -93.7788     -99.7228    -100.2600
                -89.0119     -97.0519     -97.6354     -98.1684    -103.4959
                -98.1533    -100.9644     -95.6810     -96.8347     -98.3979
                -94.1067    -107.8760     -95.5848     -99.0265     -95.4723
                -91.7195     -96.0292     -96.1915     -93.7106     -96.3060
                -84.1146    -101.9193     -89.8247     -90.0916     -98.6157
                -97.4182     -96.7578     -98.1575     -94.6742     -88.9819
                -92.8484     -98.1851     -94.8549     -93.1590     -87.5508
                -94.9670     -89.0975     -90.8601     -91.6724    -100.2355
               -103.0806    -101.8199     -97.1579    -110.2298    -105.1921
 
 group  inft   Estimated free energy: 1-th solvent contribution (kcal/mol)
   1      0    -171.9089    -165.6965    -170.8774    -178.0425    -173.8693
               -166.8608    -172.4050    -180.0945    -173.8771    -164.7241
               -178.0588    -176.4159    -171.9438    -178.0476    -174.1982
               -173.7131    -180.2028    -174.7581    -166.2616    -172.6470
               -171.5419    -173.5718    -171.9030    -162.3684    -170.8338
               -166.5930    -186.8149    -174.2615    -172.4642    -172.8670
               -167.3316    -174.2923    -170.6455    -172.8203    -171.4963
               -173.8325    -182.1192    -177.2958    -178.4580    -173.6036
               -172.2421    -168.7137    -168.0810    -173.7956    -168.6583
               -170.1537    -171.4607    -172.4157    -179.1259    -175.8757
   1     60    -171.9386    -165.7262    -170.9071    -178.0727    -173.8995
               -166.8910    -172.4352    -180.1255    -173.9078    -164.7540
               -178.0890    -176.4461    -171.9738    -178.0776    -174.2284
               -173.7434    -180.2325    -174.7879    -166.2917    -172.6772
               -171.5721    -173.6017    -171.9330    -162.3983    -170.8638
               -166.6233    -186.8448    -174.2918    -172.4944    -172.8972
               -167.3617    -174.3226    -170.6756    -172.8503    -171.5265
               -173.8624    -182.1499    -177.3260    -178.4881    -173.6336
               -172.2724    -168.7441    -168.1111    -173.8262    -168.6885
               -170.1838    -171.4903    -172.4460    -179.1556    -175.9054
   1     80    -172.1848    -165.9723    -171.1535    -178.3235    -174.1509
               -167.1402    -172.6864    -180.3815    -174.1617    -165.0010
               -178.3410    -176.6961    -172.2223    -178.3271    -174.4790
               -173.9950    -180.4801    -175.0356    -166.5409    -172.9277
               -171.8230    -173.8498    -172.1831    -162.6458    -171.1123
               -166.8732    -187.0943    -174.5434    -172.7449    -173.1477
               -167.6106    -174.5736    -170.9259    -173.0989    -171.7783
               -174.1105    -182.4033    -177.5757    -178.7384    -173.8823
               -172.5233    -168.9959    -168.3600    -174.0799    -168.9398
               -170.4330    -171.7362    -172.6966    -179.4025    -176.1521
   1    100    -173.0648    -166.8490    -172.0321    -179.2223    -175.0455
               -168.0227    -173.5836    -181.2973    -175.0625    -165.8789
               -179.2430    -177.5868    -173.1109    -179.2207    -175.3683
               -174.8902    -181.3742    -175.9220    -167.4262    -173.8214
               -172.7131    -174.7356    -173.0719    -163.5244    -171.9960
               -167.7616    -187.9991    -175.4395    -173.6407    -174.0409
               -168.4925    -175.4703    -171.8168    -173.9836    -172.6758
               -174.9967    -183.3106    -178.4686    -179.6358    -174.7688
               -173.4167    -169.8886    -169.2452    -174.9848    -169.8311
               -171.3193    -172.6147    -173.5851    -180.2881    -177.0379
   2      0    -171.6416    -165.3903    -170.3911    -177.6703    -173.5066
               -166.1275    -171.8831    -179.7037    -173.5195    -164.4471
               -177.7792    -176.1156    -171.6322    -177.7031    -173.7397
               -173.2448    -179.9120    -174.4197    -165.7331    -172.2533
               -171.2456    -173.0211    -171.6564    -161.7121    -170.5891
               -166.1898    -186.7413    -173.9596    -172.2095    -172.5162
               -166.9817    -173.8757    -170.2367    -172.3859    -171.0591
               -173.2973    -181.7200    -176.9052    -178.0858    -173.2681
               -171.9188    -168.0037    -167.2855    -173.3023    -168.4079
               -169.7906    -170.9926    -171.9117    -178.9522    -175.5981
   3      0    -171.4177    -165.1871    -170.0989    -177.4232    -173.2258
               -165.7831    -171.5803    -179.5201    -173.2463    -164.1944
               -177.4620    -175.8881    -171.3466    -177.5204    -173.4839
               -173.0593    -179.7757    -174.2214    -165.4858    -172.0159
               -170.9807    -172.6434    -171.4546    -161.4127    -170.3603
               -166.0062    -186.5897    -173.6700    -172.0180    -172.1750
               -166.6375    -173.6505    -169.9683    -172.1296    -170.8638
               -173.0927    -181.4574    -176.6237    -177.7811    -173.0792
               -171.7190    -167.7314    -166.8879    -172.9137    -168.1883
               -169.5782    -170.6671    -171.5130    -178.7930    -175.3740
   4      0    -171.5573    -165.5912    -170.1925    -177.6567    -173.6116
               -165.8847    -171.7504    -179.6803    -173.6664    -164.5982
               -177.9350    -176.1814    -171.6113    -177.7375    -173.7970
               -173.1195    -179.9909    -174.3255    -165.6329    -172.2514
               -171.2154    -172.8262    -171.7054    -161.5945    -170.7783
               -166.1132    -186.8484    -173.8390    -172.0058    -172.3540
               -166.8665    -174.2048    -170.2787    -172.2381    -170.9019
               -173.2452    -181.6266    -176.9192    -178.0672    -173.2044
               -171.9095    -167.7802    -167.0389    -173.1894    -168.5100
               -169.6950    -170.9581    -171.9352    -179.1686    -175.4753
   5      0    -169.0536    -163.0085    -167.8583    -175.0218    -171.1381
               -163.5543    -169.4751    -177.5043    -171.0223    -161.9989
               -175.2362    -173.7611    -168.9917    -175.4398    -171.6208
               -170.9583    -177.6369    -171.9383    -163.3145    -169.7316
               -168.7380    -170.3333    -169.5168    -159.1557    -168.1057
               -163.6764    -184.5162    -171.4122    -169.6506    -170.0607
               -164.4992    -171.7047    -167.8300    -169.7035    -168.6274
               -171.0090    -179.1625    -174.3271    -175.4491    -170.6451
               -169.6476    -165.4586    -164.6151    -170.6684    -165.9633
               -167.1270    -168.5853    -169.4668    -176.7871    -173.0781
   5     60    -169.0931    -163.0479    -167.8980    -175.0618    -171.1784
               -163.5945    -169.5152    -177.5453    -171.0633    -162.0387
               -175.2764    -173.8011    -169.0316    -175.4798    -171.6610
               -170.9986    -177.6762    -171.9780    -163.3544    -169.7717
               -168.7783    -170.3730    -169.5568    -159.1956    -168.1458
               -163.7166    -184.5558    -171.4524    -169.6907    -170.1007
               -164.5391    -171.7449    -167.8702    -169.7436    -168.6676
               -171.0488    -179.2031    -174.3671    -175.4892    -170.6852
               -169.6879    -165.4990    -164.6551    -170.7089    -166.0037
               -167.1669    -168.6246    -169.5071    -176.8265    -173.1176
   5     80    -169.4052    -163.3583    -168.2110    -175.3784    -171.4966
               -163.9085    -169.8312    -177.8693    -171.3856    -162.3523
               -175.5944    -174.1169    -169.3477    -175.7966    -171.9770
               -171.3159    -177.9901    -172.2925    -163.6684    -170.0883
               -169.0952    -170.6868    -169.8726    -159.5085    -168.4623
               -164.0331    -184.8726    -171.7697    -170.0081    -170.4166
               -164.8526    -172.0628    -168.1869    -170.0600    -168.9850
               -171.3626    -179.5231    -174.6832    -175.8070    -171.0021
               -170.0054    -165.8165    -164.9700    -171.0285    -166.3216
               -167.4812    -168.9351    -169.8234    -177.1395    -173.4311
   5    100    -170.2213    -164.1672    -169.0281    -176.2069    -172.3263
               -164.7237    -170.6569    -178.7168    -172.2237    -163.1676
               -176.4279    -174.9402    -170.1736    -176.6278    -172.7998
               -172.1445    -178.8172    -173.1163    -164.4846    -170.9146
               -169.9203    -171.5062    -170.6962    -160.3210    -169.2863
               -164.8555    -185.7114    -172.5976    -170.8377    -171.2413
               -165.6670    -172.8933    -169.0136    -170.8838    -169.8147
               -172.1836    -180.3607    -175.5089    -176.6393    -171.8287
               -170.8341    -166.6413    -165.7895    -171.8619    -167.1495
               -168.2989    -169.7458    -170.6450    -177.9613    -174.2534
 
 group  inft   Estimated free energy: 2-th solvent contribution (kcal/mol)
   1      0      50.1609      31.4362      71.1882      79.5995      68.8924
                 74.9064      84.9747     114.7705      95.8225      50.7002
                 79.2892      76.0813      79.9558      86.5055      75.1790
                 86.8853      66.7112      68.7782      57.5949      87.4865
                 89.3189      73.4737      65.7375      58.8040      80.1531
                 92.4771      89.0961      86.3803      87.7887      74.4529
                 59.2815      81.8673      71.9403      82.7361      87.3498
                 74.2907     103.0587      82.2382      90.3158      90.8182
                 84.6377      81.2109      75.9569      95.6824      77.6883
                 61.7323      44.3520      62.5520      51.0949      68.4308
   1     60      50.1691      31.4429      71.1961      79.6062      68.8999
                 74.9138      84.9816     114.7772      95.8294      50.7066
                 79.2983      76.0872      79.9626      86.5131      75.1861
                 86.8938      66.7185      68.7877      57.6017      87.4939
                 89.3270      73.4809      65.7469      58.8119      80.1606
                 92.4864      89.1045      86.3896      87.7974      74.4600
                 59.2893      81.8751      71.9484      82.7439      87.3586
                 74.2995     103.0643      82.2466      90.3249      90.8273
                 84.6459      81.2189      75.9651      95.6904      77.6952
                 61.7389      44.3605      62.5591      51.1028      68.4372
   1     80      50.2914      31.5518      71.3172      79.7127      69.0121
                 75.0263      85.0915     114.8931      95.9386      50.8092
                 79.4270      76.1851      80.0751      86.6326      75.2977
                 87.0161      66.8310      68.9245      57.7092      87.6101
                 89.4525      73.5938      65.8823      58.9303      80.2774
                 92.6280      89.2325      86.5280      87.9311      74.5717
                 59.4071      81.9948      72.0688      82.8616      87.4934
                 74.4273     103.1668      82.3716      90.4593      90.9643
                 84.7699      81.3424      76.0871      95.8107      77.8050
                 61.8392      44.4843      62.6666      51.2210      68.5399
   1    100      50.6683      31.8843      71.6922      80.0408      69.3539
                 75.3659      85.4278     115.2751      96.2673      51.1093
                 79.8377      76.4644      80.4304      87.0128      75.6414
                 87.4037      67.1665      69.3655      58.0291      87.9685
                 89.8555      73.9477      66.3223      59.2921      80.6429
                 93.1008      89.6500      86.9946      88.3734      74.9176
                 59.7727      82.3741      72.4441      83.2229      87.9519
                 74.8340     103.4960      82.7662      90.8990      91.4189
                 85.1654      81.7477      76.4701      96.1938      78.1361
                 62.1215      44.8658      62.9932      51.5787      68.8409
   2      0      49.5542      30.8350      70.3767      78.4972      67.8317
                 74.1017      83.9859     113.5203      94.9719      49.8816
                 78.6606      75.2577      78.9541      85.2822      74.1650
                 85.8028      65.7452      67.9213      56.7439      86.5878
                 88.2013      72.5312      65.1767      58.0044      79.0674
                 91.6074      88.1043      85.5835      86.7155      73.7312
                 58.5539      80.5876      70.8742      81.8141      86.5701
                 73.4910     101.6553      81.4406      89.5380      90.0758
                 83.4366      80.4302      74.9292      94.8724      76.8679
                 61.1044      43.8973      61.8195      50.5921      67.2671
   3      0      50.0864      31.3920      70.6825      78.9547      68.1427
                 74.5401      84.2601     113.7199      95.8511      50.5802
                 79.2907      75.6565      79.1973      85.6268      74.3385
                 85.9778      66.1815      68.2690      57.0233      87.0597
                 88.6363      72.9595      65.5562      58.5016      79.8639
                 92.0348      88.5532      85.8839      86.8770      73.7866
                 58.6432      81.0264      71.1559      82.1854      87.0382
                 73.8381     102.0259      81.8383      90.1370      90.5353
                 83.6320      80.8168      75.3797      95.3077      77.1708
                 61.6299      44.4681      62.1418      51.0819      67.4951
   4      0      49.5706      30.9214      70.3455      78.3887      67.7177
                 74.1724      83.8683     113.2087      95.2393      50.0682
                 79.0058      75.3200      78.7256      85.1808      74.0968
                 85.6102      65.6068      67.7032      56.8559      86.6703
                 88.1754      72.3776      65.2534      58.0680      79.3743
                 91.5702      87.8672      85.2104      86.3784      73.4109
                 58.3452      80.5830      70.8322      81.7232      86.4754
                 73.5496     101.3624      81.4441      89.4462      89.9233
                 83.1893      80.2409      74.7755      94.6824      76.8099
                 61.1829      44.1375      61.9003      50.6858      66.9366
   5      0      51.0221      32.2608      71.6358      79.8039      68.9428
                 75.4248      84.9760     114.4108      96.6353      51.3708
                 80.2382      76.6485      80.0258      86.3517      75.1435
                 86.8002      67.0508      69.0242      58.1132      87.9856
                 89.4018      73.6517      66.4773      59.4275      80.7616
                 93.0167      89.3272      86.5375      87.7754      74.6094
                 59.3504      81.9530      72.0769      83.0299      87.7098
                 74.6799     102.6829      82.7229      90.8346      91.3317
                 84.4034      81.5414      76.2027      96.1247      77.9843
                 62.6470      45.5185      63.0770      51.9420      68.2586
   5     60      51.0382      32.2754      71.6518      79.8176      68.9575
                 75.4398      84.9905     114.4257      96.6493      51.3843
                 80.2551      76.6615      80.0398      86.3674      75.1580
                 86.8162      67.0655      69.0424      58.1270      88.0003
                 89.4177      73.6669      66.4951      59.4431      80.7765
                 93.0345      89.3440      86.5553      87.7921      74.6237
                 59.3657      81.9687      72.0929      83.0450      87.7267
                 74.6967     102.6963      82.7394      90.8515      91.3489
                 84.4196      81.5573      76.2186      96.1400      77.9982
                 62.6606      45.5351      63.0909      51.9579      68.2721
   5     80      51.1937      32.4181      71.8071      79.9528      69.0985
                 75.5840      85.1309     114.5746      96.7856      51.5151
                 80.4195      76.7863      80.1830      86.5210      75.2990
                 86.9710      67.2073      69.2186      58.2624      88.1468
                 89.5755      73.8144      66.6697      59.5942      80.9243
                 93.2174      89.5100      86.7338      87.9628      74.7665
                 59.5141      82.1215      72.2464      83.1920      87.9015
                 74.8605     102.8292      82.9004      91.0221      91.5244
                 84.5772      81.7165      76.3742      96.2921      78.1358
                 62.7903      45.6942      63.2267      52.1097      68.4038
   5    100      51.5292      32.7192      72.1435      80.2394      69.3967
                 75.8877      85.4272     114.9078      97.0754      51.7797
                 80.7879      77.0313      80.4935      86.8576      75.5994
                 87.3130      67.5002      69.6157      58.5425      88.4612
                 89.9279      74.1309      67.0681      59.9178      81.2459
                 93.6452      89.8856      87.1532      88.3558      75.0728
                 59.8351      82.4539      72.5797      83.5071      88.3164
                 75.2230     103.1121      83.2524      91.4150      91.9317
                 84.9250      82.0811      76.7134      96.6287      78.4251
                 63.0440      46.0410      63.5143      52.4316      68.6665
 
 group  inft   Estimated free energy: 3-th solvent contribution (kcal/mol)
   1      0      28.0216      34.6126      15.5402       8.7075      15.1296
                 12.2507       0.6560     -21.1563     -10.5092      20.2971
                  9.9516       9.4622       6.4398       5.4212      11.2202
                  3.2089      15.8576      20.2959      19.3341      -0.5222
                  0.7543      13.7427      19.8455      19.1090       4.2387
                 -0.4224       6.3948       8.0395       4.8993      10.0095
                 20.8005       6.1846      10.7252       5.1664       5.0057
                 16.5425      -8.3316       9.8170       4.5229       4.7737
                  3.4417       7.9467      10.6936      -3.8613       0.9773
                 14.5992      34.1619      22.3816      27.6933      12.8402
   1     60      27.6999      34.2930      15.2153       8.3808      14.8023
                 11.9248       0.3300     -21.4895     -10.8380      19.9726
                  9.6244       9.1358       6.1139       5.0938      10.8949
                  2.8828      15.5320      19.9712      19.0093      -0.8480
                  0.4284      13.4168      19.5214      18.7847       3.9126
                 -0.7485       6.0684       7.7136       4.5729       9.6840
                 20.4766       5.8574      10.3982       4.8402       4.6791
                 16.2175      -8.6622       9.4898       4.1957       4.4479
                  3.1145       7.6201      10.3665      -4.1892       0.6511
                 14.2734      33.8413      22.0577      27.3682      12.5143
   1     80      25.0495      31.6603      12.5430       5.6943      12.1143
                  9.2458      -2.3528     -24.2141     -13.5370      17.3046
                  6.9337       6.4541       3.4326       2.4036       8.2229
                  0.1978      12.8554      17.3015      16.3388      -3.5330
                 -2.2552      10.7381      16.8547      16.1176       1.2274
                 -3.4343       3.3832       5.0322       1.8849       7.0058
                 17.8115       3.1691       7.7104       2.1561       1.9909
                 13.5445     -11.3701       6.8023       1.5044       1.7665
                  0.4223       4.9340       7.6799      -6.8912      -2.0342
                 11.5968      31.2029      19.3923      24.6998       9.8354
   1    100      15.7448      22.4102       3.1840      -3.7078       2.7237
                 -0.1329     -11.7485     -33.7356     -22.9968       7.9585
                 -2.4817      -2.9297      -5.9553      -7.0065      -1.1256
                 -9.2078       3.4948       7.9561       6.9892     -12.9482
                -11.6614       1.3673       7.5147       6.7758      -8.1817
                -12.8558      -6.0104      -4.3575      -7.5273      -2.3686
                  8.4786      -6.2362      -1.6852      -7.2424      -7.4235
                  4.1953     -20.8391      -2.5936      -7.9184      -7.6248
                 -9.0056      -4.4646      -1.7193     -16.3697     -11.4512
                  2.2252      21.9390      10.0582      15.3699       0.4623
   2      0      28.0481      34.6463      15.5504       8.7599      15.1566
                 12.2639       0.6904     -21.1529     -10.4272      20.3301
                 10.0059       9.4702       6.4878       5.4766      11.2585
                  3.2472      15.8847      20.3304      19.3582      -0.4810
                  0.8066      13.7967      19.8675      19.1230       4.2840
                 -0.3877       6.4058       8.0845       4.9029      10.0113
                 20.8281       6.1884      10.7603       5.2124       5.0362
                 16.5628      -8.3267       9.8772       4.5638       4.8114
                  3.4761       7.9714      10.7236      -3.8206       1.0411
                 14.6370      34.1852      22.4043      27.7095      12.8500
   3      0      28.0153      34.6293      15.5307       8.7523      15.1299
                 12.2648       0.6616     -21.1648     -10.4469      20.2961
                  9.9926       9.4574       6.4668       5.4509      11.2237
                  3.2172      15.8536      20.3189      19.3494      -0.4986
                  0.7772      13.7792      19.8460      19.1041       4.2654
                 -0.4022       6.3901       8.0515       4.8950      10.0105
                 20.8157       6.1805      10.7451       5.1873       5.0069
                 16.5672      -8.3413       9.8569       4.5477       4.7914
                  3.4465       7.9746      10.6888      -3.8420       1.0207
                 14.6144      34.1587      22.3800      27.6932      12.8387
   4      0      28.0551      34.6159      15.5462       8.7404      15.1580
                 12.2534       0.6549     -21.1470     -10.4313      20.3216
                  9.9932       9.4280       6.4779       5.4472      11.2299
                  3.2416      15.8754      20.3263      19.3494      -0.5003
                  0.7987      13.7980      19.8410      19.1216       4.2479
                 -0.3803       6.3911       8.0735       4.9014      10.0124
                 20.8140       6.1749      10.7593       5.1974       5.0376
                 16.5382      -8.3349       9.8641       4.5600       4.8023
                  3.5004       7.9578      10.7386      -3.8535       1.0279
                 14.6409      34.1611      22.3794      27.7015      12.8355
   5      0      28.0136      34.5989      15.5126       8.7063      15.1234
                 12.2568       0.6301     -21.1986     -10.4885      20.2769
                  9.9654       9.3904       6.4416       5.4113      11.1957
                  3.1913      15.8518      20.2981      19.3107      -0.5451
                  0.7334      13.7641      19.8173      19.0735       4.2010
                 -0.4231       6.3619       8.0632       4.8659       9.9816
                 20.7829       6.1555      10.7350       5.1566       4.9947
                 16.5096      -8.3784       9.8587       4.5534       4.7888
                  3.4376       7.9228      10.6788      -3.8830       0.9618
                 14.5953      34.1563      22.3452      27.6727      12.8197
   5     60      27.5807      34.1686      15.0753       8.2668      14.6829
                 11.8181       0.1914     -21.6470     -10.9306      19.8403
                  9.5250       8.9511       6.0030       4.9709      10.7581
                  2.7523      15.4136      19.8613      18.8736      -0.9838
                  0.2949      13.3257      19.3810      18.6371       3.7621
                 -0.8620       5.9225       7.6246       4.4264       9.5434
                 20.3468       5.7153      10.2948       4.7177       4.5551
                 16.0720      -8.8233       9.4185       4.1131       4.3504
                  2.9970       7.4831      10.2388      -4.3244       0.5230
                 14.1571      33.7250      21.9091      27.2353      12.3812
   5     80      24.3184      30.9274      11.7864       4.9618      11.3765
                  8.5212      -3.1095     -24.9993     -14.2513      16.5571
                  6.2145       5.6502       2.7039       1.6612       7.4706
                 -0.5516      12.1212      16.5783      15.5875      -4.2883
                 -3.0066      10.0312      16.0989      15.3553       0.4583
                 -4.1677       2.6188       4.3262       1.1190       6.2475
                 17.0680       2.4069       6.9882       1.4158       1.2469
                 12.7836     -12.1565       6.1132       0.8015       1.0521
                 -0.3159       4.1782       6.9330      -7.6498      -2.7814
                 10.8639      30.4768      18.6295      23.9523       9.0857
   5    100      15.7313      22.3907       3.1469      -3.7141       2.7108
                 -0.1349     -11.7809     -33.7853     -22.9789       7.9331
                 -2.4721      -3.0143      -5.9598      -7.0233      -1.1563
                 -9.2340       3.4821       7.9570       6.9567     -12.9778
                -11.6860       1.3872       7.4777       6.7337      -8.2245
                -12.8631      -6.0523      -4.3391      -7.5686      -2.4061
                  8.4548      -6.2772      -1.6825      -7.2562      -7.4425
                  4.1533     -20.8953      -2.5571      -7.8936      -7.6126
                 -9.0168      -4.4962      -1.7429     -16.3980     -11.4699
                  2.2155      21.9261      10.0140      15.3410       0.4359
 
 
 cumulative average & 95% error for solvation free energy
              total             1st component         2nd component         3rd component
  1   -93.3571             -171.4177               50.0864               28.0153
  2   -96.2821     5.8499  -168.3024     6.2306    40.7392    18.6945    31.3223     6.6140
  3   -92.1637     8.9024  -168.9012     3.7914    50.7203    22.6932    26.0584    11.1989
  4   -91.5621     6.4089  -171.0317     5.0342    57.7789    21.3726    21.7319    11.7296
  5   -91.2485     5.0037  -171.4705     3.9970    59.8517    17.0663    20.4115     9.4617
  6   -89.2103     5.7714  -170.5226     3.7742    62.2997    14.7697    19.0537     8.1888
  7   -88.8517     4.9302  -170.6737     3.2041    65.4369    13.9709    16.4263     8.6897
  8   -88.6210     4.2945  -171.7795     3.5484    71.4723    17.0907    11.7274    12.0396
  9   -88.5390     3.7909  -171.9425     3.1463    74.1811    16.0166     9.2636    11.7056
 10   -89.0210     3.5251  -171.1677     3.2126    71.8210    15.0833    10.3668    10.6998
 11   -88.9482     3.1919  -171.7399     3.1231    72.5000    13.7108    10.3328     9.6786
 12   -89.1038     2.9304  -172.0856     2.9336    72.7631    12.5272    10.2598     8.8365
 13   -88.8438     2.7452  -172.0287     2.7009    73.2580    11.5658     9.9681     8.1493
 14   -88.6752     2.5639  -172.4210     2.6208    74.1415    10.8527     9.6454     7.5723
 15   -88.6277     2.3887  -172.4919     2.4439    74.1546    10.1033     9.7506     7.0526
 16   -88.3326     2.3111  -172.5273     2.2872    74.8936     9.5656     9.3423     6.6475
 17   -88.8884     2.4390  -172.9537     2.3115    74.3811     9.0436     9.7253     6.2910
 18   -88.7099     2.3270  -173.0241     2.1838    74.0415     8.5534    10.3138     6.0469
 19   -88.7333     2.2017  -172.6274     2.2129    73.1458     8.2867    10.7894     5.7983
 20   -88.5714     2.1136  -172.5968     2.1002    73.8415     7.9836    10.2250     5.6154
 21   -88.2398     2.1170  -172.5198     2.0036    74.5460     7.7235     9.7751     5.4166
 22   -88.1356     2.0292  -172.5255     1.9104    74.4739     7.3655     9.9571     5.1773
 23   -88.0468     1.9471  -172.4789     1.8278    74.0862     7.0806    10.3871     5.0213
 24   -87.8718     1.8968  -172.0178     1.9781    73.4368     6.9024    10.7503     4.8621
 25   -87.8078     1.8238  -171.9515     1.9020    73.6939     6.6405    10.4909     4.6923
 26   -87.2927     2.0327  -171.7228     1.8837    74.3993     6.5341    10.0719     4.5854
 27   -87.4555     1.9829  -172.2735     2.1209    74.9236     6.3743     9.9356     4.4208
 28   -87.1812     1.9879  -172.3233     2.0462    75.3150     6.1921     9.8683     4.2621
 29   -86.9435     1.9762  -172.3128     1.9745    75.7137     6.0277     9.6968     4.1268
 30   -86.9927     1.9117  -172.3082     1.9076    75.6495     5.8248     9.7072     3.9869
 31   -87.0000     1.8491  -172.1253     1.8809    75.1009     5.7396    10.0656     3.9222
 32   -86.9839     1.7906  -172.1730     1.8237    75.2860     5.5696     9.9442     3.8054
 33   -87.0180     1.7369  -172.1061     1.7726    75.1609     5.4040     9.9684     3.6886
 34   -86.9527     1.6901  -172.1068     1.7197    75.3675     5.2589     9.8278     3.5895
 35   -86.7215     1.7050  -172.0713     1.6713    75.7009     5.1498     9.6901     3.4963
 36   -86.6106     1.6717  -172.0997     1.6252    75.6492     5.0058     9.8811     3.4192
 37   -86.6431     1.6272  -172.3526     1.6597    76.3621     5.0731     9.3886     3.4683
 38   -86.5990     1.5863  -172.4650     1.6310    76.5062     4.9462     9.4009     3.3759
 39   -86.5103     1.5552  -172.6013     1.6118    76.8557     4.8682     9.2765     3.2976
 40   -86.2924     1.5773  -172.6133     1.5712    77.1977     4.7939     9.1644     3.2219
 41   -86.2531     1.5403  -172.5914     1.5330    77.3546     4.6861     9.0249     3.1547
 42   -86.0799     1.5426  -172.4757     1.5139    77.4370     4.5761     8.9999     3.0791
 43   -85.9586     1.5257  -172.3458     1.5009    77.3892     4.4695     9.0392     3.0076
 44   -85.8570     1.5044  -172.3587     1.4666    77.7964     4.4420     8.7464     2.9963
 45   -85.9499     1.4823  -172.2660     1.4456    77.7825     4.3423     8.5747     2.9490
 46   -86.1113     1.4852  -172.2076     1.4186    77.4314     4.3045     8.7060     2.8961
 47   -86.2383     1.4753  -172.1748     1.3897    76.7300     4.4393     9.2476     3.0337
 48   -86.2549     1.4446  -172.1610     1.3607    76.4261     4.3882     9.5212     3.0198
 49   -86.5366     1.5229  -172.2964     1.3598    75.9089     4.4204     9.8920     3.0492
 50   -86.7075     1.5308  -172.3579     1.3380    75.7406     4.3442     9.9510     2.9899
 
 Mesh error is    3.014 kcal/mol
