 ERmod 0.3.8, Copyright (C) 2000-2019 Nobuyuki Matubayasi
                            2010-2019 Shun Sakuraba
 ERmod comes with ABSOLUTELY NO WARRANTY.
 This is free software, and you can redistribute it
 and/or modify it under certain conditions.
 See LICENSE file for details.
 ERmod 0.3.8, Copyright (C) 2000-2019 Nobuyuki Matubayasi
                            2010-2019 Shun Sakuraba
 ERmod comes with ABSOLUTELY NO WARRANTY.
 This is free software, and you can redistribute it
 and/or modify it under certain conditions.
 See LICENSE file for details.
 
  Number of the   1-th solvent  =          368
  Number of the   2-th solvent  =          368
  Number of the   3-th solvent  =        10000
 
  Be sure that the solvent distribution is homogeneous (radial distribution function is essentially unity) when the solvent molecule is separated beyond distance of   10.0 Angstrom in any direction from any atom within the solute molecule
 
  LJ long-range correction    =        -0.6509     -0.1232     -7.4645
 
  Self-energy of the solute   =        -0.0279  kcal/mol
 
 
 cumulative average & 95% error for solvation energy
              total             1st component         2nd component         3rd component
  1  -499.6833              -91.6050              -45.7423             -362.3081
  2  -498.3479     2.6707   -95.6046     7.9993   -31.9912    27.5022  -370.7242    16.8323
  3  -497.0707     2.9837   -95.8116     4.6369   -22.6843    24.4663  -378.5469    18.4179
  4  -497.6564     2.4131   -96.5008     3.5567   -27.6490    19.9472  -373.4787    16.5032
  5  -497.0717     2.2049   -95.5973     3.2948   -23.5283    17.5115  -377.9182    15.5644
  6  -497.1553     1.8080   -96.5817     3.3337   -22.2963    14.5089  -378.2495    12.7255
  7  -497.9118     2.1503   -96.6659     2.8225   -26.8154    15.2333  -374.4026    13.2236
  8  -498.4755     2.1769   -96.8002     2.4591   -30.1521    14.7842  -371.4953    12.8436
  9  -498.3268     1.9427   -96.8627     2.1723   -29.1298    13.1978  -372.3064    11.4426
 10  -498.5986     1.8206   -96.6515     1.9884   -31.7693    12.9311  -370.1499    11.1062
 11  -498.7638     1.6797   -95.7759     2.5102   -34.5351    12.9387  -368.4249    10.6218
 12  -498.5558     1.5887   -95.4682     2.3727   -34.3587    11.8166  -368.7011     9.7121
 13  -497.8527     2.0282   -95.4730     2.1826   -31.0057    12.7719  -371.3460    10.3825
 14  -497.5394     1.9795   -95.6368     2.0471   -29.3618    12.2730  -372.5130     9.8916
 15  -497.7835     1.9064   -95.8405     1.9488   -30.9336    11.8502  -370.9814     9.7047
 16  -498.1328     1.9152   -95.9032     1.8273   -33.8267    12.5041  -368.3750    10.4681
 17  -498.4027     1.8783   -95.8631     1.7183   -35.7560    12.3631  -366.7557    10.3527
 18  -498.5971     1.8130   -95.3209     1.9494   -37.5545    12.1984  -365.6939     9.9890
 19  -498.6114     1.7152   -95.5403     1.8955   -37.0762    11.5781  -365.9670     9.4644
 20  -498.5816     1.6283   -95.4664     1.8043   -36.9156    10.9887  -366.1717     8.9880
 21  -498.7622     1.5903   -95.1928     1.8013   -38.4386    10.8871  -365.1029     8.8125
 22  -498.8642     1.5300   -94.8831     1.8258   -39.4539    10.5772  -364.4994     8.4887
 23  -499.0969     1.5343   -94.6183     1.8232   -41.3947    10.8266  -363.0560     8.6096
 24  -499.1431     1.4718   -94.7229     1.7580   -42.0441    10.4468  -362.3481     8.3638
 25  -498.8171     1.5550   -94.7747     1.6894   -39.9141    10.8882  -364.1005     8.7544
 26  -498.6930     1.5145   -94.8807     1.6370   -39.0237    10.6115  -364.7607     8.5140
 27  -498.6933     1.4573   -94.9550     1.5821   -39.2328    10.2195  -364.4776     8.2121
 28  -498.4496     1.4864   -95.0368     1.5333   -37.3800    10.5218  -366.0049     8.4824
 29  -498.5301     1.4433   -95.1172     1.4882   -37.9041    10.2065  -365.4808     8.2516
 30  -498.5543     1.3952   -95.2937     1.4805   -37.8016     9.8626  -365.4311     7.9724
 31  -498.5946     1.3518   -95.3700     1.4400   -38.0237     9.5494  -365.1731     7.7282
 32  -498.6531     1.3141   -95.3006     1.4012   -38.3331     9.2669  -364.9914     7.4916
 33  -498.6955     1.2765   -95.1496     1.3912   -38.4433     8.9844  -365.0747     7.2629
 34  -498.5307     1.2815   -95.0941     1.3542   -37.3864     8.9688  -366.0223     7.2965
 35  -498.4425     1.2568   -95.1608     1.3217   -36.7317     8.8067  -366.5221     7.1551
 36  -498.5340     1.2350   -94.9678     1.3413   -37.4594     8.6814  -366.0788     7.0098
 37  -498.7624     1.2851   -94.8685     1.3195   -39.1447     9.0914  -364.7213     7.3385
 38  -498.8864     1.2752   -94.9747     1.3018   -39.9654     8.9999  -363.9184     7.3210
 39  -498.9566     1.2500   -95.0233     1.2717   -40.5109     8.8337  -363.3946     7.2074
 40  -498.9371     1.2190   -95.0944     1.2476   -40.2745     8.6230  -363.5402     7.0309
 41  -498.8852     1.1934   -95.0896     1.2168   -39.7476     8.4758  -364.0202     6.9241
 42  -498.9098     1.1657   -94.9631     1.2142   -39.7635     8.2716  -364.1553     6.7627
 43  -498.8923     1.1388   -94.8780     1.1977   -39.6133     8.0825  -364.3732     6.6179
 44  -499.0187     1.1409   -94.7354     1.2045   -40.5331     8.1082  -363.7223     6.5955
 45  -499.0615     1.1186   -94.5567     1.2304   -40.9625     7.9723  -363.5145     6.4606
 46  -499.0961     1.0962   -94.5444     1.2036   -41.2678     7.8210  -363.2561     6.3397
 47  -499.1972     1.0915   -94.4934     1.1822   -41.9870     7.7868  -362.6889     6.3062
 48  -499.1905     1.0686   -94.4404     1.1621   -42.0503     7.6239  -362.6719     6.1735
 49  -499.2928     1.0664   -94.3158     1.1651   -42.8242     7.6254  -362.1249     6.1444
 50  -499.2037     1.0599   -94.3395     1.1425   -42.2349     7.5637  -362.6014     6.0952
 
 
 group  inft  solvation free energy     error          difference
  total solvation free energy
   1      0        -89.84577           0.79864           0.05504
   1     60        -90.15878           0.79871          -0.25797
   1     80        -93.15215           0.79988          -3.25134
   1    100       -103.03709           0.80322         -13.13628
   2      0        -90.10560           0.81700          -0.20479
   3      0        -89.90081           0.81644           0.00000
   4      0        -90.17914           0.81959          -0.27833
   5      0        -89.84262           0.82446           0.05819
   5     60        -90.27072           0.82464          -0.36992
   5     80        -93.95153           0.82614          -4.05072
   5    100       -103.03257           0.82906         -13.13176
 
  contribution from  1-th solvent component
   1      0        -74.26693           0.79452          -0.41141
   1     60        -74.27837           0.79449          -0.42285
   1     80        -74.39597           0.79430          -0.54045
   1    100        -74.78690           0.79430          -0.93138
   2      0        -74.01607           0.81880          -0.16055
   3      0        -73.85552           0.82764           0.00000
   4      0        -74.00308           0.83045          -0.14756
   5      0        -73.79584           0.82976           0.05968
   5     60        -73.81206           0.82972           0.04346
   5     80        -73.95742           0.82952          -0.10190
   5    100        -74.30756           0.82952          -0.45204
 
  contribution from  2-th solvent component
   1      0         10.37299           3.84794           0.46532
   1     60         10.37718           3.84797           0.46952
   1     80         10.44718           3.84861           0.53952
   1    100         10.64694           3.85114           0.73928
   2      0          9.84420           3.83977          -0.06346
   3      0          9.90766           3.82906           0.00000
   4      0          9.77327           3.82783          -0.13440
   5      0          9.94486           3.82275           0.03719
   5     60          9.95498           3.82281           0.04731
   5     80         10.06053           3.82359           0.15286
   5    100         10.23542           3.82562           0.32776
 
  contribution from  3-th solvent component
   1      0        -25.92392           3.58112           0.00113
   1     60        -26.22969           3.58132          -0.30463
   1     80        -29.17547           3.58424          -3.25041
   1    100        -38.86923           3.59786         -12.94418
   2      0        -25.90583           3.58177           0.01923
   3      0        -25.92505           3.58182           0.00000
   4      0        -25.92143           3.58119           0.00362
   5      0        -25.96374           3.58267          -0.03868
   5     60        -26.38574           3.58310          -0.46069
   5     80        -30.02674           3.58700          -4.10169
   5    100        -38.93254           3.59978         -13.00748
 
 
 group  inft   Estimated free energy: total (kcal/mol)
   1      0     -91.9438     -93.2505     -93.9128     -87.4838     -87.5998
                -94.1344     -91.8286     -91.0108     -91.3417     -90.0405
                -90.8486     -93.3306     -88.5028     -84.8707     -89.1533
                -87.0745     -91.7684     -91.6317     -87.9814     -89.7162
                -89.7109     -84.4419     -91.3312     -87.7273     -83.5960
                -84.7882     -84.3364     -88.3474     -89.9770     -90.5350
                -92.8011     -93.0809     -87.7279     -91.3514     -90.5380
                -85.9390     -94.1252     -88.2131     -87.6622     -90.7860
                -92.2552     -92.2411     -93.2640     -88.4250     -93.4085
                -89.4407     -90.9235     -86.3150     -92.7674     -88.8072
   1     60     -92.2575     -93.5654     -94.2258     -87.7962     -87.9144
                -94.4482     -92.1428     -91.3225     -91.6556     -90.3531
                -91.1618     -93.6468     -88.8192     -85.1841     -89.4658
                -87.3853     -92.0805     -91.9452     -88.2947     -90.0300
                -90.0234     -84.7548     -91.6447     -88.0402     -83.9084
                -85.1010     -84.6480     -88.6583     -90.2900     -90.8488
                -93.1154     -93.3939     -88.0414     -91.6641     -90.8509
                -86.2514     -94.4355     -88.5247     -87.9738     -91.0994
                -92.5679     -92.5544     -93.5776     -88.7343     -93.7209
                -89.7528     -91.2347     -86.6281     -93.0797     -89.1256
   1     80     -95.2595     -96.5800     -97.2302     -90.7884     -90.9336
                -97.4646     -95.1415     -94.3002     -94.6575     -93.3428
                -94.1563     -96.6699     -91.8403     -88.1780     -92.4495
                -90.3422     -95.0651     -94.9396     -91.2929     -93.0191
                -93.0052     -87.7471     -94.6355     -91.0270     -86.9014
                -88.0850     -87.6322     -91.6433     -93.2847     -93.8536
                -96.1155     -96.3908     -91.0286     -94.6674     -93.8514
                -89.2428     -97.4017     -91.4999     -90.9461     -94.0908
                -95.5671     -95.5553     -96.5838     -91.7060     -96.7125
                -92.7374     -94.2134     -89.6155     -96.0681     -92.1477
   1    100    -105.1591    -106.5378    -107.1713    -100.6666    -100.9387
               -107.4283    -105.0101    -104.1277    -104.5814    -103.2045
               -104.0414    -106.6659    -101.8742     -98.0839    -102.2908
               -100.0792    -104.9215    -104.8113    -101.1868    -102.8794
               -102.8287     -97.6197    -104.5122    -100.9124     -96.8436
                -97.9275     -97.4869    -101.5402    -103.1612    -103.7685
               -106.0006    -106.2659    -100.8747    -104.6233    -103.7733
                -99.1224    -107.2001    -101.3032    -100.7351    -103.9600
               -105.4776    -105.4719    -106.5049    -101.5462    -106.6065
               -102.5803    -104.0483     -99.4624    -105.9276    -102.1095
   2      0     -92.3528     -93.6660     -94.6103     -87.3760     -87.7729
                -94.1792     -92.1917     -91.3751     -91.6940     -90.5547
                -91.1621     -93.5038     -88.6240     -85.3509     -89.3647
                -87.3540     -92.1439     -91.8206     -88.2780     -89.8617
                -90.1533     -84.4174     -91.5581     -88.0885     -83.3634
                -85.1156     -84.3170     -88.6490     -90.4109     -90.8752
                -92.8171     -93.3118     -88.0054     -91.6928     -90.6546
                -85.8789     -94.3103     -88.5509     -87.6219     -91.3214
                -92.6549     -92.6360     -93.5492     -88.5864     -93.7401
                -89.8957     -90.8568     -86.8492     -93.0160     -89.1456
   3      0     -92.1711     -93.5521     -94.4855     -87.0033     -87.5558
                -93.9707     -91.9967     -90.9221     -91.7000     -90.3158
                -90.7244     -93.4225     -88.2995     -85.3943     -89.3696
                -87.0360     -91.9219     -91.4572     -88.1609     -89.5775
                -89.9363     -84.2386     -91.1932     -87.9382     -83.1235
                -85.0134     -83.9641     -88.5010     -90.2753     -90.6283
                -92.5058     -93.0537     -87.9192     -91.5934     -90.3685
                -85.6599     -93.9723     -88.5158     -87.5048     -91.1790
                -92.7069     -92.5149     -93.2179     -88.1860     -93.5696
                -89.6665     -90.5113     -86.7419     -92.9019     -88.9022
   4      0     -92.5763     -93.6860     -94.8601     -87.2363     -87.9166
                -94.2808     -92.2297     -91.4134     -91.8205     -90.6531
                -91.2657     -93.4880     -88.5083     -85.4991     -89.6187
                -87.3134     -92.2037     -91.8286     -88.5418     -89.9101
                -90.1436     -84.3635     -91.2906     -88.1813     -83.4405
                -85.2603     -84.1692     -88.7524     -90.5585     -90.8207
                -92.9408     -93.3884     -88.3045     -91.8486     -90.6771
                -85.9319     -94.1997     -88.7255     -87.7027     -91.4855
                -92.9417     -92.7637     -93.5081     -88.5251     -93.8573
                -90.0522     -90.7589     -87.1018     -93.1706     -89.2423
   5      0     -92.0282     -93.3885     -94.7389     -86.8817     -87.5234
                -94.0413     -92.1383     -90.6383     -91.5068     -90.2725
                -90.9842     -93.2176     -87.9425     -85.2766     -89.3588
                -86.8874     -91.7668     -91.4202     -88.1286     -89.5658
                -89.9528     -83.9619     -90.9170     -87.8292     -83.3029
                -84.7934     -83.8573     -88.4490     -90.3097     -90.3902
                -92.4417     -93.1075     -88.1606     -91.5592     -90.2324
                -85.4941     -93.6824     -88.4494     -87.3893     -91.1307
                -92.7564     -92.7194     -93.3378     -88.2132     -93.5575
                -89.4569     -90.4468     -86.7536     -92.9384     -88.8337
   5     60     -92.4572     -93.8201     -95.1679     -87.3092     -87.9547
                -94.4727     -92.5686     -91.0647     -91.9362     -90.6994
                -91.4116     -93.6499     -88.3750     -85.7047     -89.7855
                -87.3110     -92.1929     -91.8495     -88.5584     -89.9942
                -90.3797     -84.3891     -91.3445     -88.2565     -83.7304
                -85.2207     -84.2830     -88.8754     -90.7373     -90.8200
                -92.8722     -93.5370     -88.5894     -91.9878     -90.6613
                -85.9214     -94.1053     -88.8752     -87.8151     -91.5597
                -93.1856     -93.1486     -93.7676     -88.6360     -93.9844
                -89.8832     -90.8714     -87.1807     -93.3654     -89.2686
   5     80     -96.1474     -97.5289     -98.8654     -90.9888     -91.6744
                -98.1863     -96.2554     -94.7235     -95.6280     -94.3756
                -95.0931     -97.3699     -92.0923     -89.3881     -93.4539
                -90.9415     -95.8627     -95.5312     -92.2477     -93.6643
                -94.0449     -88.0670     -95.0219     -91.9315     -87.4138
                -88.8886     -87.9537     -92.5470     -94.4196     -94.5149
                -96.5600     -97.2214     -92.2605     -95.6826     -94.3510
                -89.6023     -97.7490     -92.5336     -91.4666     -95.2359
                -96.8751     -96.8406     -97.4623     -92.2920     -97.6655
                -93.5496     -94.5322     -90.8510     -97.0412     -92.9826
   5    100    -105.2414    -106.6752    -108.0088    -100.0627    -100.8785
               -107.3438    -105.3211    -103.7494    -104.7408    -103.4369
               -104.1730    -106.5494    -101.3066     -98.4931    -102.4934
                -99.8837    -104.9157    -104.5976    -101.3415    -102.7113
               -103.0684     -97.1355    -104.0918    -101.0110     -96.5501
                -97.9359     -97.0115    -101.6449    -103.4949    -103.6220
               -105.6391    -106.2939    -101.3063    -104.8285    -103.4692
                -98.6799    -106.7463    -101.5434    -100.4572    -104.3011
               -105.9851    -105.9528    -106.5716    -101.3332    -106.7572
               -102.5917    -103.5610     -99.8973    -106.0966    -102.1274
 
 group  inft   Estimated free energy: 1-th solvent contribution (kcal/mol)
   1      0     -74.6914     -79.4155     -76.7294     -73.4999     -67.5275
                -78.6562     -75.8568     -76.2124     -76.3438     -76.2721
                -72.3471     -75.1817     -73.6995     -77.0562     -77.0559
                -75.5438     -75.9193     -69.6758     -75.5830     -74.7554
                -72.1617     -66.8364     -71.1720     -76.1056     -69.6047
                -76.0686     -71.1627     -76.6660     -77.4707     -77.2603
                -76.7848     -74.2228     -71.5621     -74.3517     -75.2017
                -68.1311     -74.0529     -75.5856     -75.0674     -76.4443
                -75.1212     -73.6009     -73.0993     -69.3147     -72.7660
                -74.5432     -74.1609     -74.6185     -72.5086     -75.6775
   1     60     -74.7028     -79.4267     -76.7408     -73.5113     -67.5393
                -78.6677     -75.8683     -76.2237     -76.3553     -76.2833
                -72.3586     -75.1930     -73.7111     -77.0675     -77.0671
                -75.5551     -75.9306     -69.6874     -75.5946     -74.7670
                -72.1732     -66.8481     -71.1834     -76.1171     -69.6167
                -76.0799     -71.1743     -76.6773     -77.4821     -77.2716
                -76.7962     -74.2343     -71.5737     -74.3634     -75.2131
                -68.1426     -74.0641     -75.5970     -75.0787     -76.4558
                -75.1328     -73.6124     -73.1109     -69.3262     -72.7775
                -74.5543     -74.1721     -74.6297     -72.5200     -75.6891
   1     80     -74.8196     -79.5423     -76.8580     -73.6285     -67.6588
                -78.7859     -75.9856     -76.3405     -76.4743     -76.3992
                -72.4768     -75.3094     -73.8293     -77.1848     -77.1836
                -75.6716     -76.0474     -69.8056     -75.7124     -74.8858
                -72.2906     -66.9678     -71.3010     -76.2358     -69.7382
                -76.1962     -71.2931     -76.7938     -77.5993     -77.3879
                -76.9127     -74.3530     -71.6926     -74.4833     -75.3305
                -68.2605     -74.1806     -75.7141     -75.1947     -76.5744
                -75.2512     -73.7301     -73.2296     -69.4446     -72.8958
                -74.6694     -74.2875     -74.7459     -72.6375     -75.8077
   1    100     -75.2090     -79.9306     -77.2487     -74.0157     -68.0462
                -79.1770     -76.3736     -76.7299     -76.8707     -76.7884
                -72.8705     -75.6973     -74.2234     -77.5789     -77.5744
                -76.0616     -76.4390     -70.1942     -76.1020     -75.2812
                -72.6799     -67.3609     -71.6926     -76.6338     -70.1337
                -76.5855     -71.6846     -77.1819     -77.9925     -77.7761
                -77.3008     -74.7450     -72.0846     -74.8816     -75.7209
                -68.6491     -74.5717     -76.1028     -75.5812     -76.9698
                -75.6439     -74.1209     -73.6215     -69.8356     -73.2887
                -75.0538     -74.6743     -75.1356     -73.0275     -76.2023
   2      0     -74.5523     -79.2812     -76.5967     -72.9364     -67.0184
                -78.4653     -75.6917     -76.0291     -76.1242     -76.0825
                -72.1821     -75.0471     -73.2715     -76.8781     -76.8673
                -75.3718     -75.7764     -69.4611     -75.3278     -74.4917
                -71.9762     -66.2239     -70.9284     -75.9296     -69.0063
                -75.8342     -70.4927     -76.5040     -77.2527     -77.0941
                -76.5580     -74.0375     -71.2600     -74.0722     -74.9340
                -67.7605     -73.8433     -75.3443     -74.7843     -76.2100
                -74.8646     -73.4113     -72.9366     -68.9511     -72.6242
                -74.3585     -73.8841     -74.4700     -72.3113     -75.4929
   3      0     -74.3383     -79.1532     -76.4577     -72.6471     -66.7344
                -78.3415     -75.5398     -75.7752     -76.0100     -75.9703
                -71.9983     -74.9503     -73.1060     -76.7911     -76.7220
                -75.2204     -75.6565     -69.2312     -75.2129     -74.3159
                -71.8466     -65.9942     -70.7421     -75.8272     -68.7464
                -75.6513     -70.2126     -76.3543     -77.0907     -76.9397
                -76.4015     -73.8828     -71.1226     -73.9603     -74.7876
                -67.5724     -73.6717     -75.2125     -74.6434     -76.0989
                -74.7948     -73.2439     -72.7423     -68.7508     -72.5042
                -74.2150     -73.6935     -74.3673     -72.1740     -75.3596
   4      0     -74.6250     -79.3133     -76.5951     -72.8376     -66.8600
                -78.4233     -75.6491     -76.1544     -76.0993     -76.1216
                -72.1339     -74.9812     -73.2477     -76.8567     -76.9188
                -75.2714     -75.7923     -69.5434     -75.3371     -74.5309
                -71.9744     -65.9812     -70.9382     -75.8963     -68.8749
                -75.8081     -70.3176     -76.6179     -77.2723     -77.1076
                -76.6366     -74.1004     -71.2789     -74.1139     -74.9067
                -67.5958     -73.8745     -75.2368     -74.7187     -76.2288
                -74.8719     -73.3711     -72.9012     -68.9157     -72.6927
                -74.3851     -73.9510     -74.3757     -72.3338     -75.5838
   5      0     -74.2396     -79.0912     -76.5191     -72.5293     -66.5156
                -78.3166     -75.5768     -75.6383     -75.9383     -75.8150
                -72.0067     -74.8148     -72.9394     -76.7021     -76.7455
                -75.0276     -75.5798     -69.2770     -75.0675     -74.2951
                -71.8970     -65.7238     -70.6800     -75.6626     -68.7696
                -75.5168     -70.1712     -76.3367     -77.1103     -76.8345
                -76.3952     -73.9441     -71.2179     -73.8781     -74.6474
                -67.3468     -73.5883     -75.1039     -74.5886     -76.0361
                -74.7278     -73.3638     -72.8136     -68.8225     -72.5211
                -74.0037     -73.7807     -74.2142     -72.1620     -75.2985
   5     60     -74.2557     -79.1071     -76.5353     -72.5456     -66.5324
                -78.3330     -75.5931     -75.6544     -75.9546     -75.8309
                -72.0228     -74.8309     -72.9557     -76.7181     -76.7615
                -75.0437     -75.5958     -69.2935     -75.0839     -74.3114
                -71.9132     -65.7403     -70.6962     -75.6788     -68.7864
                -75.5329     -70.1875     -76.3529     -77.1262     -76.8505
                -76.4114     -73.9605     -71.2344     -73.8944     -74.6637
                -67.3632     -73.6042     -75.1201     -74.6047     -76.0524
                -74.7442     -73.3801     -72.8300     -68.8387     -72.5374
                -74.0196     -73.7965     -74.2302     -72.1782     -75.3150
   5     80     -74.4005     -79.2497     -76.6804     -72.6906     -66.6805
                -78.4800     -75.7390     -75.7986     -76.1004     -75.9744
                -72.1682     -74.9754     -73.1015     -76.8631     -76.9058
                -75.1880     -75.7401     -69.4401     -75.2306     -74.4569
                -72.0578     -65.8873     -70.8419     -75.8249     -68.9350
                -75.6770     -70.3334     -76.4983     -77.2703     -76.9943
                -76.5562     -74.1076     -71.3813     -74.0406     -74.8087
                -67.5101     -73.7478     -75.2657     -74.7486     -76.1985
                -74.8901     -73.5257     -72.9764     -68.9846     -72.6844
                -74.1624     -73.9388     -74.3744     -72.3234     -75.4618
   5    100     -74.7503     -79.5956     -77.0307     -73.0379     -67.0294
                -78.8327     -76.0894     -76.1470     -76.4522     -76.3231
                -72.5192     -75.3245     -73.4524     -77.2152     -77.2562
                -75.5380     -76.0906     -69.7906     -75.5825     -74.8074
                -72.4057     -66.2372     -71.1934     -76.1791     -69.2857
                -76.0259     -70.6817     -76.8491     -77.6198     -77.3418
                -76.9057     -74.4606     -71.7325     -74.3919     -75.1582
                -67.8614     -74.0971     -75.6163     -75.0961     -76.5510
                -75.2408     -73.8763     -73.3267     -69.3344     -73.0387
                -74.5082     -74.2841     -74.7247     -72.6733     -75.8156
 
 group  inft   Estimated free energy: 2-th solvent contribution (kcal/mol)
   1      0       7.4998      22.1955      27.6437       8.6284      26.9667
                 21.0422       4.5710       5.3147      20.7944       4.1249
                  0.0287      12.3785      34.8106      30.4811       5.1640
                 -4.3391      -2.2002      -2.3505      19.0185      16.0669
                 -2.7960       1.6777     -11.8448       1.7656      39.1082
                 26.1633       8.6196      41.1923       5.5672      12.7859
                  7.9643       6.3921      13.5240      29.8906      23.4791
                  0.7432     -19.3193      -3.1607       3.2933      16.1219
                 21.5070      11.4511      12.1062      -8.4503       0.1361
                  3.4749      -6.1863      11.6088     -10.4442      24.4385
   1     60       7.5040      22.1999      27.6475       8.6323      26.9704
                 21.0464       4.5755       5.3191      20.7985       4.1288
                  0.0325      12.3819      34.8146      30.4859       5.1681
                 -4.3347      -2.1962      -2.3461      19.0229      16.0716
                 -2.7918       1.6817     -11.8408       1.7694      39.1128
                 26.1678       8.6238      41.1974       5.5714      12.7899
                  7.9682       6.3963      13.5288      29.8950      23.4833
                  0.7473     -19.3154      -3.1565       3.2981      16.1261
                 21.5111      11.4556      12.1103      -8.4461       0.1400
                  3.4789      -6.1820      11.6133     -10.4402      24.4427
   1     80       7.5728      22.2685      27.7187       8.6966      27.0307
                 21.1074       4.6430       5.3933      20.8657       4.1961
                  0.0960      12.4385      34.8845      30.5660       5.2398
                 -4.2537      -2.1305      -2.2744      19.0927      16.1506
                 -2.7219       1.7499     -11.7727       1.8350      39.1918
                 26.2496       8.6924      41.2831       5.6381      12.8529
                  8.0362       6.4628      13.6103      29.9661      23.5530
                  0.8128     -19.2475      -3.0872       3.3777      16.2017
                 21.5828      11.5247      12.1764      -8.3803       0.2046
                  3.5501      -6.1144      11.6906     -10.3790      24.5175
   1    100       7.7666      22.4580      27.9269       8.8736      27.1899
                 21.2662       4.8283       5.6107      21.0537       4.3879
                  0.2700      12.5842      35.0839      30.8090       5.4497
                 -4.0030      -1.9493      -2.0674      19.2890      16.3850
                 -2.5214       1.9435     -11.5791       2.0154      39.4304
                 26.5026       8.8831      41.5449       5.8241      13.0244
                  8.2257       6.6448      13.8535      30.1687      23.7529
                  0.9929     -19.0529      -2.8896       3.6176      16.4229
                 21.7907      11.7173      12.3608      -8.1980       0.3816
                  3.7610      -5.9227      11.9204     -10.2179      24.7365
   2      0       6.9301      21.6258      26.8006       8.1441      26.2571
                 20.7843       4.0184       4.7455      20.2146       3.4020
                 -0.4832      12.0332      34.2525      29.8209       4.7469
                 -4.8138      -2.7371      -2.7614      18.4397      15.6053
                 -3.4310       1.0684     -12.3432       1.1980      38.7515
                 25.5817       7.9648      40.6959       4.9116      12.2576
                  7.7000       5.9811      12.9428      29.2539      23.0801
                  0.4070     -19.7513      -3.7527       3.0474      15.3546
                 20.8446      10.8549      11.6508      -8.9767      -0.3583
                  2.8069      -6.4275      10.8942     -10.9095      23.8871
   3      0       6.8947      21.6109      26.8093       8.2381      26.2308
                 20.8898       4.0680       4.9638      20.1177       3.5612
                 -0.2105      12.0393      34.4398      29.7262       4.6161
                 -4.6211      -2.6122      -2.6256      18.4620      15.7407
                 -3.3258       1.0336     -12.1386       1.2539      38.7542
                 25.5028       8.0534      40.7160       4.9133      12.3595
                  7.8760       6.0972      12.8983      29.2617      23.2339
                  0.4382     -19.5738      -3.8212       3.0522      15.4157
                 20.7548      10.8354      11.8077      -8.7617      -0.2907
                  2.9137      -6.2288      10.9239     -10.8953      23.9847
   4      0       6.7887      21.6415      26.5532       8.2160      25.9423
                 20.6785       3.9509       4.8551      20.0915       3.3653
                 -0.6272      11.9839      34.3644      29.6397       4.5712
                 -4.8722      -2.7510      -2.6704      18.1989      15.6340
                 -3.4065       0.8690     -12.0647       1.0768      38.5930
                 25.4118       7.9487      40.6845       4.8225      12.3433
                  7.7001       5.9888      12.7092      29.1497      23.0571
                  0.1856     -19.6178      -3.9939       2.9345      15.2276
                 20.5998      10.6863      11.6609      -8.9222      -0.4168
                  2.6880      -6.2204      10.5396     -11.0036      23.8785
   5      0       6.9927      21.7868      26.6563       8.2845      26.0727
                 20.8464       4.0177       5.1662      20.2704       3.4816
                 -0.4411      12.1464      34.6670      29.7891       4.6804
                 -4.6350      -2.4926      -2.5079      18.3896      15.7727
                 -3.2689       1.0775     -11.8971       1.2331      38.6546
                 25.6167       8.1591      40.7758       4.9429      12.5095
                  7.9864       6.1498      12.7934      29.2375      23.2867
                  0.4367     -19.3366      -3.8230       3.1378      15.4190
                 20.7120      10.7828      11.8189      -8.6771      -0.2324
                  2.9252      -6.0566      10.7839     -10.8970      24.0482
   5     60       7.0027      21.7970      26.6662       8.2940      26.0819
                 20.8557       4.0278       5.1768      20.2803       3.4910
                 -0.4318      12.1553      34.6772      29.8001       4.6907
                 -4.6240      -2.4827      -2.4975      18.3996      15.7839
                 -3.2589       1.0874     -11.8869       1.2429      38.6655
                 25.6274       8.1691      40.7874       4.9526      12.5191
                  7.9964       6.1598      12.8047      29.2477      23.2967
                  0.4464     -19.3267      -3.8131       3.1489      15.4298
                 20.7220      10.7932      11.8288      -8.6674      -0.2229
                  2.9352      -6.0466      10.7946     -10.8876      24.0592
   5     80       7.1065      21.8990      26.7726       8.3912      26.1710
                 20.9473       4.1291       5.2896      20.3815       3.5912
                 -0.3364      12.2424      34.7836      29.9194       4.7997
                 -4.5012      -2.3829      -2.3883      18.5023      15.9035
                 -3.1532       1.1897     -11.7817       1.3411      38.7829
                 25.7489       8.2709      40.9150       5.0520      12.6156
                  8.0998       6.2614      12.9257      29.3533      23.4025
                  0.5454     -19.2221      -3.7090       3.2690      15.5438
                 20.8291      10.8968      11.9314      -8.5683      -0.1255
                  3.0442      -5.9426      10.9103     -10.7939      24.1727
   5    100       7.2751      22.0628      26.9491       8.5447      26.3015
                 21.0849       4.2910       5.4840      20.5448       3.7542
                 -0.1875      12.3689      34.9601      30.1329       4.9852
                 -4.2770      -2.2231      -2.2052      18.6710      16.1130
                 -2.9765       1.3566     -11.6086       1.4975      38.9922
                 25.9693       8.4356      41.1486       5.2120      12.7662
                  8.2669       6.4232      13.1407      29.5268      23.5762
                  0.7037     -19.0499      -3.5357       3.4834      15.7375
                 21.0092      11.0654      12.0965      -8.4091       0.0289
                  3.2275      -5.7710      11.1122     -10.6521      24.3677
 
 group  inft   Estimated free energy: 3-th solvent contribution (kcal/mol)
   1      0     -24.7242     -36.0026     -44.7991     -22.5845     -47.0110
                -36.4925     -20.5149     -20.0851     -35.7644     -17.8655
                -18.5023     -30.4995     -49.5860     -38.2677     -17.2335
                 -7.1637     -13.6210     -19.5775     -31.3890     -30.9997
                -14.7253     -19.2553      -8.2866     -13.3594     -53.0716
                -34.8550     -21.7654     -52.8458     -18.0456     -26.0327
                -23.9527     -25.2223     -29.6620     -46.8624     -38.7876
                -18.5232      -0.7251      -9.4389     -15.8602     -30.4357
                -38.6131     -30.0634     -32.2430     -10.6321     -20.7507
                -18.3445     -10.5484     -23.2774      -9.7867     -37.5403
   1     60     -25.0309     -36.3107     -45.1047     -22.8893     -47.3175
                -36.7989     -20.8220     -20.3899     -36.0708     -18.1708
                -18.8078     -30.8079     -49.8949     -38.5745     -17.5388
                 -7.4676     -13.9258     -19.8838     -31.6951     -31.3066
                -15.0305     -19.5604      -8.5926     -13.6646     -53.3766
                -35.1610     -22.0697     -53.1505     -18.3514     -26.3391
                -24.2596     -25.5280     -29.9686     -47.1679     -39.0933
                -18.8282      -1.0281      -9.7433     -16.1652     -30.7417
                -38.9184     -30.3698     -32.5492     -10.9341     -21.0555
                -18.6494     -10.8528     -23.5838     -10.0915     -37.8513
   1     80     -27.9848     -39.2783     -48.0630     -25.8285     -50.2775
                -39.7581     -23.7710     -23.3250     -39.0210     -21.1118
                -21.7476     -33.7712     -52.8677     -41.5312     -20.4778
                -10.3889     -16.8593     -22.8317     -34.6453     -34.2560
                -17.9648     -22.5013     -11.5338     -16.5983     -56.3271
                -38.1105     -25.0036     -56.1047     -21.2956     -29.2908
                -27.2110     -28.4727     -32.9183     -50.1224     -42.0460
                -21.7672      -3.9458     -12.6706     -19.1012     -33.6902
                -41.8708     -33.3221     -35.5026     -13.8532     -23.9934
                -21.5902     -13.7836     -26.5323     -13.0237     -40.8296
   1    100     -37.6888     -49.0373     -57.8217     -35.4966     -60.0544
                -49.4896     -33.4370     -32.9806     -48.7365     -30.7762
                -31.4130     -43.5250     -62.7068     -51.2861     -30.1382
                -19.9867     -26.5053     -32.5218     -44.3460     -43.9553
                -27.5995     -32.1745     -21.2126     -26.2662     -66.1124
                -47.8167     -34.6575     -65.8754     -30.9649     -38.9890
                -36.8976     -38.1378     -42.6157     -59.8825     -51.7773
                -31.4383     -13.5476     -22.2829     -28.7436     -43.3852
                -51.5964     -43.0404     -45.2163     -23.4848     -33.6715
                -31.2596     -23.4234     -36.2193     -22.6543     -50.6158
   2      0     -24.7028     -35.9827     -44.7863     -22.5558     -46.9837
                -36.4704     -20.4905     -20.0636     -35.7565     -17.8463
                -18.4690     -30.4620     -49.5771     -38.2658     -17.2164
                 -7.1405     -13.6025     -19.5703     -31.3620     -30.9474
                -14.7182     -19.2339      -8.2586     -13.3291     -53.0806
                -34.8352     -21.7612     -52.8130     -18.0419     -26.0108
                -23.9312     -25.2274     -29.6603     -46.8466     -38.7728
                -18.4974      -0.6879      -9.4260     -15.8570     -30.4381
                -38.6069     -30.0517     -32.2354     -10.6307     -20.7297
                -18.3161     -10.5173     -23.2455      -9.7674     -37.5119
   3      0     -24.6996     -35.9819     -44.8092     -22.5664     -47.0243
                -36.4912     -20.4970     -20.0828     -35.7797     -17.8788
                -18.4877     -30.4836     -49.6055     -38.3016     -17.2359
                 -7.1666     -13.6253     -19.5725     -31.3821     -30.9744
                -14.7361     -19.2501      -8.2846     -13.3370     -53.1034
                -34.8369     -21.7770     -52.8348     -18.0700     -26.0203
                -23.9524     -25.2403     -29.6671     -46.8670     -38.7869
                -18.4978      -0.6988      -9.4543     -15.8857     -30.4679
                -38.6389     -30.0784     -32.2554     -10.6455     -20.7469
                -18.3373     -10.5611     -23.2707      -9.8047     -37.4995
   4      0     -24.7121     -35.9862     -44.7903     -22.5869     -46.9710
                -36.5080     -20.5036     -20.0862     -35.7848     -17.8688
                -18.4767     -30.4628     -49.5971     -38.2542     -17.2432
                 -7.1419     -13.6325     -19.5869     -31.3757     -30.9853
                -14.7348     -19.2234      -8.2598     -13.3339     -53.1308
                -34.8360     -21.7724     -52.7910     -18.0808     -26.0285
                -23.9764     -25.2490     -29.7069     -46.8565     -38.7996
                -18.4937      -0.6794      -9.4670     -15.8907     -30.4564
                -38.6416     -30.0510     -32.2399     -10.6592     -20.7199
                -18.3273     -10.5595     -23.2378      -9.8052     -37.5091
   5      0     -24.7534     -36.0562     -44.8481     -22.6090     -47.0527
                -36.5432     -20.5513     -20.1384     -35.8110     -17.9112
                -18.5086     -30.5213     -49.6423     -38.3358     -17.2658
                 -7.1969     -13.6666     -19.6073     -31.4228     -31.0154
                -14.7589     -19.2876      -8.3121     -13.3718     -53.1601
                -34.8654     -21.8172     -52.8603     -18.1145     -26.0374
                -24.0050     -25.2854     -29.7082     -46.8908     -38.8437
                -18.5561      -0.7295      -9.4946     -15.9106     -30.4858
                -38.7126     -30.1105     -32.3151     -10.6857     -20.7761
                -18.3506     -10.5816     -23.2954      -9.8515     -37.5555
   5     60     -25.1764     -36.4822     -45.2709     -23.0298     -47.4763
                -36.9675     -20.9754     -20.5593     -36.2340     -18.3317
                -18.9291     -30.9465     -50.0687     -38.7588     -17.6868
                 -7.6154     -14.0865     -20.0306     -31.8462     -31.4388
                -15.1797     -19.7083      -8.7336     -13.7926     -53.5816
                -35.2873     -22.2367     -53.2820     -18.5357     -26.4607
                -24.4293     -25.7084     -30.1318     -47.3132     -39.2664
                -18.9767      -1.1464      -9.9141     -16.3315     -30.9093
                -39.1355     -30.5338     -32.7384     -11.1020     -21.1962
                -18.7709     -11.0004     -23.7172     -10.2717     -37.9849
   5     80     -28.8255     -40.1503     -48.9297     -26.6615     -51.1371
                -40.6257     -24.6176     -24.1866     -39.8812     -21.9645
                -22.5606     -34.6090     -53.7465     -42.4165     -21.3200
                -11.2245     -17.7117     -23.6749     -35.4915     -35.0831
                -18.8060     -23.3415     -12.3703     -17.4199     -57.2338
                -38.9326     -25.8633     -56.9358     -22.1735     -30.1083
                -28.0756     -29.3472     -33.7770     -50.9674     -42.9169
                -22.6097      -4.7512     -13.5310     -19.9591     -34.5534
                -42.7862     -34.1838     -36.3895     -14.7112     -24.8278
                -22.4035     -14.6229     -27.3590     -13.8961     -41.6656
   5    100     -37.7383     -49.1144     -57.8992     -35.5416     -60.1228
                -49.5681     -33.4948     -33.0584     -48.8055     -30.8400
                -31.4384     -43.5659     -62.7863     -51.3829     -30.1945
                -20.0408     -26.5741     -32.5739     -44.4022     -43.9890
                -27.6584     -32.2270     -21.2619     -26.3014     -66.2287
                -47.8513     -34.7376     -65.9164     -31.0592     -39.0185
                -36.9724     -38.2285     -42.6866     -59.9355     -51.8593
                -31.4943     -13.5714     -22.3635     -28.8165     -43.4597
                -51.7255     -43.1140     -45.3136     -23.5619     -33.7195
                -31.2831     -23.4780     -36.2569     -22.7433     -50.6517
 
 
 cumulative average & 95% error for solvation free energy
              total             1st component         2nd component         3rd component
  1   -92.1711              -74.3383                6.8947              -24.6996
  2   -92.8616     1.3810   -76.7457     4.8149    14.2528    14.7161   -30.3408    11.2822
  3   -93.4029     1.3446   -76.6497     2.7865    18.4383    11.9273   -35.1636    11.6391
  4   -91.8030     3.3380   -75.6491     2.8085    15.8883     9.8561   -32.0143    10.3637
  5   -90.9536     3.0938   -73.8661     4.1771    17.9568     8.6833   -35.0163    10.0246
  6   -91.4564     2.7189   -74.6120     3.7226    18.4456     7.1570   -35.2621     8.1998
  7   -91.5336     2.3031   -74.7446     3.1573    16.3917     7.3118   -33.1528     8.1131
  8   -91.4572     2.0004   -74.8734     2.7464    14.9632     6.9469   -31.5191     7.7488
  9   -91.4841     1.7650   -74.9997     2.4352    15.5359     6.2327   -31.9925     6.8990
 10   -91.3673     1.5959   -75.0968     2.1868    14.3384     6.0674   -30.5811     6.7857
 11   -91.3089     1.4482   -74.8151     2.0567    13.0158     6.0924   -29.4817     6.5198
 12   -91.4850     1.3682   -74.8263     1.8776    12.9344     5.5640   -29.5652     5.9541
 13   -91.2400     1.3506   -74.6940     1.7473    14.5887     6.0944   -31.1068     6.2851
 14   -90.8224     1.5036   -74.8438     1.6452    15.6699     6.0425   -31.6207     5.9090
 15   -90.7256     1.4131   -74.9690     1.5519    14.9330     5.8151   -30.6617     5.8257
 16   -90.4950     1.4000   -74.9847     1.4520    13.7109     5.9635   -29.1932     6.1905
 17   -90.5789     1.3258   -75.0242     1.3662    12.7507     5.9217   -28.2775     6.0966
 18   -90.6277     1.2537   -74.7024     1.4400    11.8965     5.8386   -27.7939     5.8287
 19   -90.4979     1.2140   -74.7293     1.3631    12.2420     5.5659   -27.9827     5.5263
 20   -90.4518     1.1554   -74.7086     1.2939    12.4170     5.2918   -28.1323     5.2513
 21   -90.4273     1.1001   -74.5723     1.2605    11.6673     5.2521   -27.4944     5.1553
 22   -90.1460     1.1903   -74.1824     1.4327    11.1840     5.1001   -27.1197     4.9722
 23   -90.1915     1.1410   -74.0328     1.4013    10.1699     5.2785   -26.3007     5.0255
 24   -90.0976     1.1084   -74.1076     1.3499     9.7984     5.1081   -25.7606     4.9313
 25   -89.8187     1.2007   -73.8931     1.3640    10.9567     5.4195   -26.8543     5.2113
 26   -89.6338     1.2113   -73.9608     1.3174    11.5161     5.3258   -27.1613     5.0443
 27   -89.4239     1.2390   -73.8219     1.2978    11.3879     5.1311   -26.9619     4.8703
 28   -89.3909     1.1957   -73.9124     1.2636    12.4353     5.3700   -27.8859     5.0439
 29   -89.4214     1.1554   -74.0220     1.2388    12.1759     5.2074   -27.5474     4.9137
 30   -89.4616     1.1191   -74.1192     1.2125    12.1820     5.0308   -27.4965     4.7482
 31   -89.5598     1.1000   -74.1929     1.1819    12.0431     4.8738   -27.3822     4.5981
 32   -89.6690     1.0873   -74.1832     1.1445    11.8573     4.7336   -27.3153     4.4541
 33   -89.6160     1.0591   -74.0904     1.1247    11.8889     4.5884   -27.3865     4.3194
 34   -89.6741     1.0341   -74.0866     1.0912    12.3998     4.5672   -27.9595     4.3443
 35   -89.6940     1.0049   -74.1066     1.0603    12.7094     4.4777   -28.2689     4.2635
 36   -89.5819     1.0019   -73.9251     1.0925    12.3685     4.4047   -27.9974     4.1788
 37   -89.7006     1.0030   -73.9183     1.0626    11.5052     4.6188   -27.2596     4.3238
 38   -89.6694     0.9782   -73.9523     1.0365    11.1019     4.5674   -26.7911     4.3116
 39   -89.6139     0.9592   -73.9700     1.0102    10.8955     4.4679   -26.5114     4.2367
 40   -89.6530     0.9382   -74.0233     0.9904    11.0085     4.3606   -26.6104     4.1341
 41   -89.7275     0.9271   -74.0421     0.9667    11.2462     4.2794   -26.9037     4.0745
 42   -89.7939     0.9144   -74.0231     0.9441    11.2364     4.1763   -26.9793     3.9792
 43   -89.8735     0.9070   -73.9933     0.9238    11.2497     4.0781   -27.1020     3.8933
 44   -89.8352     0.8895   -73.8741     0.9335    10.7949     4.0869   -26.7280     3.8766
 45   -89.9181     0.8852   -73.8437     0.9146    10.5486     4.0253   -26.5951     3.7988
 46   -89.9127     0.8658   -73.8518     0.8946    10.3826     3.9508   -26.4156     3.7326
 47   -89.9254     0.8476   -73.8484     0.8754    10.0291     3.9299   -26.0783     3.7141
 48   -89.8591     0.8402   -73.8592     0.8572    10.0478     3.8474   -26.0198     3.6378
 49   -89.9212     0.8322   -73.8248     0.8424     9.6204     3.8638   -25.6888     3.6237
 50   -89.9008     0.8164   -73.8555     0.8276     9.9077     3.8291   -25.9251     3.5818
 
 Mesh error is    0.278 kcal/mol
