 ERmod 0.3.7, Copyright (C) 2000-2019 Nobuyuki Matubayasi
                            2010-2019 Shun Sakuraba
 ERmod comes with ABSOLUTELY NO WARRANTY.
 This is free software, and you can redistribute it
 and/or modify it under certain conditions.
 See LICENSE file for details.
 ERmod 0.3.7, Copyright (C) 2000-2019 Nobuyuki Matubayasi
                            2010-2019 Shun Sakuraba
 ERmod comes with ABSOLUTELY NO WARRANTY.
 This is free software, and you can redistribute it
 and/or modify it under certain conditions.
 See LICENSE file for details.
 
  Number of the   1-th solvent  =        10000
 
  Be sure that the solvent distribution is homogeneous (radial distribution function is essentially unity) when the solvent molecule is separated beyond distance of   10.0 Angstrom in any direction from any atom within the solute molecule
 
  LJ long-range correction    =        -0.4740
 
  Self-energy of the solute   =        -0.0003  kcal/mol
 
 
 cumulative average & 95% error for solvation energy
  1   -30.5440
  2   -30.5526     0.0173
  3   -30.5150     0.0760
  4   -30.5139     0.0538
  5   -30.5233     0.0457
  6   -30.5121     0.0435
  7   -30.5316     0.0536
  8   -30.5433     0.0520
  9   -30.5406     0.0461
 10   -30.5390     0.0414
 
 
 group  inft  solvation free energy     error          difference
   1      0         -5.69497           0.02090           0.00699
   1     60         -5.71334           0.02089          -0.01137
   1     80         -5.87591           0.02089          -0.17394
   1    100         -6.52439           0.02107          -0.82243
   2      0         -5.69966           0.02129           0.00231
   3      0         -5.70197           0.02163           0.00000
   4      0         -5.68988           0.02190           0.01209
   5      0         -5.69379           0.02203           0.00818
   5     60         -5.71818           0.02202          -0.01621
   5     80         -5.92391           0.02203          -0.22194
   5    100         -6.52520           0.02221          -0.82323
 
 
 group  inft   Estimated free energy (kcal/mol)
   1      0      -5.6781      -5.7263      -5.6684      -5.6743      -5.7134
                 -5.6606      -5.7554      -5.7222      -5.6949      -5.6561
   1     60      -5.6966      -5.7446      -5.6867      -5.6927      -5.7318
                 -5.6790      -5.7737      -5.7406      -5.7132      -5.6745
   1     80      -5.8593      -5.9072      -5.8490      -5.8556      -5.8943
                 -5.8416      -5.9362      -5.9034      -5.8755      -5.8370
   1    100      -6.5075      -6.5556      -6.4969      -6.5048      -6.5427
                 -6.4902      -6.5851      -6.5527      -6.5240      -6.4844
   2      0      -5.6823      -5.7342      -5.6715      -5.6805      -5.7186
                 -5.6650      -5.7596      -5.7256      -5.7011      -5.6582
   3      0      -5.6894      -5.7327      -5.6736      -5.6836      -5.7181
                 -5.6656      -5.7666      -5.7278      -5.7033      -5.6590
   4      0      -5.6741      -5.7238      -5.6587      -5.6700      -5.7098
                 -5.6519      -5.7520      -5.7163      -5.6927      -5.6496
   5      0      -5.6748      -5.7314      -5.6688      -5.6715      -5.7111
                 -5.6607      -5.7553      -5.7186      -5.6988      -5.6468
   5     60      -5.6992      -5.7558      -5.6931      -5.6960      -5.7355
                 -5.6851      -5.7796      -5.7431      -5.7232      -5.6712
   5     80      -5.9050      -5.9614      -5.8985      -5.9022      -5.9412
                 -5.8908      -5.9853      -5.9492      -5.9288      -5.8768
   5    100      -6.5063      -6.5626      -6.4993      -6.5039      -6.5424
                 -6.4922      -6.5869      -6.5513      -6.5301      -6.4770
 
 
 cumulative average & 95% error for solvation free energy
  1    -5.6894
  2    -5.7111     0.0434
  3    -5.6986     0.0354
  4    -5.6948     0.0261
  5    -5.6995     0.0223
  6    -5.6938     0.0214
  7    -5.7042     0.0276
  8    -5.7072     0.0246
  9    -5.7067     0.0217
 10    -5.7020     0.0216
