 ERmod 0.3.8, Copyright (C) 2000-2019 Nobuyuki Matubayasi
                            2010-2019 Shun Sakuraba
 ERmod comes with ABSOLUTELY NO WARRANTY.
 This is free software, and you can redistribute it
 and/or modify it under certain conditions.
 See LICENSE file for details.
 ERmod 0.3.8, Copyright (C) 2000-2019 Nobuyuki Matubayasi
                            2010-2019 Shun Sakuraba
 ERmod comes with ABSOLUTELY NO WARRANTY.
 This is free software, and you can redistribute it
 and/or modify it under certain conditions.
 See LICENSE file for details.
 
  Number of the   1-th solvent  =          792
  Number of the   2-th solvent  =          792
  Number of the   3-th solvent  =        10000
 
  Be sure that the solvent distribution is homogeneous (radial distribution function is essentially unity) when the solvent molecule is separated beyond distance of   10.0 Angstrom in any direction from any atom within the solute molecule
 
  LJ long-range correction    =        -1.3175     -0.2494     -7.0203
 
  Self-energy of the solute   =         0.0004  kcal/mol
 
 
 cumulative average & 95% error for solvation energy
              total             1st component         2nd component         3rd component
  1  -520.0472             -201.4278              -97.9727             -220.6470
  2  -523.9541     7.8139  -199.1226     4.6105  -111.6520    27.3587  -213.1799    14.9343
  3  -523.7987     4.5220  -197.4994     4.1982  -115.9836    18.0152  -210.3161    10.3512
  4  -522.5125     4.1038  -197.4439     2.9706  -107.5031    21.2120  -217.5659    16.2423
  5  -521.0498     4.3201  -198.2435     2.8021  -100.8711    21.1164  -221.9356    15.3188
  6  -520.4196     3.7457  -199.0862     2.8417   -93.6401    22.5038  -227.6938    17.0020
  7  -520.9895     3.3647  -199.8000     2.7940   -94.3986    19.0796  -226.7913    14.4822
  8  -521.5264     3.1054  -199.3232     2.6008   -97.8441    17.9027  -224.3595    13.4520
  9  -520.9647     2.9601  -200.1126     2.7845   -93.7471    17.7883  -227.1054    13.0729
 10  -520.5034     2.8038  -200.2900     2.5157   -92.0460    16.2700  -228.1678    11.8843
 11  -520.2143     2.6012  -200.1202     2.3007   -89.8255    15.3723  -230.2689    11.5419
 12  -519.4331     2.8425  -200.5108     2.2408   -84.4585    17.6676  -234.4641    13.4690
 13  -519.2900     2.6303  -200.5313     2.0617   -82.6657    16.6426  -236.0934    12.8110
 14  -519.0418     2.4853  -200.9604     2.0928   -80.3051    16.1152  -237.7767    12.3292
 15  -518.9300     2.3244  -200.9500     1.9484   -80.3109    15.0024  -237.6695    11.4799
 16  -518.8145     2.1866  -201.0945     1.8454   -79.4718    14.1334  -238.2486    10.8007
 17  -518.6324     2.0860  -201.4004     1.8382   -78.5914    13.3923  -238.6409    10.1758
 18  -518.4989     1.9847  -201.3482     1.7363   -77.9832    12.6849  -239.1679     9.6516
 19  -518.4623     1.8788  -201.3696     1.6429   -77.4640    12.0435  -239.6291     9.1759
 20  -518.4914     1.7833  -201.5054     1.5821   -77.3652    11.4272  -239.6212     8.7051
 21  -518.4524     1.6981  -201.5904     1.5144   -77.1490    10.8780  -239.7134     8.2822
 22  -518.6005     1.6459  -201.5781     1.4441   -78.0881    10.5405  -238.9347     8.0489
 23  -518.6352     1.5743  -201.6889     1.3976   -78.9280    10.2109  -238.0187     7.9062
 24  -518.5136     1.5268  -201.6567     1.3397   -78.7916     9.7800  -238.0657     7.5702
 25  -518.4748     1.4665  -201.5495     1.3027   -78.3362     9.4247  -238.5896     7.3362
 26  -518.5047     1.4102  -201.3486     1.3145   -78.3956     9.0558  -238.7609     7.0567
 27  -518.4827     1.3577  -201.1989     1.2998   -78.3974     8.7139  -238.8868     6.7950
 28  -518.4669     1.3087  -201.1669     1.2542   -77.9044     8.4546  -239.3960     6.6266
 29  -518.3975     1.2703  -201.2151     1.2140   -77.2562     8.2603  -239.9266     6.4814
 30  -518.4963     1.2431  -201.0868     1.2006   -77.7795     8.0485  -239.6304     6.2896
 31  -518.4642     1.2040  -201.1121     1.1624   -77.4880     7.8064  -239.8645     6.1013
 32  -518.4458     1.1664  -201.0474     1.1329   -77.3277     7.5653  -240.0712     5.9220
 33  -518.4143     1.1322  -201.0463     1.0980   -77.2534     7.3339  -240.1149     5.7404
 34  -518.3967     1.0990  -201.0771     1.0670   -77.0061     7.1321  -240.3140     5.5833
 35  -518.3669     1.0688  -201.1762     1.0549   -76.9561     6.9261  -240.2349     5.4237
 36  -518.4097     1.0422  -201.3495     1.0822   -76.6313     6.7622  -240.4293     5.2852
 37  -518.3449     1.0219  -201.4272     1.0639   -76.4210     6.5904  -240.4971     5.1422
 38  -518.4290     1.0088  -201.4272     1.0355   -76.4026     6.4147  -240.5997     5.0092
 39  -518.5150     0.9975  -201.3330     1.0261   -76.9642     6.3482  -240.2182     4.9383
 40  -518.6120     0.9914  -201.4255     1.0171   -77.5075     6.2822  -239.6794     4.9325
 41  -518.8078     1.0433  -201.3746     0.9972   -78.3405     6.3495  -239.0932     4.9515
 42  -518.7352     1.0284  -201.3006     0.9843   -78.1083     6.2138  -239.3267     4.8547
 43  -518.7191     1.0047  -201.5266     1.0621   -77.7688     6.1055  -239.4241     4.7444
 44  -518.6649     0.9876  -201.6368     1.0608   -77.2758     6.0460  -239.7527     4.6817
 45  -518.6685     0.9654  -201.7843     1.0781   -77.1175     5.9186  -239.7671     4.5766
 46  -518.6972     0.9460  -201.7307     1.0598   -76.9726     5.7958  -239.9943     4.4990
 47  -518.6949     0.9256  -201.8250     1.0540   -76.8053     5.6810  -240.0651     4.4045
 48  -518.6357     0.9138  -201.7032     1.0602   -76.7056     5.5650  -240.2272     4.3239
 49  -518.6157     0.8959  -201.5775     1.0683   -76.5397     5.4603  -240.4989     4.2695
 50  -518.5391     0.8910  -201.5151     1.0542   -76.0496     5.4390  -240.9748     4.2901
 
 
 group  inft  solvation free energy     error          difference
  total solvation free energy
   1      0        -94.17589           1.31306           2.46617
   1     60        -94.49493           1.31317           2.14713
   1     80        -97.04163           1.31436          -0.39957
   1    100       -105.36666           1.31983          -8.72460
   2      0        -94.36222           1.35923           2.27984
   3      0        -96.64206           1.36884           0.00000
   4      0        -94.52569           1.37638           2.11637
   5      0        -93.62634           1.37525           3.01572
   5     60        -94.06424           1.37541           2.57782
   5     80        -97.18120           1.37692          -0.53914
   5    100       -104.87511           1.38206          -8.23305
 
  contribution from  1-th solvent component
   1      0       -169.87383           1.10722           0.81397
   1     60       -169.89883           1.10719           0.78897
   1     80       -170.12070           1.10704           0.56710
   1    100       -170.84911           1.10763          -0.16131
   2      0       -169.86322           1.15067           0.82458
   3      0       -170.68780           1.16420           0.00000
   4      0       -167.27775           1.17506           3.41005
   5      0       -167.36465           1.17004           3.32315
   5     60       -167.40133           1.16999           3.28647
   5     80       -167.68080           1.16988           3.00700
   5    100       -168.37197           1.17058           2.31583
 
  contribution from  2-th solvent component
   1      0         41.66660           2.85696           1.64721
   1     60         41.68698           2.85706           1.66759
   1     80         41.82398           2.85797           1.80460
   1    100         42.09745           2.86160           2.07807
   2      0         41.48003           2.86852           1.46064
   3      0         40.01939           2.87168           0.00000
   4      0         38.77015           2.86392          -1.24924
   5      0         39.76079           2.86616          -0.25859
   5     60         39.78375           2.86627          -0.23563
   5     80         39.93844           2.86731          -0.08094
   5    100         40.18559           2.87056           0.16620
 
  contribution from  3-th solvent component
   1      0         34.03095           2.19348           0.00499
   1     60         33.71653           2.19368          -0.30943
   1     80         31.25469           2.19609          -2.77127
   1    100         23.38461           2.20482         -10.64135
   2      0         34.02058           2.19352          -0.00539
   3      0         34.02596           2.19362           0.00000
   4      0         33.98152           2.19403          -0.04444
   5      0         33.97712           2.19462          -0.04884
   5     60         33.55294           2.19492          -0.47302
   5     80         30.56077           2.19789          -3.46520
   5    100         23.31088           2.20601         -10.71508
 
 
 group  inft   Estimated free energy: total (kcal/mol)
   1      0     -99.3512     -97.6000     -96.4165     -97.7577     -86.0586
                -94.8755     -98.7195     -93.0444     -88.7851     -87.0145
                -91.3102     -95.7119     -94.6048     -96.4305     -98.2347
                -94.9022     -88.2018     -94.4737     -95.6042     -98.3638
                -91.5762     -96.2623     -94.2290     -89.0394     -94.0468
               -102.6017     -96.2959     -95.0612     -90.7209    -100.8583
                -96.7697     -91.3843     -88.1069     -92.3370    -100.1999
               -102.6126     -87.9745    -100.1549     -96.6235     -90.3072
                -96.6388     -94.1623     -95.8219     -87.5383     -92.8691
                -98.0886    -100.8067     -86.1361     -87.5901     -84.5196
   1     60     -99.6709     -97.9189     -96.7329     -98.0771     -86.3763
                -95.1940     -99.0386     -93.3609     -89.1033     -87.3319
                -91.6298     -96.0316     -94.9237     -96.7501     -98.5547
                -95.2201     -88.5192     -94.7924     -95.9251     -98.6838
                -91.8958     -96.5812     -94.5455     -89.3577     -94.3656
               -102.9215     -96.6165     -95.3810     -91.0376    -101.1778
                -97.0907     -91.7043     -88.4258     -92.6561    -100.5196
               -102.9335     -88.2935    -100.4770     -96.9421     -90.6235
                -96.9547     -94.4805     -96.1414     -87.8579     -93.1895
                -98.4092    -101.1252     -86.4557     -87.9119     -84.8388
   1     80    -102.2233    -100.4607     -99.2517    -100.6319     -88.9154
                -97.7393    -101.5776     -95.8811     -91.6416     -89.8672
                -94.1822     -98.5932     -97.4665     -99.3084    -101.1114
                -97.7603     -91.0481     -97.3365     -98.4879    -101.2438
                -94.4460     -99.1273     -97.0647     -91.8952     -96.9157
               -105.4827     -99.1772     -97.9346     -93.5639    -103.7308
                -99.6545     -94.2631     -90.9685     -95.2046    -103.0764
               -105.4976     -90.8322    -103.0413     -99.4784     -93.1449
                -99.4685     -97.0217     -98.6956     -90.4083     -95.7458
               -100.9718    -103.6706     -89.0073     -90.4763     -87.3875
   1    100    -110.5699    -108.7627    -107.4926    -108.9804     -97.2131
               -106.0654    -109.8755    -104.1246     -99.9209     -98.1502
               -102.5217    -106.9976    -105.7719    -107.6848    -109.4655
               -106.0672     -99.3000    -105.6505    -106.8682    -109.6238
               -102.7774    -107.4380    -105.2929    -100.1776    -105.2616
               -113.8761    -107.5407    -106.2830    -101.8169    -112.0845
               -108.0460    -102.6305     -99.2710    -103.5289    -111.4439
               -113.8916     -99.1101    -111.4235    -107.7640    -101.3915
               -107.6879    -105.3351    -107.0450     -98.7433    -104.0935
               -109.3461    -112.0115     -97.3417     -98.8414     -95.7313
   2      0     -99.6511     -97.7679     -96.7665     -98.0419     -86.0992
                -95.2269     -99.0089     -93.0306     -88.7247     -86.8861
                -91.4573     -96.1889     -94.7802     -96.9166     -98.7175
                -95.0852     -88.4794     -94.8694     -95.8410     -98.3973
                -91.3330     -96.5570     -94.4495     -89.4210     -94.0714
               -103.0942     -96.5209     -95.1731     -90.7391    -101.1721
                -97.0146     -91.1139     -88.3814     -92.6444    -100.3555
               -103.3252     -88.2969    -100.6207     -97.0985     -90.0904
                -96.8583     -94.3337     -96.2156     -87.0994     -92.9498
                -98.3644    -101.1463     -86.0200     -87.7001     -84.0140
   3      0    -101.8469     -99.9467     -99.2218    -100.3170     -88.3740
                -97.6093    -101.3053     -95.1640     -90.8454     -89.1870
                -93.6182     -98.4501     -96.9743     -99.2871    -100.9339
                -97.3864     -90.9716     -97.2918     -98.0723    -100.6734
                -93.7019     -98.7792     -96.7407     -91.6592     -96.2616
               -105.3685     -98.9071     -97.4619     -93.3130    -103.4444
                -99.2578     -93.3881     -90.7240     -95.1318    -102.7475
               -105.6652     -90.5877    -103.1193     -99.5124     -92.3511
                -99.3580     -96.5297     -98.5252     -89.2508     -95.0003
               -100.4161    -103.4782     -87.9627     -89.9010     -86.0824
   4      0     -99.8152     -97.8043     -96.8829     -98.2018     -86.2737
                -95.6561     -99.3848     -93.0123     -88.8530     -86.7951
                -91.4949     -96.4694     -95.1147     -97.2736     -98.8763
                -95.4102     -88.7935     -95.2310     -95.7487     -98.4636
                -91.5621     -96.5458     -94.6742     -89.5069     -94.0398
               -103.2011     -96.5654     -95.1950     -91.0306    -101.3356
                -97.0657     -91.1793     -88.4770     -93.0279    -100.6944
               -103.6787     -88.5323    -101.1405     -97.2923     -90.1302
                -97.1893     -94.5970     -96.4965     -87.2714     -92.9954
                -98.4450    -101.3423     -85.8532     -87.8957     -83.7688
   5      0     -98.9035     -97.0769     -95.8033     -97.2070     -85.4092
                -94.7153     -98.6729     -92.0315     -87.8286     -86.2004
                -90.5692     -95.4818     -93.8873     -96.0199     -98.0786
                -94.1853     -87.5992     -94.4951     -94.8154     -97.7831
                -90.6276     -95.9584     -94.0231     -88.5676     -92.8316
               -101.9995     -95.4892     -94.0199     -90.4357    -100.7701
                -96.2121     -90.0093     -87.9140     -92.0770     -99.8857
               -102.8169     -87.8712    -100.4632     -96.4637     -89.0926
                -96.6289     -93.7217     -95.6198     -86.0318     -92.0440
                -97.4001    -100.2773     -85.4525     -86.9939     -82.8553
   5     60     -99.3422     -97.5143     -96.2371     -97.6463     -85.8450
                -95.1524     -99.1103     -92.4663     -88.2653     -86.6366
                -91.0081     -95.9209     -94.3248     -96.4596     -98.5174
                -94.6223     -88.0345     -94.9326     -95.2554     -98.2228
                -91.0660     -96.3964     -94.4571     -89.0043     -93.2699
               -102.4387     -95.9301     -94.4588     -90.8703    -101.2089
                -96.6526     -90.4488     -88.3520     -92.5148    -100.3247
               -103.2572     -88.3085    -100.9048     -96.9007     -89.5265
                -97.0621     -94.1588     -96.0580     -86.4702     -92.4831
                -97.8400    -100.7148     -85.8910     -87.4359     -83.2932
   5     80    -102.4674    -100.6226     -99.3197    -100.7772     -88.9503
                -98.2676    -102.2161     -95.5508     -91.3704     -89.7399
                -94.1317     -99.0600     -97.4368     -99.5943    -101.6435
                -97.7335     -91.1269     -98.0449     -98.3916    -101.3587
                -94.1865     -99.5129     -97.5389     -92.1091     -96.3924
               -105.5730     -99.0675     -97.5837     -93.9580    -104.3338
                -99.7932     -93.5809     -91.4667     -95.6332    -103.4530
               -106.3952     -91.4147    -104.0439    -100.0044     -92.6106
               -100.1363     -97.2723     -99.1835     -89.5925     -95.6107
               -100.9751    -103.8335     -89.0115     -90.5765     -86.4129
   5    100    -110.1836    -108.2929    -106.9352    -108.5026     -96.6182
               -105.9642    -109.8826    -103.1684     -99.0218     -97.3966
               -101.8371    -106.8339    -105.1128    -107.3438    -109.3592
               -105.4124     -98.7505    -105.7246    -106.1345    -109.1058
               -101.8823    -107.1911    -105.1420     -99.7627    -104.1059
               -113.3295    -106.8000    -105.2919    -101.5793    -112.0541
               -107.5528    -101.3147     -99.1442    -103.3282    -111.1855
               -114.1546     -99.0649    -111.7950    -107.6615    -100.2246
               -107.7322    -104.9603    -106.9013     -97.2933    -103.3232
               -108.7134    -111.5467     -96.7087     -98.3103     -94.1202
 
 group  inft   Estimated free energy: 1-th solvent contribution (kcal/mol)
   1      0    -171.8573    -165.7616    -165.6934    -170.4619    -165.0816
               -172.2576    -173.0598    -162.5661    -174.2273    -166.5380
               -166.6945    -176.3734    -170.9912    -174.3955    -172.4526
               -172.1284    -173.6883    -172.7725    -170.2109    -172.2718
               -169.1505    -170.5274    -173.2487    -168.8058    -166.9825
               -168.1968    -167.5719    -170.3112    -172.2463    -170.8407
               -169.1460    -165.1896    -166.1965    -170.2001    -174.0575
               -176.5611    -170.4017    -171.1286    -167.6588    -167.7198
               -168.8901    -170.6715    -177.7439    -167.8004    -171.2942
               -170.7640    -176.5688    -161.4670    -161.8077    -161.0587
   1     60    -171.8825    -165.7871    -165.7185    -170.4868    -165.1066
               -172.2826    -173.0847    -162.5911    -174.2527    -166.5626
               -166.7199    -176.3983    -171.0166    -174.4205    -172.4774
               -172.1532    -173.7131    -172.7974    -170.2362    -172.2960
               -169.1755    -170.5524    -173.2733    -168.8310    -167.0073
               -168.2214    -167.5968    -170.3362    -172.2710    -170.8650
               -169.1716    -165.2139    -166.2212    -170.2251    -174.0821
               -176.5860    -170.4271    -171.1537    -167.6837    -167.7447
               -168.9151    -170.6962    -177.7688    -167.8259    -171.3196
               -170.7896    -176.5932    -161.4925    -161.8335    -161.0841
   1     80    -172.1047    -166.0120    -165.9406    -170.7087    -165.3273
               -172.5057    -173.3055    -162.8125    -174.4762    -166.7819
               -166.9434    -176.6194    -171.2396    -174.6440    -172.6986
               -172.3744    -173.9336    -173.0201    -170.4599    -172.5147
               -169.3972    -170.7738    -173.4917    -169.0536    -167.2293
               -168.4416    -167.8187    -170.5597    -172.4924    -171.0840
               -169.3960    -165.4326    -166.4419    -170.4470    -174.3015
               -176.8071    -170.6498    -171.3769    -167.9055    -167.9653
               -169.1365    -170.9163    -177.9899    -168.0500    -171.5437
               -171.0141    -176.8124    -161.7164    -162.0600    -161.3073
   1    100    -172.8350    -166.7441    -166.6645    -171.4374    -166.0489
               -173.2394    -174.0326    -163.5332    -175.2135    -167.5023
               -167.6744    -177.3558    -171.9724    -175.3808    -173.4289
               -173.1029    -174.6614    -173.7565    -171.1916    -173.2364
               -170.1261    -171.4994    -174.2116    -169.7834    -167.9566
               -169.1637    -168.5470    -171.2937    -173.2225    -171.8070
               -170.1272    -166.1506    -167.1621    -171.1725    -175.0252
               -177.5391    -171.3802    -172.1098    -168.6314    -168.6884
               -169.8619    -171.6454    -178.7216    -168.7809    -172.2769
               -171.7500    -177.5405    -162.4426    -162.7934    -162.0328
   2      0    -171.9378    -165.5095    -165.7873    -170.7226    -164.7867
               -172.3193    -173.1382    -162.3472    -174.2932    -166.3190
               -166.4972    -176.6023    -171.1480    -174.6382    -172.6073
               -172.3817    -173.8617    -172.7587    -170.2845    -172.3465
               -168.7778    -170.6234    -173.3502    -168.5904    -166.9148
               -168.4867    -167.5769    -170.4785    -172.2441    -170.8243
               -169.2480    -164.9055    -165.9622    -170.2859    -174.1612
               -176.7525    -170.2947    -171.1894    -167.7340    -167.3775
               -168.8775    -170.6231    -177.9121    -167.4523    -171.1883
               -170.9722    -176.8457    -160.9486    -161.6371    -160.6392
   3      0    -172.7845    -166.1948    -166.7072    -171.5402    -165.5484
               -173.1620    -174.0406    -163.0784    -175.0419    -167.0344
               -167.2919    -177.4952    -171.9707    -175.5403    -173.4755
               -173.2681    -174.7967    -173.7106    -171.1371    -173.1540
               -169.6468    -171.4713    -174.2858    -169.3512    -167.6440
               -169.3263    -168.3897    -171.3667    -173.1773    -171.6827
               -170.0159    -165.6434    -166.7260    -171.1862    -175.0713
               -177.6147    -171.0795    -172.0270    -168.6325    -168.0500
               -169.7695    -171.4717    -178.7548    -168.1975    -171.8745
               -171.7151    -177.8013    -161.6549    -162.4211    -161.3688
   4      0    -169.4641    -162.9427    -163.2775    -168.3789    -161.9803
               -169.7860    -170.6437    -159.5161    -171.7110    -163.5568
               -163.8736    -174.2547    -168.7833    -172.0453    -170.0927
               -169.8707    -171.3323    -170.1653    -167.6806    -169.7136
               -166.0620    -168.0468    -170.8980    -165.9145    -164.1450
               -165.8689    -164.9733    -167.8748    -169.6689    -168.3682
               -166.7321    -162.1251    -163.2194    -167.7990    -171.6641
               -174.2680    -167.7426    -168.7038    -165.0539    -164.5237
               -166.3758    -168.0716    -175.4390    -164.7325    -168.5353
               -168.5572    -174.3578    -158.2969    -158.9807    -157.8189
   5      0    -169.6377    -163.1406    -163.1370    -168.1630    -162.0918
               -169.9431    -170.9316    -159.5786    -171.6653    -163.7368
               -163.9349    -174.1657    -168.5296    -171.9190    -170.2367
               -169.6726    -171.2145    -170.5087    -167.6948    -169.9251
               -166.1925    -168.4016    -171.2462    -166.0116    -164.0371
               -165.7327    -164.8763    -167.7459    -170.0021    -168.7987
               -166.7925    -162.0595    -163.6179    -167.8547    -171.9374
               -174.3452    -168.0185    -168.9814    -165.2843    -164.5981
               -166.6031    -168.2048    -175.5175    -164.4876    -168.4994
               -168.3099    -174.3583    -158.8126    -159.0761    -158.0018
   5     60    -169.6744    -163.1777    -163.1738    -168.1998    -162.1282
               -169.9797    -170.9681    -159.6154    -171.7020    -163.7733
               -163.9719    -174.2020    -168.5663    -171.9558    -170.2732
               -169.7093    -171.2509    -170.5450    -167.7317    -169.9615
               -166.2290    -168.4385    -171.2826    -166.0482    -164.0738
               -165.7692    -164.9130    -167.7829    -170.0385    -168.8349
               -166.8297    -162.0958    -163.6548    -167.8915    -171.9736
               -174.3817    -168.0554    -169.0183    -165.3211    -164.6345
               -166.6397    -168.2410    -175.5538    -164.5246    -168.5363
               -168.3470    -174.3944    -158.8498    -159.1136    -158.0391
   5     80    -169.9532    -163.4590    -163.4529    -168.4802    -162.4050
               -170.2603    -171.2462    -159.8937    -171.9829    -164.0508
               -164.2530    -174.4812    -168.8464    -172.2380    -170.5517
               -169.9892    -171.5298    -170.8245    -168.0130    -170.2398
               -166.5076    -168.7182    -171.5594    -166.3265    -164.3540
               -166.0474    -165.1932    -168.0645    -170.3181    -169.1122
               -167.1116    -162.3735    -163.9340    -168.1715    -172.2507
               -174.6606    -168.3351    -169.3001    -165.6009    -164.9115
               -166.9183    -168.5188    -175.8311    -164.8053    -168.8167
               -168.6282    -174.6720    -159.1304    -159.3970    -158.3207
   5    100    -170.6435    -164.1495    -164.1396    -169.1742    -163.0874
               -170.9557    -171.9361    -160.5763    -172.6811    -164.7369
               -164.9461    -175.1807    -169.5404    -172.9389    -171.2438
               -170.6835    -172.2232    -171.5206    -168.7060    -170.9297
               -167.1980    -169.4085    -172.2470    -167.0138    -165.0447
               -166.7343    -165.8856    -168.7605    -171.0127    -169.8011
               -167.8044    -163.0596    -164.6197    -168.8616    -172.9396
               -175.3557    -169.0260    -169.9978    -166.2910    -165.5959
               -167.6063    -169.2111    -176.5223    -165.4951    -169.5084
               -169.3230    -175.3659    -159.8165    -160.0888    -159.0102
 
 group  inft   Estimated free energy: 2-th solvent contribution (kcal/mol)
   1      0      27.0869      17.7557      17.2296      37.0853      43.3523
                 52.3050      30.5689      19.5924      54.2197      42.3873
                 47.1921      69.1161      50.2780      53.5692      37.2978
                 47.1673      51.8808      47.0403      43.7466      39.3402
                 42.8187      29.9181      32.2888      42.8832      44.9758
                 33.9577      36.7164      48.1039      54.4027      30.3879
                 42.9801      41.5858      42.8186      46.1688      37.9928
                 44.4631      47.8680      41.0274      30.3770      32.9327
                 28.0239      45.8229      48.7320      52.6232      44.4245
                 43.4656      43.8475      43.9606      44.6405      54.9104
   1     60      27.1055      17.7744      17.2496      37.1054      43.3722
                 52.3266      30.5894      19.6135      54.2417      42.4085
                 47.2128      69.1361      50.3001      53.5900      37.3167
                 47.1883      51.9023      47.0616      43.7662      39.3593
                 42.8388      29.9377      32.3097      42.9043      44.9962
                 33.9769      36.7360      48.1245      54.4258      30.4074
                 42.9989      41.6058      42.8386      46.1898      38.0120
                 44.4828      47.8889      41.0467      30.3972      32.9543
                 28.0464      45.8441      48.7520      52.6443      44.4436
                 43.4857      43.8678      43.9808      44.6606      54.9313
   1     80      27.2242      17.8986      17.3853      37.2370      43.5046
                 52.4742      30.7295      19.7573      54.3936      42.5520
                 47.3519      69.2735      50.4513      53.7302      37.4402
                 47.3306      52.0526      47.2083      43.8938      39.4828
                 42.9722      30.0662      32.4528      43.0459      45.1323
                 34.1000      36.8671      48.2647      54.5898      30.5357
                 43.1211      41.7371      42.9749      46.3304      38.1362
                 44.6146      48.0319      41.1775      30.5369      33.1009
                 28.2039      45.9882      48.8834      52.7856      44.5712
                 43.6185      44.0024      44.1159      44.7959      55.0744
   1    100      27.4257      18.1391      17.6523      37.4862      43.7618
                 52.7846      31.0110      20.0504      54.7249      42.8462
                 47.6389      69.5594      50.7775      54.0088      37.6671
                 47.6280      52.3815      47.5153      44.1307      39.7034
                 43.2334      30.3115      32.7472      43.3349      45.3985
                 34.3131      37.1173      48.5546      54.9607      30.7722
                 43.3421      41.9854      43.2462      46.6164      38.3570
                 44.8678      48.3339      41.4353      30.8248      33.4068
                 28.5513      46.2844      49.1373      53.0749      44.8193
                 43.8781      44.2615      44.3818      45.0635      55.3687
   2      0      26.8900      17.3319      16.9731      37.0827      43.0245
                 52.0133      30.3534      19.4217      54.3477      42.3147
                 46.8639      68.8834      50.2879      53.3135      36.9886
                 47.2439      51.7872      46.6164      43.5964      39.4043
                 42.6970      29.7253      32.1886      42.2938      44.8971
                 33.7828      36.5128      48.1673      54.3968      30.0690
                 42.8548      41.5597      42.3138      45.9394      37.9334
                 43.9612      47.4624      40.6480      29.9808      32.8030
                 27.8155      45.6184      48.5146      52.7328      44.2462
                 43.4139      43.8121      43.5630      44.3489      55.0105
   3      0      25.5218      15.8410      15.4374      35.6149      41.4913
                 50.4621      28.9542      18.0098      52.9773      40.7185
                 45.4811      67.5349      48.8982      51.8756      35.6172
                 45.8386      50.2269      45.1604      42.2065      37.9234
                 41.1868      28.3459      30.8289      40.8284      43.4202
                 32.3331      34.9450      46.7393      52.7431      28.6530
                 41.3727      40.0067      40.7294      44.3578      36.4622
                 42.4719      45.9319      38.9632      28.4651      31.2241
                 26.2036      44.2696      47.0698      51.3253      42.8885
                 42.0922      42.4226      42.3102      42.9281      53.6598
   4      0      24.3236      14.7755      14.3763      34.6336      40.0642
                 49.0932      27.5346      16.6419      51.7135      39.6895
                 44.2584      66.3265      47.6533      50.3989      34.3382
                 44.4700      48.9759      43.6646      41.1140      36.7516
                 39.7918      27.2067      29.5582      39.5695      42.1795
                 31.0782      33.9023      45.5591      51.5518      27.4691
                 40.3554      38.7103      39.4939      43.1041      35.1358
                 41.1665      44.7157      37.6838      27.1318      29.9464
                 25.0091      42.8530      45.8104      49.8952      41.5985
                 40.9745      41.1649      41.1192      41.5041      52.4714
   5      0      25.3841      15.7228      15.3275      35.4228      41.0481
                 50.1867      28.5266      17.6743      52.6745      40.4472
                 45.2181      67.2364      48.6227      51.5567      35.2702
                 45.4959      50.0537      44.7866      42.0811      37.6553
                 40.8494      28.1471      30.5508      40.6180      43.2622
                 32.1442      34.8862      46.6046      52.5039      28.4813
                 41.2595      39.8164      40.4428      44.1396      36.2199
                 42.1042      45.6401      38.6543      28.1821      31.0501
                 25.8292      43.8735      46.7661      50.8948      42.5274
                 41.7901      42.2302      42.0588      42.5605      53.5614
   5     60      25.4045      15.7438      15.3502      35.4448      41.0708
                 50.2111      28.5501      17.6982      52.6995      40.4709
                 45.2411      67.2587      48.6476      51.5798      35.2918
                 45.5194      50.0786      44.8106      42.1031      37.6767
                 40.8720      28.1691      30.5750      40.6414      43.2849
                 32.1657      34.9077      46.6278      52.5307      28.5032
                 41.2802      39.8386      40.4652      44.1635      36.2413
                 42.1266      45.6637      38.6763      28.2052      31.0744
                 25.8554      43.8974      46.7886      50.9184      42.5489
                 41.8128      42.2528      42.0818      42.5827      53.5851
   5     80      25.5352      15.8838      15.5035      35.5894      41.2202
                 50.3784      28.7096      17.8616      52.8732      40.6336
                 45.3977      67.4129      48.8196      51.7353      35.4321
                 45.6804      50.2530      44.9765      42.2460      37.8152
                 41.0222      28.3135      30.7402      40.8004      43.4373
                 32.3040      35.0524      46.7864      52.7223      28.6480
                 41.4145      39.9870      40.6169      44.3241      36.3816
                 42.2749      45.8249      38.8237      28.3644      31.2413
                 26.0381      44.0597      46.9361      51.0772      42.6918
                 41.9627      42.4032      42.2358      42.7321      53.7478
   5    100      25.7145      16.1009      15.7442      35.8095      41.4502
                 50.6571      28.9645      18.1263      53.1775      40.8992
                 45.6570      67.6688      49.1161      51.9810      35.6385
                 45.9496      50.5555      45.2538      42.4590      38.0156
                 41.2585      28.5365      31.0122      41.0567      43.6764
                 32.4970      35.2762      47.0520      53.0674      28.8628
                 41.6106      40.2122      40.8577      44.5831      36.5829
                 42.5007      46.0958      39.0549      28.6257      31.5213
                 26.3571      44.3261      47.1627      51.3382      42.9162
                 42.1972      42.6350      42.4798      42.9693      54.0182
 
 group  inft   Estimated free energy: 3-th solvent contribution (kcal/mol)
   1      0      45.4188      50.4055      52.0469      35.6185      35.6703
                 25.0766      43.7710      49.9290      31.2222      37.1358
                 28.1917      11.5449      26.1080      24.3954      36.9197
                 30.0585      33.6053      31.2581      30.8596      34.5674
                 34.7552      44.3466      46.7305      36.8828      27.9596
                 31.6371      34.5593      27.1456      27.1223      39.5942
                 29.3959      32.2191      35.2706      31.6939      35.8645
                 29.4850      34.5588      29.9458      40.6580      44.4795
                 44.2270      30.6859      33.1895      27.6385      34.0002
                 29.2094      31.9143      31.3698      29.5768      21.6283
   1     60      45.1057      50.0934      51.7356      35.3039      35.3577
                 24.7616      43.4563      49.6163      30.9073      36.8218
                 27.8769      11.2302      25.7925      24.0800      36.6056
                 29.7445      33.2912      30.9430      30.5445      34.2525
                 34.4405      44.0331      46.4177      36.5686      27.6451
                 31.3226      34.2439      26.8304      26.8072      39.2795
                 29.0816      31.9034      34.9564      31.3789      35.5502
                 29.1692      34.2443      29.6297      40.3440      44.1665
                 43.9136      30.3712      32.8750      27.3233      33.6861
                 28.8943      31.5998      31.0557      29.2607      21.3136
   1     80      42.6568      47.6523      49.3031      32.8394      32.9068
                 22.2918      40.9980      47.1736      28.4407      34.3622
                 25.4089       8.7523      23.3214      21.6050      34.1466
                 27.2830      30.8325      28.4748      28.0779      31.7877
                 31.9786      41.5798      43.9738      34.1122      25.1810
                 28.8586      31.7741      24.3600      24.3383      36.8171
                 26.6199      29.4321      32.4982      28.9116      33.0885
                 26.6945      31.7854      27.1576      37.8897      41.7191
                 41.4638      27.9060      30.4105      24.8557      31.2262
                 26.4234      29.1390      28.5928      26.7874      18.8450
   1    100      34.8389      39.8419      41.5193      24.9703      25.0736
                 14.3890      33.1457      39.3578      20.5673      26.5054
                 17.5135       0.7984      15.4227      13.6869      26.2959
                 19.4073      22.9795      20.5903      20.1923      23.9087
                 24.1149      33.7495      36.1712      26.2705      17.2961
                 20.9741      23.8886      16.4557      16.4444      28.9499
                 18.7387      21.5343      24.6445      21.0268      25.2240
                 18.7793      23.9358      19.2506      30.0421      33.8897
                 33.6224      20.0255      22.5389      16.9623      23.3638
                 18.5255      21.2671      20.7187      18.8882      10.9325
   2      0      45.3964      50.4093      52.0474      35.5975      35.6626
                 25.0787      43.7755      49.8944      31.2204      37.1178
                 28.1757      11.5297      26.0795      24.4078      36.9008
                 30.0522      33.5947      31.2726      30.8468      34.5444
                 34.7473      44.3407      46.7117      36.8751      27.9460
                 31.6093      34.5428      27.1377      27.1078      39.5829
                 29.3782      32.2315      35.2666      31.7017      35.8719
                 29.4657      34.5350      29.9203      40.6542      44.4837
                 44.2033      30.6706      33.1815      27.6197      33.9919
                 29.1934      31.8869      31.3652      29.5878      21.6144
   3      0      45.4155      50.4067      52.0476      35.6079      35.6827
                 25.0902      43.7808      49.9043      31.2188      37.1285
                 28.1922      11.5098      26.0978      24.3772      36.9240
                 30.0428      33.5978      31.2580      30.8579      34.5568
                 34.7577      44.3459      46.7159      36.8633      27.9619
                 31.6243      34.5373      27.1650      27.1208      39.5849
                 29.3851      32.2482      35.2723      31.6961      35.8612
                 29.4772      34.5595      29.9441      40.6547      44.4743
                 44.2076      30.6720      33.1594      27.6210      33.9852
                 29.2064      31.9001      31.3816      29.5915      21.6263
   4      0      45.3250      50.3625      52.0180      35.5431      35.6421
                 25.0362      43.7238      49.8615      31.1441      37.0718
                 28.1199      11.4584      26.0148      24.3724      36.8778
                 29.9901      33.5626      31.2693      30.8176      34.4980
                 34.7077      44.2939      46.6653      36.8377      27.9253
                 31.5892      34.5053      27.1204      27.0862      39.5631
                 29.3106      32.2352      35.2482      31.6666      35.8335
                 29.4223      34.4943      29.8791      40.6294      44.4468
                 44.1770      30.6213      33.1317      27.5655      33.9411
                 29.1374      31.8502      31.3241      29.5805      21.5782
   5      0      45.3497      50.3405      52.0059      35.5328      35.6340
                 25.0407      43.7318      49.8724      31.1618      37.0888
                 28.1471      11.4472      26.0192      24.3420      36.8875
                 29.9911      33.5612      31.2266      30.7978      34.4863
                 34.7151      44.2957      46.6719      36.8257      27.9428
                 31.5886      34.5005      27.1210      27.0621      39.5469
                 29.3205      32.2334      35.2607      31.6377      35.8314
                 29.4237      34.5069      29.8635      40.6381      44.4550
                 44.1446      30.6092      33.1313      27.5606      33.9276
                 29.1194      31.8504      31.3009      29.5212      21.5847
   5     60      44.9273      49.9192      51.5861      35.1083      35.2120
                 24.6158      43.3073      49.4506      30.7368      36.6654
                 27.7223      11.0221      25.5936      23.9160      36.4636
                 29.5672      33.1375      30.8015      30.3729      34.0616
                 34.2906      43.8726      46.2501      36.4021      27.5186
                 31.1644      34.0749      26.6959      26.6371      39.1223
                 28.8966      31.8080      34.8371      31.2128      35.4072
                 28.9975      34.0829      29.4369      40.2148      44.0332
                 43.7219      30.1844      32.7067      27.1356      33.5039
                 28.6938      31.4264      30.8766      29.0946      21.1604
   5     80      41.9502      46.9523      48.6293      32.1132      32.2341
                 21.6140      40.3201      46.4809      27.7389      33.6768
                 24.7232       8.0080      22.5896      20.9080      33.4758
                 26.5748      30.1495      27.8027      27.3750      31.0655
                 31.2985      40.8914      43.2800      33.4167      24.5239
                 28.1699      31.0729      23.6940      23.6374      36.1300
                 25.9035      28.8052      31.8500      28.2138      32.4157
                 25.9901      31.0952      26.4321      37.2317      41.0593
                 40.7435      27.1864      29.7110      24.1352      30.5139
                 25.6901      28.4350      27.8827      26.0879      18.1597
   5    100      34.7451      39.7553      41.4598      24.8617      25.0187
                 14.3340      33.0886      39.2812      20.4814      26.4407
                 17.4516       0.6777      15.3111      13.6137      26.2457
                 19.3211      22.9167      20.5417      20.1121      23.8079
                 24.0568      33.6805      36.0923      26.1939      17.2619
                 20.9074      23.8090      16.4161      16.3655      28.8839
                 18.6406      21.5324      24.6175      20.9499      25.1708
                 18.6999      23.8649      19.1474      30.0034      33.8496
                 33.5167      19.9243      22.4579      16.8632      23.2686
                 18.4120      21.1838      20.6276      18.8088      10.8715
 
 
 cumulative average & 95% error for solvation free energy
              total             1st component         2nd component         3rd component
  1  -101.8469             -172.7845               25.5218               45.4155
  2  -100.8968     1.9002  -169.4897     6.5898    20.6814     9.6808    47.9111     4.9913
  3  -100.3385     1.5654  -168.5622     4.2327    18.9334     6.5925    49.2899     3.9886
  4  -100.3331     1.1069  -169.3067     3.3429    23.1038     9.5550    45.8694     7.3996
  5   -97.9413     4.8599  -168.5550     2.9942    26.7813    10.4343    43.8321     7.0325
  6   -97.8860     3.9696  -169.3228     2.8870    30.7281    11.6143    40.7084     8.4852
  7   -98.3744     3.4943  -169.9968     2.7876    30.4747     9.8290    41.1473     7.2248
  8   -97.9731     3.1308  -169.1320     2.9697    28.9165     9.0646    42.2420     6.6288
  9   -97.1812     3.1831  -169.7887     2.9299    31.5900     9.6175    41.0172     6.3385
 10   -96.3817     3.2653  -169.5132     2.6778    32.5028     8.7938    40.6283     5.7225
 11   -96.1305     2.9960  -169.3113     2.4556    33.6827     8.2969    39.4977     5.6485
 12   -96.3238     2.7622  -169.9933     2.6240    36.5037     9.4445    37.1654     6.9532
 13   -96.3738     2.5428  -170.1454     2.4329    37.4571     8.8945    36.3141     6.6188
 14   -96.5819     2.3907  -170.5307     2.3806    38.4870     8.4884    35.4614     6.3606
 15   -96.8721     2.3000  -170.7271     2.2507    38.2957     7.9115    35.5589     5.9246
 16   -96.9042     2.1524  -170.8859     2.1292    38.7671     7.4603    35.2142     5.5847
 17   -96.5552     2.1389  -171.1159     2.0523    39.4412     7.1363    35.1191     5.2494
 18   -96.5961     2.0182  -171.2601     1.9562    39.7589     6.7581    34.9046     4.9677
 19   -96.6738     1.9154  -171.2536     1.8505    39.8878     6.3977    34.6916     4.7183
 20   -96.8738     1.8606  -171.3486     1.7658    39.7895     6.0726    34.6849     4.4762
 21   -96.7228     1.7954  -171.2676     1.6874    39.8561     5.7777    34.6883     4.2577
 22   -96.8162     1.7220  -171.2768     1.6090    39.3329     5.6073    35.1273     4.1534
 23   -96.8130     1.6454  -171.4077     1.5595    38.9631     5.4088    35.6312     4.0946
 24   -96.5982     1.6329  -171.3220     1.5029    39.0409     5.1808    35.6825     3.9217
 25   -96.5848     1.5664  -171.1749     1.4713    39.2160     4.9816    35.3737     3.8119
 26   -96.9226     1.6497  -171.1038     1.4207    38.9513     4.8154    35.2295     3.6737
 27   -96.9961     1.5942  -171.0032     1.3818    38.8029     4.6431    35.2038     3.5354
 28   -97.0127     1.5366  -171.0162     1.3318    39.0864     4.5100    34.9167     3.4548
 29   -96.8852     1.5044  -171.0907     1.2936    39.5573     4.4524    34.6479     3.3767
 30   -97.1038     1.5178  -171.1105     1.2504    39.1938     4.3625    34.8125     3.2787
 31   -97.1733     1.4746  -171.0752     1.2114    39.2641     4.2217    34.6374     3.1905
 32   -97.0550     1.4472  -170.9054     1.2211    39.2873     4.0879    34.5627     3.0928
 33   -96.8631     1.4542  -170.7788     1.2103    39.3310     3.9631    34.5842     2.9979
 34   -96.8122     1.4145  -170.7908     1.1744    39.4789     3.8561    34.4993     2.9133
 35   -96.9818     1.4147  -170.9131     1.1663    39.3927     3.7483    34.5382     2.8299
 36   -97.2230     1.4570  -171.0992     1.1930    39.4782     3.6467    34.3976     2.7645
 37   -97.0437     1.4618  -171.0987     1.1604    39.6526     3.5639    34.4020     2.6888
 38   -97.2036     1.4583  -171.1231     1.1305    39.6345     3.4690    34.2847     2.6276
 39   -97.2628     1.4253  -171.0592     1.1085    39.3481     3.4271    34.4480     2.5801
 40   -97.1400     1.4108  -170.9840     1.0908    39.1450     3.3649    34.6987     2.5642
 41   -97.1941     1.3802  -170.9544     1.0655    38.8293     3.3420    34.9306     2.5436
 42   -97.1782     1.3473  -170.9667     1.0402    38.9589     3.2717    34.8292     2.4905
 43   -97.2096     1.3171  -171.1478     1.0783    39.1475     3.2169    34.7904     2.4332
 44   -97.0287     1.3367  -171.0808     1.0621    39.4243     3.1913    34.6274     2.3995
 45   -96.9836     1.3098  -171.0984     1.0388    39.5013     3.1234    34.6132     2.3457
 46   -97.0582     1.2896  -171.1118     1.0163    39.5576     3.0568    34.4956     2.3062
 47   -97.1948     1.2911  -171.2542     1.0344    39.6185     2.9936    34.4404     2.2593
 48   -97.0025     1.3212  -171.0542     1.0887    39.6746     2.9327    34.3767     2.2154
 49   -96.8576     1.3260  -170.8780     1.1230    39.7410     2.8753    34.2790     2.1784
 50   -96.6421     1.3688  -170.6878     1.1642    40.0194     2.8717    34.0260     2.1936
 
 Mesh error is    3.016 kcal/mol
