 ERmod 0.3.7, Copyright (C) 2000-2019 Nobuyuki Matubayasi
                            2010-2019 Shun Sakuraba
 ERmod comes with ABSOLUTELY NO WARRANTY.
 This is free software, and you can redistribute it
 and/or modify it under certain conditions.
 See LICENSE file for details.
 ERmod 0.3.7, Copyright (C) 2000-2019 Nobuyuki Matubayasi
                            2010-2019 Shun Sakuraba
 ERmod comes with ABSOLUTELY NO WARRANTY.
 This is free software, and you can redistribute it
 and/or modify it under certain conditions.
 See LICENSE file for details.
 
  Number of the   1-th solvent  =          109
  Number of the   2-th solvent  =          109
  Number of the   3-th solvent  =        10000
 
  Be sure that the solvent distribution is homogeneous (radial distribution function is essentially unity) when the solvent molecule is separated beyond distance of   10.0 Angstrom in any direction from any atom within the solute molecule
 
  LJ long-range correction    =        -0.4064     -0.0372     -7.6145
 
  Self-energy of the solute   =         0.0133  kcal/mol
 
 
 cumulative average & 95% error for solvation energy
              total             1st component         2nd component         3rd component
  1  -520.0857              -40.2099              -16.6711             -463.2179
  2  -518.4796     3.2121   -41.7534     3.0869    -5.1530    23.0362  -471.5865    16.7372
  3  -519.1448     2.2823   -40.8984     2.4699   -13.2847    21.0092  -464.9750    16.3777
  4  -519.3657     1.6732   -40.6095     1.8396   -15.6945    15.6180  -463.0750    12.1883
  5  -519.6842     1.4441   -40.3443     1.5204   -18.8170    13.6144  -460.5362    10.7198
  6  -520.0322     1.3692   -40.0939     1.3387   -22.1985    13.0118  -457.7531    10.3726
  7  -520.3617     1.3317   -40.4129     1.2989   -23.0794    11.1372  -456.8827     8.9376
  8  -520.4140     1.1580   -39.9669     1.4357   -24.5314    10.0728  -455.9290     7.9718
  9  -520.4707     1.0276   -40.0169     1.2701   -24.7937     8.8989  -455.6734     7.0490
 10  -520.2564     1.0141   -39.9828     1.1380   -23.0139     8.7190  -457.2730     7.0700
 
 
 group  inft  solvation free energy     error          difference
  total solvation free energy
   1      0       -114.96093           1.47076           0.49655
   1     60       -115.31743           1.47237           0.14005
   1     80       -117.92124           1.47607          -2.46377
   1    100       -126.82449           1.49426         -11.36701
   2      0       -115.11640           1.44018           0.34108
   3      0       -115.45748           1.42202           0.00000
   4      0       -115.35198           1.41630           0.10550
   5      0       -115.19899           1.39877           0.25849
   5     60       -115.65416           1.40027          -0.19669
   5     80       -118.80417           1.40558          -3.34669
   5    100       -126.93638           1.42212         -11.47891
 
  contribution from  1-th solvent component
   1      0        -29.87644           0.76067          -0.43681
   1     60        -29.88275           0.76084          -0.44312
   1     80        -29.93119           0.76130          -0.49156
   1    100        -30.08850           0.76300          -0.64888
   2      0        -29.58865           0.76649          -0.14903
   3      0        -29.43962           0.76961           0.00000
   4      0        -29.44165           0.76928          -0.00203
   5      0        -29.25389           0.76449           0.18573
   5     60        -29.26171           0.76463           0.17791
   5     80        -29.30329           0.76446           0.13634
   5    100        -29.40906           0.76438           0.03056
 
  contribution from  2-th solvent component
   1      0         -2.07598           4.20089           0.67763
   1     60         -2.06219           4.20069           0.69143
   1     80         -2.09272           4.20073           0.66090
   1    100         -2.09214           4.20114           0.66147
   2      0         -2.31801           4.17344           0.43560
   3      0         -2.75361           4.17037           0.00000
   4      0         -2.66613           4.15475           0.08748
   5      0         -2.64861           4.16331           0.10500
   5     60         -2.63981           4.16340           0.11380
   5     80         -2.64244           4.16330           0.11117
   5    100         -2.60606           4.16290           0.14755
 
  contribution from  3-th solvent component
   1      0        -83.02182           4.92309           0.25574
   1     60        -83.38581           4.92378          -0.10825
   1     80        -85.91065           4.92614          -2.63310
   1    100        -94.65715           4.94197         -11.37960
   2      0        -83.22305           4.92504           0.05451
   3      0        -83.27756           4.92293           0.00000
   4      0        -83.25751           4.92563           0.02005
   5      0        -83.30980           4.92574          -0.03224
   5     60        -83.76596           4.92702          -0.48840
   5     80        -86.87176           4.93087          -3.59420
   5    100        -94.93457           4.94580         -11.65702
 
 
 group  inft   Estimated free energy: total (kcal/mol)
   1      0    -115.9296    -118.3486    -114.9144    -115.9332    -113.9006
               -112.8762    -113.2269    -110.6524    -116.3474    -117.4800
   1     60    -116.2843    -118.7091    -115.2704    -116.2920    -114.2556
               -113.2300    -113.5829    -111.0039    -116.7086    -117.8377
   1     80    -118.8964    -121.3155    -117.8704    -118.9015    -116.8502
               -115.8197    -116.1936    -113.5965    -119.3242    -120.4446
   1    100    -127.8048    -130.2722    -126.7609    -127.8318    -125.7312
               -124.6780    -125.0826    -122.4641    -128.2439    -129.3754
   2      0    -116.0411    -118.5039    -115.1326    -115.8764    -114.0654
               -113.0115    -113.5578    -110.9987    -116.0312    -117.9454
   3      0    -116.4064    -118.8399    -115.4368    -116.1217    -114.4078
               -113.3864    -113.9723    -111.4184    -116.2753    -118.3097
   4      0    -116.2961    -118.7233    -115.3081    -115.9000    -114.3544
               -113.2440    -114.0007    -111.3374    -116.0545    -118.3013
   5      0    -116.1984    -118.4836    -115.0926    -115.8258    -114.2051
               -113.1702    -113.8878    -111.1621    -115.8976    -118.0666
   5     60    -116.6543    -118.9421    -115.5460    -116.2837    -114.6581
               -113.6211    -114.3437    -111.6133    -116.3557    -118.5237
   5     80    -119.8084    -122.0988    -118.6920    -119.4448    -117.8019
               -116.7530    -117.4936    -114.7476    -119.5227    -121.6790
   5    100    -127.9504    -130.2769    -126.8140    -127.5933    -125.9139
               -124.8468    -125.6183    -122.8425    -127.6687    -129.8391
 
 group  inft   Estimated free energy: 1-th solvent contribution (kcal/mol)
   1      0     -30.3287     -31.6828     -29.4122     -29.4821     -29.8232
                -28.6678     -31.6374     -27.7524     -29.7899     -30.1879
   1     60     -30.3347     -31.6899     -29.4186     -29.4885     -29.8297
                -28.6737     -31.6440     -27.7584     -29.7959     -30.1940
   1     80     -30.3840     -31.7405     -29.4666     -29.5365     -29.8772
                -28.7217     -31.6930     -27.8061     -29.8444     -30.2419
   1    100     -30.5433     -31.9049     -29.6226     -29.6944     -30.0330
                -28.8749     -31.8523     -27.9602     -30.0010     -30.3985
   2      0     -30.0106     -31.3477     -29.1925     -29.0319     -29.5888
                -28.3273     -31.4427     -27.5246     -29.4262     -29.9942
   3      0     -29.8421     -31.1731     -29.0098     -28.8892     -29.4625
                -28.1964     -31.3337     -27.3659     -29.2392     -29.8844
   4      0     -29.8429     -31.1246     -29.0544     -28.7807     -29.5027
                -28.2103     -31.3740     -27.3862     -29.2364     -29.9044
   5      0     -29.6636     -30.8665     -28.8320     -28.6691     -29.3025
                -28.0947     -31.1947     -27.1313     -29.0721     -29.7125
   5     60     -29.6714     -30.8747     -28.8397     -28.6768     -29.3102
                -28.1023     -31.2029     -27.1388     -29.0799     -29.7204
   5     80     -29.7131     -30.9162     -28.8813     -28.7183     -29.3519
                -28.1442     -31.2437     -27.1808     -29.1216     -29.7618
   5    100     -29.8194     -31.0220     -28.9873     -28.8234     -29.4581
                -28.2496     -31.3489     -27.2872     -29.2272     -29.8677
 
 group  inft   Estimated free energy: 2-th solvent contribution (kcal/mol)
   1      0       0.9310      12.2961      -5.7199      -2.9802      -6.2043
                -10.0881      -3.7044      -5.7261      -5.2425       5.6787
   1     60       0.9449      12.3084      -5.7062      -2.9675      -6.1901
                -10.0746      -3.6894      -5.7089      -5.2316       5.6932
   1     80       0.9121      12.2795      -5.7365      -2.9971      -6.2200
                -10.1048      -3.7195      -5.7406      -5.2619       5.6617
   1    100       0.9146      12.2786      -5.7411      -3.0039      -6.2216
                -10.1071      -3.7090      -5.7264      -5.2716       5.6660
   2      0       0.7130      12.0197      -5.9630      -3.1696      -6.4111
                -10.3763      -4.0113      -6.1092      -5.0767       5.2044
   3      0       0.2462      11.5681      -6.3885      -3.5091      -6.8225
                -10.8322      -4.4909      -6.6088      -5.4561       4.7578
   4      0       0.3221      11.6378      -6.2455      -3.4242      -6.7592
                -10.6883      -4.4724      -6.5310      -5.2748       4.7744
   5      0       0.3028      11.6756      -6.1938      -3.4073      -6.7564
                -10.6688      -4.5151      -6.5549      -5.2277       4.8593
   5     60       0.3120      11.6844      -6.1853      -3.3987      -6.7478
                -10.6606      -4.5057      -6.5455      -5.2194       4.8684
   5     80       0.3081      11.6822      -6.1891      -3.4026      -6.7501
                -10.6635      -4.5065      -6.5448      -5.2231       4.8651
   5    100       0.3452      11.7155      -6.1565      -3.3714      -6.7173
                -10.6304      -4.4627      -6.4906      -5.1949       4.9025
 
 group  inft   Estimated free energy: 3-th solvent contribution (kcal/mol)
   1      0     -86.5452     -98.9752     -79.7956     -83.4842     -77.8864
                -74.1335     -77.8984     -77.1872     -81.3283     -92.9841
   1     60     -86.9078     -99.3409     -80.1589     -83.8493     -78.2492
                -74.4949     -78.2628     -77.5499     -81.6943     -93.3502
   1     80     -89.4378    -101.8677     -82.6806     -86.3812     -80.7663
                -77.0065     -80.7943     -80.0631     -84.2313     -95.8777
   1    100     -98.1895    -110.6591     -91.4105     -95.1467     -89.4899
                -85.7093     -89.5347     -88.7908     -92.9847    -104.6563
   2      0     -86.7568     -99.1892     -79.9905     -83.6882     -78.0788
                -74.3212     -78.1170     -77.3782     -81.5416     -93.1689
   3      0     -86.8238     -99.2482     -80.0519     -83.7367     -78.1361
                -74.3711     -78.1610     -77.4570     -81.5933     -93.1964
   4      0     -86.7886     -99.2498     -80.0215     -83.7084     -78.1058
                -74.3587     -78.1676     -77.4335     -81.5567     -93.1846
   5      0     -86.8509     -99.3060     -80.0802     -83.7628     -78.1596
                -74.4201     -78.1913     -77.4893     -81.6111     -93.2267
   5     60     -87.3082     -99.7651     -80.5344     -84.2215     -78.6134
                -74.8715     -78.6484     -77.9423     -82.0698     -93.6850
   5     80     -90.4167    -102.8781     -83.6349     -87.3372     -81.7132
                -77.9586     -81.7567     -81.0353     -85.1914     -96.7956
   5    100     -98.4895    -110.9837     -91.6836     -95.4119     -89.7518
                -85.9801     -89.8200     -89.0780     -93.2599    -104.8873
 
 
 cumulative average & 95% error for solvation free energy
              total             1st component         2nd component         3rd component
  1  -116.4064              -29.8421                0.2462              -86.8238
  2  -117.6232     2.4335   -30.5076     1.3310     5.9071    11.3219   -93.0360    12.4244
  3  -116.8944     2.0245   -30.0083     1.2600     1.8086    10.4843   -88.7080    11.2420
  4  -116.7012     1.4827   -29.7285     1.0521     0.4792     7.8759   -87.4652     8.3289
  5  -116.2425     1.4699   -29.6753     0.8219    -0.9812     6.7637   -85.5994     7.4530
  6  -115.7665     1.5319   -29.4288     0.8327    -2.6230     6.4251   -83.7280     7.1442
  7  -115.5102     1.3925   -29.7010     0.8896    -2.8899     5.4563   -82.9327     6.2439
  8  -114.9987     1.5814   -29.4091     0.9666    -3.3547     4.8159   -82.2482     5.5780
  9  -115.1406     1.4232   -29.3902     0.8533    -3.5882     4.2728   -82.1755     4.9215
 10  -115.4575     1.4220   -29.4396     0.7696    -2.7536     4.1704   -83.2776     4.9229
 
 Warning: mesh error is    0.497 kcal/mol and is larger than the threshold value of    0.100 kcal/mol
