 ERmod 0.3.7, Copyright (C) 2000-2019 Nobuyuki Matubayasi
                            2010-2019 Shun Sakuraba
 ERmod comes with ABSOLUTELY NO WARRANTY.
 This is free software, and you can redistribute it
 and/or modify it under certain conditions.
 See LICENSE file for details.
 ERmod 0.3.7, Copyright (C) 2000-2019 Nobuyuki Matubayasi
                            2010-2019 Shun Sakuraba
 ERmod comes with ABSOLUTELY NO WARRANTY.
 This is free software, and you can redistribute it
 and/or modify it under certain conditions.
 See LICENSE file for details.
 
  Number of the   1-th solvent  =        10000
 
  Be sure that the solvent distribution is homogeneous (radial distribution function is essentially unity) when the solvent molecule is separated beyond distance of   10.0 Angstrom in any direction from any atom within the solute molecule
 
  LJ long-range correction    =        -1.3390
 
  Self-energy of the solute   =         0.0008  kcal/mol
 
 
 cumulative average & 95% error for solvation energy
  1   -79.5263
  2   -79.5113     0.0298
  3   -79.4836     0.0582
  4   -79.5071     0.0625
  5   -79.4689     0.0904
  6   -79.4420     0.0913
  7   -79.4339     0.0788
  8   -79.4294     0.0689
  9   -79.4207     0.0632
 10   -79.4160     0.0573
 
 
 group  inft  solvation free energy     error          difference
   1      0        -13.59850           0.02966           0.02615
   1     60        -13.63312           0.02958          -0.00848
   1     80        -14.00694           0.02954          -0.38230
   1    100        -15.50073           0.03042          -1.87609
   2      0        -13.63311           0.03106          -0.00846
   3      0        -13.62464           0.03002           0.00000
   4      0        -13.60250           0.03155           0.02214
   5      0        -13.60744           0.03108           0.01720
   5     60        -13.65569           0.03107          -0.03105
   5     80        -14.13220           0.03111          -0.50756
   5    100        -15.51986           0.03169          -1.89521
 
 
 group  inft   Estimated free energy (kcal/mol)
   1      0     -13.6598     -13.6309     -13.5983     -13.6856     -13.5658
                -13.5422     -13.5828     -13.5980     -13.5552     -13.5664
   1     60     -13.6942     -13.6655     -13.6328     -13.7200     -13.6006
                -13.5769     -13.6173     -13.6332     -13.5900     -13.6009
   1     80     -14.0678     -14.0402     -14.0061     -14.0937     -13.9751
                -13.9519     -13.9899     -14.0068     -13.9630     -13.9748
   1    100     -15.5628     -15.5371     -15.4970     -15.5901     -15.4665
                -15.4448     -15.4814     -15.5015     -15.4550     -15.4711
   2      0     -13.6943     -13.6683     -13.6336     -13.7251     -13.6001
                -13.5693     -13.6186     -13.6309     -13.5897     -13.6014
   3      0     -13.6855     -13.6548     -13.6269     -13.7163     -13.5956
                -13.5685     -13.6099     -13.6170     -13.5847     -13.5872
   4      0     -13.6647     -13.6319     -13.6058     -13.6979     -13.5767
                -13.5377     -13.5858     -13.6019     -13.5567     -13.5661
   5      0     -13.6659     -13.6384     -13.6078     -13.7009     -13.5746
                -13.5459     -13.5979     -13.6121     -13.5576     -13.5732
   5     60     -13.7141     -13.6868     -13.6560     -13.7490     -13.6229
                -13.5942     -13.6461     -13.6605     -13.6058     -13.6215
   5     80     -14.1907     -14.1638     -14.1322     -14.2256     -14.0986
                -14.0708     -14.1220     -14.1372     -14.0825     -14.0987
   5    100     -15.5792     -15.5530     -15.5188     -15.6150     -15.4849
                -15.4577     -15.5089     -15.5250     -15.4684     -15.4876
 
 
 cumulative average & 95% error for solvation free energy
  1   -13.6855
  2   -13.6702     0.0307
  3   -13.6558     0.0339
  4   -13.6709     0.0386
  5   -13.6558     0.0424
  6   -13.6413     0.0452
  7   -13.6368     0.0393
  8   -13.6343     0.0344
  9   -13.6288     0.0323
 10   -13.6246     0.0300
