 ERmod 0.3.8, Copyright (C) 2000-2019 Nobuyuki Matubayasi
                            2010-2019 Shun Sakuraba
 ERmod comes with ABSOLUTELY NO WARRANTY.
 This is free software, and you can redistribute it
 and/or modify it under certain conditions.
 See LICENSE file for details.
 ERmod 0.3.8, Copyright (C) 2000-2019 Nobuyuki Matubayasi
                            2010-2019 Shun Sakuraba
 ERmod comes with ABSOLUTELY NO WARRANTY.
 This is free software, and you can redistribute it
 and/or modify it under certain conditions.
 See LICENSE file for details.
 
  Number of the   1-th solvent  =          792
  Number of the   2-th solvent  =          792
  Number of the   3-th solvent  =        10000
 
  Be sure that the solvent distribution is homogeneous (radial distribution function is essentially unity) when the solvent molecule is separated beyond distance of   10.0 Angstrom in any direction from any atom within the solute molecule
 
  LJ long-range correction    =        -1.3175     -0.2494     -7.0203
 
  Self-energy of the solute   =        -0.0029  kcal/mol
 
 
 cumulative average & 95% error for solvation energy
              total             1st component         2nd component         3rd component
  1  -548.5854             -182.7117             -113.8760             -251.9948
  2  -548.5511     0.0686  -193.0691    20.7148  -105.4093    16.9335  -250.0699     3.8498
  3  -548.4266     0.2523  -193.5639    12.0005  -103.1959    10.7321  -251.6639     3.8864
  4  -548.6017     0.3931  -195.7600     9.5551   -99.2758    10.9113  -253.5630     4.6880
  5  -548.6098     0.3049  -196.7952     7.6854   -99.1911     8.4536  -252.6206     4.0913
  6  -549.9293     2.6506  -197.2240     6.3335  -105.5440    14.4595  -247.1584    11.4237
  7  -550.6249     2.6370  -196.0093     5.8783  -115.4852    23.3378  -239.1275    18.7403
  8  -550.5158     2.2941  -195.8902     5.0963  -119.7377    21.9277  -234.8849    18.3138
  9  -549.7740     2.5088  -195.2129     4.6942  -116.8914    20.1589  -237.6669    17.0828
 10  -548.6552     3.1689  -195.6650     4.2949  -111.2183    21.3035  -241.7690    17.3426
 11  -548.4329     2.9007  -195.5699     3.8896  -111.4232    19.2741  -241.4369    15.7010
 12  -548.0006     2.7855  -196.0365     3.6713  -109.3261    18.0878  -242.6351    14.5319
 13  -547.6822     2.6402  -196.6122     3.5680  -107.6676    16.9657  -243.3995    13.4546
 14  -547.1689     2.6513  -197.0874     3.4373  -103.5966    17.6921  -246.4820    13.8986
 15  -547.0127     2.4879  -196.8247     3.2428  -103.6540    16.4708  -246.5312    12.9393
 16  -546.8277     2.3564  -196.8337     3.0334  -103.4546    15.4122  -246.5365    12.1036
 17  -546.6492     2.2421  -196.1457     3.1643  -103.0722    14.4974  -247.4284    11.5084
 18  -546.7855     2.1314  -194.9831     3.7824  -106.6909    15.4662  -245.1086    11.8006
 19  -546.9147     2.0326  -194.0354     4.0489  -109.8187    15.9109  -243.0578    11.8920
 20  -546.9439     1.9292  -193.1257     4.2502  -112.2880    15.8818  -241.5273    11.6896
 21  -547.0682     1.8518  -193.1025     4.0430  -114.0415    15.5083  -239.9213    11.5736
 22  -547.0774     1.7657  -192.6529     3.9583  -114.8968    14.8852  -239.5249    11.0635
 23  -547.2268     1.7134  -192.2648     3.8611  -117.2483    14.9807  -237.7109    11.1767
 24  -547.3778     1.6680  -190.8212     4.6906  -120.0104    15.3700  -236.5433    10.9527
 25  -547.4469     1.6059  -189.9912     4.7955  -121.6417    15.0991  -235.8110    10.6071
 26  -547.5673     1.5616  -189.4026     4.7554  -123.7453    15.1045  -234.4166    10.5657
 27  -547.5813     1.5029  -189.2677     4.5838  -124.6378    14.6435  -233.6730    10.2750
 28  -547.4073     1.4894  -188.8909     4.4809  -123.6787    14.2406  -234.8349    10.1703
 29  -547.0900     1.5710  -188.4987     4.3942  -121.5809    14.3670  -237.0075    10.7324
 30  -546.9756     1.5349  -189.0691     4.3958  -119.7015    14.3798  -238.2021    10.6401
 31  -547.0521     1.4924  -189.1648     4.2560  -119.7585    13.9087  -238.1259    10.2923
 32  -547.1205     1.4515  -190.8661     5.3440  -118.0039    13.9167  -238.2477     9.9685
 33  -547.2706     1.4385  -192.2932     5.9139  -117.6761    13.5043  -237.2984     9.8464
 34  -547.3628     1.4077  -193.8978     6.5739  -116.9363    13.1844  -236.5259     9.6766
 35  -547.5767     1.4322  -195.3292     6.9959  -117.2294    12.8156  -235.0152     9.8699
 36  -547.6107     1.3935  -196.4838     7.1802  -116.4558    12.5503  -234.6683     9.6169
 37  -547.8475     1.4356  -197.5224     7.2858  -117.0215    12.2587  -233.3006     9.7451
 38  -548.1404     1.5152  -199.1131     7.7724  -116.8955    11.9344  -232.1289     9.7704
 39  -548.2953     1.5080  -200.5902     8.1265  -115.9077    11.7910  -231.7945     9.5400
 40  -548.2318     1.4753  -202.3536     8.6704  -113.1355    12.7600  -232.7398     9.4888
 41  -548.0923     1.4656  -203.9327     9.0268  -110.0478    13.8928  -234.1089     9.6510
 42  -547.9944     1.4437  -205.4568     9.3217  -107.1871    14.7158  -235.3476     9.7388
 43  -547.8046     1.4599  -207.4351     9.9251  -103.8354    15.8562  -236.5313     9.7998
 44  -547.7045     1.4403  -209.2359    10.3442  -100.9153    16.5559  -237.5505     9.7891
 45  -547.7006     1.4080  -210.9811    10.6972   -98.7709    16.7425  -237.9457     9.6017
 46  -547.6511     1.3806  -213.0759    11.2697   -95.8686    17.3729  -238.7038     9.5123
 47  -547.6414     1.3510  -214.5163    11.3974   -94.1057    17.3610  -239.0166     9.3287
 48  -547.7002     1.3278  -215.7076    11.4090   -93.0440    17.1276  -238.9457     9.1334
 49  -547.7687     1.3076  -216.3819    11.2548   -92.6767    16.7905  -238.7072     8.9577
 50  -547.8928     1.3050  -217.5113    11.2564   -92.7573    16.4520  -237.6213     9.0415
 
 
 group  inft  solvation free energy     error          difference
  total solvation free energy
   1      0        -96.10316           1.67063          -0.32702
   1     60        -96.41942           1.67062          -0.64328
   1     80        -99.08694           1.67233          -3.31080
   1    100       -108.36734           1.68495         -12.59120
   2      0        -96.41496           1.69135          -0.63882
   3      0        -95.77614           1.69612           0.00000
   4      0        -96.14792           1.67236          -0.37178
   5      0        -97.33624           1.79772          -1.56010
   5     60        -97.77056           1.79798          -1.99442
   5     80       -101.07497           1.80147          -5.29883
   5    100       -109.63122           1.81359         -13.85507
 
  contribution from  1-th solvent component
   1      0       -185.51986           5.73234          -0.90520
   1     60       -185.54689           5.73239          -0.93223
   1     80       -185.78323           5.73323          -1.16857
   1    100       -186.62479           5.74129          -2.01013
   2      0       -184.90272           5.75366          -0.28806
   3      0       -184.61466           5.75869           0.00000
   4      0       -185.38047           5.83331          -0.76581
   5      0       -186.00497           5.90551          -1.39031
   5     60       -186.04310           5.90570          -1.42844
   5     80       -186.34698           5.90798          -1.73232
   5    100       -187.11875           5.91442          -2.50408
 
  contribution from  2-th solvent component
   1      0         51.14009           6.82849           0.58151
   1     60         51.16076           6.82894           0.60218
   1     80         51.31337           6.83154           0.75478
   1    100         51.71668           6.83790           1.15809
   2      0         50.18326           6.88313          -0.37532
   3      0         50.55858           6.90407           0.00000
   4      0         50.92872           6.96534           0.37014
   5      0         50.40440           6.86288          -0.15419
   5     60         50.42699           6.86337          -0.13160
   5     80         50.60099           6.86665           0.04241
   5    100         50.98100           6.87393           0.42242
 
  contribution from  3-th solvent component
   1      0         38.27948           4.13943          -0.00333
   1     60         37.96959           4.13992          -0.31323
   1     80         35.38580           4.14453          -2.89701
   1    100         26.54364           4.15998         -11.73917
   2      0         38.30737           4.13952           0.02456
   3      0         38.28281           4.13935           0.00000
   4      0         38.30671           4.13934           0.02389
   5      0         38.26721           4.13992          -0.01560
   5     60         37.84843           4.14064          -0.43438
   5     80         34.67389           4.14642          -3.60892
   5    100         26.50940           4.16067         -11.77341
 
 
 group  inft   Estimated free energy: total (kcal/mol)
   1      0     -96.8182     -92.1323     -98.2699    -100.2811     -98.1304
                -99.9443    -101.5679    -103.9950    -104.0767    -106.6150
                -99.7374     -97.2010     -96.4254     -96.5938     -88.7961
                -88.6419     -92.6833     -96.9967     -95.9365     -94.7512
                -84.0346     -92.4598     -92.6067     -95.1957     -96.9186
                -90.6992     -89.2480     -84.2584     -86.1456     -92.4552
                -86.4452     -89.1268     -90.6012     -95.8753     -91.4989
                -94.4806    -103.1999    -102.6939    -103.3950     -95.2511
                -94.0013     -96.9591    -104.8036    -104.2089     -97.9962
               -109.5673    -102.0001     -96.9293     -92.0419    -100.4662
   1     60     -97.1326     -92.4457     -98.5861    -100.5996     -98.4450
               -100.2579    -101.8792    -104.3066    -104.3941    -106.9373
               -100.0540     -97.5200     -96.7423     -96.9130     -89.1099
                -88.9566     -93.0048     -97.3122     -96.2527     -95.0675
                -84.3481     -92.7773     -92.9199     -95.5090     -97.2372
                -91.0116     -89.5651     -84.5787     -86.4673     -92.7784
                -86.7655     -89.4447     -90.9141     -96.1891     -91.8102
                -94.7947    -103.5132    -103.0080    -103.7131     -95.5696
                -94.3185     -97.2779    -105.1232    -104.5273     -98.3127
               -109.8852    -102.3180     -97.2446     -92.3559    -100.7758
   1     80     -99.7974     -95.1008    -101.2713    -103.2980    -101.1195
               -102.9187    -104.5195    -106.9533    -107.0880    -109.6692
               -102.7384    -100.2177     -99.4277     -99.6212     -91.7610
                -91.6166     -95.7087     -99.9741     -98.9054     -97.7246
                -86.9712     -95.4470     -95.5463     -98.1659     -99.9103
                -93.6358     -92.2256     -87.2616     -89.1589     -95.4868
                -89.4466     -92.1156     -93.5551     -98.8348     -94.4383
                -97.4423    -106.1597    -105.6466    -106.3968     -98.2564
                -96.9891     -99.9663    -107.8090    -107.2137    -100.9759
               -112.5621    -105.0045     -99.8997     -95.0029    -103.3912
   1    100    -109.1119    -104.3629    -110.6570    -112.6897    -110.4677
               -112.2186    -113.7401    -116.2362    -116.4992    -119.2015
               -112.1207    -109.6232    -108.8049    -109.0803    -101.0025
               -100.8808    -105.0543    -109.1936    -108.0875    -106.9201
                -96.0796    -104.6694    -104.6705    -107.3960    -109.1937
               -102.7233    -101.4341     -96.5326     -98.4523    -104.7887
                -98.6681    -101.3737    -102.7638    -108.0616    -103.6138
               -106.6715    -115.3951    -114.8207    -115.7293    -107.6201
               -106.2980    -109.3400    -117.1459    -116.5910    -110.2385
               -121.8892    -114.3749    -109.1349    -104.2101    -112.5345
   2      0     -97.1229     -92.2092     -98.5876    -100.7567     -98.1178
               -100.4232    -102.0042    -104.3833    -104.5806    -107.4655
               -100.2076     -97.4477     -96.6822     -96.7358     -88.3501
                -88.5719     -93.5664     -97.6481     -96.3229     -95.2848
                -84.1965     -93.0223     -93.1878     -95.8941     -97.8257
                -90.7964     -89.6108     -84.6290     -86.4698     -93.5033
                -86.4497     -89.3997     -90.7716     -96.1580     -91.5480
                -94.8200    -103.8856    -103.0139    -104.0445     -95.4520
                -93.8684     -96.7421    -104.9109    -104.4457     -97.9970
               -109.7111    -102.1658     -96.9206     -92.1689    -100.6701
   3      0     -96.2471     -91.7950     -97.9383    -100.1663     -97.3177
                -99.7063    -101.4797    -103.9357    -104.3350    -106.8587
               -100.2930     -97.6072     -97.4921     -97.1519     -88.1524
                -87.9921     -92.7468     -97.0552     -96.0569     -94.8209
                -83.7787     -92.6499     -92.4092     -95.6338     -97.7555
                -90.3971     -89.3509     -84.3506     -86.0297     -93.6151
                -86.0701     -88.3160     -90.0101     -93.9706     -88.7496
                -93.1561    -100.9336    -102.2269    -103.7035     -94.0118
                -93.0813     -97.6365    -104.6021    -104.4062     -96.3080
               -109.2253    -100.6326     -95.6054     -91.2951     -99.7479
   4      0     -96.9185     -92.1026     -98.6431    -100.7434     -98.1039
               -100.2886    -102.1731    -104.3524    -104.6986    -107.5678
               -100.2661     -97.6199     -96.8154     -97.1569     -88.4182
                -88.4072     -93.4419     -97.7738     -96.6058     -95.4225
                -84.4257     -92.9803     -93.0968     -96.2175     -98.2969
                -91.1412     -89.8236     -84.7331     -86.8392     -94.2692
                -86.4599     -89.1691     -90.1692     -94.4221     -89.9860
                -94.1583    -102.1742    -101.9776    -103.6534     -93.8891
                -91.9492     -96.0863    -104.4741    -104.4222     -97.2203
               -108.9786    -101.4560     -96.1307     -91.2854     -99.9910
   5      0     -97.6661     -93.0808     -98.3084    -100.3464     -97.4255
               -100.4435    -103.1512    -105.6404    -105.6160    -108.2706
               -100.9275     -98.5378     -99.4784     -98.6871     -90.0196
                -89.6161     -94.4790     -98.7556     -97.6853     -96.2617
                -85.3163     -94.2212     -94.0313     -97.5896     -99.7443
                -92.1207     -90.6406     -85.5559     -88.0659     -95.3199
                -87.4194     -90.4654     -91.2287     -93.0526     -87.7530
                -91.6452     -99.9336    -101.7701    -104.1743     -94.8814
                -95.3289    -100.6049    -109.4424    -109.4768    -100.5964
               -111.1054    -104.9738     -99.0344     -93.1550    -103.7673
   5     60     -98.0971     -93.5101     -98.7426    -100.7835     -97.8572
               -100.8740    -103.5790    -106.0679    -106.0516    -108.7121
               -101.3608     -98.9751     -99.9125     -99.1253     -90.4502
                -90.0475     -94.9201     -99.1885     -98.1186     -96.6951
                -85.7459     -94.6566     -94.4609     -98.0197    -100.1810
                -92.5495     -91.0741     -85.9942     -88.5067     -95.7623
                -87.8591     -90.9016     -91.6584     -93.4835     -88.1802
                -92.0770    -100.3641    -102.2012    -104.6123     -95.3204
                -95.7657    -101.0442    -109.8832    -109.9163    -101.0333
               -111.5439    -105.4122     -99.4692     -93.5880    -104.1946
   5     80    -101.3971     -96.7926    -102.0711    -104.1220    -101.1680
               -104.1703    -106.8498    -109.3490    -109.3885    -112.0969
               -104.6840    -102.3147    -103.2347    -102.4796     -93.7325
                -93.3372     -98.2723    -102.4825    -101.4005     -99.9857
                -88.9903     -97.9599     -97.7101    -101.3084    -103.4907
                -95.7969     -94.3625     -89.3102     -91.8373     -99.1139
                -91.1797     -94.2076     -94.9301     -96.7601     -91.4332
                -95.3606    -103.6403    -105.4683    -107.9398     -98.6584
                -99.0792    -104.3802    -113.2165    -113.2569    -104.3389
               -114.8669    -108.7472    -102.7628     -96.8699    -107.4426
   5    100    -109.9932    -105.3343    -110.7409    -112.7857    -109.7930
               -112.7606    -115.3593    -117.9175    -118.0772    -120.9033
               -113.3490    -110.9954    -111.8849    -111.2066    -102.2545
               -101.8794    -106.9048    -110.9950    -109.8863    -108.4748
                -97.3809    -106.4718    -106.1200    -109.8277    -112.0611
               -104.1831    -102.8502     -97.8599    -100.4125    -107.6997
                -99.6793    -102.7457    -103.4220    -105.2574     -99.8803
               -103.8628    -112.1414    -113.9159    -116.5468    -107.2795
               -107.6305    -113.0067    -121.8018    -121.8912    -112.8619
               -123.4489    -117.3696    -111.2549    -105.3427    -115.8587
 
 group  inft   Estimated free energy: 1-th solvent contribution (kcal/mol)
   1      0    -172.1531    -181.6561    -172.6806    -183.1759    -180.5106
               -174.8973    -168.1864    -173.9579    -171.8973    -177.5119
               -172.5705    -176.7422    -177.5725    -179.0590    -172.2615
               -175.5277    -167.4598    -163.0820    -165.8335    -164.9104
               -171.1706    -167.2505    -169.1529    -157.3122    -160.0930
               -162.6385    -167.3841    -163.1948    -166.1299    -185.3625
               -171.8914    -192.8438    -190.1159    -202.0822    -194.3931
               -199.6017    -193.4999    -208.1033    -208.0322    -214.0070
               -212.4752    -210.7613    -225.3817    -221.1530    -216.6662
               -232.2711    -217.6422    -212.6113    -200.7791    -210.3467
   1     60    -172.1803    -181.6833    -172.7081    -183.2035    -180.5382
               -174.9245    -168.2134    -173.9850    -171.9251    -177.5394
               -172.5981    -176.7701    -177.6003    -179.0870    -172.2887
               -175.5551    -167.4868    -163.1085    -165.8599    -164.9367
               -171.1968    -167.2767    -169.1787    -157.3379    -160.1190
               -162.6645    -167.4109    -163.2214    -166.1563    -185.3887
               -171.9179    -192.8716    -190.1434    -202.1093    -194.4205
               -199.6283    -193.5271    -208.1304    -208.0594    -214.0338
               -212.5024    -210.7885    -225.4090    -221.1805    -216.6934
               -232.2982    -217.6695    -212.6383    -200.8063    -210.3739
   1     80    -172.4179    -181.9216    -172.9462    -183.4457    -180.7801
               -175.1610    -168.4474    -174.2220    -172.1661    -177.7785
               -172.8379    -177.0125    -177.8431    -179.3315    -172.5269
               -175.7955    -167.7206    -163.3385    -166.0898    -165.1660
               -171.4249    -167.5046    -169.4039    -157.5618    -160.3454
               -162.8908    -167.6450    -163.4526    -166.3862    -185.6191
               -172.1487    -193.1132    -190.3833    -202.3487    -194.6613
               -199.8648    -193.7665    -208.3681    -208.2986    -214.2702
               -212.7422    -211.0284    -225.6484    -221.4213    -216.9322
               -232.5376    -217.9099    -212.8763    -201.0460    -210.6131
   1    100    -173.2573    -182.7660    -173.7792    -184.3028    -181.6345
               -175.9884    -169.2626    -175.0546    -173.0044    -178.6171
               -173.6762    -177.8611    -178.6956    -180.1934    -173.3646
               -176.6437    -168.5330    -164.1383    -166.8925    -165.9691
               -172.2272    -168.3002    -170.1945    -158.3429    -161.1353
               -163.6835    -168.4654    -164.2581    -167.1877    -186.4413
               -172.9624    -193.9668    -191.2353    -203.2145    -195.5228
               -200.7277    -194.6263    -209.2276    -209.1627    -215.1441
               -213.6315    -211.9119    -226.5382    -222.3154    -217.8075
               -233.4284    -218.7967    -213.7514    -201.9131    -211.4845
   2      0    -171.2729    -180.7708    -171.8809    -182.3835    -179.7356
               -174.1010    -167.5292    -173.1937    -171.2740    -176.9150
               -171.6230    -176.0194    -176.8008    -178.1908    -171.4793
               -174.6812    -166.9932    -162.4999    -165.3166    -164.3349
               -170.4906    -166.6514    -168.6223    -156.9352    -159.6248
               -162.0430    -166.6857    -162.6253    -165.4715    -184.9582
               -171.2213    -192.0925    -189.3416    -201.5485    -193.4927
               -199.1026    -192.8562    -207.7245    -207.5550    -213.3549
               -212.1353    -210.3459    -225.0705    -220.7409    -216.1261
               -231.8502    -217.3039    -212.1606    -200.2019    -209.8072
   3      0    -170.9096    -180.4753    -171.4993    -182.1447    -179.4345
               -173.7208    -167.2113    -172.9257    -171.0703    -176.6148
               -171.4469    -175.9344    -176.9065    -178.1597    -171.2601
               -174.4080    -166.6431    -162.2126    -165.0049    -163.9838
               -170.2240    -166.3469    -168.2213    -156.7130    -159.3978
               -161.8191    -166.4550    -162.3588    -165.1934    -184.7494
               -170.9113    -191.5830    -188.8668    -200.6490    -192.6006
               -198.5826    -192.0327    -207.1464    -207.2790    -212.8100
               -211.9461    -210.4665    -225.2554    -221.0068    -215.8660
               -231.8198    -216.7637    -211.7044    -200.1662    -209.8322
   4      0    -171.6548    -180.7911    -171.8448    -182.5959    -179.8308
               -173.9672    -167.7980    -173.2039    -171.5639    -177.1015
               -171.3095    -175.9031    -175.5889    -177.7074    -171.4464
               -174.7992    -167.6078    -163.0616    -165.6981    -164.7537
               -170.9114    -167.0307    -169.2346    -157.3562    -160.0793
               -162.3545    -166.7464    -162.9130    -165.8493    -185.2140
               -171.3899    -192.4303    -189.8072    -204.1542    -195.6518
               -200.5543    -195.1040    -209.3741    -208.6526    -214.8139
               -213.1049    -210.8253    -225.1822    -220.9834    -216.6212
               -232.8549    -217.9124    -212.9024    -200.5916    -210.1962
   5      0    -171.9933    -181.4491    -171.6452    -182.3521    -179.2338
               -174.1289    -168.5165    -174.0858    -172.1002    -177.5599
               -171.8114    -176.7057    -178.0750    -179.1818    -172.6613
               -175.7455    -168.0606    -163.5331    -166.2885    -165.2224
               -171.4471    -167.7666    -169.6095    -158.0409    -160.8628
               -163.0269    -167.2064    -163.3478    -166.6307    -185.8699
               -171.9751    -192.9940    -190.3140    -202.5216    -193.5947
               -198.6230    -192.8885    -208.7461    -208.6543    -214.9259
               -214.9007    -213.4700    -228.2991    -223.9421    -218.4840
               -233.7707    -219.7745    -214.3568    -201.5584    -212.2963
   5     60    -172.0313    -181.4871    -171.6834    -182.3906    -179.2722
               -174.1669    -168.5542    -174.1236    -172.1391    -177.5984
               -171.8499    -176.7445    -178.1136    -179.2210    -172.6997
               -175.7841    -168.0987    -163.5703    -166.3257    -165.2595
               -171.4837    -167.8035    -169.6458    -158.0771    -160.8994
               -163.0636    -167.2437    -163.3849    -166.6680    -185.9067
               -172.0121    -193.0329    -190.3526    -202.5600    -193.6333
               -198.6610    -192.9268    -208.7842    -208.6928    -214.9645
               -214.9399    -213.5092    -228.3386    -223.9819    -218.5235
               -233.8100    -219.8136    -214.3955    -201.5972    -212.3354
   5     80    -172.3336    -181.7906    -171.9856    -182.6972    -179.5781
               -174.4680    -168.8516    -174.4231    -172.4452    -177.9025
               -172.1542    -177.0509    -178.4200    -179.5321    -173.0038
               -176.0905    -168.3987    -163.8627    -166.6196    -165.5530
               -171.7735    -168.0945    -169.9331    -158.3626    -161.1880
               -163.3550    -167.5391    -163.6779    -166.9624    -186.2016
               -172.3061    -193.3411    -190.6604    -202.8695    -193.9417
               -198.9694    -193.2344    -209.0905    -209.0032    -215.2774
               -215.2576    -213.8244    -228.6563    -224.3028    -218.8398
               -234.1280    -220.1295    -214.7091    -201.9091    -212.6498
   5    100    -173.1052    -182.5684    -172.7521    -183.4809    -180.3602
               -175.2333    -169.6031    -175.1840    -173.2177    -178.6743
               -172.9259    -177.8283    -179.1975    -180.3237    -173.7760
               -176.8703    -169.1533    -164.6001    -167.3634    -166.2955
               -172.5074    -168.8291    -170.6610    -159.0800    -161.9142
               -164.0913    -168.2872    -164.4146    -167.7041    -186.9568
               -173.0514    -194.1252    -191.4430    -203.6631    -194.7264
               -199.7626    -194.0170    -209.8744    -209.7971    -216.0739
               -216.0645    -214.6287    -229.4672    -225.1188    -219.6409
               -234.9411    -220.9308    -215.5053    -202.7017    -213.4455
 
 group  inft   Estimated free energy: 2-th solvent contribution (kcal/mol)
   1      0      42.3133      54.3610      42.6123      52.3528      47.8218
                 26.9901      13.8786      24.5385      47.9602      59.8634
                 37.8049      51.5272      51.3912      70.2983      51.4632
                 54.2792      49.8761      16.0384      19.3882      22.1957
                 38.0918      36.0760      23.1152      13.3119      18.4690
                 19.9042      31.4289      55.8380      72.9855      67.1304
                 42.7510      63.1775      43.6418      52.4116      38.3257
                 56.4435      26.0908      42.9439      54.6630      91.4837
                100.8323      94.9290     100.8339      95.1037      83.8433
                 96.7774      80.2634      72.3353      61.6913      45.1571
   1     60      42.3339      54.3828      42.6318      52.3737      47.8423
                 27.0107      13.8989      24.5587      47.9794      59.8799
                 37.8239      51.5473      51.4114      70.3193      51.4855
                 54.3013      49.8927      16.0549      19.4047      22.2124
                 38.1112      36.0933      23.1329      13.3315      18.4840
                 19.9231      31.4460      55.8539      73.0014      67.1468
                 42.7691      63.2004      43.6651      52.4347      38.3493
                 56.4675      26.1133      42.9672      54.6854      91.5074
                100.8571      94.9521     100.8578      95.1266      83.8683
                 96.8017      80.2863      72.3602      61.7165      45.1821
   1     80      42.4863      54.5436      42.7650      52.5199      47.9890
                 27.1519      14.0453      24.7023      48.1151      59.9903
                 37.9545      51.6871      51.5573      70.4687      51.6559
                 54.4691      50.0197      16.1828      19.5371      22.3478
                 38.2789      36.2282      23.2866      13.4667      18.6070
                 20.0794      31.5880      55.9940      73.1460      67.2763
                 42.9094      63.3638      43.8297      52.6048      38.5189
                 56.6457      26.2692      43.1366      54.8358      91.6745
                101.0435      95.1213     101.0302      95.2871      84.0473
                 96.9750      80.4418      72.5371      61.8980      45.3591
   1    100      42.8762      54.9707      43.0673      52.8731      48.3498
                 27.4816      14.4159      25.0472      48.4390      60.2304
                 38.2519      52.0137      51.9144      70.8362      52.1141
                 54.9161      50.3782      16.5484      19.9213      22.7488
                 38.7597      36.6222      23.7204      13.8364      18.9184
                 20.5589      32.0095      56.4157      73.5850      67.6650
                 43.3188      63.7813      44.2483      53.0521      38.9569
                 57.1269      26.6554      43.5787      55.1960      92.1110
                101.5619      95.5714     101.4878      95.6976      84.5271
                 97.4380      80.8266      73.0057      62.3835      45.8234
   2      0      41.0861      53.3373      41.4553      51.0564      47.0085
                 25.6756      12.7831      23.3768      46.8202      58.4050
                 36.3695      50.5212      50.3037      69.2306      51.1095
                 53.4750      48.5002      14.7805      18.4452      21.0607
                 37.2219      34.8880      21.9673      12.2217      17.0559
                 19.1682      30.3397      54.8567      71.9608      65.6235
                 42.0131      62.0906      42.6647      51.5674      37.3344
                 55.5874      24.7185      42.2352      53.5079      90.5974
                100.6124      94.7307     100.4006      94.4571      83.3051
                 96.2239      79.7539      71.8744      60.9720      44.4124
   3      0      41.6068      53.4626      41.7177      51.4191      47.5248
                 26.0283      12.9968      23.5774      46.8715      58.7351
                 36.1269      50.2854      49.5839      68.7902      51.1124
                 53.7800      48.9745      15.0949      18.3903      21.1791
                 37.3810      34.9542      22.3595      12.2516      16.9010
                 19.3459      30.3830      54.8849      72.1351      65.3129
                 42.0801      62.6968      42.9998      52.8829      39.2788
                 56.7572      26.8895      42.4812      53.6145      91.5440
                101.2712      94.0118     100.9502      94.8347      84.8103
                 96.7268      80.8285      72.8009      61.8667      45.4364
   4      0      41.6796      53.4830      41.3891      51.2884      47.1419
                 25.6982      12.8977      23.4267      47.0232      58.5026
                 36.0116      50.2420      48.9659      68.3220      51.0283
                 53.7703      49.2471      15.2583      18.5440      21.3846
                 37.4172      35.2913      22.6767      12.3231      17.0373
                 19.1377      30.1797      55.0410      72.0013      65.1111
                 42.1666      62.6067      43.7292      55.9058      41.0427
                 57.7409      28.6671      44.9299      54.9838      93.6091
                103.4703      95.8356     100.9379      94.6791      84.5579
                 97.9319      81.0564      73.3605      62.2399      45.4638
   5      0      41.3366      53.1826      41.5790      51.4922      47.2585
                 25.7404      12.6511      23.0534      46.6895      58.3009
                 35.9037      50.1814      48.8407      68.3054      50.6791
                 53.5365      48.7340      14.7851      18.1023      21.0393
                 37.1096      34.8395      22.1707      11.7004      16.4386
                 18.8997      29.8882      54.7060      71.6211      64.7596
                 41.8442      61.9220      43.2273      55.6989      41.2392
                 58.3358      28.7138      44.5419      54.4670      92.7494
                101.9234      93.9860      99.0702      92.6396      83.0696
                 96.7358      79.4117      71.9430      61.3634      43.8123
   5     60      41.3599      53.2073      41.5998      51.5155      47.2811
                 25.7630      12.6731      23.0755      46.7110      58.3188
                 35.9253      50.2034      48.8635      68.3288      50.7044
                 53.5619      48.7517      14.8030      18.1197      21.0578
                 37.1313      34.8581      22.1903      11.7218      16.4543
                 18.9203      29.9076      54.7237      71.6388      64.7778
                 41.8631      61.9471      43.2524      55.7245      41.2652
                 58.3623      28.7380      44.5677      54.4909      92.7749
                101.9508      94.0115      99.0957      92.6637      83.0963
                 96.7616      79.4359      71.9698      61.3907      43.8388
   5     80      41.5341      53.3950      41.7462      51.6810      47.4465
                 25.9209      12.8365      23.2340      46.8639      58.4388
                 36.0728      50.3583      49.0284      68.4973      50.9020
                 53.7571      48.8923      14.9476      18.2720      21.2132
                 37.3272      35.0112      22.3687      11.8760      16.5911
                 19.1035      30.0713      54.8870      71.8066      64.9234
                 42.0199      62.1329      43.4393      55.9211      41.4595
                 58.5683      28.9163      44.7613      54.6585      92.9651
                102.1698      94.2071      99.2936      92.8443      83.3025
                 96.9601      79.6112      72.1742      61.6000      44.0406
   5    100      41.8956      53.7992      42.0199      52.0079      47.7811
                 26.2248      13.1840      23.5509      47.1648      58.6565
                 36.3469      50.6605      49.3557      68.8382      51.3362
                 54.1814      49.2288      15.2873      18.6246      21.5881
                 37.7877      35.3794      22.7828      12.2199      16.8773
                 19.5562      30.4699      55.2815      72.2212      65.2809
                 42.4061      62.5222      43.8315      56.3468      41.8751
                 59.0275      29.2875      45.1809      54.9942      93.3790
                102.6740      94.6374      99.7362      93.2338      83.7646
                 97.4065      79.9760      72.6283      62.0684      44.4849
 
 group  inft   Estimated free energy: 3-th solvent contribution (kcal/mol)
   1      0      33.0246      35.1657      31.8013      30.5448      34.5614
                 47.9658      52.7428      45.4272      19.8633      11.0363
                 35.0310      28.0168      29.7588      12.1697      32.0050
                 32.6095      24.9033      50.0498      50.5116      47.9663
                 49.0471      38.7175      53.4339      48.8074      44.7083
                 52.0379      46.7100      23.1013       7.0016      25.7797
                 42.6981      40.5424      55.8757      53.7981      64.5714
                 48.6805      64.2121      62.4684      49.9770      27.2750
                 17.6445      18.8761      19.7470      21.8433      34.8295
                 25.9293      35.3815      43.3495      47.0488      64.7263
   1     60      32.7166      34.8577      31.4930      30.2331      34.2538
                 47.6588      52.4381      45.1226      19.5545      10.7250
                 34.7231      27.7056      29.4494      11.8575      31.6962
                 32.3001      24.5923      49.7443      50.2054      47.6597
                 48.7403      38.4090      53.1288      48.5003      44.4007
                 51.7326      46.4027      22.7917       6.6905      25.4664
                 42.3861      40.2295      55.5671      53.4884      64.2638
                 48.3690      63.9034      62.1581      49.6637      26.9596
                 17.3296      18.5614      19.4309      21.5295      34.5152
                 25.6141      35.0681      43.0363      46.7367      64.4189
   1     80      30.1371      32.2801      28.9128      27.6306      31.6745
                 45.0933      49.8854      42.5693      16.9658       8.1219
                 32.1479      25.1106      26.8610       9.2444      29.1128
                 29.7127      21.9951      47.1845      47.6502      45.0965
                 46.1778      35.8322      50.5740      45.9321      41.8310
                 49.1785      43.8342      20.1998       4.0842      22.8589
                 39.7957      37.6367      53.0015      50.9120      61.7071
                 45.7797      61.3404      59.5877      47.0689      24.3422
                 14.7125      15.9436      16.8121      18.9233      31.9119
                 23.0033      32.4665      40.4423      44.1479      61.8656
   1    100      21.2720      23.4353      20.0578      18.7429      22.8199
                 36.2910      41.1095      33.7740       8.0691      -0.8119
                 23.3065      16.2272      17.9792       0.2797      20.2510
                 20.8497      13.1033      38.3993      38.8866      36.3031
                 37.3909      27.0115      41.8065      37.1134      33.0261
                 40.4042      35.0246      11.3127      -4.8466      13.9905
                 30.9785      28.8147      44.2261      42.1037      52.9549
                 36.9322      52.5786      50.8311      38.2403      15.4159
                  5.7745       7.0034       7.9074      10.0296      23.0448
                 14.1041      23.5980      31.6137      35.3223      53.1295
   2      0      33.0667      35.2272      31.8409      30.5732      34.6122
                 48.0049      52.7448      45.4365      19.8760      11.0473
                 35.0488      28.0533      29.8178      12.2272      32.0225
                 32.6371      24.9295      50.0742      50.5514      47.9923
                 49.0750      38.7440      53.4701      48.8223      44.7461
                 52.0813      46.7380      23.1425       7.0438      25.8343
                 42.7614      40.6051      55.9082      53.8260      64.6132
                 48.6982      64.2549      62.4782      50.0055      27.3084
                 17.6574      18.8760      19.7619      21.8410      34.8269
                 25.9181      35.3870      43.3685      47.0638      64.7276
   3      0      33.0585      35.2205      31.8462      30.5622      34.5948
                 47.9892      52.7377      45.4155      19.8666      11.0239
                 35.0298      28.0447      29.8334      12.2205      31.9982
                 32.6387      24.9246      50.0654      50.5606      47.9867
                 49.0672      38.7457      53.4555      48.8304      44.7442
                 52.0789      46.7240      23.1261       7.0315      25.8242
                 42.7641      40.5731      55.8598      53.7984      64.5751
                 48.6722      64.2124      62.4411      49.9639      27.2571
                 17.5964      18.8210      19.7060      21.7689      34.7506
                 25.8706      35.3054      43.3010      47.0073      64.6507
   4      0      33.0597      35.2083      31.8155      30.5669      34.5879
                 47.9832      52.7301      45.4276      19.8450      11.0340
                 35.0346      28.0441      29.8106      12.2314      32.0027
                 32.6246      24.9217      50.0323      50.5512      47.9494
                 49.0713      38.7620      53.4640      48.8185      44.7480
                 52.0784      46.7461      23.1417       7.0117      25.8365
                 42.7662      40.6574      55.9116      53.8291      64.6259
                 48.6581      64.2656      62.4694      50.0183      27.3186
                 17.6882      18.9062      19.7732      21.8850      34.8460
                 25.9474      35.4028      43.4142      47.0691      64.7443
   5      0      32.9935      35.1885      31.7606      30.5163      34.5527
                 47.9478      52.7170      45.3948      19.7976      10.9912
                 34.9831      27.9894      29.7587      12.1922      31.9656
                 32.5958      24.8504      49.9953      50.5038      47.9243
                 49.0242      38.7087      53.4103      48.7538      44.6827
                 52.0093      46.6804      23.0887       6.9465      25.7932
                 42.7144      40.6095      55.8609      53.7730      64.6054
                 48.6448      64.2440      62.4369      50.0158      27.2980
                 17.6513      18.8819      19.7895      21.8286      34.8209
                 25.9324      35.3919      43.3822      47.0430      64.7196
   5     60      32.5772      34.7726      31.3439      30.0945      34.1367
                 47.5329      52.3049      44.9831      19.3794      10.5703
                 34.5667      27.5689      29.3405      11.7698      31.5480
                 32.1776      24.4298      49.5816      50.0903      47.5095
                 48.6094      38.2916      52.9974      48.3384      44.2669
                 51.5968      46.2650      22.6699       6.5254      25.3695
                 42.2927      40.1871      55.4447      53.3548      64.1908
                 48.2245      63.8276      62.0182      49.5926      26.8720
                 17.2262      18.4564      19.3625      21.4048      34.3967
                 25.5074      34.9684      42.9594      46.6213      64.3048
   5     80      29.4053      31.6058      28.1711      26.8971      30.9665
                 44.3796      49.1682      41.8430      16.1956       7.3697
                 31.4003      24.3808      26.1597       8.5581      28.3721
                 28.9991      21.2369      46.4355      46.9500      44.3569
                 45.4589      35.1263      49.8572      45.1810      41.1091
                 48.4575      43.1082      19.4836       3.3213      22.1672
                 39.1094      37.0034      52.2938      50.1911      61.0519
                 45.0434      60.6807      58.8639      46.4078      23.6568
                 14.0115      15.2399      16.1491      18.2045      31.2013
                 22.3039      31.7740      39.7749      43.4421      61.1696
   5    100      21.2193      23.4378      19.9941      18.6901      22.7889
                 36.2507      41.0628      33.7186       7.9786      -0.8827
                 23.2329      16.1753      17.9598       0.2818      20.1881
                 20.8123      13.0226      38.3207      38.8554      36.2355
                 37.3417      26.9808      41.7611      37.0352      32.9786
                 40.3549      34.9699      11.2761      -4.9267      13.9791
                 30.9688      28.8602      44.1924      42.0618      52.9738
                 36.8753      52.5909      50.7805      38.2589      15.4183
                  5.7629       6.9876       7.9320       9.9965      23.0174
                 14.0886      23.5880      31.6250      35.2934      53.1047
 
 
 cumulative average & 95% error for solvation free energy
              total             1st component         2nd component         3rd component
  1   -96.2471             -170.9096               41.6068               33.0585
  2   -94.0210     4.4521  -175.6924     9.5657    47.5347    11.8558    34.1395     2.1620
  3   -95.3268     3.6643  -174.2947     6.1899    45.5957     7.8672    33.3751     1.9737
  4   -96.5367     3.5452  -176.2572     5.8790    47.0515     6.2789    32.6719     1.9814
  5   -96.6929     2.7638  -176.8927     4.7279    47.1462     4.8673    33.0565     1.7167
  6   -97.1951     2.4701  -176.3640     4.0025    43.6266     8.0837    35.5452     5.1712
  7   -97.8072     2.4201  -175.0565     4.2757    39.2509    11.1023    38.0013     6.5749
  8   -98.5733     2.5961  -174.7901     3.7410    37.2917    10.3827    38.9281     5.9881
  9   -99.2134     2.6233  -174.3768     3.4012    38.3561     9.4009    36.8101     6.7699
 10   -99.9780     2.8006  -174.6006     3.0749    40.3940     9.3442    34.2315     7.9538
 11  -100.0066     2.5339  -174.3139     2.8398    40.0061     8.4876    34.3041     7.1959
 12   -99.8067     2.3474  -174.4490     2.6064    40.8627     7.9353    33.7825     6.6513
 13   -99.6286     2.1885  -174.6380     2.4272    41.5336     7.4217    33.4787     6.1484
 14   -99.4517     2.0568  -174.8896     2.3028    43.4805     7.8977    31.9603     6.4517
 15   -98.6984     2.4364  -174.6476     2.1977    43.9893     7.4225    31.9628     6.0062
 16   -98.0293     2.6429  -174.6326     2.0560    44.6012     7.0501    32.0050     5.6190
 17   -97.7185     2.5592  -174.1626     2.1479    44.8584     6.6424    31.5885     5.3434
 18   -97.6817     2.4140  -173.4987     2.4215    43.2049     7.0821    32.6150     5.4401
 19   -97.5962     2.2898  -173.0517     2.4588    41.8989     7.1902    33.5595     5.4816
 20   -97.4574     2.1899  -172.5983     2.5027    40.8629     7.1290    34.2809     5.3967
 21   -96.8060     2.4569  -172.4852     2.3913    40.6971     6.7891    34.9850     5.3229
 22   -96.6171     2.3728  -172.2062     2.3473    40.4360     6.4942    35.1559     5.0867
 23   -96.4342     2.2966  -172.0330     2.2695    39.6501     6.4014    35.9516     5.1144
 24   -96.4008     2.1999  -171.3946     2.5202    38.5085     6.5403    36.4882     5.0129
 25   -96.4550     2.1128  -170.9148     2.6008    37.6442     6.5071    36.8184     4.8533
 26   -96.2220     2.0827  -170.5649     2.5949    36.9404     6.4083    37.4054     4.8084
 27   -95.9675     2.0677  -170.4127     2.5154    36.6976     6.1855    37.7505     4.6781
 28   -95.5526     2.1584  -170.1251     2.4913    37.3471     6.1004    37.2282     4.6274
 29   -95.2243     2.1837  -169.9550     2.4278    38.5467     6.3564    36.1869     4.9268
 30   -95.1706     2.1124  -170.4482     2.5444    39.4389     6.3949    35.8415     4.8096
 31   -94.8771     2.1258  -170.4631     2.4611    39.5241     6.1875    36.0648     4.6732
 32   -94.6720     2.0988  -171.1231     2.7241    40.2482     6.1636    36.2057     4.5336
 33   -94.5307     2.0537  -171.6608     2.8509    40.3316     5.9763    36.8013     4.5527
 34   -94.5143     1.9927  -172.5134     3.2492    40.7008     5.8446    37.3012     4.5285
 35   -94.3496     1.9627  -173.0873     3.3573    40.6601     5.6758    38.0805     4.6652
 36   -94.3164     1.9086  -173.7955     3.5569    41.1073     5.5879    38.3747     4.5718
 37   -94.4953     1.8904  -174.2884     3.5971    40.7230     5.4888    39.0730     4.6607
 38   -94.6987     1.8845  -175.1531     3.9050    40.7693     5.3432    39.6879     4.7002
 39   -94.9296     1.8927  -175.9768     4.1450    41.0987     5.2460    39.9514     4.6083
 40   -94.9067     1.8454  -176.8977     4.4400    42.3598     5.7014    39.6341     4.5362
 41   -94.8621     1.8020  -177.7525     4.6557    43.7967     6.2593    39.0966     4.5529
 42   -94.9282     1.7635  -178.5314     4.8031    44.9923     6.5598    38.6138     4.5469
 43   -95.1532     1.7798  -179.6180     5.1691    46.2936     6.9140    38.1741     4.5262
 44   -95.3635     1.7890  -180.5587     5.3893    47.3968     7.1062    37.8013     4.4845
 45   -95.3845     1.7493  -181.3433     5.4969    48.2282     7.1428    37.7335     4.3858
 46   -95.6854     1.8136  -182.4406     5.8068    49.2825     7.2971    37.4756     4.3203
 47   -95.7906     1.7871  -183.1709     5.8666    49.9537     7.2652    37.4294     4.2284
 48   -95.7868     1.7495  -183.7653     5.8649    50.4297     7.1757    37.5517     4.1466
 49   -95.6951     1.7232  -184.1000     5.7828    50.6631     7.0432    37.7447     4.0794
 50   -95.7761     1.6961  -184.6147     5.7587    50.5586     6.9041    38.2828     4.1393
 
 Mesh error is    1.560 kcal/mol
