 ERmod 0.3.8, Copyright (C) 2000-2019 Nobuyuki Matubayasi
                            2010-2019 Shun Sakuraba
 ERmod comes with ABSOLUTELY NO WARRANTY.
 This is free software, and you can redistribute it
 and/or modify it under certain conditions.
 See LICENSE file for details.
 ERmod 0.3.8, Copyright (C) 2000-2019 Nobuyuki Matubayasi
                            2010-2019 Shun Sakuraba
 ERmod comes with ABSOLUTELY NO WARRANTY.
 This is free software, and you can redistribute it
 and/or modify it under certain conditions.
 See LICENSE file for details.
 
  Number of the   1-th solvent  =          368
  Number of the   2-th solvent  =          368
  Number of the   3-th solvent  =        10000
 
  Be sure that the solvent distribution is homogeneous (radial distribution function is essentially unity) when the solvent molecule is separated beyond distance of   10.0 Angstrom in any direction from any atom within the solute molecule
 
  LJ long-range correction    =        -0.6509     -0.1232     -7.4645
 
  Self-energy of the solute   =        -0.0043  kcal/mol
 
 
 cumulative average & 95% error for solvation energy
              total             1st component         2nd component         3rd component
  1  -474.9784             -114.4187               10.7455             -371.3009
  2  -476.0903     2.2239  -113.1259     2.5858    14.5535     7.6159  -377.5136    12.4255
  3  -476.6870     1.7528  -114.1579     2.5474    18.0914     8.3307  -380.6161     9.4851
  4  -476.8491     1.2812  -114.9215     2.3615    20.0967     7.1264  -382.0200     7.2709
  5  -476.7717     1.0044  -113.9320     2.6948    20.0303     5.5217  -382.8657     5.8805
  6  -476.9991     0.9377  -113.5256     2.3457    21.0705     4.9652  -384.5396     5.8534
  7  -477.0411     0.7970  -113.8366     2.0778    22.2054     4.7709  -385.4056     5.2414
  8  -477.2038     0.7630  -113.7785     1.8031    19.6257     6.6099  -383.0467     6.5469
  9  -477.4470     0.8303  -113.5307     1.6657    18.3410     6.3704  -382.2531     5.9880
 10  -477.5254     0.7590  -113.5135     1.4902    17.9770     5.7442  -381.9846     5.3827
 11  -477.4858     0.6911  -113.6517     1.3760    18.1076     5.2024  -381.9374     4.8698
 12  -477.3749     0.6688  -113.7581     1.2740    18.8380     4.9687  -382.4505     4.5624
 13  -477.3490     0.6174  -113.1535     1.6839    18.5283     4.6124  -382.7194     4.2311
 14  -477.3151     0.5756  -112.6242     1.8844    18.5702     4.2710  -383.2568     4.0620
 15  -477.3184     0.5359  -112.4260     1.7985    18.3884     3.9927  -383.2765     3.7817
 16  -477.2570     0.5161  -112.6253     1.7290    18.8470     3.8458  -383.4743     3.5595
 17  -477.8123     1.2119  -112.5295     1.6353    15.8023     7.0802  -381.0808     5.8390
 18  -478.3112     1.5170  -112.4162     1.5584    12.5597     9.3068  -378.4504     7.6146
 19  -478.7428     1.6745  -112.3990     1.4745    10.2725     9.9209  -376.6120     8.0869
 20  -479.1070     1.7476  -112.4224     1.3996     7.9916    10.4591  -374.6718     8.5974
 21  -479.4478     1.7966  -112.2176     1.3929     5.8602    10.8234  -373.0861     8.7712
 22  -479.7900     1.8447  -112.3735     1.3642     4.4483    10.6991  -371.8606     8.7148
 23  -480.0540     1.8400  -112.3499     1.3044     2.8187    10.7302  -370.5185     8.7491
 24  -480.2667     1.8123  -112.1600     1.3053     1.1859    10.7800  -369.2883     8.7305
 25  -480.5341     1.8187  -112.2795     1.2746    -0.0658    10.6385  -368.1845     8.6601
 26  -480.7610     1.8053  -112.5368     1.3283    -1.1625    10.4539  -367.0574     8.6203
 27  -481.0659     1.8411  -112.5593     1.2790    -3.2561    10.8959  -365.2462     9.0514
 28  -481.4677     1.9477  -112.2133     1.4134    -7.0080    12.9053  -362.2421    10.5912
 29  -481.9284     2.0930  -112.3344     1.3851   -10.9729    14.7629  -358.6167    12.5304
 30  -481.8513     2.0279  -112.4506     1.3582   -11.0754    14.2638  -358.3210    12.1199
 31  -481.5906     2.0295  -112.7338     1.4305    -9.3517    14.2202  -359.5008    11.9576
 32  -481.4757     1.9784  -112.9179     1.4332    -9.3120    13.7689  -359.2415    11.5895
 33  -481.3667     1.9299  -112.7717     1.4196    -9.4919    13.3499  -359.0988    11.2364
 34  -481.2531     1.8860  -112.5314     1.4587    -9.6441    12.9549  -359.0733    10.9011
 35  -481.4938     1.8936  -112.3930     1.4432   -11.6571    13.2080  -357.4394    11.0780
 36  -481.7666     1.9194  -112.3982     1.4026   -13.6736    13.4545  -355.6905    11.3198
 37  -482.0190     1.9338  -112.5869     1.4154   -15.4407    13.5547  -353.9871    11.5247
 38  -482.2760     1.9512  -112.4989     1.3888   -17.3423    13.7303  -352.4305    11.6413
 39  -482.4886     1.9475  -112.4276     1.3602   -19.4954    14.0499  -350.5613    11.9393
 40  -482.3818     1.9101  -112.3225     1.3424   -19.3480    13.6973  -350.7069    11.6406
 41  -482.2575     1.8795  -112.1614     1.3483   -19.3271    13.3591  -350.7647    11.3537
 42  -482.1403     1.8491  -112.1639     1.3158   -19.0821    13.0463  -350.8899    11.0829
 43  -482.0655     1.8118  -112.1484     1.2852   -19.0918    12.7393  -350.8209    10.8230
 44  -482.2408     1.8045  -112.1415     1.2557   -20.1619    12.6291  -349.9332    10.7222
 45  -482.4441     1.8102  -112.0225     1.2504   -21.7101    12.7277  -348.7072    10.7642
 46  -482.5851     1.7928  -111.9636     1.2285   -22.3312    12.5097  -348.2860    10.5612
 47  -482.6949     1.7679  -111.9595     1.2021   -22.6129    12.2536  -348.1183    10.3395
 48  -482.7792     1.7389  -111.9677     1.1769   -22.8031    12.0017  -348.0041    10.1244
 49  -482.9010     1.7203  -111.8845     1.1646   -23.5248    11.8425  -347.4874     9.9694
 50  -483.0907     1.7278  -111.8975     1.1414   -24.9411    11.9440  -346.2477    10.0776
 
 
 group  inft  solvation free energy     error          difference
  total solvation free energy
   1      0        -71.73133           0.82356           0.66690
   1     60        -71.99202           0.82348           0.40621
   1     80        -74.42998           0.82294          -2.03174
   1    100        -82.97174           0.82280         -10.57350
   2      0        -72.18061           0.84427           0.21763
   3      0        -72.39824           0.85205           0.00000
   4      0        -72.33796           0.85839           0.06028
   5      0        -72.31647           0.86001           0.08177
   5     60        -72.67224           0.85997          -0.27400
   5     80        -75.68131           0.85990          -3.28308
   5    100        -83.59477           0.86101         -11.19653
 
  contribution from  1-th solvent component
   1      0        -96.16174           0.78314          -0.23526
   1     60        -96.17150           0.78311          -0.24502
   1     80        -96.26163           0.78282          -0.33515
   1    100        -96.59690           0.78265          -0.67042
   2      0        -95.95917           0.80030          -0.03269
   3      0        -95.92648           0.80563           0.00000
   4      0        -95.90051           0.81285           0.02597
   5      0        -95.89271           0.81658           0.03377
   5     60        -95.90585           0.81652           0.02062
   5     80        -96.02447           0.81624          -0.09799
   5    100        -96.33709           0.81611          -0.41061
 
  contribution from  2-th solvent component
   1      0         33.91766           5.86222           0.91968
   1     60         33.92778           5.86223           0.92979
   1     80         34.01511           5.86259           1.01712
   1    100         34.34384           5.86388           1.34586
   2      0         33.26672           5.85597           0.26873
   3      0         32.99799           5.85368           0.00000
   4      0         33.03583           5.85040           0.03784
   5      0         33.08490           5.85034           0.08692
   5     60         33.10491           5.85035           0.10692
   5     80         33.23236           5.85072           0.23437
   5    100         33.51144           5.85179           0.51346
 
  contribution from  3-th solvent component
   1      0         -9.48294           5.46566          -0.01752
   1     60         -9.74399           5.46610          -0.27856
   1     80        -12.17914           5.47101          -2.71371
   1    100        -20.71437           5.49027         -11.24894
   2      0         -9.48383           5.46725          -0.01841
   3      0         -9.46542           5.46733           0.00000
   4      0         -9.46896           5.46827          -0.00353
   5      0         -9.50434           5.46820          -0.03892
   5     60         -9.86697           5.46887          -0.40155
   5     80        -12.88488           5.47489          -3.41946
   5    100        -20.76480           5.49303         -11.29937
 
 
 group  inft   Estimated free energy: total (kcal/mol)
   1      0     -71.3358     -72.2316     -72.1491     -72.3782     -69.0761
                -67.4384     -69.3454     -70.1968     -70.7435     -71.5918
                -75.0721     -70.1932     -70.1057     -70.6720     -72.0316
                -68.0037     -74.2365     -75.1096     -67.2973     -73.4130
                -69.1528     -66.8428     -68.7423     -67.5596     -67.8987
                -72.3647     -74.0784     -74.9409     -77.0517     -71.4946
                -75.1764     -74.8073     -74.3526     -73.6127     -70.9583
                -72.8324     -72.6019     -74.1910     -79.5087     -69.6642
                -68.5106     -74.6010     -72.3036     -75.8018     -68.0253
                -76.0460     -70.9494     -67.4707     -71.2503     -71.1548
   1     60     -71.5990     -72.4938     -72.4112     -72.6403     -69.3368
                -67.6991     -69.6062     -70.4583     -71.0066     -71.8545
                -75.3352     -70.4543     -70.3673     -70.9336     -72.2936
                -68.2653     -74.4972     -75.3708     -67.5576     -73.6746
                -69.4132     -67.1028     -69.0026     -67.8199     -68.1586
                -72.6251     -74.3410     -75.1964     -77.3050     -71.7567
                -75.4386     -75.0690     -74.6156     -73.8748     -71.2165
                -73.0884     -72.8596     -74.4494     -79.7669     -69.9266
                -68.7729     -74.8638     -72.5659     -76.0618     -68.2837
                -76.3080     -71.2111     -67.7308     -71.5107     -71.4103
   1     80     -74.0603     -74.9523     -74.8681     -75.1016     -71.7860
                -70.1409     -72.0495     -72.9086     -73.4664     -74.3161
                -77.8002     -72.9011     -72.8198     -73.3846     -74.7565
                -70.7152     -76.9355     -77.8094     -69.9857     -76.1180
                -71.8429     -69.5308     -71.4326     -70.2496     -70.5854
                -75.0566     -76.7886     -77.5886     -79.6833     -74.2034
                -77.8917     -77.5106     -77.0760     -76.3274     -73.6328
                -75.4822     -75.2668     -76.8646     -82.1810     -72.3722
                -71.2156     -77.3150     -75.0093     -78.4951     -70.7033
                -78.7566     -73.6532     -70.1610     -73.9445     -73.8026
   1    100     -82.6716     -83.5846     -83.5123     -83.7591     -80.3934
                -78.7081     -80.6328     -81.4921     -82.0794     -82.9523
                -86.4754     -81.5033     -81.4440     -81.9863     -83.4169
                -79.3140     -85.4716     -86.3586     -78.4820     -84.6782
                -80.3364     -78.0152     -79.9312     -78.7436     -79.0779
                -83.5741     -85.3460     -85.9593     -88.0329     -82.7623
                -86.5042     -86.0457     -85.6993     -84.9241     -82.0904
                -83.8540     -83.6976     -85.3319     -90.6548     -80.8952
                -79.7383     -85.8926     -83.5358     -87.0202     -79.1714
                -87.3386     -82.2008     -78.6536     -82.4723     -82.1710
   2      0     -71.8079     -72.5793     -73.1295     -72.9231     -69.5875
                -67.6034     -69.6067     -70.5114     -71.3000     -72.0846
                -75.5828     -70.9052     -70.4708     -71.2063     -72.9665
                -68.5875     -74.6414     -75.5432     -67.4251     -74.0921
                -69.5201     -67.1109     -68.9537     -68.1932     -68.0497
                -72.7195     -74.4086     -75.5019     -77.2385     -71.8500
                -75.6529     -75.1205     -74.8959     -74.2393     -71.0683
                -73.3264     -73.2712     -74.7816     -80.1533     -70.0463
                -68.7779     -75.0438     -72.9566     -76.4628     -68.3347
                -76.4130     -71.4965     -67.5791     -71.8084     -71.5015
   3      0     -71.9219     -72.9416     -73.4616     -73.1099     -69.8332
                -67.7258     -69.7556     -70.5476     -71.5748     -72.4265
                -75.8439     -71.2613     -70.5303     -71.5728     -73.4473
                -68.8646     -74.8366     -75.7757     -67.5639     -74.5940
                -69.7661     -67.1795     -69.1575     -68.6409     -68.2107
                -73.0432     -74.5575     -75.8328     -77.3759     -71.9066
                -75.7767     -75.1365     -75.0703     -74.4124     -71.1674
                -73.5472     -73.4087     -75.0175     -80.5298     -70.1773
                -68.9545     -75.3916     -73.1997     -76.7371     -68.6150
                -76.5658     -71.8186     -67.5696     -71.9527     -71.6035
   4      0     -71.8564     -72.7136     -73.4918     -73.2299     -69.7160
                -67.6810     -69.6634     -70.3956     -71.3647     -72.3761
                -75.9297     -71.2987     -70.4993     -71.5030     -73.4855
                -68.7768     -74.7298     -75.6427     -67.4508     -74.5380
                -69.6414     -67.0222     -69.0708     -68.5038     -67.9633
                -72.9253     -74.5606     -75.4935     -77.1891     -72.1030
                -75.8223     -75.1329     -75.0815     -74.5621     -71.1991
                -73.4387     -73.5331     -75.1109     -80.4975     -70.0007
                -68.8327     -75.3084     -73.2473     -76.5915     -68.5567
                -76.4755     -71.6902     -67.5062     -71.9466     -71.5483
   5      0     -71.7458     -72.7821     -73.6510     -73.2076     -69.7347
                -67.6609     -69.6599     -70.3641     -71.5814     -72.4977
                -75.8025     -71.2843     -70.3113     -71.4204     -73.4307
                -68.7895     -74.8355     -75.5333     -67.2824     -74.4390
                -69.7762     -66.9035     -69.0129     -68.4052     -68.0676
                -72.9628     -74.4953     -75.6219     -77.1672     -71.9504
                -75.8791     -74.9872     -75.0358     -74.4905     -71.0655
                -73.6396     -73.4369     -74.9367     -80.4374     -70.0278
                -68.9244     -75.1757     -73.3093     -76.6372     -68.4945
                -76.4732     -71.7237     -67.2948     -71.8924     -71.5846
   5     60     -72.1055     -73.1402     -74.0096     -73.5663     -70.0910
                -68.0160     -70.0156     -70.7213     -71.9402     -72.8565
                -76.1620     -71.6406     -70.6684     -71.7771     -73.7892
                -69.1467     -75.1912     -75.8897     -67.6373     -74.7962
                -70.1314     -67.2571     -69.3677     -68.7601     -68.4219
                -73.3182     -74.8538     -75.9696     -77.5122     -72.3086
                -76.2369     -75.3446     -75.3961     -74.8491     -71.4178
                -73.9879     -73.7877     -75.2894     -80.7897     -70.3852
                -69.2825     -75.5349     -73.6670     -76.9925     -68.8467
                -76.8311     -72.0812     -67.6499     -72.2481     -71.9323
   5     80     -75.1437     -76.1764     -77.0505     -76.6079     -73.1157
                -71.0257     -73.0311     -73.7441     -74.9774     -75.8980
                -79.2085     -74.6652     -73.6979     -74.8027     -76.8335
                -72.1721     -78.2004     -78.9014     -70.6319     -77.8167
                -73.1279     -70.2476     -72.3649     -71.7576     -71.4153
                -76.3198     -77.8765     -78.9191     -80.4464     -75.3285
                -79.2633     -78.3535     -78.4325     -77.8746     -74.3984
                -76.9396     -76.7594     -78.2734     -83.7730     -73.3970
                -72.2931     -78.5597     -76.6782     -79.9986     -71.8328
                -79.8551     -75.0973     -70.6473     -75.2555     -74.8791
   5    100     -83.1221     -84.1742     -85.0736     -84.6310     -81.0944
                -78.9571     -80.9823     -81.6894     -82.9559     -83.9023
                -87.2480     -82.6415     -81.6896     -82.7735     -84.8629
                -80.1409     -86.1082     -86.8181     -78.4977     -85.7567
                -80.9921     -78.0985     -80.2355     -79.6279     -79.2788
                -84.2070     -85.8042     -86.6740     -88.1744     -83.2626
                -87.2445     -86.2567     -86.4245     -85.8406     -82.2298
                -84.6923     -84.5696     -86.1183     -91.6259     -81.2949
                -80.1894     -86.5132     -84.5786     -87.9005     -79.6750
                -87.8009     -83.0170     -78.5114     -83.1584     -82.6224
 
 group  inft   Estimated free energy: 1-th solvent contribution (kcal/mol)
   1      0     -96.5633     -97.4594     -98.6777     -99.3329     -93.8176
                -96.7428     -98.9012     -96.2678     -97.0356     -96.2794
                -98.1241     -98.9463     -91.4290     -94.7290     -95.6880
                -99.1656     -96.6165     -96.1926     -93.5640     -97.2638
                -95.4493     -96.3190     -96.2401     -95.0462     -95.1750
               -101.5808     -96.8982     -93.7472     -98.1920     -96.0264
               -102.2496    -100.7439     -92.5158     -90.6999     -91.3623
                -98.4951    -100.9376     -95.7892     -97.0509     -92.2839
                -90.8496     -96.1024     -97.1431     -97.0718     -91.2879
                -95.7520     -96.7520     -93.9320     -91.9904     -97.6068
   1     60     -96.5732     -97.4692     -98.6874     -99.3428     -93.8277
                -96.7527     -98.9110     -96.2776     -97.0454     -96.2893
                -98.1339     -98.9561     -91.4390     -94.7389     -95.6977
                -99.1754     -96.6262     -96.2022     -93.5738     -97.2734
                -95.4590     -96.3290     -96.2498     -95.0558     -95.1849
               -101.5903     -96.9080     -93.7566     -98.2014     -96.0364
               -102.2593    -100.7536     -92.5259     -90.7101     -91.3722
                -98.5043    -100.9471     -95.7986     -97.0603     -92.2940
                -90.8596     -96.1123     -97.1528     -97.0814     -91.2976
                -95.7618     -96.7617     -93.9419     -92.0003     -97.6163
   1     80     -96.6647     -97.5590     -98.7760     -99.4349     -93.9204
                -96.8441     -99.0006     -96.3682     -97.1359     -96.3808
                -98.2243     -99.0460     -91.5305     -94.8294     -95.7864
                -99.2647     -96.7161     -96.2911     -93.6649     -97.3621
                -95.5488     -96.4211     -96.3395     -95.1444     -95.2759
               -101.6776     -96.9981     -93.8450     -98.2903     -96.1277
               -102.3483    -100.8433     -92.6179     -90.8041     -91.4644
                -98.5897    -101.0347     -95.8861     -97.1478     -92.3866
                -90.9514     -96.2032     -97.2419     -97.1704     -91.3884
                -95.8524     -96.8508     -94.0340     -92.0926     -97.7047
   1    100     -97.0009     -97.8953     -99.1093     -99.7775     -94.2605
                -97.1838     -99.3367     -96.7042     -97.4752     -96.7197
                -98.5608     -99.3834     -91.8668     -95.1686     -96.1205
                -99.6019     -97.0510     -96.6230     -93.9999     -97.6956
                -95.8841     -96.7607     -96.6740     -95.4775     -95.6118
               -102.0099     -97.3322     -94.1780     -98.6226     -96.4639
               -102.6836    -101.1788     -92.9544     -91.1435     -91.8003
                -98.9153    -101.3661     -96.2148     -97.4771     -92.7243
                -91.2851     -96.5385     -97.5757     -97.5041     -91.7223
                -96.1895     -97.1835     -94.3715     -92.4285     -98.0384
   2      0     -96.2870     -97.3094     -98.4738     -99.1965     -93.5115
                -96.6353     -98.7156     -95.9104     -96.8893     -95.9674
                -97.9992     -98.8295     -91.0852     -94.6342     -95.5232
                -99.0348     -96.4558     -96.0243     -93.2030     -97.1604
                -95.3496     -96.0463     -96.0359     -94.9175     -94.7792
               -101.5298     -96.7017     -93.6031     -97.9852     -95.5909
               -102.1688    -100.5986     -92.2321     -90.4774     -91.0194
                -98.4336    -100.8159     -95.6640     -96.9702     -91.8882
                -90.6397     -95.8788     -96.9782     -96.9265     -90.9554
                -95.5873     -96.6129     -93.5380     -91.7421     -97.4467
   3      0     -96.1704     -97.3095     -98.4350     -99.1585     -93.4183
                -96.6143     -98.6596     -95.8487     -96.9037     -95.9016
                -97.9705     -98.7956     -90.9601     -94.6475     -95.4959
                -99.0732     -96.4638     -96.0171     -93.1149     -97.1461
                -95.3788     -95.9898     -96.0410     -94.9447     -94.7098
               -101.5455     -96.6473     -93.6264     -97.9217     -95.4141
               -102.1502    -100.6097     -92.1821     -90.4432     -90.9002
                -98.4361    -100.8006     -95.6626     -96.9983     -91.8495
                -90.5743     -95.8505     -96.9720     -96.8842     -90.9412
                -95.5512     -96.6484     -93.4518     -91.6545     -97.4401
   4      0     -96.2863     -97.3337     -98.3269     -99.1345     -93.3425
                -96.6495     -98.7343     -95.8150     -96.7896     -95.8715
                -98.0988     -98.9000     -90.9331     -94.5520     -95.5573
                -98.9794     -96.4178     -96.0261     -93.0783     -97.1278
                -95.2633     -95.9065     -95.9306     -94.8469     -94.5256
               -101.5705     -96.6924     -93.5222     -98.0085     -95.4563
               -102.1645    -100.6392     -92.1132     -90.3762     -90.8932
                -98.4644    -100.8048     -95.6735     -96.9840     -91.7446
                -90.5140     -95.8427     -96.8768     -96.8465     -90.9341
                -95.6405     -96.5664     -93.3043     -91.6107     -97.3548
   5      0     -96.1661     -97.3712     -98.4650     -99.1548     -93.3926
                -96.6386     -98.7691     -95.7788     -96.9048     -95.9567
                -98.0046     -98.8297     -90.7414     -94.5205     -95.4696
                -99.0121     -96.4989     -95.9314     -92.9758     -97.0495
                -95.4206     -95.8359     -95.9593     -94.8217     -94.5966
               -101.5412     -96.5706     -93.6302     -97.9526     -95.3828
               -102.2246    -100.5860     -92.0897     -90.4161     -90.7804
                -98.5569    -100.7909     -95.5841     -96.9189     -91.7947
                -90.5654     -95.7906     -97.0054     -96.8953     -90.9186
                -95.6205     -96.5536     -93.1896     -91.5637     -97.4478
   5     60     -96.1795     -97.3843     -98.4780     -99.1681     -93.4062
                -96.6519     -98.7822     -95.7920     -96.9180     -95.9700
                -98.0178     -98.8428     -90.7548     -94.5337     -95.4825
                -99.0251     -96.5119     -95.9444     -92.9892     -97.0624
                -95.4337     -95.8493     -95.9724     -94.8346     -94.6099
               -101.5539     -96.5839     -93.6430     -97.9654     -95.3963
               -102.2377    -100.5991     -92.1031     -90.4300     -90.7938
                -98.5692    -100.8035     -95.5968     -96.9315     -91.8083
                -90.5790     -95.8040     -97.0184     -96.9082     -90.9317
                -95.6336     -96.5666     -93.2031     -91.5771     -97.4605
   5     80     -96.2996     -97.5033     -98.5958     -99.2890     -93.5279
                -96.7723     -98.9011     -95.9112     -97.0369     -96.0900
                -98.1375     -98.9617     -90.8748     -94.6531     -95.5999
                -99.1429     -96.6300     -96.0619     -93.1095     -97.1794
                -95.5519     -95.9695     -96.0906     -94.9519     -94.7291
               -101.6699     -96.7030     -93.7595     -98.0823     -95.5164
               -102.3559    -100.7170     -92.2227     -90.5523     -90.9139
                -98.6822    -100.9188     -95.7125     -97.0473     -91.9297
                -90.6996     -95.9236     -97.1357     -97.0251     -91.0504
                -95.7522     -96.6844     -93.3243     -91.6975     -97.5765
   5    100     -96.6128     -97.8177     -98.9079     -99.6070     -93.8449
                -97.0892     -99.2159     -96.2238     -97.3513     -96.4045
                -98.4527     -99.2763     -91.1870     -94.9688     -95.9109
                -99.4555     -96.9418     -96.3726     -93.4236     -97.4901
                -95.8647     -96.2844     -96.4030     -95.2635     -95.0408
               -101.9810     -97.0167     -94.0707     -98.3926     -95.8301
               -102.6695    -101.0294     -92.5338     -90.8683     -91.2265
                -98.9860    -101.2272     -96.0206     -97.3561     -92.2452
                -91.0125     -96.2375     -97.4465     -97.3358     -91.3607
                -96.0651     -96.9961     -93.6403     -92.0104     -97.8856
 
 group  inft   Estimated free energy: 2-th solvent contribution (kcal/mol)
   1      0      49.5349      54.3517      57.1348      56.8450      55.5406
                 63.0738      62.9742      45.0986      50.1878      51.4471
                 52.4464      60.5335      52.7641      56.5778      51.9771
                 60.2059      29.0633      23.3569      33.1582      27.1184
                 30.7213      37.4975      31.9917      30.3744      33.0849
                 32.8340      15.1303      -5.9201     -13.6200      38.6459
                 67.5946      41.6452      36.6179      37.7559       5.3586
                  6.8204       7.7268       2.1737      -5.0109      40.7617
                 39.0370      40.1405      37.9841      10.5045       3.2003
                 17.7798      28.7119      32.4382      16.4494       4.0635
   1     60      49.5447      54.3616      57.1442      56.8540      55.5509
                 63.0850      62.9848      45.1088      50.1981      51.4570
                 52.4552      60.5442      52.7739      56.5885      51.9867
                 60.2160      29.0736      23.3663      33.1687      27.1280
                 30.7321      37.5090      32.0024      30.3851      33.0953
                 32.8439      15.1395      -5.9095     -13.6094      38.6559
                 67.6053      41.6554      36.6271      37.7656       5.3686
                  6.8312       7.7370       2.1833      -5.0018      40.7727
                 39.0471      40.1502      37.9950      10.5141       3.2104
                 17.7888      28.7218      32.4487      16.4591       4.0749
   1     80      49.6279      54.4464      57.2243      56.9324      55.6408
                 63.1881      63.0812      45.1943      50.2867      51.5391
                 52.5303      60.6378      52.8591      56.6828      52.0657
                 60.3062      29.1607      23.4475      33.2628      27.2078
                 30.8269      37.6127      32.0971      30.4780      33.1885
                 32.9322      15.2158      -5.8179     -13.5190      38.7415
                 67.7002      41.7450      36.7029      37.8487       5.4530
                  6.9251       7.8241       2.2629      -4.9253      40.8682
                 39.1367      40.2324      38.0900      10.5912       3.2959
                 17.8631      28.8058      32.5431      16.5410       4.1735
   1    100      49.9331      54.7633      57.5168      57.2171      55.9790
                 63.5895      63.4528      45.5133      50.6180      51.8387
                 52.8000      60.9908      53.1764      57.0451      52.3535
                 60.6482      29.4894      23.7495      33.6270      27.5007
                 31.1920      38.0181      32.4621      30.8367      33.5460
                 33.2672      15.4926      -5.4589     -13.1740      39.0590
                 68.0634      42.0845      36.9750      38.1551       5.7676
                  7.2914       8.1538       2.5559      -4.6466      41.2382
                 39.4777      40.5348      38.4535      10.8690       3.6181
                 18.1288      29.1193      32.9066      16.8427       4.5600
   2      0      48.8004      53.8471      55.9557      56.1479      54.7312
                 62.7940      62.5288      44.3958      49.4806      50.6561
                 51.8228      59.7137      52.0699      55.9425      50.8547
                 59.4853      28.4892      22.7511      32.6594      26.3499
                 30.2591      36.9429      31.5493      29.5885      32.5340
                 32.4445      14.5965      -6.6383     -14.0085      37.8890
                 67.0674      41.1954      35.8254      36.9509       4.8949
                  6.2508       6.9245       1.4410      -5.7344      40.0100
                 38.5661      39.4939      37.2020       9.7155       2.5479
                 17.2451      28.0156      31.9277      15.6282       3.5351
   3      0      48.5636      53.4648      55.5808      55.9090      54.3859
                 62.6297      62.3061      44.2746      49.1967      50.2395
                 51.5259      59.3124      51.8642      55.5679      50.3031
                 59.2405      28.3031      22.4758      32.4153      25.8034
                 30.0250      36.7880      31.3458      29.1427      32.2851
                 32.1249      14.3823      -6.9532     -14.2299      37.6166
                 66.9010      41.1790      35.5798      36.7184       4.6496
                  6.0208       6.7718       1.1969      -6.0965      39.8195
                 38.3007      39.1110      36.9364       9.3711       2.2369
                 17.0310      27.6890      31.8356      15.3684       3.3893
   4      0      48.7512      53.7250      55.4324      55.7689      54.4225
                 62.7111      62.4808      44.4095      49.2743      50.2567
                 51.5688      59.3725      51.8697      55.5449      50.3365
                 59.2184      28.3346      22.6394      32.5037      25.8782
                 30.0447      36.8825      31.3022      29.1805      32.3458
                 32.2657      14.4070      -6.7241     -13.9744      37.4885
                 66.9101      41.2184      35.5176      36.5429       4.6143
                  6.1579       6.6328       1.1121      -6.0691      39.8837
                 38.3693      39.2031      36.8182       9.4766       2.2942
                 17.1956      27.7383      31.7675      15.3174       3.3728
   5      0      48.7892      53.7307      55.4660      55.8527      54.4823
                 62.7453      62.5638      44.4358      49.2379      50.2561
                 51.6288      59.3549      51.9120      55.6410      50.3310
                 59.3075      28.3698      22.6819      32.6070      25.9330
                 30.0796      36.9307      31.4302      29.2931      32.3501
                 32.2132      14.4206      -6.7188     -13.9567      37.5876
                 66.9169      41.3317      35.5684      36.6468       4.6826
                  6.0928       6.7615       1.2177      -6.0612      39.9580
                 38.3852      39.3115      36.8958       9.5234       2.3519
                 17.2223      27.7269      31.9080      15.3786       3.4697
   5     60      48.8085      53.7502      55.4843      55.8705      54.5026
                 62.7676      62.5849      44.4557      49.2581      50.2755
                 51.6464      59.3756      51.9312      55.6622      50.3498
                 59.3274      28.3899      22.7007      32.6278      25.9518
                 30.1004      36.9537      31.4512      29.3140      32.3707
                 32.2326      14.4390      -6.6972     -13.9354      37.6075
                 66.9380      41.3520      35.5863      36.6661       4.7023
                  6.1145       6.7816       1.2367      -6.0429      39.9803
                 38.4056      39.3311      36.9177       9.5421       2.3720
                 17.2400      27.7461      31.9289      15.3973       3.4925
   5     80      48.9288      53.8741      55.5973      55.9828      54.6325
                 62.9199      62.7263      44.5813      49.3862      50.3941
                 51.7552      59.5091      52.0546      55.7998      50.4626
                 59.4582      28.5175      22.8199      32.7668      26.0656
                 30.2399      37.1072      31.5902      29.4504      32.5066
                 32.3613      14.5508      -6.5606     -13.8013      37.7309
                 67.0768      41.4840      35.6954      36.7871       4.8263
                  6.2539       6.9084       1.3529      -5.9319      40.1213
                 38.5369      39.4504      37.0567       9.6536       2.4982
                 17.3489      27.8680      32.0684      15.5146       3.6397
   5    100      49.1852      54.1431      55.8322      56.2180      54.9166
                 63.2730      63.0488      44.8545      49.6663      50.6445
                 51.9786      59.8048      52.3208      56.1084      50.6953
                 59.7486      28.7980      23.0760      33.0844      26.3017
                 30.5583      37.4645      31.9058      29.7573      32.8135
                 32.6487      14.7817      -6.2533     -13.5021      37.9961
                 67.3893      41.7773      35.9184      37.0452       5.0941
                  6.5712       7.1873       1.5981      -5.7022      40.4388
                 38.8294      39.7021      37.3677       9.8819       2.7717
                 17.5717      28.1317      32.3864      15.7647       3.9782
 
 group  inft   Estimated free energy: 3-th solvent contribution (kcal/mol)
   1      0     -24.3031     -29.1196     -30.6020     -29.8860     -30.7947
                -33.7651     -33.4141     -19.0233     -23.8915     -26.7552
                -29.3901     -31.7761     -31.4364     -32.5164     -28.3164
                -29.0396      -6.6790      -2.2696      -6.8873      -3.2633
                 -4.4205      -8.0169      -4.4896      -2.8835      -5.8043
                 -3.6136       7.6938      24.7308      34.7647     -14.1098
                -40.5171     -15.7043     -18.4503     -20.6644      15.0498
                 18.8466      20.6132      19.4288      22.5575     -18.1377
                -16.6937     -18.6348     -13.1403      10.7698      20.0666
                  1.9305      -2.9050      -5.9726       4.2951      22.3929
   1     60     -24.5661     -29.3819     -30.8637     -30.1472     -31.0558
                -34.0271     -33.6758     -19.2851     -24.1550     -27.0179
                -29.6522     -32.0381     -31.6979     -32.7789     -28.5783
                -29.3016      -6.9403      -2.5306      -7.1482      -3.5249
                 -4.6820      -8.2785      -4.7510      -3.1449      -6.0647
                 -3.8744       7.4318      24.4740      34.5101     -14.3719
                -40.7803     -15.9665     -18.7125     -20.9260      14.7914
                 18.5890      20.3548      19.1702      22.2996     -18.4010
                -16.9561     -18.8974     -13.4038      10.5098      19.8078
                  1.6692      -3.1669      -6.2333       4.0349      22.1355
   1     80     -27.0191     -31.8354     -33.3121     -32.5948     -33.5021
                -36.4806     -36.1258     -21.7304     -26.6128     -29.4701
                -32.1018     -34.4886     -34.1441     -35.2336     -31.0316
                -31.7524      -9.3757      -4.9615      -9.5792      -5.9594
                 -7.1166     -10.7180      -7.1858      -5.5789      -8.4937
                 -6.3069       4.9980      22.0786      32.1303     -16.8128
                -43.2392     -18.4080     -21.1567     -23.3677      12.3829
                 16.1867      17.9482      16.7628      19.8964     -20.8495
                -19.3966     -21.3399     -15.8531       8.0884      17.3935
                 -0.7630      -5.6039      -8.6658       1.6114      19.7329
   1    100     -35.5995     -40.4483     -41.9155     -41.1944     -42.1076
                -45.1095     -44.7446     -30.2969     -35.2179     -38.0670
                -40.7103     -43.1064     -42.7492     -43.8585     -39.6456
                -40.3560     -17.9057     -13.4808     -18.1047     -14.4790
                -15.6399     -19.2683     -15.7150     -14.0984     -17.0078
                -14.8271      -3.5020      13.6819      23.7680     -25.3531
                -51.8797     -26.9471     -29.7155     -31.9314       3.9466
                  7.7743       9.5191       8.3313      11.4731     -29.4047
                -27.9266     -29.8846     -24.4092      -0.3808       8.9371
                 -9.2736     -14.1323     -17.1843      -6.8823      11.3117
   2      0     -24.3170     -29.1126     -30.6071     -29.8702     -30.8029
                -33.7577     -33.4156     -18.9925     -23.8869     -26.7690
                -29.4022     -31.7851     -31.4512     -32.5103     -28.2936
                -29.0336      -6.6704      -2.2657      -6.8771      -3.2773
                 -4.4252      -8.0032      -4.4628      -2.8598      -5.8001
                 -3.6299       7.7009      24.7438      34.7595     -14.1438
                -40.5472     -15.7129     -18.4849     -20.7085      15.0605
                 18.8606      20.6244      19.4457      22.5556     -18.1638
                -16.7000     -18.6547     -13.1761      10.7525      20.0771
                  1.9335      -2.8948      -5.9644       4.3099      22.4144
   3      0     -24.3108     -29.0926     -30.6031     -29.8560     -30.7965
                -33.7369     -33.3979     -18.9692     -23.8635     -26.7600
                -29.3950     -31.7738     -31.4301     -32.4890     -28.2502
                -29.0276      -6.6716      -2.2301      -6.8599      -3.2470
                 -4.4080      -7.9734      -4.4580      -2.8346      -5.7816
                 -3.6183       7.7119      24.7511      34.7801     -14.1048
                -40.5231     -15.7015     -18.4638     -20.6833      15.0875
                 18.8725      20.6244      19.4525      22.5693     -18.1430
                -16.6766     -18.6478     -13.1599      10.7803      20.0936
                  1.9587      -2.8549      -5.9492       4.3377      22.4516
   4      0     -24.3170     -29.1006     -30.5930     -29.8599     -30.7917
                -33.7383     -33.4056     -18.9858     -23.8451     -26.7570
                -29.3954     -31.7669     -31.4316     -32.4916     -28.2604
                -29.0115      -6.6424      -2.2516      -6.8719      -3.2841
                 -4.4185      -7.9939      -4.4380      -2.8331      -5.7791
                 -3.6161       7.7291      24.7572      34.7982     -14.1309
                -40.5636     -15.7078     -18.4816     -20.7245      15.0841
                 18.8721      20.6433      19.4548      22.5598     -18.1356
                -16.6838     -18.6645     -13.1845      10.7828      20.0875
                  1.9737      -2.8577      -5.9651       4.3510      22.4381
   5      0     -24.3646     -29.1374     -30.6477     -29.9012     -30.8200
                -33.7633     -33.4503     -19.0168     -23.9101     -26.7927
                -29.4224     -31.8052     -31.4776     -32.5366     -28.2878
                -29.0805      -6.7021      -2.2794      -6.9093      -3.3182
                 -4.4308      -7.9940      -4.4794      -2.8723      -5.8167
                 -3.6304       7.6591      24.7314      34.7463     -14.1509
                -40.5670     -15.7286     -18.5102     -20.7169      15.0366
                 18.8288      20.5967      19.4339      22.5469     -18.1868
                -16.7399     -18.6923     -13.1955      10.7391      20.0765
                  1.9294      -2.8928      -6.0088       4.2970      22.3978
   5     60     -24.7302     -29.5019     -31.0115     -30.2643     -31.1831
                -34.1274     -33.8139     -19.3807     -24.2761     -27.1577
                -29.7862     -32.1691     -31.8405     -32.9013     -28.6522
                -29.4446      -7.0649      -2.6416      -7.2715      -3.6813
                 -4.7938      -8.3572      -4.8422      -3.2352      -6.1784
                 -3.9926       7.2954      24.3749      34.3930     -14.5155
                -40.9329     -16.0932     -18.8750     -21.0809      14.6780
                 18.4711      20.2385      19.0750      22.1890     -18.5528
                -17.1048     -19.0576     -13.5620      10.3780      19.7174
                  1.5667      -3.2564      -6.3713       3.9361      22.0401
   5     80     -27.7686     -32.5429     -34.0476     -33.2975     -34.2160
                -37.1690     -36.8519     -22.4099     -27.3223     -30.1978
                -32.8220     -35.2083     -34.8735     -35.9451     -31.6919
                -32.4831     -10.0836      -5.6549     -10.2849      -6.6986
                 -7.8115     -11.3810      -7.8602      -6.2518      -9.1885
                 -7.0069       4.2799      21.4053      31.4415     -17.5386
                -43.9799     -19.1162     -21.9008     -24.1050      11.6935
                 15.4930      17.2553      16.0906      19.2105     -21.5843
                -20.1261     -22.0822     -16.5949       7.3773      16.7237
                 -1.4476      -6.2766      -9.3870       0.9317      19.0619
   5    100     -35.6902     -40.4953     -41.9937     -41.2377     -42.1618
                -45.1367     -44.8109     -30.3158     -35.2666     -38.1379
                -40.7696     -43.1658     -42.8191     -43.9088     -39.6430
                -40.4297     -17.9602     -13.5171     -18.1541     -14.5640
                -15.6814     -19.2742     -15.7340     -14.1174     -17.0472
                -14.8704      -3.5648      13.6543      23.7246     -25.4243
                -51.9600     -27.0003     -29.8047     -32.0131       3.9069
                  7.7268       9.4745       8.3085      11.4368     -29.4842
                -28.0020     -29.9735     -24.4955      -0.4422       8.9183
                 -9.3032     -14.1482     -17.2532      -6.9083      11.2893
 
 
 cumulative average & 95% error for solvation free energy
              total             1st component         2nd component         3rd component
  1   -71.9219              -96.1704               48.5636              -24.3108
  2   -72.4318     1.0197   -96.7400     1.1391    51.0142     4.9012   -26.7017     4.7818
  3   -72.7751     0.9044   -97.3050     1.3074    52.5364     4.1564   -28.0022     3.7930
  4   -72.8588     0.6611   -97.7683     1.3090    53.3796     3.3884   -28.4657     2.8377
  5   -72.2536     1.3141   -96.8983     2.0139    53.5808     2.6553   -28.9318     2.3876
  6   -71.4990     1.8518   -96.8510     1.6471    55.0890     3.7147   -29.7327     2.5231
  7   -71.2500     1.6424   -97.1094     1.4849    56.1200     3.7561   -30.2563     2.3757
  8   -71.1622     1.4332   -96.9518     1.3240    54.6393     4.3990   -28.8454     3.4922
  9   -71.2080     1.2673   -96.9464     1.1677    54.0346     4.0637   -28.2918     3.2727
 10   -71.3299     1.1594   -96.8420     1.0651    53.6551     3.7131   -28.1387     2.9432
 11   -71.7402     1.3317   -96.9445     0.9850    53.4615     3.3808   -28.2529     2.6720
 12   -71.7003     1.2183   -97.0988     0.9507    53.9491     3.2367   -28.5463     2.5088
 13   -71.6103     1.1350   -96.6266     1.2871    53.7887     2.9945   -28.7681     2.3500
 14   -71.6076     1.0508   -96.4852     1.2247    53.9158     2.7840   -29.0339     2.2397
 15   -71.7303     1.0085   -96.4193     1.1477    53.6749     2.6362   -28.9816     2.0877
 16   -71.5512     1.0091   -96.5851     1.1237    54.0228     2.5622   -28.9845     1.9528
 17   -71.7444     1.0237   -96.5780     1.0556    52.5099     3.8663   -27.6720     3.2025
 18   -71.9684     1.0640   -96.5468     0.9972    50.8413     4.9420   -26.2585     4.1361
 19   -71.7366     1.1081   -96.3662     1.0101    49.8715     5.0611   -25.2376     4.4132
 20   -71.8795     1.0894   -96.4052     0.9614    48.6681     5.3708   -24.1380     4.7291
 21   -71.7788     1.0556   -96.3563     0.9197    47.7803     5.4084   -23.1985     4.8750
 22   -71.5698     1.0899   -96.3397     0.8775    47.2807     5.2527   -22.5065     4.8498
 23   -71.4649     1.0623   -96.3267     0.8389    46.5879     5.2069   -21.7217     4.8927
 24   -71.3472     1.0440   -96.2691     0.8114    45.8610     5.1928   -20.9348     4.9417
 25   -71.2218     1.0323   -96.2067     0.7882    45.3180     5.0978   -20.3287     4.8925
 26   -71.2918     1.0016   -96.4121     0.8615    44.8105     5.0019   -19.6859     4.8732
 27   -71.4128     0.9937   -96.4208     0.8291    43.6836     5.3147   -18.6712     5.1095
 28   -71.5706     1.0083   -96.3210     0.8235    41.8751     6.2698   -17.1204     5.8191
 29   -71.7708     1.0520   -96.3762     0.8023    39.9404     7.1813   -15.3307     6.6587
 30   -71.7753     1.0164   -96.3441     0.7777    39.8630     6.9395   -15.2899     6.4335
 31   -71.9044     1.0164   -96.5314     0.8403    40.7352     6.9349   -16.1039     6.4319
 32   -72.0054     1.0046   -96.6589     0.8526    40.7491     6.7147   -16.0913     6.2277
 33   -72.0983     0.9913   -96.5232     0.8698    40.5924     6.5156   -16.1632     6.0378
 34   -72.1663     0.9713   -96.3444     0.9165    40.4785     6.3252   -16.2961     5.8635
 35   -72.1378     0.9448   -96.1888     0.9427    39.4548     6.4741   -15.3994     5.9693
 36   -72.1770     0.9216   -96.2512     0.9246    38.5261     6.5601   -14.4475     6.1056
 37   -72.2102     0.8988   -96.3742     0.9323    37.6678     6.6072   -13.4996     6.2335
 38   -72.2841     0.8872   -96.3555     0.9082    36.7081     6.7113   -12.6324     6.3103
 39   -72.4955     0.9621   -96.3720     0.8852    35.6105     6.8957   -11.7298     6.4060
 40   -72.4376     0.9448   -96.2589     0.8920    35.7157     6.7244   -11.8901     6.2520
 41   -72.3526     0.9370   -96.1202     0.9131    35.7788     6.5595   -12.0069     6.1021
 42   -72.4250     0.9258   -96.1138     0.8911    35.8581     6.4034   -12.1650     5.9634
 43   -72.4430     0.9048   -96.1338     0.8711    35.8832     6.2529   -12.1881     5.8233
 44   -72.5406     0.9053   -96.1508     0.8517    35.2807     6.2269   -11.6661     5.7844
 45   -72.4534     0.9019   -96.0351     0.8642    34.5464     6.2616   -10.9603     5.8279
 46   -72.5428     0.9001   -96.0245     0.8455    34.1656     6.1711   -10.6795     5.7274
 47   -72.5274     0.8812   -96.0378     0.8277    34.0278     6.0447   -10.5130     5.6141
 48   -72.4241     0.8871   -95.9839     0.8174    33.9821     5.9181   -10.4179     5.4992
 49   -72.4145     0.8690   -95.8956     0.8198    33.6022     5.8457   -10.1168     5.4194
 50   -72.3982     0.8521   -95.9265     0.8056    32.9980     5.8537    -9.4654     5.4673
 
 Mesh error is    0.667 kcal/mol
