 ERmod 0.3.8, Copyright (C) 2000-2019 Nobuyuki Matubayasi
                            2010-2019 Shun Sakuraba
 ERmod comes with ABSOLUTELY NO WARRANTY.
 This is free software, and you can redistribute it
 and/or modify it under certain conditions.
 See LICENSE file for details.
 ERmod 0.3.8, Copyright (C) 2000-2019 Nobuyuki Matubayasi
                            2010-2019 Shun Sakuraba
 ERmod comes with ABSOLUTELY NO WARRANTY.
 This is free software, and you can redistribute it
 and/or modify it under certain conditions.
 See LICENSE file for details.
 
  Number of the   1-th solvent  =          368
  Number of the   2-th solvent  =          368
  Number of the   3-th solvent  =        10000
 
  Be sure that the solvent distribution is homogeneous (radial distribution function is essentially unity) when the solvent molecule is separated beyond distance of   10.0 Angstrom in any direction from any atom within the solute molecule
 
  LJ long-range correction    =        -0.6509     -0.1232     -7.4645
 
  Self-energy of the solute   =        -0.0291  kcal/mol
 
 
 cumulative average & 95% error for solvation energy
              total             1st component         2nd component         3rd component
  1  -493.9225              -96.7655              -11.8354             -385.2925
  2  -491.4563     4.9323   -97.5367     1.5423     9.1112    41.8932  -403.0018    35.4185
  3  -490.7839     3.1493  -100.8203     6.6274    18.0259    30.0483  -407.9605    22.7269
  4  -491.2905     2.4466   -99.7302     5.1686    13.6115    23.0087  -405.1428    17.0297
  5  -491.4563     1.9239  -101.0581     4.8044    13.4775    17.8244  -403.8466    13.4435
  6  -491.2569     1.6206  -102.1524     4.4920    16.7637    15.9688  -405.8392    11.6776
  7  -491.1793     1.3785  -101.8528     3.8434    17.3120    13.5406  -406.6093     9.9889
  8  -491.4926     1.3482  -101.0941     3.6581    15.0364    12.5787  -405.4059     8.9792
  9  -492.0290     1.6016  -101.0958     3.2261    11.6135    13.0357  -402.5176     9.8020
 10  -491.3410     1.9864  -101.6752     3.1095    17.9890    17.2781  -407.6256    13.4622
 11  -491.2642     1.8033  -101.9491     2.8655    18.2746    15.6391  -407.5606    12.1777
 12  -491.8619     2.0344  -101.5738     2.7214    12.1869    18.7632  -402.4459    15.1071
 13  -492.3007     2.0670  -101.4604     2.5135     8.3627    18.8783  -399.1739    15.3602
 14  -492.8874     2.2447  -101.0858     2.4448     2.8376    20.6781  -394.6102    16.8979
 15  -493.4969     2.4193  -100.7799     2.3567    -2.3414    21.8601  -390.3465    17.8937
 16  -493.7940     2.3398  -100.9281     2.2243    -4.6210    20.9503  -388.2158    17.2720
 17  -493.6839     2.2088  -100.7186     2.1310    -4.4361    19.6829  -388.5002    16.2342
 18  -494.0071     2.1805  -100.1144     2.3445    -7.8680    19.7859  -385.9956    16.1046
 19  -494.2697     2.1283   -99.8985     2.2593    -9.0630    18.8675  -385.2791    15.3006
 20  -494.0255     2.0773   -99.8252     2.1484    -6.9673    18.3835  -387.2039    15.0173
 21  -493.6744     2.0970  -100.0537     2.0940    -3.3657    18.9117  -390.2258    15.5103
 22  -493.3411     2.1076  -100.1583     2.0075    -0.4175    18.9712  -392.7362    15.6175
 23  -493.2442     2.0232  -100.1713     1.9184     1.3538    18.4705  -394.3976    15.2885
 24  -493.4562     1.9829   -99.9837     1.8747     0.5314    17.7605  -393.9748    14.6620
 25  -493.4551     1.9019   -99.8563     1.8161     0.1743    17.0502  -393.7441    14.0709
 26  -493.4028     1.8303   -99.8095     1.7474     0.2207    16.3816  -393.7849    13.5191
 27  -493.6188     1.8134   -99.6812     1.7009    -1.6731    16.2119  -392.2354    13.3728
 28  -493.6862     1.7527   -99.7127     1.6402    -2.3089    15.6738  -391.6354    12.9421
 29  -493.6682     1.6915   -99.7626     1.5858    -2.2414    15.1243  -391.6351    12.4879
 30  -493.3903     1.7261   -99.8445     1.5407     0.0896    15.3372  -393.6063    12.6922
 31  -493.2524     1.6921   -99.9737     1.5124     1.3952    15.0623  -394.6448    12.4505
 32  -493.2342     1.6388  -100.1848     1.5241     2.2011    14.6728  -395.2215    12.1102
 33  -493.2336     1.5883  -100.0393     1.5055     2.2374    14.2214  -395.4026    11.7430
 34  -493.1915     1.5432  -100.0724     1.4621     2.9902    13.8787  -396.0802    11.4727
 35  -492.9427     1.5789  -100.0050     1.4261     5.0000    14.0630  -397.9087    11.7250
 36  -492.6857     1.6183  -100.0674     1.3915     7.2611    14.3955  -399.8503    12.0382
 37  -492.6542     1.5752  -100.1278     1.3588     7.7732    14.0385  -400.2706    11.7385
 38  -492.5034     1.5625  -100.1151     1.3228     8.7455    13.8017  -401.1047    11.5466
 39  -492.3111     1.5698  -100.0203     1.3023    10.1467    13.7322  -402.4084    11.5448
 40  -492.1657     1.5575   -99.8618     1.3083    11.2585    13.5679  -403.5333    11.4752
 41  -492.2257     1.5237   -99.7896     1.2841    10.6689    13.2853  -403.0758    11.2292
 42  -492.1201     1.5019   -99.9096     1.2760    11.5350    13.0803  -403.7164    11.0332
 43  -492.0976     1.4673   -99.9652     1.2509    11.8129    12.7846  -403.9162    10.7810
 44  -492.0253     1.4408   -99.8479     1.2444    11.9229    12.4926  -404.0712    10.5377
 45  -492.0982     1.4159   -99.8343     1.2168    10.9983    12.3510  -403.2331    10.4363
 46  -492.3482     1.4723   -99.8842     1.1942     9.1320    12.6431  -401.5669    10.7372
 47  -492.5359     1.4888   -99.9205     1.1708     7.5448    12.7719  -400.1312    10.8915
 48  -492.6054     1.4640   -99.8569     1.1531     6.7507    12.6035  -399.4701    10.7439
 49  -492.6945     1.4449   -99.7664     1.1438     5.9335    12.4513  -398.8326    10.5993
 50  -492.6247     1.4225   -99.8546     1.1345     6.6149    12.2756  -399.3559    10.4377
 
 
 group  inft  solvation free energy     error          difference
  total solvation free energy
   1      0        -83.85853           1.62042          -0.48959
   1     60        -84.17306           1.62009          -0.80412
   1     80        -87.08637           1.62113          -3.71743
   1    100        -96.84461           1.63996         -13.47567
   2      0        -83.87068           1.63604          -0.50174
   3      0        -83.36894           1.64354           0.00000
   4      0        -83.53496           1.64452          -0.16602
   5      0        -83.58739           1.65294          -0.21845
   5     60        -84.01773           1.65251          -0.64878
   5     80        -87.63384           1.65463          -4.26489
   5    100        -96.59772           1.67309         -13.22878
 
  contribution from  1-th solvent component
   1      0        -82.08996           0.85240          -0.42573
   1     60        -82.10221           0.85239          -0.43798
   1     80        -82.21639           0.85218          -0.55216
   1    100        -82.59735           0.85225          -0.93312
   2      0        -81.87196           0.87252          -0.20773
   3      0        -81.66423           0.87876           0.00000
   4      0        -82.00579           0.88282          -0.34156
   5      0        -81.82245           0.88668          -0.15823
   5     60        -81.83882           0.88664          -0.17460
   5     80        -81.97987           0.88644          -0.31564
   5    100        -82.32596           0.88658          -0.66174
 
  contribution from  2-th solvent component
   1      0         38.04250           6.14896          -0.09858
   1     60         38.05459           6.14904          -0.08649
   1     80         38.15395           6.15006           0.01287
   1    100         38.31757           6.15355           0.17649
   2      0         37.83452           6.14842          -0.30656
   3      0         38.14108           6.14995           0.00000
   4      0         38.30718           6.14894           0.16610
   5      0         38.12187           6.14584          -0.01921
   5     60         38.13808           6.14595          -0.00301
   5     80         38.24111           6.14715           0.10002
   5    100         38.39047           6.15029           0.24939
 
  contribution from  3-th solvent component
   1      0        -39.78200           6.94422           0.03472
   1     60        -40.09635           6.94394          -0.27964
   1     80        -42.99485           6.94616          -3.17814
   1    100        -52.53575           6.97043         -12.71904
   2      0        -39.80416           6.94764           0.01255
   3      0        -39.81672           6.94952           0.00000
   4      0        -39.80727           6.94954           0.00945
   5      0        -39.85773           6.95066          -0.04102
   5     60        -40.28790           6.95029          -0.47118
   5     80        -43.86599           6.95395          -4.04928
   5    100        -52.63315           6.97745         -12.81643
 
 
 group  inft   Estimated free energy: total (kcal/mol)
   1      0     -89.3587     -90.0952     -89.2456     -82.9798     -88.0728
                -86.8047     -85.7451     -89.0065     -86.6475     -87.5382
                -79.2977     -76.1118     -76.5582     -77.3067     -78.2464
                -78.1070     -79.0942     -74.2602     -82.2567     -87.1944
                -92.1859     -92.1238     -88.3709     -89.3350     -72.3690
                -78.7380     -78.6504     -76.3389     -84.6749     -89.2647
                -88.6330     -85.3043     -85.7050     -89.2553     -93.2975
                -89.3644     -86.7428     -84.1685     -90.3345     -91.3950
                -77.2609     -82.8361     -85.8138     -85.5235     -76.8841
                -78.4369     -79.8926     -72.8476     -77.0733     -86.1786
   1     60     -89.6715     -90.4097     -89.5579     -83.2947     -88.3866
                -87.1173     -86.0588     -89.3214     -86.9616     -87.8483
                -79.6145     -76.4248     -76.8724     -77.6194     -78.5593
                -78.4232     -79.4128     -74.5752     -82.5732     -87.5093
                -92.4996     -92.4361     -88.6881     -89.6522     -72.6865
                -79.0562     -78.9678     -76.6558     -84.9899     -89.5756
                -88.9477     -85.6203     -86.0225     -89.5725     -93.6062
                -89.6711     -87.0603     -84.4838     -90.6444     -91.7055
                -77.5793     -83.1510     -86.1307     -85.8367     -77.1986
                -78.7525     -80.2077     -73.1628     -77.3869     -86.4927
   1     80     -92.5746     -93.3348     -92.4658     -86.2112     -91.2969
                -90.0158     -88.9706     -92.2401     -89.8669     -90.7407
                -82.5447     -79.3070     -79.7709     -80.4986     -81.4419
                -81.3337     -82.3446     -77.4749     -85.4935     -90.4374
                -95.4289     -95.3505     -91.6262     -92.5779     -75.6093
                -81.9931     -81.8901     -79.5739     -87.9060     -92.4839
                -91.8745     -88.5449     -88.9504     -92.5082     -96.5024
                -92.5527     -90.0003     -87.4093     -93.5500     -94.6187
                -80.5054     -86.0683     -89.0725     -88.7465     -80.0946
                -81.6545     -83.1023     -76.0637     -80.2818     -89.4130
   1    100    -102.3137    -103.1699    -102.2547     -95.9651    -101.0508
                -99.7569     -98.7338    -102.0145     -99.5969    -100.5421
                -92.3369     -88.9195     -89.4123     -90.0778     -91.0362
                -91.0071     -92.1008     -87.1089     -95.2269    -100.2678
               -105.3271    -105.2148    -101.4699    -102.3289     -85.3321
                -91.7794     -91.6130     -89.2729     -97.6531    -102.3403
               -101.7173     -98.3379     -98.7258    -102.3367    -106.3589
               -102.3795     -99.8365     -97.2328    -103.4033    -104.5007
                -90.2270     -95.8480     -98.9308     -98.5165     -89.7411
                -91.2993     -92.7271     -85.7157     -89.9453     -99.2264
   2      0     -89.4129     -90.0903     -89.3651     -82.8144     -88.0516
                -86.7653     -85.9984     -88.9929     -86.7862     -87.5376
                -79.0912     -76.0812     -76.5557     -77.2314     -78.2650
                -78.2253     -79.2452     -74.0289     -81.8245     -87.2819
                -92.1674     -92.2265     -88.6615     -89.3693     -72.5021
                -78.5327     -78.4619     -76.2990     -84.4478     -89.2683
                -88.7028     -85.2371     -85.9146     -89.5308     -93.4363
                -89.3674     -86.6905     -84.4409     -90.4595     -91.4361
                -77.3761     -83.0160     -85.5960     -85.7314     -76.9981
                -78.4009     -79.9495     -72.5769     -76.8698     -86.2217
   3      0     -88.9986     -89.6072     -89.1072     -82.2993     -87.5952
                -86.3638     -85.4413     -88.5259     -86.1728     -87.1573
                -78.3931     -75.4541     -75.8624     -76.6656     -77.6622
                -77.7456     -78.5260     -73.6109     -81.2893     -86.6413
                -91.7300     -91.7560     -88.3360     -88.9856     -71.9092
                -78.0313     -77.9972     -75.7860     -83.8867     -88.6040
                -88.2006     -84.7892     -85.4375     -88.9515     -92.9759
                -88.7780     -86.1761     -84.0378     -89.9474     -91.0866
                -76.8483     -82.5309     -84.9559     -85.2737     -76.6557
                -77.6855     -79.5388     -72.2071     -76.4615     -85.7680
   4      0     -89.0849     -89.7251     -89.1671     -82.3295     -87.9436
                -86.4480     -85.6699     -88.5334     -86.5074     -87.2870
                -78.5349     -75.7661     -76.1278     -76.8465     -77.8860
                -77.8344     -78.8078     -73.6135     -81.4218     -86.9497
                -91.8205     -92.0247     -88.4589     -89.1105     -72.1624
                -78.2656     -78.1389     -76.1118     -83.8511     -88.7181
                -88.4768     -84.9151     -85.7433     -89.2087     -93.0629
                -89.0708     -86.4452     -84.0676     -90.0611     -91.2509
                -76.8416     -82.6970     -85.1890     -85.6341     -76.8112
                -77.7522     -79.5545     -72.3498     -76.5093     -85.9598
   5      0     -89.1053     -89.5944     -89.2837     -82.3981     -87.9236
                -86.4170     -85.6873     -88.7768     -86.6052     -87.4548
                -78.3770     -75.8078     -75.9974     -76.8554     -77.9126
                -77.9254     -78.8593     -73.6569     -81.3813     -86.9518
                -92.1013     -92.0444     -88.6822     -89.2155     -72.0188
                -78.2957     -78.1443     -76.0447     -83.8889     -88.6674
                -88.4393     -85.0827     -85.6120     -89.2392     -93.1730
                -89.2104     -86.5952     -84.3222     -90.2270     -91.4935
                -77.0388     -82.7196     -85.2103     -85.5338     -76.8789
                -77.8787     -79.6958     -72.4919     -76.5136     -85.9393
   5     60     -89.5337     -90.0248     -89.7115     -82.8289     -88.3530
                -86.8447     -86.1165     -89.2076     -87.0350     -87.8784
                -78.8104     -76.2358     -76.4279     -77.2832     -78.3409
                -78.3579     -79.2948     -74.0881     -81.8143     -87.3828
                -92.5306     -92.4717     -89.1158     -89.6493     -72.4534
                -78.7307     -78.5788     -76.4785     -84.3203     -89.0932
                -88.8695     -85.5147     -86.0455     -89.6724     -93.5958
                -89.6304     -87.0294     -84.7535     -90.6512     -91.9193
                -77.4737     -83.1502     -85.6440     -85.9624     -77.3094
                -78.3100     -80.1269     -72.9234     -76.9428     -86.3691
   5     80     -93.1351     -93.6576     -93.3242     -86.4465     -91.9649
                -90.4439     -89.7309     -92.8283     -90.6415     -91.4744
                -82.4464     -79.8081     -80.0214     -80.8534     -81.9146
                -81.9658     -82.9292     -77.6825     -85.4363     -91.0177
                -96.1698     -96.0958     -92.7657     -93.2784     -76.0799
                -82.3737     -82.2019     -80.0988     -87.9392     -92.7102
                -92.5027     -89.1445     -89.6817     -93.3180     -97.2001
                -93.2147     -90.6786     -88.3894     -94.2638     -95.5422
                -81.1002     -86.7729     -89.2959     -89.5765     -80.9017
                -81.9045     -83.7171     -76.5226     -80.5326     -89.9962
   5    100    -102.0803    -102.6937    -102.3216     -95.4035    -100.9267
                -99.3894     -98.7037    -101.8030     -99.5799    -100.4820
                -91.4358     -88.6321     -88.8732     -89.6464     -90.7219
                -90.8442     -91.8871     -86.5297     -94.3722    -100.0459
               -105.2692    -105.1643    -101.8176    -102.2324     -85.0072
                -91.3621     -91.1229     -89.0088     -96.8901    -101.7709
               -101.5461     -98.1369     -98.6670    -102.3543    -106.2666
               -102.2481     -99.7173     -97.4221    -103.3255    -104.6254
                -90.0225     -95.7609     -98.3494     -98.5553     -89.7642
                -90.7492     -92.5537     -85.3849     -89.4041     -99.0144
 
 group  inft   Estimated free energy: 1-th solvent contribution (kcal/mol)
   1      0     -82.7604     -82.4684     -87.0572     -78.8033     -85.9723
                -88.5381     -83.9092     -81.7638     -83.2008     -87.6687
                -81.9908     -78.3480     -81.3800     -80.8902     -79.9995
                -83.6222     -82.2116     -74.9567     -76.6454     -81.6896
                -86.1841     -85.7897     -83.7277     -82.4675     -76.3168
                -80.6980     -78.2762     -79.6711     -81.4667     -84.1140
                -82.7904     -84.6833     -81.1646     -84.2881     -84.2766
                -85.6952     -83.5613     -82.6647     -81.0924     -79.1748
                -79.9353     -85.9479     -79.6742     -80.1195     -83.2411
                -81.1947     -83.8224     -77.8136     -77.3351     -83.4353
   1     60     -82.7725     -82.4806     -87.0694     -78.8156     -85.9844
                -88.5499     -83.9213     -81.7759     -83.2130     -87.6807
                -82.0032     -78.3604     -81.3921     -80.9022     -80.0115
                -83.6343     -82.2238     -74.9688     -76.6578     -81.7020
                -86.1965     -85.8018     -83.7401     -82.4799     -76.3291
                -80.7103     -78.2884     -79.6833     -81.4790     -84.1263
                -82.8030     -84.6958     -81.1769     -84.3004     -84.2887
                -85.7074     -83.5736     -82.6770     -81.1049     -79.1874
                -79.9477     -85.9600     -79.6869     -80.1317     -83.2530
                -81.2069     -83.8343     -77.8256     -77.3474     -83.4477
   1     80     -82.8856     -82.5949     -87.1832     -78.9309     -86.0971
                -88.6605     -84.0346     -81.8890     -83.3273     -87.7917
                -82.1191     -78.4760     -81.5060     -81.0157     -80.1244
                -83.7474     -82.3385     -75.0826     -76.7721     -81.8177
                -86.3111     -85.9133     -83.8552     -82.5956     -76.4437
                -80.8250     -78.4037     -79.7978     -81.5934     -84.2402
                -82.9195     -84.8114     -81.2910     -84.4142     -84.4004
                -85.8201     -83.6874     -82.7910     -81.2214     -79.3045
                -80.0641     -86.0730     -79.8046     -80.2455     -83.3657
                -81.3225     -83.9465     -77.9379     -77.4626     -83.5631
   1    100     -83.2659     -82.9778     -87.5659     -79.3122     -86.4753
                -89.0391     -84.4158     -82.2681     -83.7097     -88.1683
                -82.5032     -78.8579     -81.8856     -81.3953     -80.5009
                -84.1263     -82.7227     -75.4586     -77.1498     -82.2022
                -86.6948     -86.2905     -84.2381     -82.9815     -76.8192
                -81.2067     -78.7860     -80.1762     -81.9737     -84.6220
                -83.3029     -85.1968     -81.6727     -84.7942     -84.7774
                -86.2026     -84.0666     -83.1714     -81.6074     -79.6908
                -80.4501     -86.4529     -80.1896     -80.6253     -83.7459
                -81.7060     -84.3237     -78.3120     -77.8439     -83.9459
   2      0     -82.6451     -82.3137     -86.8895     -78.5251     -85.7961
                -88.4240     -83.7691     -81.6180     -83.0746     -87.5327
                -81.6437     -78.0499     -81.1670     -80.6755     -79.7457
                -83.4137     -81.9994     -74.5608     -76.2134     -81.4641
                -86.0390     -85.6751     -83.5598     -82.3422     -76.0157
                -80.3476     -77.8894     -79.4188     -81.1849     -83.9268
                -82.5613     -84.4307     -81.0205     -84.1661     -84.1961
                -85.5449     -83.3398     -82.4836     -80.8494     -78.9232
                -79.7294     -85.8371     -79.3393     -79.9557     -83.0897
                -80.9454     -83.6923     -77.3571     -76.9794     -83.2368
   3      0     -82.4682     -82.1300     -86.7305     -78.3030     -85.6160
                -88.2023     -83.5851     -81.4556     -82.8845     -87.3999
                -81.3495     -77.7877     -80.9111     -80.4625     -79.4760
                -83.2149     -81.7504     -74.3322     -75.9304     -81.2420
                -85.8984     -85.4463     -83.3886     -82.1877     -75.7261
                -80.0988     -77.6780     -79.1989     -80.9522     -83.8049
                -82.3230     -84.1897     -80.8212     -83.9429     -84.0478
                -85.3367     -83.1361     -82.2830     -80.6469     -78.7395
                -79.5280     -85.6861     -79.0423     -79.7914     -82.9270
                -80.6678     -83.5129     -77.1552     -76.7765     -83.0456
   4      0     -82.8427     -82.5805     -87.0551     -78.5858     -85.9917
                -88.6055     -83.9407     -81.7169     -83.2953     -87.7064
                -81.7409     -78.1073     -81.3354     -80.8819     -79.8676
                -83.5344     -82.1755     -74.5866     -76.2423     -81.6235
                -86.2277     -85.8647     -83.6936     -82.5038     -76.1030
                -80.3830     -77.9512     -79.5264     -81.2677     -84.1140
                -82.6276     -84.4230     -81.2506     -84.3633     -84.4887
                -85.7156     -83.4529     -82.5847     -81.0151     -79.0537
                -79.8501     -85.9867     -79.3843     -80.1190     -83.1746
                -81.0237     -83.8590     -77.4377     -77.0417     -83.3858
   5      0     -82.6542     -82.2613     -86.9105     -78.4591     -85.7657
                -88.3490     -83.7640     -81.6539     -83.0917     -87.5848
                -81.4447     -77.9049     -81.0363     -80.6391     -79.6823
                -83.3832     -82.0060     -74.3954     -76.0499     -81.4093
                -86.1334     -85.6096     -83.6354     -82.3977     -75.8049
                -80.2055     -77.7365     -79.2782     -81.0331     -83.8755
                -82.4581     -84.3680     -80.9820     -84.1937     -84.3066
                -85.5765     -83.3770     -82.4499     -80.8368     -78.9338
                -79.7102     -85.8299     -79.1669     -79.8488     -83.0188
                -80.8819     -83.7437     -77.2535     -76.8828     -83.1486
   5     60     -82.6704     -82.2777     -86.9268     -78.4757     -85.7818
                -88.3647     -83.7802     -81.6700     -83.1081     -87.6008
                -81.4613     -77.9214     -81.0526     -80.6553     -79.6983
                -83.3994     -82.0223     -74.4118     -76.0664     -81.4259
                -86.1499     -85.6256     -83.6520     -82.4143     -75.8215
                -80.2219     -77.7530     -79.2946     -81.0496     -83.8920
                -82.4749     -84.3846     -80.9984     -84.2100     -84.3227
                -85.5926     -83.3933     -82.4664     -80.8535     -78.9506
                -79.7268     -85.8461     -79.1839     -79.8652     -83.0348
                -80.8983     -83.7598     -77.2697     -76.8992     -83.1652
   5     80     -82.8108     -82.4187     -87.0673     -78.6177     -85.9212
                -88.5012     -83.9203     -81.8093     -83.2493     -87.7386
                -81.6041     -78.0634     -81.1931     -80.7950     -79.8373
                -83.5393     -82.1628     -74.5523     -76.2080     -81.5681
                -86.2915     -85.7634     -83.7949     -82.5571     -75.9638
                -80.3631     -77.8946     -79.4361     -81.1913     -84.0337
                -82.6187     -84.5269     -81.1399     -84.3511     -84.4616
                -85.7318     -83.5344     -82.6077     -80.9965     -79.0949
                -79.8698     -85.9866     -79.3290     -80.0065     -83.1742
                -81.0394     -83.8991     -77.4088     -77.0410     -83.3081
   5    100     -83.1585     -82.7661     -87.4145     -78.9635     -86.2658
                -88.8441     -84.2671     -82.1524     -83.5969     -88.0826
                -81.9522     -78.4084     -81.5378     -81.1386     -80.1780
                -83.8841     -82.5086     -74.8943     -76.5523     -81.9156
                -86.6400     -86.1054     -84.1450     -82.9076     -76.3071
                -80.7088     -78.2400     -79.7803     -81.5374     -84.3834
                -82.9673     -84.8755     -81.4882     -84.6977     -84.8062
                -86.0779     -83.8799     -82.9543     -81.3454     -79.4448
                -80.2185     -86.3340     -79.6782     -80.3539     -83.5202
                -81.3835     -84.2434     -77.7495     -77.3860     -83.6572
 
 group  inft   Estimated free energy: 2-th solvent contribution (kcal/mol)
   1      0      27.3567      47.3861      50.9213      34.2330      38.3026
                 51.6143      45.0633      32.4935      26.5200      76.4090
                 43.7117       7.9548      16.7545       2.5443      -1.8122
                 15.7105      32.5732       2.7668      17.9997      50.3043
                 68.4319      65.3473      55.0584      24.3717      31.6201
                 34.2355       8.7122      25.5573      34.3988      69.8903
                 53.5447      49.3340      36.5665      47.8349      72.2126
                 82.1007      46.8636      56.2114      67.0796      61.7078
                 28.9649      59.3299      44.7659      43.1240      21.8034
                 -3.1181       2.8451      21.0937      19.1296      54.3004
   1     60      27.3685      47.3978      50.9327      34.2452      38.3144
                 51.6266      45.0751      32.5051      26.5322      76.4227
                 43.7236       7.9663      16.7667       2.5566      -1.8005
                 15.7224      32.5847       2.7783      18.0116      50.3167
                 68.4436      65.3593      55.0705      24.3837      31.6320
                 34.2468       8.7240      25.5695      34.4112      69.9035
                 53.5566      49.3468      36.5786      47.8469      72.2251
                 82.1142      46.8754      56.2236      67.0919      61.7200
                 28.9771      59.3427      44.7777      43.1361      21.8155
                 -3.1070       2.8570      21.1060      19.1416      54.3130
   1     80      27.4620      47.4896      51.0246      34.3413      38.4069
                 51.7302      45.1716      32.5963      26.6308      76.5437
                 43.8182       8.0625      16.8662       2.6611      -1.7041
                 15.8196      32.6814       2.8714      18.1041      50.4162
                 68.5425      65.4603      55.1712      24.4797      31.7322
                 34.3371       8.8215      25.6711      34.5131      70.0143
                 53.6540      49.4528      36.6771      47.9445      72.3321
                 82.2353      46.9700      56.3265      67.1960      61.8222
                 29.0802      59.4511      44.8703      43.2333      21.9171
                 -3.0196       2.9548      21.2086      19.2405      54.4143
   1    100      27.6048      47.6228      51.1643      34.4916      38.5437
                 51.9114      45.3296      32.7328      26.7899      76.7805
                 43.9635       8.2216      17.0310       2.8464      -1.5464
                 15.9762      32.8335       3.0156      18.2397      50.5768
                 68.7101      65.6296      55.3401      24.6298      31.8997
                 34.4720       8.9733      25.8432      34.6856      70.2129
                 53.8114      49.6378      36.8322      48.1003      72.5242
                 82.4798      47.1158      56.5004      67.3832      61.9943
                 29.2552      59.6443      45.0091      43.3862      22.0917
                 -2.8958       3.1109      21.3858      19.4041      54.5818
   2      0      27.2180      47.2686      50.6713      34.1205      38.1732
                 51.5534      44.6986      32.3691      26.2835      76.2911
                 43.5803       7.6778      16.5588       2.4291      -2.0985
                 15.3941      32.2166       2.6143      18.0086      50.0289
                 68.3565      65.1672      54.6453      24.2265      31.1762
                 34.0972       8.5231      25.3472      34.3678      69.7485
                 53.2909      49.1853      36.2502      47.4670      72.0309
                 82.0053      46.7326      55.7754      66.7505      61.4499
                 28.6527      59.0682      44.6773      42.7847      21.5533
                 -3.3186       2.6688      20.9086      18.9986      54.0817
   3      0      27.4481      47.5914      50.7919      34.4303      38.4681
                 51.7314      45.0836      32.7015      26.7246      76.5695
                 43.9858       8.0576      17.0027       2.7898      -1.7730
                 15.6818      32.6922       2.7990      18.2674      50.4630
                 68.6928      65.4431      54.8172      24.4619      31.4759
                 34.3474       8.7896      25.6735      34.7211      70.2981
                 53.5712      49.4032      36.5518      47.8295      72.3619
                 82.4064      47.0639      55.9933      67.0833      61.6493
                 28.9908      59.3908      45.0405      43.0948      21.7221
                 -2.8827       2.9131      21.0874      19.1927      54.3636
   4      0      27.7489      47.9104      51.0300      34.6409      38.4892
                 52.0510      45.1838      32.9338      26.7911      76.7267
                 44.2264       8.0346      17.1504       3.0090      -1.6148
                 15.9074      32.8337       3.0434      18.4404      50.5417
                 68.9141      65.5770      54.9944      24.6679      31.5954
                 34.4138       8.9140      25.6591      35.0686      70.4929
                 53.6219      49.5259      36.6649      47.9987      72.6896
                 82.4656      47.1043      56.2536      67.3055      61.7864
                 29.2975      59.5456      45.1695      43.0476      21.8194
                 -2.6036       3.2188      21.1863      19.4009      54.4853
   5      0      27.5728      47.7613      50.8594      34.5043      38.3321
                 51.8692      45.0671      32.6937      26.5471      76.4980
                 44.1365       7.8392      17.0371       2.8189      -1.7868
                 15.7278      32.6414       2.8596      18.3402      50.3573
                 68.5964      65.3625      54.7796      24.4892      31.4770
                 34.2368       8.7506      25.4953      34.8347      70.3529
                 53.5285      49.3495      36.5798      47.8544      72.4648
                 82.2426      46.9273      55.9298      67.0203      61.4770
                 29.0092      59.3977      44.9613      42.9552      21.6172
                 -2.8376       3.0170      20.9267      19.2761      54.3455
   5     60      27.5885      47.7768      50.8747      34.5204      38.3476
                 51.8856      45.0828      32.7091      26.5631      76.5169
                 44.1523       7.8548      17.0535       2.8357      -1.7710
                 15.7439      32.6570       2.8751      18.3558      50.3738
                 68.6121      65.3785      54.7959      24.5052      31.4932
                 34.2519       8.7666      25.5117      34.8513      70.3706
                 53.5445      49.3667      36.5961      47.8705      72.4813
                 82.2608      46.9431      55.9463      67.0367      61.4934
                 29.0259      59.4151      44.9770      42.9713      21.6335
                 -2.8228       3.0332      20.9431      19.2922      54.3622
   5     80      27.6852      47.8702      50.9683      34.6198      38.4425
                 51.9936      45.1824      32.8033      26.6644      76.6469
                 44.2494       7.9550      17.1569       2.9460      -1.6711
                 15.8446      32.7555       2.9711      18.4508      50.4770
                 68.7161      65.4828      54.9000      24.6044      31.5963
                 34.3440       8.8669      25.6171      34.9582      70.4876
                 53.6461      49.4781      36.6973      47.9706      72.5930
                 82.3922      47.0402      56.0511      67.1450      61.5995
                 29.1333      59.5286      45.0724      43.0711      21.7382
                 -2.7334       3.1348      21.0498      19.3948      54.4672
   5    100      27.8180      47.9917      51.0934      34.7588      38.5681
                 52.1586      45.3247      32.9290      26.8084      76.8670
                 44.3825       8.1002      17.3076       3.1171      -1.5278
                 15.9888      32.8918       3.1030      18.5771      50.6253
                 68.8703      65.6354      55.0517      24.7427      31.7467
                 34.4658       9.0072      25.7725      35.1176      70.6714
                 53.7916      49.6492      36.8387      48.1110      72.7675
                 82.6201      47.1725      56.2034      67.3110      61.7558
                 29.2939      59.7046      45.2005      43.2103      21.8946
                 -2.6189       3.2795      21.2096      19.5440      54.6201
 
 group  inft   Estimated free energy: 3-th solvent contribution (kcal/mol)
   1      0     -33.9259     -54.9839     -53.0806     -38.3804     -40.3741
                -49.8519     -46.8701     -39.7072     -29.9377     -76.2494
                -40.9895      -5.6895     -11.9035       1.0682       3.5944
                -10.1662     -29.4267      -2.0412     -23.5819     -55.7800
                -74.4046     -71.6523     -59.6726     -31.2102     -27.6432
                -32.2464      -9.0573     -22.1960     -37.5779     -75.0119
                -59.3581     -49.9260     -41.0779     -52.7730     -81.2044
                -85.7408     -50.0160     -57.6861     -76.2927     -73.8989
                -26.2614     -56.1890     -50.8764     -48.4990     -15.4173
                  5.9049       1.1138     -16.0986     -18.8387     -57.0146
   1     60     -34.2384     -55.2978     -53.3921     -38.6951     -40.6875
                -50.1649     -47.1835     -40.0215     -30.2517     -76.5612
                -41.3059      -6.0017     -12.2179       0.7553       3.2818
                -10.4823     -29.7446      -2.3555     -23.8980     -56.0949
                -74.7177     -71.9645     -59.9894     -31.5270     -27.9604
                -32.5636      -9.3743     -22.5130     -37.8930     -75.3237
                -59.6722     -50.2422     -41.3951     -53.0899     -81.5135
                -86.0488     -50.3330     -58.0013     -76.6022     -74.2090
                -26.5797     -56.5046     -51.1925     -48.8120     -15.7319
                  5.5905       0.7986     -16.4141     -19.1520     -57.3288
   1     80     -37.1219     -58.2004     -56.2781     -41.5925     -43.5776
                -53.0565     -50.0785     -42.9183     -33.1413     -79.4636
                -44.2148      -8.8644     -15.1020      -2.1149       0.4157
                -13.3769     -32.6584      -5.2346     -26.7964     -59.0068
                -77.6313     -74.8684     -62.9131     -34.4329     -30.8687
                -35.4761     -12.2789     -25.4181     -40.7966     -78.2289
                -62.5799     -53.1572     -44.3074     -56.0094     -84.4050
                -88.9388     -53.2538     -60.9157     -79.4956     -77.1074
                -29.4924     -59.4173     -54.1091     -51.7052     -18.6169
                  2.7167      -2.0815     -19.3053     -22.0306     -60.2352
   1    100     -46.6235     -67.7859     -65.8241     -51.1154     -53.0901
                -62.6002     -59.6185     -52.4502     -42.6480     -89.1252
                -53.7681     -18.2541     -24.5287     -11.4999      -8.9597
                -22.8278     -42.1826     -14.6368     -36.2877     -68.6134
                -87.3134     -84.5248     -72.5428     -43.9481     -40.3836
                -45.0156     -21.7712     -34.9109     -50.3358     -87.9021
                -72.1967     -62.7499     -53.8562     -65.6138     -94.0766
                -98.6276     -62.8566     -70.5328     -89.1500     -86.7750
                -39.0030     -69.0103     -63.7213     -61.2483     -28.0578
                 -6.6684     -11.4852     -28.7604     -31.4763     -69.8331
   2      0     -33.9568     -55.0161     -53.1178     -38.3807     -40.3996
                -49.8657     -46.8988     -39.7150     -29.9660     -76.2669
                -40.9988      -5.6800     -11.9184       1.0440       3.6083
                -10.1766     -29.4334      -2.0533     -23.5906     -55.8176
                -74.4559     -71.6895     -59.7179     -31.2245     -27.6335
                -32.2532      -9.0665     -22.1984     -37.6017     -75.0609
                -59.4033     -49.9626     -41.1153     -52.8026     -81.2420
                -85.7987     -50.0542     -57.7037     -76.3315     -73.9338
                -26.2702     -56.2180     -50.9049     -48.5312     -15.4327
                  5.8923       1.1031     -16.0992     -18.8599     -57.0376
   3      0     -33.9494     -55.0394     -53.1394     -38.3975     -40.4182
                -49.8639     -46.9107     -39.7427     -29.9838     -76.2978
                -41.0003      -5.6949     -11.9249       1.0361       3.6158
                -10.1834     -29.4387      -2.0486     -23.5971     -55.8332
                -74.4953     -71.7237     -59.7356     -31.2307     -27.6300
                -32.2507      -9.0799     -22.2314     -37.6265     -75.0682
                -59.4198     -49.9736     -41.1389     -52.8090     -81.2609
                -85.8186     -50.0749     -57.7190     -76.3547     -73.9674
                -26.2820     -56.2066     -50.9250     -48.5481     -15.4216
                  5.8941       1.0901     -16.1103     -18.8486     -57.0569
   4      0     -33.9621     -55.0259     -53.1129     -38.3554     -40.4120
                -49.8644     -46.8839     -39.7212     -29.9741     -76.2782
                -40.9913      -5.6644     -11.9138       1.0555       3.6255
                -10.1784     -29.4369      -2.0412     -23.5908     -55.8388
                -74.4778     -71.7079     -59.7306     -31.2456     -27.6258
                -32.2672      -9.0726     -22.2154     -37.6230     -75.0679
                -59.4420     -49.9889     -41.1285     -52.8150     -81.2347
                -85.7917     -50.0675     -57.7074     -76.3224     -73.9544
                -26.2599     -56.2269     -50.9451     -48.5335     -15.4269
                  5.9041       1.1148     -16.0693     -18.8394     -57.0302
   5      0     -33.9948     -55.0653     -53.2035     -38.4142     -40.4609
                -49.9081     -46.9614     -39.7875     -30.0315     -76.3389
                -41.0397      -5.7130     -11.9691       0.9938       3.5855
                -10.2409     -29.4657      -2.0920     -23.6425     -55.8707
                -74.5351     -71.7682     -59.7973     -31.2780     -27.6619
                -32.2979      -9.1294     -22.2327     -37.6615     -75.1157
                -59.4806     -50.0352     -41.1807     -52.8708     -81.3021
                -85.8474     -50.1165     -57.7730     -76.3813     -74.0077
                -26.3087     -56.2583     -50.9757     -48.6111     -15.4483
                  5.8700       1.0600     -16.1360     -18.8779     -57.1071
   5     60     -34.4227     -55.4949     -53.6304     -38.8445     -40.8897
                -50.3365     -47.3901     -40.2175     -30.4610     -76.7655
                -41.4723      -6.1401     -12.3998       0.5655       3.1575
                -10.6733     -29.9004      -2.5223     -24.0746     -56.3017
                -74.9637     -72.1956     -60.2307     -31.7111     -28.0959
                -32.7316      -9.5634     -22.6664     -38.0930     -75.5428
                -59.9101     -50.4677     -41.6141     -53.3038     -81.7253
                -86.2695     -50.5501     -58.2044     -76.8054     -74.4330
                -26.7437     -56.6900     -51.4081     -49.0395     -15.8790
                  5.4402       0.6288     -16.5678     -19.3067     -57.5370
   5     80     -37.9805     -59.0800     -57.1962     -42.4196     -44.4571
                -53.9073     -50.9639     -43.7931     -34.0275     -80.3536
                -45.0625      -9.6707     -15.9561      -2.9753      -0.3771
                -14.2420     -33.4928      -6.0723     -27.6500     -59.8975
                -78.5653     -75.7861     -63.8417     -35.2966     -31.6834
                -36.3254     -13.1451     -26.2506     -41.6770     -79.1351
                -63.5011     -54.0667     -45.2099     -56.9084     -85.3025
                -89.8460     -54.1553     -61.8038     -80.3831     -78.0176
                -30.3346     -60.2859     -55.0102     -52.6120     -19.4366
                  1.8973      -2.9237     -20.1344     -22.8574     -61.1262
   5    100     -46.7108     -67.8902     -65.9714     -51.1697     -53.1999
                -62.6748     -59.7322     -52.5505     -42.7624     -89.2373
                -53.8369     -18.2949     -24.6139     -11.5958      -8.9871
                -22.9198     -42.2412     -14.7093     -36.3678     -68.7265
                -87.4704     -84.6652     -72.6952     -44.0384     -40.4177
                -45.0900     -21.8610     -34.9719     -50.4412     -88.0299
                -72.3414     -62.8815     -53.9884     -65.7385     -94.1988
                -98.7612     -62.9808     -70.6421     -89.2620     -86.9074
                -39.0689     -69.1024     -63.8427     -61.3827     -28.1095
                 -6.7177     -11.5608     -28.8160     -31.5330     -69.9482
 
 
 cumulative average & 95% error for solvation free energy
              total             1st component         2nd component         3rd component
  1   -88.9986              -82.4682               27.4481              -33.9494
  2   -89.3029     0.6086   -82.2991     0.3381    37.5197    20.1433   -44.4944    21.0900
  3   -89.2376     0.3748   -83.7762     2.9607    41.9438    14.6130   -47.3761    13.4714
  4   -87.5030     3.4793   -82.4079     3.4456    40.0654    10.9947   -45.1314    10.5306
  5   -87.5215     2.6953   -83.0495     2.9614    39.7459     8.5404   -44.1888     8.3720
  6   -87.3285     2.2343   -83.9083     2.9659    41.7435     8.0366   -45.1346     7.0926
  7   -87.0589     1.9638   -83.8621     2.5084    42.2207     6.8589   -45.3884     6.0158
  8   -87.2423     1.7398   -83.5613     2.2541    41.0308     6.3989   -44.6827     5.3976
  9   -87.1235     1.5526   -83.4861     1.9936    39.4412     6.4772   -43.0495     5.7732
 10   -87.1269     1.3887   -83.8775     1.9474    43.1540     9.4183   -46.3743     8.4191
 11   -86.3329     2.0247   -83.6477     1.8204    43.2296     8.5205   -45.8858     7.6778
 12   -85.4263     2.5892   -83.1594     1.9276    40.2986     9.7397   -42.5365     9.6950
 13   -84.6906     2.7995   -82.9864     1.8065    38.5066     9.6495   -40.1818    10.0853
 14   -84.1174     2.8341   -82.8061     1.7109    35.9554    10.2881   -37.2376    11.0387
 15   -83.6871     2.7752   -82.5841     1.6535    33.4402    10.8184   -34.5141    11.6309
 16   -83.3157     2.7001   -82.6235     1.5487    32.3303    10.3603   -32.9934    11.2968
 17   -83.0340     2.5982   -82.5722     1.4584    32.3516     9.7319   -32.7843    10.6197
 18   -82.5105     2.6640   -82.1144     1.6519    30.7098     9.7452   -31.0768    10.5788
 19   -82.4462     2.5231   -81.7889     1.6927    30.0549     9.3106   -30.6831    10.0375
 20   -82.6560     2.4301   -81.7616     1.6068    31.0753     9.0655   -31.9406     9.8489
 21   -83.0880     2.4678   -81.9586     1.5783    32.8666     9.3377   -33.9670    10.2072
 22   -83.4820     2.4814   -82.1171     1.5379    34.3474     9.3827   -35.6832    10.3198
 23   -83.6931     2.4083   -82.1724     1.4737    35.2374     9.1405   -36.7290    10.0803
 24   -83.9136     2.3476   -82.1730     1.4110    34.7884     8.7973   -36.4999     9.6620
 25   -83.4334     2.4480   -81.9152     1.4483    34.6559     8.4422   -36.1451     9.2946
 26   -83.2257     2.3884   -81.8453     1.3985    34.6440     8.1111   -35.9953     8.9350
 27   -83.0320     2.3306   -81.6910     1.3806    33.6865     8.0364   -34.9984     8.8258
 28   -82.7732     2.3047   -81.6020     1.3423    33.4003     7.7652   -34.5425     8.5535
 29   -82.8116     2.2251   -81.5795     1.2959    33.4458     7.4932   -34.6488     8.2560
 30   -83.0047     2.1841   -81.6537     1.2607    34.6742     7.6447   -35.9961     8.4190
 31   -83.1723     2.1389   -81.6753     1.2202    35.2838     7.4938   -36.7517     8.2819
 32   -83.2228     2.0734   -81.7539     1.1918    35.7250     7.3093   -37.1649     8.0614
 33   -83.2900     2.0141   -81.7256     1.1565    35.7501     7.0845   -37.2853     7.8170
 34   -83.4565     1.9821   -81.7908     1.1295    36.1054     6.9096   -37.7419     7.6384
 35   -83.7285     2.0001   -81.8553     1.1044    37.1413     7.0219   -38.9853     7.8227
 36   -83.8687     1.9639   -81.9520     1.0905    38.3986     7.2727   -40.2862     8.0352
 37   -83.9311     1.9141   -81.9840     1.0626    38.6328     7.0889   -40.5508     7.8329
 38   -83.9339     1.8631   -81.9919     1.0344    39.0897     6.9600   -41.0026     7.6774
 39   -84.0881     1.8407   -81.9574     1.0098    39.8075     6.9296   -41.9091     7.6946
 40   -84.2630     1.8279   -81.8770     0.9973    40.3535     6.8418   -42.7105     7.6691
 41   -84.0822     1.8191   -81.8197     0.9794    40.0764     6.6958   -42.3098     7.5225
 42   -84.0453     1.7768   -81.9117     0.9734    40.5363     6.5989   -42.6407     7.3710
 43   -84.0664     1.7355   -81.8450     0.9598    40.6410     6.4470   -42.8334     7.2078
 44   -84.0939     1.6965   -81.7983     0.9424    40.6968     6.2998   -42.9632     7.0469
 45   -83.9286     1.6910   -81.8234     0.9226    40.2751     6.2157   -42.3512     6.9964
 46   -83.7929     1.6759   -81.7983     0.9037    39.3369     6.3620   -41.3024     7.1570
 47   -83.7024     1.6498   -81.8348     0.8873    38.5619     6.4153   -40.4004     7.2316
 48   -83.4629     1.6846   -81.7373     0.8902    38.1979     6.3223   -39.8944     7.1514
 49   -83.3200     1.6744   -81.6360     0.8950    37.8100     6.2403   -39.4649     7.0564
 50   -83.3689     1.6435   -81.6642     0.8788    38.1411     6.1500   -39.8167     6.9495
 
 Mesh error is    0.502 kcal/mol
