 ERmod 0.3.7, Copyright (C) 2000-2019 Nobuyuki Matubayasi
                            2010-2019 Shun Sakuraba
 ERmod comes with ABSOLUTELY NO WARRANTY.
 This is free software, and you can redistribute it
 and/or modify it under certain conditions.
 See LICENSE file for details.
 ERmod 0.3.7, Copyright (C) 2000-2019 Nobuyuki Matubayasi
                            2010-2019 Shun Sakuraba
 ERmod comes with ABSOLUTELY NO WARRANTY.
 This is free software, and you can redistribute it
 and/or modify it under certain conditions.
 See LICENSE file for details.
 
  Number of the   1-th solvent  =        10000
 
  Be sure that the solvent distribution is homogeneous (radial distribution function is essentially unity) when the solvent molecule is separated beyond distance of   10.0 Angstrom in any direction from any atom within the solute molecule
 
  LJ long-range correction    =        -1.3390
 
  Self-energy of the solute   =        -0.0027  kcal/mol
 
 
 cumulative average & 95% error for solvation energy
  1   -88.9414
  2   -88.8155     0.2518
  3   -88.8121     0.1455
  4   -88.8366     0.1140
  5   -88.8259     0.0908
  6   -88.7904     0.1028
  7   -88.7698     0.0961
  8   -88.7690     0.0833
  9   -88.7829     0.0784
 10   -88.7795     0.0705
 
 
 group  inft  solvation free energy     error          difference
   1      0        -19.93103           0.05170           0.01222
   1     60        -19.96237           0.05170          -0.01913
   1     80        -20.33071           0.05165          -0.38746
   1    100        -21.89333           0.05181          -1.95009
   2      0        -19.93624           0.05256           0.00700
   3      0        -19.94324           0.05181           0.00000
   4      0        -19.90854           0.05205           0.03470
   5      0        -19.92288           0.05312           0.02037
   5     60        -19.96670           0.05309          -0.02346
   5     80        -20.43927           0.05301          -0.49603
   5    100        -21.88487           0.05315          -1.94163
 
 
 group  inft   Estimated free energy (kcal/mol)
   1      0     -20.0496     -19.8609     -19.8654     -20.0388     -19.9219
                -19.8214     -19.8571     -19.9466     -20.0173     -19.9313
   1     60     -20.0809     -19.8922     -19.8969     -20.0701     -19.9532
                -19.8528     -19.8883     -19.9780     -20.0487     -19.9625
   1     80     -20.4494     -20.2607     -20.2660     -20.4391     -20.3214
                -20.2211     -20.2570     -20.3460     -20.4162     -20.3302
   1    100     -22.0143     -21.8233     -21.8308     -22.0039     -21.8834
                -21.7834     -21.8198     -21.9065     -21.9768     -21.8911
   2      0     -20.0585     -19.8646     -19.8720     -20.0451     -19.9259
                -19.8232     -19.8626     -19.9540     -20.0225     -19.9339
   3      0     -20.0648     -19.8754     -19.8825     -20.0484     -19.9277
                -19.8333     -19.8661     -19.9667     -20.0294     -19.9380
   4      0     -20.0324     -19.8363     -19.8486     -20.0135     -19.9023
                -19.7976     -19.8317     -19.9226     -19.9943     -19.9061
   5      0     -20.0490     -19.8519     -19.8568     -20.0327     -19.9105
                -19.8102     -19.8470     -19.9405     -20.0077     -19.9225
   5     60     -20.0927     -19.8957     -19.9008     -20.0765     -19.9544
                -19.8541     -19.8908     -19.9843     -20.0515     -19.9663
   5     80     -20.5654     -20.3684     -20.3745     -20.5497     -20.4267
                -20.3268     -20.3634     -20.4564     -20.5232     -20.4383
   5    100     -22.0129     -21.8139     -21.8221     -21.9971     -21.8713
                -21.7721     -21.8093     -21.9002     -21.9671     -21.8826
 
 
 cumulative average & 95% error for solvation free energy
  1   -20.0648
  2   -19.9701     0.1893
  3   -19.9409     0.1239
  4   -19.9678     0.1028
  5   -19.9598     0.0812
  6   -19.9387     0.0786
  7   -19.9283     0.0696
  8   -19.9331     0.0610
  9   -19.9438     0.0579
 10   -19.9432     0.0518
