 ERmod 0.3.7, Copyright (C) 2000-2019 Nobuyuki Matubayasi
                            2010-2019 Shun Sakuraba
 ERmod comes with ABSOLUTELY NO WARRANTY.
 This is free software, and you can redistribute it
 and/or modify it under certain conditions.
 See LICENSE file for details.
 ERmod 0.3.7, Copyright (C) 2000-2019 Nobuyuki Matubayasi
                            2010-2019 Shun Sakuraba
 ERmod comes with ABSOLUTELY NO WARRANTY.
 This is free software, and you can redistribute it
 and/or modify it under certain conditions.
 See LICENSE file for details.
 
  Number of the   1-th solvent  =        10000
 
  Be sure that the solvent distribution is homogeneous (radial distribution function is essentially unity) when the solvent molecule is separated beyond distance of   10.0 Angstrom in any direction from any atom within the solute molecule
 
  LJ long-range correction    =        -7.8269
 
  Self-energy of the solute   =        -0.0057  kcal/mol
 
 
 cumulative average & 95% error for solvation energy
  1  -469.7988
  2  -469.1326     1.3324
  3  -469.2187     0.7883
  4  -469.3319     0.6016
  5  -469.4669     0.5386
  6  -469.4341     0.4446
  7  -469.4428     0.3762
  8  -469.4017     0.3360
  9  -469.3502     0.3137
 10  -469.3797     0.2867
 
 
 group  inft  solvation free energy     error          difference
   1      0        -92.64460           0.13851           0.02883
   1     60        -92.77654           0.13848          -0.10311
   1     80        -94.33832           0.13900          -1.66489
   1    100       -101.36047           0.14117          -8.68704
   2      0        -92.68984           0.14076          -0.01641
   3      0        -92.67343           0.14129           0.00000
   4      0        -92.63134           0.13916           0.04208
   5      0        -92.66356           0.13788           0.00986
   5     60        -92.83994           0.13791          -0.16651
   5     80        -94.82345           0.13854          -2.15002
   5    100       -101.35984           0.13995          -8.68642
 
 
 group  inft   Estimated free energy (kcal/mol)
   1      0     -92.8470     -92.2585     -92.5491     -92.8805     -92.9170
                -92.6517     -92.6913     -92.4564     -92.4232     -92.7712
   1     60     -92.9792     -92.3905     -92.6808     -93.0124     -93.0488
                -92.7835     -92.8230     -92.5890     -92.5550     -92.9031
   1     80     -94.5415     -93.9519     -94.2448     -94.5742     -94.6137
                -94.3435     -94.3854     -94.1474     -94.1163     -94.4645
   1    100    -101.5679    -100.9720    -101.2705    -101.6015    -101.6417
               -101.3679    -101.4045    -101.1607    -101.1329    -101.4850
   2      0     -92.8925     -92.2918     -92.5840     -92.9397     -92.9768
                -92.6997     -92.7412     -92.5090     -92.4767     -92.7870
   3      0     -92.8819     -92.2692     -92.5761     -92.9274     -92.9493
                -92.6766     -92.7111     -92.5061     -92.4499     -92.7866
   4      0     -92.8368     -92.2376     -92.5252     -92.8787     -92.9076
                -92.6268     -92.6803     -92.4558     -92.4217     -92.7430
   5      0     -92.8606     -92.2628     -92.5744     -92.8910     -92.9266
                -92.6601     -92.7382     -92.5024     -92.4335     -92.7861
   5     60     -93.0369     -92.4391     -92.7510     -93.0673     -93.1033
                -92.8363     -92.9145     -92.6788     -92.6097     -92.9624
   5     80     -95.0224     -94.4215     -94.7356     -95.0511     -95.0896
                -94.8186     -94.8976     -94.6599     -94.5928     -94.9455
   5    100    -101.5623    -100.9573    -101.2740    -101.5904    -101.6319
               -101.3530    -101.4306    -101.1902    -101.1267    -101.4820
 
 
 cumulative average & 95% error for solvation free energy
  1   -92.8819
  2   -92.5756     0.6127
  3   -92.5758     0.3538
  4   -92.6637     0.3057
  5   -92.7208     0.2630
  6   -92.7134     0.2152
  7   -92.7131     0.1819
  8   -92.6872     0.1658
  9   -92.6609     0.1554
 10   -92.6734     0.1413
