 ERmod 0.3.7, Copyright (C) 2000-2019 Nobuyuki Matubayasi
                            2010-2019 Shun Sakuraba
 ERmod comes with ABSOLUTELY NO WARRANTY.
 This is free software, and you can redistribute it
 and/or modify it under certain conditions.
 See LICENSE file for details.
 ERmod 0.3.7, Copyright (C) 2000-2019 Nobuyuki Matubayasi
                            2010-2019 Shun Sakuraba
 ERmod comes with ABSOLUTELY NO WARRANTY.
 This is free software, and you can redistribute it
 and/or modify it under certain conditions.
 See LICENSE file for details.
 
  Number of the   1-th solvent  =        10000
 
  Be sure that the solvent distribution is homogeneous (radial distribution function is essentially unity) when the solvent molecule is separated beyond distance of   10.0 Angstrom in any direction from any atom within the solute molecule
 
  LJ long-range correction    =        -7.8269
 
  Self-energy of the solute   =         0.0052  kcal/mol
 
 
 cumulative average & 95% error for solvation energy
  1  -485.3051
  2  -485.4504     0.2906
  3  -485.5969     0.3377
  4  -485.6329     0.2494
  5  -485.6181     0.1954
  6  -485.6304     0.1614
  7  -485.5832     0.1659
  8  -485.5382     0.1695
  9  -485.5438     0.1499
 10  -485.5404     0.1342
 
 
 group  inft  solvation free energy     error          difference
   1      0        -99.21576           0.08290           0.20814
   1     60        -99.35814           0.08299           0.06576
   1     80       -101.14739           0.08303          -1.72348
   1    100       -108.92723           0.08346          -9.50333
   2      0        -99.33090           0.07604           0.09300
   3      0        -99.42390           0.08168           0.00000
   4      0        -99.34487           0.07989           0.07903
   5      0        -99.41311           0.07975           0.01079
   5     60        -99.62235           0.07967          -0.19845
   5     80       -101.93797           0.07925          -2.51406
   5    100       -109.16523           0.07900          -9.74133
 
 
 group  inft   Estimated free energy (kcal/mol)
   1      0     -98.9896     -99.3238     -99.3553     -99.3474     -99.2917
                -99.1592     -99.0840     -99.1602     -99.3361     -99.1103
   1     60     -99.1321     -99.4661     -99.4977     -99.4904     -99.4342
                -99.3014     -99.2256     -99.3030     -99.4785     -99.2525
   1     80    -100.9206    -101.2514    -101.2887    -101.2811    -101.2226
               -101.0920    -101.0147    -101.0918    -101.2683    -101.0427
   1    100    -108.6992    -109.0238    -109.0706    -109.0666    -108.9987
               -108.8804    -108.7883    -108.8674    -109.0505    -108.8269
   2      0     -99.1397     -99.4434     -99.4383     -99.4637     -99.3936
                -99.2644     -99.2138     -99.3069     -99.4430     -99.2024
   3      0     -99.2094     -99.5517     -99.5537     -99.5426     -99.4951
                -99.3562     -99.3050     -99.4019     -99.5387     -99.2846
   4      0     -99.1332     -99.4685     -99.4793     -99.4723     -99.4026
                -99.2836     -99.2300     -99.3193     -99.4480     -99.2120
   5      0     -99.2194     -99.5433     -99.5600     -99.5354     -99.4596
                -99.3399     -99.2954     -99.3816     -99.5192     -99.2773
   5     60     -99.4289     -99.7522     -99.7690     -99.7450     -99.6685
                -99.5492     -99.5046     -99.5909     -99.7284     -99.4868
   5     80    -101.7453    -102.0653    -102.0858    -102.0606    -101.9825
               -101.8683    -101.8192    -101.9048    -102.0436    -101.8042
   5    100    -108.9721    -109.2889    -109.3163    -109.2888    -109.2053
               -109.0998    -109.0444    -109.1297    -109.2711    -109.0358
 
 
 cumulative average & 95% error for solvation free energy
  1   -99.2094
  2   -99.3806     0.3423
  3   -99.4383     0.2288
  4   -99.4644     0.1700
  5   -99.4705     0.1323
  6   -99.4515     0.1145
  7   -99.4305     0.1054
  8   -99.4270     0.0916
  9   -99.4394     0.0845
 10   -99.4239     0.0817
 
 Warning: mesh error is    0.208 kcal/mol and is larger than the 95% error of    0.082 kcal/mol
