 ERmod 0.3.8, Copyright (C) 2000-2019 Nobuyuki Matubayasi
                            2010-2019 Shun Sakuraba
 ERmod comes with ABSOLUTELY NO WARRANTY.
 This is free software, and you can redistribute it
 and/or modify it under certain conditions.
 See LICENSE file for details.
 ERmod 0.3.8, Copyright (C) 2000-2019 Nobuyuki Matubayasi
                            2010-2019 Shun Sakuraba
 ERmod comes with ABSOLUTELY NO WARRANTY.
 This is free software, and you can redistribute it
 and/or modify it under certain conditions.
 See LICENSE file for details.
 
  Number of the   1-th solvent  =          792
  Number of the   2-th solvent  =          792
  Number of the   3-th solvent  =        10000
 
  Be sure that the solvent distribution is homogeneous (radial distribution function is essentially unity) when the solvent molecule is separated beyond distance of   10.0 Angstrom in any direction from any atom within the solute molecule
 
  LJ long-range correction    =        -1.3175     -0.2494     -7.0203
 
  Self-energy of the solute   =        -0.0030  kcal/mol
 
 
 cumulative average & 95% error for solvation energy
              total             1st component         2nd component         3rd component
  1  -544.8055             -200.3992             -112.8213             -231.5820
  2  -544.3808     0.8495  -205.8957    10.9930  -106.2103    13.2220  -232.2718     1.3795
  3  -545.1225     1.5624  -206.6896     6.5424  -108.1217     8.5374  -230.3082     4.0070
  4  -547.3968     4.6808  -210.9727     9.7356  -117.6752    20.0381  -218.7459    23.2977
  5  -549.4277     5.4447  -212.8004     8.3804  -124.3591    20.4844  -212.2653    22.2185
  6  -549.6198     4.4621  -212.9303     6.8475  -127.8145    18.0970  -208.8719    19.3692
  7  -549.0041     3.9671  -211.9454     6.1133  -126.1840    15.6385  -210.8717    16.8515
  8  -548.5350     3.5614  -211.4370     5.3910  -123.7507    14.3912  -213.3442    15.4089
  9  -548.2082     3.2082  -211.7022     4.7839  -122.4835    12.9424  -214.0194    13.6563
 10  -548.7557     3.0713  -212.4623     4.5409  -124.4162    12.2043  -211.8742    12.9462
 11  -549.0866     2.8558  -210.7748     5.3161  -127.6841    12.8289  -210.6247    11.9740
 12  -549.1598     2.6111  -210.2986     4.9455  -127.8796    11.7176  -210.9785    10.9536
 13  -548.6656     2.5972  -211.2181     4.9068  -124.2169    13.0323  -213.2277    11.0343
 14  -547.6642     3.1295  -212.5530     5.2693  -118.1447    17.1191  -216.9634    12.6565
 15  -546.6991     3.4948  -212.5240     4.9058  -112.8131    19.1753  -221.3589    14.7007
 16  -545.8609     3.6739  -212.8353     4.6310  -108.4104    19.9816  -224.6122    15.2128
 17  -545.1428     3.7379  -214.1151     5.0472  -104.0284    20.7147  -226.9963    15.0645
 18  -544.4236     3.8064  -214.0466     4.7605  -100.2674    20.9286  -230.1066    15.5055
 19  -543.9114     3.7434  -214.6125     4.6430   -96.8820    20.9222  -232.4138    15.3755
 20  -543.7965     3.5587  -214.8645     4.4335   -96.1662    19.9002  -232.7627    14.6031
 21  -543.4338     3.4618  -214.4825     4.2858   -95.0291    19.0650  -233.9192    14.0816
 22  -543.5129     3.3045  -213.9911     4.2028   -95.6900    18.2257  -233.8288    13.4275
 23  -543.6749     3.1742  -214.0316     4.0168   -96.6895    17.5296  -232.9508    12.9501
 24  -543.7754     3.0457  -214.0249     3.8458   -97.4522    16.8525  -232.2953    12.4678
 25  -543.8941     2.9309  -214.4188     3.7720   -97.8349    16.1825  -231.6374    12.0309
 26  -544.0416     2.8314  -214.0655     3.6922   -98.6650    15.6360  -231.3081    11.5777
 27  -544.3354     2.7871  -213.3350     3.8416  -100.6152    15.5431  -230.3822    11.2935
 28  -544.7083     2.7873  -213.3559     3.7021  -102.5231    15.4561  -228.8263    11.3188
 29  -545.1672     2.8418  -213.0284     3.6317  -105.3964    15.9825  -226.7394    11.6919
 30  -545.3057     2.7594  -212.9546     3.5116  -106.1191    15.5081  -226.2289    11.3415
 31  -545.2497     2.6713  -213.1850     3.4276  -105.7570    15.0170  -226.3046    10.9706
 32  -545.2798     2.5871  -213.6772     3.4617  -105.4851    14.5503  -226.1144    10.6291
 33  -545.4399     2.5279  -213.8376     3.3704  -105.7999    14.1165  -225.7994    10.3212
 34  -545.6950     2.5049  -213.6100     3.3013  -107.2926    14.0167  -224.7893    10.2148
 35  -545.9647     2.4914  -213.7333     3.2151  -108.7191    13.9061  -223.5093    10.2437
 36  -546.2051     2.4685  -214.1089     3.2136  -109.7926    13.6838  -222.3006    10.2444
 37  -546.2475     2.4023  -213.7820     3.1931  -110.2122    13.3352  -222.2502     9.9642
 38  -546.2596     2.3384  -214.0022     3.1390  -110.1529    12.9801  -222.1014     9.7030
 39  -546.2626     2.2776  -214.3282     3.1262  -109.9874    12.6472  -221.9439     9.4561
 40  -546.4259     2.2439  -214.0860     3.0853  -111.0596    12.5121  -221.2773     9.3126
 41  -546.6074     2.2183  -214.1025     3.0093  -112.0106    12.3505  -220.4912     9.2177
 42  -546.7894     2.1953  -214.2126     2.9450  -113.0674    12.2367  -219.5063     9.2087
 43  -546.9339     2.1630  -214.4229     2.9063  -113.9414    12.0760  -218.5665     9.1864
 44  -547.1119     2.1430  -214.4790     2.8417  -114.7170    11.8999  -217.9129     9.0699
 45  -547.1925     2.1011  -214.7209     2.8196  -114.8704    11.6365  -217.5983     8.8883
 46  -547.1313     2.0585  -214.5038     2.7916  -114.6541    11.3889  -217.9704     8.7248
 47  -547.1731     2.0160  -214.6781     2.7538  -114.7521    11.1457  -217.7399     8.5495
 48  -547.2957     1.9887  -214.6476     2.6965  -115.5970    11.0411  -217.0481     8.4831
 49  -547.4471     1.9711  -214.5378     2.6500  -116.5902    10.9943  -216.3161     8.4362
 50  -547.6973     1.9951  -214.2704     2.6509  -118.1011    11.1880  -215.3228     8.5011
 
 
 group  inft  solvation free energy     error          difference
  total solvation free energy
   1      0        -90.60109           2.22500           0.21389
   1     60        -90.96118           2.22436          -0.14620
   1     80        -93.79103           2.22034          -2.97605
   1    100       -102.74932           2.21623         -11.93434
   2      0        -91.00105           2.25780          -0.18607
   3      0        -90.81498           2.26613           0.00000
   4      0        -91.21222           2.27444          -0.39724
   5      0        -92.68050           2.27226          -1.86552
   5     60        -93.15426           2.27145          -2.33927
   5     80        -96.57917           2.26719          -5.76418
   5    100       -104.84321           2.26399         -14.02823
 
  contribution from  1-th solvent component
   1      0       -183.19553           1.62636          -0.31470
   1     60       -183.22845           1.62633          -0.34762
   1     80       -183.49094           1.62622          -0.61011
   1    100       -184.30911           1.62668          -1.42828
   2      0       -182.72384           1.64722           0.15699
   3      0       -182.88083           1.65999           0.00000
   4      0       -182.12946           1.65862           0.75137
   5      0       -183.06193           1.66525          -0.18110
   5     60       -183.10553           1.66520          -0.22471
   5     80       -183.42324           1.66509          -0.54241
   5    100       -184.17847           1.66563          -1.29765
 
  contribution from  2-th solvent component
   1      0         41.69523           5.74187           0.52828
   1     60         41.71169           5.74198           0.54475
   1     80         41.86050           5.74341           0.69356
   1    100         42.29803           5.74951           1.13109
   2      0         40.78279           5.74561          -0.38416
   3      0         41.16694           5.74280           0.00000
   4      0         40.00653           5.74120          -1.16041
   5      0         39.49802           5.73603          -1.66893
   5     60         39.53157           5.73620          -1.63538
   5     80         39.73068           5.73806          -1.43627
   5    100         40.10382           5.74376          -1.06313
 
  contribution from  3-th solvent component
   1      0         50.90224           3.89294           0.00031
   1     60         50.55861           3.89391          -0.34332
   1     80         47.84244           3.90162          -3.05949
   1    100         39.26479           3.92049         -11.63714
   2      0         50.94302           3.89295           0.04109
   3      0         50.90193           3.89233           0.00000
   4      0         50.91373           3.89310           0.01180
   5      0         50.88644           3.89356          -0.01549
   5     60         50.42274           3.89492          -0.47919
   5     80         47.11643           3.90402          -3.78550
   5    100         39.23448           3.92124         -11.66745
 
 
 group  inft   Estimated free energy: total (kcal/mol)
   1      0     -85.4661     -89.8785     -78.6393     -99.2650     -99.3919
                -94.3119     -82.0768     -80.1951     -82.2604     -99.7257
                -98.5550     -96.9442     -88.4388     -83.2471     -78.7254
                -81.9062     -81.5465     -79.2875     -72.8604     -92.8211
                -85.7883    -100.5883     -84.5135     -84.3805     -88.1094
                -92.1854     -99.9567     -87.9726     -94.3163     -88.9681
                -95.3586     -88.8180     -93.1228     -98.9411     -99.9236
                -96.5020     -94.2235     -84.4779     -82.2864     -95.0951
                -97.0297    -100.6979     -92.5540     -97.5979     -94.3907
                -82.8636     -84.4021     -91.4859     -96.7468    -111.2149
   1     60     -85.8247     -90.2418     -78.9985     -99.6208     -99.7488
                -94.6702     -82.4348     -80.5536     -82.6200    -100.0825
                -98.9107     -97.3013     -88.8074     -83.6157     -79.0929
                -82.2744     -81.9130     -79.6559     -73.2292     -93.1912
                -86.1574    -100.9499     -84.8729     -84.7408     -88.4674
                -92.5442    -100.3159     -88.3311     -94.6762     -89.3286
                -95.7230     -89.1783     -93.4826     -99.2974    -100.2804
                -96.8562     -94.5852     -84.8372     -82.6445     -95.4512
                -97.3851    -101.0544     -92.9085     -97.9539     -94.7493
                -83.2219     -84.7607     -91.8422     -97.1023    -111.5731
   1     80     -88.6440     -93.1013     -81.8150    -102.4162    -102.5547
                -97.4856     -85.2403     -83.3672     -85.4430    -102.8919
               -101.7166    -100.1201     -91.7019     -86.5108     -81.9733
                -85.1600     -84.7876     -82.5522     -76.1191     -96.0976
                -89.0643    -103.8040     -87.6944     -87.5631     -91.2771
                -95.3748    -103.1482     -91.1448     -97.5031     -92.1523
                -98.5960     -92.0079     -96.3113    -102.1014    -103.0860
                -99.6363     -97.4375     -87.6564     -85.4561     -98.2499
               -100.1771    -103.8585     -95.6914    -100.7523     -97.5697
                -86.0380     -87.5749     -94.6367     -99.8950    -114.3947
   1    100     -97.5788    -102.1658     -90.7067    -111.2888    -111.4580
               -106.4290     -94.0899     -92.2693     -94.3667    -111.8227
               -110.6726    -109.1040    -100.8356     -95.6193     -91.0203
                -94.2052     -93.8205     -91.6840     -85.1887    -105.2474
                -98.2465    -112.8582     -96.6048     -96.4694    -100.1611
               -104.3794    -112.1616    -100.0447    -106.4501    -101.0630
               -107.7031    -100.9591    -105.2743    -111.0175    -111.9916
               -108.4542    -106.4908     -96.5585     -94.3398    -107.1459
               -109.0409    -112.7742    -104.5161    -109.6345    -106.5152
                -94.9591     -96.4683    -103.4804    -108.7446    -123.3862
   2      0     -85.7159     -90.4403     -78.8263     -99.9393    -100.1740
                -94.7292     -82.7559     -80.3218     -82.2338    -100.4092
                -98.9773     -97.1285     -88.8873     -83.6842     -79.2901
                -82.4633     -81.9396     -79.9495     -73.0030     -92.7832
                -86.1034    -100.8201     -84.8508     -84.6404     -88.1969
                -92.4496    -100.3975     -87.8182     -94.8138     -89.3051
                -96.2666     -89.4127     -93.7408     -99.5958    -100.8921
                -96.5058     -94.8436     -84.7669     -82.3611     -95.5308
                -97.4261    -101.5255     -92.9325     -97.9377     -95.0950
                -82.8668     -84.5620     -91.6354     -97.1094    -111.9985
   3      0     -85.4036     -90.2291     -78.6066     -99.8475    -100.0169
                -94.7046     -82.8895     -80.0464     -81.8079    -100.4311
                -98.8218     -96.8974     -88.5995     -83.6479     -78.9872
                -82.5170     -81.8326     -79.6895     -72.7547     -92.2090
                -85.8088    -100.5710     -84.5168     -84.5304     -87.9286
                -92.5624    -100.2577     -87.4060     -94.7235     -89.3197
                -96.1191     -89.3306     -93.7306     -99.4278    -100.7740
                -95.9180     -94.5144     -84.5224     -82.1759     -95.5671
                -97.2587    -101.4579     -92.5682     -97.9103     -94.8981
                -82.5323     -84.4085     -91.1861     -97.0143    -111.8705
   4      0     -85.6645     -90.6853     -78.8181    -100.3458    -100.4034
                -94.9089     -83.0265     -80.3851     -82.3541    -100.8000
                -99.3455     -97.3958     -88.9268     -83.9863     -79.6965
                -82.7694     -82.2825     -80.0777     -73.1744     -92.9381
                -86.3032    -101.0213     -84.9011     -84.9533     -88.3320
                -92.7901    -100.6387     -87.6900     -94.8755     -89.2771
                -96.7793     -89.7895     -94.1121     -99.9024    -100.9872
                -96.6469     -94.9264     -84.9260     -82.4168     -95.8541
                -97.7986    -101.8924     -93.1401     -98.1606     -95.6394
                -82.8212     -84.7014     -91.5873     -97.4175    -112.3453
   5      0     -86.8493     -92.3186     -80.5477    -101.8621    -101.7376
                -96.4268     -84.6263     -81.8573     -83.8264    -102.5843
               -100.6896     -99.0699     -90.3618     -85.7019     -81.0165
                -84.5630     -84.0438     -81.2834     -74.6465     -94.3543
                -87.8744    -102.7378     -86.1524     -86.3193     -89.5849
                -93.9099    -102.0343     -89.2627     -96.0181     -90.8106
                -97.8495     -91.4137     -95.5767    -101.4441    -102.6903
                -98.1449     -96.0966     -86.3007     -84.0889     -97.4462
                -99.1905    -103.5892     -94.6886     -99.8533     -97.0042
                -84.4011     -86.2071     -92.8473     -98.3156    -113.8049
   5     60     -87.3214     -92.7973     -81.0194    -102.3297    -102.2070
                -96.8982     -85.0948     -82.3288     -84.2991    -103.0538
               -101.1578     -99.5400     -90.8483     -86.1882     -81.4999
                -85.0491     -84.5271     -81.7688     -75.1321     -94.8425
                -88.3617    -103.2148     -86.6249     -86.7927     -90.0553
                -94.3827    -102.5072     -89.7329     -96.4914     -91.2841
                -98.3303     -91.8873     -96.0498    -101.9134    -103.1591
                -98.6099     -96.5733     -86.7725     -84.5597     -97.9146
                -99.6576    -104.0582     -95.1542    -100.3215     -97.4766
                -84.8715     -86.6782     -93.3154     -98.7830    -114.2761
   5     80     -90.7355     -96.2628     -84.4256    -105.7136    -105.6028
               -100.3097     -88.4806     -85.7374     -87.7133    -106.4535
               -104.5583    -102.9530     -94.3515     -89.6915     -84.9808
                -88.5393     -88.0042     -85.2754     -78.6258     -98.3593
                -91.8796    -106.6687     -90.0387     -90.2056     -93.4530
                -97.8163    -105.9406     -93.1328     -99.9112     -94.7026
               -101.8143     -95.3131     -99.4738    -105.3110    -106.5545
               -101.9710    -100.0284     -90.1795     -87.9591    -101.3039
               -103.0394    -107.4552     -98.5183    -103.7084    -100.8942
                -88.2780     -90.0819     -96.6965    -102.1630    -117.6917
   5    100     -98.9774    -104.6287     -92.6243    -113.9041    -113.8174
               -108.5656     -96.6375     -93.9545     -95.9393    -114.6875
               -112.8223    -111.2359    -102.7772     -98.0988     -93.3252
                -96.8843     -96.3398     -93.7050     -86.9878    -106.7977
               -100.3474    -115.0207     -98.2609     -98.4171    -101.6455
               -106.1333    -114.2589    -101.3322    -108.1602    -102.9266
               -110.2237    -103.5733    -107.7429    -113.5388    -114.7723
               -110.1010    -108.3787     -98.3854     -96.1494    -109.5117
               -111.2243    -115.6856    -106.6549    -111.9012    -109.1523
                -96.5034     -98.2838    -104.8545    -110.3283    -125.9824
 
 group  inft   Estimated free energy: 1-th solvent contribution (kcal/mol)
   1      0    -177.3509    -180.1749    -177.4172    -190.7431    -188.2212
               -183.4956    -181.6511    -177.7073    -180.5731    -189.2423
               -172.7415    -176.9612    -182.2849    -187.4808    -184.0930
               -190.8745    -195.0909    -178.2742    -182.2205    -182.9465
               -172.7213    -176.8969    -181.6856    -184.6774    -191.4378
               -176.7335    -173.1067    -177.1545    -171.6709    -184.0493
               -187.3897    -190.7788    -185.0498    -182.8534    -187.0453
               -192.5912    -177.5118    -188.4731    -189.1589    -180.4945
               -185.6577    -187.2055    -189.4152    -186.3105    -190.0526
               -176.5744    -185.8691    -182.0547    -183.5185    -182.0935
   1     60    -177.3842    -180.2083    -177.4502    -190.7753    -188.2538
               -183.5283    -181.6839    -177.7402    -180.6063    -189.2750
               -172.7737    -176.9942    -182.3181    -187.5142    -184.1270
               -190.9080    -195.1241    -178.3081    -182.2545    -182.9800
               -172.7548    -176.9300    -181.7184    -184.7103    -191.4705
               -176.7662    -173.1397    -177.1877    -171.7036    -184.0821
               -187.4226    -190.8117    -185.0826    -182.8859    -187.0779
               -192.6235    -177.5451    -188.5061    -189.1918    -180.5270
               -185.6902    -187.2376    -189.4474    -186.3432    -190.0854
               -176.6074    -185.9020    -182.0873    -183.5508    -182.1261
   1     80    -177.6491    -180.4740    -177.7131    -191.0327    -188.5142
               -183.7893    -181.9464    -178.0022    -180.8704    -189.5359
               -173.0307    -177.2573    -182.5820    -187.7795    -184.3970
               -191.1758    -195.3895    -178.5776    -182.5244    -183.2464
               -173.0210    -177.1927    -181.9808    -184.9731    -191.7323
               -177.0269    -173.4018    -177.4525    -171.9639    -184.3447
               -187.6860    -191.0739    -185.3450    -183.1448    -187.3378
               -192.8823    -177.8106    -188.7701    -189.4549    -180.7863
               -185.9503    -187.4944    -189.7051    -186.6033    -190.3473
               -176.8698    -186.1648    -182.3474    -183.8093    -182.3863
   1    100    -178.4715    -181.2982    -178.5309    -191.8421    -189.3294
               -184.6058    -182.7670    -178.8165    -181.6922    -190.3550
               -173.8322    -178.0749    -183.3994    -188.6007    -185.2325
               -192.0091    -196.2170    -179.4093    -183.3572    -184.0702
               -173.8422    -178.0037    -182.7992    -185.7938    -192.5549
               -177.8379    -174.2142    -178.2745    -172.7697    -185.1639
               -188.5082    -191.8937    -186.1645    -183.9555    -188.1529
               -193.6965    -178.6364    -189.5965    -190.2775    -181.5972
               -186.7651    -188.3006    -190.5138    -187.4169    -191.1656
               -177.6860    -186.9857    -183.1598    -184.6174    -183.2008
   2      0    -176.9624    -179.6737    -176.8249    -190.3471    -187.8572
               -183.1659    -181.3384    -177.1230    -179.7996    -188.8799
               -172.2583    -176.3566    -181.5719    -186.8182    -183.7286
               -190.6575    -194.6637    -177.6677    -181.5177    -182.1948
               -171.9093    -176.2735    -180.9731    -184.3476    -191.0426
               -176.1499    -172.5902    -176.5899    -171.1087    -183.8244
               -187.0445    -190.3608    -184.5572    -182.6381    -186.6827
               -192.0923    -177.0368    -188.0367    -188.6580    -180.0735
               -185.4144    -186.7792    -188.9666    -185.9773    -189.8216
               -176.0023    -185.3535    -181.5127    -183.2629    -181.7045
   3      0    -177.1178    -179.7913    -177.0819    -190.5051    -188.1233
               -183.3731    -181.6423    -177.1599    -179.8580    -189.1496
               -172.3785    -176.5438    -181.5456    -186.8169    -183.9367
               -190.9287    -194.9126    -177.7408    -181.4886    -182.2097
               -171.9090    -176.4221    -180.8696    -184.5152    -191.2686
               -176.2810    -172.8258    -176.6201    -171.2099    -184.0868
               -187.2117    -190.6159    -184.7857    -182.9067    -186.8904
               -192.2347    -177.0380    -188.2137    -188.9306    -180.2594
               -185.6074    -187.0785    -189.1305    -186.2492    -190.0294
               -176.0583    -185.5525    -181.5708    -183.4237    -181.9419
   4      0    -176.5177    -179.0883    -175.9521    -189.7546    -187.3007
               -182.6930    -180.7258    -176.4539    -179.1501    -188.2205
               -171.5848    -175.8961    -180.8621    -186.0718    -183.2471
               -190.0308    -194.0075    -176.9701    -180.8041    -181.5964
               -171.1112    -175.6783    -180.2735    -184.0071    -190.6813
               -175.5574    -171.9967    -175.8511    -170.3763    -183.3426
               -186.5369    -189.8491    -184.0246    -182.1364    -186.0536
               -191.5512    -176.3104    -187.4183    -188.1043    -179.4073
               -184.9658    -186.1896    -188.2807    -185.3097    -189.3262
               -175.3152    -184.7073    -180.9201    -183.0155    -181.2476
   5      0    -177.2905    -180.0788    -177.1153    -190.7883    -188.2008
               -183.5609    -181.8653    -177.4365    -180.0381    -189.3579
               -172.4814    -177.0421    -181.6896    -187.0415    -184.1058
               -191.3471    -195.0670    -177.7176    -181.6506    -182.4898
               -172.1562    -176.7343    -181.0225    -184.7459    -191.4250
               -176.2889    -172.9306    -176.8585    -171.1284    -184.3323
               -187.2512    -190.8460    -184.9884    -183.1746    -187.1554
               -192.4263    -177.0890    -188.3218    -189.1502    -180.4173
               -185.7831    -187.2892    -189.2944    -186.4987    -190.1528
               -176.3044    -185.6024    -181.6372    -183.5641    -182.1625
   5     60    -177.3347    -180.1230    -177.1591    -190.8309    -188.2440
               -183.6042    -181.9086    -177.4803    -180.0819    -189.4009
               -172.5242    -177.0857    -181.7337    -187.0858    -184.1510
               -191.3917    -195.1109    -177.7628    -181.6956    -182.5342
               -172.2005    -176.7782    -181.0661    -184.7895    -191.4682
               -176.3325    -172.9743    -176.9024    -171.1718    -184.3761
               -187.2949    -190.8895    -185.0318    -183.2176    -187.1983
               -192.4690    -177.1330    -188.3654    -189.1937    -180.4604
               -185.8263    -187.3317    -189.3370    -186.5418    -190.1965
               -176.3480    -185.6460    -181.6804    -183.6072    -182.2055
   5     80    -177.6560    -180.4440    -177.4775    -191.1434    -188.5588
               -183.9206    -182.2256    -177.7993    -180.4004    -189.7147
               -172.8359    -177.4025    -182.0530    -187.4072    -184.4785
               -191.7170    -195.4311    -178.0894    -182.0215    -182.8555
               -172.5201    -177.0952    -181.3840    -185.1083    -191.7851
               -176.6498    -173.2922    -177.2216    -171.4867    -184.6954
               -187.6144    -191.2071    -185.3479    -183.5313    -187.5124
               -192.7818    -177.4539    -188.6848    -189.5117    -180.7741
               -186.1423    -187.6430    -189.6488    -186.8563    -190.5152
               -176.6660    -185.9643    -181.9954    -183.9218    -182.5192
   5    100    -178.4164    -181.2031    -178.2329    -191.8930    -189.3105
               -184.6755    -182.9814    -178.5551    -181.1556    -190.4654
               -173.5771    -178.1524    -182.8075    -188.1670    -185.2525
               -192.4914    -196.1937    -178.8586    -182.7884    -183.6140
               -173.2717    -177.8420    -182.1398    -185.8673    -192.5448
               -177.4027    -174.0430    -177.9765    -172.2294    -185.4555
               -188.3756    -191.9643    -186.1006    -184.2800    -188.2634
               -193.5320    -178.2141    -189.4474    -190.2698    -181.5220
               -186.8973    -188.3881    -190.3951    -187.6065    -191.2754
               -177.4202    -186.7223    -182.7452    -184.6724    -183.2678
 
 group  inft   Estimated free energy: 2-th solvent contribution (kcal/mol)
   1      0      46.6702      45.6668      51.2943      25.9157      24.1499
                 26.6846      50.6737      51.9354      47.5850      27.5319
                 17.5289      31.5964      54.4748      75.6285      84.9429
                 82.8048      84.5483      82.2833      84.5234      50.2831
                 56.5529      39.2812      44.5732      49.0697      51.5488
                 40.6619      22.1578      28.2424       7.0457      42.0045
                 45.4204      52.9343      39.8102      20.7921      20.5189
                 29.3648      33.7611      52.6707      54.7293      24.2508
                 25.1215      18.8101      29.3994      25.7997      38.0896
                 53.9354      46.1197      25.7011      20.9054      -1.2329
   1     60      46.6876      45.6817      51.3123      25.9321      24.1661
                 26.7002      50.6913      51.9530      47.6019      27.5475
                 17.5436      31.6125      54.4892      75.6443      84.9605
                 82.8220      84.5658      82.2994      84.5407      50.2981
                 56.5671      39.2968      44.5897      49.0867      51.5672
                 40.6778      22.1731      28.2606       7.0614      42.0228
                 45.4345      52.9514      39.8264      20.8075      20.5349
                 29.3824      33.7758      52.6887      54.7476      24.2670
                 25.1383      18.8251      29.4171      25.8166      38.1051
                 53.9530      46.1372      25.7189      20.9229      -1.2190
   1     80      46.8477      45.8141      51.4818      26.0787      24.3101
                 26.8405      50.8607      52.1165      47.7570      27.6849
                 17.6742      31.7525      54.6147      75.7829      85.1234
                 82.9799      84.7251      82.4483      84.6992      50.4273
                 56.6892      39.4328      44.7437      49.2483      51.7349
                 40.8218      22.3086      28.4271       7.2015      42.1917
                 45.5580      53.1081      39.9708      20.9441      20.6771
                 29.5422      33.9064      52.8558      54.9151      24.4137
                 25.2896      18.9574      29.5756      25.9669      38.2447
                 54.1188      46.2979      25.8820      21.0810      -1.0993
   1    100      47.3261      46.1802      52.0046      26.5062      24.7290
                 27.2392      51.3954      52.6143      48.2199      28.0756
                 18.0390      32.1522      54.9616      76.1795      85.6260
                 83.4627      85.1979      82.8924      85.1781      50.7816
                 57.0204      39.8177      45.2110      49.7480      52.2453
                 41.2350      22.6910      28.9315       7.6068      42.7050
                 45.8905      53.5720      40.3897      21.3361      21.0874
                 30.0225      34.2722      53.3673      55.4227      24.8402
                 25.7359      19.3235      30.0495      26.4114      38.6459
                 54.6286      46.7843      26.3735      21.5534      -0.7781
   2      0      45.9944      44.5697      50.4709      24.8128      22.9683
                 25.9039      49.6284      51.1823      46.7978      26.4208
                 16.5813      30.7598      53.2649      74.4941      83.9742
                 81.9865      83.6749      80.9907      83.6320      49.5331
                 55.3963      38.3967      43.4851      48.4231      51.0235
                 39.7706      21.1798      27.7963       5.9607      41.4036
                 44.1279      51.8651      38.6617      19.8994      19.1619
                 28.8077      32.6209      51.8902      54.1037      23.3387
                 24.4451      17.4982      28.5243      25.0938      37.1082
                 53.3154      45.4091      24.9793      20.2591      -2.4466
   3      0      46.4943      44.9429      50.9847      25.0862      23.4290
                 26.1838      49.8434      51.5159      47.3309      26.7279
                 16.9026      31.2223      53.5488      74.5570      84.5161
                 82.2360      84.0807      81.3688      83.8876      50.1610
                 55.7257      38.8370      43.7620      48.7672      51.5603
                 39.8396      21.5831      28.2766       6.2083      41.6781
                 44.4827      52.2374      38.9404      20.3613      19.5354
                 29.5863      32.9983      52.3500      54.6063      23.5365
                 24.8520      17.9180      29.0831      25.4384      37.5437
                 53.7641      45.7988      25.5291      20.5603      -2.0326
   4      0      45.6412      43.7597      49.6190      23.8476      22.2089
                 25.2737      48.7611      50.4993      46.0549      25.4106
                 15.5559      30.0438      52.5578      73.4667      83.0998
                 81.0866      82.7308      80.1980      82.7817      48.8040
                 54.4485      37.6451      42.7581      47.8117      50.5503
                 38.8650      20.3847      27.2141       5.2046      40.9554
                 43.1453      50.9953      37.7800      19.1162      18.4761
                 28.1401      31.8050      51.1555      53.5392      22.3781
                 23.6551      16.5668      27.6629      24.2257      36.0962
                 52.6933      44.6418      24.4853      19.7362      -3.2059
   5      0      45.2413      43.1684      49.0771      23.3649      21.7957
                 24.6544      48.3278      50.0129      45.5180      24.7821
                 15.1387      29.5511      51.9506      72.7756      82.6760
                 80.6086      82.0524      79.7807      82.1895      48.3071
                 53.9336      37.0265      42.2818      47.2171      50.0709
                 38.5073      19.9622      26.6911       4.8239      40.4451
                 42.8010      50.3902      37.3100      18.6186      17.9183
                 27.5476      31.4597      50.7000      52.9546      21.8284
                 23.1131      16.0035      27.1501      23.7398      35.5895
                 52.1338      44.0640      23.9546      19.4234      -3.7315
   5     60      45.2758      43.1990      49.1138      23.3988      21.8286
                 24.6866      48.3651      50.0481      45.5523      24.8139
                 15.1693      29.5837      51.9806      72.8078      82.7117
                 80.6426      82.0871      79.8137      82.2243      48.3379
                 53.9628      37.0584      42.3157      47.2522      50.1074
                 38.5395      19.9935      26.7280       4.8566      40.4816
                 42.8305      50.4252      37.3431      18.6501      17.9514
                 27.5832      31.4903      50.7364      52.9910      21.8615
                 23.1473      16.0349      27.1855      23.7737      35.6213
                 52.1696      44.0994      23.9907      19.4587      -3.7019
   5     80      45.4888      43.3732      49.3414      23.5953      22.0215
                 24.8729      48.5982      50.2652      45.7609      24.9985
                 15.3444      29.7704      52.1485      72.9924      82.9312
                 80.8533      82.2968      80.0112      82.4353      48.5095
                 54.1254      37.2409      42.5221      47.4713      50.3327
                 38.7288      20.1737      26.9526       5.0467      40.7052
                 42.9926      50.6333      37.5351      18.8331      18.1423
                 27.7981      31.6654      50.9622      53.2160      22.0570
                 23.3489      16.2116      27.3995      23.9754      35.8071
                 52.3925      44.3154      24.2093      19.6708      -3.5401
   5    100      45.9015      43.6750      49.7961      23.9559      22.3772
                 25.2077      49.0663      50.6945      46.1605      25.3301
                 15.6519      30.1095      52.4366      73.3232      83.3669
                 81.2706      82.6970      80.3866      82.8452      48.8027
                 54.3974      37.5673      42.9206      47.9071      50.7766
                 39.0758      20.4956      27.3931       5.3938      41.1465
                 43.2606      51.0270      37.8867      19.1654      18.4886
                 28.2131      31.9720      51.4083      53.6569      22.4188
                 23.7270      16.5156      27.8102      24.3560      36.1449
                 52.8377      44.7364      24.6328      20.0779      -3.2737
 
 group  inft   Estimated free energy: 3-th solvent contribution (kcal/mol)
   1      0      45.2177      44.6326      47.4867      65.5654      64.6825
                 62.5021      48.9037      45.5798      50.7308      61.9878
                 56.6606      48.4236      39.3743      28.6082      20.4277
                 26.1666      28.9991      16.7063      24.8396      39.8453
                 30.3832      37.0304      52.6019      51.2302      51.7826
                 43.8892      50.9952      60.9425      70.3119      53.0796
                 46.6138      49.0295      52.1198      63.1233      66.6058
                 66.7274      49.5302      51.3276      52.1462      61.1517
                 63.5095      67.7005      67.4649      62.9160      57.5754
                 39.7785      55.3503      64.8708      65.8692      72.1145
   1     60      44.8749      44.2879      47.1423      65.2254      64.3420
                 62.1609      48.5609      45.2367      50.3874      61.6480
                 56.3224      48.0835      39.0245      28.2572      20.0766
                 25.8146      28.6482      16.3559      24.4876      39.4938
                 30.0333      36.6863      52.2589      50.8859      51.4389
                 43.5472      50.6536      60.5990      69.9691      52.7338
                 46.2683      48.6849      51.7767      62.7840      66.2656
                 66.3879      49.1871      50.9833      51.8027      60.8119
                 63.1698      67.3611      67.1249      62.5758      57.2340
                 39.4355      55.0072      64.5292      65.5287      71.7751
   1     80      42.1604      41.5616      44.4193      62.5407      61.6525
                 59.4662      45.8484      42.5215      47.6734      58.9621
                 53.6428      45.3878      36.2684      25.4888      17.3034
                 23.0389      25.8798      13.5802      21.7092      36.7245
                 27.2705      33.9589      49.5458      48.1648      48.7233
                 40.8333      47.9480      57.8836      67.2623      50.0038
                 43.5351      45.9609      49.0659      60.1024      63.5777
                 63.7069      46.4698      48.2610      49.0867      58.1258
                 60.4867      64.6815      64.4412      59.8871      54.5359
                 36.7160      52.2951      61.8318      62.8364      69.0938
   1    100      33.5696      32.9552      35.8226      54.0501      53.1454
                 50.9406      37.2847      33.9360      39.1087      50.4597
                 45.1236      36.8217      27.6052      16.8050       8.5891
                 14.3442      17.2017       4.8359      12.9934      28.0442
                 18.5783      25.3309      40.9863      39.5793      40.1515
                 32.2265      39.3647      49.3013      58.7158      41.3989
                 34.9177      37.3656      40.5036      51.6049      55.0769
                 55.2228      37.8765      39.6738      40.5181      49.6142
                 51.9914      56.2060      55.9513      51.3740      46.0075
                 28.1013      43.7362      53.3090      54.3224      60.5958
   2      0      45.2551      44.6668      47.5307      65.5980      64.7178
                 62.5359      48.9571      45.6219      50.7711      62.0529
                 56.7027      48.4713      39.4227      28.6429      20.4673
                 26.2108      29.0522      16.7305      24.8858      39.8815
                 30.4126      37.0598      52.6402      51.2871      51.8252
                 43.9328      51.0158      60.9784      70.3372      53.1188
                 46.6530      49.0861      52.1578      63.1460      66.6317
                 66.7819      49.5753      51.3827      52.1962      61.2071
                 63.5462      67.7584      67.5128      62.9489      57.6215
                 39.8231      55.3854      64.9010      65.8975      72.1556
   3      0      45.2229      44.6223      47.4936      65.5744      64.6804
                 62.4877      48.9125      45.6007      50.7223      61.9936
                 56.6571      48.4272      39.4003      28.6150      20.4364
                 26.1788      29.0024      16.6856      24.8493      39.8428
                 30.3775      37.0171      52.5938      51.2206      51.7828
                 43.8821      50.9881      60.9405      70.2811      53.0921
                 46.6129      49.0509      52.1178      63.1206      66.5840
                 66.7335      49.5283      51.3443      52.1514      61.1589
                 63.4998      67.7058      67.4823      62.9034      57.5907
                 39.7649      55.3482      64.8586      65.8521      72.1070
   4      0      45.2150      44.6463      47.5181      65.5643      64.6915
                 62.5134      48.9412      45.5725      50.7442      62.0130
                 56.6865      48.4595      39.3806      28.6219      20.4538
                 26.1778      28.9973      16.6974      24.8511      39.8573
                 30.3626      37.0150      52.6173      51.2452      51.8020
                 43.9053      50.9762      60.9500      70.2992      53.1132
                 46.6154      49.0673      52.1356      63.1209      66.5933
                 66.7672      49.5821      51.3399      52.1513      61.1782
                 63.5152      67.7335      67.4807      62.9264      57.5936
                 39.8037      55.3672      64.8506      65.8649      72.1112
   5      0      45.2029      44.5949      47.4936      65.5643      64.6706
                 62.4827      48.9142      45.5693      50.6967      61.9946
                 56.6562      48.4241      39.3801      28.5669      20.4163
                 26.1786      28.9738      16.6566      24.8175      39.8315
                 30.3513      36.9730      52.5914      51.2125      51.7722
                 43.8748      50.9371      60.9077      70.2894      53.0797
                 46.6036      49.0451      52.1048      63.1150      66.5498
                 66.7369      49.5357      51.3241      52.1098      61.1457
                 63.4825      67.6996      67.4587      62.9086      57.5621
                 39.7725      55.3344      64.8384      65.8281      72.0921
   5     60      44.7404      44.1297      47.0289      65.1055      64.2113
                 62.0224      48.4517      45.1065      50.2335      61.5362
                 56.2001      47.9650      38.9078      28.0929      19.9424
                 25.7030      28.4997      16.1833      24.3422      39.3568
                 29.8789      36.5080      52.1285      50.7477      51.3086
                 43.4133      50.4767      60.4446      69.8269      52.6134
                 46.1371      48.5800      51.6419      62.6571      66.0909
                 66.2790      49.0725      50.8596      51.6460      60.6873
                 63.0245      67.2417      67.0003      62.4496      57.1016
                 39.3100      54.8715      64.3774      65.3685      71.6343
   5     80      41.4348      40.8110      43.7135      61.8374      60.9375
                 58.7411      45.1499      41.7998      46.9292      58.2657
                 52.9361      44.6821      35.5561      24.7263      16.5696
                 22.3275      25.1332      12.8059      20.9635      35.9898
                 26.5182      33.1887      48.8261      47.4344      48.0025
                 40.1078      47.1809      57.1393      66.5319      49.2906
                 42.8106      45.2637      48.3419      59.3903      62.8185
                 63.0157      45.7631      47.5462      48.3395      57.4162
                 59.7570      63.9792      63.7340      59.1756      53.8169
                 35.9985      51.5700      61.0926      62.0910      68.3706
   5    100      33.5405      32.9024      35.8155      54.0360      53.1189
                 50.9052      37.2807      33.9091      39.0589      50.4509
                 45.1059      36.8099      27.5968      16.7481       8.5634
                 14.3395      17.1600       4.7701      12.9585      28.0166
                 18.5299      25.2570      40.9615      39.5461      40.1258
                 32.1967      39.2915      49.2543      58.6784      41.3854
                 34.8943      37.3670      40.4741      51.5789      55.0056
                 55.2209      37.8664      39.6568      40.4665      49.5946
                 51.9489      56.1899      55.9330      51.3524      45.9812
                 28.0822      43.7051      53.2609      54.2692      60.5622
 
 
 cumulative average & 95% error for solvation free energy
              total             1st component         2nd component         3rd component
  1   -85.4036             -177.1178               46.4943               45.2229
  2   -87.8163     4.8255  -178.4545     2.6735    45.7186     1.5514    44.9226     0.6006
  3   -84.7464     6.7424  -177.9970     1.7944    47.4740     3.6232    45.7796     1.7487
  4   -88.5217     8.9297  -181.1240     6.3814    41.8770    11.4833    50.7283     9.9743
  5   -90.8207     8.3058  -182.5239     5.6809    38.1874    11.5574    53.5187     9.5309
  6   -91.4680     6.9041  -182.6654     4.6470    36.1868    10.2498    55.0136     8.3365
  7   -90.2425     6.3289  -182.5192     3.9383    38.1378     9.5009    54.1420     7.2580
  8   -88.9680     6.0448  -181.8493     3.6644    39.8100     8.8818    53.0743     6.6384
  9   -88.1724     5.5634  -181.6281     3.2619    40.6457     8.0093    52.8130     5.8778
 10   -89.3983     5.5472  -182.3802     3.2825    39.2539     7.6855    53.7310     5.5687
 11   -90.2550     5.3021  -181.4710     3.4817    37.2220     8.0525    53.9970     5.0651
 12   -90.8085     4.9652  -181.0604     3.2828    36.7220     7.4186    53.5329     4.7161
 13   -90.6386     4.5799  -181.0977     3.0206    38.0164     7.2986    52.4458     4.8525
 14   -90.1393     4.3562  -181.5062     2.9135    40.6264     8.5387    50.7436     5.6368
 15   -89.3958     4.3194  -181.6682     2.7316    43.5524     9.8708    48.7231     6.6231
 16   -88.9659     4.1309  -182.2470     2.8051    45.9701    10.4229    47.3141     6.8062
 17   -88.5463     3.9700  -182.9921     3.0271    48.2119    10.7684    46.2369     6.7465
 18   -88.0542     3.8702  -182.7003     2.9130    50.0540    10.8003    44.5952     7.1582
 19   -87.2490     3.9994  -182.6365     2.7584    51.8347    10.8190    43.5559     7.0828
 20   -87.4970     3.8265  -182.6152     2.6172    51.7510    10.2652    43.3703     6.7296
 21   -87.4166     3.6432  -182.1054     2.6902    51.9403     9.7715    42.7516     6.5196
 22   -88.0145     3.6738  -181.8471     2.6165    51.3447     9.3926    42.4909     6.2380
 23   -87.8624     3.5236  -181.8046     2.5016    51.0150     8.9991    42.9302     6.0250
 24   -87.7236     3.3850  -181.9175     2.4057    50.9213     8.6180    43.2756     5.8097
 25   -87.7318     3.2468  -182.2915     2.4257    50.9469     8.2663    43.6159     5.6139
 26   -87.9176     3.1415  -182.0604     2.3760    50.5197     7.9878    43.6261     5.3937
 27   -88.3746     3.1580  -181.7184     2.3864    49.4480     7.9796    43.8988     5.2187
 28   -88.3400     3.0440  -181.5363     2.3283    48.6918     7.8366    44.5074     5.1741
 29   -88.5602     2.9699  -181.1802     2.3567    47.2269     8.1093    45.3962     5.2995
 30   -88.5855     2.8697  -181.2771     2.2850    47.0419     7.8431    45.6527     5.1454
 31   -88.8285     2.8178  -181.4685     2.2430    46.9594     7.5877    45.6837     4.9770
 32   -88.8442     2.7285  -181.7544     2.2458    47.1243     7.3541    45.7889     4.8236
 33   -88.9923     2.6611  -181.8462     2.1844    46.8763     7.1450    45.9807     4.6908
 34   -89.2992     2.6536  -181.8774     2.1201    46.0965     7.1050    46.4848     4.6611
 35   -89.6270     2.6588  -182.0207     2.0785    45.3376     7.0640    47.0591     4.6695
 36   -89.8018     2.6074  -182.3044     2.0981    44.9000     6.9205    47.6056     4.6677
 37   -89.9292     2.5487  -182.1620     2.0604    44.5784     6.7615    47.6575     4.5410
 38   -89.7869     2.4970  -182.3213     2.0306    44.7829     6.5939    47.7546     4.4241
 39   -89.5917     2.4632  -182.4908     2.0066    45.0348     6.4423    47.8673     4.3151
 40   -89.7411     2.4194  -182.4350     1.9590    44.4973     6.3706    48.1996     4.2580
 41   -89.9245     2.3880  -182.5124     1.9169    44.0182     6.2867    48.5728     4.2194
 42   -90.1991     2.3943  -182.6211     1.8833    43.3967     6.2598    49.0283     4.2173
 43   -90.2542     2.3405  -182.7725     1.8637    43.0638     6.1487    49.4575     4.2065
 44   -90.4282     2.3130  -182.8515     1.8277    42.6633     6.0605    49.7631     4.1550
 45   -90.5275     2.2698  -183.0110     1.8149    42.5495     5.9286    49.9370     4.0765
 46   -90.3537     2.2469  -182.8598     1.8006    42.7933     5.8188    49.7159     4.0114
 47   -90.2272     2.2131  -182.9171     1.7656    42.8572     5.6951    49.8357     3.9324
 48   -90.2472     2.1669  -182.8891     1.7293    42.4962     5.6217    50.1487     3.9002
 49   -90.3853     2.1401  -182.9000     1.6938    42.0486     5.5781    50.4692     3.8731
 50   -90.8150     2.2661  -182.8808     1.6600    41.1669     5.7428    50.9019     3.8923
 
 Mesh error is    1.866 kcal/mol
