 ERmod 0.3.8, Copyright (C) 2000-2019 Nobuyuki Matubayasi
                            2010-2019 Shun Sakuraba
 ERmod comes with ABSOLUTELY NO WARRANTY.
 This is free software, and you can redistribute it
 and/or modify it under certain conditions.
 See LICENSE file for details.
 
  Number of the   1-th solvent  =          368
  Number of the   2-th solvent  =          368
  Number of the   3-th solvent  =        10000
 
  Be sure that the solvent distribution is homogeneous (radial distribution function is essentially unity) when the solvent molecule is separated beyond distance of   10.0 Angstrom in any direction from any atom within the solute molecule
 
  LJ long-range correction    =        -0.6509     -0.1232     -7.4645
 
  Self-energy of the solute   =         0.0017  kcal/mol
 
 
 cumulative average & 95% error for solvation energy
              total             1st component         2nd component         3rd component
  1  -390.8251             -116.7162               97.3857             -371.4964
  2  -392.6211     3.5919  -116.5687     0.2949    86.7184    21.3347  -362.7724    17.4479
  3  -392.5033     2.0871  -117.3189     1.5099    85.3227    12.6299  -360.5088    11.0441
  4  -392.9171     1.6919  -117.1672     1.1100    86.4232     9.1980  -362.1748     8.4905
  5  -392.4660     1.5911  -117.1730     0.8598    88.8591     8.6311  -364.1537     7.6757
  6  -394.0607     3.4440  -116.5856     1.3686    82.7146    14.1662  -360.1914    10.1033
  7  -399.2537    10.7861  -116.4204     1.2030    72.0950    24.3814  -354.9300    13.5515
  8  -403.9751    13.2824  -116.3652     1.0476    62.3041    28.7972  -349.9158    15.4370
  9  -407.5628    13.7369  -116.6464     1.0817    55.1229    29.1767  -346.0410    15.6653
 10  -410.4531    13.5786  -116.6290     0.9681    48.9314    28.8853  -342.7572    15.4743
 11  -412.8304    13.1704  -116.8313     0.9646    43.9195    27.9846  -339.9202    15.1033
 12  -415.0797    12.8370  -117.0566     0.9891    38.6622    27.6255  -336.6871    15.2285
 13  -416.8615    12.3343  -117.1321     0.9223    34.5187    26.7289  -334.2498    14.8320
 14  -418.4388    11.8471  -117.0300     0.8780    30.8252    25.8252  -332.2358    14.3104
 15  -419.6119    11.2758  -117.1284     0.8407    28.3499    24.5463  -330.8351    13.6136
 16  -420.7658    10.7971  -116.9827     0.8388    25.7883    23.5256  -329.5731    12.9821
 17  -421.7490    10.3309  -116.9991     0.7886    23.5745    22.5377  -328.3261    12.4470
 18  -422.6386     9.9013  -116.9432     0.7518    21.3536    21.7080  -327.0507    12.0091
 19  -423.3331     9.4681  -117.0951     0.7732    20.0422    20.7005  -326.2820    11.4631
 20  -424.0083     9.0832  -117.0657     0.7359    18.7265    19.8137  -325.6708    10.9433
 21  -424.5803     8.7153  -117.1611     0.7256    17.6515    18.9689  -325.0724    10.4777
 22  -425.1559     8.3890  -117.2442     0.7115    16.6207    18.2032  -324.5342    10.0479
 23  -425.6633     8.0800  -117.2287     0.6805    15.6460    17.5027  -324.0824     9.6436
 24  -426.1209     7.7899  -117.1827     0.6580    14.6463    16.8764  -323.5862     9.2862
 25  -426.5866     7.5297  -117.2270     0.6373    13.4258    16.3703  -322.7871     9.0493
 26  -426.9974     7.2808  -117.2789     0.6211    12.6941    15.7960  -322.4143     8.7262
 27  -427.4203     7.0568  -117.1994     0.6185    11.7352    15.3202  -321.9578     8.4462
 28  -427.7709     6.8362  -117.2330     0.5997    11.1219    14.8138  -321.6615     8.1605
 29  -428.0682     6.6230  -117.2333     0.5787    10.6230    14.3286  -321.4596     7.8845
 30  -428.3491     6.4230  -117.2585     0.5613    10.0973    13.8827  -321.1896     7.6362
 31  -428.6343     6.2385  -117.1962     0.5570     9.6080    13.4630  -321.0478     7.3912
 32  -428.8640     6.0578  -117.1932     0.5394     9.1472    13.0680  -320.8198     7.1710
 33  -429.0871     5.8883  -117.2437     0.5325     8.7930    12.6856  -320.6381     6.9598
 34  -429.3067     5.7294  -117.1237     0.5696     8.2820    12.3492  -320.4667     6.7607
 35  -429.5851     5.5911  -117.0955     0.5560     7.4924    12.0947  -319.9837     6.6354
 36  -430.0113     5.5000  -117.0550     0.5463     5.6617    12.3110  -318.6197     7.0018
 37  -430.2346     5.3679  -117.0070     0.5399     5.1023    12.0258  -318.3316     6.8342
 38  -430.3841     5.2333  -116.9493     0.5381     4.8599    11.7151  -318.2964     6.6523
 39  -430.5253     5.1051  -116.9049     0.5316     4.5792    11.4246  -318.2013     6.4823
 40  -430.6701     4.9843  -116.9499     0.5258     4.3652    11.1435  -318.0872     6.3223
 41  -430.8446     4.8737  -116.8768     0.5333     4.0343    10.8885  -318.0037     6.1684
 42  -430.9861     4.7647  -116.8319     0.5281     3.7885    10.6374  -317.9445     6.0209
 43  -431.1146     4.6596  -116.8150     0.5168     3.5835    10.3952  -317.8848     5.8804
 44  -431.2505     4.5606  -116.7589     0.5172     3.3239    10.1694  -317.8172     5.7468
 45  -431.3791     4.4655  -116.7654     0.5058     3.1065     9.9504  -317.7218     5.6209
 46  -431.5466     4.3802  -116.7451     0.4963     2.5656     9.7916  -317.3689     5.5425
 47  -431.6718     4.2933  -116.7108     0.4905     2.2688     9.5994  -317.2315     5.4302
 48  -431.8082     4.2118  -116.7318     0.4820     2.0231     9.4101  -317.1012     5.3223
 49  -431.9621     4.1364  -116.7294     0.4720     1.5132     9.2723  -316.7476     5.2603
 50  -432.1363     4.0677  -116.7474     0.4639     0.9999     9.1428  -316.3906     5.2032
 
 
 group  inft  solvation free energy     error          difference
  total solvation free energy
   1      0        -52.29025           0.47035           0.48749
   1     60        -52.47353           0.47046           0.30421
   1     80        -54.12035           0.47063          -1.34262
   1    100        -61.23897           0.46945          -8.46123
   2      0        -51.95929           0.47759           0.81845
   3      0        -52.77774           0.47417           0.00000
   4      0        -51.99289           0.48213           0.78485
   5      0        -53.25656           0.47817          -0.47882
   5     60        -53.49812           0.47837          -0.72039
   5     80        -55.57820           0.47922          -2.80046
   5    100        -62.25376           0.48048          -9.47602
 
  contribution from  1-th solvent component
   1      0       -104.58994           0.31757          -0.18776
   1     60       -104.59746           0.31755          -0.19528
   1     80       -104.66354           0.31731          -0.26135
   1    100       -104.95909           0.31675          -0.55691
   2      0       -104.43107           0.32569          -0.02888
   3      0       -104.40219           0.32258           0.00000
   4      0       -104.37900           0.33827           0.02318
   5      0       -105.63722           0.33346          -1.23504
   5     60       -105.64790           0.33345          -1.24571
   5     80       -105.73075           0.33314          -1.32856
   5    100       -106.00407           0.33264          -1.60188
 
  contribution from  2-th solvent component
   1      0         52.37988           4.32467           0.75813
   1     60         52.38519           4.32461           0.76345
   1     80         52.48826           4.32423           0.86651
   1    100         52.88054           4.32139           1.25879
   2      0         52.52231           4.30237           0.90057
   3      0         51.62175           4.29667           0.00000
   4      0         52.42659           4.30153           0.80484
   5      0         52.34222           4.29834           0.72047
   5     60         52.35994           4.29829           0.73819
   5     80         52.47399           4.29774           0.85224
   5    100         52.82088           4.29493           1.19913
 
  contribution from  3-th solvent component
   1      0         -0.08190           3.92783          -0.08289
   1     60         -0.26297           3.92783          -0.26396
   1     80         -1.94679           3.92958          -1.94778
   1    100         -9.16212           3.93768          -9.16311
   2      0         -0.05224           3.93427          -0.05323
   3      0          0.00099           3.93680           0.00000
   4      0         -0.04218           3.93793          -0.04317
   5      0          0.03674           3.93809           0.03575
   5     60         -0.21188           3.93823          -0.21287
   5     80         -2.32315           3.94036          -2.32414
   5    100         -9.07228           3.94799          -9.07327
 
 
 group  inft   Estimated free energy: total (kcal/mol)
   1      0     -50.1369     -50.6245     -48.9969     -50.7851     -48.5486
                -53.7083     -51.7575     -50.9636     -50.9499     -51.3073
                -52.3469     -53.7431     -54.5902     -54.1753     -52.6544
                -53.1352     -53.0032     -53.1734     -51.8861     -52.1120
                -52.9354     -51.4891     -51.4194     -53.8065     -53.4212
                -53.0874     -53.6172     -52.4388     -50.8682     -52.6223
                -50.8015     -50.5146     -51.5412     -51.7417     -54.3153
                -57.7119     -52.9887     -50.5053     -50.1609     -51.3607
                -53.0662     -52.2175     -51.2722     -51.7057     -51.6084
                -55.0784     -51.7601     -52.6440     -53.9896     -55.2250
   1     60     -50.3191     -50.8109     -49.1827     -50.9702     -48.7313
                -53.8963     -51.9409     -51.1457     -51.1321     -51.4901
                -52.5296     -53.9278     -54.7738     -54.3592     -52.8368
                -53.3188     -53.1862     -53.3574     -52.0682     -52.2948
                -53.1181     -51.6715     -51.6018     -53.9897     -53.6043
                -53.2697     -53.8007     -52.6216     -51.0505     -52.8048
                -50.9840     -50.6967     -51.7234     -51.9245     -54.4994
                -57.8968     -53.1723     -50.6881     -50.3434     -51.5435
                -53.2494     -52.4001     -51.4548     -51.8883     -51.7909
                -55.2629     -51.9435     -52.8270     -54.1738     -55.4094
   1     80     -51.9774     -52.4935     -50.8599     -52.6487     -50.3927
                -55.5851     -53.5905     -52.7800     -52.7702     -53.1321
                -54.1687     -55.5832     -56.4212     -56.0036     -54.4790
                -54.9690     -54.8291     -55.0059     -53.7034     -53.9362
                -54.7562     -53.3106     -53.2423     -55.6358     -55.2476
                -54.9126     -55.4486     -54.2613     -52.6877     -54.4448
                -52.6247     -52.3325     -53.3587     -53.5638     -56.1542
                -59.5519     -54.8220     -52.3299     -51.9794     -53.1839
                -54.8937     -54.0422     -53.0911     -53.5264     -53.4294
                -56.9200     -53.5835     -54.4693     -55.8215     -57.0630
   1    100     -59.1990     -59.7483     -58.0966     -59.9245     -57.6093
                -62.8540     -60.7241     -59.8455     -59.8564     -60.2303
                -61.2565     -62.7167     -63.5357     -63.1064     -61.5828
                -62.1013     -61.9260     -62.1270     -60.7742     -61.0392
                -61.8410     -60.3934     -60.3298     -62.7518     -62.3433
                -62.0202     -62.5720     -61.3538     -59.7662     -61.5436
                -59.7190     -59.4106     -60.4341     -60.6510     -63.2950
                -66.6792     -61.9492     -59.4271     -59.0528     -60.2818
                -62.0018     -61.1469     -60.1687     -60.6124     -60.5105
                -64.0696     -60.6708     -61.5670     -62.9342     -64.1976
   2      0     -50.2775     -51.0086     -49.0690     -50.8988     -48.5202
                -53.5031     -51.7274     -50.5404     -50.7579     -50.5916
                -52.2236     -53.6782     -54.4487     -53.9043     -52.2673
                -53.0125     -52.7882     -52.8809     -51.4281     -51.7535
                -52.4603     -50.7876     -50.9045     -53.5026     -53.3950
                -52.7632     -53.0437     -51.9522     -50.1283     -52.2303
                -50.2084     -49.8637     -51.2483     -51.2783     -54.1415
                -57.4596     -52.7134     -50.0154     -49.2312     -50.7713
                -52.6669     -52.1704     -50.8030     -51.3260     -51.2784
                -54.7548     -51.1289     -52.0767     -53.6685     -54.7119
   3      0     -51.1882     -51.8208     -49.9183     -51.7497     -49.6339
                -54.2922     -52.3569     -51.2860     -51.6628     -51.4677
                -52.7655     -54.7484     -55.5427     -54.4209     -53.1901
                -53.8350     -53.6688     -53.7545     -52.0096     -52.8715
                -53.4602     -51.5964     -51.5172     -54.1774     -54.1197
                -53.5740     -54.1960     -52.6317     -50.9932     -53.0048
                -50.9679     -50.6706     -51.8175     -52.2719     -54.8292
                -58.2271     -53.4763     -50.7087     -49.9249     -51.5268
                -53.4484     -53.0846     -51.8020     -52.4662     -52.1669
                -55.3779     -52.0172     -52.8057     -54.3078     -55.5355
   4      0     -50.5567     -51.2586     -49.1611     -50.8879     -48.5928
                -53.4725     -51.9400     -50.3178     -50.9144     -50.6289
                -52.4111     -53.8947     -54.5357     -53.6965     -52.4167
                -53.2573     -52.7958     -53.0677     -51.5507     -51.8088
                -52.5904     -50.6285     -51.0680     -53.4166     -53.5199
                -52.6634     -53.0945     -51.9275     -50.0130     -52.2080
                -50.0502     -49.8063     -51.2105     -51.2453     -54.0318
                -57.5018     -52.9802     -50.0043     -49.2366     -50.7299
                -52.6896     -52.3179     -50.7479     -51.4252     -51.3665
                -54.7306     -51.0119     -51.7266     -53.6238     -54.9120
   5      0     -51.8637     -52.5409     -50.3493     -52.1974     -49.8686
                -54.8381     -53.1956     -51.6378     -52.1118     -51.9893
                -53.5439     -55.4430     -55.9883     -55.0191     -53.6356
                -54.5645     -54.0881     -54.2209     -52.7615     -53.2688
                -53.9582     -52.0194     -52.0727     -54.6527     -54.7582
                -53.7143     -54.4600     -53.1037     -51.3525     -53.2946
                -51.3038     -51.3579     -52.2694     -52.5473     -54.8995
                -58.5858     -54.0813     -51.2138     -50.3930     -52.1464
                -53.8212     -53.5769     -52.0817     -52.8870     -52.6405
                -56.0783     -52.3519     -53.0752     -54.8276     -56.1771
   5     60     -52.1053     -52.7874     -50.5952     -52.4423     -50.1103
                -55.0869     -53.4377     -51.8774     -52.3519     -52.2301
                -53.7846     -55.6868     -56.2305     -55.2604     -53.8765
                -54.8067     -54.3294     -54.4630     -53.0014     -53.5096
                -54.1986     -52.2597     -52.3131     -54.8942     -54.9998
                -53.9554     -54.7017     -53.3443     -51.5923     -53.5351
                -51.5442     -51.5976     -52.5093     -52.7874     -55.1426
                -58.8299     -54.3234     -51.4543     -50.6327     -52.3873
                -54.0622     -53.8176     -52.3213     -53.1270     -52.8810
                -56.3217     -52.5926     -53.3161     -55.0699     -56.4203
   5     80     -54.2028     -54.9105     -52.7117     -54.5634     -52.2085
                -57.2182     -55.5242     -53.9400     -54.4200     -54.3033
                -55.8565     -57.7795     -58.3143     -57.3364     -55.9508
                -56.8948     -56.4073     -56.5469     -55.0673     -55.5830
                -56.2668     -54.3280     -54.3835     -56.9736     -57.0784
                -56.0325     -56.7830     -55.4170     -53.6587     -55.6064
                -53.6153     -53.6628     -54.5749     -54.8579     -57.2332
                -60.9190     -56.4062     -53.5253     -52.6989     -54.4598
                -56.1382     -55.8925     -54.3858     -55.1948     -54.9512
                -58.4134     -54.6653     -55.3903     -57.1503     -58.5077
   5    100     -60.9832     -61.7147     -59.4975     -61.3898     -58.9781
                -64.0331     -62.2240     -60.5596     -61.0623     -60.9567
                -62.5086     -64.4776     -64.9977     -63.9913     -62.6129
                -63.5955     -63.0696     -63.2277     -61.6984     -62.2432
                -62.9070     -60.9637     -61.0266     -63.6492     -63.7421
                -62.7056     -63.4628     -62.0711     -60.2890     -62.2630
                -60.2621     -60.2946     -61.2081     -61.5002     -63.9364
                -67.6019     -63.0874     -60.1733     -59.3295     -61.1142
                -62.8004     -62.5566     -61.0123     -61.8307     -61.5926
                -65.1189     -61.3108     -62.0455     -63.8164     -65.1947
 
 group  inft   Estimated free energy: 1-th solvent contribution (kcal/mol)
   1      0    -105.9841    -105.5772    -106.9497    -103.6166    -105.8617
               -103.6551    -103.9176    -104.0928    -105.2396    -103.5256
               -106.0862    -105.3306    -105.8807    -104.5789    -105.3522
               -102.9271    -104.2929    -103.8392    -106.3631    -104.6749
               -106.8571    -105.7343    -104.9588    -104.8079    -105.7385
               -104.8945    -103.7730    -104.6304    -104.6395    -105.6468
               -103.4367    -103.6385    -106.1748    -102.3418    -103.9582
               -103.7537    -103.8193    -103.6867    -102.6312    -105.5996
               -103.5985    -103.0821    -104.4407    -102.7063    -105.0801
               -104.1956    -103.3750    -104.6113    -104.9923    -104.9481
   1     60    -105.9917    -105.5848    -106.9574    -103.6247    -105.8694
               -103.6631    -103.9252    -104.1002    -105.2471    -103.5331
               -106.0935    -105.3383    -105.8881    -104.5864    -105.3596
               -102.9347    -104.3004    -103.8468    -106.3705    -104.6824
               -106.8643    -105.7418    -104.9663    -104.8154    -105.7457
               -104.9019    -103.7807    -104.6381    -104.6470    -105.6542
               -103.4443    -103.6461    -106.1821    -102.3494    -103.9657
               -103.7610    -103.8267    -103.6943    -102.6388    -105.6071
               -103.6059    -103.0897    -104.4482    -102.7139    -105.0875
               -104.2030    -103.3825    -104.6188    -104.9997    -104.9557
   1     80    -106.0564    -105.6494    -107.0223    -103.6950    -105.9351
               -103.7310    -103.9919    -104.1663    -105.3136    -103.5987
               -106.1581    -105.4053    -105.9520    -104.6526    -105.4254
               -103.0015    -104.3666    -103.9136    -106.4352    -104.7477
               -106.9274    -105.8082    -105.0323    -104.8812    -105.8098
               -104.9681    -103.8485    -104.7056    -104.7139    -105.7194
               -103.5115    -103.7135    -106.2460    -102.4166    -104.0325
               -103.8259    -103.8929    -103.7614    -102.7053    -105.6727
               -103.6712    -103.1569    -104.5145    -102.7817    -105.1533
               -104.2683    -103.4488    -104.6849    -105.0644    -105.0223
   1    100    -106.3476    -105.9392    -107.3162    -104.0003    -106.2284
               -104.0300    -104.2888    -104.4624    -105.6103    -103.8901
               -106.4489    -105.7048    -106.2413    -104.9502    -105.7183
               -103.2990    -104.6617    -104.2125    -106.7268    -105.0427
               -107.2171    -106.1057    -105.3292    -105.1764    -106.0986
               -105.2620    -104.1501    -105.0050    -105.0124    -106.0130
               -103.8096    -104.0126    -106.5368    -102.7172    -104.3277
               -104.1151    -104.1901    -104.0620    -102.9994    -105.9682
               -103.9653    -103.4542    -104.8135    -103.0810    -105.4498
               -104.5611    -103.7441    -104.9798    -105.3575    -105.3205
   2      0    -105.9811    -105.4890    -106.7958    -103.4146    -105.8484
               -103.5325    -103.7542    -103.9004    -105.0908    -103.3580
               -105.9480    -104.9861    -105.7855    -104.3746    -105.2779
               -102.6724    -104.1127    -103.6211    -106.2139    -104.5143
               -106.7876    -105.5730    -104.7834    -104.7140    -105.6496
               -104.7925    -103.6165    -104.3926    -104.4663    -105.5126
               -103.1698    -103.3183    -106.0620    -102.1708    -103.9322
               -103.6900    -103.6080    -103.4821    -102.3695    -105.4107
               -103.5085    -102.9469    -104.2237    -102.5533    -104.9890
               -103.9374    -103.2630    -104.4047    -104.8012    -104.7527
   3      0    -105.9930    -105.4727    -106.6920    -103.3632    -105.8191
               -103.4906    -103.7044    -103.9174    -105.0436    -103.3919
               -105.8867    -104.9089    -105.7526    -104.3159    -105.2547
               -102.6621    -104.0493    -103.6514    -106.1151    -104.5279
               -106.8318    -105.5709    -104.7124    -104.7154    -105.5925
               -104.7598    -103.6058    -104.3003    -104.4608    -105.5054
               -103.1697    -103.3214    -105.9760    -102.1634    -103.7692
               -103.6501    -103.5752    -103.4673    -102.3228    -105.3047
               -103.5416    -102.9224    -104.2314    -102.6131    -104.9680
               -103.9329    -103.2282    -104.3557    -104.8182    -104.7103
   4      0    -105.7954    -105.4817    -106.9726    -103.3522    -105.8344
               -103.4921    -103.7072    -103.7450    -105.0419    -103.2018
               -106.0330    -105.0479    -105.8583    -104.4060    -105.1992
               -102.5833    -104.0207    -103.5513    -106.3517    -104.3861
               -106.6415    -105.5573    -104.7565    -104.6607    -105.6887
               -104.6967    -103.5743    -104.5349    -104.3595    -105.5164
               -103.2383    -103.0103    -106.0197    -102.0286    -104.0665
               -103.5384    -103.6399    -103.4213    -102.3524    -105.3137
               -103.3461    -102.7431    -104.0433    -102.3062    -104.9125
               -103.8894    -103.1626    -104.4610    -104.6737    -104.7349
   5      0    -107.0836    -106.7240    -108.0906    -104.5419    -107.0881
               -104.8347    -104.9728    -105.1459    -106.2635    -104.5455
               -107.1964    -106.3978    -107.1555    -105.7148    -106.3833
               -103.9146    -105.2999    -104.7105    -107.5366    -105.8360
               -108.0433    -106.8787    -105.8917    -105.8711    -106.9272
               -105.7890    -104.8603    -105.7528    -105.7335    -106.6279
               -104.5163    -104.5313    -107.1503    -103.2632    -104.9897
               -104.6577    -104.7144    -104.7404    -103.5257    -106.7542
               -104.6064    -104.0006    -105.3547    -103.7618    -106.0960
               -105.2357    -104.4963    -105.7199    -105.9003    -106.0344
   5     60    -107.0944    -106.7347    -108.1013    -104.5532    -107.0990
               -104.8457    -104.9836    -105.1566    -106.2741    -104.5561
               -107.2070    -106.4085    -107.1659    -105.7254    -106.3940
               -103.9253    -105.3106    -104.7212    -107.5471    -105.8466
               -108.0537    -106.8894    -105.9023    -105.8817    -106.9376
               -105.7998    -104.8712    -105.7635    -105.7442    -106.6385
               -104.5270    -104.5421    -107.1608    -103.2740    -105.0004
               -104.6682    -104.7250    -104.7511    -103.5365    -106.7649
               -104.6170    -104.0113    -105.3653    -103.7726    -106.1066
               -105.2463    -104.5070    -105.7305    -105.9109    -106.0450
   5     80    -107.1749    -106.8155    -108.1817    -104.6408    -107.1809
               -104.9305    -105.0675    -105.2393    -106.3573    -104.6389
               -107.2892    -106.4920    -107.2467    -105.8076    -106.4771
               -104.0094    -105.3940    -104.8049    -107.6285    -105.9284
               -108.1328    -106.9721    -105.9851    -105.9646    -107.0187
               -105.8840    -104.9563    -105.8481    -105.8278    -106.7205
               -104.6110    -104.6264    -107.2412    -103.3580    -105.0848
               -104.7502    -104.8075    -104.8347    -103.6204    -106.8472
               -104.6989    -104.0957    -105.4478    -103.8573    -106.1891
               -105.3282    -104.5906    -105.8131    -105.9921    -106.1279
   5    100    -107.4424    -107.0837    -108.4498    -104.9215    -107.4516
               -105.2062    -105.3435    -105.5124    -106.6308    -104.9098
               -107.5632    -106.7661    -107.5164    -106.0799    -106.7506
               -104.2855    -105.6686    -105.0803    -107.8993    -106.2003
               -108.4008    -107.2455    -106.2591    -106.2391    -107.2885
               -106.1606    -105.2359    -106.1248    -106.1029    -106.9931
               -104.8856    -104.9016    -107.5108    -103.6346    -105.3610
               -105.0200    -105.0797    -105.1106    -103.8940    -107.1207
               -104.9706    -104.3715    -105.7213    -104.1333    -106.4627
               -105.5991    -104.8654    -106.0848    -106.2631    -106.4010
 
 group  inft   Estimated free energy: 2-th solvent contribution (kcal/mol)
   1      0      97.6048      86.6302      90.6454      91.6639      99.2322
                 73.2396      55.7517      50.9546      52.1551      49.1327
                 49.9817      40.2224      43.1610      43.3968      48.7016
                 44.7612      45.1875      43.1961      50.9621      50.1770
                 50.8819      51.1070      50.7146      47.3156      43.2558
                 48.7962      45.4145      49.4677      52.0966      50.0220
                 51.2264      50.4815      52.5696      48.4670      41.1839
                 19.9815      44.7097      51.9362      50.0132      51.5013
                 48.1114      49.0320      51.3243      49.0040      50.3427
                 39.3712      47.0143      47.4146      40.6314      38.8483
   1     60      97.6095      86.6343      90.6500      91.6683      99.2368
                 73.2443      55.7571      50.9603      52.1608      49.1383
                 49.9870      40.2273      43.1660      43.4021      48.7069
                 44.7664      45.1930      43.2012      50.9679      50.1826
                 50.8874      51.1127      50.7202      47.3208      43.2612
                 48.8016      45.4198      49.4731      52.1024      50.0275
                 51.2321      50.4872      52.5754      48.4724      41.1891
                 19.9865      44.7151      51.9418      50.0189      51.5069
                 48.1166      49.0373      51.3298      49.0095      50.3484
                 39.3760      47.0199      47.4200      40.6367      38.8535
   1     80      97.7073      86.7277      90.7479      91.7607      99.3369
                 73.3353      55.8593      51.0697      52.2674      49.2443
                 50.0916      40.3233      43.2651      43.5088      48.8074
                 44.8658      45.2973      43.3033      51.0747      50.2870
                 50.9937      51.2203      50.8254      47.4220      43.3612
                 48.9035      45.5223      49.5788      52.2113      50.1319
                 51.3393      50.5942      52.6843      48.5811      41.2871
                 20.0788      44.8146      52.0495      50.1289      51.6128
                 48.2208      49.1404      51.4392      49.1176      50.4568
                 39.4699      47.1304      47.5239      40.7398      38.9524
   1    100      98.0628      87.0612      91.1013      92.0871      99.7035
                 73.6586      56.2466      51.4959      52.6785      49.6535
                 50.4939      40.6807      43.6356      43.9175      49.1914
                 45.2347      45.6960      43.6879      51.4860      50.6898
                 51.4049      51.6407      51.2331      47.8069      43.7371
                 49.2931      45.9120      49.9875      52.6358      50.5357
                 51.7565      51.0092      53.1060      49.0037      41.6544
                 20.4174      45.1924      52.4690      50.5577      52.0219
                 48.6226      49.5358      51.8656      49.5382      50.8781
                 39.8172      47.5546      47.9225      41.1316      39.3230
   2      0      97.4884      86.1857      90.4624      91.3787      99.2890
                 73.3497      55.5733      51.1601      52.1533      49.6545
                 49.9521      39.9312      43.1545      43.4186      48.9623
                 44.5783      45.1722      43.2290      51.2298      50.3726
                 51.2719      51.6192      50.9887      47.4661      43.1449
                 48.9909      45.8272      49.6872      52.6168      50.2554
                 51.5350      50.7781      52.7174      48.6772      41.3037
                 20.1102      44.7048      52.1756      50.6428      51.8656
                 48.3784      48.8929      51.5495      49.1978      50.5381
                 39.4012      47.5124      47.7284      40.7171      39.1258
   3      0      96.5687      85.3244      89.4757      90.4527      98.1157
                 72.4871      54.8360      50.3742      51.1544      48.7485
                 49.2961      38.7284      41.9798      42.7859      47.9675
                 43.6929      44.1667      42.3378      50.4890      49.2084
                 50.2494      50.7582      50.2632      46.7575      42.3147
                 48.0828      44.5914      48.8482      51.6935      49.4217
                 50.6985      49.9238      51.9911      47.6339      40.3944
                 19.2416      43.8605      51.4302      49.8445      50.9495
                 47.5780      47.9045      50.4856      48.0647      49.5865
                 38.7172      46.5081      46.8799      40.0341      38.1901
   4      0      97.0183      85.9332      90.6157      91.3663      99.2405
                 73.3774      55.3031      51.1927      51.9107      49.4590
                 49.8605      39.8098      43.1480      43.6500      48.7150
                 44.2190      45.0650      42.9344      51.2498      50.1669
                 50.9808      51.7682      50.7829      47.5064      43.0647
                 48.9612      45.7215      49.8666      52.6021      50.2688
                 51.7722      50.4863      52.6881      48.5374      41.5426
                 19.8883      44.4462      52.1110      50.6146      51.8039
                 48.1551      48.4767      51.3784      48.8058      50.3565
                 39.3754      47.4898      48.1258      40.5879      38.9287
   5      0      96.9290      85.8165      90.4694      91.1883      99.1229
                 73.2703      55.2467      51.1772      51.8753      49.3446
                 49.7872      39.5428      42.9265      43.5421      48.6044
                 44.1549      44.9876      42.8635      51.1621      50.0642
                 50.9199      51.6291      50.8278      47.3973      42.9911
                 48.8998      45.5615      49.8309      52.5653      50.2018
                 51.6875      50.3908      52.6769      48.4206      41.5170
                 19.8435      44.3538      52.1398      50.5585      51.7496
                 48.2142      48.4021      51.2774      48.6963      50.1943
                 39.3022      47.4108      47.9610      40.5338      38.8809
   5     60      96.9459      85.8329      90.4865      91.2048      99.1403
                 73.2866      55.2643      51.1958      51.8935      49.3627
                 49.8050      39.5594      42.9436      43.5605      48.6216
                 44.1721      45.0056      42.8811      51.1804      50.0820
                 50.9381      51.6474      50.8458      47.4147      43.0084
                 48.9172      45.5792      49.8489      52.5839      50.2196
                 51.7057      50.4090      52.6955      48.4392      41.5340
                 19.8598      44.3710      52.1581      50.5773      51.7676
                 48.2320      48.4197      51.2961      48.7147      50.2128
                 39.3187      47.4298      47.9788      40.5515      38.8980
   5     80      97.0501      85.9332      90.5927      91.3036      99.2504
                 73.3849      55.3749      51.3192      52.0131      49.4817
                 49.9213      39.6619      43.0501      43.6795      48.7333
                 44.2779      45.1196      42.9916      51.2997      50.1981
                 51.0575      51.7692      50.9642      47.5267      43.1169
                 49.0295      45.6929      49.9664      52.7071      50.3365
                 51.8267      50.5290      52.8175      48.5604      41.6417
                 19.9603      44.4812      52.2797      50.7012      51.8861
                 48.3482      48.5331      51.4196      48.8362      50.3335
                 39.4212      47.5528      48.0947      40.6658      39.0067
   5    100      97.3513      86.2216      90.9003      91.5850      99.5726
                 73.6670      55.7084      51.7041      52.3815      49.8483
                 50.2783      39.9656      43.3677      44.0451      49.0730
                 44.5905      45.4670      43.3250      51.6667      50.5545
                 51.4269      52.1486      51.3290      47.8675      43.4426
                 49.3707      46.0391      50.3285      53.0909      50.6958
                 52.2018      50.9002      53.1955      48.9376      41.9645
                 20.2565      44.8140      52.6575      51.0874      52.2513
                 48.7062      48.8797      51.8044      49.2151      50.7064
                 39.7250      47.9316      48.4493      41.0134      39.3335
 
 group  inft   Estimated free energy: 3-th solvent contribution (kcal/mol)
   1      0     -41.7594     -31.6791     -32.6943     -38.8341     -41.9207
                -23.2945      -3.5934       2.1728       2.1329       3.0839
                  3.7559      11.3634       8.1279       7.0051       3.9945
                  5.0290       6.1005       7.4680       3.5133       2.3841
                  3.0381       3.1366       2.8232       3.6841       9.0598
                  3.0092       4.7396       2.7223       1.6729       3.0009
                  1.4070       2.6407       2.0622       2.1314       8.4572
                 26.0586       6.1191       1.2435       2.4554       2.7359
                  2.4193       1.8309       1.8425       1.9948       3.1273
                  9.7443       4.5989       4.5510      10.3695      10.8732
   1     60     -41.9386     -31.8621     -32.8770     -39.0155     -42.1003
                -23.4792      -3.7745       1.9925       1.9525       2.9029
                  3.5752      11.1815       7.9466       6.8234       3.8142
                  4.8477       5.9195       7.2865       3.3327       2.2033
                  2.8571       2.9559       2.6426       3.5032       8.8786
                  2.8289       4.5584       2.5417       1.4925       2.8202
                  1.2265       2.4606       1.8816       1.9508       8.2755
                 25.8760       5.9377       1.0627       2.2748       2.5550
                  2.2382       1.6506       1.6619       1.8144       2.9465
                  9.5624       4.4174       4.3701      10.1875      10.6911
   1     80     -43.6299     -33.5734     -34.5871     -40.7161     -43.7962
                -25.1911      -5.4597       0.3150       0.2743       1.2206
                  1.8962       9.4971       6.2641       5.1385       2.1372
                  3.1650       4.2385       5.6027       1.6555       0.5227
                  1.1758       1.2756       0.9629       1.8217       7.1993
                  1.1503       2.8759       0.8638      -0.1869       1.1410
                 -0.4542       0.7852       0.2012       0.2700       6.5895
                 24.1935       4.2547      -0.6196       0.5953       0.8744
                  0.5549      -0.0274      -0.0176       0.1360       1.2655
                  7.8767       2.7332       2.6899       8.5014       9.0052
   1    100     -50.9159     -40.8720     -41.8835     -48.0130     -51.0860
                -32.4844     -12.6836      -6.8807      -6.9263      -5.9954
                 -5.3031       2.3057      -0.9316      -2.0755      -5.0576
                 -4.0387      -2.9620      -1.6041      -5.5350      -6.6881
                 -6.0306      -5.9301      -6.2355      -5.3841       0.0165
                 -6.0530      -4.3356      -6.3380      -7.3913      -6.0680
                 -7.6675      -6.4089      -7.0051      -6.9393      -0.6234
                 17.0168      -2.9533      -7.8359      -6.6128      -6.3372
                 -6.6608      -7.2301      -7.2225      -7.0712      -5.9406
                  0.6726      -4.4830      -4.5115       1.2900       1.7982
   2      0     -41.7864     -31.7070     -32.7372     -38.8646     -41.9625
                -23.3219      -3.5482       2.1982       2.1779       3.1102
                  3.7705      11.3750       8.1806       7.0500       4.0466
                  5.0798       6.1506       7.5096       3.5543       2.3866
                  3.0536       3.1645       2.8885       3.7436       9.1080
                  3.0367       4.7438       2.7515       1.7195       3.0251
                  1.4246       2.6749       2.0946       2.2136       8.4853
                 26.1185       6.1882       1.2894       2.4938       2.7721
                  2.4616       1.8819       1.8695       2.0279       3.1708
                  9.7797       4.6200       4.5979      10.4140      10.9132
   3      0     -41.7656     -31.6742     -32.7037     -38.8408     -41.9322
                -23.2905      -3.4902       2.2556       2.2246       3.1740
                  3.8234      11.4304       8.2285       7.1074       4.0953
                  5.1326       6.2121       7.5574       3.6148       2.4463
                  3.1204       3.2146       2.9304       3.7789       9.1564
                  3.1013       4.8167       2.8187       1.7724       3.0771
                  1.5016       2.7252       2.1657       2.2559       8.5440
                 26.1796       6.2367       1.3267       2.5517       2.8267
                  2.5135       1.9317       1.9421       2.0805       3.2129
                  9.8361       4.7012       4.6684      10.4746      10.9830
   4      0     -41.7814     -31.7118     -32.8058     -38.9037     -42.0006
                -23.3595      -3.5375       2.2328       2.2151       3.1121
                  3.7597      11.3417       8.1729       7.0577       4.0658
                  5.1053       6.1582       7.5475       3.5495       2.4087
                  3.0685       3.1588       2.9040       3.7360       9.1024
                  3.0704       4.7566       2.7391       1.7427       3.0379
                  1.4142       2.7160       2.1193       2.2441       8.4903
                 26.1466       6.2118       1.3043       2.4995       2.7782
                  2.4997       1.9468       1.9153       2.0735       3.1878
                  9.7817       4.6592       4.6068      10.4603      10.8925
   5      0     -41.7108     -31.6352     -32.7298     -38.8455     -41.9051
                -23.2754      -3.4712       2.3292       2.2747       3.2100
                  3.8637      11.4103       8.2390       7.1520       4.1416
                  5.1935       6.2225       7.6244       3.6113       2.5014
                  3.1635       3.2285       2.9895       3.8194       9.1762
                  3.1731       4.8371       2.8164       1.8140       3.1298
                  1.5233       2.7809       2.2023       2.2936       8.5714
                 26.2267       6.2777       1.3851       2.5726       2.8565
                  2.5694       2.0198       1.9939       2.1768       3.2595
                  9.8535       4.7319       4.6820      10.5372      10.9747
   5     60     -41.9585     -31.8873     -32.9821     -39.0956     -42.1533
                -23.5295      -3.7200       2.0817       2.0271       2.9616
                  3.6158      11.1606       7.9902       6.9028       3.8941
                  4.9448       5.9740       7.3754       3.3636       2.2533
                  2.9153       2.9805       2.7417       3.5711       8.9277
                  2.9254       4.5886       2.5686       1.5663       2.8820
                  1.2754       2.5338       1.9543       2.0457       8.3220
                 25.9768       6.0289       1.1370       2.3248       2.6083
                  2.3210       1.7723       1.7461       1.9292       3.0112
                  9.6041       4.4829       4.4338      10.2877      10.7251
   5     80     -44.0797     -34.0299     -35.1244     -41.2279     -44.2797
                -25.6743      -5.8333      -0.0217      -0.0775       0.8522
                  1.5097       9.0489       5.8806       4.7899       1.7913
                  2.8350       3.8655       5.2647       1.2598       0.1456
                  0.8068       0.8732       0.6357       1.4626       6.8217
                  0.8204       2.4787       0.4629      -0.5397       0.7759
                 -0.8327       0.4329      -0.1529      -0.0619       6.2081
                 23.8691       3.9184      -0.9721       0.2185       0.4996
                  0.2108      -0.3317      -0.3594      -0.1754       0.9027
                  7.4919       2.3708       2.3264       8.1743       8.6118
   5    100     -50.8938     -40.8543     -41.9497     -48.0550     -51.1008
                -32.4957     -12.5906      -6.7529      -6.8147      -5.8969
                 -5.2254       2.3212      -0.8507      -1.9582      -4.9370
                 -3.9021      -2.8697      -1.4741      -5.4675      -6.5992
                 -5.9348      -5.8685      -6.0982      -5.2793       0.1020
                 -5.9174      -4.2677      -6.2766      -7.2787      -5.9674
                 -7.5801      -6.2949      -6.8945      -6.8049      -0.5417
                 17.1598      -2.8234      -7.7219      -6.5246      -6.2465
                 -6.5377      -7.0665      -7.0972      -6.9142      -5.8381
                  0.7535      -4.3787      -4.4117       1.4316       1.8711
 
 
 cumulative average & 95% error for solvation free energy
              total             1st component         2nd component         3rd component
  1   -51.1882             -105.9930               96.5687              -41.7656
  2   -51.5045     0.6327  -105.7328     0.5202    90.9466    11.2443   -36.7199    10.0914
  3   -50.9757     1.1188  -106.0525     0.7064    90.4563     6.5655   -35.3812     6.4120
  4   -51.1692     0.8807  -105.3802     1.4344    90.4554     4.6425   -36.2461     4.8528
  5   -50.8621     0.9179  -105.4680     1.1249    91.9875     4.7245   -37.3833     4.3935
  6   -51.4338     1.3671  -105.1384     1.1305    88.7374     7.5586   -35.0345     5.9107
  7   -51.5657     1.1851  -104.9336     1.0396    83.8943    11.6030   -30.5282    10.3045
  8   -51.5307     1.0287  -104.8065     0.9355    79.7043    13.0842   -26.4302    12.1165
  9   -51.5454     0.9077  -104.8329     0.8267    76.5321    13.1683   -23.2463    12.4392
 10   -51.5376     0.8120  -104.6888     0.7936    73.7538    13.0231   -20.6043    12.3170
 11   -51.6493     0.7677  -104.7977     0.7501    71.5303    12.5912   -18.3836    11.9938
 12   -51.9075     0.8706  -104.8070     0.6850    68.7968    12.7281   -15.8991    12.0236
 13   -52.1872     0.9768  -104.8797     0.6467    66.7340    12.4138   -14.0431    11.6664
 14   -52.3467     0.9590  -104.8394     0.6041    65.0234    11.9913   -12.5324    11.2156
 15   -52.4029     0.8998  -104.8671     0.5651    63.8864    11.3926   -11.4239    10.6740
 16   -52.4924     0.8605  -104.7293     0.5962    62.6243    10.9516   -10.3891    10.1968
 17   -52.5616     0.8201  -104.6893     0.5657    61.5385    10.5140    -9.4126     9.7753
 18   -52.6279     0.7845  -104.6316     0.5457    60.4718    10.1396    -8.4698     9.4072
 19   -52.5954     0.7449  -104.7097     0.5393    59.9464     9.6485    -7.8338     8.9888
 20   -52.6092     0.7072  -104.7006     0.5119    59.4095     9.2162    -7.3198     8.5892
 21   -52.6497     0.6775  -104.8021     0.5275    58.9733     8.8096    -6.8226     8.2303
 22   -52.6018     0.6531  -104.8371     0.5078    58.5999     8.4328    -6.3664     7.9001
 23   -52.5547     0.6311  -104.8316     0.4854    58.2374     8.0903    -5.9622     7.5920
 24   -52.6223     0.6192  -104.8268     0.4648    57.7591     7.8048    -5.5563     7.3140
 25   -52.6822     0.6059  -104.8574     0.4500    57.1413     7.5873    -4.9678     7.1134
 26   -52.7165     0.5861  -104.8537     0.4324    56.7929     7.3229    -4.6574     6.8624
 27   -52.7713     0.5745  -104.8075     0.4262    56.3410     7.1042    -4.3065     6.6406
 28   -52.7663     0.5537  -104.7893     0.4123    56.0734     6.8667    -4.0521     6.4192
 29   -52.7051     0.5481  -104.7780     0.3985    55.9224     6.6325    -3.8512     6.2069
 30   -52.7151     0.5299  -104.8023     0.3880    55.7057     6.4223    -3.6203     6.0142
 31   -52.6588     0.5248  -104.7496     0.3898    55.5442     6.2201    -3.4551     5.8264
 32   -52.5966     0.5231  -104.7050     0.3878    55.3685     6.0328    -3.2619     5.6545
 33   -52.5730     0.5092  -104.7435     0.3837    55.2662     5.8507    -3.0974     5.4904
 34   -52.5642     0.4943  -104.6676     0.4020    55.0417     5.6937    -2.9400     5.3358
 35   -52.6289     0.4971  -104.6419     0.3937    54.6232     5.5917    -2.6119     5.2225
 36   -52.7844     0.5746  -104.6144     0.3866    53.6404     5.7787    -1.8121     5.3214
 37   -52.8031     0.5601  -104.5863     0.3801    53.3761     5.6452    -1.5946     5.1938
 38   -52.7480     0.5562  -104.5568     0.3747    53.3249     5.4955    -1.5177     5.0576
 39   -52.6756     0.5607  -104.4996     0.3825    53.2356     5.3558    -1.4134     4.9307
 40   -52.6469     0.5495  -104.5197     0.3750    53.1785     5.2214    -1.3074     4.8105
 41   -52.6664     0.5374  -104.4958     0.3688    53.0419     5.0998    -1.2142     4.6954
 42   -52.6764     0.5248  -104.4584     0.3676    52.9196     4.9829    -1.1393     4.5847
 43   -52.6560     0.5141  -104.4531     0.3591    52.8629     4.8669    -1.0676     4.4791
 44   -52.6517     0.5023  -104.4113     0.3607    52.7539     4.7600    -0.9961     4.3785
 45   -52.6410     0.4915  -104.4236     0.3535    52.6835     4.6552    -0.9025     4.2841
 46   -52.7005     0.4952  -104.4130     0.3464    52.3799     4.5932    -0.6691     4.2159
 47   -52.6859     0.4854  -104.3878     0.3426    52.2550     4.5013    -0.5548     4.1316
 48   -52.6884     0.4752  -104.3871     0.3354    52.1430     4.4122    -0.4460     4.0504
 49   -52.7215     0.4701  -104.3959     0.3290    51.8959     4.3494    -0.2231     3.9919
 50   -52.7777     0.4742  -104.4022     0.3226    51.6217     4.2967     0.0010     3.9368
 
 Mesh error is    0.818 kcal/mol
