 ERmod 0.3.8, Copyright (C) 2000-2019 Nobuyuki Matubayasi
                            2010-2019 Shun Sakuraba
 ERmod comes with ABSOLUTELY NO WARRANTY.
 This is free software, and you can redistribute it
 and/or modify it under certain conditions.
 See LICENSE file for details.
 ERmod 0.3.8, Copyright (C) 2000-2019 Nobuyuki Matubayasi
                            2010-2019 Shun Sakuraba
 ERmod comes with ABSOLUTELY NO WARRANTY.
 This is free software, and you can redistribute it
 and/or modify it under certain conditions.
 See LICENSE file for details.
 
  Number of the   1-th solvent  =          792
  Number of the   2-th solvent  =          792
  Number of the   3-th solvent  =        10000
 
  Be sure that the solvent distribution is homogeneous (radial distribution function is essentially unity) when the solvent molecule is separated beyond distance of   10.0 Angstrom in any direction from any atom within the solute molecule
 
  LJ long-range correction    =        -1.3175     -0.2494     -7.0203
 
  Self-energy of the solute   =        -0.0089  kcal/mol
 
 
 cumulative average & 95% error for solvation energy
              total             1st component         2nd component         3rd component
  1  -564.2458             -205.6448             -105.8631             -252.7289
  2  -562.8626     2.7666  -214.3767    17.4637   -91.3987    28.9289  -257.0783     8.6987
  3  -560.8808     4.2732  -216.2525    10.7580   -79.8008    28.5833  -264.8186    16.2748
  4  -560.2333     3.2874  -215.0620     7.9710   -77.2627    20.8391  -267.8997    13.0541
  5  -559.7116     2.7519  -215.9428     6.4207   -74.4314    17.1063  -269.3284    10.5076
  6  -559.2860     2.4027  -216.4763     5.3500   -72.7093    14.3857  -270.0915     8.7141
  7  -559.9683     2.4466  -214.6539     5.8077   -78.8376    17.2639  -266.4680    10.3325
  8  -561.0417     3.0163  -214.2311     5.1002   -83.9822    18.1494  -262.8195    11.5463
  9  -561.9723     3.2466  -214.1357     4.5020   -89.3506    19.2738  -258.4770    13.3834
 10  -562.7256     3.2714  -212.8480     4.7800   -93.7748    19.3773  -256.0939    12.8845
 11  -563.4656     3.3086  -211.9260     4.7005   -98.7583    20.1631  -252.7724    13.4148
 12  -563.8701     3.1268  -211.7741     4.3016  -100.9392    18.9161  -251.1479    12.6696
 13  -564.1976     2.9499  -211.5015     3.9943  -103.0974    17.9276  -249.5898    12.0638
 14  -564.5018     2.7980  -210.5036     4.2022  -104.9100    16.9890  -249.0794    11.2155
 15  -565.1638     2.9219  -210.5951     3.9163  -108.8870    17.7034  -245.6728    12.4673
 16  -565.4339     2.7861  -210.0016     3.8509  -110.9885    17.0851  -244.4350    11.9220
 17  -565.6383     2.6488  -210.0598     3.6192  -111.6978    16.1112  -243.8717    11.2553
 18  -565.8818     2.5444  -208.4742     4.6583  -114.2687    16.0364  -243.1300    10.7148
 19  -566.2816     2.5361  -208.7652     4.4445  -116.6285    15.8862  -240.8791    11.0900
 20  -566.9148     2.7188  -207.5064     4.9109  -121.4446    17.8861  -237.9549    12.0371
 21  -567.3657     2.7388  -206.9724     4.7917  -124.7541    18.2553  -235.6303    12.3575
 22  -567.8392     2.7778  -206.7830     4.5844  -127.5256    18.2671  -233.5217    12.5144
 23  -568.3312     2.8308  -207.3049     4.5032  -130.4349    18.3991  -230.5824    13.3248
 24  -568.7212     2.8203  -207.0462     4.3425  -133.0517    18.3768  -228.6143    13.3509
 25  -569.0716     2.7944  -206.4233     4.3475  -135.8094    18.4692  -226.8299    13.2937
 26  -569.3817     2.7555  -206.5807     4.1888  -137.7839    18.1787  -225.0082    13.2817
 27  -569.7196     2.7363  -206.3716     4.0523  -140.0472    18.0687  -223.2918    13.2333
 28  -570.0425     2.7147  -206.2968     3.9077  -141.9438    17.8198  -221.7930    13.0996
 29  -570.3470     2.6892  -206.6236     3.8268  -143.7589    17.5733  -219.9556    13.1631
 30  -570.5962     2.6454  -206.2808     3.7601  -145.6991    17.4153  -218.6074    12.9995
 31  -570.8571     2.6113  -206.4657     3.6555  -147.2550    17.1292  -217.1275    12.9169
 32  -571.0581     2.5602  -206.3979     3.5420  -148.6623    16.8224  -215.9890    12.7123
 33  -571.2783     2.5202  -206.7512     3.5050  -149.7660    16.4534  -214.7521    12.5669
 34  -571.4832     2.4790  -207.0206     3.4428  -150.8017    16.0960  -213.6520    12.3887
 35  -571.7833     2.4808  -206.5239     3.4874  -153.0390    16.2573  -212.2115    12.3697
 36  -571.9523     2.4345  -206.5279     3.3892  -154.2356    15.9794  -211.1800    12.1969
 37  -572.1061     2.3877  -206.7772     3.3338  -155.0425    15.6251  -210.2775    11.9992
 38  -572.2787     2.3495  -206.8251     3.2463  -156.1649    15.3731  -209.2797    11.8484
 39  -572.4301     2.3084  -207.2581     3.2784  -156.9364    15.0531  -208.2267    11.7312
 40  -572.6229     2.2828  -207.2983     3.1964  -158.1203    14.8617  -207.1954    11.6187
 41  -572.5214     2.2356  -207.3934     3.1233  -157.5287    14.5429  -207.5904    11.3593
 42  -572.4120     2.1927  -207.6736     3.0991  -156.6745    14.2949  -208.0549    11.1244
 43  -572.2772     2.1580  -207.8511     3.0469  -156.0540    14.0135  -208.3632    10.8801
 44  -572.1514     2.1233  -207.8745     2.9772  -155.4898    13.7378  -208.7782    10.6623
 45  -572.0703     2.0820  -207.9406     2.9133  -155.1511    13.4461  -208.9696    10.4297
 46  -572.0555     2.0364  -208.0431     2.8566  -154.9534    13.1565  -209.0502    10.2017
 47  -572.2183     2.0190  -207.9769     2.7983  -155.8028    12.9851  -208.4297    10.0591
 48  -572.3540     1.9951  -207.9211     2.7417  -156.6753    12.8309  -207.7488     9.9411
 49  -572.4735     1.9685  -207.8013     2.6958  -157.4805    12.6691  -207.1827     9.8017
 50  -572.5877     1.9422  -207.5345     2.6947  -158.3149    12.5248  -206.7294     9.6464
 
 
 group  inft  solvation free energy     error          difference
  total solvation free energy
   1      0        -92.99361           1.67592           0.49419
   1     60        -93.35359           1.67546           0.13422
   1     80        -96.23603           1.67316          -2.74822
   1    100       -105.68419           1.67165         -12.19639
   2      0        -93.15795           1.69344           0.32985
   3      0        -93.48780           1.70575           0.00000
   4      0        -93.22421           1.70055           0.26359
   5      0        -91.34888           1.70799           2.13892
   5     60        -91.82296           1.70748           1.66484
   5     80        -95.33508           1.70543          -1.84728
   5    100       -104.04810           1.70502         -10.56030
 
  contribution from  1-th solvent component
   1      0       -168.78034           1.86746          -0.68943
   1     60       -168.81261           1.86748          -0.72171
   1     80       -169.07838           1.86776          -0.98748
   1    100       -169.92883           1.86947          -1.83793
   2      0       -168.26148           1.88395          -0.17058
   3      0       -168.09090           1.89098           0.00000
   4      0       -167.75152           1.89572           0.33938
   5      0       -166.52585           1.90027           1.56505
   5     60       -166.56927           1.90029           1.52163
   5     80       -166.89333           1.90061           1.19757
   5    100       -167.67995           1.90221           0.41095
 
  contribution from  2-th solvent component
   1      0         15.37969           5.98750           1.20464
   1     60         15.39073           5.98756           1.21568
   1     80         15.52160           5.98783           1.34655
   1    100         15.80710           5.98990           1.63205
   2      0         14.67911           5.96513           0.50406
   3      0         14.17505           5.96009           0.00000
   4      0         14.10757           5.95357          -0.06749
   5      0         14.78135           5.95805           0.60630
   5     60         14.81026           5.95812           0.63521
   5     80         14.97554           5.95836           0.80049
   5    100         15.22711           5.96008           1.05206
 
  contribution from  3-th solvent component
   1      0         60.41596           4.54581          -0.02101
   1     60         60.07722           4.54709          -0.35975
   1     80         57.32968           4.55601          -3.10730
   1    100         48.44647           4.57961         -11.99051
   2      0         60.43335           4.54456          -0.00363
   3      0         60.43698           4.54474           0.00000
   4      0         60.42867           4.54441          -0.00831
   5      0         60.40454           4.54519          -0.03243
   5     60         59.94498           4.54691          -0.49200
   5     80         56.59164           4.55755          -3.84533
   5    100         48.41367           4.57913         -12.02331
 
 
 group  inft   Estimated free energy: total (kcal/mol)
   1      0    -101.1211     -92.8171     -86.1246     -89.5083     -90.5428
                -90.3189     -83.0049     -79.1292     -95.8451     -92.1311
                -88.7214     -83.5100     -82.5031     -88.7350     -85.4371
                -85.9666     -86.0130    -100.8399     -92.8788     -97.7799
                -94.9926     -96.7852    -104.0059     -91.5550     -95.1392
                -89.6308     -91.9261     -97.4109    -101.5072     -95.8994
                -95.6993     -97.5564     -96.9059     -94.2127    -103.9284
                -93.5778     -89.8158     -94.1782    -102.3844    -102.5167
                -96.8011     -98.5365     -90.3086     -89.9303     -98.7782
                -83.7394     -90.8844     -93.0478     -94.0713     -91.0269
   1     60    -101.4899     -93.1864     -86.4958     -89.8790     -90.9135
                -90.6897     -83.3709     -79.4899     -96.2096     -92.4941
                -89.0823     -83.8722     -82.8644     -89.0978     -85.7985
                -86.3284     -86.3750    -101.2021     -93.2388     -98.1368
                -95.3499     -97.1416    -104.3614     -91.9088     -95.4942
                -89.9842     -92.2811     -97.7662    -101.8618     -96.2553
                -96.0564     -97.9117     -97.2624     -94.5679    -104.2843
                -93.9343     -90.1691     -94.5341    -102.7400    -102.8727
                -97.1650     -98.9012     -90.6698     -90.2941     -99.1417
                -84.0999     -91.2413     -93.4028     -94.4276     -91.3834
   1     80    -104.4427     -96.1420     -89.4631     -92.8402     -93.8765
                -93.6468     -86.2946     -82.3661     -99.1274     -95.4077
                -91.9774     -86.7631     -85.7507     -92.0050     -88.6796
                -89.2192     -89.2625    -104.1178     -96.1145    -101.0077
                -98.2106     -99.9991    -107.2062     -94.7425     -98.3442
                -92.8081     -95.1257    -100.6171    -104.7038     -99.1136
                -98.9206    -100.7589    -100.1095     -97.4176    -107.1514
                -96.7890     -92.9967     -97.3871    -105.5870    -105.7364
               -100.0805    -101.8252     -93.5556     -93.2050    -102.0608
                -86.9890     -94.0963     -96.2467     -97.2835     -94.2288
   1    100    -114.0963    -105.7955     -99.1328    -102.4951    -103.5438
               -103.2808     -95.8296     -91.7604    -108.6732    -104.9613
               -101.4676     -96.2133     -95.1802    -101.5263     -98.0728
                -98.6524     -98.6855    -113.6933    -105.5376    -110.4613
               -107.6069    -109.3873    -116.5534    -104.0452    -107.7204
               -102.0749    -104.4708    -109.9848    -114.0419    -108.5213
               -108.3170    -110.1164    -109.4403    -106.7804    -116.6003
               -106.1674    -102.2787    -106.7629    -114.9460    -115.1776
               -109.6207    -111.4244    -103.0060    -102.7399    -111.6349
                -96.4618    -103.4547    -105.5934    -106.6682    -103.5523
   2      0    -101.2910     -93.1420     -86.6339     -89.8594     -91.1498
                -90.8921     -83.3649     -78.9708     -96.1039     -92.4873
                -88.6513     -83.6063     -82.4257     -88.8688     -85.3393
                -85.8090     -85.8251    -101.2534     -93.0524     -97.9813
                -95.2454     -96.9744    -104.4974     -91.4495     -95.1291
                -89.5318     -92.0085     -97.6437    -101.7310     -96.0461
                -95.7420     -97.6981     -97.5638     -93.8159    -104.2447
                -93.6174     -89.6665     -94.4264    -102.5241    -102.5098
                -97.2606     -98.4930     -90.5919     -90.2842     -99.0172
                -83.9470     -91.0230     -92.9483     -94.2611     -91.2979
   3      0    -101.7194     -93.5454     -87.1136     -90.0098     -91.6500
                -91.5405     -83.3739     -79.1341     -96.4714     -93.0256
                -88.8125     -83.9062     -82.7017     -89.1897     -85.6168
                -86.1279     -86.0685    -101.5139     -93.4741     -98.3653
                -95.2901     -97.4088    -104.9705     -91.8920     -95.5116
                -89.7949     -92.3169     -98.0113    -102.0841     -96.3530
                -96.1152     -98.1338     -98.0193     -93.9965    -104.7189
                -94.0000     -89.8529     -94.8490    -102.8939    -102.6869
                -97.5662     -98.7848     -91.0845     -90.6141     -99.3410
                -84.1572     -91.1876     -93.3336     -94.5898     -91.4714
   4      0    -101.4265     -93.3360     -86.8315     -89.9905     -91.3732
                -91.1362     -83.4027     -78.6944     -96.3142     -92.4774
                -88.5597     -83.4927     -82.5802     -88.7691     -85.1569
                -85.7029     -85.9198    -101.2432     -93.0080     -98.0045
                -95.3188     -96.9263    -104.5426     -91.6096     -95.1065
                -89.6450     -92.0959     -97.8072    -101.8618     -96.2110
                -95.8056     -97.7915     -97.8249     -93.8638    -104.3200
                -93.5196     -89.6532     -94.5370    -102.6098    -102.3736
                -97.5340     -98.5686     -90.7709     -90.3904     -99.0889
                -84.1840     -91.0920     -93.0530     -94.1960     -91.4894
   5      0     -99.8135     -91.6466     -85.1347     -87.7759     -89.1841
                -89.3893     -81.1361     -76.9588     -94.2185     -90.7049
                -86.6577     -81.4102     -80.6049     -87.0226     -83.4844
                -84.2222     -84.1770     -99.1317     -91.0533     -96.3024
                -93.2461     -95.1661    -102.8265     -89.6305     -93.2085
                -87.8962     -90.3193     -95.9304     -99.9956     -94.4294
                -94.3014     -96.0904     -95.8644     -91.7949    -102.5227
                -91.8303     -87.8288     -92.4159    -100.8095    -100.5946
                -95.4510     -96.7969     -89.0897     -88.4028     -97.2124
                -82.0563     -88.9901     -91.1162     -92.1664     -89.4320
   5     60    -100.2996     -92.1334     -85.6249     -88.2647     -89.6737
                -89.8776     -81.6187     -77.4327     -94.6987     -91.1836
                -87.1337     -81.8871     -81.0803     -87.5006     -83.9596
                -84.6984     -84.6529     -99.6106     -91.5264     -96.7732
                -93.7166     -95.6361    -103.2938     -90.0954     -93.6759
                -88.3601     -90.7868     -96.3987    -100.4626     -94.8976
                -94.7716     -96.5580     -96.3333     -92.2630    -102.9918
                -92.2989     -88.2930     -92.8850    -101.2774    -101.0639
                -95.9311     -97.2783     -89.5644     -88.8827     -97.6926
                -82.5312     -89.4594     -91.5830     -92.6356     -89.8996
   5     80    -103.8955     -95.7325     -89.2394     -91.8711     -93.2876
                -93.4796     -85.1808     -80.9328     -98.2532     -94.7349
                -90.6607     -85.4092     -84.5941     -91.0433     -87.4669
                -88.2164     -88.1667    -103.1680     -95.0288    -100.2759
                -97.2044     -99.1202    -106.7597     -93.5437     -97.1495
                -91.7951     -94.2558     -99.8742    -103.9259     -98.3809
                -98.2601    -100.0276     -99.8033     -95.7348    -106.4878
                -95.7756     -91.7331     -96.3657    -104.7474    -104.5577
                -99.4879    -100.8442     -93.0788     -92.4354    -101.2534
                -86.0533     -92.9335     -95.0500     -96.1163     -93.3614
   5    100    -112.7942    -104.6341     -98.1563    -100.7727    -102.2128
               -102.3647     -93.9746     -89.5909    -107.0573    -103.5477
                -99.4102     -94.1253     -93.2868     -99.8211     -96.1222
                -96.9124     -96.8520    -112.0037    -103.7175    -108.9942
               -105.8693    -107.7745    -115.3817    -102.1172    -105.7950
               -100.3318    -102.8814    -108.5163    -112.5353    -107.0578
               -106.9262    -108.6589    -108.4139    -104.3670    -115.2027
               -104.4205    -100.2864    -105.0159    -113.3790    -113.2662
               -108.2928    -109.6986    -101.7932    -101.2378    -110.0827
                -94.7938    -101.5601    -103.6723    -104.7726    -101.9533
 
 group  inft   Estimated free energy: 1-th solvent contribution (kcal/mol)
   1      0    -171.3144    -178.5974    -176.5632    -172.1337    -177.5729
               -178.9675    -163.4353    -164.8699    -173.1135    -162.3929
               -160.9591    -164.6449    -165.6517    -162.2204    -165.9444
               -164.3978    -170.0031    -158.6446    -171.3053    -154.4773
               -166.4670    -169.4296    -182.1307    -166.1970    -160.0403
               -172.3129    -162.2622    -169.8161    -179.3821    -160.6145
               -168.3705    -170.5283    -179.4572    -171.8243    -158.1550
               -166.0616    -171.5185    -165.3245    -181.7100    -167.9797
               -173.3656    -177.7806    -176.2959    -169.0663    -173.0215
               -164.8934    -164.3193    -164.6537    -163.9590    -164.8701
   1     60    -171.3474    -178.6302    -176.5966    -172.1672    -177.6061
               -179.0008    -163.4680    -164.9026    -173.1462    -162.4253
               -160.9917    -164.6775    -165.6843    -162.2530    -165.9770
               -164.4301    -170.0359    -158.6770    -171.3376    -154.5093
               -166.4993    -169.4619    -182.1622    -166.2288    -160.0721
               -172.3446    -162.2940    -169.8479    -179.4136    -160.6464
               -168.4024    -170.5603    -179.4891    -171.8563    -158.1869
               -166.0935    -171.5504    -165.3564    -181.7417    -168.0112
               -173.3980    -177.8132    -176.3282    -169.0987    -173.0539
               -164.9259    -164.3513    -164.6856    -163.9908    -164.9023
   1     80    -171.6181    -178.9001    -176.8712    -172.4409    -177.8786
               -179.2739    -163.7368    -165.1703    -173.4157    -162.6908
               -161.2596    -164.9442    -165.9517    -162.5209    -166.2443
               -164.6965    -170.3051    -158.9434    -171.6041    -154.7724
               -166.7659    -169.7289    -182.4241    -166.4912    -160.3340
               -172.6072    -162.5557    -170.1112    -179.6756    -160.9086
               -168.6651    -170.8240    -179.7539    -172.1203    -158.4494
               -166.3567    -171.8139    -165.6185    -182.0042    -168.2715
               -173.6635    -178.0816    -176.5942    -169.3656    -173.3206
               -165.1926    -164.6143    -164.9480    -164.2529    -165.1674
   1    100    -172.4820    -179.7649    -177.7485    -173.3131    -178.7476
               -180.1481    -164.5923    -166.0205    -174.2794    -163.5354
               -162.1100    -165.7925    -166.8033    -163.3721    -167.0941
               -165.5431    -171.1633    -159.7922    -172.4577    -155.6099
               -167.6204    -170.5848    -183.2730    -167.3324    -161.1710
               -173.4528    -163.3922    -170.9561    -180.5239    -161.7476
               -169.5073    -171.6716    -180.6094    -172.9682    -159.2875
               -167.2004    -172.6604    -166.4562    -182.8530    -169.1072
               -174.5122    -178.9457    -177.4484    -170.2202    -174.1762
               -166.0435    -165.4557    -165.7868    -165.0916    -166.0161
   2      0    -170.9304    -177.8234    -176.1352    -171.7377    -177.2172
               -178.4970    -162.8065    -164.2791    -172.3072    -161.7854
               -160.2558    -164.0572    -165.0184    -161.6738    -165.2248
               -163.8126    -169.2735    -158.1587    -170.6461    -154.1045
               -166.2258    -169.1783    -181.9191    -165.6535    -159.4871
               -171.9061    -161.5187    -169.4951    -179.1031    -159.9647
               -167.5794    -170.1511    -179.1674    -171.1742    -157.7279
               -165.3987    -170.7676    -164.9070    -181.3560    -167.4337
               -173.1106    -177.2435    -176.0155    -168.4930    -172.5672
               -164.1233    -163.6310    -164.0531    -163.4570    -164.5207
   3      0    -170.8329    -177.6797    -175.8761    -171.5555    -177.0738
               -178.4646    -162.5351    -164.1153    -172.1114    -161.6694
               -159.9805    -163.8034    -164.8185    -161.4834    -165.0173
               -163.6468    -168.9807    -157.9393    -170.4607    -154.0262
               -166.0378    -169.0707    -181.9578    -165.4527    -159.3856
               -171.7471    -161.3319    -169.4009    -178.9973    -159.7236
               -167.3604    -170.0963    -179.1043    -170.9278    -157.6155
               -165.2472    -170.4983    -164.7412    -181.2040    -167.1777
               -172.9301    -177.1127    -175.9342    -168.2222    -172.3880
               -163.8466    -163.3835    -163.8816    -163.3179    -164.3795
   4      0    -170.4369    -177.1759    -175.6509    -171.3323    -176.8428
               -178.0453    -162.1812    -163.7076    -171.7834    -161.1961
               -159.6685    -163.3234    -164.3845    -161.1020    -164.6995
               -163.1719    -168.5413    -157.6990    -170.1376    -153.6576
               -165.9863    -168.8766    -181.5090    -165.2393    -158.9802
               -171.5384    -160.8315    -169.1028    -178.7228    -159.4302
               -166.9577    -169.7305    -178.8497    -170.7593    -157.3547
               -164.6604    -170.1166    -164.2909    -180.9328    -166.8169
               -172.7545    -176.7433    -175.5947    -167.9040    -172.0567
               -163.4728    -163.0780    -163.6082    -162.8393    -164.1002
   5      0    -169.3575    -176.0977    -174.4966    -169.9025    -175.4692
               -176.8864    -160.7346    -162.6435    -170.4468    -160.1074
               -158.3970    -161.9720    -163.1511    -159.9820    -163.5892
               -162.1757    -167.4273    -156.3784    -168.7658    -152.5422
               -164.5671    -167.7417    -180.4556    -163.8580    -157.7015
               -170.3717    -159.7246    -167.8728    -177.5416    -158.2197
               -165.8354    -168.6532    -177.5864    -169.3986    -156.1415
               -163.5753    -168.9081    -162.9056    -179.7837    -165.6456
               -171.3537    -175.6144    -174.4746    -166.5844    -170.8077
               -162.0708    -161.7475    -162.2842    -161.5614    -162.7832
   5     60    -169.4019    -176.1418    -174.5413    -169.9473    -175.5140
               -176.9309    -160.7787    -162.6876    -170.4907    -160.1511
               -158.4409    -162.0159    -163.1951    -160.0260    -163.6331
               -162.2195    -167.4712    -156.4221    -168.8094    -152.5853
               -164.6105    -167.7852    -180.4981    -163.9008    -157.7442
               -170.4144    -159.7675    -167.9158    -177.5840    -158.2625
               -165.8782    -168.6963    -177.6295    -169.4415    -156.1844
               -163.6182    -168.9509    -162.9484    -179.8263    -165.6880
               -171.3972    -175.6580    -174.5181    -166.6279    -170.8512
               -162.1145    -161.7904    -162.3271    -161.6043    -162.8263
   5     80    -169.7315    -176.4702    -174.8743    -170.2803    -175.8473
               -177.2625    -161.1062    -163.0144    -170.8186    -160.4749
               -158.7665    -162.3410    -163.5223    -160.3528    -163.9588
               -162.5456    -167.7984    -156.7469    -169.1346    -152.9059
               -164.9351    -168.1107    -180.8187    -164.2208    -158.0634
               -170.7349    -160.0879    -168.2378    -177.9032    -158.5826
               -166.1983    -169.0194    -177.9537    -169.7620    -156.5050
               -163.9392    -169.2718    -163.2679    -180.1468    -166.0052
               -171.7215    -175.9843    -174.8436    -166.9527    -171.1757
               -162.4401    -162.1109    -162.6472    -161.9244    -163.1488
   5    100    -170.5298    -177.2682    -175.6812    -171.0860    -176.6547
               -178.0688    -161.8967    -163.8015    -171.6152    -161.2562
               -159.5501    -163.1253    -164.3131    -161.1400    -164.7438
               -163.3328    -168.5898    -157.5327    -169.9246    -153.6798
               -165.7242    -168.9020    -181.6079    -164.9988    -158.8368
               -171.5176    -160.8650    -169.0222    -178.6876    -159.3591
               -166.9757    -169.8070    -178.7489    -170.5427    -157.2808
               -164.7191    -170.0531    -164.0422    -180.9327    -166.7775
               -172.5084    -176.7809    -175.6371    -167.7414    -171.9653
               -163.2281    -162.8883    -163.4232    -162.7011    -163.9327
 
 group  inft   Estimated free energy: 2-th solvent contribution (kcal/mol)
   1      0      31.8997      50.9624      65.2015      56.0444      58.2804
                 59.9637      37.8062      40.4553      26.1383      24.1323
                 20.4053      33.1968      34.9160      30.4024      16.6355
                 27.0388      37.1368      10.5514      15.3424     -15.9146
                  2.2188       4.5983      -0.2146       2.8720      -7.4437
                  9.4198      -2.9435       0.2266      -0.0183      -7.9253
                 -3.8627       0.8381       6.6659       4.0458     -25.2900
                 -2.9650       7.8213      -5.7195       1.9210     -12.8127
                 21.3384      26.3261      30.6815      25.3251      16.9463
                 22.4480      -0.0248      -4.7940      -4.0217       2.7327
   1     60      31.9096      50.9733      65.2125      56.0552      58.2915
                 59.9744      37.8168      40.4688      26.1488      24.1433
                 20.4170      33.2088      34.9287      30.4141      16.6482
                 27.0511      37.1489      10.5614      15.3535     -15.9050
                  2.2299       4.6098      -0.2043       2.8841      -7.4328
                  9.4327      -2.9321       0.2377      -0.0076      -7.9153
                 -3.8533       0.8497       6.6768       4.0575     -25.2799
                 -2.9541       7.8337      -5.7092       1.9319     -12.8031
                 21.3480      26.3359      30.6932      25.3356      16.9560
                 22.4588      -0.0145      -4.7825      -4.0113       2.7441
   1     80      32.0197      51.0941      65.3372      56.1816      58.4167
                 60.1004      37.9451      40.6281      26.2700      24.2668
                 20.5510      33.3508      35.0788      30.5472      16.7987
                 27.1973      37.2967      10.6745      15.4881     -15.7903
                  2.3674       4.7489      -0.0729       3.0303      -7.3049
                  9.5911      -2.7953       0.3712       0.1237      -7.7941
                 -3.7383       0.9894       6.8156       4.1955     -25.1657
                 -2.8217       7.9843      -5.5877       2.0633     -12.6917
                 21.4606      26.4465      30.8314      25.4575      17.0637
                 22.5873       0.1144      -4.6467      -3.8858       2.8905
   1    100      32.2229      51.3429      65.6150      56.4576      58.6802
                 60.3796      38.2381      41.0222      26.5238      24.5187
                 20.8459      33.6739      35.4444      30.8453      17.1573
                 27.5477      37.6587      10.8941      15.7837     -15.5736
                  2.6721       5.0622       0.2193       3.3743      -7.0375
                  9.9770      -2.4949       0.6653       0.4143      -7.5485
                 -3.5002       1.3031       7.1428       4.5028     -24.9560
                 -2.5336       8.3393      -5.3421       2.3469     -12.4939
                 21.6762      26.6481      31.1424      25.7036      17.2542
                 22.8669       0.4031      -4.3542      -3.6257       3.2494
   2      0      31.3250      49.8448      64.2324      55.2873      57.2996
                 58.8939      36.7983      40.0106      25.0657      23.1197
                 19.7624      32.4997      34.3279      29.6875      15.9847
                 26.5869      36.5803       9.6240      14.5010     -16.5077
                  1.7039       4.1428      -0.9213       2.4166      -7.9897
                  9.0988      -3.7753      -0.3608      -0.5375      -8.7355
                 -4.7010       0.3153       5.7112       3.7889     -26.0445
                 -3.6811       7.2138      -6.3940       1.4238     -13.3557
                 20.5865      25.8144      30.0993      24.3887      16.2272
                 21.4297      -0.8794      -5.3251      -4.7277       2.0995
   3      0      30.8026      49.2959      63.4954      54.9263      56.6582
                 58.2131      36.5171      39.6908      24.4875      22.4715
                 19.3127      31.9403      33.8521      29.1843      15.4989
                 26.0856      36.0346       9.1537      13.8839     -16.9649
                  1.4540       3.6130      -1.3689       1.7786      -8.4804
                  8.6587      -4.2713      -0.8255      -1.0128      -9.2666
                 -5.2831      -0.2093       5.1937       3.3642     -26.6410
                 -4.2153       6.7669      -6.9864       0.8866     -13.7860
                 20.0983      25.3941      29.5032      23.7998      15.7016
                 20.9580      -1.2980      -5.8931      -5.1902       1.7697
   4      0      30.7045      49.0175      63.5571      54.7498      56.7125
                 58.2152      36.1449      39.7530      24.3171      22.5381
                 19.2546      31.8909      33.5508      29.2150      15.6415
                 26.0233      35.7589       9.1939      14.0475     -16.9658
                  1.3797       3.8831      -1.3723       1.8579      -8.4769
                  8.6091      -4.5212      -0.9158      -1.0260      -9.4256
                 -5.3836      -0.2337       5.1618       3.3401     -26.4677
                 -4.3226       6.5764      -7.1059       0.9207     -13.8268
                 19.9660      25.2205      29.4919      23.7025      15.6186
                 20.5430      -1.5142      -5.8698      -5.2522       1.5011
   5      0      31.2817      49.6491      64.1187      55.5423      57.5534
                 58.8142      36.9937      40.4321      25.0877      23.2631
                 19.9325      32.6452      34.3342      29.8945      16.2390
                 26.5620      36.4354       9.9972      14.6324     -16.3405
                  2.0637       4.5456      -0.6763       2.4844      -7.8364
                  9.2212      -3.8487      -0.2440      -0.3451      -8.8231
                 -4.9696       0.3986       5.8676       4.0667     -25.8760
                 -3.6958       7.2346      -6.3696       1.5904     -13.2016
                 20.6640      25.8891      30.0705      24.4144      16.2732
                 21.2919      -0.7172      -5.2489      -4.4902       2.2660
   5     60      31.3088      49.6777      64.1463      55.5705      57.5815
                 58.8422      37.0218      40.4655      25.1158      23.2916
                 19.9619      32.6758      34.3663      29.9241      16.2711
                 26.5934      36.4668      10.0234      14.6622     -16.3144
                  2.0928       4.5746      -0.6474       2.5156      -7.8079
                  9.2544      -3.8191      -0.2153      -0.3167      -8.7952
                 -4.9432       0.4286       5.8970       4.0961     -25.8488
                 -3.6664       7.2667      -6.3425       1.6190     -13.1754
                 20.6901      25.9151      30.1009      24.4415      16.2987
                 21.3202      -0.6887      -5.2189      -4.4621       2.2970
   5     80      31.4487      49.8314      64.3015      55.7293      57.7353
                 58.9992      37.1831      40.6696      25.2690      23.4467
                 20.1299      32.8540      34.5587      30.0921      16.4625
                 26.7811      36.6565      10.1630      14.8336     -16.1730
                  2.2649       4.7477      -0.4784       2.7046      -7.6457
                  9.4592      -3.6469      -0.0472      -0.1508      -8.6402
                 -4.7960       0.6061       6.0724       4.2701     -25.7051
                 -3.4962       7.4611      -6.1923       1.7842     -13.0371
                 20.8283      26.0510      30.2773      24.5892      16.4297
                 21.4807      -0.5223      -5.0482      -4.3023       2.4871
   5    100      31.6282      50.0484      64.5402      55.9722      57.9598
                 59.2400      37.4391      41.0274      25.4877      23.6633
                 20.3891      33.1388      34.8882      30.3559      16.7858
                 27.0975      36.9823      10.3509      15.0949     -15.9860
                  2.5356       5.0261      -0.2181       3.0178      -7.4094
                  9.8122      -3.3832       0.2139       0.1075      -8.4249
                 -4.5901       0.8855       6.3610       4.5418     -25.5227
                 -3.2382       7.7829      -5.9824       2.0338     -12.8673
                 21.0095      26.2209      30.5549      24.7934      16.5887
                 21.7220      -0.2654      -4.7930      -4.0727       2.8116
 
 group  inft   Estimated free energy: 3-th solvent contribution (kcal/mol)
   1      0      38.3026      34.8268      25.2459      26.5900      28.7586
                 28.6939      42.6331      45.2944      51.1390      46.1385
                 51.8413      47.9471      48.2416      43.0919      63.8808
                 51.4012      46.8623      47.2622      63.0929      72.6210
                 69.2645      68.0551      78.3483      71.7789      72.3537
                 73.2713      73.2886      72.1875      77.9021      72.6494
                 76.5429      72.1428      75.8944      73.5748      79.5255
                 75.4577      73.8903      76.8747      77.4134      78.2846
                 55.2351      52.9269      55.3148      53.8198      57.3059
                 58.7149      73.4687      76.4088      73.9183      71.1194
   1     60      37.9568      34.4794      24.8973      26.2419      28.4100
                 28.3457      42.2893      44.9529      50.7968      45.7969
                 51.5014      47.6053      47.9001      42.7501      63.5392
                 51.0595      46.5209      46.9224      62.7543      72.2865
                 68.9284      67.7195      78.0140      71.4448      72.0196
                 72.9366      72.9539      71.8529      77.5684      72.3153
                 76.2082      71.8077      75.5589      73.2398      79.1915
                 75.1222      73.5564      76.5404      77.0787      77.9506
                 54.8938      52.5851      54.9741      53.4779      56.9651
                 58.3761      73.1334      76.0742      73.5834      70.7837
   1     80      35.1646      31.6729      22.0798      23.4281      25.5944
                 25.5357      39.5061      42.1849      48.0272      43.0252
                 48.7402      44.8392      45.1312      39.9775      60.7750
                 48.2889      43.7548      44.1600      60.0103      69.5639
                 66.1969      64.9898      75.2996      68.7273      69.3037
                 70.2169      70.2342      69.1318      74.8569      69.5979
                 73.4918      69.0846      72.8378      70.5162      76.4726
                 72.3983      70.8419      73.8280      74.3629      75.2357
                 52.1313      49.8189      52.2160      50.7120      54.2050
                 55.6252      70.4126      73.3569      70.8641      68.0571
   1    100      26.1717      22.6354      13.0096      14.3693      16.5325
                 16.4966      30.5334      33.2468      39.0913      34.0642
                 39.8055      35.9143      36.1876      31.0094      51.8729
                 39.3519      34.8280      35.2137      51.1453      60.7311
                 57.3503      56.1442      66.5093      59.9219      60.4970
                 61.4099      61.4253      60.3149      66.0766      60.7836
                 64.6994      60.2609      64.0352      61.6939      67.6521
                 63.5755      62.0513      65.0443      65.5690      66.4325
                 43.2243      40.8822      43.3089      41.7856      45.2961
                 46.7237      61.6068      64.5566      62.0580      59.2233
   2      0      38.3232      34.8455      25.2778      26.6000      28.7768
                 28.7199      42.6523      45.3067      51.1465      46.1873
                 51.8511      47.9601      48.2738      43.1264      63.9098
                 51.4257      46.8770      47.2903      63.1016      72.6398
                 69.2854      68.0700      78.3520      71.7963      72.3566
                 73.2844      73.2944      72.2211      77.9185      72.6631
                 76.5473      72.1466      75.9013      73.5784      79.5367
                 75.4713      73.8963      76.8835      77.4171      78.2886
                 55.2723      52.9451      55.3332      53.8290      57.3317
                 58.7555      73.4964      76.4388      73.9325      71.1323
   3      0      38.3198      34.8474      25.2759      26.6284      28.7745
                 28.7200      42.6530      45.2993      51.1615      46.1813
                 51.8643      47.9659      48.2736      43.1183      63.9105
                 51.4423      46.8865      47.2806      63.1117      72.6346
                 69.3026      68.0578      78.3651      71.7910      72.3634
                 73.3024      73.2952      72.2240      77.9349      72.6461
                 76.5371      72.1808      75.9002      73.5759      79.5466
                 75.4713      73.8873      76.8875      77.4324      78.2858
                 55.2745      52.9428      55.3553      53.8172      57.3543
                 58.7402      73.5027      76.4500      73.9273      71.1474
   4      0      38.3147      34.8314      25.2712      26.6009      28.7660
                 28.7028      42.6426      45.2692      51.1611      46.1895
                 51.8632      47.9488      48.2625      43.1267      63.9101
                 51.4546      46.8715      47.2707      63.0911      72.6278
                 69.2967      68.0761      78.3477      71.7807      72.3595
                 73.2933      73.2658      72.2203      77.8959      72.6537
                 76.5446      72.1816      75.8720      73.5643      79.5113
                 75.4723      73.8959      76.8687      77.4112      78.2791
                 55.2634      52.9631      55.3409      53.8201      57.3582
                 58.7548      73.5092      76.4339      73.9044      71.1186
   5      0      38.2713      34.8109      25.2521      26.5933      28.7406
                 28.6919      42.6137      45.2615      51.1495      46.1484
                 51.8158      47.9256      48.2209      43.0738      63.8748
                 51.4004      46.8238      47.2585      63.0890      72.5892
                 69.2662      68.0389      78.3143      71.7520      72.3384
                 73.2632      73.2629      72.1953      77.9001      72.6223
                 76.5126      72.1731      75.8633      73.5460      79.5037
                 75.4497      73.8536      76.8681      77.3926      78.2615
                 55.2477      52.9373      55.3233      53.7761      57.3311
                 58.7315      73.4835      76.4258      73.8942      71.0941
   5     60      37.8024      34.3395      24.7791      26.1210      28.2677
                 28.2200      42.1472      44.7983      50.6852      45.6847
                 51.3543      47.4619      47.7574      42.6103      63.4113
                 50.9366      46.3605      46.7969      62.6297      72.1354
                 68.8100      67.5834      77.8607      71.2986      71.8851
                 72.8088      72.8087      71.7413      77.4470      72.1690
                 76.0588      71.7187      75.4082      73.0913      79.0504
                 74.9947      73.4002      76.4148      76.9389      77.8084
                 54.7849      52.4736      54.8616      53.3127      56.8687
                 58.2720      73.0287      75.9719      73.4397      70.6387
   5     80      34.3961      30.9153      21.3424      22.6889      24.8333
                 24.7926      38.7512      41.4210      47.3053      42.3023
                 47.9849      44.0867      44.3785      39.2262      60.0384
                 47.5571      42.9841      43.4248      59.2811      68.8118
                 65.4747      64.2517      74.5464      67.9814      68.5684
                 69.4896      69.4879      68.4197      74.1371      68.8508
                 72.7432      68.3946      72.0870      69.7661      75.7311
                 71.6687      70.0865      73.1035      73.6241      74.4936
                 51.4142      49.0981      51.4964      49.9371      53.5016
                 54.9151      69.7086      72.6544      70.1194      67.3092
   5    100      26.1163      22.5946      12.9937      14.3500      16.4910
                 16.4730      30.4919      33.1921      39.0790      34.0541
                 39.7597      35.8701      36.1471      30.9719      51.8447
                 39.3318      34.7644      35.1871      51.1211      60.6805
                 57.3282      56.1104      66.4532      59.8728      60.4601
                 61.3826      61.3758      60.3010      66.0536      60.7351
                 64.6485      60.2715      63.9830      61.6427      67.6097
                 63.5457      61.9928      65.0177      65.5289      66.3875
                 43.2151      40.8703      43.2979      41.7191      45.3029
                 46.7212      61.6025      64.5528      62.0101      59.1768
 
 
 cumulative average & 95% error for solvation free energy
              total             1st component         2nd component         3rd component
  1  -101.7194             -170.8329               30.8026               38.3198
  2   -97.6324     8.1741  -174.2563     6.8468    40.0492    18.4933    36.5836     3.4724
  3   -94.1261     8.4527  -174.7962     4.0979    47.8646    18.9294    32.8144     7.8005
  4   -93.0970     6.3214  -173.9860     3.3199    49.6301    13.8430    31.2679     6.3238
  5   -92.8076     4.9306  -174.6036     2.8528    51.0357    11.0851    30.7692     4.9989
  6   -92.5964     4.0479  -175.2471     2.6612    52.2319     9.3618    30.4277     4.1383
  7   -91.2789     4.3183  -173.4311     4.2720    49.9869     9.0974    32.1741     4.9430
  8   -89.7608     4.8171  -172.2666     4.3717    48.6999     8.2884    33.8148     5.3937
  9   -90.5065     4.5024  -172.2494     3.8556    46.0097     9.0764    35.7422     6.1226
 10   -90.7584     4.0584  -171.1914     4.0460    43.6558     9.3844    36.7861     5.8607
 11   -90.5815     3.6880  -170.1722     4.1891    41.4428     9.5731    38.1568     5.9682
 12   -90.0252     3.5457  -169.6415     3.9687    40.6509     8.8814    38.9743     5.6882
 13   -89.4619     3.4507  -169.2705     3.7253    40.1280     8.2364    39.6896     5.4244
 14   -89.4424     3.1950  -168.7143     3.6239    39.3463     7.7840    39.9345     5.0459
 15   -89.1874     3.0178  -168.4678     3.4095    37.7565     7.9134    41.5329     5.6820
 16   -88.9962     2.8487  -168.1665     3.2457    37.0270     7.5447    42.1522     5.4575
 17   -88.8239     2.6979  -168.2144     3.0503    36.9686     7.0880    42.4307     5.1566
 18   -89.5289     2.9083  -167.6435     3.0942    35.4234     7.3627    42.7002     4.8914
 19   -89.7366     2.7821  -167.7918     2.9418    34.2897     7.3242    43.7745     5.1014
 20   -90.1680     2.7768  -167.1035     3.1119    31.7270     8.6342    45.2175     5.6348
 21   -90.4119     2.6860  -167.0528     2.9617    30.2854     8.7041    46.3644     5.8300
 22   -90.7300     2.6388  -167.1445     2.8299    29.0730     8.6460    47.3504     5.8981
 23   -91.3491     2.8091  -167.7886     2.9952    27.7495     8.6753    48.6989     6.2479
 24   -91.3717     2.6899  -167.6912     2.8742    26.6674     8.5833    49.6611     6.2838
 25   -91.5373     2.6012  -167.3590     2.8358    25.2614     8.6997    50.5692     6.2949
 26   -91.4703     2.5028  -167.5278     2.7454    24.6229     8.4554    51.4435     6.2957
 27   -91.5017     2.4091  -167.2983     2.6813    23.5527     8.4131    52.2528     6.2706
 28   -91.7342     2.3676  -167.3734     2.5882    22.6821     8.2919    52.9661     6.2086
 29   -92.0910     2.3934  -167.7742     2.6228    21.8650     8.1661    53.8271     6.2332
 30   -92.2331     2.3296  -167.5059     2.5901    20.8273     8.1576    54.4544     6.1512
 31   -92.3583     2.2671  -167.5012     2.5052    19.9850     8.0679    55.1667     6.1176
 32   -92.5388     2.2246  -167.5823     2.4310    19.3539     7.9130    55.6984     6.0181
 33   -92.7049     2.1816  -167.9314     2.4575    18.9248     7.7173    56.3106     5.9600
 34   -92.7429     2.1178  -168.0196     2.3907    18.4672     7.5427    56.8184     5.8705
 35   -93.0851     2.1673  -167.7223     2.3963    17.1784     7.7643    57.4678     5.8464
 36   -93.1105     2.1068  -167.6535     2.3328    16.5841     7.6386    57.9679     5.7691
 37   -93.0224     2.0566  -167.7304     2.2741    16.3188     7.4482    58.3981     5.6766
 38   -93.0705     2.0041  -167.6518     2.2190    15.7055     7.3526    58.8847     5.6102
 39   -93.3224     2.0160  -167.9993     2.2704    15.3255     7.2018    59.3603     5.5466
 40   -93.5565     2.0200  -167.9787     2.2133    14.5977     7.1688    59.8334     5.4884
 41   -93.6543     1.9798  -168.0995     2.1721    14.7319     6.9969    59.7222     5.3575
 42   -93.7764     1.9474  -168.3141     2.1627    14.9857     6.8471    59.5608     5.2383
 43   -93.7138     1.9057  -168.4913     2.1414    15.3234     6.7200    59.4630     5.1188
 44   -93.6434     1.8672  -168.4852     2.0922    15.5160     6.5768    59.3347     5.0077
 45   -93.7700     1.8428  -168.5719     2.0525    15.5201     6.4290    59.2907     4.8959
 46   -93.5610     1.8501  -168.4692     2.0179    15.6384     6.2921    59.2787     4.7884
 47   -93.5105     1.8131  -168.3610     1.9863    15.2780     6.1988    59.5814     4.7243
 48   -93.5069     1.7749  -168.2677     1.9534    14.8369     6.1321    59.9328     4.6779
 49   -93.5290     1.7389  -168.1666     1.9238    14.4282     6.0610    60.2184     4.6169
 50   -93.4878     1.7058  -168.0909     1.8910    14.1751     5.9601    60.4370     4.5447
 
 Mesh error is    2.139 kcal/mol
