 ERmod 0.3.8, Copyright (C) 2000-2019 Nobuyuki Matubayasi
                            2010-2019 Shun Sakuraba
 ERmod comes with ABSOLUTELY NO WARRANTY.
 This is free software, and you can redistribute it
 and/or modify it under certain conditions.
 See LICENSE file for details.
 ERmod 0.3.8, Copyright (C) 2000-2019 Nobuyuki Matubayasi
                            2010-2019 Shun Sakuraba
 ERmod comes with ABSOLUTELY NO WARRANTY.
 This is free software, and you can redistribute it
 and/or modify it under certain conditions.
 See LICENSE file for details.
 
  Number of the   1-th solvent  =          368
  Number of the   2-th solvent  =          368
  Number of the   3-th solvent  =        10000
 
  Be sure that the solvent distribution is homogeneous (radial distribution function is essentially unity) when the solvent molecule is separated beyond distance of   10.0 Angstrom in any direction from any atom within the solute molecule
 
  LJ long-range correction    =        -0.6509     -0.1232     -7.4645
 
  Self-energy of the solute   =         0.0010  kcal/mol
 
 
 cumulative average & 95% error for solvation energy
              total             1st component         2nd component         3rd component
  1  -519.9181              -91.3898             -183.9442             -244.5850
  2  -516.5445     6.7472   -92.3068     1.8340  -163.3249    41.2386  -260.9137    32.6574
  3  -514.0908     6.2655   -93.4602     2.5382  -144.9478    43.7920  -275.6838    35.0446
  4  -513.9659     4.4374   -95.0128     3.5866  -141.5129    31.7185  -277.4411    25.0283
  5  -513.3548     3.6480   -95.0324     2.7784  -138.1882    25.4530  -280.1351    20.1216
  6  -513.0647     3.0346   -95.2811     2.3224  -136.4409    21.0740  -281.3437    16.6061
  7  -512.5429     2.7689   -95.9411     2.3654  -132.3864    19.5699  -284.2163    15.1651
  8  -511.7962     2.8250   -95.9871     2.0505  -126.9186    20.1699  -288.8914    16.1218
  9  -511.1842     2.7758   -95.9451     1.8104  -121.3847    20.9503  -293.8554    17.3412
 10  -510.5989     2.7449   -96.1488     1.6697  -116.0962    21.5175  -298.3548    17.9319
 11  -510.8153     2.5203   -96.0481     1.5237  -117.0796    19.5624  -297.6885    16.2746
 12  -511.1211     2.3806   -96.0394     1.3910  -118.4247    18.0595  -296.6579    14.9989
 13  -511.5163     2.3281   -96.3183     1.3958  -120.0630    16.9323  -295.1361    14.1288
 14  -510.9200     2.4634   -96.4858     1.3350  -115.1771    18.4725  -299.2581    15.4618
 15  -510.5599     2.4037   -96.9188     1.5148  -112.0032    18.3311  -301.6388    15.1613
 16  -510.3872     2.2748   -96.9076     1.4171  -110.7350    17.3338  -302.7456    14.3538
 17  -510.4981     2.1483   -96.5226     1.5378  -111.7454    16.4072  -302.2310    13.5223
 18  -510.0590     2.2077   -96.5628     1.4521  -108.7828    16.5648  -304.7143    13.6822
 19  -510.0064     2.0909   -96.7567     1.4272  -107.8337    15.7833  -305.4170    13.0181
 20  -510.2080     2.0241   -96.9920     1.4334  -108.9016    15.1249  -304.3154    12.5450
 21  -510.3480     1.9456   -96.6968     1.4858  -109.5519    14.4453  -304.1002    11.9405
 22  -510.5092     1.8829   -96.5843     1.4344  -110.1815    13.8305  -303.7444    11.4070
 23  -510.6389     1.8177   -96.6286     1.3735  -110.3890    13.2220  -303.6223    10.9025
 24  -510.7487     1.7542   -96.5731     1.3197  -111.1112    12.7413  -303.0654    10.4976
 25  -510.7465     1.6825   -96.4752     1.2808  -111.1972    12.2222  -303.0751    10.0690
 26  -510.7479     1.6165   -96.6371     1.2725  -110.6925    11.7860  -303.4193     9.6984
 27  -510.6621     1.5650   -96.6898     1.2289  -109.7735    11.4891  -304.1997     9.4619
 28  -510.6366     1.5089   -96.7428     1.1890  -109.0658    11.1613  -304.8290     9.2042
 29  -510.6378     1.4559   -96.6652     1.1577  -109.2434    10.7754  -304.7301     8.8834
 30  -510.8614     1.4759   -96.2683     1.3715  -111.4501    11.3069  -303.1439     9.1497
 31  -510.7986     1.4331   -96.3243     1.3312  -111.0581    10.9642  -303.4171     8.8665
 32  -510.7685     1.3889   -96.3393     1.2893  -110.8426    10.6248  -303.5875     8.5917
 33  -510.5951     1.3901   -96.3170     1.2504  -109.6264    10.5811  -304.6526     8.5954
 34  -510.6223     1.3497   -96.1633     1.2514  -110.1856    10.3260  -304.2744     8.3730
 35  -510.7183     1.3245   -96.1431     1.2158  -110.8055    10.1030  -303.7707     8.1925
 36  -510.6814     1.2893   -96.1966     1.1864  -110.4152     9.8493  -304.0705     7.9842
 37  -511.0146     1.4200   -96.2391     1.1570  -112.6993    10.6129  -302.0771     8.7290
 38  -511.3002     1.4955   -96.1832     1.1317  -115.0080    11.3149  -300.1099     9.3630
 39  -511.2260     1.4642   -96.1739     1.1025  -114.5983    11.0513  -300.4548     9.1458
 40  -511.1955     1.4285   -96.1497     1.0756  -114.4855    10.7739  -300.5613     8.9168
 41  -511.0559     1.4209   -96.2130     1.0567  -113.2997    10.7721  -301.5441     8.9160
 42  -510.9690     1.3975   -96.1178     1.0487  -112.7509    10.5697  -302.1012     8.7721
 43  -511.0613     1.3770   -96.1330     1.0244  -113.2986    10.3789  -301.6307     8.6172
 44  -511.2752     1.4117   -95.9995     1.0359  -115.0133    10.7045  -300.2634     8.8521
 45  -511.4840     1.4418   -95.8325     1.0662  -116.7803    11.0446  -298.8722     9.0895
 46  -511.6299     1.4400   -95.8105     1.0437  -118.0522    11.0973  -297.7682     9.1598
 47  -511.8051     1.4520   -95.8180     1.0214  -119.5445    11.2613  -296.4436     9.3461
 48  -511.8313     1.4224   -95.7524     1.0084  -119.8818    11.0449  -296.1980     9.1625
 49  -511.8588     1.3941   -95.7683     0.9882  -120.0159    10.8204  -296.0755     8.9769
 50  -511.8523     1.3660   -95.8531     0.9829  -119.8366    10.6079  -296.1635     8.7973
 
 
 group  inft  solvation free energy     error          difference
  total solvation free energy
   1      0        -83.01788           0.91048          -0.31475
   1     60        -83.31307           0.90997          -0.60993
   1     80        -86.14070           0.90621          -3.43757
   1    100        -95.39984           0.89902         -12.69671
   2      0        -83.28916           0.90455          -0.58602
   3      0        -82.70314           0.90755           0.00000
   4      0        -83.19497           0.90496          -0.49184
   5      0        -82.46560           0.90926           0.23754
   5     60        -82.87281           0.90861          -0.16967
   5     80        -86.36681           0.90439          -3.66367
   5    100        -94.89199           0.89828         -12.18885
 
  contribution from  1-th solvent component
   1      0        -77.36129           0.70428          -0.54296
   1     60        -77.37105           0.70425          -0.55271
   1     80        -77.48771           0.70426          -0.66937
   1    100        -77.85640           0.70448          -1.03807
   2      0        -77.10526           0.71316          -0.28693
   3      0        -76.81833           0.71722           0.00000
   4      0        -77.43404           0.71667          -0.61570
   5      0        -76.73838           0.71614           0.07995
   5     60        -76.75335           0.71611           0.06498
   5     80        -76.89562           0.71610          -0.07729
   5    100        -77.22943           0.71633          -0.41110
 
  contribution from  2-th solvent component
   1      0        -22.30009           5.07282           0.25760
   1     60        -22.28828           5.07285           0.26940
   1     80        -22.20034           5.07277           0.35735
   1    100        -21.99576           5.07256           0.56193
   2      0        -22.87937           5.05941          -0.32169
   3      0        -22.55769           5.05487           0.00000
   4      0        -22.42854           5.05011           0.12914
   5      0        -22.34854           5.05115           0.20915
   5     60        -22.33269           5.05115           0.22499
   5     80        -22.22841           5.05093           0.32928
   5    100        -22.06981           5.05045           0.48788
 
  contribution from  3-th solvent component
   1      0         16.64254           4.05822          -0.02939
   1     60         16.34531           4.05921          -0.32662
   1     80         13.54639           4.06691          -3.12554
   1    100          4.45137           4.08298         -12.22057
   2      0         16.69452           4.05742           0.02259
   3      0         16.67193           4.05778           0.00000
   4      0         16.66665           4.05798          -0.00528
   5      0         16.62037           4.05754          -0.05156
   5     60         16.21228           4.05891          -0.45965
   5     80         12.75626           4.06780          -3.91567
   5    100          4.40631           4.08258         -12.26563
 
 
 group  inft   Estimated free energy: total (kcal/mol)
   1      0     -87.8817     -84.2455     -80.4402     -83.0730     -80.2128
                -82.2152     -81.9591     -80.4191     -78.9917     -80.4493
                -83.6882     -82.5262     -84.8160     -78.5088     -80.5593
                -82.6410     -84.7821     -80.4278     -76.3476     -81.7796
                -82.6473     -82.0042     -87.1486     -81.5908     -85.8097
                -84.8704     -85.1545     -83.4791     -83.8962     -87.0171
                -76.5507     -83.5553     -81.0966     -85.5867     -84.4721
                -80.3187     -92.2899     -87.4182     -81.9080     -84.7309
                -76.4739     -80.2051     -86.3445     -89.5908     -87.1631
                -81.6947     -83.8560     -81.8471     -83.3065     -82.9031
   1     60     -88.1731     -84.5402     -80.7337     -83.3657     -80.5078
                -82.5081     -82.2552     -80.7161     -79.2935     -80.7506
                -83.9846     -82.8221     -85.1121     -78.8095     -80.8600
                -82.9429     -85.0805     -80.7280     -76.6411     -82.0689
                -82.9387     -82.2975     -87.4472     -81.8827     -86.1027
                -85.1633     -85.4529     -83.7809     -84.1943     -87.3091
                -76.8426     -83.8524     -81.3943     -85.8812     -84.7638
                -80.6117     -92.5763     -87.7046     -82.2071     -85.0305
                -76.7747     -80.5074     -86.6411     -89.8817     -87.4517
                -81.9824     -84.1433     -82.1418     -83.6033     -83.1985
   1     80     -90.9630     -87.3552     -83.5493     -86.1757     -83.3246
                -85.3049     -85.0828     -83.5518     -82.1748     -83.6283
                -86.8192     -85.6506     -87.9453     -81.6800     -83.7296
                -85.8228     -87.9305     -83.5970     -79.4567     -84.8603
                -85.7454     -85.1235     -90.3061     -84.6917     -88.9205
                -87.9900     -88.3194     -86.6606     -87.0464     -90.1042
                -79.6365     -86.6908     -84.2456     -88.7099     -87.5719
                -83.4305     -95.3430     -90.4669     -85.0657     -87.8915
                -79.6493     -83.3883     -89.4767     -92.6694     -90.2210
                -84.7397     -86.8995     -84.9611     -86.4428     -86.0249
   1    100    -100.1377     -96.5993     -92.8027     -95.4028     -92.5731
                -94.4852     -94.3544     -92.8456     -91.5669     -93.0122
                -96.0998     -94.9009     -97.2121     -91.0446     -93.0777
                -95.1971     -97.2453     -92.9655     -88.6897     -94.0519
                -94.9349     -94.3553     -99.6145     -93.8753     -98.1476
                -97.2592     -97.6636     -96.0115     -96.3537     -99.2822
                -88.7837     -95.9562     -93.5410     -97.9589     -96.7650
                -92.6757    -104.4876     -99.5930     -94.4087     -97.2464
                -89.0127     -92.7580     -98.7570    -101.8752     -99.3756
                -93.8403     -95.9992     -94.1914     -95.7292     -95.2748
   2      0     -88.1532     -84.4723     -80.7190     -83.3567     -80.2570
                -82.5984     -82.1054     -80.8176     -79.4367     -80.8380
                -83.9803     -82.8077     -85.1193     -79.2095     -81.1836
                -83.0488     -85.1053     -80.7924     -76.6360     -81.9766
                -83.0620     -82.1737     -87.3738     -81.8862     -86.0526
                -85.0241     -85.5989     -83.7385     -83.9744     -87.1384
                -76.7078     -83.7632     -81.2496     -85.9336     -84.6987
                -80.6577     -92.6902     -87.4182     -81.9265     -84.8015
                -76.7442     -80.4169     -86.7407     -89.8994     -87.2383
                -82.0460     -83.9374     -81.9481     -83.5135     -83.4902
   3      0     -87.5055     -83.6074     -80.0796     -82.6535     -79.5508
                -82.1831     -81.3945     -80.2477     -78.9422     -80.3067
                -83.4765     -82.1489     -84.2538     -78.5895     -80.6110
                -82.4236     -84.4337     -80.4950     -75.9083     -81.5126
                -82.4895     -81.6172     -86.7992     -81.5245     -85.4989
                -84.3376     -85.0378     -83.1651     -83.4053     -86.3553
                -76.1174     -83.3002     -80.6587     -85.5075     -84.1950
                -80.2276     -92.4057     -86.7209     -81.0594     -84.2204
                -76.1363     -79.8950     -86.1570     -89.2852     -86.7399
                -81.2265     -83.2003     -81.4037     -83.0443     -83.1013
   4      0     -87.9371     -84.1471     -80.5514     -83.0793     -80.0335
                -82.5332     -81.8179     -80.9067     -79.4471     -80.9446
                -83.9142     -82.5579     -85.0176     -79.2620     -81.1806
                -82.9147     -84.9795     -81.0312     -76.4943     -81.9373
                -83.0888     -81.8968     -87.1432     -81.7790     -86.0533
                -84.9373     -85.6029     -83.4953     -83.8088     -86.9196
                -76.5332     -83.4722     -81.1538     -85.9840     -84.6577
                -80.7273     -92.7291     -87.2066     -81.7913     -84.8297
                -76.5614     -80.1486     -86.6426     -89.8769     -87.1672
                -81.8670     -83.6611     -82.0052     -83.6002     -83.7214
   5      0     -87.1354     -83.3148     -79.8133     -82.1970     -79.3084
                -81.8586     -81.0224     -80.0631     -78.5866     -80.0189
                -83.3441     -81.8249     -84.1617     -78.6180     -80.4268
                -82.3012     -84.3101     -80.5029     -75.7896     -81.1565
                -82.3586     -81.2472     -86.4196     -81.2902     -85.3978
                -83.9550     -84.8075     -82.7343     -83.1084     -86.2333
                -75.6400     -82.7754     -80.3166     -85.1802     -84.0362
                -80.3207     -92.1849     -86.5833     -81.0390     -84.1336
                -75.6740     -79.5638     -85.9095     -88.9835     -86.4892
                -81.0325     -82.9367     -81.2079     -82.9435     -83.0232
   5     60     -87.5377     -83.7209     -80.2174     -82.6004     -79.7145
                -82.2617     -81.4304     -80.4730     -79.0027     -80.4340
                -83.7525     -82.2321     -84.5697     -79.0322     -80.8413
                -82.7173     -84.7213     -80.9167     -76.1938     -81.5558
                -82.7620     -81.6534     -86.8324     -81.6941     -85.8034
                -84.3606     -85.2206     -83.1515     -83.5207     -86.6365
                -76.0441     -83.1861     -80.7285     -85.5877     -84.4398
                -80.7254     -92.5796     -86.9777     -81.4509     -84.5458
                -76.0887     -79.9803     -86.3178     -89.3842     -86.8863
                -81.4285     -83.3321     -81.6138     -83.3525     -83.4301
   5     80     -90.9858     -87.2021     -83.6988     -86.0763     -83.1976
                -85.7193     -84.9254     -83.9776     -82.5624     -83.9883
                -87.2578     -85.7272     -88.0719     -82.5819     -84.3875
                -86.2750     -88.2450     -84.4616     -79.6748     -85.0095
                -86.2301     -85.1411     -90.3586     -85.1597     -89.2815
                -87.8501     -88.7572     -86.7026     -87.0391     -90.0891
                -79.4936     -86.6882     -84.2463     -89.0790     -87.9068
                -84.2106     -96.0046     -90.3955     -84.9827     -88.0810
                -79.6380     -83.5374     -89.8232     -92.8358     -90.3136
                -84.8412     -86.7421     -85.0976     -86.8629     -86.9253
   5    100     -99.4308     -95.7096     -92.2184     -94.5714     -91.7110
                -94.1677     -93.4598     -92.5331     -91.2063     -92.6264
                -95.8011     -94.2445     -96.6028     -91.2146     -92.9948
                -94.9067     -96.8211     -93.0875     -88.1773     -93.4793
                -94.6997     -93.6417     -98.9309     -93.6185     -97.7835
                -96.3867     -97.3640     -95.3092     -95.6018     -98.5362
                -87.9180     -95.2146     -92.8058     -97.5954     -96.3726
                -92.7309    -104.4294     -98.7965     -93.5795     -96.6898
                -88.2559     -92.1580     -98.3680    -101.3142     -98.7387
                -93.2205     -95.1174     -93.5914     -95.4166     -95.4496
 
 group  inft   Estimated free energy: 1-th solvent contribution (kcal/mol)
   1      0     -73.6888     -76.1552     -76.7988     -80.3201     -76.3348
                -80.9927     -79.7187     -78.5750     -75.7075     -79.1155
                -76.9628     -77.0256     -78.4839     -79.8027     -82.8461
                -79.2007     -74.2669     -81.3418     -78.5376     -79.6869
                -75.4723     -74.9634     -78.4936     -76.9007     -78.4919
                -78.9352     -80.1356     -77.9854     -75.5821     -71.1902
                -76.3558     -77.2989     -78.9048     -75.1381     -77.7780
                -76.6293     -80.8303     -75.4917     -75.6594     -77.7522
                -76.9153     -75.6316     -79.0249     -73.3486     -71.5657
                -75.2700     -75.5890     -75.5694     -77.5912     -82.0075
   1     60     -73.6989     -76.1650     -76.8085     -80.3296     -76.3447
                -81.0023     -79.7285     -78.5848     -75.7175     -79.1252
                -76.9725     -77.0354     -78.4936     -79.8124     -82.8555
                -79.2103     -74.2767     -81.3513     -78.5473     -79.6962
                -75.4820     -74.9733     -78.5035     -76.9104     -78.5014
                -78.9447     -80.1454     -77.9954     -75.5922     -71.2002
                -76.3657     -77.3089     -78.9147     -75.1480     -77.7877
                -76.6391     -80.8395     -75.5012     -75.6692     -77.7622
                -76.9252     -75.6418     -79.0346     -73.3585     -71.5758
                -75.2798     -75.5988     -75.5792     -77.6009     -82.0169
   1     80     -73.8161     -76.2819     -76.9254     -80.4452     -76.4618
                -81.1195     -79.8462     -78.7024     -75.8362     -79.2427
                -77.0885     -77.1517     -78.6099     -79.9296     -82.9716
                -79.3276     -74.3919     -81.4682     -78.6647     -79.8107
                -75.5967     -75.0905     -78.6217     -77.0261     -78.6165
                -79.0608     -80.2629     -78.1144     -75.7109     -71.3160
                -76.4819     -77.4268     -79.0339     -75.2652     -77.9040
                -76.7548     -80.9533     -75.6151     -75.7853     -77.8803
                -77.0437     -75.7623     -79.1514     -73.4745     -71.6917
                -75.3955     -75.7137     -75.6953     -77.7166     -82.1320
   1    100     -74.1870     -76.6530     -77.2962     -80.8134     -76.8330
                -81.4941     -80.2186     -79.0747     -76.2075     -79.6128
                -77.4548     -77.5195     -78.9776     -80.2990     -83.3402
                -79.6978     -74.7537     -81.8386     -79.0364     -80.1760
                -75.9584     -75.4586     -78.9930     -77.3904     -78.9813
                -79.4278     -80.6338     -78.4868     -76.0838     -71.6816
                -76.8476     -77.7975     -79.4088     -75.6334     -78.2726
                -77.1194     -81.3191     -75.9782     -76.1497     -78.2519
                -77.4148     -76.1400     -79.5207     -73.8419     -72.0592
                -75.7638     -76.0798     -76.0621     -78.0821     -82.4982
   2      0     -73.4804     -75.9128     -76.4467     -80.1037     -75.9603
                -80.9101     -79.4218     -78.3959     -75.4185     -78.8360
                -76.6342     -76.7334     -78.1545     -79.5352     -82.6351
                -78.9277     -74.0426     -81.2080     -78.2787     -79.3197
                -75.3373     -74.6287     -78.2801     -76.6541     -78.3239
                -78.5950     -79.9407     -77.7386     -75.2174     -70.9167
                -76.0748     -77.0893     -78.6383     -75.0105     -77.5786
                -76.2741     -80.7023     -75.0473     -75.3968     -77.5306
                -76.6153     -75.4167     -78.8868     -73.0969     -71.2457
                -74.9278     -75.2245     -75.3355     -77.2649     -81.9187
   3      0     -73.1750     -75.5663     -76.1210     -79.8310     -75.6798
                -80.6652     -79.0381     -78.0528     -75.1984     -78.5036
                -76.3626     -76.4429     -77.7829     -79.2681     -82.3964
                -78.6785     -73.7838     -80.9914     -77.9429     -78.9923
                -75.0303     -74.2988     -77.9940     -76.4369     -78.0779
                -78.3067     -79.6323     -77.4663     -74.9229     -70.5699
                -75.7807     -76.8202     -78.3813     -74.7867     -77.3196
                -75.9338     -80.5092     -74.7171     -75.0681     -77.2754
                -76.3027     -75.1862     -78.6503     -72.8023     -70.9724
                -74.5271     -74.8766     -75.0919     -77.0174     -81.6888
   4      0     -73.8015     -76.3109     -76.6616     -80.3638     -76.2770
                -81.3026     -79.8434     -78.8005     -75.7030     -79.0698
                -76.8334     -77.0109     -78.5058     -79.9701     -82.9666
                -79.1619     -74.3329     -81.5778     -78.5788     -79.6426
                -75.7186     -74.8723     -78.6505     -76.8820     -78.7272
                -78.8691     -80.3349     -78.0412     -75.3838     -71.3034
                -76.4072     -77.3731     -79.0831     -75.3665     -77.8791
                -76.5446     -80.9967     -75.4157     -75.7480     -78.0375
                -76.8992     -75.8173     -79.2128     -73.4729     -71.5830
                -75.3035     -75.4871     -75.6213     -77.5839     -82.3716
   5      0     -73.0209     -75.4998     -76.0202     -79.5627     -75.6045
                -80.6510     -79.0554     -77.9029     -74.9811     -78.2928
                -76.3021     -76.3195     -77.7021     -79.3172     -82.2881
                -78.6215     -73.7457     -81.0092     -77.8910     -78.8720
                -74.9909     -74.2071     -77.9115     -76.4138     -78.0787
                -78.0216     -79.5913     -77.2924     -74.7462     -70.6522
                -75.5512     -76.6306     -78.2991     -74.6002     -77.2861
                -76.0603     -80.4117     -74.7646     -75.0622     -77.3669
                -76.0987     -75.2390     -78.5199     -72.6697     -70.9320
                -74.5283     -74.7779     -74.9232     -76.9650     -81.6672
   5     60     -73.0361     -75.5148     -76.0351     -79.5775     -75.6196
                -80.6658     -79.0705     -77.9179     -74.9963     -78.3077
                -76.3171     -76.3345     -77.7170     -79.3322     -82.3027
                -78.6365     -73.7608     -81.0239     -77.9060     -78.8865
                -75.0058     -74.2222     -77.9267     -76.4287     -78.0934
                -78.0363     -79.6063     -77.3077     -74.7615     -70.6672
                -75.5662     -76.6457     -78.3143     -74.6154     -77.3009
                -76.0753     -80.4260     -74.7792     -75.0773     -77.3821
                -76.1140     -75.2545     -78.5349     -72.6848     -70.9471
                -74.5432     -74.7928     -74.9382     -76.9798     -81.6819
   5     80     -73.1784     -75.6572     -76.1768     -79.7196     -75.7625
                -80.8086     -79.2132     -78.0605     -75.1408     -78.4509
                -76.4595     -76.4769     -77.8589     -79.4754     -82.4437
                -78.7798     -73.9030     -81.1661     -78.0481     -79.0267
                -75.1470     -74.3647     -78.0701     -76.5698     -78.2335
                -78.1769     -79.7493     -77.4515     -74.9053     -70.8082
                -75.7084     -76.7882     -78.4585     -74.7580     -77.4420
                -76.2170     -80.5649     -74.9183     -75.2196     -77.5260
                -76.2584     -75.4006     -78.6782     -72.8274     -71.0884
                -74.6847     -74.9337     -75.0804     -77.1217     -81.8237
   5    100     -73.5118     -75.9920     -76.5103     -80.0554     -76.0980
                -81.1471     -79.5485     -78.3951     -75.4760     -78.7856
                -76.7934     -76.8109     -78.1918     -79.8105     -82.7763
                -79.1159     -74.2345     -81.5013     -78.3817     -79.3593
                -75.4782     -74.6974     -78.4055     -76.9007     -78.5643
                -78.5077     -80.0850     -77.7862     -75.2409     -71.1383
                -76.0410     -77.1208     -78.7961     -75.0912     -77.7743
                -76.5483     -80.8965     -75.2469     -75.5510     -77.8622
                -76.5939     -75.7404     -79.0149     -73.1623     -71.4199
                -75.0183     -75.2660     -75.4138     -77.4544     -82.1597
 
 group  inft   Estimated free energy: 2-th solvent contribution (kcal/mol)
   1      0     -53.6860     -34.6035     -16.0400     -26.3204     -23.5786
                -22.7626     -16.3138      -5.9958      -3.5903       1.2979
                -27.2557     -28.3751     -33.0282      11.0509       2.3935
                -10.5392     -29.0341       7.3989      -4.4256     -25.2553
                -21.7440     -22.7549     -21.6125     -23.8320     -19.0698
                -13.2704      -7.3283     -10.1997     -21.3839     -50.5105
                 -7.5693     -15.6009       3.1867     -28.0817     -26.9775
                -10.8985     -57.8146     -59.9219     -15.8949     -20.9655
                  3.7357      -9.7236     -31.8501     -57.1155     -58.0696
                -45.7698     -52.7464     -29.0872     -26.4736     -16.9974
   1     60     -53.6742     -34.5923     -16.0286     -26.3086     -23.5670
                -22.7504     -16.3019      -5.9842      -3.5791       1.3093
                -27.2444     -28.3635     -33.0168      11.0625       2.4051
                -10.5281     -29.0232       7.4101      -4.4132     -25.2430
                -21.7311     -22.7419     -21.6001     -23.8189     -19.0576
                -13.2583      -7.3163     -10.1876     -21.3723     -50.4988
                 -7.5555     -15.5890       3.1997     -28.0695     -26.9645
                -10.8868     -57.8030     -59.9103     -15.8843     -20.9548
                  3.7477      -9.7123     -31.8388     -57.1048     -58.0585
                -45.7577     -52.7342     -29.0752     -26.4625     -16.9854
   1     80     -53.5866     -34.5074     -15.9405     -26.2175     -23.4775
                -22.6526     -16.2134      -5.8942      -3.4981       1.3929
                -27.1618     -28.2744     -32.9329      11.1511       2.4916
                -10.4480     -28.9439       7.4940      -4.3122     -25.1504
                -21.6347     -22.6490     -21.5143     -23.7232     -18.9686
                -13.1754      -7.2325     -10.1034     -21.2925     -50.4118
                 -7.4470     -15.5034       3.2954     -27.9854     -26.8694
                -10.7998     -57.7135     -59.8184     -15.8098     -20.8797
                  3.8369      -9.6299     -31.7573     -57.0228     -57.9725
                -45.6602     -52.6365     -28.9828     -26.3804     -16.8932
   1    100     -53.3867     -34.3165     -15.7331     -25.9983     -23.2648
                -22.4067     -16.0094      -5.6806      -3.3178       1.5803
                -26.9790     -28.0616     -32.7415      11.3623       2.6916
                -10.2735     -28.7727       7.6858      -4.0506     -24.9277
                -21.3995     -22.4316     -21.3253     -23.4879     -18.7588
                -12.9928      -7.0475      -9.9176     -21.1230     -50.2115
                 -7.1620     -15.3086       3.5303     -27.7980     -26.6390
                -10.5967     -57.5023     -59.5975     -15.6560     -20.7269
                  4.0436      -9.4473     -31.5779     -56.8410     -57.7750
                -45.4168     -52.3939     -28.7610     -26.1965     -16.6692
   2      0     -54.2014     -35.1251     -16.7154     -26.8660     -24.0353
                -23.2771     -16.8245      -6.6490      -4.3669       0.5768
                -27.9268     -28.9919     -33.7222      10.0294       1.5083
                -11.2557     -29.6213       6.8500      -5.0052     -25.8527
                -22.3600     -23.3181     -22.0973     -24.4386     -19.5690
                -13.8294      -8.0125     -10.7467     -21.8782     -50.9477
                 -8.1045     -16.0817       2.7044     -28.5956     -27.4802
                -11.6459     -58.3981     -60.4246     -16.2307     -21.3041
                  3.1157     -10.2097     -32.4192     -57.7040     -58.5268
                -46.4923     -53.2425     -29.4928     -27.0396     -17.7270
   3      0     -53.8384     -34.5900     -16.3918     -26.4045     -23.5970
                -23.0832     -16.4649      -6.3984      -4.0675       0.7986
                -27.6688     -28.6010     -33.1934      10.3932       1.8638
                -10.8766     -29.1930       6.9402      -4.6064     -25.6993
                -22.0595     -23.0357     -21.7872     -24.2666     -19.2316
                -13.3961      -7.7249     -10.4279     -21.5727     -50.4869
                 -7.7626     -15.8601       3.0755     -28.3811     -27.2084
                -11.5347     -58.2666     -60.0402     -15.6615     -20.9508
                  3.4352      -9.8964     -32.0771     -57.3712     -58.2787
                -46.0576     -52.8493     -29.1886     -26.8013     -17.5414
   4      0     -53.6353     -34.3725     -16.3107     -26.3069     -23.4977
                -22.7928     -16.0659      -6.3056      -4.0386       0.7243
                -27.6267     -28.4330     -33.2253      10.4276       1.8655
                -10.8722     -29.1721       7.0071      -4.5348     -25.4630
                -21.9809     -22.7777     -21.4738     -24.0909     -19.1335
                -13.4130      -7.5879     -10.1802     -21.4983     -50.2966
                 -7.5581     -15.4717       3.2895     -28.2694     -27.1248
                -11.4128     -58.1285     -59.8080     -15.7047     -20.7991
                  3.5985      -9.4995     -31.9607     -57.2688     -58.1090
                -45.9249     -52.6851     -29.2507     -26.7881     -17.4896
   5      0     -53.5732     -34.3063     -16.1852     -26.1790     -23.3763
                -22.7320     -16.0014      -6.3144      -3.8782       0.9051
                -27.5583     -28.3768     -33.1391      10.4748       2.0163
                -10.7739     -29.0546       7.0009      -4.4585     -25.3891
                -21.9147     -22.7364     -21.4147     -24.0265     -19.0982
                -13.2383      -7.4845     -10.1254     -21.3886     -50.2278
                 -7.4704     -15.4571       3.3872     -28.1913     -27.0261
                -11.4380     -58.1180     -59.7783     -15.6112     -20.7116
                  3.7335      -9.4632     -31.8940     -57.1245     -58.0282
                -45.7948     -52.6226     -29.1157     -26.7040     -17.4444
   5     60     -53.5574     -34.2908     -16.1694     -26.1627     -23.3603
                -22.7149     -15.9854      -6.2987      -3.8632       0.9204
                -27.5430     -28.3609     -33.1239      10.4906       2.0320
                -10.7588     -29.0397       7.0161      -4.4414     -25.3727
                -21.8977     -22.7195     -21.3988     -24.0096     -19.0827
                -13.2229      -7.4690     -10.1100     -21.3736     -50.2122
                 -7.4523     -15.4416       3.4040     -28.1758     -27.0093
                -11.4226     -58.1022     -59.7621     -15.5968     -20.6971
                  3.7499      -9.4478     -31.8788     -57.1095     -58.0126
                -45.7779     -52.6056     -29.0992     -26.6888     -17.4282
   5     80     -53.4522     -34.1904     -16.0655     -26.0539     -23.2542
                -22.5969     -15.8809      -6.1930      -3.7684       1.0178
                -27.4458     -28.2552     -33.0252      10.5932       2.1335
                -10.6647     -28.9458       7.1143      -4.3205     -25.2624
                -21.7825     -22.6083     -21.2966     -23.8943     -18.9776
                -13.1246      -7.3705     -10.0109     -21.2795     -50.1080
                 -7.3199     -15.3409       3.5184     -28.0763     -26.8964
                -11.3218     -57.9963     -59.6518     -15.5088     -20.6080
                  3.8563      -9.3508     -31.7829     -57.0124     -57.9104
                -45.6604     -52.4879     -28.9887     -26.5925     -17.3194
   5    100     -53.2955     -34.0453     -15.9062     -25.8798     -23.0883
                -22.3991     -15.7236      -6.0305      -3.6334       1.1568
                -27.3074     -28.0901     -32.8794      10.7497       2.2844
                -10.5333     -28.8153       7.2587      -4.1123     -25.0879
                -21.5961     -22.4362     -21.1494     -23.7053     -18.8147
                -12.9851      -7.2298      -9.8695     -21.1491     -49.9521
                 -7.0866     -15.1916       3.7064     -27.9327     -26.7159
                -11.1693     -57.8347     -59.4764     -15.3926     -20.4918
                  4.0181      -9.2117     -31.6472     -56.8738     -57.7565
                -45.4639     -52.2930     -28.8125     -26.4533     -17.1463
 
 group  inft   Estimated free energy: 3-th solvent contribution (kcal/mol)
   1      0      39.4922      26.5122      12.3976      23.5666      19.6996
                 21.5392      14.0724       4.1508       0.3051      -2.6326
                 20.5294      22.8735      26.6952      -9.7580      -0.1077
                  7.0980      18.5180      -6.4858       6.6147      23.1616
                 14.5681      15.7132      12.9565      19.1410      11.7510
                  7.3342       2.3084       4.7051      13.0688      34.6827
                  7.3735       9.3435      -5.3794      17.6321      20.2824
                  7.2081      46.3540      47.9945       9.6454      13.9859
                 -3.2952       5.1492      24.5295      40.8723      42.4712
                 39.3442      44.4784      22.8086      20.7573      16.1008
   1     60      39.1989      26.2162      12.1024      23.2715      19.4029
                 21.2437      13.7743       3.8520       0.0022      -2.9357
                 20.2314      22.5758      26.3974     -10.0606      -0.4106
                  6.7946      18.2185      -6.7878       6.3185      22.8693
                 14.2734      15.4168      12.6555      18.8457      11.4553
                  7.0388       2.0078       4.4011      12.7693      34.3890
                  7.0776       9.0445      -5.6802      17.3354      19.9874
                  6.9133      46.0653      47.7060       9.3455      13.6855
                 -3.5981       4.8457      24.2314      40.5806      42.1816
                 39.0542      44.1888      22.5116      20.4591      15.8029
   1     80      36.4388      23.4332       9.3156      20.4861      16.6137
                 18.4663      10.9758       1.0439      -2.8415      -5.7794
                 17.4301      19.7746      23.5966     -12.9024      -3.2505
                  3.9519      15.4043      -9.6238       3.5192      20.0998
                 11.4851      12.6151       9.8290      16.0566       8.6637
                  4.2452      -0.8249       1.5563       9.9560      31.6227
                  4.2914       6.2384      -8.5081      14.5397      17.2006
                  4.1231      43.3228      44.9656       6.5285      10.8675
                 -6.4434       2.0029      21.4310      37.8270      39.4422
                 36.3151      41.4498      19.7161      17.6532      12.9994
   1    100      27.4350      14.3693       0.2256      11.4081       7.5237
                  9.4146       1.8726      -8.0912     -12.0426     -14.9807
                  8.3331      10.6793      14.5060     -22.1088     -12.4300
                 -5.2267       6.2801     -18.8137      -5.6037      11.0508
                  2.4221       3.5338       0.7029       7.0020      -0.4085
                 -4.8395      -9.9833      -7.6080       0.8521      22.6099
                 -4.7751      -2.8510     -17.6635       5.4716       8.1456
                 -4.9606      34.3329      35.9818      -2.6039       1.7315
                -15.6424      -7.1717      12.3406      28.8067      30.4576
                 27.3394      32.4735      10.6307       8.5484       3.8917
   2      0      39.5276      26.5647      12.4421      23.6122      19.7376
                 21.5879      14.1400       4.2264       0.3478      -2.5797
                 20.5797      22.9167      26.7565      -9.7046      -0.0578
                  7.1337      18.5577      -6.4353       6.6469      23.1949
                 14.6344      15.7721      13.0026      19.2055      11.8394
                  7.3993       2.3534       4.7459      13.1202      34.7250
                  7.4705       9.4068      -5.3167      17.6716      20.3592
                  7.2613      46.4092      48.0527       9.7001      14.0322
                 -3.2456       5.2085      24.5644      40.9005      42.5331
                 39.3732      44.5287      22.8792      20.7900      16.1546
   3      0      39.5070      26.5480      12.4322      23.5810      19.7251
                 21.5643      14.1076       4.2025       0.3227      -2.6027
                 20.5540      22.8940      26.7215      -9.7155      -0.0794
                  7.1306      18.5421      -6.4448       6.6400      23.1781
                 14.5994      15.7163      12.9810      19.1780      11.8096
                  7.3643       2.3185       4.7282      13.0893      34.7007
                  7.4250       9.3792      -5.3539      17.6592      20.3320
                  7.2399      46.3692      48.0354       9.6693      14.0048
                 -3.2698       5.1866      24.5693      40.8874      42.5103
                 39.3572      44.5247      22.8758      20.7734      16.1280
   4      0      39.4988      26.5354      12.4200      23.5905      19.7402
                 21.5612      14.0904       4.1984       0.2936      -2.6001
                 20.5450      22.8850      26.7126      -9.7204      -0.0805
                  7.1185      18.5245      -6.4614       6.6184      23.1672
                 14.6097      15.7523      12.9801      19.1929      11.8064
                  7.3439       2.3189       4.7252      13.0723      34.6795
                  7.4311       9.3717      -5.3612      17.6509      20.3452
                  7.2292      46.3952      48.0161       9.6605      14.0059
                 -3.2617       5.1673      24.5300      40.8640      42.5238
                 39.3605      44.5102      22.8659      20.7709      16.1390
   5      0      39.4578      26.4903      12.3911      23.5438      19.6715
                 21.5234      14.0335       4.1533       0.2717      -2.6322
                 20.5153      22.8704      26.6786      -9.7766      -0.1559
                  7.0932      18.4893      -6.4956       6.5590      23.1037
                 14.5460      15.6953      12.9056      19.1492      11.7781
                  7.3040       2.2673       4.6826      13.0254      34.6456
                  7.3806       9.3115      -5.4056      17.6104      20.2750
                  7.1767      46.3439      47.9586       9.6334      13.9439
                 -3.3097       5.1374      24.5034      40.8097      42.4701
                 39.2896      44.4629      22.8301      20.7245      16.0873
   5     60      39.0548      26.0837      11.9861      23.1388      19.2645
                 21.1181      13.6245       3.7427      -0.1441      -3.0476
                 20.1067      22.4623      26.2702     -10.1916      -0.5716
                  6.6771      18.0782      -6.9099       6.1526      22.7024
                 14.1406      15.2873      12.4922      18.7433      11.3716
                  6.8977       1.8537       4.2652      12.6135      34.2419
                  6.9734       8.9003      -5.8192      17.2025      19.8695
                  6.7717      45.9477      47.5627       9.2222      13.5323
                 -3.7256       4.7210      24.0949      40.4092      42.0724
                 38.8917      44.0653      22.4227      20.3152      15.6790
   5     80      35.6439      22.6446       8.5425      19.6962      15.8181
                 17.6852      10.1678       0.2750      -3.6542      -6.5562
                 16.6466      19.0040      22.8114     -13.7007      -4.0783
                  3.1686      14.6029     -10.4108       2.6928      19.2786
                 10.6985      11.8309       9.0072      15.3035       7.9287
                  3.4505      -1.6384       0.7588       9.1447      30.8262
                  3.5337       5.4399      -9.3072      13.7544      16.4306
                  3.3271      42.5557      44.1736       5.7447      10.0522
                 -7.2369       1.2131      20.6370      37.0031      38.6842
                 35.5030      40.6786      18.9706      16.8503      12.2169
   5    100      27.3756      14.3267       0.1972      11.3628       7.4743
                  9.3775       1.8113      -8.1084     -12.0978     -14.9985
                  8.2987      10.6556      14.4675     -22.1547     -12.5039
                 -5.2585       6.2278     -18.8459      -5.6842      10.9669
                  2.3737       3.4909       0.6230       6.9865      -0.4054
                 -4.8949     -10.0501      -7.6545       0.7872      22.5532
                 -4.7914      -2.9031     -17.7170       5.4276       8.1166
                 -5.0142      34.3008      35.9259      -2.6369       1.6633
                -15.6810      -7.2069      12.2931      28.7210      30.4367
                 27.2607      32.4407      10.6339       8.4902       3.8554
 
 
 cumulative average & 95% error for solvation free energy
              total             1st component         2nd component         3rd component
  1   -87.5055              -73.1750              -53.8384               39.5070
  2   -85.5564     3.8981   -74.3707     2.3913   -44.2142    19.2484    33.0275    12.9590
  3   -83.7308     4.2891   -74.9541     1.8077   -34.9401    21.6227    26.1624    15.6364
  4   -83.4615     3.0803   -76.1733     2.7531   -32.8062    15.8740    25.5171    11.1317
  5   -82.6794     2.8531   -76.0746     2.1417   -30.9643    12.8359    24.3587     8.9284
  6   -82.5967     2.3354   -76.8397     2.3236   -29.6508    10.8047    23.8929     7.3493
  7   -82.4249     2.0034   -77.1538     2.0618   -27.7671     9.8783    22.4950     6.8115
  8   -82.1528     1.8184   -77.2662     1.7997   -25.0960    10.0858    20.2085     7.4640
  9   -81.7960     1.7552   -77.0364     1.6524   -22.7595    10.0477    17.9989     7.9283
 10   -81.6471     1.5979   -77.1831     1.5068   -20.4037    10.1471    15.9388     8.2015
 11   -81.8134     1.4831   -77.1085     1.3711   -21.0642     9.2730    16.3583     7.4658
 12   -81.8414     1.3551   -77.0531     1.2565   -21.6922     8.5577    16.9030     6.9018
 13   -82.0269     1.3006   -77.1092     1.1613   -22.5769     8.0684    17.6582     6.5260
 14   -81.7814     1.3004   -77.2634     1.1185   -20.2219     8.8308    15.7030     7.1970
 15   -81.7034     1.2206   -77.6056     1.2460   -18.7496     8.7325    14.6508     7.0227
 16   -81.7484     1.1453   -77.6727     1.1732   -18.2575     8.2276    14.1808     6.6361
 17   -81.9064     1.1213   -77.4439     1.1933   -18.9008     7.8348    14.4374     6.2546
 18   -81.8279     1.0687   -77.6410     1.1921   -17.4651     7.9251    13.2772     6.3369
 19   -81.5164     1.1875   -77.6569     1.1280   -16.7884     7.6177    12.9279     6.0347
 20   -81.5162     1.1266   -77.7236     1.0785   -17.2339     7.2815    13.4404     5.8161
 21   -81.5625     1.0756   -77.5954     1.0574   -17.4637     6.9413    13.4956     5.5333
 22   -81.5650     1.0255   -77.4455     1.0518   -17.7170     6.6376    13.5965     5.2796
 23   -81.7926     1.0805   -77.4694     1.0061   -17.8939     6.3523    13.5698     5.0452
 24   -81.7814     1.0347   -77.4264     0.9672   -18.1595     6.1050    13.8035     4.8529
 25   -81.9301     1.0361   -77.4524     0.9291   -18.2024     5.8564    13.7237     4.6575
 26   -82.0227     1.0125   -77.4853     0.8951   -18.0175     5.6388    13.4791     4.5014
 27   -82.1344     0.9996   -77.5648     0.8759   -17.6363     5.4792    13.0658     4.4097
 28   -82.1712     0.9660   -77.5613     0.8440   -17.3789     5.3049    12.7680     4.2908
 29   -82.2138     0.9360   -77.4703     0.8345   -17.5235     5.1269    12.7791     4.1403
 30   -82.3518     0.9455   -77.2403     0.9282   -18.6222     5.4187    13.5098     4.2585
 31   -82.1507     0.9990   -77.1932     0.9027   -18.2719     5.2876    13.3135     4.1375
 32   -82.1866     0.9699   -77.1816     0.8743   -18.1966     5.1219    13.1905     4.0137
 33   -82.1403     0.9446   -77.2179     0.8505   -17.5520     5.1289    12.6286     4.0492
 34   -82.2394     0.9376   -77.1464     0.8374   -17.8705     5.0164    12.7766     3.9395
 35   -82.2952     0.9172   -77.1514     0.8132   -18.1373     4.9001    12.9924     3.8495
 36   -82.2378     0.8988   -77.1175     0.7932   -17.9539     4.7762    12.8326     3.7547
 37   -82.5126     1.0326   -77.2092     0.7930   -19.0434     5.1310    13.7390     4.0770
 38   -82.6234     1.0291   -77.1436     0.7829   -20.1223     5.4403    14.6416     4.3595
 39   -82.5833     1.0056   -77.0904     0.7699   -20.0079     5.3039    14.5141     4.2539
 40   -82.6242     0.9836   -77.0950     0.7505   -20.0314     5.1698    14.5013     4.1463
 41   -82.4659     1.0101   -77.0757     0.7330   -19.4591     5.1705    14.0679     4.1358
 42   -82.4047     0.9934   -77.0307     0.7209   -19.2314     5.0664    13.8564     4.0582
 43   -82.4920     0.9856   -77.0684     0.7080   -19.5301     4.9831    14.1056     3.9939
 44   -82.6464     1.0112   -76.9714     0.7184   -20.3902     5.1635    14.7143     4.0876
 45   -82.7373     1.0051   -76.8381     0.7512   -21.2321     5.3209    15.3319     4.1823
 46   -82.7045     0.9852   -76.7879     0.7415   -21.7718     5.3147    15.8542     4.2216
 47   -82.7151     0.9642   -76.7472     0.7301   -22.4330     5.3659    16.4642     4.3072
 48   -82.6877     0.9455   -76.7127     0.7180   -22.5738     5.2605    16.5978     4.2250
 49   -82.6950     0.9261   -76.7189     0.7033   -22.6601     5.1549    16.6830     4.1414
 50   -82.7031     0.9076   -76.8183     0.7172   -22.5577     5.0549    16.6719     4.0578
 
 Mesh error is    0.586 kcal/mol
