 ERmod 0.3.8, Copyright (C) 2000-2019 Nobuyuki Matubayasi
                            2010-2019 Shun Sakuraba
 ERmod comes with ABSOLUTELY NO WARRANTY.
 This is free software, and you can redistribute it
 and/or modify it under certain conditions.
 See LICENSE file for details.
 ERmod 0.3.8, Copyright (C) 2000-2019 Nobuyuki Matubayasi
                            2010-2019 Shun Sakuraba
 ERmod comes with ABSOLUTELY NO WARRANTY.
 This is free software, and you can redistribute it
 and/or modify it under certain conditions.
 See LICENSE file for details.
 
  Number of the   1-th solvent  =          368
  Number of the   2-th solvent  =          368
  Number of the   3-th solvent  =        10000
 
  Be sure that the solvent distribution is homogeneous (radial distribution function is essentially unity) when the solvent molecule is separated beyond distance of   10.0 Angstrom in any direction from any atom within the solute molecule
 
  LJ long-range correction    =        -0.6509     -0.1232     -7.4645
 
  Self-energy of the solute   =        -0.0432  kcal/mol
 
 
 cumulative average & 95% error for solvation energy
              total             1st component         2nd component         3rd component
  1  -470.5671              -99.9723               12.2157             -382.7674
  2  -469.5470     2.0402  -106.7113    13.4781    26.1455    27.8596  -388.9380    12.3413
  3  -469.5803     1.1798  -108.4055     8.4873    26.8191    16.1411  -387.9507     7.3938
  4  -469.1313     1.2257  -108.1708     6.0197    32.0073    15.4253  -392.9246    11.2381
  5  -468.0023     2.4494  -107.7216     4.7486    40.3046    20.4485  -400.5421    17.5466
  6  -467.1006     2.6930  -107.4621     3.9118    46.7803    21.1305  -406.3756    18.4762
  7  -466.7440     2.3851  -108.1466     3.5783    48.4293    18.1605  -406.9835    15.6625
  8  -467.8452     3.0194  -106.9723     3.8883    38.6138    25.1541  -399.4435    20.2828
  9  -468.3996     2.8845  -106.8629     3.4361    33.6050    24.3407  -395.0985    19.8868
 10  -468.6702     2.6361  -106.5633     3.1312    31.0359    22.3692  -393.0995    18.2311
 11  -468.5625     2.3942  -106.9778     2.9512    32.1181    20.3491  -393.6596    16.5286
 12  -468.6371     2.1906  -106.7832     2.7220    31.3106    18.6462  -393.1213    15.1269
 13  -468.4651     2.0442  -107.3379     2.7386    33.6327    17.7696  -394.7167    14.2759
 14  -468.4196     1.8948  -107.2735     2.5388    34.6008    16.5650  -395.7038    13.3635
 15  -468.7879     1.9115  -106.7482     2.5865    31.2853    16.7865  -393.2818    13.3505
 16  -468.7944     1.7881  -106.9797     2.4633    31.6693    15.7211  -393.4408    12.4923
 17  -468.8116     1.6800  -107.0029     2.3144    31.5822    14.7684  -393.3477    11.7360
 18  -468.7889     1.5846  -107.4145     2.3321    31.8449    13.9337  -393.1760    11.0701
 19  -468.7483     1.5011  -107.5296     2.2179    32.4727    13.2396  -393.6481    10.5137
 20  -468.8179     1.4308  -107.7885     2.1669    32.3238    12.5637  -393.3100     9.9971
 21  -468.8478     1.3623  -107.5794     2.1031    31.7979    11.9967  -393.0231     9.5265
 22  -469.1228     1.4105  -107.5629     2.0055    29.8762    12.0668  -391.3930     9.6505
 23  -469.1725     1.3515  -107.3083     1.9828    29.0912    11.6367  -390.9122     9.2714
 24  -469.0866     1.3053  -107.4532     1.9204    29.6575    11.1987  -391.2477     8.9020
 25  -468.9876     1.2676  -107.6802     1.8971    30.6869    10.9369  -391.9510     8.6536
 26  -469.0494     1.2241  -107.7298     1.8254    30.1196    10.5689  -391.3960     8.3879
 27  -469.1607     1.1987  -107.9806     1.8267    29.2295    10.3246  -390.3665     8.3297
 28  -469.2050     1.1585  -108.2268     1.8278    29.2165     9.9490  -390.1515     8.0382
 29  -469.3429     1.1514  -107.9609     1.8421    27.7300    10.0497  -389.0688     8.0527
 30  -469.3955     1.1173  -108.0011     1.7814    27.2578     9.7547  -388.6090     7.8339
 31  -469.2254     1.1329  -108.2393     1.7877    29.0623    10.1015  -390.0051     8.0751
 32  -469.2250     1.0970  -108.1776     1.7353    29.0198     9.7811  -390.0240     7.8188
 33  -469.4046     1.1222  -108.1347     1.6841    27.4398     9.9929  -388.6665     8.0498
 34  -469.4112     1.0888  -108.0407     1.6446    27.2556     9.7015  -388.5829     7.8112
 35  -469.3360     1.0679  -107.9633     1.6044    27.8507     9.4952  -389.1802     7.6783
 36  -469.4879     1.0814  -107.7617     1.6105    26.6470     9.5365  -388.3300     7.6532
 37  -469.5685     1.0640  -107.7392     1.5670    25.4993     9.5550  -387.2854     7.7311
 38  -469.5457     1.0367  -107.8160     1.5329    25.6111     9.3028  -387.2977     7.5250
 39  -469.3974     1.0524  -107.9581     1.5199    27.0776     9.5240  -388.4737     7.6976
 40  -469.3372     1.0328  -107.6832     1.5802    27.4283     9.3093  -389.0392     7.5875
 41  -469.3627     1.0086  -107.5707     1.5575    27.2076     9.0901  -388.9565     7.4020
 42  -469.4189     0.9906  -107.6453     1.5273    26.7261     8.9232  -388.4565     7.2925
 43  -469.4854     0.9764  -107.5917     1.4952    25.9829     8.8391  -387.8334     7.2291
 44  -469.3810     0.9766  -107.6239     1.4622    26.9448     8.8475  -388.6587     7.2531
 45  -469.3784     0.9547  -107.7923     1.4685    27.0605     8.6518  -388.6035     7.0910
 46  -469.4612     0.9482  -107.7730     1.4367    26.4559     8.5476  -388.1009     7.0076
 47  -469.3337     0.9622  -107.9044     1.4302    27.7255     8.7407  -389.1116     7.1487
 48  -469.2691     0.9508  -107.9609     1.4046    28.3513     8.6477  -389.6163     7.0706
 49  -469.2336     0.9339  -107.9526     1.3758    28.7606     8.5089  -389.9984     6.9668
 50  -469.2135     0.9159  -108.0348     1.3579    29.0199     8.3531  -390.1554     6.8333
 
 
 group  inft  solvation free energy     error          difference
  total solvation free energy
   1      0        -77.38732           1.63878           0.84028
   1     60        -77.67266           1.63823           0.55494
   1     80        -80.34388           1.63739          -2.11627
   1    100        -89.80059           1.65393         -11.57299
   2      0        -77.70157           1.65809           0.52604
   3      0        -78.22761           1.66506           0.00000
   4      0        -77.91910           1.66975           0.30851
   5      0        -78.06896           1.67559           0.15865
   5     60        -78.45949           1.67486          -0.23188
   5     80        -81.79794           1.67475          -3.57033
   5    100        -90.53598           1.69094         -12.30837
 
  contribution from  1-th solvent component
   1      0        -88.36388           1.10361          -0.12153
   1     60        -88.37319           1.10355          -0.13083
   1     80        -88.47493           1.10322          -0.23257
   1    100        -88.84310           1.10315          -0.60075
   2      0        -88.20719           1.13976           0.03517
   3      0        -88.24236           1.15211           0.00000
   4      0        -87.80707           1.16104           0.43529
   5      0        -87.92607           1.16315           0.31628
   5     60        -87.94041           1.16308           0.30195
   5     80        -88.07075           1.16275           0.17160
   5    100        -88.41053           1.16276          -0.16817
 
  contribution from  2-th solvent component
   1      0         51.28458           4.06114           0.94247
   1     60         51.29496           4.06112           0.95285
   1     80         51.40308           4.06152           1.06097
   1    100         51.64979           4.06327           1.30767
   2      0         50.82218           4.05524           0.48007
   3      0         50.34212           4.05040           0.00000
   4      0         50.23798           4.04924          -0.10413
   5      0         50.26420           4.04663          -0.07792
   5     60         50.28376           4.04663          -0.05836
   5     80         50.39522           4.04703           0.05310
   5    100         50.61025           4.04827           0.26814
 
  contribution from  3-th solvent component
   1      0        -40.26483           4.67515           0.01934
   1     60        -40.55124           4.67449          -0.26707
   1     80        -43.22884           4.67311          -2.94467
   1    100        -52.56408           4.68923         -12.27991
   2      0        -40.27337           4.67780           0.01080
   3      0        -40.28417           4.67841           0.00000
   4      0        -40.30681           4.67926          -0.02264
   5      0        -40.36389           4.67969          -0.07972
   5     60        -40.75964           4.67884          -0.47547
   5     80        -44.07921           4.67823          -3.79504
   5    100        -52.69250           4.69431         -12.40833
 
 
 group  inft   Estimated free energy: total (kcal/mol)
   1      0     -73.0280     -78.1738     -79.6747     -84.4846     -87.6942
                -85.8936     -85.7483     -66.9685     -68.5117     -72.8981
                -76.2215     -79.2719     -78.9379     -72.7449     -74.6725
                -75.5380     -73.3476     -74.1819     -76.4343     -75.3327
                -76.8959     -77.6566     -80.2554     -78.5968     -85.9432
                -75.4443     -77.3660     -76.5907     -79.0276     -76.6785
                -86.8825     -78.1893     -71.8872     -74.9149     -82.7738
                -71.9616     -66.7800     -70.4050     -84.4641     -78.9222
                -73.9176     -70.5860     -70.6418     -83.2904     -76.5629
                -72.1565     -86.5212     -88.4272     -87.4110     -68.4573
   1     60     -73.3157     -78.4602     -79.9614     -84.7683     -87.9738
                -86.1712     -86.0320     -67.2567     -68.7999     -73.1851
                -76.5072     -79.5569     -79.2209     -73.0290     -74.9590
                -75.8240     -73.6341     -74.4682     -76.7201     -75.6185
                -77.1806     -77.9420     -80.5420     -78.8832     -86.2279
                -75.7322     -77.6539     -76.8765     -79.3152     -76.9650
                -87.1630     -78.4758     -72.1743     -75.2017     -83.0586
                -72.2499     -67.0672     -70.6917     -84.7433     -79.2062
                -74.2051     -70.8739     -70.9306     -83.5724     -76.8504
                -72.4427     -86.8005     -88.7089     -87.6954     -68.7407
   1     80     -76.0062     -81.1383     -82.6440     -87.4349     -90.6300
                -88.8053     -88.7031     -69.9323     -71.4788     -75.8537
                -79.1821     -82.2340     -81.8744     -75.6971     -77.6307
                -78.5016     -76.3056     -77.1400     -79.4062     -78.2913
                -79.8461     -80.6081     -83.2230     -81.5635     -88.9112
                -78.4202     -80.3347     -79.5411     -81.9960     -79.6482
                -89.8207     -81.1598     -74.8382     -77.8763     -85.7335
                -74.9244     -69.7336     -73.3520     -87.3912     -81.8815
                -76.8905     -73.5445     -73.6055     -86.2302     -79.5294
                -75.1042     -89.4509     -91.3711     -90.3773     -71.3972
   1    100     -85.4830     -90.6085     -92.1254     -96.9376    -100.1962
                -98.3208     -98.2441     -79.3175     -80.8734     -85.2364
                -88.6413     -91.7175     -91.3218     -85.1597     -87.0196
                -87.9639     -85.7325     -86.5656     -88.9250     -87.7210
                -89.2678     -89.9989     -92.6936     -91.0532     -98.4675
                -87.8893     -89.7597     -88.9611     -91.4388     -89.1013
                -99.3992     -90.6409     -84.1705     -87.3082     -95.2482
                -84.3053     -79.0683     -82.7047     -96.9200     -91.4065
                -86.3482     -82.9139     -82.9833     -95.7567     -88.9921
                -84.4531     -99.0090    -100.9188     -99.9474     -80.7932
   2      0     -73.0474     -78.6434     -80.2793     -84.7964     -88.2525
                -86.4709     -85.8663     -66.7907     -68.6479     -73.5088
                -76.6319     -79.0543     -79.4135     -72.8698     -74.6468
                -75.8946     -73.7395     -74.7190     -76.5368     -75.6545
                -77.3265     -77.6463     -80.6291     -79.2880     -86.2576
                -75.2846     -77.8222     -76.9265     -79.0035     -76.9387
                -87.2542     -78.2772     -72.2382     -75.4792     -83.2442
                -72.2666     -66.9843     -70.7690     -85.0339     -79.2809
                -74.0480     -71.0732     -71.4481     -83.7554     -77.0419
                -72.5031     -86.9796     -88.8447     -87.7072     -68.2626
   3      0     -73.4407     -79.1473     -80.7342     -85.2929     -88.9280
                -87.0545     -86.5582     -67.0142     -69.0793     -74.2044
                -77.1790     -79.4923     -79.9785     -73.5369     -75.1259
                -76.4897     -74.2175     -75.2486     -77.0564     -76.2540
                -77.7464     -78.1258     -81.1043     -79.8906     -86.7028
                -75.6544     -78.1273     -77.5081     -79.4528     -77.4488
                -87.8228     -78.7368     -72.7354     -75.9691     -83.9107
                -72.8283     -67.4777     -71.2831     -85.5575     -79.8597
                -74.7026     -71.7493     -72.0060     -84.4062     -77.6202
                -73.1322     -87.5300     -89.4389     -88.1207     -68.6998
   4      0     -73.1597     -78.8659     -80.5886     -84.9157     -88.6347
                -86.9450     -86.0950     -66.6309     -68.7989     -73.8040
                -76.7858     -79.1719     -79.7742     -73.1049     -74.7061
                -76.0679     -73.8654     -75.1378     -76.6117     -75.8932
                -77.4623     -77.7914     -80.8540     -79.5980     -86.4179
                -75.3200     -77.9945     -77.2705     -79.1579     -77.0589
                -87.4882     -78.5023     -72.3415     -75.7051     -83.5760
                -72.4388     -67.1097     -71.1151     -85.3855     -79.4415
                -74.3227     -71.4411     -71.7194     -84.0388     -77.3445
                -72.8405     -87.3570     -89.0868     -87.8278     -68.3899
   5      0     -73.1525     -79.0535     -80.7503     -85.0853     -88.9388
                -87.1670     -86.3469     -66.6670     -69.0696     -74.0298
                -77.0734     -79.3984     -79.7821     -73.3027     -74.9491
                -76.1498     -73.7352     -75.2780     -76.7200     -76.1505
                -77.5321     -77.9892     -81.0286     -79.8282     -86.6427
                -75.4485     -78.2981     -77.3109     -79.1300     -77.0676
                -87.7037     -78.6888     -72.5517     -75.6333     -83.5419
                -72.6278     -67.2121     -71.1709     -85.5316     -79.5846
                -74.6724     -71.6568     -71.9420     -84.2829     -77.4211
                -73.1459     -87.6855     -89.1567     -87.8458     -68.3168
   5     60     -73.5467     -79.4457     -81.1428     -85.4729     -89.3220
                -87.5473     -86.7351     -67.0614     -69.4641     -74.4228
                -77.4641     -79.7887     -80.1689     -73.6919     -75.3405
                -76.5418     -74.1272     -75.6698     -77.1120     -76.5421
                -77.9216     -78.3796     -81.4207     -80.2203     -87.0327
                -75.8427     -78.6919     -77.7014     -79.5228     -77.4600
                -88.0877     -79.0811     -72.9442     -76.0252     -83.9322
                -73.0220     -67.6051     -71.5625     -85.9140     -79.9736
                -75.0658     -72.0505     -72.3367     -84.6685     -77.8148
                -73.5374     -88.0685     -89.5421     -88.2353     -68.7053
   5     80     -76.9063     -82.7944     -84.4946     -88.8082     -92.6485
                -90.8518     -90.0778     -70.4001     -72.8065     -77.7562
                -80.8066     -83.1332     -83.4890     -77.0278     -78.6744
                -79.8896     -77.4676     -79.0095     -80.4692     -79.8827
                -81.2515     -81.7075     -84.7686     -83.5704     -90.3867
                -79.1974     -82.0388     -81.0318     -82.8692     -80.8089
                -91.4169     -82.4324     -76.2655     -79.3653     -87.2791
                -76.3605     -70.9296     -74.8831     -89.2313     -83.3202
                -78.4190     -75.3853     -75.6782     -87.9994     -81.1650
                -76.8593     -91.3902     -92.8760     -91.5902     -72.0257
   5    100     -85.6598     -91.5503     -93.2534     -97.5914    -101.4972
                -99.6616     -98.8954     -79.0634     -81.4840     -86.4209
                -89.5480     -91.8910     -92.2212     -85.7771     -87.3481
                -88.6370     -86.1828     -87.7214     -89.2631     -88.5973
                -89.9535     -90.3796     -93.5133     -92.3430     -99.2153
                -87.9357     -90.7430     -89.7318     -91.5870     -89.5422
               -100.2773     -91.1903     -84.8772     -88.0760     -96.0734
                -85.0241     -79.5441     -83.5221     -98.0505     -92.1239
                -87.1559     -84.0433     -84.3466     -96.8120     -89.9096
                -85.4895    -100.2329    -101.7022    -100.4326     -80.7066
 
 group  inft   Estimated free energy: 1-th solvent contribution (kcal/mol)
   1      0     -81.4022     -91.4083     -92.0892     -90.0442     -90.0455
                -89.8850     -92.7014     -75.8006     -83.2050     -87.1080
                -91.4708     -84.2775     -93.6183     -82.9281     -81.5412
                -88.2288     -87.7621     -92.0535     -86.1347     -91.5708
                -86.9662     -88.2622     -87.0591     -90.6600     -93.0750
                -86.4681     -92.7153     -91.6776     -84.2437     -88.4010
                -93.4499     -86.6579     -87.9151     -87.1465     -90.6604
                -84.2525     -85.2729     -91.3169     -92.9106     -80.9297
                -84.8733     -90.2942     -87.7036     -88.8741     -92.0046
                -89.2339     -93.3770     -91.8929     -89.9849     -86.6396
   1     60     -81.4120     -91.4177     -92.0982     -90.0532     -90.0543
                -89.8939     -92.7105     -75.8104     -83.2148     -87.1172
                -91.4800     -84.2870     -93.6270     -82.9378     -81.5510
                -88.2383     -87.7715     -92.0628     -86.1443     -91.5800
                -86.9756     -88.2717     -87.0685     -90.6693     -93.0843
                -86.4776     -92.7247     -91.6869     -84.2533     -88.4102
                -93.4589     -86.6673     -87.9248     -87.1560     -90.6692
                -84.2622     -85.2825     -91.3257     -92.9197     -80.9393
                -84.8830     -90.3034     -87.7129     -88.8833     -92.0137
                -89.2431     -93.3859     -91.9019     -89.9942     -86.6484
   1     80     -81.5167     -91.5192     -92.1975     -90.1527     -90.1531
                -89.9936     -92.8114     -75.9140     -83.3192     -87.2190
                -91.5810     -84.3899     -93.7255     -83.0414     -81.6551
                -88.3409     -87.8736     -92.1659     -86.2474     -91.6811
                -87.0779     -88.3741     -87.1704     -90.7709     -93.1862
                -86.5809     -92.8260     -91.7887     -84.3558     -88.5118
                -93.5592     -86.7694     -88.0291     -87.2584     -90.7681
                -84.3666     -85.3861     -91.4248     -93.0207     -81.0431
                -84.9872     -90.4043     -87.8135     -88.9852     -92.1139
                -89.3441     -93.4862     -92.0016     -90.0968     -86.7468
   1    100     -81.8882     -91.8861     -92.5609     -90.5170     -90.5168
                -90.3582     -93.1831     -76.2785     -83.6890     -87.5884
                -91.9495     -84.7575     -94.0909     -83.4082     -82.0261
                -88.7102     -88.2429     -92.5398     -86.6162     -92.0489
                -87.4483     -88.7437     -87.5396     -91.1393     -93.5580
                -86.9508     -93.1934     -92.1578     -84.7232     -88.8789
                -93.9255     -87.1363     -88.4042     -87.6281     -91.1339
                -84.7395     -85.7556     -91.7904     -93.3897     -81.4110
                -85.3587     -90.7718     -88.1788     -89.3546     -92.4799
                -89.7123     -93.8545     -92.3675     -90.4695     -87.1041
   2      0     -80.9927     -91.2889     -92.0557     -89.9790     -90.0117
                -89.9016     -92.6734     -75.1861     -82.6469     -86.9549
                -91.4098     -83.9417     -93.5950     -82.4347     -81.1579
                -88.0280     -87.5354     -91.9693     -85.8124     -91.5113
                -86.8970     -88.1230     -87.0159     -90.6015     -93.0525
                -86.0711     -92.7314     -91.5397     -84.1037     -88.2466
                -93.3693     -86.5122     -87.8045     -87.0539     -90.6420
                -84.1486     -84.9967     -91.2497     -92.9000     -80.6416
                -84.5803     -90.1622     -87.6269     -88.7689     -91.9110
                -89.1468     -93.3111     -91.8746     -89.9612     -86.2290
   3      0     -80.9528     -91.3221     -92.1238     -90.0989     -90.1225
                -89.9433     -92.7779     -74.9972     -82.6002     -86.9640
                -91.5102     -83.9471     -93.6538     -82.3683     -81.1397
                -88.0690     -87.5224     -91.9859     -85.7139     -91.5754
                -86.9313     -88.2378     -87.0831     -90.6763     -93.1098
                -86.0260     -92.7832     -91.6257     -84.1751     -88.2834
                -93.4955     -86.5681     -87.7787     -87.1137     -90.7170
                -84.2086     -84.9222     -91.3031     -92.9056     -80.6359
                -84.6567     -90.2562     -87.6373     -88.8503     -91.9786
                -89.1988     -93.3866     -91.9584     -90.0146     -86.2116
   4      0     -80.4679     -90.9534     -91.6905     -89.6547     -89.7293
                -89.6107     -92.3090     -74.4216     -82.1659     -86.5833
                -91.1644     -83.4788     -93.2542     -81.8696     -80.5609
                -87.5203     -87.1397     -91.6504     -85.1905     -91.1417
                -86.5181     -87.7163     -86.6971     -90.2150     -92.7224
                -85.5681     -92.3054     -91.2229     -83.7244     -87.8507
                -93.0035     -86.1733     -87.5309     -86.7168     -90.3124
                -83.7807     -84.5138     -90.8998     -92.6021     -80.1595
                -84.0576     -89.8041     -87.2276     -88.3560     -91.4955
                -88.7443     -92.9474     -91.5389     -89.6578     -85.7342
   5      0     -80.5735     -91.0447     -91.8783     -89.7862     -89.9047
                -89.7531     -92.4603     -74.4984     -82.3165     -86.7257
                -91.3551     -83.6481     -93.3061     -81.9906     -80.6969
                -87.5951     -87.0471     -91.7326     -85.2726     -91.3452
                -86.5799     -87.9065     -86.8436     -90.3850     -92.8374
                -85.6778     -92.5390     -91.3004     -83.7986     -87.8880
                -93.2060     -86.2556     -87.6170     -86.7150     -90.2960
                -83.9300     -84.6253     -90.9307     -92.6579     -80.2734
                -84.4029     -89.9868     -87.3976     -88.5089     -91.6081
                -88.9897     -93.2235     -91.5883     -89.7060     -85.6980
   5     60     -80.5884     -91.0590     -91.8923     -89.8001     -89.9185
                -89.7671     -92.4744     -74.5132     -82.3313     -86.7400
                -91.3693     -83.6627     -93.3198     -82.0054     -80.7117
                -87.6096     -87.0616     -91.7470     -85.2873     -91.3595
                -86.5942     -87.9209     -86.8579     -90.3994     -92.8516
                -85.6924     -92.5533     -91.3148     -83.8131     -87.9023
                -93.2200     -86.2701     -87.6316     -86.7295     -90.3098
                -83.9448     -84.6400     -90.9445     -92.6721     -80.2882
                -84.4176     -90.0010     -87.4118     -88.5232     -91.6221
                -89.0039     -93.2375     -91.6023     -89.7205     -85.7119
   5     80     -80.7218     -91.1896     -92.0197     -89.9279     -90.0456
                -89.8957     -92.6040     -74.6449     -82.4644     -86.8704
                -91.4988     -83.7941     -93.4464     -82.1379     -80.8444
                -87.7413     -87.1930     -91.8784     -85.4194     -91.4897
                -86.7253     -88.0524     -86.9879     -90.5297     -92.9814
                -85.8239     -92.6833     -91.4457     -83.9442     -88.0322
                -93.3488     -86.4013     -87.7638     -86.8607     -90.4373
                -84.0778     -84.7723     -91.0719     -92.8018     -80.4207
                -84.5501     -90.1309     -87.5413     -88.6539     -91.7506
                -89.1331     -93.3663     -91.7310     -89.8523     -85.8383
   5    100     -81.0637     -91.5293     -92.3556     -90.2646     -90.3817
                -90.2341     -92.9465     -74.9803     -82.8051     -87.2109
                -91.8392     -84.1326     -93.7830     -82.4768     -81.1860
                -88.0822     -87.5353     -92.2210     -85.7601     -91.8310
                -87.0669     -88.3951     -87.3275     -90.8701     -93.3217
                -86.1631     -93.0235     -91.7875     -84.2838     -88.3709
                -93.6869     -86.7418     -88.1068     -87.2023     -90.7754
                -84.4210     -85.1133     -91.4086     -93.1427     -80.7596
                -84.8909     -90.4719     -87.8802     -88.9948     -92.0874
                -89.4726     -93.7058     -92.0704     -90.1964     -86.1681
 
 group  inft   Estimated free energy: 2-th solvent contribution (kcal/mol)
   1      0      42.3325      56.2776      49.3864      59.3242      72.5254
                 76.7478      62.6918      21.3587      34.9314      42.6569
                 59.4793      44.6749      70.0369      61.4595      28.2440
                 55.1452      53.7895      56.6196      56.5203      52.5762
                 48.6220      31.9982      41.1059      57.3183      60.2593
                 42.3340      37.6468      51.7488      26.8231      41.8746
                 77.3078      48.4088      27.8678      48.6422      60.8665
                 31.2569      32.2107      56.9242      79.1998      55.7741
                 45.9400      43.2967      37.0949      69.9332      52.2969
                 40.5386      79.2910      63.0881      57.0361      60.7456
   1     60      42.3426      56.2881      49.3962      59.3345      72.5350
                 76.7584      62.7017      21.3691      34.9418      42.6682
                 59.4900      44.6849      70.0480      61.4702      28.2541
                 55.1553      53.8003      56.6308      56.5302      52.5868
                 48.6326      32.0084      41.1156      57.3284      60.2690
                 42.3437      37.6570      51.7602      26.8329      41.8846
                 77.3172      48.4189      27.8787      48.6526      60.8765
                 31.2681      32.2214      56.9358      79.2099      55.7842
                 45.9500      43.3079      37.1056      69.9437      52.3072
                 40.5503      79.3010      63.0978      57.0456      60.7571
   1     80      42.4455      56.3935      49.4982      59.4407      72.6412
                 76.8744      62.8038      21.4703      35.0508      42.7843
                 59.6043      44.7852      70.1703      61.5848      28.3589
                 55.2634      53.9160      56.7485      56.6321      52.6990
                 48.7459      32.1141      41.2163      57.4305      60.3633
                 42.4410      37.7567      51.8763      26.9295      41.9851
                 77.4221      48.5186      27.9917      48.7611      60.9818
                 31.3813      32.3327      57.0660      79.3225      55.8885
                 46.0535      43.4236      37.2172      70.0546      52.4103
                 40.6735      79.4097      63.1987      57.1404      60.8826
   1    100      42.6710      56.6338      49.7217      59.6760      72.8835
                 77.1510      63.0234      21.6866      35.3041      43.0588
                 59.8748      45.0013      70.4741      61.8602      28.5901
                 55.5155      54.1904      57.0316      56.8522      52.9639
                 49.0136      32.3518      41.4355      57.6549      60.5572
                 42.6468      37.9708      52.1437      27.1289      42.2006
                 77.6660      48.7315      28.2621      49.0097      61.2201
                 31.6426      32.5960      57.3991      79.5875      56.1188
                 46.2887      43.6967      37.4770      70.3081      52.6367
                 40.9770      79.6616      63.4168      57.3343      61.1919
   2      0      41.9203      55.6991      48.7668      58.9640      71.9613
                 76.2036      62.5677      20.9223      34.2202      41.8870
                 59.0234      44.5748      69.5570      60.8417      27.8732
                 54.5874      53.1666      56.0136      56.0929      52.1862
                 48.1262      31.8836      40.7072      56.5769      59.9455
                 42.0906      37.2053      51.2751      26.7158      41.4609
                 76.8775      48.1910      27.4047      47.9855      60.3843
                 30.8813      31.7054      56.5081      78.6570      55.1316
                 45.4934      42.6708      36.2005      69.3906      51.7381
                 40.0965      78.7939      62.6808      56.7399      60.5623
   3      0      41.5064      55.2427      48.3835      58.5809      71.3982
                 75.6819      62.0066      20.5193      33.7475      41.2097
                 58.5858      44.1454      69.0635      60.1191      27.4127
                 54.0536      52.6854      55.4984      55.4933      51.6577
                 47.7557      31.5281      40.3090      56.0621      59.5618
                 41.6771      36.9590      50.7849      26.3352      41.0013
                 76.4647      47.8088      26.8976      47.5445      59.8017
                 30.3835      31.1463      56.0672      78.1525      54.5554
                 44.9298      42.0829      35.6594      68.8444      51.2502
                 39.5261      78.3346      62.1852      56.3891      60.1160
   4      0      41.3264      55.1964      48.1447      58.5536      71.3333
                 75.4904      62.0246      20.3217      33.6060      41.2347
                 58.6386      44.0226      68.8894      60.0746      27.2711
                 53.9231      52.6731      55.3231      55.4276      51.5849
                 47.6441      31.3603      40.1969      55.9118      59.4787
                 41.5805      36.6461      50.6389      26.2385      40.9790
                 76.3451      47.6643      27.0384      47.4304      59.7431
                 30.3629      31.1248      55.8589      78.0490      54.5518
                 44.7328      41.9710      35.5748      68.7205      51.0587
                 39.3721      78.0886      62.1509      56.3431      59.9831
   5      0      41.4839      55.1671      48.2080      58.5757      71.2627
                 75.4716      61.9778      20.4103      33.5620      41.2446
                 58.6098      44.0217      68.9826      60.0544      27.2474
                 53.9752      52.7664      55.3101      55.4747      51.6134
                 47.6788      31.4174      40.2141      55.9353      59.4358
                 41.6092      36.6512      50.7356      26.3784      41.0648
                 76.3904      47.6127      26.9614      47.5583      59.8222
                 30.3898      31.1821      55.8810      78.0084      54.5683
                 44.7613      41.9811      35.5509      68.6967      51.1499
                 39.3575      78.0938      62.2034      56.4243      60.0766
   5     60      41.5029      55.1860      48.2269      58.5953      71.2817
                 75.4916      61.9969      20.4293      33.5813      41.2654
                 58.6301      44.0405      69.0037      60.0746      27.2669
                 53.9944      52.7868      55.3306      55.4938      51.6333
                 47.6989      31.4367      40.2330      55.9540      59.4539
                 41.6276      36.6701      50.7567      26.3971      41.0836
                 76.4087      47.6314      26.9815      47.5780      59.8414
                 30.4102      31.2019      55.9027      78.0282      54.5875
                 44.7801      42.0016      35.5707      68.7168      51.1689
                 39.3791      78.1128      62.2222      56.4425      60.0983
   5     80      41.6083      55.2933      48.3309      58.7044      71.3908
                 75.6108      62.1009      20.5324      33.6928      41.3864
                 58.7486      44.1434      69.1324      60.1938      27.3744
                 54.1048      52.9056      55.4516      55.5979      51.7492
                 47.8166      31.5463      40.3363      56.0574      59.5495
                 41.7275      36.7726      50.8774      26.4962      41.1862
                 76.5183      47.7338      27.0998      47.6903      59.9492
                 30.5283      31.3184      56.0413      78.1446      54.6940
                 44.8868      42.1209      35.6841      68.8299      51.2730
                 39.5094      78.2242      62.3257      56.5391      60.2309
   5    100      41.8059      55.4982      48.5238      58.9108      71.5998
                 75.8472      62.2922      20.7209      33.9089      41.6269
                 58.9851      44.3329      69.4006      60.4335      27.5775
                 54.3198      53.1398      55.6940      55.7902      51.9795
                 48.0520      31.7564      40.5283      56.2489      59.7178
                 41.9088      36.9603      51.1143      26.6738      41.3754
                 76.7314      47.9214      27.3374      47.9086      60.1549
                 30.7594      31.5506      56.3379      78.3744      54.8943
                 45.0911      42.3576      35.9043      69.0472      51.4654
                 39.7793      78.4400      62.5166      56.7102      60.5070
 
 group  inft   Estimated free energy: 3-th solvent contribution (kcal/mol)
   1      0     -33.9151     -42.9999     -36.9287     -53.7214     -70.1309
                -72.7132     -55.6955     -12.4834     -20.1948     -28.4038
                -44.1868     -39.6262     -55.3133     -51.2331     -21.3321
                -42.4112     -39.3318     -38.7048     -46.7767     -36.2949
                -38.5085     -21.3494     -34.2589     -45.2119     -53.0843
                -31.2671     -22.2543     -36.6188     -21.5638     -30.1090
                -70.6973     -39.8969     -11.7967     -36.3674     -52.9367
                -18.9228     -13.6745     -35.9692     -70.7100     -53.7234
                -34.9411     -23.5452     -19.9899     -64.3063     -36.8120
                -23.4180     -72.3920     -59.5792     -54.4191     -42.5201
   1     60     -34.2031     -43.2875     -37.2161     -54.0064     -70.4113
                -72.9925     -55.9800     -12.7721     -20.4837     -28.6929
                -44.4741     -39.9117     -55.5987     -51.5183     -21.6189
                -42.6979     -39.6197     -38.9930     -47.0628     -36.5821
                -38.7944     -21.6355     -34.5459     -45.4991     -53.3695
                -31.5552     -22.5430     -36.9066     -21.8515     -30.3962
                -70.9782     -40.1842     -12.0851     -36.6552     -53.2227
                -19.2126     -13.9629     -36.2586     -70.9903     -54.0079
                -35.2288     -23.8352     -20.2801     -64.5896     -37.1007
                -23.7067     -72.6724     -59.8616     -54.7036     -42.8062
   1     80     -36.8918     -45.9694     -39.9015     -56.6797     -73.0749
                -75.6429     -58.6523     -15.4454     -23.1671     -31.3758
                -47.1623     -42.5861     -58.2759     -54.1973     -24.2913
                -45.3809     -42.3048     -41.6795     -49.7478     -39.2659
                -41.4709     -24.3049     -37.2257     -48.1799     -56.0451
                -34.2371     -25.2221     -39.5854     -24.5265     -33.0783
                -73.6404     -42.8658     -14.7575     -39.3358     -55.9039
                -21.8959     -16.6371     -38.9500     -73.6499     -56.6837
                -37.9136     -26.5205     -22.9659     -67.2565     -39.7827
                -26.3904     -75.3311     -62.5251     -57.3776     -45.4898
   1    100     -46.2227     -55.3130     -49.2430     -66.0534     -82.5196
                -85.0704     -68.0413     -24.6824     -32.4453     -40.6636
                -56.5233     -51.9180     -67.6618     -63.5684     -33.5405
                -54.7260     -51.6369     -51.0142     -59.1177     -48.5928
                -50.7899     -33.5638     -46.5462     -57.5256     -65.4234
                -43.5422     -34.4939     -48.9037     -33.8014     -42.3797
                -83.0964     -52.1928     -23.9852     -48.6466     -65.2911
                -31.1653     -25.8654     -48.2703     -83.0747     -66.0710
                -47.2350     -35.7956     -32.2384     -76.6669     -49.1057
                -35.6746     -84.7729     -71.9249     -66.7690     -54.8377
   2      0     -33.9319     -43.0104     -36.9472     -53.7382     -70.1589
                -72.7297     -55.7173     -12.4836     -20.1780     -28.3977
                -44.2023     -39.6442     -55.3322     -51.2337     -21.3188
                -42.4108     -39.3276     -38.7202     -46.7741     -36.2862
                -38.5125     -21.3636     -34.2772     -45.2202     -53.1073
                -31.2610     -22.2528     -36.6186     -21.5723     -30.1098
                -70.7191     -39.9128     -11.7952     -36.3676     -52.9433
                -18.9562     -13.6498     -35.9842     -70.7476     -53.7277
                -34.9179     -23.5386     -19.9785     -64.3339     -36.8257
                -23.4096     -72.4192     -59.6077     -54.4427     -42.5527
   3      0     -33.9510     -43.0248     -36.9507     -53.7316     -70.1605
                -72.7499     -55.7437     -12.4930     -20.1834     -28.4068
                -44.2115     -39.6473     -55.3450     -51.2445     -21.3558
                -42.4311     -39.3372     -38.7178     -46.7926     -36.2931
                -38.5276     -21.3729     -34.2870     -45.2332     -53.1116
                -31.2623     -22.2599     -36.6241     -21.5697     -30.1235
                -70.7488     -39.9342     -11.8111     -36.3567     -52.9523
                -18.9600     -13.6585     -36.0040     -70.7612     -53.7360
                -34.9325     -23.5328     -19.9849     -64.3571     -36.8486
                -23.4162     -72.4348     -59.6225     -54.4519     -42.5609
   4      0     -33.9749     -43.0658     -36.9995     -53.7714     -70.1956
                -72.7814     -55.7674     -12.4879     -20.1958     -28.4121
                -44.2168     -39.6725     -55.3661     -51.2667     -21.3730
                -42.4276     -39.3556     -38.7673     -46.8056     -36.2933
                -38.5451     -21.3922     -34.3106     -45.2516     -53.1310
                -31.2892     -22.2920     -36.6432     -21.6288     -30.1441
                -70.7866     -39.9502     -11.8057     -36.3756     -52.9636
                -18.9778     -13.6774     -36.0310     -70.7892     -53.7905
                -34.9548     -23.5648     -20.0234     -64.3602     -36.8646
                -23.4252     -72.4550     -59.6556     -54.4699     -42.5956
   5      0     -34.0196     -43.1327     -37.0368     -53.8317     -70.2536
                -72.8423     -55.8212     -12.5357     -20.2720     -28.5055
                -44.2849     -39.7287     -55.4154     -51.3233     -21.4564
                -42.4868     -39.4112     -38.8123     -46.8788     -36.3755
                -38.5878     -21.4569     -34.3560     -45.3353     -53.1979
                -31.3367     -22.3671     -36.7029     -21.6667     -30.2011
                -70.8449     -40.0027     -11.8530     -36.4333     -53.0250
                -19.0444     -13.7256     -36.0779     -70.8389     -53.8363
                -34.9875     -23.6079     -20.0521     -64.4275     -36.9197
                -23.4706     -72.5126     -59.7286     -54.5208     -42.6522
   5     60     -34.4180     -43.5295     -37.4342     -54.2249     -70.6420
                -73.2286     -56.2145     -12.9342     -20.6709     -28.9049
                -44.6817     -40.1233     -55.8096     -51.7178     -21.8526
                -42.8835     -39.8092     -39.2103     -47.2753     -36.7728
                -38.9830     -21.8522     -34.7526     -45.7318     -53.5918
                -31.7348     -22.7655     -37.1001     -22.0636     -30.5981
                -71.2331     -40.3993     -12.2509     -36.8305     -53.4206
                -19.4443     -14.1238     -36.4775     -71.2269     -54.2298
                -35.3851     -24.0079     -20.4524     -64.8189     -37.3183
                -23.8694     -72.9006     -60.1189     -54.9141     -43.0485
   5     80     -37.7497     -46.8550     -40.7625     -57.5414     -73.9505
                -76.5238     -59.5315     -16.2444     -23.9916     -32.2290
                -48.0133     -43.4392     -59.1318     -55.0405     -25.1612
                -46.2100     -43.1370     -42.5396     -50.6045     -40.0990
                -42.2996     -25.1582     -38.0739     -49.0549     -56.9115
                -35.0578     -26.0849     -40.4203     -25.3780     -33.9198
                -74.5433     -43.7217     -15.5582     -40.1517     -56.7478
                -22.7678     -17.4325     -39.8094     -74.5309     -57.5503
                -38.7124     -27.3321     -23.7778     -68.1322     -40.6442
                -27.1923     -76.2048     -63.4276     -58.2338     -46.3751
   5    100     -46.3589     -55.4760     -49.3785     -66.1944     -82.6721
                -85.2315     -68.1979     -24.7608     -32.5446     -40.7938
                -56.6507     -52.0481     -67.7957     -63.6905     -33.6964
                -54.8314     -51.7441     -51.1513     -59.2500     -48.7026
                -50.8954     -33.6977     -46.6709     -57.6786     -65.5682
                -43.6382     -34.6366     -49.0154     -33.9339     -42.5034
                -83.2785     -52.3267     -24.0646     -48.7391     -65.4096
                -31.3193     -25.9382     -48.4081     -83.2390     -66.2154
                -47.3128     -35.8858     -32.3275     -76.8213     -49.2445
                -35.7530     -84.9239     -72.1052     -66.9032     -55.0023
 
 
 cumulative average & 95% error for solvation free energy
              total             1st component         2nd component         3rd component
  1   -73.4407              -80.9528               41.5064              -33.9510
  2   -76.2940     5.7066   -86.1374    10.3692    48.3746    13.7364   -38.4879     9.0738
  3   -77.7740     4.4292   -88.1329     7.1950    48.3775     7.9307   -37.9755     5.3381
  4   -79.6537     4.8930   -88.6244     5.1817    50.9284     7.5812   -41.9145     8.7356
  5   -81.5086     5.3035   -88.9240     4.0582    55.0223    10.0761   -47.5637    13.1697
  6   -82.4329     4.7084   -89.0939     3.3309    58.4656    10.7289   -51.7614    13.6422
  7   -83.0222     4.1502   -89.6202     3.0055    58.9714     9.1238   -52.3303    11.5858
  8   -81.0212     5.3791   -87.7923     4.4877    54.1649    12.4436   -47.3507    14.1372
  9   -79.6944     5.4357   -87.2154     4.1225    51.8963    11.8752   -44.3321    13.8526
 10   -79.1454     4.9843   -87.1903     3.6876    50.8277    10.8344   -42.7395    12.7930
 11   -78.9666     4.5226   -87.5830     3.4268    51.5329     9.9011   -42.8734    11.5748
 12   -79.0104     4.1295   -87.2800     3.1864    50.9173     9.1219   -42.6045    10.5799
 13   -79.0849     3.8015   -87.7703     3.0907    52.3132     8.8431   -43.5846     9.9276
 14   -78.6886     3.6076   -87.3844     2.9637    52.8707     8.2628   -44.1317     9.2560
 15   -78.4511     3.3920   -86.9681     2.8819    51.1735     8.4079   -42.6133     9.1364
 16   -78.3285     3.1823   -87.0369     2.6993    51.3535     7.8731   -42.6019     8.5463
 17   -78.0867     3.0282   -87.0655     2.5362    51.4319     7.3971   -42.4099     8.0371
 18   -77.9290     2.8723   -87.3388     2.4529    51.6578     6.9887   -42.2048     7.5885
 19   -77.8831     2.7185   -87.2533     2.3265    51.8597     6.6230   -42.4462     7.1942
 20   -77.8016     2.5841   -87.4694     2.2490    51.8496     6.2831   -42.1386     6.8527
 21   -77.7990     2.4580   -87.4438     2.1398    51.6546     5.9891   -41.9666     6.5273
 22   -77.8138     2.3438   -87.4799     2.0415    50.7398     5.9964   -41.0305     6.4990
 23   -77.9569     2.2578   -87.4626     1.9511    50.2863     5.8011   -40.7373     6.2377
 24   -78.0375     2.1677   -87.5965     1.8871    50.5269     5.5749   -40.9247     5.9839
 25   -78.3841     2.1917   -87.8171     1.8630    50.8883     5.3959   -41.4121     5.8217
 26   -78.2791     2.1161   -87.7482     1.7952    50.5341     5.2324   -41.0218     5.6476
 27   -78.2735     2.0363   -87.9347     1.7673    50.0313     5.1343   -40.3269     5.6093
 28   -78.2461     1.9630   -88.0665     1.7233    50.0582     4.9479   -40.1946     5.4117
 29   -78.2877     1.8959   -87.9323     1.6843    49.2402     5.0468   -39.5524     5.3774
 30   -78.2598     1.8325   -87.9440     1.6273    48.9655     4.9065   -39.2381     5.2330
 31   -78.5683     1.8767   -88.1231     1.6142    49.8526     5.0663   -40.2546     5.4544
 32   -78.5735     1.8171   -88.0745     1.5660    49.7887     4.9071   -40.2446     5.2812
 33   -78.3966     1.7964   -88.0655     1.5179    49.0951     4.9543   -39.3830     5.4010
 34   -78.3252     1.7486   -88.0375     1.4736    49.0495     4.8073   -39.2939     5.2427
 35   -78.4848     1.7276   -88.1141     1.4391    49.3567     4.7082   -39.6842     5.1502
 36   -78.3277     1.7081   -88.0056     1.4153    48.8296     4.6953   -39.1085     5.1358
 37   -78.0344     1.7618   -87.9223     1.3865    48.3517     4.6656   -38.4207     5.1811
 38   -77.8568     1.7512   -88.0112     1.3612    48.5547     4.5593   -38.3571     5.0445
 39   -78.0542     1.7509   -88.1367     1.3494    49.3137     4.6931   -39.1880     5.1868
 40   -78.0994     1.7089   -87.9492     1.3677    49.4447     4.5818   -39.5517     5.1076
 41   -78.0165     1.6749   -87.8689     1.3435    49.3346     4.4741   -39.4390     4.9865
 42   -77.8673     1.6616   -87.9258     1.3161    49.1619     4.3799   -39.0603     4.9249
 43   -77.7310     1.6452   -87.9190     1.2852    48.8479     4.3227   -38.6167     4.8902
 44   -77.8827     1.6358   -87.9402     1.2563    49.3024     4.3200   -39.2017     4.9189
 45   -77.8769     1.5991   -88.0299     1.2411    49.3457     4.2238   -39.1494     4.8095
 46   -77.7737     1.5775   -88.0554     1.2149    49.1322     4.1529   -38.8074     4.7533
 47   -77.9813     1.5984   -88.1688     1.2103    49.7535     4.2494   -39.5228     4.8662
 48   -78.2200     1.6359   -88.2477     1.1952    50.0125     4.1920   -39.9416     4.8368
 49   -78.4221     1.6524   -88.2838     1.1728    50.1426     4.1138   -40.2377     4.7739
 50   -78.2276     1.6651   -88.2424     1.1521    50.3421     4.0504   -40.2842     4.6784
 
 Mesh error is    0.840 kcal/mol
