 ERmod 0.3.8, Copyright (C) 2000-2019 Nobuyuki Matubayasi
                            2010-2019 Shun Sakuraba
 ERmod comes with ABSOLUTELY NO WARRANTY.
 This is free software, and you can redistribute it
 and/or modify it under certain conditions.
 See LICENSE file for details.
 ERmod 0.3.8, Copyright (C) 2000-2019 Nobuyuki Matubayasi
                            2010-2019 Shun Sakuraba
 ERmod comes with ABSOLUTELY NO WARRANTY.
 This is free software, and you can redistribute it
 and/or modify it under certain conditions.
 See LICENSE file for details.
 
  Number of the   1-th solvent  =          368
  Number of the   2-th solvent  =          368
  Number of the   3-th solvent  =        10000
 
  Be sure that the solvent distribution is homogeneous (radial distribution function is essentially unity) when the solvent molecule is separated beyond distance of   10.0 Angstrom in any direction from any atom within the solute molecule
 
  LJ long-range correction    =        -0.6509     -0.1232     -7.4645
 
  Self-energy of the solute   =        -0.0070  kcal/mol
 
 
 cumulative average & 95% error for solvation energy
              total             1st component         2nd component         3rd component
  1  -480.5020             -108.4607               36.6093             -408.6436
  2  -485.3993     9.7947  -104.8745     7.1723     0.8310    71.5566  -381.3487    54.5896
  3  -486.2571     5.9094  -103.5561     4.9092    -7.5242    44.5648  -375.1697    33.8536
  4  -485.9663     4.2189  -103.5890     3.4720    -6.1149    31.6379  -376.2554    24.0364
  5  -486.1972     3.3004  -102.6918     3.2330    -9.0185    25.1852  -374.4799    18.9541
  6  -487.8274     4.2298  -102.4651     2.6784   -21.1365    31.7844  -364.2187    25.7035
  7  -489.2300     4.5441  -103.5383     3.1194   -29.9681    32.1495  -355.7166    27.5871
  8  -488.9436     3.9767  -104.5359     3.3585   -28.3536    28.0289  -356.0471    23.9003
  9  -489.4593     3.6557  -104.2135     3.0313   -33.0237    26.4250  -352.2151    22.4282
 10  -490.0242     3.4594  -103.2711     3.3020   -37.2815    25.1225  -349.4645    20.8010
 11  -490.6280     3.3541  -103.2553     2.9870   -42.1681    24.7367  -345.1976    20.6600
 12  -490.5280     3.0684  -103.3385     2.7318   -42.0036    22.5838  -345.1789    18.8600
 13  -490.2520     2.8760  -103.6709     2.5993   -39.0269    21.6103  -347.5472    17.9836
 14  -490.3966     2.6783  -103.5225     2.4247   -38.1465    20.0846  -348.7205    16.8142
 15  -490.0836     2.5707  -103.8090     2.3289   -35.2463    19.5768  -351.0214    16.3155
 16  -489.9075     2.4304  -103.9139     2.1886   -34.2904    18.4119  -351.6962    15.3213
 17  -489.6874     2.3250  -104.6635     2.5444   -31.0195    18.4909  -353.9974    15.1099
 18  -489.5845     2.2017  -104.6986     2.3999   -29.9177    17.5721  -354.9612    14.3755
 19  -489.5869     2.0826  -104.4763     2.3132   -30.3454    16.6435  -354.7582    13.6040
 20  -489.7878     2.0162  -104.6033     2.2092   -31.7608    16.0412  -353.4167    13.1818
 21  -489.7590     1.9186  -104.0471     2.3776   -32.2994    15.2962  -353.4055    12.5384
 22  -489.7502     1.8294  -103.8747     2.2930   -32.7742    14.6152  -353.0942    11.9711
 23  -489.7099     1.7499  -103.7198     2.2129   -32.5144    13.9750  -353.4687    11.4633
 24  -489.4541     1.7518  -103.7503     2.1195   -30.8426    13.7915  -354.8542    11.3196
 25  -489.5006     1.6828  -103.5726     2.0638   -31.6439    13.3251  -354.2770    10.9186
 26  -489.4942     1.6169  -103.4929     1.9892   -31.3686    12.8141  -354.6257    10.5134
 27  -489.3182     1.5951  -103.5130     1.9146   -29.6976    12.7753  -356.1007    10.5379
 28  -489.2194     1.5498  -103.6117     1.8555   -28.4159    12.5747  -357.1848    10.3834
 29  -489.2314     1.4956  -103.6283     1.7906   -28.3785    12.1335  -357.2175    10.0192
 30  -489.3984     1.4830  -103.5638     1.7347   -29.3951    11.8971  -356.4326     9.8060
 31  -489.3430     1.4386  -103.7809     1.7332   -28.6494    11.6032  -356.9057     9.5314
 32  -489.2515     1.4049  -103.8590     1.6854   -27.7937    11.3643  -357.5918     9.3302
 33  -489.4113     1.3986  -103.7048     1.6624   -29.1476    11.3425  -356.5519     9.2792
 34  -489.2706     1.3858  -103.7131     1.6128   -28.1461    11.1847  -357.4044     9.1622
 35  -488.9652     1.4777  -103.8982     1.6092   -25.7457    11.8742  -359.3143     9.6819
 36  -488.9125     1.4399  -104.1331     1.6329   -24.9941    11.6371  -359.7783     9.4548
 37  -488.8877     1.4013  -104.3186     1.6309   -24.1896    11.4320  -360.3725     9.2722
 38  -488.7259     1.4018  -104.1604     1.6187   -22.8567    11.4420  -361.7018     9.4084
 39  -488.5805     1.3960  -104.3419     1.6179   -21.5925    11.4280  -362.6391     9.3537
 40  -488.2606     1.5036  -104.3852     1.5793   -19.3302    12.0225  -364.5382     9.8764
 41  -488.0310     1.5367  -104.6175     1.6089   -17.4051    12.3416  -366.0013    10.0672
 42  -488.0141     1.5000  -104.6508     1.5715   -17.4293    12.0442  -365.9270     9.8257
 43  -488.1116     1.4777  -104.6646     1.5348   -17.9489    11.8066  -365.4911     9.6340
 44  -488.2597     1.4738  -104.5892     1.5071   -18.8928    11.6886  -364.7707     9.5221
 45  -488.3779     1.4599  -104.6989     1.4894   -19.6489    11.5256  -364.0231     9.4275
 46  -488.3495     1.4290  -104.6943     1.4567   -19.4666    11.2781  -364.1816     9.2257
 47  -488.2547     1.4110  -104.7494     1.4296   -18.7285    11.1339  -364.7698     9.1036
 48  -488.0756     1.4270  -104.7311     1.4000   -17.4686    11.1869  -365.8689     9.1790
 49  -487.9810     1.4103  -104.7787     1.3744   -16.7220    11.0575  -366.4733     9.0706
 50  -487.8817     1.3960  -104.6912     1.3580   -16.0411    10.9193  -367.1425     8.9876
 
 
 group  inft  solvation free energy     error          difference
  total solvation free energy
   1      0        -84.48419           1.50581          -0.04212
   1     60        -84.78400           1.50592          -0.34193
   1     80        -87.58058           1.50745          -3.13851
   1    100        -97.28617           1.52554         -12.84410
   2      0        -84.56019           1.52618          -0.11812
   3      0        -84.44207           1.53300           0.00000
   4      0        -84.56599           1.52943          -0.12392
   5      0        -85.08054           1.53204          -0.63847
   5     60        -85.48890           1.53210          -1.04683
   5     80        -88.98968           1.53464          -4.54762
   5    100        -97.93375           1.55193         -13.49169
 
  contribution from  1-th solvent component
   1      0        -83.58324           1.19378          -0.48207
   1     60        -83.59447           1.19373          -0.49330
   1     80        -83.70248           1.19335          -0.60131
   1    100        -84.06927           1.19292          -0.96810
   2      0        -83.22427           1.21614          -0.12310
   3      0        -83.10117           1.22167           0.00000
   4      0        -83.26011           1.22523          -0.15893
   5      0        -83.45353           1.22437          -0.35236
   5     60        -83.46911           1.22432          -0.36794
   5     80        -83.60422           1.22391          -0.50305
   5    100        -83.94503           1.22371          -0.84385
 
  contribution from  2-th solvent component
   1      0         27.03965           5.30342           0.43866
   1     60         27.04506           5.30342           0.44407
   1     80         27.15928           5.30365           0.55829
   1    100         27.36947           5.30471           0.76847
   2      0         26.59857           5.28846          -0.00242
   3      0         26.60099           5.28468           0.00000
   4      0         26.64547           5.28919           0.04448
   5      0         26.35671           5.28541          -0.24429
   5     60         26.36882           5.28544          -0.23217
   5     80         26.48279           5.28573          -0.11820
   5    100         26.66957           5.28649           0.06858
 
  contribution from  3-th solvent component
   1      0        -27.93359           5.62629           0.00129
   1     60        -28.22759           5.62656          -0.29270
   1     80        -31.03037           5.62951          -3.09549
   1    100        -40.57936           5.65429         -12.64447
   2      0        -27.92748           5.62820           0.00741
   3      0        -27.93488           5.62836           0.00000
   4      0        -27.94435           5.62934          -0.00947
   5      0        -27.97671           5.62890          -0.04182
   5     60        -28.38161           5.62920          -0.44672
   5     80        -31.86125           5.63379          -3.92636
   5    100        -40.65129           5.65724         -12.71641
 
 
 group  inft   Estimated free energy: total (kcal/mol)
   1      0     -91.0051     -79.6748     -76.5502     -81.7917     -75.7093
                -84.3320     -84.8220     -86.9426     -80.3387     -83.7528
                -84.0817     -77.5156     -90.3166     -84.9406     -88.1698
                -82.8198     -78.5184     -86.3554     -78.7257     -82.8137
                -77.1624     -78.2855     -81.5412     -76.5372     -84.3898
                -83.1130     -88.7167     -86.2613     -84.7002     -85.0941
                -82.2442     -86.2025     -76.6737     -83.1819     -97.1264
                -90.8861     -83.1835     -84.0586     -90.2811     -96.0204
                -93.9064     -78.8283     -82.9172     -82.4254     -87.7919
                -80.7953     -85.5019     -91.8528     -94.7832     -90.5710
   1     60     -91.3047     -79.9750     -76.8507     -82.0925     -76.0082
                -84.6287     -85.1191     -87.2425     -80.6353     -84.0510
                -84.3773     -77.8152     -90.6170     -85.2411     -88.4705
                -83.1185     -78.8182     -86.6572     -79.0226     -83.1101
                -77.4618     -78.5858     -81.8426     -76.8378     -84.6900
                -83.4140     -89.0177     -86.5613     -85.0001     -85.3933
                -82.5449     -86.5038     -76.9691     -83.4832     -97.4251
                -91.1873     -83.4851     -84.3605     -90.5827     -96.3188
                -94.2054     -79.1297     -83.2172     -82.7247     -88.0901
                -81.0948     -85.8044     -92.1540     -95.0864     -90.8724
   1     80     -94.1138     -82.7686     -79.6648     -84.9078     -78.7975
                -87.3979     -87.8897     -90.0453     -83.3962     -86.8472
                -87.1497     -80.6128     -93.4130     -88.0241     -91.2650
                -85.9148     -81.5938     -89.4675     -81.8010     -85.8872
                -80.2627     -81.3937     -84.6627     -79.6494     -87.4978
                -86.2138     -91.8222     -89.3619     -87.7788     -88.1718
                -85.3336     -89.3060     -79.7141     -86.2963    -100.2286
                -93.9867     -86.2891     -87.1735     -93.3901     -99.1203
                -97.0039     -81.9415     -86.0036     -85.5009     -90.8785
                -83.8884     -88.6183     -94.9799     -97.9154     -93.6877
   1    100    -103.9086     -92.4376     -89.3661     -94.6621     -88.4313
                -96.9691     -97.4461     -99.7223     -92.9227     -96.4942
                -96.7091     -90.2586    -103.1369     -97.6947    -100.9918
                -95.5932     -91.2643     -99.2305     -91.4098     -95.4845
                -89.9232     -91.0721     -94.3892     -89.3762     -97.1730
                -95.9053    -101.6155     -99.1278     -97.4273     -97.8048
                -95.0087     -99.0470     -89.1956     -96.0540    -110.0962
               -103.7364     -96.0465     -97.0042    -103.1884    -109.0202
               -106.8382     -91.6523     -95.6592     -95.1162    -100.5214
                -93.5803     -98.4086    -104.8762    -107.7848    -103.5259
   2      0     -91.3064     -79.4629     -76.3592     -81.6525     -75.5422
                -84.0608     -84.6672     -87.0554     -80.4736     -83.6504
                -84.0569     -77.6420     -90.6570     -85.1976     -88.4670
                -82.6389     -78.6206     -86.2887     -78.8962     -82.9182
                -77.3300     -78.1351     -81.6245     -76.5808     -84.2018
                -83.4710     -89.0179     -86.6385     -84.9997     -85.0454
                -82.3570     -86.4764     -76.5598     -83.2852     -97.4240
                -90.8901     -83.1511     -84.1296     -90.2927     -96.4424
                -94.4271     -78.9487     -83.0209     -82.7510     -87.7324
                -80.9387     -85.5993     -91.8998     -94.7048     -90.3203
   3      0     -91.2761     -79.3087     -76.2121     -81.4476     -75.3941
                -83.7837     -84.5255     -87.0277     -80.4719     -83.6485
                -83.9243     -77.4877     -90.6435     -85.1635     -88.3951
                -82.3911     -78.4111     -86.0194     -78.8718     -82.6352
                -77.3709     -78.0377     -81.4621     -76.2001     -83.9357
                -83.3901     -89.0837     -86.6391     -84.8736     -85.0530
                -82.4501     -86.3831     -76.2380     -83.2734     -97.4077
                -90.8173     -82.7756     -84.0203     -90.2560     -96.3249
                -94.2637     -78.7849     -82.9230     -82.6551     -87.5193
                -80.9440     -85.5425     -91.7359     -94.5002     -90.2037
   4      0     -91.4269     -79.5078     -76.2758     -81.4737     -75.5177
                -84.1216     -84.7413     -87.0690     -80.6347     -83.5827
                -84.1478     -77.6780     -90.6373     -85.1602     -88.5553
                -82.5064     -78.5474     -86.1262     -79.1749     -82.9036
                -77.5546     -77.9151     -81.6824     -76.4084     -84.1004
                -83.6738     -89.0952     -86.7118     -84.9512     -85.1556
                -82.4476     -86.3629     -76.5185     -83.3970     -97.5525
                -90.7953     -83.1160     -84.0583     -90.4841     -96.6019
                -94.5486     -78.8454     -82.9518     -82.7472     -87.5899
                -81.1638     -85.5677     -91.7101     -94.5492     -90.2555
   5      0     -91.9192     -79.9690     -76.8856     -82.0234     -76.0589
                -84.5970     -85.2441     -87.7648     -81.1832     -84.2296
                -84.5332     -77.9548     -90.9958     -85.8018     -89.0061
                -83.0271     -79.0450     -86.7691     -79.6476     -83.3354
                -78.0623     -78.6050     -82.0640     -76.7985     -84.4990
                -84.1250     -89.5104     -87.3938     -85.3757     -85.6160
                -83.0337     -86.9927     -76.9628     -84.1489     -98.0533
                -91.2891     -83.4774     -84.4972     -90.9242     -97.0904
                -95.1828     -79.4002     -83.5320     -83.1567     -88.2318
                -81.7549     -86.0880     -92.2332     -95.1069     -90.8303
   5     60     -92.3281     -80.3777     -77.2961     -82.4336     -76.4667
                -85.0014     -85.6490     -88.1744     -81.5871     -84.6369
                -84.9372     -78.3634     -91.4049     -86.2094     -89.4147
                -83.4348     -79.4521     -87.1797     -80.0531     -83.7399
                -78.4712     -79.0150     -82.4756     -77.2091     -84.9091
                -84.5351     -89.9199     -87.8023     -85.7827     -86.0224
                -83.4424     -87.4028     -77.3652     -84.5598     -98.4601
                -91.6983     -83.8871     -84.9078     -91.3340     -97.4964
                -95.5896     -79.8111     -83.9398     -83.5631     -88.6384
                -82.1629     -86.4997     -92.6440     -95.5195     -91.2405
   5     80     -95.8470     -83.8751     -80.8129     -85.9533     -79.9559
                -88.4646     -89.1124     -91.6790     -85.0411     -88.1304
                -88.4025     -81.8609     -94.9071     -89.6964     -92.9162
                -86.9312     -82.9334     -90.6983     -83.5297     -87.2131
                -81.9718     -82.5256     -85.9997     -80.7270     -88.4178
                -88.0402     -93.4353     -91.3120     -89.2615     -89.5009
                -86.9355     -90.9140     -80.8016     -88.0830    -101.9744
                -95.2044     -87.3982     -88.4333     -94.8506    -101.0135
                -99.1019     -83.3273     -87.4293     -87.0397     -92.1255
                -85.6601     -90.0259     -96.1846     -99.0616     -94.7676
   5    100    -104.8826     -92.7768     -89.7486     -94.9366     -88.8304
                -97.2825     -97.9104    -100.5959     -93.8188     -97.0175
                -97.2096     -90.7483    -103.8761     -98.6081    -101.8870
                -95.8494     -91.8552     -99.6966     -92.3877     -96.0579
                -90.8736     -91.4390     -94.9583     -89.6957     -97.3288
                -96.9722    -102.4667    -100.3172     -98.1488     -98.3728
                -95.8455     -99.8933     -89.5372     -97.0808    -111.0713
               -104.1881     -96.3840     -97.4881    -103.8781    -110.1497
               -108.1771     -92.2714     -96.3299     -95.8998    -101.0080
                -94.5942     -99.0484    -105.3071    -108.1521    -103.8346
 
 group  inft   Estimated free energy: 1-th solvent contribution (kcal/mol)
   1      0     -91.1985     -77.4595     -77.8049     -79.3862     -79.9504
                -81.6722     -88.6328     -91.3088     -83.6563     -76.9491
                -81.4718     -81.9618     -89.0914     -82.7672     -88.9480
                -84.0779     -87.7096     -83.1585     -82.0981     -85.6012
                -75.6564     -76.8767     -80.3783     -81.7459     -81.9511
                -83.0593     -84.9676     -81.9431     -84.3712     -81.0917
                -87.2235     -84.4191     -79.2144     -83.0293     -90.7694
                -90.1355     -82.3944     -78.5745     -89.1607     -88.5794
                -93.1060     -82.0075     -81.5447     -80.6802     -86.3092
                -81.4647     -83.9670     -83.4381     -86.6426     -79.5567
   1     60     -91.2094     -77.4709     -77.8164     -79.3977     -79.9617
                -81.6832     -88.6438     -91.3197     -83.6675     -76.9605
                -81.4829     -81.9731     -89.1022     -82.7785     -88.9590
                -84.0890     -87.7206     -83.1698     -82.1094     -85.6124
                -75.6679     -76.8884     -80.3897     -81.7571     -81.9624
                -83.0703     -84.9787     -81.9545     -84.3825     -81.1029
                -87.2346     -84.4303     -79.2256     -83.0405     -90.7802
                -90.1466     -82.4058     -78.5860     -89.1718     -88.5905
                -93.1169     -82.0188     -81.5559     -80.6915     -86.3204
                -81.4760     -83.9782     -83.4495     -86.6539     -79.5681
   1     80     -91.3144     -77.5814     -77.9270     -79.5089     -80.0708
                -81.7887     -88.7502     -91.4250     -83.7744     -77.0707
                -81.5901     -82.0818     -89.2067     -82.8865     -89.0654
                -84.1959     -87.8261     -83.2783     -82.2173     -85.7197
                -75.7780     -76.9996     -80.4988     -81.8653     -82.0708
                -83.1771     -85.0851     -82.0636     -84.4912     -81.2123
                -87.3419     -84.5392     -79.3320     -83.1483     -90.8854
                -90.2542     -82.5156     -78.6973     -89.2786     -88.6978
                -93.2225     -82.1282     -81.6628     -80.8016     -86.4277
                -81.5853     -84.0856     -83.5588     -86.7627     -79.6774
   1    100     -91.6790     -77.9508     -78.2984     -79.8818     -80.4399
                -82.1494     -89.1166     -91.7886     -84.1394     -77.4402
                -81.9531     -82.4491     -89.5693     -83.2530     -89.4307
                -84.5608     -88.1861     -83.6463     -82.5844     -86.0864
                -76.1476     -77.3704     -80.8676     -82.2321     -82.4379
                -83.5414     -85.4505     -82.4324     -84.8601     -81.5816
                -87.7067     -84.9088     -79.6929     -83.5135     -91.2466
                -90.6227     -82.8841     -79.0714     -89.6437     -89.0661
                -93.5879     -82.4970     -82.0245     -81.1727     -86.7931
                -81.9535     -84.4501     -83.9276     -87.1317     -80.0443
   2      0     -90.9774     -76.9314     -77.2127     -78.9166     -79.5690
                -81.2717     -88.3256     -91.0940     -83.3420     -76.5443
                -81.0509     -81.5549     -88.8779     -82.4585     -88.7324
                -83.6301     -87.1821     -82.7135     -81.7174     -85.2723
                -75.3525     -76.3510     -79.9802     -81.1590     -81.6357
                -82.7456     -84.7266     -81.5870     -84.1095     -80.7107
                -86.9561     -84.0344     -78.8181     -82.5897     -90.6170
                -89.9173     -81.9833     -78.1372     -88.8569     -88.3997
                -92.9762     -81.6180     -81.0234     -80.3739     -85.9978
                -81.0432     -83.5240     -83.1449     -86.3767     -79.0933
   3      0     -90.9045     -76.7269     -77.0541     -78.7079     -79.4929
                -81.1752     -88.2225     -91.0551     -83.2094     -76.5900
                -80.9814     -81.3600     -88.7873     -82.3117     -88.6598
                -83.4663     -86.9533     -82.5411     -81.5828     -85.1438
                -75.2577     -76.1374     -79.8735     -80.9492     -81.4790
                -82.6000     -84.6346     -81.4750     -84.0187     -80.6536
                -86.8274     -83.8391     -78.6413     -82.5214     -90.6036
                -89.8496     -81.7233     -77.9969     -88.7780     -88.3277
                -92.9006     -81.5075     -80.8041     -80.2953     -85.8835
                -80.9493     -83.3685     -82.9856     -86.2727     -78.9782
   4      0     -91.1060     -76.9163     -77.1429     -78.7956     -79.5940
                -81.3324     -88.3592     -91.1540     -83.4269     -76.4844
                -81.1215     -81.6312     -88.9891     -82.4555     -88.8595
                -83.6244     -87.1024     -82.6643     -81.7779     -85.4458
                -75.4522     -76.2690     -80.0303     -81.0883     -81.7533
                -82.8123     -84.7816     -81.5737     -84.2655     -80.7870
                -87.0047     -83.9071     -78.9180     -82.5649     -90.7766
                -89.9147     -81.9805     -78.1350     -88.9394     -88.5193
                -93.1001     -81.6393     -80.8935     -80.5044     -86.0128
                -81.0610     -83.5241     -83.1969     -86.4807     -79.1358
   5      0     -91.2884     -77.0423     -77.4082     -79.0327     -79.8469
                -81.5597     -88.5684     -91.4641     -83.6143     -76.8519
                -81.2524     -81.6652     -89.0305     -82.6911     -88.9890
                -83.8394     -87.3059     -82.9967     -81.9950     -85.5700
                -75.6462     -76.5386     -80.1752     -81.1832     -81.8512
                -82.9550     -84.9691     -81.8336     -84.4032     -80.9626
                -87.2181     -84.1849     -79.0904     -82.8981     -90.9519
                -90.1080     -82.0374     -78.2502     -89.1114     -88.7352
                -93.3240     -81.8702     -81.0403     -80.6445     -86.2978
                -81.3125     -83.7233     -83.3560     -86.6713     -79.3212
   5     60     -91.3035     -77.0582     -77.4241     -79.0487     -79.8626
                -81.5749     -88.5835     -91.4791     -83.6296     -76.8677
                -81.2678     -81.6808     -89.0456     -82.7068     -89.0044
                -83.8547     -87.3214     -83.0124     -82.0104     -85.5853
                -75.6619     -76.5546     -80.1908     -81.1989     -81.8667
                -82.9704     -84.9846     -81.8494     -84.4188     -80.9784
                -87.2337     -84.2007     -79.1056     -82.9137     -90.9672
                -90.1235     -82.0534     -78.2663     -89.1268     -88.7507
                -93.3393     -81.8859     -81.0558     -80.6603     -86.3132
                -81.3283     -83.7390     -83.3719     -86.6870     -79.3372
   5     80     -91.4351     -77.1959     -77.5612     -79.1869     -79.9990
                -81.7080     -88.7158     -91.6105     -83.7633     -77.0048
                -81.4024     -81.8165     -89.1769     -82.8424     -89.1383
                -83.9884     -87.4550     -83.1486     -82.1452     -85.7192
                -75.7984     -76.6933     -80.3262     -81.3345     -82.0022
                -83.1036     -85.1179     -81.9857     -84.5546     -81.1151
                -87.3684     -84.3369     -79.2390     -83.0488     -91.0991
                -90.2586     -82.1907     -78.4047     -89.2602     -88.8852
                -93.4723     -82.0221     -81.1900     -80.7976     -86.4476
                -81.4657     -83.8734     -83.5091     -86.8229     -79.4746
   5    100     -91.7746     -77.5374     -77.9034     -79.5308     -80.3415
                -82.0468     -89.0539     -91.9477     -84.1029     -77.3465
                -81.7416     -82.1575     -89.5151     -83.1842     -89.4803
                -84.3270     -87.7937     -83.4917     -82.4861     -86.0595
                -76.1387     -77.0365     -80.6656     -81.6762     -82.3434
                -83.4408     -85.4575     -82.3272     -84.8965     -81.4578
                -87.7085     -84.6801     -79.5754     -83.3889     -91.4361
                -90.6017     -82.5324     -78.7497     -89.5987     -89.2278
                -93.8137     -82.3634     -81.5271     -81.1414     -86.7874
                -81.8097     -84.2121     -83.8529     -87.1649     -79.8171
 
 group  inft   Estimated free energy: 2-th solvent contribution (kcal/mol)
   1      0      51.3727      18.2431      22.6609      31.2697      28.2301
                 -5.9733      -4.3476      24.1156       2.9905      -4.4534
                -11.2665      15.7925      31.9955      25.3744      38.1434
                 23.2527      51.1165      27.2624      18.0861       6.3321
                 14.0474      11.4638      19.9666      40.0260       7.3587
                 24.6217      41.3346      36.6293      23.6145       7.1619
                 37.0742      33.5418       3.0895      36.0513      60.2661
                 35.8242      39.0839      50.1890      48.2629      67.9124
                 64.1026      26.2245      15.6948       8.8208       5.2418
                 30.2813      42.0573      52.3898      39.4830      39.9693
   1     60      51.3779      18.2489      22.6666      31.2751      28.2368
                 -5.9679      -4.3416      24.1210       2.9965      -4.4485
                -11.2613      15.7983      32.0002      25.3800      38.1487
                 23.2576      51.1226      27.2669      18.0921       6.3375
                 14.0529      11.4692      19.9720      40.0320       7.3641
                 24.6270      41.3394      36.6340      23.6199       7.1671
                 37.0808      33.5467       3.0955      36.0566      60.2712
                 35.8298      39.0897      50.1950      48.2686      67.9173
                 64.1084      26.2302      15.6997       8.8263       5.2465
                 30.2869      42.0626      52.3946      39.4875      39.9740
   1     80      51.4874      18.3691      22.7749      31.3804      28.3643
                 -5.8527      -4.2206      24.2274       3.1229      -4.3498
                -11.1537      15.9129      32.1089      25.5073      38.2690
                 23.3607      51.2605      27.3689      18.2137       6.4470
                 14.1631      11.5764      20.0755      40.1498       7.4667
                 24.7421      41.4494      36.7433      23.7433       7.2847
                 37.2155      33.6597       3.2303      36.1672      60.3793
                 35.9476      39.2114      50.3215      48.3882      68.0283
                 64.2296      26.3427      15.8103       8.9485       5.3448
                 30.4073      42.1749      52.4956      39.5889      40.0793
   1    100      51.6830      18.5941      22.9668      31.5597      28.6202
                 -5.6481      -3.9946      24.4091       3.3712      -4.1895
                -10.9684      16.1261      32.3041      25.7591      38.5004
                 23.5367      51.5537      27.5396      18.4519       6.6423
                 14.3646      11.7608      20.2504      40.3761       7.6358
                 24.9567      41.6454      36.9405      23.9883       7.5022
                 37.4939      33.8678       3.5065      36.3647      60.5698
                 36.1670      39.4462      50.5702      48.6136      68.2346
                 64.4608      26.5472      16.0131       9.1873       5.5027
                 30.6422      42.3780      52.6623      39.7514      40.2560
   2      0      50.8537      17.9172      22.2539      30.9278      28.0090
                 -6.1157      -4.5065      23.7778       2.5266      -4.7729
                -11.6704      15.2658      31.4621      24.7955      37.6244
                 22.9499      50.4881      26.8796      17.5336       5.8761
                 13.5559      11.0869      19.4749      39.3677       7.2321
                 23.9259      40.7975      35.8962      23.0503       6.8108
                 36.6873      32.8650       2.7925      35.5050      59.8269
                 35.6082      38.7063      49.6781      47.9525      67.3256
                 63.4652      25.7130      15.0488       8.1786       4.9700
                 29.6926      41.5175      52.0523      39.2973      39.7720
   3      0      50.8214      17.8715      22.2454      30.9290      28.0921
                 -5.9250      -4.4594      23.7958       2.3845      -4.7121
                -11.5934      15.2221      31.3690      24.6844      37.6304
                 23.0356      50.4729      26.9712      17.4346       6.0355
                 13.4465      10.9768      19.5297      39.5477       7.3538
                 23.8658      40.6536      35.7910      23.0914       6.7597
                 36.4934      32.7625       2.9454      35.4540      59.8327
                 35.6221      38.8209      49.6580      47.9188      67.3801
                 63.5682      25.7789      14.9347       8.1955       5.0697
                 29.5985      41.4284      52.0651      39.4213      39.7795
   4      0      50.8790      17.8745      22.2616      30.9962      28.0806
                 -6.1181      -4.5374      23.8503       2.4769      -4.7433
                -11.6631      15.3202      31.6124      24.8202      37.6842
                 23.0862      50.4860      27.0190      17.3420       6.0610
                 13.4367      11.2470      19.4635      39.4880       7.4744
                 23.7935      40.7916      35.8300      23.2689       6.7883
                 36.6721      32.8628       2.9558      35.4050      59.8687
                 35.7340      38.7392      49.7891      47.8739      67.3006
                 63.5084      25.8651      14.9838       8.3296       5.1281
                 29.5006      41.5568      52.3320      39.5823      39.9154
   5      0      50.6029      17.5587      21.9445      30.7175      27.8132
                 -6.3121      -4.7996      23.4956       2.1296      -4.9654
                -11.8976      15.1261      31.3028      24.4701      37.4007
                 22.7828      50.2212      26.7346      17.1189       5.8084
                 13.1705      10.8642      19.2674      39.1991       7.2117
                 23.5463      40.5754      35.4499      23.0145       6.5227
                 36.3451      32.5370       2.6903      35.0151      59.5905
                 35.4559      38.4696      49.4967      47.6201      67.0730
                 63.1367      25.5614      14.6083       8.0959       4.8327
                 29.1915      41.2550      51.9955      39.2358      39.5549
   5     60      50.6144      17.5716      21.9560      30.7291      27.8266
                 -6.3001      -4.7867      23.5070       2.1425      -4.9547
                -11.8862      15.1383      31.3142      24.4835      37.4132
                 22.7938      50.2355      26.7456      17.1314       5.8200
                 13.1820      10.8756      19.2785      39.2113       7.2229
                 23.5584      40.5869      35.4613      23.0273       6.5352
                 36.3597      32.5488       2.7036      35.0268      59.6022
                 35.4689      38.4829      49.5102      47.6330      67.0843
                 63.1497      25.5736      14.6199       8.1088       4.8434
                 29.2040      41.2671      52.0066      39.2467      39.5661
   5     80      50.7218      17.6925      22.0630      30.8341      27.9568
                 -6.1854      -4.6648      23.6118       2.2688      -4.8571
                -11.7799      15.2528      31.4211      24.6125      37.5333
                 22.8950      50.3766      26.8458      17.2532       5.9277
                 13.2915      10.9809      19.3805      39.3284       7.3243
                 23.6718      40.6952      35.5688      23.1522       6.6529
                 36.4995      32.6603       2.8406      35.1352      59.7101
                 35.5881      38.6074      49.6398      47.7533      67.1948
                 63.2707      25.6858      14.7294       8.2318       4.9400
                 29.3246      41.3785      52.1064      39.3467      39.6705
   5    100      50.8915      17.8955      22.2318      30.9956      28.1872
                 -5.9999      -4.4598      23.7722       2.4881      -4.7136
                -11.6145      15.4420      31.5899      24.8382      37.7372
                 23.0503      50.6372      26.9977      17.4627       6.0990
                 13.4696      11.1446      19.5351      39.5244       7.4771
                 23.8581      40.8674      35.7399      23.3710       6.8482
                 36.7534      32.8413       3.0897      35.3067      59.8806
                 35.7865      38.8219      49.8665      47.9548      67.3744
                 63.4733      25.8675      14.9060       8.4431       5.0820
                 29.5302      41.5571      52.2557      39.4941      39.8298
 
 group  inft   Estimated free energy: 3-th solvent contribution (kcal/mol)
   1      0     -51.1722     -20.4514     -21.3991     -33.6683     -23.9820
                  3.3205       8.1654     -19.7425       0.3342      -2.3432
                  8.6637     -11.3393     -33.2137     -27.5407     -37.3582
                -21.9876     -41.9183     -30.4523     -14.7066      -3.5376
                -15.5464     -12.8657     -21.1225     -34.8104      -9.7904
                -24.6684     -45.0767     -40.9405     -23.9366     -11.1574
                -32.0879     -35.3182      -0.5418     -36.1968     -66.6161
                -36.5678     -39.8660     -55.6661     -49.3763     -75.3465
                -64.8960     -23.0383     -17.0602     -10.5590      -6.7175
                -29.6049     -43.5852     -60.7975     -47.6166     -50.9766
   1     60     -51.4663     -20.7460     -21.6938     -33.9628     -24.2763
                  3.0294       7.8733     -20.0369       0.0427      -2.6350
                  8.3739     -11.6334     -33.5080     -27.8356     -37.6532
                -22.2801     -42.2132     -30.7473     -14.9984      -3.8282
                -15.8399     -13.1596     -21.4180     -35.1057     -10.0847
                -24.9638     -45.3714     -41.2338     -24.2305     -11.4505
                -32.3841     -35.6132      -0.8320     -36.4923     -66.9091
                -36.8635     -40.1620     -55.9624     -49.6725     -75.6386
                -65.1898     -23.3341     -17.3541     -10.8524      -7.0092
                -29.8987     -43.8819     -61.0922     -47.9131     -51.2713
   1     80     -54.2799     -23.5494     -24.5057     -36.7723     -27.0840
                  0.2505       5.0882     -22.8408      -2.7377      -5.4197
                  5.6011     -14.4369     -36.3082     -30.6379     -40.4615
                -25.0726     -45.0212     -33.5511     -17.7905      -6.6075
                -18.6407     -15.9635     -24.2324     -37.9269     -12.8867
                -27.7718     -48.1795     -44.0346     -27.0238     -14.2371
                -35.2002     -38.4194      -3.6054     -39.3083     -69.7154
                -39.6730     -42.9778     -58.7907     -52.4928     -78.4438
                -68.0040     -26.1490     -20.1442     -13.6408      -9.7886
                -32.7034     -46.7007     -63.9098     -50.7346     -54.0826
   1    100     -63.9056     -33.0739     -34.0275     -46.3330     -36.6046
                 -9.1647      -4.3279     -32.3358     -12.1474     -14.8575
                 -3.7806     -23.9286     -45.8647     -40.1938     -50.0545
                -34.5621     -54.6249     -43.1168     -27.2703     -16.0334
                -28.1332     -25.4555     -33.7650     -47.5132     -22.3639
                -37.3136     -57.8035     -53.6289     -36.5485     -23.7184
                -44.7890     -47.9991     -13.0021     -48.8982     -79.4125
                -49.2737     -52.6016     -68.4959     -62.1513     -88.1817
                -77.7041     -35.6955     -29.6408     -23.1239     -19.2240
                -42.2620     -56.3295     -73.6038     -60.3975     -63.7306
   2      0     -51.1757     -20.4417     -21.3935     -33.6567     -23.9751
                  3.3337       8.1719     -19.7322       0.3488      -2.3262
                  8.6714     -11.3459     -33.2342     -27.5276     -37.3519
                -21.9517     -41.9196     -30.4478     -14.7054      -3.5150
                -15.5263     -12.8640     -21.1121     -34.7825      -9.7911
                -24.6443     -45.0817     -40.9408     -23.9335     -11.1384
                -32.0812     -35.2999      -0.5272     -36.1935     -66.6269
                -36.5740     -39.8671     -55.6635     -49.3813     -75.3614
                -64.9090     -23.0367     -17.0394     -10.5487      -6.6976
                -29.5811     -43.5857     -60.8002     -47.6184     -50.9920
   3      0     -51.1859     -20.4463     -21.3964     -33.6617     -23.9862
                  3.3236       8.1635     -19.7613       0.3600      -2.3395
                  8.6575     -11.3428     -33.2182     -27.5292     -37.3588
                -21.9534     -41.9237     -30.4424     -14.7165      -3.5199
                -15.5527     -12.8701     -21.1114     -34.7916      -9.8035
                -24.6489     -45.0957     -40.9481     -23.9392     -11.1520
                -32.1092     -35.2995      -0.5351     -36.1990     -66.6298
                -36.5829     -39.8662     -55.6745     -49.3899     -75.3703
                -64.9243     -23.0493     -17.0466     -10.5483      -6.6985
                -29.5862     -43.5954     -60.8084     -47.6418     -50.9980
   4      0     -51.1929     -20.4590     -21.3875     -33.6673     -23.9972
                  3.3359       8.1623     -19.7582       0.3224      -2.3481
                  8.6438     -11.3601     -33.2536     -27.5179     -37.3730
                -21.9613     -41.9239     -30.4739     -14.7320      -3.5118
                -15.5321     -12.8861     -21.1086     -34.8011      -9.8144
                -24.6480     -45.0982     -40.9611     -23.9475     -11.1499
                -32.1080     -35.3116      -0.5492     -36.2300     -66.6377
                -36.6076     -39.8677     -55.7055     -49.4115     -75.3762
                -64.9498     -23.0642     -17.0350     -10.5653      -6.6982
                -29.5963     -43.5933     -60.8381     -47.6438     -51.0281
   5      0     -51.2267     -20.4784     -21.4148     -33.7012     -24.0182
                  3.2818       8.1309     -19.7894       0.3086      -2.4052
                  8.6238     -11.4087     -33.2611     -27.5738     -37.4108
                -21.9636     -41.9533     -30.5000     -14.7644      -3.5668
                -15.5796     -12.9236     -21.1491     -34.8074      -9.8526
                -24.7093     -45.1096     -41.0031     -23.9800     -11.1691
                -32.1537     -35.3377      -0.5557     -36.2589     -66.6849
                -36.6300     -39.9025     -55.7367     -49.4259     -75.4212
                -64.9885     -23.0844     -17.0930     -10.6011      -6.7597
                -29.6270     -43.6127     -60.8657     -47.6644     -51.0569
   5     60     -51.6319     -20.8841     -21.8211     -34.1069     -24.4237
                  2.8806       7.7281     -20.1953      -0.0930      -2.8075
                  8.2238     -11.8139     -33.6665     -27.9791     -37.8165
                -22.3669     -42.3592     -30.9058     -15.1670      -3.9677
                -15.9843     -13.3289     -21.5563     -35.2145     -10.2582
                -25.1161     -45.5153     -41.4072     -24.3842     -11.5723
                -32.5614     -35.7440      -0.9562     -36.6660     -67.0881
                -37.0366     -40.3096     -56.1447     -49.8332     -75.8230
                -65.3929     -23.4918     -17.4969     -11.0046      -7.1616
                -30.0316     -44.0208     -61.2717     -48.0722     -51.4625
   5     80     -55.1267     -24.3647     -25.3077     -37.5934     -27.9067
                 -0.5642       4.2752     -23.6733      -3.5395      -6.2615
                  4.7869     -15.2902     -37.1443     -31.4595     -41.3042
                -25.8309     -45.8480     -34.3885     -18.6307      -7.4145
                -19.4579     -16.8062     -25.0470     -38.7138     -13.7329
                -28.6015     -49.0057     -44.8882     -27.8521     -15.0317
                -36.0595     -39.2304      -4.3962     -40.1625     -70.5784
                -40.5269     -43.8080     -59.6614     -53.3367     -79.3160
                -68.8933     -26.9840     -20.9617     -14.4669     -10.6109
                -33.5120     -47.5240     -64.7749     -51.5783     -54.9566
   5    100     -63.9925     -33.1278     -34.0700     -46.3944     -36.6690
                 -9.2288      -4.3897     -32.4134     -12.1970     -14.9504
                 -3.8465     -24.0258     -45.9439     -40.2551     -50.1369
                -34.5658     -54.6917     -43.1955     -27.3573     -16.0903
                -28.1975     -25.5401     -33.8208     -47.5370     -22.4555
                -37.3826     -57.8696     -53.7230     -36.6162     -23.7562
                -44.8835     -48.0475     -13.0444     -48.9916     -79.5089
                -49.3659     -52.6665     -68.5980     -62.2272     -88.2893
                -77.8297     -35.7685     -29.7018     -23.1945     -19.2956
                -42.3077     -56.3865     -73.7029     -60.4743     -63.8403
 
 
 cumulative average & 95% error for solvation free energy
              total             1st component         2nd component         3rd component
  1   -91.2761              -90.9045               50.8214              -51.1859
  2   -85.2924    11.9674   -83.8157    14.1777    34.3464    32.9499   -35.8161    30.7396
  3   -82.2656     9.1861   -81.5618     9.3446    30.3127    20.6635   -31.0095    20.1838
  4   -82.0611     6.5084   -80.8484     6.7600    30.4668    14.6146   -31.6726    14.3336
  5   -80.7277     5.7033   -80.5773     5.2642    29.9919    11.3602   -30.1353    11.5206
  6   -81.2370     4.7668   -80.6769     4.3028    24.0057    15.1450   -24.5588    14.5901
  7   -81.7068     4.1368   -81.7549     4.2276    19.9393    15.1651   -19.8842    15.4745
  8   -82.3719     3.8216   -82.9174     4.3371    20.4213    13.1687   -19.8688    13.4013
  9   -82.1608     3.3967   -82.9499     3.8255    18.4172    12.2859   -17.6212    12.6449
 10   -82.3096     3.0526   -82.3139     3.6504    16.1043    11.9228   -16.0930    11.7156
 11   -82.4564     2.7767   -82.1927     3.3108    13.5863    11.9025   -13.8430    11.5131
 12   -82.0423     2.6667   -82.1233     3.0255    13.7227    10.8688   -13.6346    10.5182
 13   -82.7039     2.7871   -82.6359     2.9659    15.0801    10.3599   -15.1411    10.1336
 14   -82.8796     2.6042   -82.6128     2.7463    15.7661     9.6890   -16.0259     9.5473
 15   -83.2473     2.5334   -83.0159     2.6808    17.2237     9.4794   -17.4481     9.3321
 16   -83.1938     2.3722   -83.0441     2.5083    17.5870     8.8969   -17.7297     8.7475
 17   -82.9125     2.2983   -83.2740     2.4006    19.5214     9.2093   -19.1529     8.6959
 18   -83.0851     2.1942   -83.2333     2.2647    19.9353     8.7220   -19.7801     8.2940
 19   -82.8633     2.1223   -83.1464     2.1493    19.8037     8.2544   -19.5136     7.8634
 20   -82.8519     2.0135   -83.2463     2.0487    19.1153     7.9509   -18.7139     7.6294
 21   -82.5909     1.9851   -82.8659     2.0920    18.8453     7.5820   -18.5634     7.2633
 22   -82.3840     1.9375   -82.5601     2.0863    18.4877     7.2645   -18.3046     6.9446
 23   -82.3439     1.8531   -82.4432     2.0072    18.5330     6.9421   -18.4266     6.6403
 24   -82.0879     1.8466   -82.3810     1.9258    19.4086     6.8734   -19.1085     6.5022
 25   -82.1618     1.7773   -82.3449     1.8485    18.9264     6.6628   -18.7363     6.2809
 26   -82.2090     1.7102   -82.3547     1.7761    19.1164     6.4127   -18.9637     6.0516
 27   -82.4637     1.7226   -82.4392     1.7174    19.9141     6.3735   -19.9315     6.1365
 28   -82.6128     1.6865   -82.4047     1.6564    20.4811     6.2455   -20.6821     6.1009
 29   -82.6907     1.6348   -82.4604     1.6021    20.5711     6.0290   -20.7944     5.8910
 30   -82.7695     1.5872   -82.4002     1.5524    20.1107     5.8969   -20.4730     5.7274
 31   -82.7592     1.5353   -82.5430     1.5285    20.6392     5.8006   -20.8484     5.5902
 32   -82.8724     1.5037   -82.5835     1.4821    21.0180     5.6673   -21.3000     5.4876
 33   -82.6714     1.5119   -82.4640     1.4563    20.4704     5.6010   -20.6708     5.4655
 34   -82.6891     1.4672   -82.4657     1.4128    20.9111     5.5048   -21.1275     5.3805
 35   -83.1096     1.6544   -82.6982     1.4485    22.0231     5.7895   -22.4275     5.8357
 36   -83.3237     1.6638   -82.8969     1.4627    22.4009     5.6768   -22.8207     5.7256
 37   -83.3089     1.6185   -82.8652     1.4240    22.8447     5.5922   -23.2814     5.6444
 38   -83.3276     1.5758   -82.7370     1.4095    23.5503     5.6230   -24.1339     5.7523
 39   -83.5053     1.5754   -82.8919     1.4074    24.1751     5.6177   -24.7815     5.7506
 40   -83.8258     1.6639   -83.0278     1.3984    25.2552     5.8862   -26.0462     6.1493
 41   -84.0804     1.7008   -83.2686     1.4464    26.1897     6.0374   -26.9944     6.2902
 42   -83.9543     1.6789   -83.2267     1.4141    26.1799     5.8919   -26.9005     6.1415
 43   -83.9303     1.6401   -83.1704     1.3854    25.9184     5.7770   -26.6713     6.0144
 44   -83.9013     1.6034   -83.1050     1.3598    25.5156     5.7014   -26.3049     5.9217
 45   -83.9817     1.5756   -83.1668     1.3350    25.0613     5.6468   -25.8692     5.8538
 46   -83.9157     1.5466   -83.1186     1.3092    25.1599     5.5262   -25.9500     5.7274
 47   -83.9503     1.5150   -83.1239     1.2811    25.5060     5.4515   -26.3254     5.6543
 48   -84.1125     1.5181   -83.1210     1.2541    26.0594     5.4502   -27.0438     5.7187
 49   -84.3245     1.5461   -83.1853     1.2350    26.3320     5.3656   -27.4642     5.6635
 50   -84.4421     1.5330   -83.1012     1.2217    26.6010     5.2847   -27.9349     5.6284
 
 Mesh error is    0.638 kcal/mol
