 ERmod 0.3.8, Copyright (C) 2000-2019 Nobuyuki Matubayasi
                            2010-2019 Shun Sakuraba
 ERmod comes with ABSOLUTELY NO WARRANTY.
 This is free software, and you can redistribute it
 and/or modify it under certain conditions.
 See LICENSE file for details.
 ERmod 0.3.8, Copyright (C) 2000-2019 Nobuyuki Matubayasi
                            2010-2019 Shun Sakuraba
 ERmod comes with ABSOLUTELY NO WARRANTY.
 This is free software, and you can redistribute it
 and/or modify it under certain conditions.
 See LICENSE file for details.
 
  Number of the   1-th solvent  =          368
  Number of the   2-th solvent  =          368
  Number of the   3-th solvent  =        10000
 
  Be sure that the solvent distribution is homogeneous (radial distribution function is essentially unity) when the solvent molecule is separated beyond distance of   10.0 Angstrom in any direction from any atom within the solute molecule
 
  LJ long-range correction    =        -0.6509     -0.1232     -7.4645
 
  Self-energy of the solute   =        -0.0477  kcal/mol
 
 
 cumulative average & 95% error for solvation energy
              total             1st component         2nd component         3rd component
  1  -514.8073              -96.2009              -19.5890             -398.9697
  2  -511.9229     5.7689   -96.7980     1.1941     2.5269    44.2317  -417.6041    37.2687
  3  -512.9311     3.8935   -95.3224     3.0307    -6.1157    30.8371  -411.4454    24.7932
  4  -513.1755     2.7962   -97.4425     4.7510    -6.8081    21.8490  -408.8773    18.2683
  5  -513.8118     2.5121   -97.6658     3.7071   -10.8220    18.7316  -405.2763    15.8779
  6  -513.9367     2.0663   -97.0678     3.2546   -13.2457    16.0442  -403.5755    13.4031
  7  -514.4347     2.0104   -97.6612     2.9958   -15.9588    14.6051  -400.7671    12.6438
  8  -513.9059     2.0371   -97.3183     2.6835   -11.0711    15.9857  -405.4689    14.4335
  9  -513.4543     2.0108   -97.5430     2.4089    -7.3045    15.9845  -408.5591    14.1503
 10  -513.3000     1.8248   -97.4029     2.1727    -6.0171    14.5269  -409.8323    12.9100
 11  -514.0099     2.1772   -97.0896     2.0628   -12.9192    19.0583  -403.9533    16.5715
 12  -514.2633     2.0511   -95.9630     2.9365   -15.8428    18.3540  -402.4098    15.4394
 13  -513.7665     2.1324   -96.9466     3.3416   -10.8961    19.5684  -405.8761    15.8039
 14  -513.2599     2.2190   -97.2169     3.1406    -6.4085    20.2182  -409.5869    16.4062
 15  -513.2664     2.0658   -97.4264     2.9536    -6.5916    18.8257  -409.2007    15.2929
 16  -513.1441     1.9478   -98.0404     3.0234    -4.6616    18.0279  -410.3944    14.5030
 17  -513.2053     1.8338   -98.0431     2.8400    -4.9876    16.9468  -410.1270    13.6337
 18  -512.8625     1.8599   -98.6019     2.9015    -1.7056    17.2733  -412.5073    13.7072
 19  -512.8155     1.7618   -98.6173     2.7447    -1.4518    16.3468  -412.6988    12.9714
 20  -513.3446     1.9782   -98.5898     2.6044    -4.8926    16.9662  -409.8145    13.5907
 21  -513.6539     1.9807   -98.1525     2.6271    -7.7292    17.1062  -407.7244    13.5863
 22  -513.5678     1.8963   -98.3466     2.5348    -6.8051    16.4145  -408.3684    13.0179
 23  -513.4310     1.8325   -98.3937     2.4239    -5.6398    15.8568  -409.3499    12.5930
 24  -513.7880     1.8942   -98.2843     2.3310    -8.5937    16.2908  -406.8622    13.0431
 25  -514.0737     1.9046   -97.8512     2.3978   -11.0244    16.3643  -405.1504    12.9705
 26  -514.0143     1.8337   -97.9527     2.3126   -10.7715    15.7304  -405.2424    12.4630
 27  -513.9636     1.7674   -97.7330     2.2683   -10.8336    15.1371  -405.3494    11.9945
 28  -513.9724     1.7032   -97.5384     2.2202   -11.0605    14.5936  -405.3258    11.5583
 29  -514.2807     1.7553   -97.3523     2.1743   -14.2911    15.4929  -402.5896    12.4229
 30  -514.2519     1.6967   -97.3093     2.1023   -14.5602    14.9773  -402.3347    12.0124
 31  -514.2883     1.6427   -97.3084     2.0334   -14.5826    14.4862  -402.3495    11.6185
 32  -514.1821     1.6046   -97.3852     1.9748   -13.8221    14.1084  -402.9271    11.3087
 33  -514.2034     1.5558   -97.4740     1.9222   -13.9741    13.6776  -402.7077    10.9695
 34  -514.2302     1.5103   -97.4149     1.8686   -14.1268    13.2727  -402.6408    10.6428
 35  -514.2071     1.4673   -97.2296     1.8519   -14.0687    12.8884  -402.8611    10.3436
 36  -514.1798     1.4270   -97.3767     1.8236   -13.8098    12.5360  -402.9456    10.0536
 37  -514.1043     1.3960   -97.5003     1.7907   -13.3114    12.2332  -403.2449     9.7964
 38  -514.0911     1.3591   -97.5825     1.7507   -13.2904    11.9070  -403.1706     9.5363
 39  -514.1694     1.3330   -97.5206     1.7097   -13.8184    11.6456  -402.7828     9.3209
 40  -514.3729     1.3614   -97.1953     1.7889   -15.5133    11.8461  -401.6166     9.3795
 41  -514.4592     1.3390   -97.1505     1.7470   -16.3348    11.6698  -400.9262     9.2515
 42  -514.3101     1.3404   -97.2286     1.7120   -15.0796    11.6619  -401.9542     9.2596
 43  -514.1972     1.3282   -97.3678     1.6948   -14.0445    11.5741  -402.7371     9.1763
 44  -514.1513     1.3009   -97.5449     1.6933   -13.4688    11.3665  -403.0899     8.9931
 45  -514.1667     1.2720   -97.4863     1.6593   -13.7554    11.1258  -402.8773     8.8012
 46  -514.1878     1.2448   -97.4596     1.6237   -13.9225    10.8864  -402.7579     8.6111
 47  -514.2893     1.2348   -97.2912     1.6242   -14.7622    10.7838  -402.1883     8.5025
 48  -514.5252     1.2976   -97.1087     1.6313   -16.9467    11.4251  -400.4222     9.0420
 49  -514.5096     1.2712   -97.0377     1.6040   -16.8851    11.1902  -400.5391     8.8587
 50  -514.4260     1.2567   -97.1761     1.5957   -16.1710    11.0567  -401.0311     8.7353
 
 
 group  inft  solvation free energy     error          difference
  total solvation free energy
   1      0       -101.96902           1.17197           0.24892
   1     60       -102.31951           1.17188          -0.10157
   1     80       -105.66008           1.17393          -3.44214
   1    100       -116.42830           1.19122         -14.21036
   2      0       -101.83592           1.18900           0.38202
   3      0       -102.21794           1.20253           0.00000
   4      0       -101.63797           1.20685           0.57997
   5      0       -102.22917           1.21687          -0.01123
   5     60       -102.70737           1.21672          -0.48942
   5     80       -106.84397           1.21962          -4.62603
   5    100       -116.68159           1.23589         -14.46365
 
  contribution from  1-th solvent component
   1      0        -76.00859           1.27396          -0.29786
   1     60        -76.02404           1.27397          -0.31331
   1     80        -76.15946           1.27379          -0.44873
   1    100        -76.58422           1.27409          -0.87349
   2      0        -75.81352           1.30474          -0.10279
   3      0        -75.71073           1.31802           0.00000
   4      0        -75.88659           1.31990          -0.17586
   5      0        -76.14342           1.32731          -0.43270
   5     60        -76.16150           1.32725          -0.45077
   5     80        -76.32380           1.32694          -0.61307
   5    100        -76.70238           1.32713          -0.99165
 
  contribution from  2-th solvent component
   1      0         20.74612           5.27796           0.54535
   1     60         20.75320           5.27796           0.55243
   1     80         20.84377           5.27797           0.64300
   1    100         20.93506           5.27823           0.73428
   2      0         20.68415           5.27317           0.48337
   3      0         20.20078           5.26901           0.00000
   4      0         21.00231           5.26325           0.80153
   5      0         20.68398           5.26248           0.48320
   5     60         20.69631           5.26247           0.49554
   5     80         20.80145           5.26242           0.60068
   5    100         20.90300           5.26234           0.70223
 
  contribution from  3-th solvent component
   1      0        -46.65887           5.21099           0.00144
   1     60        -47.00099           5.21097          -0.34068
   1     80        -50.29671           5.21437          -3.63641
   1    100        -60.73146           5.23633         -14.07115
   2      0        -46.65887           5.21165           0.00144
   3      0        -46.66031           5.21216           0.00000
   4      0        -46.70601           5.21304          -0.04570
   5      0        -46.72204           5.21399          -0.06173
   5     60        -47.19450           5.21401          -0.53419
   5     80        -51.27394           5.21877          -4.61363
   5    100        -60.83453           5.23945         -14.17422
 
 
 group  inft   Estimated free energy: total (kcal/mol)
   1      0    -100.2560    -105.8848    -102.5086    -100.1529    -106.6126
               -104.3932    -105.3621    -105.5083    -106.9755     -98.6844
               -100.0933     -96.3363    -106.9959    -110.2372    -102.0567
               -108.2644     -97.6160    -110.1617    -102.1167     -98.2199
                -97.8878    -106.8408    -104.9885     -99.7983    -101.1540
               -100.9737    -106.2085     -99.0611     -99.6287     -96.5060
               -100.7596    -103.9749     -97.9010    -100.9101    -101.2731
                -99.1226     -99.1188    -103.4786     -95.5263    -102.1820
                -96.1323    -109.0000    -107.5865    -101.3254     -97.7700
                -99.6119     -98.1367     -92.8674    -103.4518    -106.8380
   1     60    -100.6085    -106.2346    -102.8597    -100.5037    -106.9640
               -104.7440    -105.7143    -105.8592    -107.3258     -99.0346
               -100.4421     -96.6886    -107.3447    -110.5840    -102.4073
               -108.6140     -97.9678    -110.5100    -102.4686     -98.5707
                -98.2380    -107.1906    -105.3378    -100.1488    -101.5057
               -101.3249    -106.5594     -99.4127     -99.9755     -96.8560
               -101.1116    -104.3262     -98.2505    -101.2610    -101.6250
                -99.4735     -99.4709    -103.8293     -95.8780    -102.5318
                -96.4835    -109.3496    -107.9363    -101.6771     -98.1229
                -99.9633     -98.4871     -93.2125    -103.8021    -107.1877
   1     80    -103.9492    -109.5861    -106.2037    -103.8405    -110.3046
               -108.0922    -109.0610    -109.2224    -110.6706    -102.3815
               -103.7490    -100.0433    -110.6811    -113.9265    -105.7450
               -111.9652    -101.3166    -113.8648    -105.8278    -101.9010
               -101.5690    -110.5368    -108.6751    -103.4704    -104.8446
               -104.6706    -109.9111    -102.7703    -103.2658    -100.1860
               -104.4665    -107.6822    -101.5818    -104.6002    -104.9846
               -102.8078    -102.8195    -107.1727     -99.2191    -105.8478
                -99.8119    -112.7033    -111.2885    -105.0292    -101.4704
               -103.3075    -101.8170     -96.4883    -107.1412    -110.5328
   1    100    -114.6793    -120.4449    -116.9736    -114.5775    -121.0569
               -118.8703    -119.8277    -120.1274    -121.4914    -113.1809
               -114.3666    -110.8044    -121.5140    -124.8427    -116.4915
               -122.8360    -112.0880    -124.7980    -116.6542    -112.5846
               -112.2768    -121.3604    -119.5040    -114.1277    -115.5520
               -115.4543    -120.7207    -113.5744    -113.8365    -110.8971
               -115.2678    -118.5076    -112.3172    -115.3590    -115.8068
               -113.5385    -113.5893    -117.9466    -109.9532    -116.4844
               -110.4810    -123.5883    -122.1524    -115.8283    -112.2090
               -114.0736    -112.5084    -107.0228    -117.9082    -121.3585
   2      0    -100.3386    -106.1446    -102.2798    -100.2532    -106.3798
               -104.3272    -105.2080    -105.2814    -106.9519     -98.5172
                -99.8334     -96.1481    -107.5543    -110.2168    -101.8996
               -107.8665     -97.5217    -109.9972    -101.7308     -97.9743
                -97.4495    -106.8005    -105.0741     -99.4144    -100.9855
               -100.7745    -105.8955     -98.6709     -99.4925     -96.6899
               -100.2518    -104.0403     -97.7762    -100.6354    -101.1019
                -99.1584     -99.0672    -103.6174     -95.0853    -101.7731
                -95.7790    -108.9001    -107.5409    -101.4753     -97.6466
                -99.2378     -98.0807     -92.6019    -103.7534    -106.6021
   3      0    -100.8552    -106.4898    -102.5956    -100.7832    -106.7610
               -104.7436    -105.5224    -105.7943    -107.4210     -98.8357
               -100.2425     -96.4304    -108.0032    -110.7623    -102.3914
               -108.2177     -97.8583    -110.4778    -102.0976     -98.2700
                -97.5644    -107.2442    -105.5259     -99.5781    -101.3510
               -101.1031    -106.3387     -98.9168     -99.8127     -97.0218
               -100.4329    -104.4923     -98.1602    -101.1099    -101.5960
                -99.5819     -99.6009    -103.9638     -95.3319    -102.2668
                -96.3682    -109.4161    -107.9031    -101.8644     -98.0399
                -99.5471     -98.3310     -92.8330    -103.9197    -107.1282
   4      0    -100.1127    -106.1508    -102.0558    -100.1806    -106.1012
               -104.0404    -104.9108    -105.0739    -106.7858     -98.3632
                -99.6350     -95.9708    -107.5575    -110.2451    -101.8271
               -107.7411     -97.3456    -109.9514    -101.5518     -97.7996
                -97.0969    -106.7072    -104.9508     -99.0322    -100.7141
               -100.5083    -105.8771     -98.2714     -99.2211     -96.4849
                -99.6944    -103.9305     -97.6015    -100.4306    -100.8109
                -99.0527     -98.8553    -103.4153     -94.7549    -101.5887
                -95.5453    -108.8273    -107.3938    -101.3657     -97.5355
                -98.7890     -97.8977     -92.1568    -103.7399    -106.2488
   5      0    -100.5614    -106.6758    -102.6868    -100.7584    -106.6629
               -104.5008    -105.4960    -105.6943    -107.3204     -98.8178
               -100.0406     -96.3990    -108.2660    -110.8913    -102.6189
               -108.3808     -97.9079    -110.5003    -102.2103     -98.2334
                -97.6775    -107.3518    -105.6996     -99.7287    -101.5261
               -101.1468    -106.5358     -98.7723     -99.7543     -97.2176
               -100.2189    -104.4489     -98.1356    -101.0714    -101.4356
                -99.6680     -99.3939    -103.8952     -95.1749    -102.1351
                -96.1024    -109.6800    -107.9858    -102.1096     -98.1243
                -99.4782     -98.4794     -92.6859    -104.2422    -106.9597
   5     60    -101.0415    -107.1532    -103.1656    -101.2369    -107.1418
               -104.9796    -105.9757    -106.1731    -107.7980     -99.2964
               -100.5167     -96.8804    -108.7412    -111.3645    -103.0972
               -108.8580     -98.3884    -110.9760    -102.6909     -98.7120
                -98.1555    -107.8295    -106.1755    -100.2066    -102.0057
               -101.6259    -107.0147     -99.2525    -100.2275     -97.6949
               -100.6989    -104.9284     -98.6124    -101.5498    -101.9162
               -100.1466     -99.8743    -104.3739     -95.6547    -102.6121
                -96.5813    -110.1567    -108.4632    -102.5895     -98.6056
                -99.9573     -98.9576     -93.1578    -104.7198    -107.4366
   5     80    -105.1766    -111.3056    -107.3053    -105.3700    -111.2782
               -109.1237    -110.1163    -110.3394    -111.9410    -103.4450
               -104.6104    -101.0335    -112.8782    -115.5101    -107.2287
               -113.0101    -102.5335    -115.1344    -106.8522    -102.8331
               -102.2797    -111.9737    -110.3126    -104.3158    -106.1373
               -105.7683    -111.1645    -103.4071    -104.2993    -101.8191
               -104.8515    -109.0840    -102.7379    -105.6841    -106.0766
               -104.2769    -104.0211    -108.5126     -99.7915    -106.7134
               -100.6996    -114.3118    -112.6169    -106.7410    -102.7484
               -104.0979    -103.0791     -97.2156    -108.8537    -111.5822
   5    100    -114.9796    -121.2304    -117.1417    -115.1840    -121.1012
               -118.9663    -119.9436    -120.3013    -121.8238    -113.3213
               -114.3118    -110.8652    -122.7837    -125.4912    -117.0460
               -122.9442    -112.3712    -125.1292    -116.7450    -112.5880
               -112.0603    -121.8620    -120.2092    -114.0443    -115.9138
               -115.6199    -121.0404    -113.2716    -113.9499    -111.6059
               -114.7142    -118.9764    -112.5450    -115.5084    -115.9667
               -114.0839    -113.8668    -118.3563    -109.5976    -116.4218
               -110.4417    -124.2572    -122.5458    -116.6092    -112.5569
               -113.9303    -112.8459    -106.8404    -118.6906    -121.4785
 
 group  inft   Estimated free energy: 1-th solvent contribution (kcal/mol)
   1      0     -77.5886     -78.8007     -73.3378     -80.1412     -78.8021
                -79.1369     -79.7930     -74.6377     -80.7413     -72.2298
                -74.1183     -64.8692     -84.9952     -80.5083     -78.5298
                -81.4435     -73.7451     -82.5065     -76.0245     -72.7046
                -68.1667     -82.0461     -76.9701     -72.5247     -71.5525
                -77.0381     -76.4232     -71.0390     -74.6552     -74.3930
                -73.1325     -80.2361     -75.1735     -72.7742     -71.5899
                -79.6352     -79.3504     -78.4335     -70.3330     -71.0075
                -73.5794     -82.1492     -80.5848     -81.9982     -74.5169
                -72.6345     -70.7212     -66.4375     -75.4814     -81.1975
   1     60     -77.6041     -78.8161     -73.3534     -80.1564     -78.8176
                -79.1523     -79.8087     -74.6534     -80.7568     -72.2451
                -74.1333     -64.8846     -85.0109     -80.5239     -78.5449
                -81.4589     -73.7604     -82.5220     -76.0400     -72.7200
                -68.1820     -82.0616     -76.9861     -72.5401     -71.5683
                -77.0534     -76.4386     -71.0545     -74.6706     -74.4088
                -73.1480     -80.2513     -75.1888     -72.7897     -71.6055
                -79.6508     -79.3659     -78.4489     -70.3486     -71.0230
                -73.5949     -82.1649     -80.6001     -82.0135     -74.5322
                -72.6502     -70.7368     -66.4526     -75.4968     -81.2129
   1     80     -77.7390     -78.9512     -73.4898     -80.2913     -78.9512
                -79.2876     -79.9450     -74.7905     -80.8904     -72.3799
                -74.2670     -65.0211     -85.1459     -80.6592     -78.6792
                -81.5933     -73.8973     -82.6581     -76.1754     -72.8569
                -68.3169     -82.1964     -77.1233     -72.6750     -71.7053
                -77.1874     -76.5730     -71.1924     -74.8054     -74.5459
                -73.2842     -80.3847     -75.3230     -72.9250     -71.7436
                -79.7865     -79.5015     -78.5833     -70.4848     -71.1594
                -73.7308     -82.3002     -80.7346     -82.1475     -74.6672
                -72.7872     -70.8745     -66.5878     -75.6311     -81.3456
   1    100     -78.1651     -79.3785     -73.9152     -80.7159     -79.3714
                -79.7187     -80.3738     -75.2188     -81.3138     -72.7993
                -74.6871     -65.4406     -85.5735     -81.0872     -79.1011
                -82.0178     -74.3240     -83.0863     -76.5973     -73.2822
                -68.7363     -82.6259     -77.5516     -73.0959     -72.1327
                -77.6094     -76.9956     -71.6204     -75.2316     -74.9748
                -73.7090     -80.8076     -75.7443     -73.3474     -72.1719
                -80.2140     -79.9285     -79.0064     -70.9074     -71.5866
                -74.1548     -82.7300     -81.1595     -82.5715     -75.0898
                -73.2120     -71.3011     -67.0091     -76.0537     -81.7646
   2      0     -77.4526     -78.7472     -73.1217     -80.0055     -78.6985
                -79.1467     -79.7139     -74.4805     -80.6941     -71.7644
                -73.8801     -64.5636     -85.0414     -80.4547     -78.4316
                -81.1702     -73.5635     -82.4492     -75.7671     -72.4577
                -67.6735     -81.9842     -76.8098     -72.0379     -71.2592
                -76.8131     -76.3988     -70.7236     -74.4515     -74.1479
                -72.6628     -80.2129     -74.9910     -72.5043     -71.3932
                -79.5148     -79.2357     -78.3163     -69.8397     -70.8811
                -73.2963     -82.1238     -80.3701     -81.9474     -74.2946
                -72.2680     -70.4836     -65.9797     -75.3557     -81.1011
   3      0     -77.4045     -78.7041     -73.0533     -79.9671     -78.5957
                -79.1316     -79.5798     -74.4177     -80.6855     -71.6157
                -73.7748     -64.3612     -84.9671     -80.4053     -78.4403
                -81.0161     -73.4272     -82.3823     -75.6326     -72.2709
                -67.4655     -81.9090     -76.8049     -71.8916     -71.1829
                -76.7197     -76.3204     -70.5392     -74.3357     -74.0609
                -72.4459     -80.1761     -74.8638     -72.3638     -71.3471
                -79.4435     -79.1301     -78.1957     -69.5708     -70.7748
                -73.1951     -82.1686     -80.2695     -81.9017     -74.2120
                -72.0307     -70.2968     -65.7573     -75.2349     -81.0954
   4      0     -77.6338     -78.9108     -73.2099     -80.1527     -78.8336
                -79.2991     -79.8043     -74.6227     -80.8576     -71.7306
                -73.9955     -64.5608     -85.2203     -80.5963     -78.5105
                -81.1589     -73.5488     -82.5720     -75.7790     -72.5119
                -67.5904     -82.1046     -76.9696     -71.9706     -71.2813
                -76.8562     -76.5604     -70.6482     -74.6347     -74.2129
                -72.6261     -80.3838     -75.0054     -72.5381     -71.4670
                -79.6400     -79.3356     -78.4792     -69.7391     -71.0276
                -73.3661     -82.2937     -80.3781     -82.0395     -74.3152
                -72.1779     -70.5941     -65.9108     -75.4432     -81.2313
   5      0     -77.7963     -79.1925     -73.4561     -80.4138     -79.0464
                -79.4852     -80.1130     -74.8680     -81.1098     -71.9046
                -74.1291     -64.7197     -85.5078     -80.8681     -78.9182
                -81.4522     -73.8453     -82.8178     -76.0713     -72.6115
                -67.8448     -82.4310     -77.2767     -72.3243     -71.6698
                -77.1878     -76.8302     -70.8689     -74.8265     -74.5240
                -72.8466     -80.5892     -75.2088     -72.8457     -71.7744
                -79.9263     -79.4994     -78.6239     -69.7965     -71.2087
                -73.5565     -82.7139     -80.6619     -82.3844     -74.6401
                -72.5428     -70.8317     -66.1143     -75.6850     -81.6107
   5     60     -77.8141     -79.2104     -73.4743     -80.4318     -79.0643
                -79.5030     -80.1310     -74.8864     -81.1275     -71.9229
                -74.1471     -64.7383     -85.5255     -80.8859     -78.9362
                -81.4700     -73.8638     -82.8358     -76.0895     -72.6299
                -67.8630     -82.4488     -77.2950     -72.3424     -71.6880
                -77.2058     -76.8481     -70.8873     -74.8444     -74.5422
                -72.8647     -80.6069     -75.2268     -72.8639     -71.7930
                -79.9443     -79.5175     -78.6417     -69.8148     -71.2269
                -73.5748     -82.7317     -80.6798     -82.4022     -74.6582
                -72.5611     -70.8502     -66.1327     -75.7029     -81.6284
   5     80     -77.9753     -79.3719     -73.6370     -80.5944     -79.2250
                -79.6644     -80.2928     -75.0507     -81.2873     -72.0861
                -74.3084     -64.9035     -85.6860     -81.0467     -79.0978
                -81.6303     -74.0291     -82.9982     -76.2527     -72.7942
                -68.0252     -82.6095     -77.4589     -72.5044     -71.8514
                -77.3672     -77.0100     -71.0520     -75.0058     -74.7057
                -73.0274     -80.7674     -75.3879     -73.0266     -71.9590
                -80.1068     -79.6802     -78.8022     -69.9780     -71.3898
                -73.7379     -82.8927     -80.8405     -82.5632     -74.8197
                -72.7249     -71.0157     -66.2963     -75.8638     -81.7881
   5    100     -78.3546     -79.7520     -74.0139     -80.9754     -79.6022
                -80.0470     -80.6717     -75.4327     -81.6650     -72.4630
                -74.6849     -65.2800     -86.0655     -81.4250     -79.4754
                -82.0070     -74.4113     -83.3785     -76.6309     -73.1732
                -68.3989     -82.9905     -77.8408     -72.8798     -72.2305
                -77.7453     -77.3889     -71.4309     -75.3852     -75.0863
                -73.4036     -81.1460     -75.7639     -73.4038     -72.3418
                -80.4875     -80.0613     -79.1778     -70.3536     -71.7689
                -74.1163     -83.2743     -81.2178     -82.9427     -75.1953
                -73.1023     -71.3966     -66.6741     -76.2410     -82.1642
 
 group  inft   Estimated free energy: 2-th solvent contribution (kcal/mol)
   1      0      19.7595      40.6239      16.3836      25.6106      13.3966
                 16.5212      11.1763      39.0106      38.8415      32.1146
                -11.4985       5.3963      53.6919      54.4001      23.8384
                 38.5842      23.2122      53.4427      28.9434      -4.6926
                 -3.1769      34.0641      39.0308     -10.1199      -4.7010
                 25.7553      22.0095      19.8389     -20.2493      18.5922
                 20.2673      33.8161      19.6029      17.9080      21.9326
                 27.4188      32.1370      22.0901      13.6378     -10.3015
                  5.9160      46.5369      41.6186      35.4520      15.4684
                 18.0232       3.7519     -25.9785      21.8303      36.3783
   1     60      19.7666      40.6309      16.3904      25.6183      13.4034
                 16.5279      11.1828      39.0178      38.8491      32.1216
                -11.4914       5.4032      53.6993      54.4071      23.8456
                 38.5912      23.2196      53.4497      28.9503      -4.6853
                 -3.1703      34.0712      39.0378     -10.1130      -4.6945
                 25.7624      22.0163      19.8456     -20.2420      18.5992
                 20.2738      33.8230      19.6099      17.9156      21.9393
                 27.4262      32.1442      22.0971      13.6451     -10.2939
                  5.9234      46.5440      41.6256      35.4593      15.4752
                 18.0305       3.7592     -25.9707      21.8371      36.3852
   1     80      19.8619      40.7197      16.4786      25.7180      13.4906
                 16.6129      11.2655      39.1075      38.9465      32.2100
                -11.4020       5.4885      53.8026      54.4985      23.9379
                 38.6774      23.3119      53.5400      29.0376      -4.5919
                 -3.0858      34.1614      39.1347     -10.0243      -4.6111
                 25.8525      22.1005      19.9282     -20.1491      18.6933
                 20.3560      33.9080      19.7010      18.0145      22.0246
                 27.5203      32.2379      22.1854      13.7396     -10.1953
                  6.0198      46.6343      41.7151      35.5501      15.5625
                 18.1229       3.8537     -25.8712      21.9257      36.4717
   1    100      19.9659      40.8083      16.5604      25.8404      13.5683
                 16.6866      11.3318      39.1921      39.0534      32.2993
                -11.3140       5.5667      53.9376      54.5971      24.0365
                 38.7557      23.4057      53.6330      29.1162      -4.4911
                 -3.0125      34.2509      39.2417      -9.9415      -4.5408
                 25.9376      22.1730      19.9971     -20.0523      18.7919
                 20.4202      33.9848      19.7937      18.1257      22.1007
                 27.6223      32.3445      22.2709      13.8452     -10.0844
                  6.1287      46.7283      41.8034      35.6443      15.6465
                 18.2178       3.9590     -25.7541      22.0089      36.5512
   2      0      19.5484      40.3295      16.4158      25.3644      13.5523
                 16.5999      11.2365      39.0830      38.8163      31.8292
                -11.4820       5.2660      53.1932      54.3573      23.8944
                 38.7153      23.1092      53.5609      29.0732      -4.6984
                 -3.2165      34.0401      38.7827     -10.2400      -4.8045
                 25.7395      22.2961      19.9085     -20.3188      18.1741
                 20.2985      33.7090      19.5518      17.9036      21.9078
                 27.2759      32.0743      21.8258      13.5895     -10.0272
                  5.9663      46.6146      41.4463      35.2476      15.3409
                 18.0558       3.5556     -26.1760      21.4070      36.5152
   3      0      18.9981      39.9333      16.0218      24.8006      13.0418
                 16.1718      10.7843      38.5001      38.3417      31.3678
                -11.9845       4.7732      52.6696      53.7644      23.4149
                 38.2178      22.6493      53.0146      28.5782      -5.1764
                 -3.5465      33.5379      38.3364     -10.5541      -5.2421
                 25.3136      21.7749      19.4912     -20.7735      17.7553
                 19.9035      33.2281      19.0438      17.2877      21.3721
                 26.7999      31.4420      21.3667      13.0719     -10.6442
                  5.2604      46.1428      40.9799      34.8109      14.8598
                 17.5194       3.1128     -26.6148      21.1201      36.0004
   4      0      20.0055      40.5453      16.8094      25.6618      14.0307
                 17.0806      11.6929      39.4578      39.1982      31.9893
                -11.1220       5.4703      53.4167      54.5521      24.0953
                 38.8946      23.3000      53.8139      29.3237      -4.4229
                 -2.8813      34.2899      39.1256      -9.8808      -4.4719
                 26.1154      22.5269      20.2822     -19.8313      18.5004
                 20.8555      34.0265      19.7874      18.1979      22.2991
                 27.5464      32.4274      22.2412      13.8447      -9.6786
                  6.2832      46.8864      41.6427      35.4826      15.5042
                 18.4782       3.8726     -25.7553      21.5559      37.0495
   5      0      19.7262      40.3084      16.4186      25.3531      13.6847
                 16.8193      11.4222      39.1308      38.9133      31.7450
                -11.3963       5.2287      53.0378      54.1918      23.7232
                 38.5577      23.0608      53.5058      28.9852      -4.7396
                 -3.1895      33.9958      38.6862     -10.2091      -4.8902
                 25.8020      22.1758      20.0055     -20.1854      18.0877
                 20.5704      33.7552      19.4694      17.9091      22.0158
                 27.2343      32.0726      21.9383      13.5273     -10.0286
                  5.9255      46.4705      41.3493      35.0833      15.2714
                 18.1666       3.5450     -26.0750      21.3008      36.7422
   5     60      19.7389      40.3206      16.4307      25.3664      13.6968
                 16.8311      11.4338      39.1432      38.9263      31.7569
                -11.3840       5.2406      53.0510      54.2039      23.7357
                 38.5697      23.0735      53.5180      28.9974      -4.7269
                 -3.1779      34.0082      38.6989     -10.1969      -4.8788
                 25.8144      22.1876      20.0172     -20.1729      18.1001
                 20.5820      33.7671      19.4818      17.9224      22.0276
                 27.2470      32.0850      21.9504      13.5399     -10.0154
                  5.9384      46.4829      41.3616      35.0957      15.2832
                 18.1793       3.5576     -26.0618      21.3128      36.7543
   5     80      19.8487      40.4238      16.5331      25.4827      13.7983
                 16.9303      11.5292      39.2474      39.0398      31.8583
                -11.2794       5.3398      53.1699      54.3089      23.8437
                 38.6702      23.1822      53.6229      29.0987      -4.6181
                 -3.0792      34.1131      38.8093     -10.0933      -4.7831
                 25.9197      22.2857      20.1135     -20.0654      18.2079
                 20.6780      33.8654      19.5881      18.0388      22.1264
                 27.3559      32.1931      22.0524      13.6494      -9.9000
                  6.0497      46.5880      41.4654      35.2003      15.3839
                 18.2870       3.6671     -25.9452      21.4153      36.8548
   5    100      19.9605      40.5207      16.6277      25.6105      13.8899
                 17.0177      11.6096      39.3443      39.1577      31.9532
                -11.1792       5.4283      53.3067      54.4117      23.9514
                 38.7606      23.2882      53.7241      29.1908      -4.5076
                 -2.9921      34.2132      38.9235      -9.9965      -4.7015
                 26.0188      22.3714      20.1958     -19.9582      18.3141
                 20.7586      33.9523      19.6916      18.1620      22.2135
                 27.4662      32.3047      22.1479      13.7630      -9.7774
                  6.1665      46.6918      41.5630      35.3015      15.4764
                 18.3942       3.7801     -25.8177      21.5098      36.9465
 
 group  inft   Estimated free energy: 3-th solvent contribution (kcal/mol)
   1      0     -42.3792     -67.6603     -45.5067     -45.5746     -41.1594
                -41.7298     -36.6977     -69.8336     -65.0279     -58.5215
                -14.4288     -36.8156     -75.6450     -84.0814     -47.3176
                -65.3575     -47.0354     -81.0503     -54.9878     -20.7750
                -26.4966     -58.8111     -67.0015     -17.1060     -24.8527
                -49.6432     -51.7471     -47.8132      -4.6765     -40.6575
                -47.8467     -57.5072     -42.2827     -45.9962     -51.5681
                -46.8585     -51.8576     -47.0875     -38.7834     -20.8254
                -28.4212     -73.3401     -68.5726     -54.7316     -38.6738
                -44.9529     -31.1197      -0.4037     -49.7530     -61.9712
   1     60     -42.7233     -68.0016     -45.8490     -45.9178     -41.5022
                -42.0720     -37.0408     -70.1760     -65.3704     -58.8634
                -14.7697     -37.1596     -75.9854     -84.4196     -47.6602
                -65.6986     -47.3793     -81.3900     -55.3313     -21.1178
                -26.8380     -59.1525     -67.3419     -17.4480     -25.1952
                -49.9863     -52.0894     -48.1561      -5.0153     -40.9988
                -48.1897     -57.8503     -42.6238     -46.3392     -51.9111
                -47.2013     -52.2015     -47.4298     -39.1267     -21.1673
                -28.7644     -73.6810     -68.9142     -55.0752     -39.0182
                -45.2958     -31.4618      -0.7415     -50.0947     -62.3123
   1     80     -46.0245     -71.3070     -49.1447     -49.2195     -44.7963
                -45.3699     -40.3338     -73.4918     -68.6790     -62.1638
                -18.0323     -40.4630     -79.2901     -87.7181     -50.9561
                -69.0016     -50.6835     -84.6989     -58.6423     -24.4045
                -30.1186     -62.4542     -70.6388     -20.7235     -28.4806
                -53.2880     -55.3908     -51.4584      -8.2636     -44.2858
                -51.4906     -61.1578     -45.9121     -49.6420     -55.2180
                -50.4940     -55.5082     -50.7271     -42.4262     -24.4453
                -32.0533     -76.9896     -72.2213     -58.3841     -42.3180
                -48.5955     -34.7485      -3.9816     -53.3880     -65.6111
   1    100     -56.4323     -81.8271     -59.5712     -59.6543     -55.2061
                -55.7906     -50.7381     -84.0530     -79.1834     -72.6333
                -28.3178     -50.8829     -89.8304     -98.3049     -61.3793
                -79.5263     -61.1219     -95.2970     -69.1254     -34.7636
                -40.4803     -72.9377     -81.1464     -31.0426     -38.8309
                -63.7349     -65.8505     -61.9035     -18.5050     -54.6664
                -61.9314     -71.6371     -56.3189     -60.0896     -65.6880
                -60.8991     -65.9576     -61.1634     -52.8433     -34.7658
                -42.4072     -87.5389     -82.7486     -68.8534     -52.7181
                -59.0316     -45.1186     -14.2119     -63.8157     -76.0975
   2      0     -42.3867     -67.6793     -45.5263     -45.5644     -41.1859
                -41.7327     -36.6828     -69.8362     -65.0264     -58.5343
                -14.4236     -36.8029     -75.6585     -84.0717     -47.3147
                -65.3639     -47.0196     -81.0612     -54.9893     -20.7705
                -26.5118     -58.8087     -66.9994     -17.0888     -24.8741
                -49.6531     -51.7451     -47.8081      -4.6744     -40.6684
                -47.8397     -57.4888     -42.2893     -45.9869     -51.5688
                -46.8718     -51.8581     -47.0792     -38.7874     -20.8171
                -28.4012     -73.3433     -68.5694     -54.7278     -38.6452
                -44.9779     -31.1050      -0.3985     -49.7570     -61.9685
   3      0     -42.4011     -67.6713     -45.5163     -45.5690     -41.1595
                -41.7361     -36.6791     -69.8290     -65.0295     -58.5402
                -14.4355     -36.7947     -75.6581     -84.0737     -47.3183
                -65.3717     -47.0327     -81.0624     -54.9954     -20.7750
                -26.5047     -58.8254     -67.0097     -17.0847     -24.8784
                -49.6493     -51.7455     -47.8212      -4.6558     -40.6686
                -47.8428     -57.4966     -42.2926     -45.9861     -51.5732
                -46.8907     -51.8651     -47.0871     -38.7853     -20.8002
                -28.3859     -73.3427     -68.5659     -54.7260     -38.6400
                -44.9881     -31.0993      -0.4133     -49.7572     -61.9855
   4      0     -42.4368     -67.7377     -45.6077     -45.6420     -41.2506
                -41.7742     -36.7517     -69.8614     -65.0786     -58.5742
                -14.4698     -36.8326     -75.7063     -84.1532     -47.3641
                -65.4292     -47.0491     -81.1456     -55.0489     -20.8171
                -26.5776     -58.8448     -67.0591     -17.1332     -24.9133
                -49.7198     -51.7959     -47.8576      -4.7075     -40.7247
                -47.8761     -57.5255     -42.3358     -46.0427     -51.5953
                -46.9115     -51.8995     -47.1296     -38.8128     -20.8348
                -28.4147     -73.3723     -68.6107     -54.7611     -38.6769
                -45.0416     -31.1285      -0.4430     -49.8049     -62.0194
   5      0     -42.4436     -67.7441     -45.6016     -45.6500     -41.2536
                -41.7872     -36.7576     -69.9093     -65.0762     -58.6106
                -14.4676     -36.8604     -75.7484     -84.1673     -47.3762
                -65.4386     -47.0757     -81.1406     -55.0765     -20.8346
                -26.5955     -58.8690     -67.0614     -17.1476     -24.9184
                -49.7133     -51.8337     -47.8612      -4.6947     -40.7336
                -47.8951     -57.5673     -42.3485     -46.0871     -51.6294
                -46.9283     -51.9194     -47.1620     -38.8580     -20.8501
                -28.4236     -73.3890     -68.6255     -54.7609     -38.7078
                -45.0544     -31.1450      -0.4489     -49.8102     -62.0435
   5     60     -42.9185     -68.2158     -46.0743     -46.1238     -41.7266
                -42.2601     -37.2308     -70.3823     -65.5492     -59.0828
                -14.9379     -37.3351     -76.2190     -84.6349     -47.8491
                -65.9100     -47.5505     -81.6105     -55.5511     -21.3076
                -27.0670     -59.3412     -67.5317     -17.6196     -25.3912
                -50.1869     -52.3065     -48.3347      -5.1625     -41.2052
                -48.3685     -58.0409     -42.8197     -46.5606     -52.1033
                -47.4016     -52.3941     -47.6348     -39.3321     -21.3222
                -28.8972     -73.8603     -69.0973     -55.2354     -39.1830
                -45.5278     -31.6174      -0.9157     -50.2820     -62.5148
   5     80     -47.0024     -72.3099     -50.1538     -50.2105     -45.8038
                -46.3419     -41.3050     -74.4885     -69.6458     -63.1694
                -18.9749     -41.4222     -80.3145     -88.7246     -51.9270
                -70.0023     -51.6388     -85.7114     -59.6506     -25.3730
                -31.1276     -63.4296     -71.6154     -21.6704     -29.4550
                -54.2732     -56.3926     -52.4209      -9.1805     -45.2736
                -52.4544     -62.1344     -46.8904     -50.6486     -56.1963
                -51.4783     -56.4864     -51.7151     -43.4153     -25.3759
                -32.9637     -77.9594     -73.1941     -59.3305     -43.2649
                -49.6124     -35.6829      -4.9263     -54.3574     -66.6012
   5    100     -56.5379     -81.9514     -59.7078     -59.7714     -55.3412
                -55.8893     -50.8338     -84.1653     -79.2688     -72.7638
                -28.4000     -50.9659     -89.9773     -98.4302     -61.4743
                -79.6502     -61.2004     -95.4271     -69.2572     -34.8595
                -40.6217     -73.0370     -81.2443     -31.1203     -38.9342
                -63.8457     -65.9752     -61.9888     -18.5588     -54.7860
                -62.0215     -71.7350     -56.4250     -60.2190     -65.7907
                -61.0149     -66.0625     -61.2787     -52.9592     -34.8279
                -42.4442     -87.6270     -82.8433     -68.9204     -52.7903
                -59.1746     -45.1817     -14.3009     -63.9118     -76.2131
 
 
 cumulative average & 95% error for solvation free energy
              total             1st component         2nd component         3rd component
  1  -100.8552              -77.4045               18.9981              -42.4011
  2  -103.6725     5.6346   -78.0543     1.2996    29.4657    20.9352   -55.0362    25.2702
  3  -103.3135     3.3314   -76.3873     3.4174    24.9844    15.0474   -51.8629    15.9104
  4  -102.6809     2.6739   -77.2823     3.0072    24.9385    10.6405   -50.2894    11.6822
  5  -103.4970     2.6369   -77.5450     2.3878    22.5591     9.5172   -48.4634     9.7581
  6  -103.7047     2.1928   -77.8094     2.0201    21.4946     8.0571   -47.3422     8.2770
  7  -103.9644     1.9246   -78.0623     1.7807    19.9645     7.4655   -45.8189     7.6300
  8  -104.1931     1.7284   -77.6068     1.7912    22.2815     7.9544   -48.8202     8.9271
  9  -104.5518     1.6847   -77.9488     1.7215    24.0659     7.8708   -50.6212     8.6578
 10  -103.9802     1.8914   -77.3155     1.9938    24.7961     7.1898   -51.4131     7.9041
 11  -103.6404     1.8409   -76.9936     1.9149    21.4524     9.3282   -48.0515     9.8141
 12  -103.0395     2.0659   -75.9409     2.7365    20.0625     8.9577   -47.1134     9.1534
 13  -103.4214     2.0481   -76.6353     2.8748    22.5707     9.6468   -49.3092     9.4963
 14  -103.9457     2.1668   -76.9045     2.7155    24.7989     9.9812   -51.7924    10.0976
 15  -103.8421     2.0278   -77.0069     2.5363    24.7066     9.2938   -51.4941     9.4193
 16  -104.1156     1.9741   -77.2575     2.4248    25.5510     8.8561   -52.3614     8.9801
 17  -103.7475     1.9951   -77.0322     2.3219    25.3804     8.3259   -52.0480     8.4586
 18  -104.1214     2.0242   -77.3294     2.2684    26.9156     8.4289   -53.6599     8.6018
 19  -104.0149     1.9266   -77.2401     2.1531    27.0031     7.9748   -53.7302     8.1377
 20  -103.7276     1.9158   -76.9917     2.1022    25.3941     8.2215   -52.0824     8.3941
 21  -103.4342     1.9145   -76.5380     2.1958    24.0160     8.2917   -50.8644     8.3477
 22  -103.6073     1.8580   -76.7822     2.1498    24.4488     7.9531   -51.2263     7.9920
 23  -103.6908     1.7832   -76.7832     2.0542    25.0526     7.6948   -51.9125     7.7590
 24  -103.5194     1.7414   -76.5793     2.0085    23.5690     7.9423   -50.4614     7.9755
 25  -103.4327     1.6792   -76.3635     1.9743    22.4166     7.9590   -49.4381     7.9189
 26  -103.3431     1.6233   -76.3772     1.8970    22.5280     7.6500   -49.4462     7.6082
 27  -103.4540     1.5777   -76.3751     1.8254    22.5001     7.3615   -49.5313     7.3230
 28  -103.2920     1.5544   -76.1667     1.8077    22.3926     7.0969   -49.4703     7.0577
 29  -103.1720     1.5190   -76.1035     1.7488    20.9041     7.4670   -47.9249     7.4785
 30  -102.9670     1.5237   -76.0354     1.6950    20.7992     7.2168   -47.6831     7.2411
 31  -102.8852     1.4827   -75.9196     1.6557    20.7703     6.9804   -47.6882     7.0036
 32  -102.9355     1.4392   -76.0527     1.6251    21.1596     6.8034   -47.9947     6.8089
 33  -102.7908     1.4246   -76.0166     1.5767    21.0955     6.5953   -47.8219     6.6084
 34  -102.7413     1.3856   -75.9092     1.5446    20.9835     6.4023   -47.7679     6.4120
 35  -102.7086     1.3470   -75.7788     1.5223    20.9946     6.2167   -47.8767     6.2299
 36  -102.6217     1.3205   -75.8806     1.4934    21.1559     6.0502   -47.8493     6.0546
 37  -102.5401     1.2947   -75.9685     1.4631    21.4339     5.9106   -47.9578     5.8927
 38  -102.5776     1.2624   -76.0271     1.4288    21.4321     5.7529   -47.9349     5.7357
 39  -102.3918     1.2845   -75.8615     1.4306    21.2177     5.6199   -47.7003     5.6064
 40  -102.3887     1.2520   -75.7344     1.4174    20.4212     5.7045   -47.0278     5.6275
 41  -102.2418     1.2559   -75.6724     1.3879    20.0514     5.6126   -46.5731     5.5634
 42  -102.4126     1.2723   -75.8271     1.3893    20.6726     5.6165   -47.2105     5.5769
 43  -102.5403     1.2684   -75.9304     1.3723    21.1449     5.5650   -47.7071     5.5355
 44  -102.5250     1.2396   -76.0661     1.3679    21.4555     5.4725   -47.8666     5.4177
 45  -102.4253     1.2280   -76.0249     1.3397    21.3089     5.3575   -47.6616     5.3117
 46  -102.3627     1.2075   -75.9381     1.3217    21.2265     5.2423   -47.6035     5.1963
 47  -102.2769     1.1939   -75.8181     1.3154    20.8411     5.1872   -47.2523     5.1328
 48  -102.0802     1.2333   -75.6085     1.3542    19.8525     5.4493   -46.2765     5.3904
 49  -102.1177     1.2102   -75.6008     1.3264    19.8783     5.3372   -46.3475     5.2812
 50  -102.2179     1.2025   -75.7107     1.3180    20.2008     5.2690   -46.6603     5.2122
 
 Mesh error is    0.580 kcal/mol
