 ERmod 0.3.7, Copyright (C) 2000-2019 Nobuyuki Matubayasi
                            2010-2019 Shun Sakuraba
 ERmod comes with ABSOLUTELY NO WARRANTY.
 This is free software, and you can redistribute it
 and/or modify it under certain conditions.
 See LICENSE file for details.
 ERmod 0.3.7, Copyright (C) 2000-2019 Nobuyuki Matubayasi
                            2010-2019 Shun Sakuraba
 ERmod comes with ABSOLUTELY NO WARRANTY.
 This is free software, and you can redistribute it
 and/or modify it under certain conditions.
 See LICENSE file for details.
 
  Number of the   1-th solvent  =        10000
 
  Be sure that the solvent distribution is homogeneous (radial distribution function is essentially unity) when the solvent molecule is separated beyond distance of   10.0 Angstrom in any direction from any atom within the solute molecule
 
  LJ long-range correction    =        -0.4740
 
  Self-energy of the solute   =         0.0002  kcal/mol
 
 
 cumulative average & 95% error for solvation energy
  1   -27.0533
  2   -27.0241     0.0583
  3   -27.0213     0.0341
  4   -27.0214     0.0241
  5   -27.0072     0.0342
  6   -27.0131     0.0303
  7   -27.0160     0.0263
  8   -27.0152     0.0228
  9   -27.0005     0.0356
 10   -26.9995     0.0319
 
 
 group  inft  solvation free energy     error          difference
   1      0         -3.41588           0.01702           0.02758
   1     60         -3.43218           0.01701           0.01129
   1     80         -3.58606           0.01696          -0.14259
   1    100         -4.22062           0.01701          -0.77715
   2      0         -3.42973           0.01694           0.01374
   3      0         -3.44347           0.01698           0.00000
   4      0         -3.41882           0.01693           0.02465
   5      0         -3.42018           0.01657           0.02329
   5     60         -3.44199           0.01657           0.00148
   5     80         -3.63756           0.01654          -0.19409
   5    100         -4.22749           0.01660          -0.78402
 
 
 group  inft   Estimated free energy (kcal/mol)
   1      0      -3.4351      -3.4155      -3.4232      -3.4126      -3.3766
                 -3.4332      -3.4316      -3.4426      -3.3600      -3.4284
   1     60      -3.4514      -3.4318      -3.4395      -3.4289      -3.3930
                 -3.4494      -3.4480      -3.4589      -3.3763      -3.4447
   1     80      -3.6053      -3.5855      -3.5933      -3.5828      -3.5473
                 -3.6034      -3.6022      -3.6123      -3.5301      -3.5983
   1    100      -4.2398      -4.2194      -4.2278      -4.2171      -4.1830
                 -4.2382      -4.2381      -4.2466      -4.1637      -4.2324
   2      0      -3.4522      -3.4282      -3.4359      -3.4299      -3.3925
                 -3.4451      -3.4460      -3.4546      -3.3724      -3.4405
   3      0      -3.4614      -3.4431      -3.4503      -3.4429      -3.4037
                 -3.4667      -3.4577      -3.4677      -3.3877      -3.4535
   4      0      -3.4370      -3.4142      -3.4314      -3.4193      -3.3785
                 -3.4389      -3.4329      -3.4426      -3.3638      -3.4295
   5      0      -3.4411      -3.4098      -3.4317      -3.4158      -3.3834
                 -3.4410      -3.4336      -3.4460      -3.3680      -3.4314
   5     60      -3.4629      -3.4315      -3.4535      -3.4377      -3.4053
                 -3.4628      -3.4554      -3.4678      -3.3898      -3.4532
   5     80      -3.6585      -3.6268      -3.6490      -3.6336      -3.6013
                 -3.6586      -3.6514      -3.6629      -3.5852      -3.6484
   5    100      -4.2484      -4.2160      -4.2390      -4.2238      -4.1919
                 -4.2489      -4.2423      -4.2525      -4.1744      -4.2378
 
 
 cumulative average & 95% error for solvation free energy
  1    -3.4614
  2    -3.4523     0.0182
  3    -3.4516     0.0106
  4    -3.4494     0.0087
  5    -3.4403     0.0195
  6    -3.4447     0.0182
  7    -3.4465     0.0158
  8    -3.4492     0.0147
  9    -3.4424     0.0188
 10    -3.4435     0.0170
