 ERmod 0.3.8, Copyright (C) 2000-2019 Nobuyuki Matubayasi
                            2010-2019 Shun Sakuraba
 ERmod comes with ABSOLUTELY NO WARRANTY.
 This is free software, and you can redistribute it
 and/or modify it under certain conditions.
 See LICENSE file for details.
 ERmod 0.3.8, Copyright (C) 2000-2019 Nobuyuki Matubayasi
                            2010-2019 Shun Sakuraba
 ERmod comes with ABSOLUTELY NO WARRANTY.
 This is free software, and you can redistribute it
 and/or modify it under certain conditions.
 See LICENSE file for details.
 
  Number of the   1-th solvent  =          368
  Number of the   2-th solvent  =          368
  Number of the   3-th solvent  =        10000
 
  Be sure that the solvent distribution is homogeneous (radial distribution function is essentially unity) when the solvent molecule is separated beyond distance of   10.0 Angstrom in any direction from any atom within the solute molecule
 
  LJ long-range correction    =        -0.6509     -0.1232     -7.4645
 
  Self-energy of the solute   =        -0.0007  kcal/mol
 
 
 cumulative average & 95% error for solvation energy
              total             1st component         2nd component         3rd component
  1  -541.6687             -102.5127             -210.7748             -228.3805
  2  -542.5296     1.7218  -101.3612     2.3031  -218.2073    14.8650  -222.9604    10.8401
  3  -542.2020     1.1906   -95.5036    11.7902  -222.2073    11.7327  -224.4903     6.9665
  4  -540.0682     4.3498   -96.3025     8.4887  -204.6526    36.0762  -239.1124    29.6560
  5  -538.8255     4.1868   -97.6699     7.1214  -195.2126    33.7247  -245.9423    26.7260
  6  -538.6480     3.4369   -97.8356     5.8240  -194.8193    27.5473  -245.9923    21.8219
  7  -538.3943     2.9487   -99.0315     5.4725  -191.0399    24.4780  -248.3221    19.0224
  8  -538.3767     2.5539  -100.5824     5.6641  -190.3252    21.2467  -247.4683    16.5621
  9  -538.9801     2.5552  -101.2466     5.1689  -194.9123    20.8632  -242.8205    17.3135
 10  -539.6765     2.6765  -100.9139     4.6708  -198.4294    19.9424  -240.3325    16.2655
 11  -539.8465     2.4448  -100.3629     4.3662  -200.6015    18.5543  -238.8814    14.9962
 12  -539.6033     2.2841  -101.4684     4.5580  -198.4628    17.4694  -239.6714    13.7805
 13  -539.4256     2.1310  -101.8897     4.2765  -197.3526    16.2222  -240.1825    12.7174
 14  -539.1578     2.0443  -102.3038     4.0450  -195.2740    15.5835  -241.5792    12.1008
 15  -539.2626     1.9146  -102.5906     3.8091  -194.5086    14.5880  -242.1626    11.3255
 16  -539.1562     1.8036  -102.8690     3.6064  -192.7604    14.0867  -243.5261    10.9394
 17  -539.1911     1.6956  -103.0149     3.4001  -193.0724    13.2468  -243.1031    10.3105
 18  -539.2514     1.6032  -102.9808     3.2064  -193.3333    12.5001  -242.9365     9.7266
 19  -539.2691     1.5169  -103.1664     3.0556  -194.3024    11.9817  -241.7996     9.4772
 20  -539.1423     1.4612  -103.2296     2.9015  -193.6451    11.4426  -242.2669     9.0393
 21  -539.0200     1.4112  -103.3802     2.7763  -192.9050    10.9843  -242.7340     8.6487
 22  -538.9866     1.3472  -103.1357     2.6919  -193.6301    10.5730  -242.2201     8.3100
 23  -538.8489     1.3164  -102.7961     2.6604  -193.4342    10.1105  -242.6178     7.9803
 24  -539.0391     1.3166  -102.9108     2.5574  -194.3021     9.8344  -241.8255     7.8031
 25  -539.0853     1.2662  -102.7305     2.4794  -195.0719     9.5576  -241.2822     7.5630
 26  -538.9852     1.2329  -102.9222     2.4127  -194.0307     9.4158  -242.0316     7.4192
 27  -538.9730     1.1866  -102.9808     2.3246  -193.9975     9.0606  -241.9940     7.1396
 28  -538.8756     1.1599  -102.8587     2.2533  -193.6215     8.7634  -242.3947     6.9264
 29  -538.7268     1.1581  -102.6923     2.1995  -192.7112     8.6496  -243.3225     6.9361
 30  -538.5602     1.1673  -103.0153     2.2209  -191.0726     8.9759  -244.4716     7.0841
 31  -538.3979     1.1748  -103.3909     2.2757  -189.4495     9.2686  -245.5568     7.1872
 32  -538.4573     1.1437  -103.1888     2.2402  -190.1481     9.0824  -245.1197     7.0137
 33  -538.6845     1.1980  -103.1825     2.1713  -191.4655     9.1888  -244.0358     7.1351
 34  -538.6023     1.1738  -103.0982     2.1132  -190.6903     9.0482  -244.8130     7.0944
 35  -538.4769     1.1671  -103.2316     2.0692  -189.5163     9.0943  -245.7283     7.1278
 36  -538.4505     1.1354  -103.1385     2.0195  -189.0829     8.8804  -246.2283     6.9988
 37  -538.3588     1.1194  -103.1866     1.9665  -188.2953     8.7796  -246.8761     6.9292
 38  -538.4046     1.0934  -103.2162     1.9149  -188.6642     8.5772  -246.5235     6.7812
 39  -538.5678     1.1139  -103.0705     1.8878  -189.8955     8.7097  -245.6010     6.8578
 40  -538.4888     1.0971  -103.3961     1.9519  -188.8919     8.7233  -246.2001     6.7907
 41  -538.3779     1.0928  -103.6255     1.9582  -187.9496     8.7141  -246.8021     6.7316
 42  -538.3373     1.0695  -103.5808     1.9131  -187.5182     8.5477  -247.2376     6.6268
 43  -538.4717     1.0784  -103.4723     1.8806  -188.2776     8.4836  -246.7211     6.5528
 44  -538.4756     1.0536  -103.4895     1.8377  -188.3885     8.2916  -246.5968     6.4070
 45  -538.4387     1.0326  -103.7135     1.8514  -188.0880     8.1275  -246.6365     6.2635
 46  -538.4018     1.0126  -103.8104     1.8211  -187.8740     7.9603  -246.7166     6.1279
 47  -538.3527     0.9956  -103.7942     1.7822  -187.4298     7.8396  -247.1280     6.0523
 48  -538.2610     0.9918  -103.8565     1.7491  -186.7448     7.7959  -247.6589     6.0193
 49  -538.2702     0.9715  -103.8888     1.7143  -186.5770     7.6425  -247.8036     5.9022
 50  -538.1368     0.9885  -103.5097     1.8428  -185.7600     7.6643  -248.8664     6.1612
 
 
 group  inft  solvation free energy     error          difference
  total solvation free energy
   1      0        -90.63603           0.92227           0.37443
   1     60        -90.91980           0.92210           0.09066
   1     80        -93.57695           0.92070          -2.56649
   1    100       -102.57972           0.91789         -11.56926
   2      0        -91.09776           0.90267          -0.08730
   3      0        -91.01046           0.89747           0.00000
   4      0        -91.15897           0.89745          -0.14851
   5      0        -91.18569           0.88912          -0.17522
   5     60        -91.57447           0.88886          -0.56401
   5     80        -94.83817           0.88728          -3.82770
   5    100       -103.15274           0.88471         -12.14227
 
  contribution from  1-th solvent component
   1      0        -85.15312           1.14885          -0.49053
   1     60        -85.16292           1.14882          -0.50033
   1     80        -85.26950           1.14875          -0.60691
   1    100        -85.62617           1.14902          -0.96358
   2      0        -84.88561           1.17198          -0.22302
   3      0        -84.66259           1.17997           0.00000
   4      0        -84.97373           1.18664          -0.31114
   5      0        -84.83475           1.19062          -0.17216
   5     60        -84.84944           1.19059          -0.18685
   5     80        -84.97830           1.19050          -0.31571
   5    100        -85.30500           1.19080          -0.64242
 
  contribution from  2-th solvent component
   1      0        -51.34015           4.07297           0.91552
   1     60        -51.33122           4.07306           0.92444
   1     80        -51.27045           4.07409           0.98522
   1    100        -51.11053           4.07837           1.14514
   2      0        -52.12234           4.04861           0.13333
   3      0        -52.25567           4.03532           0.00000
   4      0        -52.08908           4.03579           0.16659
   5      0        -52.20580           4.03116           0.04987
   5     60        -52.19105           4.03128           0.06462
   5     80        -52.10111           4.03251           0.15456
   5    100        -51.97083           4.03610           0.28484
 
  contribution from  3-th solvent component
   1      0         45.85796           2.84196          -0.05056
   1     60         45.57507           2.84234          -0.33345
   1     80         42.96373           2.84572          -2.94479
   1    100         34.15771           2.85636         -11.75082
   2      0         45.91092           2.84098           0.00239
   3      0         45.90852           2.84086           0.00000
   4      0         45.90457           2.84067          -0.00396
   5      0         45.85559           2.84006          -0.05293
   5     60         45.46674           2.84062          -0.44178
   5     80         42.24197           2.84486          -3.66655
   5    100         34.12383           2.85460         -11.78469
 
 
 group  inft   Estimated free energy: total (kcal/mol)
   1      0     -93.9424     -93.2994     -95.4443     -82.0056     -89.8571
                -92.1049     -89.4213     -93.0093     -95.2067     -92.7129
                -92.4476     -88.0322     -92.3624     -92.3231     -92.3455
                -86.2298     -93.6662     -92.6594     -93.6006     -89.5377
                -87.7422     -89.9048     -88.5501     -94.9183     -89.3467
                -87.8263     -89.8716     -91.5868     -90.1914     -87.1964
                -85.7542     -92.5121     -93.6040     -85.3426     -88.4397
                -91.3713     -85.8406     -91.2334     -99.2478     -90.1728
                -86.6215     -91.3792     -93.3983     -94.8498     -90.7997
                -88.5533     -88.5893     -84.9029     -92.1864     -89.6596
   1     60     -94.2252     -93.5818     -95.7255     -82.2896     -90.1424
                -92.3892     -89.7064     -93.2929     -95.4870     -92.9942
                -92.7308     -88.3152     -92.6463     -92.6079     -92.6300
                -86.5151     -93.9496     -92.9425     -93.8822     -89.8216
                -88.0259     -90.1886     -88.8344     -95.2009     -89.6292
                -88.1104     -90.1549     -91.8718     -90.4763     -87.4808
                -86.0379     -92.7950     -93.8859     -85.6275     -88.7245
                -91.6573     -86.1261     -91.5158     -99.5302     -90.4581
                -86.9057     -91.6638     -93.6810     -95.1343     -91.0833
                -88.8364     -88.8751     -85.1865     -92.4715     -89.9452
   1     80     -96.8764     -96.2280     -98.3694     -84.9489     -92.8138
                -95.0474     -92.3720     -95.9517     -98.1155     -95.6299
                -95.3852     -90.9624     -95.3026     -95.2737     -95.2915
                -89.1826     -96.6067     -95.5952     -96.5250     -92.4831
                -90.6859     -92.8441     -91.4960     -97.8434     -92.2763
                -90.7692     -92.8058     -94.5358     -93.1432     -90.1404
                -88.6940     -95.4439     -96.5253     -88.2921     -91.3927
                -94.3328     -88.7976     -94.1637    -102.1744     -93.1268
                -89.5703     -94.3290     -96.3269     -97.7990     -93.7389
                -91.4915     -91.5436     -87.8410     -95.1396     -92.6235
   1    100    -105.8677    -105.2143    -107.3615     -93.9354    -101.8559
               -104.0505    -101.4009    -104.9646    -107.0315    -104.5600
               -104.3871     -99.9285    -104.3002    -104.3083    -104.3076
                -98.2096    -105.6147    -104.5782    -105.4885    -101.4957
                -99.6977    -101.8466    -100.5062    -106.8028    -101.2457
                -99.7682    -101.7778    -103.5502    -102.1745     -99.1411
                -97.6858    -104.4192    -105.4659     -97.3110    -100.4297
               -103.3977     -97.8466    -103.1421    -111.1511    -102.1710
                -98.5906    -103.3598    -105.3010    -106.8221    -102.7279
               -100.4858    -100.5832     -96.8301    -104.1879    -101.7059
   2      0     -94.3176     -93.2334     -95.6189     -82.4684     -90.8253
                -92.3561     -90.0396     -93.4823     -95.6001     -93.0757
                -92.7431     -88.8635     -92.8797     -92.8141     -92.8338
                -86.6753     -94.0266     -92.9759     -94.3276     -89.9372
                -88.4116     -90.3070     -88.6014     -95.2768     -89.7974
                -88.5598     -90.1465     -91.9408     -91.0007     -87.4552
                -86.2116     -92.9086     -93.7936     -85.6241     -89.4155
                -91.8892     -86.4539     -91.5601     -99.5877     -91.0817
                -87.4784     -92.0389     -93.7960     -95.1361     -91.4126
                -89.0396     -89.0591     -85.5925     -92.4654     -89.7521
   3      0     -94.1910     -93.0627     -95.3406     -82.2567     -90.9463
                -92.2545     -89.8005     -93.4289     -95.4613     -92.9876
                -92.6136     -88.8089     -92.7866     -92.6778     -92.7218
                -86.5891     -93.9107     -92.9484     -94.2801     -89.9746
                -88.4201     -90.1204     -88.2309     -95.2517     -89.6900
                -88.5490     -90.0460     -91.7851     -90.9519     -87.3893
                -86.1255     -92.5994     -93.6650     -85.5400     -89.5938
                -91.8957     -86.2555     -91.5208     -99.3888     -91.2459
                -87.6116     -92.1362     -93.6715     -94.9750     -91.2745
                -88.8194     -88.9298     -85.7432     -92.4053     -89.6501
   4      0     -94.2469     -92.9982     -95.4661     -82.4562     -91.3521
                -92.3474     -90.0305     -93.5834     -95.5816     -93.0619
                -92.8167     -88.9319     -93.0497     -93.0260     -92.9446
                -86.6905     -93.8887     -92.9957     -94.5071     -90.2056
                -88.6643     -90.2254     -88.3936     -95.3305     -89.8602
                -88.6438     -90.1423     -91.9433     -90.9833     -87.6392
                -86.1981     -92.8894     -93.7887     -85.5566     -89.6911
                -91.9210     -86.3765     -91.6862     -99.6168     -91.3296
                -87.8001     -92.3299     -93.9191     -95.1491     -91.4360
                -89.0138     -89.0617     -86.0071     -92.5104     -89.6604
   5      0     -94.3043     -93.1393     -95.3324     -82.5971     -91.5887
                -92.5430     -89.9803     -93.5939     -95.6608     -93.0583
                -92.9287     -88.9892     -93.0553     -93.0256     -92.9273
                -86.7798     -93.7759     -93.0389     -94.4321     -90.1853
                -88.6617     -90.2949     -88.4381     -95.3269     -89.7547
                -88.6635     -90.1033     -91.9073     -91.0590     -87.7478
                -86.2710     -92.8694     -93.7167     -85.6369     -89.7995
                -91.8838     -86.3714     -91.7267     -99.5055     -91.3661
                -87.8300     -92.3151     -93.9455     -95.1416     -91.4922
                -88.9098     -89.1692     -86.1795     -92.6651     -89.5957
   5     60     -94.6920     -93.5262     -95.7177     -82.9861     -91.9802
                -92.9316     -90.3709     -93.9826     -96.0445     -93.4435
                -93.3165     -89.3768     -93.4439     -93.4162     -93.3172
                -87.1702     -94.1644     -93.4269     -94.8183     -90.5748
                -89.0507     -90.6830     -88.8276     -95.7133     -90.1417
                -89.0525     -90.4908     -92.2976     -91.4497     -88.1377
                -86.6600     -93.2567     -94.1027     -86.0269     -90.1906
                -92.2760     -86.7627     -92.1134     -99.8920     -91.7575
                -88.2204     -92.7054     -94.3327     -95.5312     -91.8809
                -89.2983     -89.5603     -86.5683     -93.0558     -89.9869
   5     80     -97.9479     -96.7803     -98.9702     -86.2461     -95.2628
                -96.1953     -93.6461     -97.2473     -99.2726     -96.6785
                -96.5759     -92.6292     -96.7052     -96.6920     -96.5868
                -90.4458     -97.4266     -96.6826     -98.0650     -93.8428
                -92.3191     -93.9443     -92.0949     -98.9595     -93.3909
                -92.3178     -93.7444     -95.5666     -94.7252     -91.4024
                -89.9213     -96.5074     -97.3416     -89.2984     -93.4715
                -95.5628     -90.0477     -95.3662    -103.1391     -95.0392
                -91.4965     -95.9814     -97.5847     -98.8012     -95.1431
                -92.5606     -92.8381     -89.8303     -96.3348     -93.2782
   5    100    -106.2489    -105.0802    -107.2789     -94.5414    -103.6202
               -104.5058    -101.9865    -105.5697    -107.5107    -104.9310
               -104.8851    -100.9137    -105.0135    -105.0328    -104.9136
                -98.7843    -105.7422    -104.9788    -106.3445    -102.1659
               -100.6452    -102.2526    -100.4119    -107.2360    -101.6673
               -100.6343    -102.0281    -103.8906    -103.0663     -99.7109
                -98.2262    -104.7927    -105.6002     -97.6254    -101.8253
               -103.9293     -98.4085    -103.6569    -111.4258    -103.3983
                -99.8351    -104.3255    -105.8728    -107.1301    -103.4469
               -100.8679    -101.1848     -98.1360    -104.6877    -101.6704
 
 group  inft   Estimated free energy: 1-th solvent contribution (kcal/mol)
   1      0     -83.2729     -78.9077     -72.8861     -83.5797     -87.1419
                -84.2226     -86.6502     -89.6489     -86.8919     -80.2780
                -78.0017     -91.1326     -88.4285     -88.8839     -86.7758
                -84.3611     -84.6789     -82.5723     -88.0595     -86.6037
                -87.7165     -82.3184     -79.9982     -87.3117     -80.6405
                -87.4662     -86.3139     -83.8026     -83.6130     -91.8141
                -92.7002     -80.6031     -81.0962     -80.9807     -88.5236
                -84.6274     -82.8310     -86.6602     -83.4171     -92.6637
                -90.3435     -86.5309     -82.0580     -86.1929     -90.3164
                -88.6286     -84.1971     -86.4728     -85.5071     -79.3326
   1     60     -83.2828     -78.9178     -72.8961     -83.5894     -87.1516
                -84.2323     -86.6599     -89.6586     -86.9017     -80.2878
                -78.0119     -91.1422     -88.4382     -88.8937     -86.7857
                -84.3710     -84.6888     -82.5823     -88.0692     -86.6134
                -87.7260     -82.3283     -80.0080     -87.3214     -80.6504
                -87.4758     -86.3237     -83.8123     -83.6228     -91.8236
                -92.7097     -80.6130     -81.1060     -80.9907     -88.5334
                -84.6373     -82.8410     -86.6699     -83.4270     -92.6733
                -90.3531     -86.5405     -82.0680     -86.2028     -90.3261
                -88.6383     -84.2071     -86.4825     -85.5168     -79.3426
   1     80     -83.3896     -79.0245     -73.0019     -83.6954     -87.2582
                -84.3389     -86.7665     -89.7652     -87.0082     -80.3931
                -78.1195     -91.2477     -88.5450     -89.0003     -86.8929
                -84.4789     -84.7959     -82.6903     -88.1758     -86.7203
                -87.8311     -82.4351     -80.1148     -87.4270     -80.7569
                -87.5817     -86.4307     -83.9182     -83.7299     -91.9289
                -92.8158     -80.7199     -81.2118     -81.0984     -88.6402
                -84.7449     -82.9476     -86.7760     -83.5336     -92.7794
                -90.4591     -86.6460     -82.1749     -86.3109     -90.4323
                -88.7450     -84.3152     -86.5881     -85.6232     -79.4505
   1    100     -83.7469     -79.3773     -73.3525     -84.0509     -87.6172
                -84.6967     -87.1238     -90.1237     -87.3656     -80.7448
                -78.4767     -91.6037     -88.9041     -89.3574     -87.2506
                -84.8380     -85.1534     -83.0485     -88.5344     -87.0798
                -88.1866     -82.7926     -80.4685     -87.7802     -81.1116
                -87.9370     -86.7891     -84.2725     -84.0886     -92.2849
                -93.1723     -81.0761     -81.5624     -81.4567     -88.9990
                -85.1048     -83.3023     -87.1330     -83.8905     -93.1368
                -90.8157     -87.0014     -82.5304     -86.6720     -90.7881
                -89.1039     -84.6753     -86.9424     -85.9802     -79.8074
   2      0     -82.9299     -78.3659     -72.3511     -83.3596     -86.9922
                -84.0218     -86.4161     -89.4441     -86.6002     -79.8694
                -77.6130     -90.9544     -88.2096     -88.6794     -86.5206
                -83.9473     -84.4041     -82.3564     -87.8621     -86.3832
                -87.4826     -82.0418     -79.5326     -87.1544     -80.4405
                -87.2491     -86.0849     -83.5932     -83.3897     -91.6331
                -92.6203     -80.3579     -80.7278     -80.5383     -88.3350
                -84.4429     -82.3933     -86.4814     -83.2092     -92.4915
                -90.0684     -86.3666     -81.8007     -85.9738     -90.1855
                -88.3773     -83.8879     -86.2065     -85.1260     -78.8076
   3      0     -82.7497     -78.1142     -72.0543     -83.1343     -86.8685
                -83.8204     -86.1471     -89.2712     -86.3686     -79.5789
                -77.3863     -90.7591     -87.9759     -88.4995     -86.3014
                -83.6496     -84.1715     -82.1452     -87.6975     -86.2561
                -87.3085     -81.8460     -79.0972     -86.9586     -80.2111
                -87.0776     -85.8321     -83.4422     -83.1817     -91.4477
                -92.4133     -80.1159     -80.5044     -80.2038     -88.1827
                -84.2541     -82.0663     -86.2872     -83.0260     -92.2854
                -89.8412     -86.1929     -81.5661     -85.7028     -89.9776
                -88.0500     -83.6749     -86.0146     -84.9473     -78.4708
   4      0     -82.9621     -78.2610     -72.3092     -83.4705     -87.1462
                -84.1615     -86.5568     -89.5321     -86.7102     -79.8498
                -77.6212     -91.0577     -88.3453     -88.8449     -86.6221
                -83.9212     -84.4824     -82.5049     -87.9725     -86.5140
                -87.5512     -82.0190     -79.5213     -87.3561     -80.5582
                -87.4159     -86.2271     -83.7987     -83.3877     -91.7632
                -92.7848     -80.4701     -80.8192     -80.4690     -88.4773
                -84.5609     -82.3124     -86.6243     -83.4024     -92.7106
                -90.2131     -86.5212     -81.8955     -86.0557     -90.2933
                -88.4783     -83.9575     -86.3108     -85.1310     -78.7549
   5      0     -82.9109     -78.2039     -72.0526     -83.4073     -87.0933
                -84.0792     -86.3326     -89.4458     -86.5721     -79.7380
                -77.5257     -90.9526     -88.1659     -88.7070     -86.4520
                -83.8403     -84.2849     -82.3309     -87.8216     -86.3961
                -87.4480     -81.9466     -79.2919     -87.1502     -80.3034
                -87.2629     -85.9984     -83.6731     -83.3010     -91.6877
                -92.7456     -80.2886     -80.6095     -80.3334     -88.3735
                -84.4032     -82.1588     -86.4742     -83.1736     -92.5287
                -90.0186     -86.3619     -81.8029     -85.9001     -90.2273
                -88.2162     -83.8645     -86.2595     -85.0994     -78.5219
   5     60     -82.9257     -78.2188     -72.0675     -83.4219     -87.1079
                -84.0937     -86.3472     -89.4604     -86.5866     -79.7527
                -77.5406     -90.9671     -88.1805     -88.7217     -86.4667
                -83.8552     -84.2997     -82.3459     -87.8362     -86.4108
                -87.4624     -81.9612     -79.3067     -87.1648     -80.3180
                -87.2775     -86.0131     -83.6878     -83.3158     -91.7020
                -92.7603     -80.3034     -80.6242     -80.3483     -88.3882
                -84.4179     -82.1736     -86.4888     -83.1883     -92.5433
                -90.0332     -86.3763     -81.8177     -85.9149     -90.2420
                -88.2308     -83.8794     -86.2740     -85.1141     -78.5370
   5     80     -83.0549     -78.3486     -72.1967     -83.5503     -87.2372
                -84.2220     -86.4754     -89.5886     -86.7148     -79.8811
                -77.6704     -91.0950     -88.3091     -88.8510     -86.5954
                -83.9856     -84.4290     -82.4764     -87.9646     -86.5405
                -87.5898     -82.0901     -79.4352     -87.2929     -80.4464
                -87.4061     -86.1419     -83.8166     -83.4450     -91.8288
                -92.8894     -80.4321     -80.7525     -80.4776     -88.5177
                -84.5469     -82.3028     -86.6177     -83.3174     -92.6719
                -90.1617     -86.5033     -81.9475     -86.0450     -90.3716
                -88.3591     -84.0100     -86.4016     -85.2425     -78.6674
   5    100     -83.3817     -78.6731     -72.5201     -83.8765     -87.5668
                -84.5483     -86.8010     -89.9156     -87.0408     -80.2058
                -77.9956     -91.4220     -88.6374     -89.1794     -86.9206
                -84.3144     -84.7561     -82.8049     -88.2917     -86.8717
                -87.9164     -82.4165     -79.7587     -87.6183     -80.7700
                -87.7337     -86.4693     -84.1434     -83.7724     -92.1537
                -93.2194     -80.7568     -81.0752     -80.8027     -88.8474
                -84.8733     -82.6277     -86.9461     -83.6450     -93.0004
                -90.4896     -86.8273     -82.2742     -86.3742     -90.7009
                -88.6863     -84.3393     -86.7256     -85.5684     -78.9943
 
 group  inft   Estimated free energy: 2-th solvent contribution (kcal/mol)
   1      0     -65.8437     -72.8939     -74.0477     -28.4186     -37.6710
                -55.5670     -42.3853     -53.0834     -74.3939     -71.9156
                -72.0178     -43.8271     -51.8941     -44.3962     -50.9958
                -41.0371     -60.4723     -60.1905     -64.6397     -48.1370
                -44.8329     -61.6169     -53.4337     -65.3018     -64.4452
                -40.9944     -53.0481     -51.9694     -43.1684     -27.7527
                -24.8342     -66.0821     -75.7715     -40.2557     -32.9374
                -46.1435     -39.0018     -58.4579     -78.9794     -33.6736
                -32.0843     -43.1823     -68.1649     -58.4434     -47.1126
                -45.8892     -42.2382     -33.1800     -49.9291     -30.2551
   1     60     -65.8354     -72.8856     -74.0389     -28.4082     -37.6619
                -55.5584     -42.3763     -53.0750     -74.3850     -71.9063
                -72.0096     -43.8176     -51.8854     -44.3877     -50.9872
                -41.0281     -60.4639     -60.1819     -64.6312     -48.1279
                -44.8238     -61.6084     -53.4249     -65.2932     -64.4362
                -40.9850     -53.0389     -51.9604     -43.1593     -27.7428
                -24.8241     -66.0737     -75.7628     -40.2464     -32.9282
                -46.1349     -38.9931     -58.4488     -78.9712     -33.6646
                -32.0749     -43.1736     -68.1561     -58.4352     -47.1038
                -45.8800     -42.2292     -33.1704     -49.9208     -30.2455
   1     80     -65.7805     -72.8313     -73.9820     -28.3301     -37.5983
                -55.4992     -42.3148     -53.0193     -74.3237     -71.8422
                -71.9551     -43.7515     -51.8271     -44.3318     -50.9273
                -40.9665     -60.4101     -60.1252     -64.5738     -48.0675
                -44.7613     -61.5514     -53.3655     -65.2344     -64.3746
                -40.9212     -52.9752     -51.8995     -43.0963     -27.6698
                -24.7491     -66.0177     -75.7052     -40.1830     -32.8638
                -46.0774     -38.9336     -58.3868     -78.9177     -33.6043
                -32.0097     -43.1150     -68.0954     -58.3821     -47.0431
                -45.8176     -42.1668     -33.1026     -49.8672     -30.1781
   1    100     -65.6430     -72.7016     -73.8388     -28.0942     -37.4259
                -55.3447     -42.1529     -52.8822     -74.1625     -71.6654
                -71.8216     -43.5686     -51.6778     -44.1943     -50.7747
                -40.8035     -60.2789     -59.9802     -64.4296     -47.9100
                -44.5961     -61.4084     -53.2115     -65.0824     -64.2105
                -40.7454     -52.8021     -51.7364     -42.9265     -27.4562
                -24.5286     -65.8761     -75.5547     -40.0114     -32.6890
                -45.9358     -38.7807     -58.2232     -78.7866     -33.4492
                -31.8332     -42.9646     -67.9373     -58.2537     -46.8800
                -45.6509     -42.0026     -32.9113     -49.7436     -29.9882
   2      0     -66.6112     -73.4176     -74.8111     -29.1534     -38.8528
                -56.0884     -43.2919     -53.7975     -75.1138     -72.7219
                -72.7364     -44.8776     -52.7008     -45.1312     -51.7990
                -41.9753     -61.1655     -60.7632     -65.6045     -48.8179
                -45.7654     -62.3640     -53.9926     -65.8763     -65.1566
                -42.0132     -53.6102     -52.5855     -44.2532     -28.2452
                -25.4254     -66.7762     -76.3633     -41.0547     -34.1353
                -46.8917     -40.0987     -59.0362     -79.5895     -34.7884
                -33.2724     -44.0534     -68.8727     -59.0076     -47.8977
                -46.6838     -43.0752     -34.1964     -50.6492     -30.9560
   3      0     -66.6822     -73.4989     -74.7965     -29.1658     -39.0953
                -56.2026     -43.3226     -53.9241     -75.1887     -72.9204
                -72.8323     -45.0255     -52.8329     -45.1845     -51.8785
                -42.1735     -61.2822     -60.9550     -65.7278     -48.9810
                -45.9427     -62.3845     -54.0668     -66.0346     -65.2666
                -42.1753     -53.7685     -52.5897     -44.4328     -28.3605
                -25.5448     -66.7101     -76.4369     -41.3000     -34.4694
                -47.0656     -40.2399     -59.1832     -79.5607     -35.1424
                -33.6064     -44.3286     -68.9902     -59.1197     -47.9591
                -46.7983     -43.1548     -34.5337     -50.7692     -31.1779
   4      0     -66.5304     -73.3153     -74.7069     -29.0311     -39.2267
                -55.9712     -43.1362     -53.8046     -74.9683     -72.7235
                -72.7898     -44.8213     -52.7433     -45.1801     -51.7807
                -42.0038     -60.9347     -60.6264     -65.6459     -48.9717
                -45.9359     -62.2905     -53.7647     -65.7190     -65.0796
                -41.9191     -53.4649     -52.3558     -44.2653     -28.2995
                -25.2077     -66.6218     -76.2690     -41.0467     -34.2896
                -46.7756     -40.1242     -59.0335     -79.4074     -34.8067
                -33.4133     -44.1815     -68.8848     -58.9173     -47.7971
                -46.5633     -42.9945     -34.4835     -50.7025     -30.9274
   5      0     -66.5744     -73.4293     -74.7602     -29.1968     -39.4490
                -56.1938     -43.2722     -53.8476     -75.1279     -72.7757
                -72.9203     -44.9570     -52.8428     -45.2745     -51.8824
                -42.1298     -60.9934     -60.7858     -65.6887     -48.9983
                -46.0126     -62.4022     -54.0122     -65.8583     -65.1983
                -42.0476     -53.6041     -52.4126     -44.3824     -28.4174
                -25.2947     -66.7326     -76.3499     -41.2199     -34.4411
                -46.8552     -40.2067     -59.1651     -79.4774     -34.9747
                -33.6085     -44.2747     -68.9581     -59.0184     -47.8844
                -46.6830     -43.1636     -34.6721     -50.8386     -31.0236
   5     60     -66.5602     -73.4156     -74.7460     -29.1795     -39.4342
                -56.1792     -43.2575     -53.8336     -75.1133     -72.7602
                -72.9063     -44.9415     -52.8284     -45.2604     -51.8679
                -42.1148     -60.9793     -60.7713     -65.6746     -48.9835
                -45.9977     -62.3881     -53.9976     -65.8437     -65.1833
                -42.0322     -53.5887     -52.3975     -44.3675     -28.4011
                -25.2780     -66.7184     -76.3352     -41.2047     -34.4262
                -46.8411     -40.1925     -59.1502     -79.4634     -34.9602
                -33.5934     -44.2605     -68.9434     -59.0046     -47.8695
                -46.6680     -43.1487     -34.6565     -50.8251     -31.0079
   5     80     -66.4763     -73.3354     -74.6615     -29.0635     -39.3429
                -56.0907     -43.1680     -53.7511     -75.0233     -72.6646
                -72.8234     -44.8455     -52.7418     -45.1768     -51.7813
                -42.0241     -60.8964     -60.6847     -65.5906     -48.8943
                -45.9066     -62.3036     -53.9086     -65.7565     -65.0912
                -41.9375     -53.4943     -52.3044     -44.2751     -28.2937
                -25.1678     -66.6329     -76.2470     -41.1114     -34.3336
                -46.7566     -40.1068     -59.0591     -79.3808     -34.8728
                -33.5002     -44.1748     -68.8540     -58.9233     -47.7785
                -46.5772     -43.0570     -34.5585     -50.7466     -30.9087
   5    100     -66.3649     -73.2313     -74.5466     -28.8594     -39.2100
                -55.9650     -43.0395     -53.6418     -74.8945     -72.5204
                -72.7140     -44.6968     -52.6214     -45.0638     -51.6585
                -41.8920     -60.7885     -60.5649     -65.4762     -48.7668
                -45.7724     -62.1870     -53.7804     -65.6325     -64.9553
                -41.7961     -53.3492     -52.1680     -44.1386     -28.1123
                -24.9779     -66.5170     -76.1219     -40.9712     -34.1966
                -46.6417     -39.9880     -58.9248     -79.2717     -34.7498
                -33.3600     -44.0549     -68.7248     -58.8184     -47.6443
                -46.4420     -42.9222     -34.4044     -50.6492     -30.7526
 
 group  inft   Estimated free energy: 3-th solvent contribution (kcal/mol)
   1      0      55.1750      58.5029      51.4903      29.9935      34.9565
                 47.6854      39.6149      49.7238      66.0798      59.4815
                 57.5727      46.9282      47.9609      40.9578      45.4268
                 39.1691      51.4857      50.1041      59.0993      45.2037
                 44.8080      54.0312      44.8825      57.6960      55.7398
                 40.6351      49.4911      44.1859      36.5907      32.3712
                 31.7809      54.1737      63.2644      35.8945      33.0221
                 39.4003      35.9930      53.8854      63.1494      36.1651
                 35.8070      38.3346      56.8254      49.7872      46.6301
                 45.9652      37.8466      34.7506      43.2504      19.9288
   1     60      54.8936      58.2223      51.2103      29.7087      34.6718
                 47.4023      39.3305      49.4414      65.8004      59.2007
                 57.2913      46.6453      47.6780      40.6742      45.1436
                 38.8847      51.2039      49.8224      58.8189      44.9204
                 44.5246      53.7488      44.5992      57.4144      55.4581
                 40.3511      49.2085      43.9016      36.3066      32.0863
                 31.4967      53.8923      62.9836      35.6104      32.7379
                 39.1156      35.7087      53.6037      62.8687      35.8806
                 35.5230      38.0510      56.5438      49.5045      46.3473
                 45.6825      37.5619      34.4672      42.9669      19.6436
   1     80      52.2945      55.6285      48.6153      27.0774      32.0434
                 44.7914      36.7100      46.8335      63.2172      56.6062
                 54.6902      44.0376      45.0701      38.0591      42.5294
                 36.2635      48.6001      47.2210      56.2254      42.3054
                 41.9072      51.1431      41.9849      54.8187      52.8559
                 37.7343      46.6009      41.2826      33.6837      29.4590
                 28.8717      51.2945      60.3924      32.9901      30.1121
                 36.4903      33.0843      50.9999      60.2776      33.2576
                 32.8993      35.4327      53.9441      46.8948      43.7372
                 43.0718      34.9391      31.8504      40.3516      17.0058
   1    100      43.5229      46.8654      39.8305      18.2104      23.1879
                 35.9917      27.8766      38.0421      54.4973      47.8510
                 45.9120      35.2445      36.2825      29.2441      33.7184
                 27.4325      39.8183      38.4512      47.4762      33.4949
                 33.0858      42.3552      33.1746      46.0605      44.0772
                 28.9150      37.8141      32.4593      24.8413      20.6008
                 20.0158      42.5337      51.6519      24.1578      21.2590
                 27.6436      24.2371      42.2149      51.5267      24.4156
                 24.0589      26.6070      45.1674      38.1043      34.9409
                 34.2697      26.0954      23.0244      31.5366       8.0904
   2      0      55.2242      58.5509      51.5440      30.0453      35.0204
                 47.7548      39.6691      49.7601      66.1146      59.5163
                 57.6070      46.9692      48.0314      40.9972      45.4865
                 39.2480      51.5438      50.1444      59.1397      45.2645
                 44.8371      54.0996      44.9244      57.7547      55.8004
                 40.7032      49.5494      44.2386      36.6429      32.4238
                 31.8348      54.2262      63.2983      35.9697      33.0555
                 39.4461      36.0389      53.9582      63.2118      36.1990
                 35.8632      38.3819      56.8781      49.8460      46.6714
                 46.0222      37.9048      34.8111      43.3105      20.0123
   3      0      55.2416      58.5512      51.5109      30.0441      35.0182
                 47.7692      39.6700      49.7671      66.0968      59.5124
                 57.6057      46.9764      48.0229      41.0069      45.4588
                 39.2347      51.5438      50.1526      59.1459      45.2633
                 44.8318      54.1108      44.9338      57.7423      55.7884
                 40.7047      49.5553      44.2474      36.6633      32.4195
                 31.8333      54.2273      63.2770      35.9646      33.0590
                 39.4248      36.0514      53.9504      63.1986      36.1827
                 35.8368      38.3860      56.8856      49.8483      46.6629
                 46.0297      37.9006      34.8058      43.3119      19.9994
   4      0      55.2463      58.5788      51.5508      30.0461      35.0215
                 47.7860      39.6633      49.7541      66.0976      59.5121
                 57.5950      46.9478      48.0397      40.9997      45.4589
                 39.2353      51.5291      50.1363      59.1120      45.2808
                 44.8235      54.0848      44.8932      57.7453      55.7784
                 40.6919      49.5504      44.2119      36.6705      32.4242
                 31.7951      54.2034      63.3002      35.9598      33.0766
                 39.4162      36.0609      53.9724      63.1937      36.1884
                 35.8271      38.3735      56.8620      49.8246      46.6552
                 46.0285      37.8911      34.7880      43.3238      20.0227
   5      0      55.1818      58.4947      51.4811      30.0076      34.9543
                 47.7307      39.6252      49.7003      66.0399      59.4561
                 57.5180      46.9211      47.9540      40.9567      45.4078
                 39.1910      51.5031      50.0785      59.0789      45.2098
                 44.7997      54.0546      44.8668      57.6823      55.7477
                 40.6478      49.5000      44.1792      36.6252      32.3580
                 31.7701      54.1526      63.2434      35.9171      33.0158
                 39.3753      35.9949      53.9133      63.1462      36.1382
                 35.7978      38.3223      56.8162      49.7777      46.6203
                 45.9901      37.8596      34.7528      43.2737      19.9506
   5     60      54.7947      58.1090      51.0966      29.6159      34.5627
                 47.3421      39.2345      49.3121      65.6562      59.0701
                 57.1311      46.5326      47.5657      40.5666      45.0182
                 38.8005      51.1153      49.6911      58.6932      44.8203
                 44.4101      53.6670      44.4775      57.2960      55.3604
                 40.2579      49.1117      43.7884      36.2343      31.9662
                 31.3790      53.7658      62.8575      35.5267      32.6245
                 38.9838      35.6042      53.5263      62.7605      35.7468
                 35.4069      37.9321      56.4291      49.3890      46.2314
                 45.6012      37.4686      34.3629      42.8841      19.5587
   5     80      51.5840      54.9044      47.8888      26.3684      31.3180
                 44.1181      35.9980      46.0931      62.4662      55.8679
                 53.9187      43.3121      44.3464      37.3365      41.7906
                 35.5647      47.8995      46.4792      55.4909      41.5928
                 41.1780      50.4501      41.2496      54.0906      52.1475
                 37.0265      45.8926      40.5551      32.9956      28.7208
                 28.1366      50.5583      59.6587      32.2913      29.3805
                 35.7414      32.3627      50.3113      59.5598      32.5062
                 32.1661      34.6974      53.2176      46.1677      43.0076
                 42.3764      34.2297      31.1305      39.6550      16.2987
   5    100      43.4984      46.8249      39.7885      18.1952      23.1573
                 36.0082      27.8548      37.9885      54.4254      47.7959
                 45.8253      35.2059      36.2460      29.2111      33.6663
                 27.4228      39.8031      38.3916      47.4241      33.4734
                 33.0444      42.3517      33.1279      46.0156      44.0588
                 28.8962      37.7911      32.4215      24.8455      20.5558
                 19.9718      42.4818      51.5977      24.1493      21.2195
                 27.5864      24.2080      42.2147      51.4916      24.3526
                 24.0153      26.5574      45.1268      38.0632      34.8990
                 34.2611      26.0774      22.9947      31.5307       8.0772
 
 
 cumulative average & 95% error for solvation free energy
              total             1st component         2nd component         3rd component
  1   -94.1910              -82.7497              -66.6822               55.2416
  2   -93.6269     1.1283   -80.4320     4.6355   -70.0906     6.8167    56.8964     3.3095
  3   -94.1981     1.3152   -77.6394     6.1933   -71.6592     5.0331    55.1012     4.0671
  4   -91.2128     6.0427   -79.0131     5.1698   -61.0359    21.5427    48.8369    12.8544
  5   -91.1595     4.6819   -80.5842     5.0901   -56.6478    18.8540    46.0732    11.3884
  6   -91.3420     3.8401   -81.1236     4.2938   -56.5736    15.3950    46.3559     9.3157
  7   -91.1218     3.2752   -81.8412     3.9024   -54.6806    13.5508    45.4007     8.1017
  8   -91.4101     2.8945   -82.7700     3.8564   -54.5860    11.7368    45.9465     7.1006
  9   -91.8603     2.7068   -83.1698     3.4938   -56.8752    11.3183    48.1855     7.6984
 10   -91.9730     2.4315   -82.8107     3.2064   -58.4797    10.6198    49.3182     7.2488
 11   -92.0312     2.2025   -82.3176     3.0634   -59.7845     9.9541    50.0716     6.7277
 12   -91.7627     2.0811   -83.0210     3.1305   -58.5546     9.4139    49.8136     6.1631
 13   -91.8415     1.9208   -83.4022     2.9788   -58.1144     8.7041    49.6759     5.6759
 14   -91.9012     1.7823   -83.7663     2.8523   -57.1909     8.2675    49.0567     5.3989
 15   -91.9559     1.6628   -83.9353     2.6768   -56.8367     7.7291    48.8168     5.0489
 16   -91.6205     1.6939   -83.9174     2.5042   -55.9203     7.4586    48.2179     4.8723
 17   -91.7552     1.6138   -83.9324     2.3525   -56.2357     7.0345    48.4136     4.5935
 18   -91.8215     1.5273   -83.8331     2.2268   -56.4979     6.6529    48.5102     4.3351
 19   -91.9509     1.4677   -84.0365     2.1453   -56.9836     6.3676    49.0700     4.2506
 20   -91.8521     1.4063   -84.1475     2.0472   -56.5835     6.0936    48.8796     4.0504
 21   -91.6887     1.3770   -84.2980     1.9704   -56.0768     5.8841    48.6869     3.8720
 22   -91.6174     1.3207   -84.1865     1.8919   -56.3635     5.6395    48.9334     3.7246
 23   -91.4701     1.2958   -83.9653     1.8612   -56.2637     5.3924    48.7595     3.5759
 24   -91.6277     1.2801   -84.0900     1.7993   -56.6708     5.2267    49.1338     3.5045
 25   -91.5502     1.2375   -83.9348     1.7535   -57.0146     5.0602    49.4000     3.4033
 26   -91.4348     1.2112   -84.0557     1.7020   -56.4439     4.9939    49.0655     3.3375
 27   -91.3833     1.1700   -84.1215     1.6430   -56.3448     4.8094    49.0837     3.2117
 28   -91.3977     1.1278   -84.0972     1.5840   -56.2107     4.6422    48.9110     3.1141
 29   -91.3823     1.0887   -84.0657     1.5297   -55.8045     4.5524    48.4886     3.1213
 30   -91.2492     1.0849   -84.3117     1.5576   -54.8897     4.7634    47.9530     3.2001
 31   -91.0839     1.1002   -84.5731     1.5946   -53.9431     4.9810    47.4330     3.2652
 32   -91.1313     1.0694   -84.4338     1.5689   -54.3421     4.8884    47.6453     3.1899
 33   -91.2081     1.0478   -84.3147     1.5392   -55.0116     4.9235    48.1190     3.2336
 34   -91.0414     1.0698   -84.1938     1.5127   -54.6084     4.8442    47.7615     3.2175
 35   -91.0000     1.0421   -84.3078     1.4864   -54.0330     4.8424    47.3415     3.2352
 36   -91.0249     1.0140   -84.3063     1.4445   -53.8394     4.7219    47.1216     3.1747
 37   -90.8960     1.0193   -84.2457     1.4101   -53.4719     4.6510    46.8224     3.1451
 38   -90.9124     0.9927   -84.2995     1.3767   -53.6222     4.5369    47.0099     3.0842
 39   -91.1298     1.0601   -84.2668     1.3426   -54.2873     4.6149    47.4250     3.1166
 40   -91.1327     1.0333   -84.4673     1.3686   -53.8086     4.5988    47.1440     3.0893
 41   -91.0468     1.0223   -84.5983     1.3603   -53.3159     4.5922    46.8682     3.0631
 42   -91.0727     0.9990   -84.6363     1.3297   -53.1019     4.5019    46.6662     3.0164
 43   -91.1332     0.9830   -84.5649     1.3062   -53.4714     4.4576    46.9039     2.9835
 44   -91.2205     0.9761   -84.5908     1.2772   -53.5998     4.3627    46.9708     2.9180
 45   -91.2217     0.9542   -84.7105     1.2713   -53.4744     4.2720    46.9640     2.8525
 46   -91.1695     0.9390   -84.7831     1.2518   -53.3293     4.1882    46.9437     2.7901
 47   -91.1218     0.9238   -84.7595     1.2258   -53.1128     4.1209    46.7513     2.7570
 48   -91.0097     0.9317   -84.7857     1.2011   -52.7258     4.1078    46.5024     2.7445
 49   -91.0382     0.9142   -84.7889     1.1764   -52.6858     4.0238    46.4373     2.6911
 50   -91.0105     0.8975   -84.6626     1.1800   -52.2557     4.0353    45.9085     2.8409
 
 Mesh error is    0.374 kcal/mol
