 ERmod 0.3.8, Copyright (C) 2000-2019 Nobuyuki Matubayasi
                            2010-2019 Shun Sakuraba
 ERmod comes with ABSOLUTELY NO WARRANTY.
 This is free software, and you can redistribute it
 and/or modify it under certain conditions.
 See LICENSE file for details.
 ERmod 0.3.8, Copyright (C) 2000-2019 Nobuyuki Matubayasi
                            2010-2019 Shun Sakuraba
 ERmod comes with ABSOLUTELY NO WARRANTY.
 This is free software, and you can redistribute it
 and/or modify it under certain conditions.
 See LICENSE file for details.
 
  Number of the   1-th solvent  =          792
  Number of the   2-th solvent  =          792
  Number of the   3-th solvent  =        10000
 
  Be sure that the solvent distribution is homogeneous (radial distribution function is essentially unity) when the solvent molecule is separated beyond distance of   10.0 Angstrom in any direction from any atom within the solute molecule
 
  LJ long-range correction    =        -1.3175     -0.2494     -7.0203
 
  Self-energy of the solute   =        -0.0073  kcal/mol
 
 
 cumulative average & 95% error for solvation energy
              total             1st component         2nd component         3rd component
  1  -534.2449             -201.0418              -99.2581             -233.9377
  2  -533.7860     0.9177  -202.2359     2.3882   -98.8030     0.9102  -232.7398     2.3958
  3  -532.1439     3.3268  -196.9697    10.6222   -92.8429    11.9318  -242.3239    19.2180
  4  -532.4248     2.4186  -197.8850     7.7308   -94.9816     9.4593  -239.5510    14.6773
  5  -532.5094     1.8810  -197.7096     5.9985   -96.2264     7.7386  -238.5661    11.5383
  6  -533.0913     1.9270  -198.0151     4.9358   -97.1251     6.5692  -237.9438     9.5029
  7  -533.2632     1.6645  -195.8051     6.0776   -99.5198     7.3323  -237.9310     8.0314
  8  -533.5570     1.5567  -196.8713     5.6789  -100.2328     6.5081  -236.4457     7.5633
  9  -533.9069     1.5408  -197.0075     5.0157  -102.5436     7.3690  -234.3485     7.8793
 10  -534.3144     1.6011  -196.4010     4.6473  -105.9064     9.4169  -231.9997     8.4697
 11  -534.6489     1.5954  -196.8792     4.3110  -108.0351     9.5225  -229.7274     8.9076
 12  -534.7829     1.4808  -198.0434     4.5726  -107.5899     8.7383  -229.1424     8.2152
 13  -534.3118     1.6563  -199.2757     4.8751  -103.9634    10.8266  -231.0654     8.4793
 14  -534.3213     1.5335  -199.5141     4.5386  -104.6119    10.1070  -230.1880     8.0441
 15  -534.5067     1.4750  -200.2132     4.4505  -105.1038     9.4605  -229.1825     7.7540
 16  -534.6183     1.3977  -199.1327     4.6905  -106.4557     9.2533  -229.0226     7.2602
 17  -534.7100     1.3257  -198.2170     4.7714  -106.0336     8.7328  -230.4522     7.3949
 18  -534.8584     1.2846  -197.6602     4.6343  -107.2977     8.6129  -229.8932     7.0610
 19  -534.8097     1.2190  -197.2258     4.4689  -107.5809     8.1666  -229.9958     6.6822
 20  -534.7889     1.1572  -196.6037     4.4183  -107.7948     7.7593  -230.3831     6.3864
 21  -534.9773     1.1634  -196.1670     4.2924  -109.7076     8.3132  -229.0954     6.5981
 22  -534.9735     1.1093  -197.0435     4.4523  -109.0923     8.0212  -228.8304     6.3133
 23  -535.0279     1.0656  -197.3328     4.2935  -109.5936     7.7299  -228.0942     6.2097
 24  -535.0403     1.0205  -197.3079     4.1110  -109.3993     7.4110  -228.3258     5.9633
 25  -535.1487     1.0025  -196.9909     3.9938  -110.5586     7.4770  -227.5919     5.9051
 26  -535.0764     0.9740  -197.1141     3.8450  -109.5959     7.4372  -228.3591     5.8773
 27  -535.1653     0.9539  -196.9544     3.7137  -110.4627     7.3635  -227.7409     5.7890
 28  -535.1998     0.9218  -197.0708     3.5861  -110.7208     7.1144  -227.4010     5.6197
 29  -535.1896     0.8897  -197.1402     3.4631  -110.7822     6.8658  -227.2598     5.4298
 30  -535.2040     0.8600  -197.2411     3.3517  -111.2267     6.6923  -226.7290     5.3520
 31  -535.1254     0.8465  -197.8358     3.4531  -110.1782     6.8039  -227.1041     5.2306
 32  -535.0454     0.8351  -197.2955     3.5137  -110.0007     6.5974  -227.7419     5.2226
 33  -535.0090     0.8127  -197.1476     3.4184  -109.9798     6.3945  -227.8743     5.0688
 34  -534.8931     0.8218  -197.1111     3.3171  -109.2259     6.3842  -228.5488     5.0992
 35  -534.7261     0.8651  -197.4391     3.2871  -108.1547     6.5589  -229.1250     5.0837
 36  -534.6186     0.8677  -197.3394     3.2007  -107.6711     6.4471  -229.6008     5.0313
 37  -534.6380     0.8449  -197.3329     3.1130  -107.6573     6.2705  -229.6405     4.8940
 38  -534.4424     0.9106  -197.6722     3.1051  -106.1264     6.8281  -230.6365     5.1632
 39  -534.3140     0.9234  -198.0638     3.1241  -104.9361     7.0640  -231.3069     5.2047
 40  -534.2982     0.9005  -197.9923     3.0484  -104.7908     6.8913  -231.5078     5.0888
 41  -534.3951     0.8994  -198.1068     2.9819  -105.3207     6.8041  -230.9604     5.0825
 42  -534.5479     0.9295  -198.1122     2.9101  -106.2229     6.8810  -230.2056     5.1846
 43  -534.6289     0.9219  -198.3783     2.8910  -106.4901     6.7403  -229.7532     5.1428
 44  -534.7589     0.9375  -198.4486     2.8280  -107.1170     6.7036  -229.1860     5.1510
 45  -534.8035     0.9208  -198.4886     2.7656  -107.5814     6.6184  -228.7262     5.1186
 46  -534.8750     0.9118  -198.4529     2.7058  -108.1719     6.5798  -228.2429     5.0985
 47  -534.8563     0.8930  -198.6642     2.6811  -108.0751     6.4412  -228.1098     4.9960
 48  -534.9348     0.8882  -198.8186     2.6428  -108.3818     6.3353  -227.7271     4.9503
 49  -535.0094     0.8825  -198.7606     2.5909  -108.7759     6.2546  -227.4656     4.8763
 50  -535.1206     0.8928  -198.7864     2.5390  -109.4790     6.2875  -226.8479     4.9349
 
 
 group  inft  solvation free energy     error          difference
  total solvation free energy
   1      0        -89.96921           1.51582          -0.73831
   1     60        -90.34764           1.51581          -1.11674
   1     80        -93.37033           1.51625          -4.13942
   1    100       -102.89291           1.51982         -13.66200
   2      0        -90.07020           1.54368          -0.83930
   3      0        -89.23091           1.54704           0.00000
   4      0        -89.92723           1.55593          -0.69632
   5      0        -90.46755           1.55916          -1.23664
   5     60        -90.98574           1.55914          -1.75484
   5     80        -94.69971           1.55974          -5.46880
   5    100       -103.50526           1.56270         -14.27436
 
  contribution from  1-th solvent component
   1      0       -161.37593           2.02889          -1.14086
   1     60       -161.41078           2.02888          -1.17572
   1     80       -161.67981           2.02889          -1.44474
   1    100       -162.53053           2.03030          -2.29546
   2      0       -160.76236           2.07112          -0.52729
   3      0       -160.23507           2.07977           0.00000
   4      0       -161.38618           2.08946          -1.15111
   5      0       -161.47641           2.08173          -1.24134
   5     60       -161.52441           2.08174          -1.28934
   5     80       -161.85910           2.08194          -1.62403
   5    100       -162.64370           2.08352          -2.40863
 
  contribution from  2-th solvent component
   1      0         28.37909           3.18757           0.37177
   1     60         28.40136           3.18765           0.39404
   1     80         28.55188           3.18886           0.54455
   1    100         28.85828           3.19342           0.85095
   2      0         27.69152           3.18636          -0.31580
   3      0         28.00732           3.18357           0.00000
   4      0         28.53297           3.19313           0.52565
   5      0         28.10823           3.19490           0.10091
   5     60         28.13233           3.19503           0.12500
   5     80         28.28496           3.19651           0.27764
   5    100         28.52128           3.20055           0.51396
 
  contribution from  3-th solvent component
   1      0         43.03489           2.05416           0.03079
   1     60         42.66904           2.05450          -0.33506
   1     80         39.76487           2.05725          -3.23923
   1    100         30.78661           2.06503         -12.21749
   2      0         43.00790           2.05352           0.00380
   3      0         43.00410           2.05265           0.00000
   4      0         42.93325           2.05354          -0.07086
   5      0         42.90790           2.05293          -0.09621
   5     60         42.41361           2.05341          -0.59050
   5     80         38.88169           2.05677          -4.12241
   5    100         30.62442           2.06386         -12.37969
 
 
 group  inft   Estimated free energy: total (kcal/mol)
   1      0     -84.9164     -89.3931     -81.9224     -91.3192     -89.5507
                -88.8307     -83.1093     -92.6235     -86.3283     -94.9600
                -95.6605     -93.5515     -83.2511     -91.8692     -89.1494
                -99.6003     -89.7635     -89.6416     -88.3975     -96.1482
                -83.5056     -89.8848     -86.5638     -89.2923     -91.3525
                -94.4275     -91.9674    -104.1036     -79.6516     -89.8183
                -93.1196     -87.0376     -81.8737     -88.2484     -86.3232
                -89.4148     -85.3438     -75.4518     -88.4725     -92.3183
               -100.6486     -88.8833     -89.9858     -99.5957     -90.8089
                -96.3939     -89.7356     -93.4603     -91.8257     -88.9657
   1     60     -85.2925     -89.7708     -82.3051     -91.6991     -89.9296
                -89.2079     -83.4890     -93.0029     -86.7042     -95.3395
                -96.0399     -93.9330     -83.6333     -92.2475     -89.5243
                -99.9784     -90.1437     -90.0179     -88.7769     -96.5285
                -83.8798     -90.2602     -86.9409     -89.6699     -91.7306
                -94.8094     -92.3443    -104.4819     -80.0286     -90.1949
                -93.4976     -87.4205     -82.2530     -88.6292     -86.7036
                -89.7990     -85.7212     -75.8327     -88.8533     -92.6981
               -101.0283     -89.2576     -90.3600     -99.9739     -91.1835
                -96.7730     -90.1141     -93.8355     -92.2025     -89.3408
   1     80     -88.2929     -92.7857     -85.3607     -94.7296     -92.9506
                -92.2218     -86.5274     -96.0338     -89.7023     -98.3735
                -99.0665     -96.9784     -86.6814     -95.2645     -92.5265
               -103.0070     -93.1932     -93.0216     -91.8099     -99.5781
                -86.8712     -93.2517     -89.9508     -92.6844     -94.7530
                -97.8597     -95.3513    -107.5192     -83.0438     -93.1982
                -96.5103     -90.4796     -85.2841     -91.6713     -89.7326
                -92.8652     -88.7372     -78.8635     -91.8945     -95.7282
               -104.0623     -92.2536     -93.3548    -103.0001     -94.1714
                -99.7940     -93.1329     -96.8368     -95.2144     -92.3409
   1    100     -97.7310    -102.2732     -94.9835    -104.2643    -102.4560
               -101.7165     -96.1076    -105.5906     -99.1388    -107.9358
               -108.6015    -106.5713     -96.2716    -104.7575    -101.9964
               -112.5786    -102.8294    -102.4780    -101.3743    -109.2129
                -96.2973    -102.6665     -99.4217    -102.1794    -104.2708
               -107.4632    -104.8211    -117.1195     -92.5418    -102.6528
               -105.9925    -100.1202     -94.8246    -101.2506     -99.2492
               -102.5169     -98.2378     -88.3838    -101.4809    -105.2743
               -113.6369    -101.7005    -102.7988    -112.5480    -103.5725
               -109.3047    -102.6325    -106.3052    -104.7097    -101.8034
   2      0     -84.8801     -89.8158     -81.4219     -91.5839     -89.6818
                -88.9887     -82.5148     -93.0022     -86.4743     -95.3842
                -95.6889     -93.7873     -83.3464     -92.0860     -89.1352
                -99.8393     -89.6154     -90.1574     -88.4629     -96.1985
                -83.2971     -90.1090     -86.8380     -89.8679     -91.2468
                -94.6395     -91.6033    -103.7892     -79.5746     -89.8628
                -93.2443     -87.0490     -81.8011     -88.6552     -86.4627
                -89.5094     -85.2614     -75.2923     -88.6900     -92.6588
               -101.0176     -88.3858     -90.0182     -99.8184     -91.4869
                -96.7096     -90.0227     -93.7917     -92.0643     -88.6775
   3      0     -84.2253     -89.1148     -80.5209     -90.7534     -88.7692
                -88.2955     -81.6006     -92.0801     -85.4841     -94.3984
                -94.6327     -93.2033     -82.6340     -91.1727     -88.5714
                -99.1641     -88.8712     -89.2045     -87.4464     -95.2926
                -82.4789     -89.0777     -86.1180     -88.9928     -90.1059
                -93.6466     -90.7936    -102.9001     -78.6649     -88.9305
                -92.4054     -86.1567     -80.8671     -87.8597     -85.7376
                -88.8547     -84.5821     -74.4675     -87.7219     -91.7362
               -100.0567     -87.6336     -88.9884     -99.1099     -90.7594
                -96.4661     -89.1057     -93.0639     -91.3826     -87.4460
   4      0     -84.3932     -89.6729     -81.1837     -91.5966     -89.7474
                -89.1710     -82.1860     -92.7827     -86.1564     -95.3803
                -95.3840     -93.7323     -83.2996     -91.8847     -88.8377
               -100.0299     -89.3874     -90.1661     -88.0310     -96.0886
                -82.9511     -89.9902     -86.5804     -89.7934     -91.3801
                -94.4592     -91.5656    -103.5923     -79.3700     -89.8042
                -93.0117     -86.9096     -81.6459     -88.6266     -86.2233
                -89.4267     -85.0980     -75.1998     -88.7134     -92.5060
               -100.7043     -88.0741     -90.0245     -99.8740     -91.4720
                -96.5966     -89.7919     -93.9016     -91.8837     -88.0798
   5      0     -84.9439     -90.4230     -81.8192     -92.3216     -90.0431
                -89.5551     -82.9226     -93.3933     -86.7818     -95.8010
                -95.6552     -94.4139     -83.8849     -92.5381     -89.7863
               -100.5737     -89.7041     -90.7509     -88.5942     -96.8011
                -83.6158     -90.3882     -87.0196     -90.1831     -92.0297
                -95.0982     -92.2457    -103.9085     -79.9052     -90.0810
                -93.6268     -87.4781     -82.4879     -88.8260     -86.7733
                -89.9204     -85.4158     -75.5654     -88.9480     -92.8900
               -101.4702     -88.9186     -90.6362    -100.6474     -91.7590
                -97.7134     -90.4986     -94.0080     -92.2423     -88.3698
   5     60     -85.4596     -90.9410     -82.3429     -92.8420     -90.5616
                -90.0716     -83.4423     -93.9124     -87.2970     -96.3207
                -96.1745     -94.9361     -84.4083     -93.0564     -90.3004
               -101.0909     -90.2247     -91.2664     -89.1135     -97.3216
                -84.1283     -90.9031     -87.5361     -90.7004     -92.5477
                -95.6210     -92.7616    -104.4267     -80.4215     -90.5968
                -94.1445     -88.0014     -83.0070     -89.3474     -87.2946
                -90.4457     -85.9330     -76.0865     -89.4697     -93.4098
               -101.9899     -89.4313     -91.1496    -101.1653     -92.2722
                -98.2322     -91.0169     -94.5221     -92.7578     -88.8834
   5     80     -89.1474     -94.6480     -86.0971     -96.5663     -94.2722
                -93.7742     -87.1746     -97.6388     -90.9817    -100.0488
                -99.8946     -98.6778     -88.1561     -96.7635     -93.9882
               -104.8109     -93.9746     -94.9577     -92.8388    -101.0687
                -87.8026     -94.5815     -91.2326     -94.4049     -96.2600
                -99.3706     -96.4579    -108.1591     -84.1251     -94.2865
                -97.8447     -91.7561     -86.7269     -93.0862     -91.0184
                -94.2103     -89.6415     -79.8065     -93.2101     -97.1340
               -105.7166     -93.1121     -94.8302    -104.8820     -95.9434
               -101.9427     -94.7259     -98.2104     -96.4572     -92.5698
   5    100     -97.8789    -103.4271     -94.9968    -105.3884    -103.0594
               -102.5524     -96.0328    -106.4823     -99.7111    -108.8872
               -108.7138    -107.5487     -97.0300    -105.5414    -102.7418
               -113.6575    -102.8879    -103.7029    -101.6831    -109.9721
                -96.5191    -103.2931     -99.9893    -103.1892    -105.0551
               -108.2501    -105.2178    -117.0320     -92.9083    -103.0284
               -106.6106    -100.6614     -95.5420    -101.9468     -99.8247
               -103.1278     -98.4345     -88.6021    -102.0792    -105.9634
               -114.5648    -101.8482    -103.5666    -113.7056    -104.6390
               -110.7345    -103.5107    -106.9679    -105.2329    -101.3225
 
 group  inft   Estimated free energy: 1-th solvent contribution (kcal/mol)
   1      0    -163.5706    -165.9509    -147.0532    -164.4453    -163.9448
               -160.6347    -144.7331    -163.9432    -160.2834    -159.3324
               -163.7525    -167.8680    -167.9867    -165.7700    -167.5928
               -159.6328    -150.0035    -158.5480    -153.7929    -156.0603
               -150.3107    -175.6406    -162.2694    -161.1553    -157.9030
               -166.6537    -158.8559    -168.9518    -150.5528    -163.9598
               -178.4797    -146.8392    -147.6268    -160.7382    -170.1193
               -158.9713    -157.6757    -162.2619    -170.2476    -163.8125
               -165.9224    -155.5668    -165.8420    -165.3352    -164.8679
               -161.6018    -167.2082    -165.7083    -162.3779    -156.4417
   1     60    -163.6056    -165.9856    -147.0884    -164.4803    -163.9797
               -160.6694    -144.7680    -163.9781    -160.3183    -159.3673
               -163.7876    -167.9032    -168.0215    -165.8050    -167.6277
               -159.6676    -150.0384    -158.5830    -153.8279    -156.0953
               -150.3454    -175.6751    -162.3043    -161.1902    -157.9380
               -166.6886    -158.8906    -168.9865    -150.5874    -163.9945
               -178.5144    -146.8745    -147.6616    -160.7733    -170.1544
               -159.0065    -157.7105    -162.2969    -170.2823    -163.8474
               -165.9572    -155.6014    -165.8763    -165.3700    -164.9025
               -161.6367    -167.2429    -165.7430    -162.4129    -156.4763
   1     80    -163.8760    -166.2533    -147.3590    -164.7499    -164.2494
               -160.9377    -145.0356    -164.2475    -160.5873    -159.6364
               -164.0581    -168.1748    -168.2904    -166.0752    -167.8975
               -159.9369    -150.3068    -158.8535    -154.0972    -156.3651
               -150.6135    -175.9418    -162.5741    -161.4596    -158.2088
               -166.9581    -159.1584    -169.2562    -150.8531    -164.2624
               -178.7827    -147.1460    -147.9291    -161.0443    -170.4251
               -159.2786    -157.9789    -162.5667    -170.5504    -164.1168
               -166.2259    -155.8676    -166.1411    -165.6390    -165.1697
               -161.9057    -167.5108    -166.0118    -162.6837    -156.7429
   1    100    -164.7315    -167.1029    -148.2069    -165.6037    -165.1048
               -161.7835    -145.8741    -165.0999    -161.4373    -160.4853
               -164.9181    -169.0367    -169.1415    -166.9328    -168.7570
               -160.7870    -151.1482    -159.7059    -154.9434    -157.2153
               -151.4534    -176.7972    -163.4258    -162.3104    -159.0628
               -167.8136    -160.0066    -170.1143    -151.6850    -165.1126
               -179.6459    -147.9938    -148.7654    -161.8992    -171.2870
               -160.1341    -158.8270    -163.4191    -171.4042    -164.9689
               -167.0789    -156.7065    -166.9824    -166.4931    -166.0172
               -162.7576    -168.3603    -166.8639    -163.5414    -157.5829
   2      0    -163.1343    -165.5181    -146.0148    -164.0120    -163.3701
               -160.2037    -143.7625    -163.4495    -159.7134    -158.8967
               -162.7846    -167.3146    -167.1876    -165.2931    -167.0602
               -159.3009    -149.3250    -158.2302    -152.9438    -155.4915
               -149.3325    -175.2299    -161.7207    -160.7979    -157.2836
               -166.1925    -157.9944    -168.6196    -149.4473    -163.4612
               -178.1229    -146.1729    -146.5844    -160.2186    -169.6234
               -158.4769    -156.7891    -161.3306    -169.6712    -163.3255
               -165.4748    -154.3718    -165.2095    -164.8447    -164.4159
               -161.0737    -166.6987    -165.2171    -161.9751    -155.4351
   3      0    -162.6107    -164.9651    -145.4450    -163.5497    -162.9035
               -159.6915    -143.1295    -162.8815    -159.1918    -158.4273
               -162.0669    -166.7103    -166.6863    -164.7690    -166.4870
               -158.8388    -148.8227    -157.7698    -152.3436    -154.9969
               -148.7408    -174.8156    -161.3007    -160.3381    -156.7340
               -165.6932    -157.4918    -168.1155    -148.8046    -162.9532
               -177.6630    -145.5870    -146.0760    -159.7239    -169.0436
               -158.0010    -156.1687    -160.7111    -169.1425    -162.8381
               -165.0292    -153.7043    -164.6433    -164.4197    -163.8879
               -160.6476    -166.1843    -164.8463    -161.5144    -154.6471
   4      0    -163.8597    -166.2847    -146.6410    -164.8458    -164.0198
               -160.7420    -144.3695    -164.1940    -160.3676    -159.6029
               -163.4177    -167.8290    -167.5845    -165.9727    -167.5407
               -159.9391    -150.1288    -158.9672    -153.5171    -156.2048
               -149.6725    -175.9021    -162.3769    -161.4476    -157.8410
               -166.9607    -158.3892    -169.2302    -149.8563    -164.2374
               -178.8908    -146.6884    -146.8354    -160.9773    -170.4788
               -159.1263    -157.2893    -161.8356    -170.4101    -163.9995
               -166.2163    -154.5671    -165.7797    -165.4662    -165.1789
               -161.6618    -167.3184    -165.9487    -162.7484    -155.9496
   5      0    -163.9878    -166.5036    -146.7671    -165.0116    -164.0268
               -160.7557    -144.5530    -164.2640    -160.5695    -159.7282
               -163.2486    -168.0123    -167.7487    -166.0416    -167.8410
               -160.0832    -150.1545    -159.0786    -153.6129    -156.4942
               -149.7863    -175.9156    -162.3662    -161.4602    -158.1213
               -167.1130    -158.5970    -169.2032    -150.0688    -164.2092
               -179.0293    -146.7752    -147.1894    -160.7783    -170.5183
               -159.1298    -157.2191    -161.7502    -170.2849    -163.9667
               -166.4175    -154.8479    -165.9144    -165.6883    -165.0323
               -162.0810    -167.5097    -165.7716    -162.7543    -155.8387
   5     60    -164.0361    -166.5516    -146.8156    -165.0599    -164.0749
               -160.8036    -144.6008    -164.3120    -160.6175    -159.7760
               -163.2967    -168.0607    -167.7971    -166.0896    -167.8890
               -160.1310    -150.2025    -159.1268    -153.6609    -156.5421
               -149.8339    -175.9636    -162.4143    -161.5084    -158.1693
               -167.1612    -158.6447    -169.2510    -150.1165    -164.2572
               -179.0772    -146.8234    -147.2373    -160.8267    -170.5669
               -159.1783    -157.2670    -161.7985    -170.3332    -164.0147
               -166.4653    -154.8953    -165.9618    -165.7361    -165.0800
               -162.1291    -167.5575    -165.8194    -162.8022    -155.8863
   5     80    -164.3732    -166.8868    -147.1517    -165.3968    -164.4104
               -161.1375    -144.9330    -164.6471    -160.9521    -160.1102
               -163.6322    -168.3977    -168.1335    -166.4248    -168.2234
               -160.4652    -150.5363    -159.4630    -153.9951    -156.8766
               -150.1664    -176.2989    -162.7493    -161.8446    -158.5044
               -167.4977    -158.9776    -169.5862    -150.4480    -164.5925
               -179.4115    -147.1573    -147.5697    -161.1641    -170.9058
               -159.5156    -157.6009    -162.1331    -170.6690    -164.3500
               -166.7987    -155.2259    -166.2931    -166.0702    -165.4134
               -162.4642    -167.8909    -166.1538    -163.1376    -156.2181
   5    100    -165.1644    -167.6749    -147.9327    -166.1874    -165.1990
               -161.9187    -145.7047    -165.4327    -161.7360    -160.8924
               -164.4209    -169.1898    -168.9230    -167.2124    -169.0119
               -161.2482    -151.3129    -160.2495    -154.7742    -157.6582
               -150.9404    -177.0952    -163.5340    -162.6327    -159.2882
               -168.2887    -159.7587    -170.3764    -151.2190    -165.3812
               -180.2063    -147.9312    -148.3410    -161.9540    -171.7045
               -160.3026    -158.3831    -162.9157    -171.4608    -165.1366
               -167.5826    -155.9983    -167.0731    -166.8563    -166.1971
               -163.2506    -168.6740    -166.9401    -163.9250    -156.9933
 
 group  inft   Estimated free energy: 2-th solvent contribution (kcal/mol)
   1      0      38.5806      34.9582      36.7343      31.4453      34.4762
                 31.5107      22.3155      28.2164      27.8765      14.7654
                 17.2260      30.0127      52.9505      27.2951      31.0298
                 17.2475      28.6745      23.0264      24.8089      20.8527
                 13.5640      41.1492      26.9747      32.2769      16.4318
                 37.9556      17.4271      18.3786      25.8076      24.1746
                 47.0015      25.4824      24.4530      39.8130      50.1596
                 34.0917      31.1400      61.0662      51.0154      33.4470
                 14.3269      12.0966      26.1803      13.4366      23.7510
                 14.4297      32.1319      22.1558      22.8460      11.7863
   1     60      38.6052      34.9810      36.7551      31.4676      34.4986
                 31.5331      22.3361      28.2375      27.9014      14.7861
                 17.2478      30.0341      52.9724      27.3184      31.0538
                 17.2681      28.6942      23.0503      24.8304      20.8720
                 13.5872      41.1745      26.9987      32.3003      16.4541
                 37.9770      17.4500      18.3989      25.8298      24.1977
                 47.0247      25.5021      24.4743      39.8349      50.1835
                 34.1116      31.1631      61.0897      51.0367      33.4684
                 14.3475      12.1197      26.2034      13.4583      23.7760
                 14.4520      32.1543      22.1791      22.8686      11.8089
   1     80      38.7818      35.1360      36.8934      31.6202      34.6569
                 31.6857      22.4711      28.3775      28.0760      14.9216
                 17.3965      30.1737      53.1197      27.4763      31.2147
                 17.4021      28.8206      23.2191      24.9731      20.9924
                 13.7474      41.3527      27.1635      32.4639      16.6033
                 38.1198      17.6073      18.5260      25.9778      24.3584
                 47.1879      25.6306      24.6133      39.9846      50.3512
                 34.2418      31.3205      61.2569      51.1795      33.6170
                 14.4797      12.2708      26.3587      13.5976      23.9506
                 14.6001      32.3058      22.3363      23.0224      11.9599
   1    100      39.1845      35.4615      37.1575      31.9368      34.9969
                 32.0009      22.7261      28.6454      28.4693      15.1749
                 17.6937      30.4391      53.4121      27.8072      31.5580
                 17.6455      29.0386      23.5931      25.2551      21.1881
                 14.0940      41.7579      27.5215      32.8204      16.9021
                 38.3961      17.9360      18.7424      26.2759      24.7026
                 47.5460      25.8569      24.8798      40.2883      50.7185
                 34.4734      31.6503      61.6254      51.4545      33.9190
                 14.7175      12.5762      26.6848      13.8590      24.3424
                 14.8996      32.6166      22.6636      23.3415      12.2675
   2      0      38.2087      34.1544      36.2281      30.7839      33.7916
                 30.9446      21.9598      27.3810      27.1900      13.9209
                 16.2744      29.2583      52.0642      26.6210      30.5271
                 16.6907      28.1799      22.2146      23.9284      20.2636
                 12.8296      40.5346      26.1826      31.3704      15.9257
                 37.2950      16.9432      18.3941      24.8249      23.6639
                 46.5536      24.8242      23.5128      38.9098      49.5554
                 33.5203      30.3602      60.3235      50.2348      32.6282
                 13.5382      11.4353      25.5450      12.7467      22.6572
                 13.6277      31.3493      21.3571      22.2458      11.1022
   3      0      38.3313      34.2981      36.5520      31.1612      34.2379
                 31.1126      22.2440      27.7438      27.6635      14.4540
                 16.6250      29.2471      52.2658      27.0022      30.5102
                 16.8936      28.4125      22.7035      24.3402      20.6779
                 13.0794      41.1523      26.4787      31.7805      16.5472
                 37.7962      17.2646      18.7900      25.0907      24.0810
                 46.9399      25.1434      23.9439      39.2134      49.6990
                 33.7079      30.4100      60.5397      50.6852      33.0686
                 14.0536      11.5198      26.0168      13.0398      22.8888
                 13.4258      31.7656      21.7386      22.4623      11.5668
   4      0      39.4914      35.1398      37.1632      31.6948      34.4645
                 31.4098      22.9461      28.4271      28.2102      14.7126
                 17.2827      29.8850      52.5822      27.5614      31.3562
                 17.1900      29.2886      23.0080      25.0163      21.1585
                 13.6032      41.4203      27.1558      32.1761      16.4307
                 38.3018      17.4492      19.2857      25.5202      24.5824
                 47.6222      25.5597      23.9925      39.7838      50.7140
                 34.3130      31.1001      61.0000      51.0384      33.5418
                 14.6744      12.0146      26.1756      13.3785      23.4996
                 14.4065      32.2702      22.0626      23.2783      12.3090
   5      0      39.1070      34.6299      36.6853      31.1470      34.1920
                 31.0198      22.4254      27.9353      27.8226      14.4468
                 16.8774      29.4260      52.1849      26.9920      30.7571
                 16.8181      29.0114      22.5507      24.5702      20.7784
                 13.0658      41.0524      26.7066      31.8214      16.0957
                 37.8525      17.0115      18.9806      25.2017      24.3008
                 47.1700      25.1180      23.5276      39.3760      50.2207
                 33.8687      30.7176      60.5666      50.7016      33.1385
                 14.1338      11.4782      25.7187      12.8665      23.1170
                 13.7374      31.8179      21.7919      22.9452      11.9336
   5     60      39.1340      34.6545      36.7078      31.1713      34.2165
                 31.0441      22.4474      27.9579      27.8499      14.4687
                 16.9008      29.4488      52.2086      27.0170      30.7831
                 16.8403      29.0320      22.5767      24.5932      20.7985
                 13.0909      41.0801      26.7329      31.8469      16.1195
                 37.8756      17.0361      19.0020      25.2259      24.3261
                 47.1954      25.1391      23.5507      39.3998      50.2470
                 33.8902      30.7424      60.5929      50.7246      33.1617
                 14.1557      11.5029      25.7434      12.8895      23.1446
                 13.7615      31.8422      21.8172      22.9698      11.9581
   5     80      39.3184      34.8130      36.8462      31.3269      34.3802
                 31.2000      22.5812      28.0959      28.0319      14.6015
                 17.0493      29.5874      52.3554      27.1761      30.9476
                 16.9733      29.1536      22.7498      24.7372      20.9140
                 13.2560      41.2671      26.9033      32.0165      16.2686
                 38.0178      17.1941      19.1259      25.3783      24.4936
                 47.3657      25.2644      23.6924      39.5507      50.4199
                 34.0188      30.9005      60.7682      50.8658      33.3111
                 14.2876      11.6565      25.9027      13.0284      23.3292
                 13.9125      31.9961      21.9780      23.1273      12.1120
   5    100      39.6439      35.0677      37.0429      31.5701      34.6487
                 31.4464      22.7683      28.2905      28.3466      14.7900
                 17.2717      29.7844      52.5743      27.4294      31.2170
                 17.1550      29.3087      23.0446      24.9507      21.0514
                 13.5309      41.5956      27.1865      32.2989      16.4988
                 38.2273      17.4443      19.2827      25.6120      24.7697
                 47.6523      25.4271      23.8978      39.7824      50.7098
                 34.1899      31.1506      61.0651      51.0706      33.5408
                 14.4650      11.8916      26.1582      13.2249      23.6478
                 14.1450      32.2350      22.2330      23.3781      12.3501
 
 group  inft   Estimated free energy: 3-th solvent contribution (kcal/mol)
   1      0      40.0808      41.6069      28.4037      41.6881      39.9252
                 40.3005      39.3156      43.1105      46.0859      49.6143
                 50.8733      44.3111      31.7923      46.6130      47.4209
                 42.7923      31.5727      45.8873      40.5937      39.0667
                 53.2483      44.6138      48.7381      39.5934      50.1260
                 34.2777      49.4686      46.4768      45.1009      49.9742
                 38.3658      34.3264      41.3074      32.6841      33.6438
                 35.4721      41.1991      25.7511      30.7669      38.0546
                 50.9541      54.5941      49.6832      52.3102      50.3153
                 50.7854      45.3480      50.0994      47.7134      55.6970
   1     60      39.7152      41.2411      28.0355      41.3208      39.5588
                 39.9357      38.9502      42.7450      45.7199      49.2489
                 50.5071      43.9434      31.4231      46.2464      47.0569
                 42.4284      31.2078      45.5221      40.2278      38.7020
                 52.8856      44.2476      48.3719      39.2272      49.7606
                 33.9094      49.1035      46.1129      44.7362      49.6091
                 37.9993      33.9592      40.9415      32.3164      33.2745
                 35.1032      40.8334      25.3817      30.3996      37.6881
                 50.5887      54.2314      49.3202      51.9451      49.9503
                 50.4190      44.9817      49.7356      47.3490      55.3339
   1     80      36.8086      38.3388      25.1122      38.4074      36.6492
                 37.0375      36.0444      39.8435      42.8163      46.3485
                 47.6024      41.0299      28.4966      43.3416      44.1636
                 39.5351      28.3003      42.6201      37.3215      35.8018
                 50.0021      41.3446      45.4670      36.3184      46.8598
                 30.9858      46.2070      43.2183      41.8387      46.7130
                 35.0918      31.0431      38.0390      29.3957      30.3486
                 32.1789      37.9285      22.4536      27.4836      34.7788
                 47.6910      51.3505      46.4349      49.0485      47.0549
                 47.5188      42.0794      46.8459      44.4542      52.4494
   1    100      27.8233      29.3755      16.0732      29.4100      27.6591
                 28.0734      27.0477      30.8712      33.8365      37.3820
                 38.6302      32.0335      19.4651      34.3753      35.2100
                 30.5702      19.2875      33.6420      28.3213      26.8215
                 41.0694      32.3800      36.4899      27.3177      37.8972
                 21.9617      37.2568      34.2597      32.8745      37.7645
                 26.1147      22.0240      29.0682      20.3676      21.3266
                 23.1511      28.9461      13.4172      18.4761      25.7829
                 38.7317      42.4372      37.5062      40.0934      38.1096
                 38.5605      33.1185      37.9025      35.4975      43.5192
   2      0      40.0528      41.5552      28.3721      41.6515      39.9041
                 40.2777      39.2950      43.0735      46.0564      49.5989
                 50.8286      44.2762      31.7844      46.5934      47.4052
                 42.7782      31.5369      45.8655      40.5597      39.0366
                 53.2131      44.5935      48.7073      39.5669      50.1184
                 34.2652      49.4551      46.4436      45.0550      49.9417
                 38.3322      34.3069      41.2778      32.6608      33.6125
                 35.4545      41.1748      25.7220      30.7536      38.0458
                 50.9263      54.5581      49.6535      52.2868      50.2791
                 50.7438      45.3339      50.0756      47.6723      55.6627
   3      0      40.0614      41.5594      28.3793      41.6423      39.9036
                 40.2906      39.2923      43.0648      46.0515      49.5823
                 50.8165      44.2671      31.7938      46.6014      47.4126
                 42.7884      31.5461      45.8692      40.5643      39.0336
                 53.1898      44.5929      48.7113      39.5720      50.0882
                 34.2577      49.4408      46.4326      45.0563      49.9489
                 38.3250      34.2942      41.2723      32.6581      33.6142
                 35.4458      41.1839      25.7111      30.7426      38.0405
                 50.9262      54.5582      49.6453      52.2772      50.2470
                 50.7629      45.3203      50.0510      47.6767      55.6417
   4      0      39.9823      41.4792      28.3014      41.5617      39.8152
                 40.1684      39.2447      42.9916      46.0082      49.5172
                 50.7583      44.2190      31.7100      46.5338      47.3541
                 42.7264      31.4601      45.8004      40.4772      38.9649
                 53.1254      44.4989      48.6480      39.4853      50.0374
                 34.2070      49.3817      46.3594      44.9734      49.8581
                 38.2642      34.2264      41.2043      32.5741      33.5489
                 35.3939      41.0984      25.6430      30.6655      37.9590
                 50.8449      54.4857      49.5869      52.2209      50.2147
                 50.6659      45.2636      49.9917      47.5937      55.5680
   5      0      39.9441      41.4579      28.2699      41.5502      39.7990
                 40.1881      39.2122      42.9427      45.9724      49.4877
                 50.7233      44.1797      31.6862      46.5188      47.3049
                 42.6986      31.4463      45.7842      40.4558      38.9220
                 53.1119      44.4823      48.6473      39.4631      50.0031
                 34.1695      49.3472      46.3213      44.9691      49.8347
                 38.2399      34.1863      41.1811      32.5835      33.5315
                 35.3480      41.0930      25.6255      30.6426      37.9454
                 50.8207      54.4584      49.5667      52.1816      50.1636
                 50.6374      45.2004      49.9789      47.5740      55.5426
   5     60      39.4498      40.9634      27.7721      41.0539      39.3040
                 39.6952      38.7184      42.4489      45.4779      48.9939
                 50.2286      43.6831      31.1874      46.0235      46.8128
                 42.2071      30.9531      45.2909      39.9614      38.4292
                 52.6220      43.9876      48.1526      38.9683      49.5094
                 33.6719      48.8542      45.8295      44.4763      49.3416
                 37.7446      33.6902      40.6869      32.0867      33.0325
                 34.8496      40.5988      25.1264      30.1461      37.4505
                 50.3270      53.9683      49.0761      51.6886      49.6705
                 50.1427      44.7057      49.4875      47.0818      55.0520
   5     80      35.9147      37.4330      24.2157      37.5109      35.7654
                 36.1705      35.1844      38.9197      41.9458      45.4672
                 46.6956      40.1397      27.6293      42.4924      43.2948
                 38.6882      27.4154      41.7628      36.4264      34.9012
                 49.1151      40.4575      44.6207      35.4304      45.9830
                 30.1166      45.3329      42.3084      40.9519      45.8196
                 34.2084      30.1441      37.1576      28.5345      29.4747
                 31.2937      37.0661      21.5656      26.6004      33.9122
                 46.8018      50.4646      45.5674      48.1671      46.1480
                 46.6163      41.1762      45.9727      43.5604      51.5436
   5    100      27.6489      29.1874      15.9002      29.2361      27.4982
                 27.9271      26.9109      30.6672      33.6856      37.2223
                 38.4427      31.8639      19.3260      34.2489      35.0604
                 30.4430      19.1235      33.5093      28.1478      26.6419
                 40.8977      32.2137      36.3656      27.1518      37.7416
                 21.8186      37.1038      34.0689      32.7060      37.5903
                 25.9507      21.8500      28.9085      20.2320      21.1773
                 22.9922      28.8052      13.2558      18.3183      25.6396
                 38.5601      42.2658      37.3556      39.9331      37.9175
                 38.3784      32.9356      37.7464      35.3213      43.3280
 
 
 cumulative average & 95% error for solvation free energy
              total             1st component         2nd component         3rd component
  1   -84.2253             -162.6107               38.3313               40.0614
  2   -86.6701     4.8895  -163.7879     2.3543    36.3147     4.0332    40.8104     1.4980
  3   -84.6203     4.9774  -157.6736    12.3039    36.3938     2.3339    36.6667     8.3324
  4   -86.1536     4.6681  -159.1426     9.1829    35.0857     3.0933    37.9106     6.3956
  5   -86.6767     3.7642  -159.8948     7.2704    34.9161     2.4199    38.3092     5.0177
  6   -86.9465     3.1205  -159.8609     5.9366    34.2822     2.3477    38.6394     4.1499
  7   -86.1828     3.0477  -157.4707     6.9301    32.5625     3.9708    38.7327     3.5122
  8   -86.9200     3.0232  -158.1470     6.1522    31.9601     3.6437    39.2742     3.2287
  9   -86.7604     2.6852  -158.2631     5.4307    31.4827     3.3523    40.0272     3.2212
 10   -87.5242     2.8464  -158.2796     4.8575    29.7799     4.5375    40.9827     3.4573
 11   -88.1705     2.8808  -158.6239     4.4474    28.5840     4.7504    41.8767     3.6023
 12   -88.5899     2.7604  -159.2977     4.2777    28.6392     4.3379    42.0759     3.3125
 13   -88.1317     2.6994  -159.8661     4.0958    30.4566     5.3977    41.2850     3.4332
 14   -88.3489     2.5367  -160.2163     3.8561    30.2099     5.0216    41.6647     3.2680
 15   -88.3638     2.3617  -160.6343     3.6860    30.2299     4.6750    42.0479     3.1374
 16   -89.0388     2.5890  -160.5221     3.4552    29.3964     4.6800    42.0942     2.9362
 17   -89.0289     2.4320  -159.8339     3.5254    29.3385     4.3977    41.4737     3.0244
 18   -89.0387     2.2930  -159.7192     3.3317    28.9699     4.2112    41.7179     2.8930
 19   -88.9549     2.1755  -159.3310     3.2457    28.7262     4.0131    41.6572     2.7392
 20   -89.2718     2.1589  -159.1143     3.1095    28.3238     3.8913    41.5260     2.6118
 21   -88.9483     2.1531  -158.6204     3.1183    27.5979     3.9759    42.0814     2.7214
 22   -88.9542     2.0529  -159.3565     3.3178    28.2140     3.9861    42.1956     2.6047
 23   -88.8309     1.9771  -159.4410     3.1747    28.1386     3.8119    42.4789     2.5526
 24   -88.8376     1.8929  -159.4784     3.0405    28.2903     3.6622    42.3578     2.4559
 25   -88.8883     1.8185  -159.3686     2.9246    27.8206     3.6361    42.6670     2.4354
 26   -89.0713     1.7851  -159.6119     2.8517    28.2043     3.5767    42.3436     2.4277
 27   -89.1351     1.7224  -159.5334     2.7485    27.7991     3.5358    42.6064     2.3944
 28   -89.6267     1.9291  -159.8399     2.7186    27.4773     3.4674    42.7431     2.3235
 29   -89.2487     2.0091  -159.4593     2.7313    27.3950     3.3498    42.8228     2.2476
 30   -89.2381     1.9411  -159.5758     2.6490    27.2846     3.2437    43.0604     2.2227
 31   -89.3403     1.8885  -160.1593     2.8153    27.9186     3.3839    42.9076     2.1714
 32   -89.2408     1.8393  -159.7039     2.8740    27.8319     3.2811    42.6384     2.1703
 33   -88.9871     1.8535  -159.2909     2.9054    27.7141     3.1888    42.5970     2.1052
 34   -88.9539     1.7994  -159.3037     2.8188    28.0523     3.1667    42.3047     2.1243
 35   -88.8620     1.7569  -159.5819     2.7931    28.6708     3.3143    42.0564     2.1217
 36   -88.8618     1.7074  -159.5380     2.7158    28.8107     3.2331    41.8728     2.0944
 37   -88.7461     1.6766  -159.4470     2.6477    28.8539     3.1457    41.8542     2.0373
 38   -88.3704     1.7966  -159.4802     2.5779    29.6877     3.4865    41.4294     2.1573
 39   -88.3538     1.7503  -159.7280     2.5594    30.2261     3.5626    41.1553     2.1716
 40   -88.4383     1.7143  -159.8057     2.4994    30.2972     3.4753    41.0775     2.1223
 41   -88.7217     1.7654  -159.9331     2.4510    29.9010     3.4808    41.3177     2.1249
 42   -88.6958     1.7237  -159.7848     2.4102    29.4634     3.5079    41.6329     2.1674
 43   -88.7026     1.6832  -159.8978     2.3643    29.3832     3.4291    41.8193     2.1490
 44   -88.9391     1.7112  -160.0006     2.3191    29.0118     3.4316    42.0569     2.1527
 45   -88.9796     1.6746  -160.0870     2.2735    28.8757     3.3655    42.2389     2.1356
 46   -89.1423     1.6699  -160.0992     2.2237    28.5398     3.3594    42.4243     2.1213
 47   -89.1416     1.6340  -160.2286     2.1912    28.6085     3.2900    42.4859     2.0793
 48   -89.2233     1.6079  -160.3248     2.1537    28.4654     3.2334    42.6435     2.0598
 49   -89.2673     1.5772  -160.3491     2.1099    28.3428     3.1762    42.7462     2.0277
 50   -89.2309     1.5470  -160.2351     2.0798    28.0073     3.1836    43.0041     2.0526
 
 Mesh error is    1.237 kcal/mol
