 ERmod 0.3.8, Copyright (C) 2000-2019 Nobuyuki Matubayasi
                            2010-2019 Shun Sakuraba
 ERmod comes with ABSOLUTELY NO WARRANTY.
 This is free software, and you can redistribute it
 and/or modify it under certain conditions.
 See LICENSE file for details.
 ERmod 0.3.8, Copyright (C) 2000-2019 Nobuyuki Matubayasi
                            2010-2019 Shun Sakuraba
 ERmod comes with ABSOLUTELY NO WARRANTY.
 This is free software, and you can redistribute it
 and/or modify it under certain conditions.
 See LICENSE file for details.
 
  Number of the   1-th solvent  =          792
  Number of the   2-th solvent  =          792
  Number of the   3-th solvent  =        10000
 
  Be sure that the solvent distribution is homogeneous (radial distribution function is essentially unity) when the solvent molecule is separated beyond distance of   10.0 Angstrom in any direction from any atom within the solute molecule
 
  LJ long-range correction    =        -1.3175     -0.2494     -7.0203
 
  Self-energy of the solute   =        -0.0000  kcal/mol
 
 
 cumulative average & 95% error for solvation energy
              total             1st component         2nd component         3rd component
  1  -514.6700             -230.3730               17.6260             -301.9230
  2  -516.3141     3.2883  -230.9577     1.1694     7.0698    21.1125  -292.4262    18.9936
  3  -519.7848     7.1962  -224.5244    12.8842   -20.2499    55.9825  -275.0104    36.5170
  4  -518.1603     6.0373  -225.0028     9.1606   -10.1672    44.4260  -282.9903    30.3556
  5  -519.3337     5.2323  -224.8988     7.0988   -20.0700    39.7047  -274.3649    29.1627
  6  -519.5540     4.2948  -224.3488     5.8996   -22.9883    32.9400  -272.2169    24.1958
  7  -520.2444     3.8835  -222.4912     6.2180   -27.3185    29.1553  -270.4347    20.7575
  8  -520.5050     3.4034  -223.0734     5.5094   -29.1568    25.5155  -268.2747    18.4883
  9  -520.5883     3.0061  -223.0845     4.8589   -29.7182    22.5306  -267.7856    16.3344
 10  -520.3979     2.7156  -223.2564     4.3595   -28.6487    20.2652  -268.4928    14.6783
 11  -520.4065     2.4564  -224.3862     4.5448   -27.3718    18.5076  -268.6486    13.2806
 12  -520.4937     2.2492  -225.4028     4.6202   -27.3223    16.8953  -267.7686    12.2506
 13  -521.0407     2.3404  -223.5342     5.6593   -31.2278    17.3939  -266.2786    11.6563
 14  -521.4722     2.3323  -221.1540     7.0792   -35.0184    17.7989  -265.2998    10.9677
 15  -521.5411     2.1756  -219.6663     7.2309   -36.2170    16.7424  -265.6578    10.2355
 16  -521.5077     2.0362  -220.2288     6.8568   -35.5185    15.7232  -265.7604     9.5766
 17  -521.9455     2.1035  -219.6830     6.5327   -38.5829    15.9905  -263.6795     9.9117
 18  -522.1957     2.0454  -219.0369     6.2932   -40.7762    15.7013  -262.3825     9.6982
 19  -522.4196     1.9859  -219.5685     6.0470   -42.2204    15.1302  -260.6306     9.8199
 20  -522.5871     1.9136  -219.4138     5.7450   -43.2983    14.5147  -259.8751     9.4378
 21  -522.7918     1.8656  -218.4979     5.7634   -45.6580    14.5906  -258.6359     9.3129
 22  -522.9044     1.7930  -217.9928     5.5873   -46.4503    14.0015  -258.4612     8.8864
 23  -522.6507     1.7868  -218.6358     5.4915   -44.1123    14.1726  -259.9026     8.9673
 24  -522.7854     1.7319  -218.9052     5.2852   -44.9958    13.6838  -258.8845     8.8237
 25  -522.4349     1.8030  -219.1405     5.0912   -42.6954    13.9080  -260.5990     9.1317
 26  -522.5630     1.7511  -219.8862     5.1138   -42.2306    13.3947  -260.4462     8.7787
 27  -522.4865     1.6920  -220.4578     5.0518   -40.5053    13.3429  -261.5235     8.7178
 28  -522.5226     1.6320  -220.8949     4.9459   -40.2367    12.8688  -261.3910     8.4048
 29  -522.7105     1.6190  -221.1765     4.8055   -41.3425    12.6125  -260.1914     8.4573
 30  -522.8668     1.5950  -221.2549     4.6452   -42.1750    12.2981  -259.4369     8.3087
 31  -522.7662     1.5558  -221.2655     4.4929   -41.7114    11.9309  -259.7893     8.0671
 32  -522.8488     1.5154  -221.2028     4.3520   -42.3737    11.6277  -259.2723     7.8791
 33  -522.8658     1.4691  -221.4654     4.2506   -41.5957    11.3767  -259.8046     7.7104
 34  -522.9882     1.4461  -220.9735     4.2394   -42.9299    11.3550  -259.0847     7.6175
 35  -522.8891     1.4181  -220.8081     4.1298   -42.5742    11.0487  -259.5068     7.4447
 36  -522.8019     1.3892  -220.7984     4.0135   -42.3150    10.7499  -259.6884     7.2441
 37  -522.7766     1.3520  -220.8454     3.9047   -42.4613    10.4595  -259.4698     7.0591
 38  -522.7799     1.3160  -221.2576     3.8889   -42.3970    10.1813  -259.1253     6.9053
 39  -522.7682     1.2820  -221.6386     3.8637   -42.0966     9.9350  -259.0330     6.7284
 40  -522.7436     1.2505  -221.7524     3.7728   -41.8539     9.6956  -259.1373     6.5614
 41  -522.6658     1.2295  -222.0326     3.7220   -41.2812     9.5253  -259.3520     6.4137
 42  -522.7773     1.2205  -222.1659     3.6421   -42.1058     9.4409  -258.5055     6.4841
 43  -522.8860     1.2114  -221.9914     3.5735   -43.2891     9.5176  -257.6055     6.5824
 44  -522.8898     1.1836  -222.1899     3.5138   -43.1637     9.3022  -257.5362     6.4325
 45  -522.7663     1.1831  -222.4100     3.4629   -42.3600     9.2341  -257.9964     6.3550
 46  -522.7883     1.1579  -222.2220     3.4076   -42.3525     9.0312  -258.2138     6.2305
 47  -522.6450     1.1687  -222.4588     3.3678   -41.3184     9.0758  -258.8678     6.2352
 48  -522.6177     1.1454  -222.2744     3.3175   -41.3988     8.8861  -258.9446     6.1059
 49  -522.5825     1.1240  -222.1551     3.2578   -41.7433     8.7301  -258.6841     6.0026
 50  -522.4930     1.1157  -222.3182     3.2086   -41.1905     8.6249  -258.9842     5.9119
 
 
 group  inft  solvation free energy     error          difference
  total solvation free energy
   1      0        -85.86221           1.19375          -2.43900
   1     60        -86.20038           1.19389          -2.77717
   1     80        -89.15151           1.19486          -5.72830
   1    100        -98.74291           1.19970         -15.31970
   2      0        -85.88278           1.20814          -2.45957
   3      0        -83.42321           1.21696           0.00000
   4      0        -85.57748           1.22471          -2.15427
   5      0        -82.28915           1.21857           1.13406
   5     60        -82.77450           1.21863           0.64871
   5     80        -86.36356           1.21985          -2.94035
   5    100        -95.25167           1.22405         -11.82846
 
  contribution from  1-th solvent component
   1      0       -184.83523           2.34754          -1.21348
   1     60       -184.86578           2.34749          -1.24402
   1     80       -185.13191           2.34746          -1.51016
   1    100       -186.00435           2.34916          -2.38260
   2      0       -184.26613           2.36323          -0.64438
   3      0       -183.62175           2.36543          -0.00000
   4      0       -185.33848           2.36765          -1.71673
   5      0       -182.68212           2.36687           0.93964
   5     60       -182.72434           2.36681           0.89741
   5     80       -183.05555           2.36695           0.56620
   5    100       -183.86433           2.36876          -0.24257
 
  contribution from  2-th solvent component
   1      0         66.27428           4.30940          -1.18464
   1     60         66.30583           4.30939          -1.15309
   1     80         66.42113           4.30964          -1.03780
   1    100         66.75555           4.31082          -0.70338
   2      0         65.60151           4.28057          -1.85742
   3      0         67.45893           4.27593           0.00000
   4      0         67.00614           4.27028          -0.45279
   5      0         67.64786           4.27162           0.18894
   5     60         67.66512           4.27163           0.20619
   5     80         67.82822           4.27173           0.36929
   5    100         68.07806           4.27244           0.61913
 
  contribution from  3-th solvent component
   1      0         32.69876           2.87583          -0.04088
   1     60         32.35958           2.87634          -0.38006
   1     80         29.55930           2.88084          -3.18034
   1    100         20.50591           2.89426         -12.23372
   2      0         32.78187           2.87530           0.04223
   3      0         32.73964           2.87512           0.00000
   4      0         32.75488           2.87490           0.01525
   5      0         32.74513           2.87450           0.00549
   5     60         32.28473           2.87521          -0.45490
   5     80         28.86379           2.88070          -3.87584
   5    100         20.53462           2.89294         -12.20502
 
 
 group  inft   Estimated free energy: total (kcal/mol)
   1      0     -89.0376     -87.3292     -78.7359     -88.6114     -81.7164
                -78.8696     -80.1909     -84.0443     -77.3877     -92.4807
                -91.3006     -91.0735     -91.4684     -89.5980     -84.6594
                -84.8032     -84.7045     -87.6442     -88.1066     -86.0885
                -86.1399     -82.0897     -84.5329     -85.1278     -86.0109
                -90.4878     -90.9300     -91.1043     -88.1771     -93.5458
                -84.2871     -85.7031     -78.4638     -92.4258     -85.1944
                -85.7281     -87.8975     -83.3179     -84.2624     -85.8952
                -90.6464     -81.9252     -88.5303     -82.0928     -84.3837
                -76.6003     -86.8611     -85.8548     -88.0825     -78.9610
   1     60     -89.3796     -87.6695     -79.0740     -88.9570     -82.0482
                -79.2084     -80.5317     -84.3836     -77.7236     -92.8225
                -91.6394     -91.4121     -91.8092     -89.9376     -85.0030
                -85.1449     -85.0410     -87.9791     -88.4379     -86.4261
                -86.4764     -82.4306     -84.8697     -85.4632     -86.3527
                -90.8234     -91.2726     -91.4438     -88.5130     -93.8833
                -84.6298     -86.0407     -78.8040     -92.7638     -85.5319
                -86.0673     -88.2345     -83.6529     -84.5975     -86.2346
                -90.9844     -82.2546     -88.8646     -82.4263     -84.7227
                -76.9378     -87.2018     -86.1937     -88.4186     -79.3006
   1     80     -92.3626     -90.6388     -82.0238     -91.9684     -84.9564
                -82.1621     -83.5019     -87.3391     -80.6568     -95.8011
                -94.5966     -94.3693     -94.7767     -92.9002     -87.9967
                -88.1224     -87.9755     -90.9061     -91.3423     -89.3728
                -89.4098     -85.3952     -87.8152     -88.3924     -89.3377
                -93.7558     -94.2580     -94.3991     -91.4411     -96.8239
                -87.6123     -88.9880     -81.7744     -95.7100     -88.4788
                -89.0275     -91.1762     -86.5745     -87.5301     -89.1942
                -93.9351     -85.1473     -91.7781     -85.3369     -87.6848
                -79.8880     -90.1784     -89.1487     -91.3543     -82.2602
   1    100    -102.0758    -100.2955     -91.5896    -101.7279     -94.4081
                -91.7411     -93.1381     -96.9423     -90.1839    -105.4792
               -104.2026    -103.9688    -104.4184    -102.5215     -97.6934
                -97.8002     -97.5012    -100.4165    -100.7935     -98.9654
                -98.9593     -94.9994     -97.4020     -97.9236     -99.0504
               -103.2860    -103.9572    -104.0224    -100.9633    -106.3928
                -97.2953     -98.5629     -91.4105    -105.2954     -98.0566
                -98.6410    -100.7473     -96.0790     -97.0505     -98.8200
               -103.5446     -94.5547    -101.2610     -94.8020     -97.3163
                -89.4747     -99.8692     -98.7683    -100.9072     -91.8697
   2      0     -89.7559     -87.5667     -78.9924     -89.2058     -81.4423
                -78.8458     -80.2078     -84.2266     -77.3390     -92.3248
                -90.9792     -91.3217     -90.9443     -89.4646     -84.3022
                -84.4433     -84.5399     -87.6388     -87.9130     -86.1578
                -86.3564     -81.9758     -84.9702     -85.5555     -86.7099
                -90.5321     -90.9690     -91.4007     -88.0658     -93.4166
                -84.1384     -85.3000     -78.0368     -92.2752     -85.2470
                -85.7338     -88.0407     -83.1584     -84.5281     -85.4937
                -91.0307     -81.9409     -88.7247     -82.2437     -84.1037
                -76.4403     -87.2918     -85.8545     -88.2600     -78.7328
   3      0     -87.4249     -85.2195     -76.4850     -86.7849     -79.2702
                -76.4220     -77.4220     -81.6747     -75.3416     -89.8879
                -88.5064     -88.5258     -88.4735     -86.8179     -81.9340
                -81.8626     -81.9921     -85.2878     -85.4560     -83.4880
                -83.7730     -79.5494     -82.7754     -82.9940     -84.3007
                -88.4779     -88.4002     -88.8889     -85.8236     -91.0069
                -81.2935     -82.5495     -75.3938     -90.1253     -83.0309
                -83.4977     -85.5803     -80.8428     -81.8845     -82.8957
                -88.2999     -79.3713     -86.3596     -80.0624     -81.6516
                -73.6745     -84.9917     -83.4727     -86.0118     -75.9043
   4      0     -89.7534     -87.4879     -78.6888     -88.9368     -81.1921
                -78.6014     -79.5052     -83.9933     -76.8666     -92.0912
                -90.7677     -90.7735     -90.5942     -89.2501     -83.9919
                -84.0319     -84.2229     -87.3982     -87.5684     -85.7314
                -85.9261     -81.5041     -84.8530     -85.1467     -86.4773
                -90.4826     -90.7062     -90.8431     -87.7207     -93.1767
                -83.7289     -84.8062     -77.3071     -92.0541     -85.0964
                -85.4700     -87.7644     -83.0254     -84.3087     -85.1733
                -90.7032     -81.3539     -88.7368     -82.2145     -83.9849
                -75.9363     -87.0449     -85.5400     -87.9505     -78.3911
   5      0     -86.4211     -84.0355     -75.0342     -85.3805     -78.0515
                -75.5543     -75.9696     -80.5146     -74.0747     -88.8884
                -87.0386     -87.0893     -87.1916     -85.7868     -80.6806
                -80.8687     -81.0081     -84.2013     -84.2771     -82.4029
                -82.7794     -78.3730     -81.5829     -81.8171     -83.1685
                -87.4076     -87.5252     -87.4964     -84.7334     -90.0077
                -79.9776     -81.4814     -74.3932     -89.1721     -82.0262
                -82.0772     -84.5300     -80.0251     -80.7315     -81.7997
                -87.1109     -77.8771     -85.3319     -79.2294     -80.7462
                -72.4407     -84.1464     -82.0383     -84.8370     -75.1253
   5     60     -86.9100     -84.5236     -75.5198     -85.8759     -78.5303
                -76.0410     -76.4585     -81.0010     -74.5579     -89.3781
                -87.5247     -87.5758     -87.6793     -86.2741     -81.1734
                -81.3578     -81.4914     -84.6829     -84.7550     -82.8866
                -83.2611     -78.8616     -82.0671     -82.2986     -83.6586
                -87.8907     -88.0153     -87.9819     -85.2150     -90.4909
                -80.4678     -81.9658     -74.8817     -89.6564     -82.5112
                -82.5645     -85.0136     -80.5059     -81.2146     -82.2863
                -87.5955     -78.3535     -85.8113     -79.7087     -81.2329
                -72.9259     -84.6351     -82.5239     -85.3198     -75.6127
   5     80     -90.5382     -88.1377     -79.1038     -89.5394     -82.0637
                -79.6320     -80.0685     -84.5981     -78.1275     -93.0026
                -91.1211     -91.1713     -91.2874     -89.8774     -84.8124
                -84.9790     -85.0565     -88.2390     -88.2822     -86.4673
                -86.8265     -82.4675     -85.6535     -85.8583     -87.2944
                -91.4605     -91.6419     -91.5797     -88.7762     -94.0670
                -84.0951     -85.5467     -78.4925     -93.2397     -86.0972
                -86.1657     -88.5921     -84.0604     -84.7791     -85.8872
                -91.1852     -81.8690     -89.3544     -83.2488     -84.8363
                -76.5126     -88.2597     -86.1207     -88.8910     -79.2143
   5    100     -99.5297     -97.0886     -87.9634     -98.5815     -90.8246
                -88.5103     -88.9914     -93.4995     -86.9630    -101.9694
               -100.0257    -100.0694    -100.2175     -98.7926     -93.7938
                -93.9408     -93.8788     -97.0543     -97.0383     -95.3485
                -95.6707     -91.3702     -94.5495     -94.6858     -96.3042
               -100.3041    -100.6131    -100.4977     -97.6008    -102.9282
                -93.0604     -94.4120     -87.4193    -102.1192     -94.9776
                -95.0767     -97.4616     -92.8743     -93.6067     -94.8092
               -100.0905     -90.5965     -98.1441     -92.0267     -93.7642
                -85.3929     -97.2450     -95.0354     -97.7450     -88.1204
 
 group  inft   Estimated free energy: 1-th solvent contribution (kcal/mol)
   1      0    -195.9274    -192.1553    -171.3530    -191.6066    -186.5191
               -179.6474    -171.7832    -185.6841    -181.6913    -192.5342
               -195.7218    -197.5233    -174.0932    -168.9595    -169.6525
               -184.8525    -174.2767    -177.7773    -188.6425    -181.0885
               -169.6999    -170.9577    -194.3598    -183.4122    -188.3785
               -197.2066    -195.2283    -191.5937    -187.0604    -188.4002
               -183.1086    -179.1256    -182.3752    -177.7418    -183.0899
               -184.4754    -188.1933    -191.7051    -195.9875    -185.6128
               -198.1817    -184.7046    -181.1431    -189.6849    -189.6360
               -172.7208    -194.3869    -180.0182    -185.1609    -186.9228
   1     60    -195.9580    -192.1857    -171.3838    -191.6374    -186.5496
               -179.6781    -171.8143    -185.7146    -181.7218    -192.5646
               -195.7519    -197.5532    -174.1238    -168.9902    -169.6838
               -184.8831    -174.3072    -177.8082    -188.6728    -181.1194
               -169.7306    -170.9887    -194.3902    -183.4429    -188.4090
               -197.2366    -195.2592    -191.6240    -187.0907    -188.4306
               -183.1392    -179.1561    -182.4059    -177.7723    -183.1204
               -184.5060    -188.2238    -191.7352    -196.0178    -185.6433
               -198.2117    -184.7350    -181.1735    -189.7151    -189.6667
               -172.7519    -194.4176    -180.0486    -185.1915    -186.9537
   1     80    -196.2278    -192.4518    -171.6494    -191.9066    -186.8155
               -179.9444    -172.0830    -185.9796    -181.9869    -192.8303
               -196.0154    -197.8165    -174.3888    -169.2545    -169.9538
               -185.1491    -174.5705    -178.0759    -188.9377    -181.3879
               -169.9951    -171.2554    -194.6573    -183.7096    -188.6763
               -197.4993    -195.5296    -191.8884    -187.3545    -188.6960
               -183.4055    -179.4211    -182.6736    -178.0371    -183.3865
               -184.7732    -188.4902    -191.9979    -196.2845    -185.9098
               -198.4768    -184.9996    -181.4372    -189.9783    -189.9350
               -173.0210    -194.6872    -180.3133    -185.4590    -187.2220
   1    100    -197.1207    -193.3288    -172.5081    -192.7942    -187.6882
               -180.8125    -172.9541    -186.8466    -182.8539    -193.7077
               -196.8860    -198.6899    -175.2488    -170.1091    -170.8284
               -186.0198    -175.4256    -178.9490    -189.8131    -182.2662
               -170.8510    -172.1166    -195.5390    -184.5818    -189.5528
               -198.3692    -196.4247    -192.7593    -188.2208    -189.5699
               -184.2755    -180.2873    -183.5493    -178.9014    -184.2582
               -185.6499    -189.3669    -192.8634    -197.1676    -186.7825
               -199.3593    -185.8673    -182.2987    -190.8440    -190.8172
               -173.8943    -195.5779    -181.1814    -186.3399    -188.1000
   2      0    -195.4670    -191.7301    -170.7964    -191.0780    -185.9666
               -178.7729    -171.0556    -185.1909    -180.9329    -192.1499
               -195.3184    -197.1760    -173.5462    -168.5064    -169.0346
               -184.1697    -173.6046    -177.2425    -187.9478    -180.4727
               -169.1769    -170.4554    -194.0169    -182.8990    -187.9413
               -196.8014    -194.5177    -191.0928    -186.4995    -187.7698
               -182.3908    -178.3955    -181.3188    -177.2908    -182.5891
               -183.8956    -187.5547    -191.0786    -195.5963    -184.9578
               -197.9119    -184.0714    -180.6440    -189.0856    -188.9045
               -172.0824    -194.0016    -179.3421    -184.6122    -186.2533
   3      0    -194.9027    -191.0579    -170.1693    -190.4217    -185.4750
               -178.1422    -170.3722    -184.5057    -180.3236    -191.5423
               -194.6492    -196.5242    -172.9473    -167.8385    -168.4630
               -183.5020    -172.9612    -176.6500    -187.3090    -179.8796
               -168.4720    -169.7779    -193.3738    -182.2619    -187.3460
               -196.2364    -193.9026    -190.4510    -185.9011    -187.1287
               -181.6699    -177.6507    -180.5085    -176.7764    -181.9891
               -183.2880    -186.9626    -190.3868    -194.9670    -184.2141
               -197.2258    -183.3844    -179.9947    -188.4817    -188.1801
               -171.3389    -193.4165    -178.6938    -183.9757    -185.4950
   4      0    -196.5247    -192.7580    -171.9625    -192.1118    -187.0628
               -179.7289    -172.3172    -186.2712    -181.7110    -193.2344
               -196.6414    -198.4596    -174.7771    -169.7860    -170.0445
               -185.1569    -174.6179    -178.2212    -188.9109    -181.6846
               -170.2380    -171.3776    -195.0809    -184.0685    -189.2937
               -197.7661    -195.4862    -192.2586    -187.5365    -188.6552
               -183.5224    -179.2626    -182.1443    -178.3229    -183.6556
               -184.9166    -188.6100    -192.0317    -196.8816    -186.0274
               -199.2226    -185.4299    -181.7641    -189.8818    -189.8315
               -173.1259    -195.0859    -180.2742    -185.6577    -187.5314
   5      0    -193.9689    -189.9664    -169.1199    -189.2981    -184.5106
               -177.2850    -169.3817    -183.4659    -179.4128    -190.6593
               -193.6815    -195.4352    -171.9956    -166.9911    -167.2900
               -182.6205    -172.0347    -175.5938    -186.3062    -179.0938
               -167.6966    -168.7677    -192.4519    -181.3787    -186.6264
               -195.2388    -193.0051    -189.5392    -185.0764    -186.0947
               -180.5901    -176.6439    -179.7199    -175.9928    -181.1116
               -182.1548    -186.0011    -189.5273    -194.0037    -183.3285
               -196.2943    -182.5150    -179.0874    -187.5089    -187.2315
               -170.3775    -192.6673    -177.4683    -183.1102    -184.7852
   5     60    -194.0110    -190.0087    -169.1623    -189.3406    -184.5527
               -177.3275    -169.4245    -183.5082    -179.4550    -190.7015
               -193.7233    -195.4768    -172.0379    -167.0336    -167.3330
               -182.6628    -172.0768    -175.6362    -186.3478    -179.1362
               -167.7390    -168.8105    -192.4944    -181.4209    -186.6689
               -195.2804    -193.0474    -189.5811    -185.1182    -186.1365
               -180.6325    -176.6860    -179.7623    -176.0349    -181.1539
               -182.1971    -186.0433    -189.5690    -194.0456    -183.3708
               -196.3359    -182.5569    -179.1293    -187.5508    -187.2739
               -170.4204    -192.7098    -177.5105    -183.1523    -184.8279
   5     80    -194.3441    -190.3419    -169.4912    -189.6763    -184.8829
               -177.6590    -169.7570    -183.8392    -179.7852    -191.0349
               -194.0533    -195.8065    -172.3679    -167.3633    -167.6670
               -182.9942    -172.4041    -175.9672    -186.6757    -179.4683
               -168.0676    -169.1422    -192.8296    -181.7504    -187.0036
               -195.6096    -193.3811    -189.9110    -185.4463    -186.4659
               -180.9644    -177.0156    -180.0934    -176.3645    -181.4856
               -182.5295    -186.3747    -189.8968    -194.3778    -183.7027
               -196.6669    -182.8861    -179.4574    -187.8800    -187.6079
               -170.7540    -193.0457    -177.8410    -183.4839    -185.1631
   5    100    -195.1636    -191.1600    -170.2839    -190.4989    -185.6902
               -178.4642    -170.5601    -184.6468    -180.5896    -191.8549
               -194.8649    -196.6206    -173.1665    -168.1589    -168.4736
               -183.8023    -173.1968    -176.7720    -187.4813    -180.2774
               -168.8617    -169.9414    -193.6543    -182.5533    -187.8216
               -196.4213    -194.2016    -190.7198    -186.2492    -187.2732
               -181.7725    -177.8179    -180.8994    -177.1667    -182.2954
               -183.3415    -187.1869    -190.7015    -195.1963    -184.5126
               -197.4860    -183.6898    -180.2565    -188.6870    -188.4245
               -171.5613    -193.8717    -178.6481    -184.2966    -185.9802
 
 group  inft   Estimated free energy: 2-th solvent contribution (kcal/mol)
   1      0      95.3962      84.0943      50.2710      95.2661      62.6884
                 70.2721      59.6556      65.3514      73.8455      74.3665
                 76.1012      73.0839      45.2186      43.5717      57.0170
                 71.8000      43.3648      48.5244      54.0055      55.8123
                 39.3713      53.9491      93.2005      54.9800      91.4221
                 74.6003      87.2094      66.6718      50.0614      51.4529
                 70.2842      52.3949      78.0221      40.3664      72.3508
                 68.8825      64.2644      69.0448      77.0251      68.7078
                 78.8557      54.4292      42.1746      72.2053      82.3218
                 67.5271      89.5655      62.3623      58.0912      82.2132
   1     60      95.4260      84.1250      50.3028      95.2976      62.7232
                 70.3048      59.6871      65.3816      73.8782      74.3967
                 76.1324      73.1161      45.2485      43.6030      57.0481
                 71.8298      43.3970      48.5579      54.0402      55.8433
                 39.4015      53.9801      93.2332      55.0116      91.4523
                 74.6341      87.2406      66.7008      50.0927      51.4831
                 70.3135      52.4259      78.0541      40.3964      72.3829
                 68.9141      64.2954      69.0765      77.0597      68.7385
                 78.8866      54.4650      42.2059      72.2383      82.3535
                 67.5592      89.5964      62.3924      58.1233      82.2449
   1     80      95.5367      84.2365      50.4167      95.4117      62.8578
                 70.4281      59.8000      65.4885      74.0043      74.5015
                 76.2439      73.2327      45.3526      43.7135      57.1560
                 71.9322      43.5138      48.6848      54.1705      55.9548
                 39.5098      54.0929      93.3614      55.1264      91.5609
                 74.7618      87.3527      66.8001      50.2061      51.5904
                 70.4130      52.5357      78.1714      40.4996      72.5047
                 69.0282      64.4088      69.1964      77.1941      68.8483
                 78.9998      54.6033      42.3236      72.3695      82.4712
                 67.6764      89.7085      62.4998      58.2414      82.3638
   1    100      95.8563      84.5559      50.7474      95.7418      63.2682
                 70.7956      60.1255      65.7906      74.3829      74.7921
                 76.5661      73.5702      45.6457      44.0286      57.4625
                 72.2132      43.8519      49.0622      54.5626      56.2731
                 39.8130      54.4200      93.7472      55.4595      91.8718
                 75.1431      87.6741      67.0696      50.5320      51.8906
                 70.6862      52.8480      78.5149      40.7832      72.8631
                 69.3579      64.7379      69.5494      77.6048      69.1600
                 79.3284      55.0312      42.6661      72.7651      82.8165
                 68.0218      90.0293      62.8009      58.5833      82.7160
   2      0      94.1462      83.3402      49.3505      94.0629      62.3286
                 69.3407      58.8141      64.5716      73.0718      74.0668
                 75.9278      72.3930      45.1187      43.1773      56.6856
                 71.3867      42.7936      47.9311      53.4293      55.0619
                 38.5547      53.4814      92.3338      53.9776      90.2107
                 74.0317      86.3663      65.8087      49.5315      50.8710
                 69.6108      51.9853      77.3072      39.9909      71.7018
                 68.2228      63.3962      68.4999      76.2653      68.3549
                 78.1014      53.6917      41.4057      71.3521      81.7915
                 66.9661      88.6561      61.6331      57.2833      81.6931
   3      0      95.9440      85.0573      51.3047      95.8706      64.0564
                 71.1751      60.9612      66.4694      74.4966      75.9201
                 77.7847      74.5991      47.0388      45.1946      58.5273
                 73.3584      44.7572      49.7264      55.3059      57.1649
                 40.4455      55.2600      93.9233      55.9199      92.0801
                 75.6031      88.3649      67.6928      51.2159      52.6872
                 71.7716      54.0262      79.1726      41.6653      73.3421
                 69.8912      65.2992      70.1619      78.3357      70.2322
                 80.2006      55.6389      43.1826      72.9532      83.5588
                 69.0315      90.4378      63.4106      58.9268      83.8020
   4      0      95.2314      84.4623      50.8516      95.4019      63.6961
                 70.5613      60.7797      65.9003      74.3348      75.4003
                 77.5012      74.2547      46.7254      44.6987      58.0305
                 72.8146      44.1620      49.1835      54.8121      56.7022
                 40.0822      54.8918      93.5317      55.5728      91.8387
                 75.1094      87.6592      67.5270      50.9374      52.0430
                 71.1739      53.3882      78.8818      41.2768      72.9397
                 69.5306      64.7503      69.6076      77.7795      69.7677
                 79.7371      55.6738      42.5591      72.1914      82.8623
                 68.5174      90.0316      62.9158      58.6743      83.3501
   5      0      96.0107      85.1519      51.7041      96.1515      64.3071
                 71.1950      61.4028      66.5883      74.8260      76.0290
                 78.2636      74.9249      47.3499      45.3874      58.6276
                 73.4731      44.8069      49.7500      55.5007      57.4498
                 40.6541      55.4313      94.1697      56.2090      92.4872
                 75.6700      88.3454      68.1678      51.5069      52.6538
                 71.9896      54.0908      79.3703      41.8585      73.4819
                 70.1869      65.3710      70.1134      78.5281      70.4147
                 80.4396      56.2234      43.3166      72.8218      83.4933
                 69.2722      90.5353      63.6168      59.2186      83.8548
   5     60      96.0272      85.1688      51.7214      96.1686      64.3267
                 71.2133      61.4197      66.6045      74.8443      76.0451
                 78.2804      74.9425      47.3659      45.4042      58.6440
                 73.4889      44.8247      49.7687      55.5198      57.4667
                 40.6706      55.4482      94.1884      56.2261      92.5032
                 75.6889      88.3626      68.1831      51.5240      52.6701
                 72.0051      54.1075      79.3878      41.8745      73.4998
                 70.2038      65.3878      70.1312      78.5477      70.4313
                 80.4565      56.2435      43.3342      72.8410      83.5108
                 69.2894      90.5521      63.6332      59.2361      83.8721
   5     80      96.1822      85.3276      51.8852      96.3287      64.5166
                 71.3878      61.5800      66.7562      75.0197      76.1947
                 78.4399      75.1082      47.5158      45.5618      58.7978
                 73.6365      44.9929      49.9474      55.7047      57.6252
                 40.8252      55.6078      94.3667      56.3890      92.6557
                 75.8666      88.5229      68.3243      51.6847      52.8219
                 72.1485      54.2654      79.5531      42.0230      73.6697
                 70.3641      65.5473      70.2988      78.7364      70.5861
                 80.6171      56.4382      43.5010      73.0247      83.6766
                 69.4550      90.7088      63.7858      59.4003      84.0379
   5    100      96.4174      85.5673      52.1356      96.5715      64.8347
                 71.6683      61.8233      66.9774      75.3071      76.4104
                 78.6785      75.3620      47.7314      45.7984      59.0223
                 73.8449      45.2521      50.2323      56.0063      57.8620
                 41.0506      55.8496      94.6590      56.6365      92.8794
                 76.1551      88.7654      68.5176      51.9271      53.0426
                 72.3484      54.4987      79.8083      42.2313      73.9386
                 70.6076      65.7904      70.5608      79.0521      70.8125
                 80.8625      56.7658      43.7586      73.3293      83.9323
                 69.7149      90.9426      64.0079      59.6510      84.3029
 
 group  inft   Estimated free energy: 3-th solvent contribution (kcal/mol)
   1      0      11.4936      20.7319      42.3461       7.7292      42.1143
                 30.5058      31.9367      36.2884      30.4581      25.6870
                 28.3200      33.3659      37.4062      35.7898      27.9761
                 28.2492      46.2075      41.6087      46.5303      39.1877
                 44.1888      34.9188      16.6265      43.3045      10.9455
                 32.1185      17.0889      33.8176      48.8219      43.4015
                 28.5373      41.0276      25.8892      44.9497      25.5448
                 29.8648      36.0313      39.3425      34.7000      31.0098
                 28.6796      48.3502      50.4382      35.3868      22.9305
                 28.5934      17.9603      31.8011      38.9872      25.7486
   1     60      11.1524      20.3912      42.0070       7.3828      41.7782
                 30.1650      31.5956      35.9494      30.1201      25.3453
                 27.9801      33.0250      37.0661      35.4496      27.6328
                 27.9084      45.8692      41.2713      46.1947      38.8500
                 43.8528      34.5780      16.2873      42.9682      10.6041
                 31.7791      16.7460      33.4793      48.4851      43.0642
                 28.1960      40.6895      25.5478      44.6122      25.2056
                 29.5246      35.6938      39.0057      34.3606      30.6703
                 28.3407      48.0155      50.1030      35.0504      22.5905
                 28.2549      17.6194      31.4625      38.6496      25.4082
   1     80       8.3286      17.5765      39.2089       4.5266      39.0013
                 27.3542      28.7811      33.1520      27.3259      22.5277
                 25.1749      30.2145      34.2595      32.6409      24.8011
                 25.0945      43.0812      38.4850      43.4249      36.0604
                 41.0755      31.7674      13.4807      40.1907       7.7777
                 28.9816      13.9190      30.6893      45.7074      40.2818
                 25.3801      37.8974      22.7278      41.8276      22.4031
                 26.7176      32.9052      36.2270      31.5603      27.8673
                 25.5419      45.2490      47.3356      32.2720      19.7790
                 25.4565      14.8003      28.6647      35.8634      22.5980
   1    100      -0.8113       8.4774      30.1711      -4.6755      30.0119
                 18.2758      19.6904      24.1138      18.2871      13.4365
                 16.1173      21.1510      25.1848      23.5590      15.6725
                 16.0064      34.0725      29.4703      34.4570      27.0277
                 32.0788      22.6972       4.3898      31.1987      -1.3693
                 19.9402       4.7935      21.6673      36.7256      31.2865
                 16.2939      28.8763      13.6239      32.8229      13.3385
                 17.6510      23.8817      27.2350      22.5123      18.8025
                 16.4864      36.2814      38.3717      23.2768      10.6844
                 16.3978       5.6795      19.6123      26.8494      13.5143
   2      0      11.5648      20.8232      42.4536       7.8093      42.1958
                 30.5864      32.0337      36.3927      30.5220      25.7583
                 28.4114      33.4614      37.4832      35.8646      28.0468
                 28.3397      46.2711      41.6726      46.6055      39.2529
                 44.2658      34.9982      16.7129      43.3658      11.0207
                 32.2375      17.1824      33.8835      48.9022      43.4823
                 28.6415      41.1102      25.9749      45.0247      25.6403
                 29.9390      36.1177      39.4202      34.8030      31.1092
                 28.7799      48.4388      50.5137      35.4898      23.0093
                 28.6761      18.0537      31.8546      39.0689      25.8274
   3      0      11.5338      20.7812      42.3796       7.7662      42.1484
                 30.5452      31.9890      36.3616      30.4854      25.7344
                 28.3582      33.3993      37.4351      35.8260      28.0017
                 28.2810      46.2119      41.6357      46.5471      39.2267
                 44.2535      34.9685      16.6751      43.3481      10.9653
                 32.1554      17.1376      33.8693      48.8616      43.4346
                 28.6049      41.0751      25.9421      44.9858      25.6161
                 29.8990      36.0831      39.3821      34.7469      31.0862
                 28.7254      48.3742      50.4525      35.4661      22.9697
                 28.6329      17.9871      31.8104      39.0370      25.7887
   4      0      11.5400      20.8078      42.4222       7.7731      42.1746
                 30.5663      32.0323      36.3776      30.5095      25.7429
                 28.3726      33.4314      37.4576      35.8372      28.0221
                 28.3105      46.2331      41.6396      46.5304      39.2510
                 44.2297      34.9817      16.6962      43.3490      10.9777
                 32.1741      17.1208      33.8885      48.8785      43.4355
                 28.6196      41.0682      25.9554      44.9920      25.6195
                 29.9160      36.0953      39.3987      34.7934      31.0864
                 28.7823      48.4022      50.4682      35.4759      22.9844
                 28.6722      18.0095      31.8184      39.0329      25.7902
   5      0      11.5372      20.7790      42.3817       7.7660      42.1521
                 30.5358      32.0094      36.3630      30.5121      25.7420
                 28.3794      33.4211      37.4540      35.8170      27.9818
                 28.2787      46.2197      41.6426      46.5285      39.2411
                 44.2631      34.9635      16.6994      43.3527      10.9708
                 32.1613      17.1346      33.8751      48.8361      43.4332
                 28.6230      41.0717      25.9565      44.9622      25.6035
                 29.8907      36.1001      39.3888      34.7441      31.1140
                 28.7439      48.4145      50.4388      35.4577      22.9920
                 28.6646      17.9856      31.8133      39.0545      25.8051
   5     60      11.0738      20.3163      41.9212       7.2961      41.6957
                 30.0733      31.5463      35.9027      30.0528      25.2783
                 27.9181      32.9584      36.9927      35.3553      27.5156
                 27.8161      45.7607      41.1847      46.0731      38.7829
                 43.8073      34.5008      16.2389      42.8963      10.5071
                 31.7009      16.6695      33.4161      48.3792      42.9756
                 28.1597      40.6127      25.4928      44.5041      25.1429
                 29.4288      35.6418      38.9318      34.2832      30.6532
                 28.2839      47.9599      49.9838      35.0011      22.5302
                 28.2051      17.5226      31.3534      38.5964      25.3432
   5     80       7.6237      16.8767      38.5022       3.8082      38.3026
                 26.6391      28.1085      32.4850      26.6380      21.8377
                 24.4923      29.5270      33.5648      31.9240      24.0569
                 24.3787      42.3547      37.7809      42.6888      35.3758
                 40.4160      31.0670      12.8094      39.5032       7.0536
                 28.2826      13.2164      30.0070      44.9854      39.5770
                 24.7208      37.2035      22.0479      41.1018      21.7188
                 25.9997      32.2354      35.5377      30.8624      27.2295
                 24.8646      44.5789      46.6020      31.6066      19.0950
                 24.7865      14.0772      27.9345      35.1926      21.9108
   5    100      -0.7835       8.5041      30.1849      -4.6541      30.0309
                 18.2855      19.7454      24.1699      18.3195      13.4752
                 16.1607      21.1891      25.2176      23.5679      15.6575
                 16.0167      34.0659      29.4855      34.4367      27.0669
                 32.1405      22.7216       4.4458      31.2311      -1.3620
                 19.9621       4.8231      21.7045      36.7212      31.3025
                 16.3637      28.9073      13.6718      32.8162      13.3792
                 17.6572      23.9348      27.2664      22.5375      18.8908
                 16.5330      36.3275      38.3539      23.3311      10.7280
                 16.4536       5.6841      19.6047      26.9005      13.5569
 
 
 cumulative average & 95% error for solvation free energy
              total             1st component         2nd component         3rd component
  1   -87.4249             -194.9027               95.9440               11.5338
  2   -86.3222     2.2055  -192.9803     3.8447    90.5006    10.8866    16.1575     9.2473
  3   -83.0431     6.6806  -185.3766    15.3685    77.4353    26.8759    24.8982    18.2785
  4   -83.9786     5.0809  -186.6379    11.1561    82.0442    21.1216    20.6152    15.5057
  5   -83.0369     4.3631  -186.4053     8.6540    78.4466    17.8729    24.9218    14.7799
  6   -81.9344     4.1896  -185.0281     7.5838    77.2347    14.7931    25.8591    12.2124
  7   -81.2898     3.7683  -182.9344     7.6561    74.9099    13.3390    26.7348    10.4689
  8   -81.3379     3.2648  -183.1308     6.6420    73.8548    11.7431    27.9381     9.3804
  9   -80.6716     3.1727  -182.8189     5.8908    73.9262    10.3574    28.2211     8.2920
 10   -81.5933     3.3838  -183.6913     5.5503    74.1255     9.2725    27.9725     7.4333
 11   -82.2217     3.3088  -184.6874     5.4013    74.4582     8.4137    28.0075     6.7240
 12   -82.7471     3.1981  -185.6738     5.3107    74.4699     7.6806    28.4568     6.2036
 13   -83.1876     3.0709  -184.6949     5.2629    72.3598     8.2296    29.1475     5.8713
 14   -83.4469     2.8900  -183.4908     5.4351    70.4195     8.5505    29.6245     5.5188
 15   -83.3460     2.6980  -182.4890     5.4421    69.6267     8.1165    29.5163     5.1423
 16   -83.2533     2.5305  -182.5523     5.0922    69.8599     7.6066    29.4391     4.8127
 17   -83.1791     2.3816  -181.9881     4.9145    68.3833     7.7314    30.4258     4.9326
 18   -83.2963     2.2576  -181.6916     4.6713    67.3468     7.5783    31.0485     4.8144
 19   -83.4099     2.1476  -181.9872     4.4580    66.7130     7.2795    31.8642     4.8374
 20   -83.4138     2.0374  -181.8818     4.2345    66.2356     6.9717    32.2324     4.6478
 21   -83.4309     1.9382  -181.2433     4.2254    65.0075     7.0716    32.8048     4.5668
 22   -83.2545     1.8814  -180.7221     4.1614    64.5645     6.8005    32.9032     4.3587
 23   -83.2337     1.7982  -181.2722     4.1257    65.8409     6.9816    32.1976     4.3975
 24   -83.2237     1.7218  -181.3134     3.9510    65.4276     6.7353    32.6622     4.3116
 25   -83.2668     1.6537  -181.5547     3.8202    66.4937     6.8031    31.7943     4.4850
 26   -83.4672     1.6387  -182.1194     3.8402    66.8440     6.5736    31.8082     4.3091
 27   -83.6499     1.6186  -182.5558     3.7969    67.6411     6.5233    31.2649     4.2865
 28   -83.8370     1.6040  -182.8378     3.7020    67.6429     6.2860    31.3579     4.1348
 29   -83.9055     1.5537  -182.9434     3.5783    67.0765     6.1702    31.9614     4.1683
 30   -84.1422     1.5739  -183.0829     3.4682    66.5968     6.0377    32.3439     4.0989
 31   -84.0503     1.5334  -183.0374     3.3557    66.7638     5.8492    32.2233     3.9718
 32   -84.0034     1.4876  -182.8690     3.2665    66.3657     5.7192    32.4999     3.8853
 33   -83.7425     1.5334  -182.7975     3.1692    66.7538     5.5972    32.3012     3.7866
 34   -83.9303     1.5342  -182.6204     3.0949    66.0159     5.6271    32.6742     3.7486
 35   -83.9046     1.4906  -182.6024     3.0054    66.2252     5.4800    32.4726     3.6622
 36   -83.8933     1.4488  -182.6214     2.9210    66.3271     5.3295    32.4011     3.5619
 37   -83.9389     1.4121  -182.7387     2.8506    66.2993     5.1837    32.5006     3.4700
 38   -83.8574     1.3840  -182.9400     2.8037    66.4009     5.0496    32.6817     3.3968
 39   -83.8068     1.3519  -183.2484     2.7996    66.7070     4.9563    32.7347     3.3103
 40   -83.7840     1.3184  -183.2725     2.7291    66.7951     4.8340    32.6934     3.2275
 41   -83.8942     1.3046  -183.6129     2.7474    67.1220     4.7598    32.5967     3.1537
 42   -83.7865     1.2912  -183.6074     2.6812    66.8486     4.6772    32.9723     3.1681
 43   -83.8463     1.2665  -183.5234     2.6235    66.2983     4.6979    33.3788     3.1986
 44   -83.7603     1.2493  -183.6361     2.5731    66.4495     4.5998    33.4263     3.1265
 45   -83.7135     1.2248  -183.7371     2.5233    66.8297     4.5603    33.1939     3.0914
 46   -83.4952     1.2749  -183.4675     2.5261    66.8776     4.4611    33.0948     3.0299
 47   -83.5271     1.2491  -183.6792     2.5077    67.3789     4.4788    32.7733     3.0337
 48   -83.5259     1.2228  -183.5754     2.4637    67.2962     4.3876    32.7533     2.9700
 49   -83.5767     1.2019  -183.5835     2.4129    67.1254     4.3107    32.8815     2.9201
 50   -83.4232     1.2170  -183.6218     2.3654    67.4589     4.2759    32.7396     2.8751
 
 Mesh error is    2.460 kcal/mol
