 ERmod 0.3.8, Copyright (C) 2000-2019 Nobuyuki Matubayasi
                            2010-2019 Shun Sakuraba
 ERmod comes with ABSOLUTELY NO WARRANTY.
 This is free software, and you can redistribute it
 and/or modify it under certain conditions.
 See LICENSE file for details.
 ERmod 0.3.8, Copyright (C) 2000-2019 Nobuyuki Matubayasi
                            2010-2019 Shun Sakuraba
 ERmod comes with ABSOLUTELY NO WARRANTY.
 This is free software, and you can redistribute it
 and/or modify it under certain conditions.
 See LICENSE file for details.
 
  Number of the   1-th solvent  =          792
  Number of the   2-th solvent  =          792
  Number of the   3-th solvent  =        10000
 
  Be sure that the solvent distribution is homogeneous (radial distribution function is essentially unity) when the solvent molecule is separated beyond distance of   10.0 Angstrom in any direction from any atom within the solute molecule
 
  LJ long-range correction    =        -1.3175     -0.2494     -7.0203
 
  Self-energy of the solute   =        -0.0020  kcal/mol
 
 
 cumulative average & 95% error for solvation energy
              total             1st component         2nd component         3rd component
  1  -463.6089             -171.3853               94.0497             -386.2713
  2  -463.8049     0.3922  -172.9009     3.0312    91.2443     5.6109  -382.1463     8.2500
  3  -462.9694     1.6864  -173.3795     1.9948    96.3845    10.7789  -385.9724     9.0135
  4  -463.8879     2.1901  -174.0834     1.9928    84.5509    24.8643  -374.3534    24.0963
  5  -463.8379     1.6993  -173.7621     1.6721    78.8926    22.3385  -368.9664    21.5512
  6  -463.6590     1.4329  -175.1467     3.0876    77.5635    18.4320  -366.0737    18.5232
  7  -463.7901     1.2391  -175.3042     2.6284    73.3971    17.6664  -361.8810    17.7593
  8  -463.5275     1.1948  -175.1723     2.2915    72.3172    15.4513  -360.6704    15.5694
  9  -463.9426     1.3416  -175.5712     2.1727    69.0592    15.1045  -357.4286    15.1847
 10  -464.1279     1.2558  -176.4760     2.6554    66.6212    14.3629  -354.2711    14.9780
 11  -464.4700     1.3261  -176.9530     2.5844    66.8137    12.9974  -354.3288    13.5486
 12  -464.5753     1.2288  -177.0997     2.3774    66.3718    11.8979  -353.8455    12.4059
 13  -464.9670     1.3753  -176.7405     2.3018    62.3878    13.5378  -350.6122    13.1165
 14  -464.7556     1.3416  -177.4281     2.5362    63.1646    12.6295  -350.4901    12.1460
 15  -464.7259     1.2504  -176.9028     2.5843    63.2246    11.7580  -351.0458    11.3618
 16  -465.0296     1.3180  -176.4659     2.5705    62.6771    11.0530  -351.2388    10.6350
 17  -464.9599     1.2458  -176.2694     2.4463    63.5511    10.5286  -352.2396    10.1883
 18  -465.1974     1.2670  -176.3742     2.3159    63.2161     9.9490  -352.0373     9.6142
 19  -464.8896     1.3473  -176.6404     2.2544    66.5491    11.5326  -354.7963    10.6372
 20  -465.3455     1.5701  -176.4712     2.1653    63.9172    12.1412  -352.7895    10.8602
 21  -465.4620     1.5115  -176.3015     2.0874    62.2556    12.0172  -351.4141    10.6901
 22  -465.5932     1.4649  -176.1860     2.0036    60.4514    12.0127  -349.8566    10.6580
 23  -465.9509     1.5720  -176.2263     1.9162    57.3393    13.0575  -347.0619    11.6171
 24  -466.0238     1.5121  -176.2134     1.8348    56.2187    12.7009  -346.0270    11.3135
 25  -466.0890     1.4562  -176.1482     1.7647    57.1590    12.3266  -347.0978    11.0608
 26  -466.0135     1.4072  -176.1432     1.6955    58.6447    12.2101  -348.5130    10.9973
 27  -465.8337     1.4010  -176.3403     1.6784    60.7648    12.4909  -350.2563    11.1418
 28  -465.7000     1.3763  -176.2883     1.6207    62.3271    12.4355  -351.7369    11.1373
 29  -465.5255     1.3731  -176.4165     1.5847    64.3285    12.6490  -353.4355    11.2706
 30  -465.3392     1.3779  -176.3440     1.5378    65.9176    12.6267  -354.9107    11.2811
 31  -465.1246     1.4001  -176.4694     1.5084    68.1684    13.0158  -356.8215    11.5611
 32  -465.1186     1.3557  -176.3726     1.4733    68.9435    12.6975  -357.6875    11.3271
 33  -464.9312     1.3664  -176.3562     1.4283    70.6019    12.7458  -359.1749    11.3744
 34  -464.7299     1.3854  -176.4511     1.3986    72.6309    13.0141  -360.9078    11.5662
 35  -464.6817     1.3487  -176.5703     1.3788    73.5496    12.7697  -361.6591    11.3310
 36  -464.5844     1.3250  -176.6282     1.3450    74.7587    12.6433  -362.7129    11.2116
 37  -464.4273     1.3265  -176.6555     1.3093    76.2227    12.6407  -363.9925    11.2007
 38  -464.2820     1.3234  -176.6137     1.2771    77.6139    12.6142  -365.2802    11.2020
 39  -464.3816     1.3043  -176.6800     1.2510    77.1736    12.3180  -364.8732    10.9413
 40  -464.4472     1.2780  -176.8749     1.2801    76.4287    12.0982  -363.9990    10.8067
 41  -464.4489     1.2465  -176.8001     1.2574    75.7582    11.8754  -363.4049    10.6066
 42  -464.3870     1.2227  -176.7692     1.2286    75.5468    11.5969  -363.1625    10.3623
 43  -464.3395     1.1977  -176.7044     1.2067    75.3298    11.3323  -362.9629    10.1263
 44  -464.5567     1.2482  -176.8192     1.2011    73.8502    11.4604  -361.5857    10.2698
 45  -464.8114     1.3222  -176.9748     1.2147    72.9572    11.3443  -360.7918    10.1637
 46  -464.9496     1.3223  -177.0504     1.1975    72.4984    11.1328  -360.3957     9.9719
 47  -465.0681     1.3154  -177.1579     1.1913    72.0699    10.9271  -359.9781     9.7931
 48  -465.2513     1.3388  -177.0712     1.1791    71.0590    10.8864  -359.2371     9.7007
 49  -465.3314     1.3210  -177.1115     1.1575    70.9213    10.6654  -359.1392     9.5027
 50  -465.3977     1.3011  -177.1458     1.1362    70.7307    10.4569  -358.9806     9.3161
 
 
 group  inft  solvation free energy     error          difference
  total solvation free energy
   1      0        -72.78881           2.10756          -0.45828
   1     60        -73.17536           2.10767          -0.84483
   1     80        -76.22462           2.11209          -3.89410
   1    100        -86.29037           2.13779         -13.95984
   2      0        -72.75825           2.07567          -0.42772
   3      0        -72.33053           2.05825           0.00000
   4      0        -72.66541           2.10477          -0.33488
   5      0        -72.20562           2.08092           0.12491
   5     60        -72.72017           2.08157          -0.38964
   5     80        -76.49322           2.08759          -4.16270
   5    100        -85.70401           2.10996         -13.37348
 
  contribution from  1-th solvent component
   1      0       -145.19785           1.08827          -0.28235
   1     60       -145.22977           1.08819          -0.31427
   1     80       -145.51257           1.08793          -0.59707
   1    100       -146.41709           1.08830          -1.50159
   2      0       -145.24362           1.10890          -0.32811
   3      0       -144.91550           1.11751           0.00000
   4      0       -145.94067           1.11586          -1.02517
   5      0       -145.27548           1.12128          -0.35997
   5     60       -145.32098           1.12121          -0.40548
   5     80       -145.66439           1.12097          -0.74888
   5    100       -146.49221           1.12157          -1.57670
 
  contribution from  2-th solvent component
   1      0        100.04910           5.16206          -0.17871
   1     60        100.06229           5.16204          -0.16551
   1     80        100.22376           5.16226          -0.00404
   1    100        100.47527           5.16342           0.24746
   2      0        100.12112           5.18158          -0.10669
   3      0        100.22780           5.18453           0.00000
   4      0        100.94927           5.16438           0.72147
   5      0        100.78801           5.17541           0.56020
   5     60        100.81599           5.17548           0.58819
   5     80        100.97272           5.17587           0.74492
   5    100        101.24089           5.17682           1.01309
 
  contribution from  3-th solvent component
   1      0        -27.63805           5.99372           0.00278
   1     60        -28.00588           5.99406          -0.36505
   1     80        -30.93382           6.00024          -3.29298
   1    100        -40.34655           6.03045         -12.70572
   2      0        -27.63375           5.99718           0.00708
   3      0        -27.64083           5.99496           0.00000
   4      0        -27.67201           5.99964          -0.03117
   5      0        -27.71615           5.99882          -0.07532
   5     60        -28.21318           5.99975          -0.57235
   5     80        -31.79956           6.00813          -4.15873
   5    100        -40.45070           6.03526         -12.80987
 
 
 group  inft   Estimated free energy: total (kcal/mol)
   1      0     -74.9396     -74.3179     -76.7390     -67.4947     -64.6028
                -66.7799     -63.5248     -64.3919     -64.0913     -65.5958
                -79.4333     -69.9064     -63.1388     -60.7776     -65.9363
                -79.8126     -76.6855     -74.7783     -79.9230     -70.6234
                -54.9198     -67.0192     -71.5128     -66.4314     -82.6370
                -78.5418     -76.2007     -75.2530     -78.0237     -75.8293
                -78.1141     -72.8596     -78.3012     -75.2985     -77.7409
                -80.1794     -78.7117     -80.2086     -74.0187     -68.4959
                -64.6747     -61.4743     -55.5630     -73.3817     -78.5931
                -81.7203     -81.9343     -81.5951     -83.3744     -83.3394
   1     60     -75.3308     -74.7078     -77.1295     -67.8828     -64.9881
                -67.1638     -63.9110     -64.7770     -64.4786     -65.9810
                -79.8260     -70.2947     -63.5238     -61.1595     -66.3268
                -80.2033     -77.0763     -75.1686     -80.3090     -71.0109
                -55.3054     -67.4029     -71.8914     -66.8178     -83.0251
                -78.9330     -76.5896     -75.6434     -78.4137     -76.2185
                -78.5017     -73.2517     -78.6887     -75.6846     -78.1308
                -80.5693     -79.0999     -80.5932     -74.4036     -68.8790
                -65.0613     -61.8591     -55.9479     -73.7620     -78.9737
                -82.1018     -82.3158     -81.9782     -83.7538     -83.7214
   1     80     -78.4169     -77.7885     -80.2246     -70.9227     -68.0191
                -70.1853     -66.9452     -67.8028     -67.5166     -68.9995
                -82.9125     -73.3421     -66.5410     -64.1573     -69.3884
                -83.2764     -80.1514     -78.2377     -83.3784     -74.0501
                -58.3204     -70.4118     -74.8638     -69.8500     -86.0956
                -82.0190     -79.6684     -78.7200     -81.5048     -79.2972
                -81.5825     -76.3460     -81.7673     -78.7488     -81.2227
                -83.6612     -82.1856     -83.6552     -77.4388     -71.8986
                -68.0943     -64.8822     -58.9785     -76.7605     -81.9930
                -85.1289     -85.3315     -85.0114     -86.7727     -86.7641
   1    100     -88.6106     -87.9576     -90.4512     -80.8831     -77.9850
                -80.1322     -76.9047     -77.7580     -77.4720     -78.9181
                -93.0524     -83.3531     -76.4445     -74.0128     -79.4324
                -93.3981     -90.2740     -88.3293     -93.5740     -84.0513
                -68.2079     -80.3158     -84.6813     -79.7957     -96.2706
                -92.2054     -89.8366     -88.8656     -91.7436     -89.4774
                -91.8345     -86.5350     -91.9851     -88.9531     -91.4475
                -93.9031     -92.4441     -93.8576     -87.4599     -81.8425
                -78.0498     -74.8251     -68.9582     -86.6734     -92.0230
                -95.1894     -95.3449     -95.0708     -96.8346     -96.8925
   2      0     -74.4838     -74.1083     -76.4950     -67.8033     -64.8323
                -67.3789     -63.4178     -64.6376     -64.3216     -65.9625
                -79.0986     -69.8140     -63.2710     -61.1307     -65.9635
                -79.6141     -76.6106     -74.3289     -79.9450     -70.6214
                -54.7455     -67.0779     -71.4966     -66.4075     -82.4068
                -78.3730     -76.1025     -75.1001     -77.7142     -75.7704
                -78.3558     -72.3529     -78.3224     -75.2268     -77.4386
                -80.0069     -78.6090     -80.4520     -74.1977     -68.8269
                -64.9349     -61.7304     -55.4787     -73.5296     -78.1216
                -81.6361     -81.9275     -81.3918     -83.0842     -83.2550
   3      0     -73.9128     -73.5483     -76.2321     -67.5765     -64.5310
                -67.1242     -63.1658     -64.5020     -63.9465     -65.7752
                -78.7369     -69.2197     -62.8597     -60.8257     -65.4139
                -79.1536     -75.9779     -73.8817     -79.5117     -70.1167
                -54.2231     -66.7590     -71.2032     -66.1932     -81.8319
                -77.8569     -75.6778     -74.6168     -77.0165     -75.4987
                -77.6658     -71.6619     -77.9082     -74.6325     -76.9667
                -79.5996     -78.2597     -80.0962     -73.9916     -68.5042
                -64.6451     -61.5232     -55.0556     -73.0480     -77.2142
                -81.2176     -81.4246     -80.8427     -82.4654     -82.9146
   4      0     -74.3339     -74.0251     -76.3619     -67.7924     -64.6878
                -67.1667     -63.2108     -64.5698     -63.9122     -65.8639
                -79.1371     -69.4929     -63.2387     -60.9269     -65.9264
                -79.6803     -76.4605     -74.1234     -80.0423     -70.3972
                -54.1184     -66.9100     -71.5257     -66.1687     -82.4308
                -78.3010     -76.0767     -75.1504     -77.4472     -75.7427
                -78.2341     -72.1883     -78.5136     -75.3334     -77.2850
                -80.0840     -78.6242     -80.7826     -74.3759     -68.4339
                -64.7873     -61.5585     -55.2531     -73.3231     -77.9044
                -81.5119     -81.8929     -81.4853     -83.0926     -83.3843
   5      0     -73.6565     -73.3914     -76.0581     -67.5999     -64.4000
                -66.9055     -62.9201     -64.0742     -63.3851     -65.5312
                -78.5352     -68.9781     -62.9805     -60.7390     -65.4839
                -79.4968     -75.9611     -73.6851     -79.5133     -70.0124
                -53.6738     -66.6425     -70.9681     -65.9638     -81.7932
                -77.6312     -75.6703     -74.9131     -76.7047     -75.4968
                -77.6135     -71.4587     -78.0702     -74.6745     -76.8824
                -79.5114     -78.1255     -80.2954     -74.0833     -67.9338
                -64.5610     -61.2229     -54.8507     -72.8744     -77.0182
                -80.9108     -81.5309     -80.7651     -82.3858     -82.7475
   5     60     -74.1787     -73.9121     -76.5799     -68.1136     -64.9108
                -67.4145     -63.4315     -64.5840     -63.8981     -66.0419
                -79.0596     -69.4934     -63.4899     -61.2451     -66.0035
                -80.0184     -76.4826     -74.2065     -80.0287     -70.5265
                -54.1841     -67.1503     -71.4692     -66.4762     -82.3108
                -78.1530     -76.1908     -75.4341     -77.2260     -76.0174
                -78.1303     -71.9823     -78.5880     -75.1890     -77.4039
                -80.0321     -78.6443     -80.8089     -74.5955     -68.4423
                -65.0731     -61.7326     -55.3600     -73.3788     -77.5273
                -81.4206     -82.0395     -81.2769     -82.8939     -83.2579
   5     80     -77.9997     -77.7228     -80.4096     -71.8712     -68.6576
                -71.1536     -67.1798     -68.3271     -67.6552     -69.7758
                -82.8724     -73.2625     -67.2175     -64.9536     -69.7886
                -83.8181     -80.2889     -78.0030     -83.8288     -74.2830
                -57.9123     -70.8699     -75.1461     -70.2247     -86.1097
                -81.9727     -80.0007     -79.2427     -81.0549     -79.8319
                -81.9454     -75.8074     -82.4012     -78.9847     -81.2296
                -83.8594     -82.4669     -84.6052     -78.3495     -72.1766
                -68.8231     -65.4729     -59.1047     -77.0903     -81.2651
                -85.1701     -85.7775     -85.0326     -86.6399     -87.0249
   5    100     -87.3216     -87.0209     -89.7619     -80.9865     -77.7845
                -80.2724     -76.2935     -77.4450     -76.7741     -78.8534
                -92.1364     -82.4200     -76.2785     -73.9842     -78.9738
                -93.0626     -89.5517     -87.2324     -93.1558     -83.4294
                -66.9647     -79.9325     -84.1347     -79.3329     -95.4145
                -91.2906     -89.3032     -88.5219     -90.4253     -89.1494
                -91.3260     -85.1232     -91.7555     -88.3163     -90.5876
                -93.2245     -91.8581     -93.9545     -87.5270     -81.2837
                -77.9391     -74.5809     -68.2372     -86.1675     -90.4358
                -94.3641     -94.9421     -94.2301     -95.8483     -96.2909
 
 group  inft   Estimated free energy: 1-th solvent contribution (kcal/mol)
   1      0    -138.8166    -141.4358    -143.6829    -146.2504    -143.5328
               -150.7183    -143.5835    -143.0573    -144.7279    -149.6288
               -150.3611    -143.9724    -140.5758    -150.6132    -138.2978
               -142.6387    -143.8744    -143.3859    -149.7020    -139.7111
               -134.6836    -144.1166    -145.7584    -145.9926    -144.6249
               -144.9248    -149.0726    -145.2159    -145.8082    -144.3369
               -147.7131    -138.9430    -146.9670    -146.4696    -147.2595
               -148.9142    -146.2924    -146.7179    -148.0733    -151.6019
               -144.9129    -144.5598    -135.5345    -149.4937    -144.0377
               -148.9456    -150.3995    -144.5914    -148.2643    -147.1002
   1     60    -138.8495    -141.4687    -143.7156    -146.2819    -143.5644
               -150.7496    -143.6155    -143.0893    -144.7602    -149.6601
               -150.3929    -144.0042    -140.6080    -150.6447    -138.3306
               -142.6708    -143.9064    -143.4176    -149.7342    -139.7429
               -134.7159    -144.1481    -145.7894    -146.0241    -144.6571
               -144.9569    -149.1045    -145.2483    -145.8413    -144.3693
               -147.7456    -138.9758    -146.9990    -146.5023    -147.2919
               -148.9464    -146.3252    -146.7500    -148.1049    -151.6333
               -144.9447    -144.5916    -135.5667    -149.5243    -144.0689
               -148.9767    -150.4304    -144.6225    -148.2951    -147.1314
   1     80    -139.1371    -141.7566    -144.0035    -146.5620    -143.8447
               -151.0293    -143.8987    -143.3732    -145.0456    -149.9396
               -150.6756    -144.2856    -140.8901    -150.9254    -138.6179
               -142.9542    -144.1891    -143.6977    -150.0208    -140.0229
               -134.9992    -144.4276    -146.0656    -146.3041    -144.9421
               -145.2406    -149.3883    -145.5350    -146.1322    -144.6559
               -148.0353    -139.2629    -147.2836    -146.7906    -147.5785
               -149.2328    -146.6145    -147.0350    -148.3863    -151.9143
               -145.2261    -144.8742    -135.8483    -149.7981    -144.3464
               -149.2550    -150.7074    -144.8994    -148.5698    -147.4102
   1    100    -140.0450    -142.6676    -144.9187    -147.4619    -144.7449
               -151.9311    -144.8069    -144.2775    -145.9573    -150.8419
               -151.5817    -145.1846    -141.7910    -151.8284    -139.5294
               -143.8564    -145.0892    -144.5871    -150.9366    -140.9195
               -135.8963    -145.3291    -146.9584    -147.2054    -145.8508
               -146.1453    -150.2973    -146.4503    -147.0532    -145.5694
               -148.9572    -140.1675    -148.1919    -147.7076    -148.4911
               -150.1486    -147.5357    -147.9436    -149.2914    -152.8242
               -146.1304    -145.7810    -136.7393    -150.6876    -145.2329
               -150.1535    -151.6041    -145.7931    -149.4575    -148.3044
   2      0    -138.7185    -141.4860    -143.7299    -146.2596    -143.6023
               -150.8451    -143.5203    -143.1129    -144.7671    -149.6488
               -150.4812    -143.9365    -140.5419    -150.6238    -138.2005
               -142.6854    -144.0343    -143.4003    -149.8034    -139.5974
               -134.4155    -144.1300    -145.8133    -146.0330    -144.7010
               -145.0838    -149.1244    -145.2530    -145.9189    -144.3725
               -147.8087    -138.8842    -147.1305    -146.5545    -147.3657
               -149.0383    -146.4325    -146.8825    -148.1873    -151.6550
               -144.9560    -144.6111    -135.3085    -149.5758    -143.9466
               -149.0961    -150.5641    -144.7114    -148.3847    -147.2464
   3      0    -138.3440    -141.1276    -143.4753    -146.0163    -143.3054
               -150.5939    -143.2529    -142.7924    -144.4924    -149.2994
               -150.2195    -143.5285    -140.1948    -150.2727    -137.8154
               -142.4370    -143.7022    -143.0125    -149.4760    -139.2416
               -133.9807    -143.8120    -145.5134    -145.7200    -144.4128
               -144.7552    -148.8389    -144.9253    -145.5293    -144.0344
               -147.3941    -138.4399    -146.8488    -146.1578    -147.0226
               -148.7668    -146.1071    -146.5300    -147.8668    -151.3622
               -144.6912    -144.3378    -134.8589    -149.3158    -143.4377
               -148.8327    -150.2738    -144.3934    -148.0234    -146.9921
   4      0    -139.4573    -142.1499    -144.2941    -146.8871    -144.3306
               -151.5876    -144.1028    -144.0441    -145.4395    -150.4190
               -151.1031    -144.5204    -141.2865    -151.4346    -138.8673
               -143.3534    -144.7525    -144.1038    -150.5426    -140.1928
               -135.0035    -144.8383    -146.6071    -146.7457    -145.4191
               -145.7599    -149.7203    -145.8399    -146.6588    -144.9699
               -148.6120    -139.5774    -147.7499    -147.2683    -148.0822
               -149.6605    -147.0926    -147.6534    -148.9967    -152.2663
               -145.6722    -145.3448    -135.8541    -150.2661    -144.7440
               -149.8428    -151.3856    -145.4120    -149.1779    -147.9433
   5      0    -138.7003    -141.3751    -143.8857    -146.4710    -143.6837
               -150.9925    -143.5497    -143.1200    -144.7165    -149.7469
               -150.4638    -143.7675    -140.6526    -150.8170    -138.2823
               -142.9419    -144.1215    -143.4032    -149.8625    -139.5708
               -134.2309    -144.2516    -145.7503    -146.1884    -144.7047
               -145.0494    -149.1749    -145.4273    -145.8016    -144.5229
               -147.7973    -138.7158    -147.1901    -146.4696    -147.5048
               -149.0470    -146.4688    -146.9613    -148.3419    -151.5740
               -145.1742    -144.6356    -135.1652    -149.6561    -143.6875
               -149.1083    -150.7682    -144.6190    -148.4705    -147.1921
   5     60    -138.7474    -141.4221    -143.9323    -146.5157    -143.7284
               -151.0371    -143.5947    -143.1653    -144.7621    -149.7913
               -150.5095    -143.8128    -140.6975    -150.8618    -138.3286
               -142.9879    -144.1676    -143.4488    -149.9086    -139.6157
               -134.2764    -144.2958    -145.7942    -146.2329    -144.7509
               -145.0956    -149.2209    -145.4737    -145.8489    -144.5693
               -147.8439    -138.7626    -147.2362    -146.5162    -147.5512
               -149.0932    -146.5157    -147.0075    -148.3870    -151.6184
               -145.2191    -144.6806    -135.2105    -149.6996    -143.7321
               -149.1529    -150.8126    -144.6636    -148.5150    -147.2371
   5     80    -139.0983    -141.7730    -144.2819    -146.8551    -144.0683
               -151.3767    -143.9366    -143.5090    -145.1080    -150.1291
               -150.8533    -144.1546    -141.0379    -151.2022    -138.6759
               -143.3321    -144.5140    -143.7906    -150.2554    -139.9543
               -134.6187    -144.6327    -146.1292    -146.5713    -145.0977
               -145.4426    -149.5666    -145.8217    -146.2023    -144.9179
               -148.1934    -139.1113    -147.5838    -146.8654    -147.8993
               -149.4413    -146.8667    -147.3548    -148.7291    -151.9577
               -145.5604    -145.0226    -135.5509    -150.0326    -144.0693
               -149.4924    -151.1499    -145.0018    -148.8524    -147.5775
   5    100    -139.9324    -142.6084    -145.1190    -147.6775    -144.8918
               -152.2040    -144.7629    -144.3352    -145.9414    -150.9506
               -151.6839    -144.9776    -141.8568    -152.0288    -139.5055
               -144.1567    -145.3453    -144.6086    -151.0908    -140.7708
               -135.4360    -145.4513    -146.9459    -147.3928    -145.9313
               -146.2764    -150.4012    -146.6583    -147.0447    -145.7551
               -149.0318    -139.9393    -148.4208    -147.7017    -148.7347
               -150.2796    -147.7088    -148.1900    -149.5597    -152.7861
               -146.3872    -145.8502    -136.3628    -150.8481    -144.8805
               -150.3172    -151.9723    -145.8238    -149.6738    -148.4011
 
 group  inft   Estimated free energy: 2-th solvent contribution (kcal/mol)
   1      0     109.7469     107.6806     117.1968      90.0519      94.7598
                102.2204      90.2321      97.5015      86.3031      88.6430
                 96.5783      92.8704      74.3540     106.1682      96.7237
                 89.9611     101.3244      92.2941     127.0508      71.3435
                 81.5638      76.8914      60.4884      81.6125     102.0688
                110.4163     122.8603     117.2800     122.7736     121.0239
                132.7974     109.8338     127.2290     136.4060     116.2071
                122.2962     128.2962     129.5901      96.8054      90.3150
                 90.8568     101.7209      99.8967      69.0399      79.3723
                 89.5149      89.0971      75.1548      95.2268      92.8149
   1     60     109.7599     107.6928     117.2095      90.0661      94.7738
                102.2348      90.2455      97.5156      86.3170      88.6567
                 96.5903      92.8837      74.3674     106.1833      96.7364
                 89.9737     101.3369      92.3067     127.0640      71.3558
                 81.5775      76.9049      60.5020      81.6264     102.0814
                110.4292     122.8739     117.2938     122.7866     121.0371
                132.8106     109.8467     127.2414     136.4201     116.2192
                122.3091     128.3086     129.6027      96.8179      90.3287
                 90.8708     101.7353      99.9105      69.0531      79.3842
                 89.5280      89.1104      75.1675      95.2402      92.8268
   1     80     109.9191     107.8420     117.3646      90.2371      94.9434
                102.4076      90.4066      97.6895      86.4815      88.8251
                 96.7403      93.0458      74.5297     106.3696      96.8980
                 90.1317     101.4921      92.4615     127.2296      71.5076
                 81.7482      77.0683      60.6693      81.7912     102.2386
                110.5875     123.0405     117.4637     122.9427     121.2032
                132.9749     110.0065     127.4001     136.5955     116.3645
                122.4675     128.4633     129.7640      96.9758      90.4895
                 91.0386     101.9108     100.0760      69.2085      79.5320
                 89.6827      89.2717      75.3211      95.3982      92.9713
   1    100     110.1569     108.0565     117.5957      90.5169      95.2234
                102.7008      90.6591      97.9777      86.7401      89.0987
                 96.9504      93.2845      74.7923     106.7161      97.1532
                 90.3662     101.7168      92.6842     127.4911      71.7267
                 82.0347      77.3266      60.9376      82.0570     102.4686
                110.8236     123.3107     117.7443     123.1759     121.4769
                133.2427     110.2447     127.6507     136.9016     116.5652
                122.7047     128.6942     130.0207      97.2292      90.7417
                 91.3130     102.2158     100.3458      69.4344      79.7382
                 89.9108      89.5181      75.5385      95.6279      93.1624
   2      0     110.1211     107.9397     117.5061      89.7253      94.5726
                101.7519      90.2606      97.3016      86.0875      88.2798
                 97.0287      92.9113      74.1473     105.8116      96.5806
                 90.1908     101.5682      92.7544     127.1414      71.2013
                 81.4605      76.8363      60.5509      81.6566     102.3788
                110.7525     123.0094     117.4622     123.2015     121.1210
                132.6584     110.2878     127.3890     136.5817     116.6212
                122.6020     128.5763     129.5258      96.7327      90.0156
                 90.6120     101.5069      99.7351      68.9585      79.7569
                 89.7301      89.2607      75.4836      95.6436      93.0664
   3      0     110.2972     108.1252     117.5105      89.7390      94.5848
                101.7735      90.2752      97.1483      86.2102      88.1433
                 97.1108      93.1075      74.2357     105.7921      96.7451
                 90.3999     101.8721      92.7957     127.2603      71.3612
                 81.5757      76.8626      60.5650      81.5689     102.6709
                110.9439     123.1393     117.6164     123.5351     121.0630
                132.9171     110.5180     127.5336     136.7778     116.7572
                122.7391     128.5965     129.5154      96.6187      90.0777
                 90.6413     101.4749      99.7314      69.1898      80.1328
                 89.8779      89.4853      75.7130      95.9083      93.1560
   4      0     111.0574     108.7379     118.2697      90.3888      95.4483
                102.7443      91.0733      98.3497      87.2193      89.1707
                 97.6451      93.8487      74.9525     106.8777      97.2935
                 90.8284     102.4859      93.7121     127.8239      72.0452
                 82.6990      77.7348      61.3268      82.6432     103.1277
                111.5635     123.6595     118.0269     124.2962     121.7731
                133.6427     111.1962     127.8552     137.2316     117.5338
                123.1835     129.2714     130.0151      97.4058      91.0342
                 91.4887     102.4503     100.5470      69.8917      80.8222
                 90.6198      90.1531      76.1195      96.4880      93.6907
   5      0     111.0175     108.6487     118.1930      90.2171      95.1496
                102.4368      90.8816      97.9732      87.0505      88.8767
                 97.6359      93.6747      74.6342     106.4932      97.2049
                 90.6562     102.4099      93.4759     127.7187      71.8617
                 82.4269      77.4634      61.0749      82.3497     103.0973
                111.5340     123.5708     117.9020     124.2249     121.6303
                133.4548     111.0775     127.8127     137.1320     117.3983
                123.1991     129.1936     129.8613      97.0870      90.9007
                 91.2735     102.1316     100.3038      69.7775      80.6744
                 90.5145      89.9176      76.0977      96.5133      93.5954
   5     60     111.0459     108.6756     118.2205      90.2463      95.1779
                102.4655      90.9090      98.0025      87.0785      88.9052
                 97.6629      93.7032      74.6618     106.5230      97.2324
                 90.6843     102.4377      93.5035     127.7474      71.8884
                 82.4551      77.4908      61.1030      82.3777     103.1254
                111.5622     123.5996     117.9312     124.2527     121.6585
                133.4832     111.1056     127.8403     137.1624     117.4245
                123.2272     129.2208     129.8892      97.1141      90.9281
                 91.3019     102.1604     100.3323      69.8047      80.7005
                 90.5423      89.9456      76.1252      96.5414      93.6219
   5     80     111.2010     108.8214     118.3713      90.4124      95.3423
                102.6331      91.0645      98.1716      87.2348      89.0676
                 97.8082      93.8593      74.8190     106.7078      97.3884
                 90.8398     102.5893      93.6538     127.9095      72.0333
                 82.6210      77.6473      61.2649      82.5355     103.2796
                111.7168     123.7622     118.0971     124.4042     121.8196
                133.6428     111.2597     127.9956     137.3385     117.5628
                123.3817     129.3690     130.0457      97.2678      91.0810
                 91.4649     102.3310     100.4959      69.9528      80.8427
                 90.6945      90.1022      76.2745      96.6943      93.7622
   5    100     111.4614     109.0581     118.6226      90.7071      95.6306
                102.9325      91.3327      98.4726      87.5042      89.3517
                 98.0412      94.1195      75.0959     107.0569      97.6579
                 91.0990     102.8388      93.8999     128.1875      72.2720
                 82.9197      77.9191      61.5475      82.8106     103.5361
                111.9757     124.0457     118.3912     124.6564     122.1044
                133.9209     111.5159     128.2635     137.6600     117.7840
                123.6395     129.6155     130.3142      97.5338      91.3428
                 91.7527     102.6427     100.7833      70.1966      81.0713
                 90.9474      90.3658      76.5179      96.9466      93.9816
 
 group  inft   Estimated free energy: 3-th solvent contribution (kcal/mol)
   1      0     -45.8679     -40.5607     -50.2508     -11.2942     -15.8277
                -18.2800     -10.1714     -18.8341      -5.6645      -4.6080
                -25.6485     -18.8024       3.0850     -16.3307     -24.3603
                -27.1331     -34.1336     -23.6845     -57.2698      -2.2537
                 -1.7980       0.2080      13.7592      -2.0493     -40.0789
                -44.0313     -49.9863     -47.3151     -54.9870     -52.5142
                -63.1964     -43.7484     -58.5612     -65.2329     -46.6864
                -53.5594     -60.7135     -63.0788     -22.7488      -7.2070
                -10.6166     -18.6334     -19.9232       7.0741     -13.9256
                -22.2877     -20.6299     -12.1565     -30.3348     -29.0521
   1     60     -46.2393     -40.9300     -50.6213     -11.6650     -16.1955
                -18.6470     -10.5390     -19.2013      -6.0334      -4.9756
                -26.0213     -19.1722       2.7188     -16.6962     -24.7306
                -27.5042     -34.5048     -24.0557     -57.6368      -2.6218
                 -2.1650      -0.1576      13.3979      -2.4181     -40.4474
                -44.4033     -50.3571     -47.6868     -55.3570     -52.8843
                -63.5646     -44.1206     -58.9292     -65.6004     -47.0561
                -53.9301     -61.0814     -63.4440     -23.1147      -7.5724
                -10.9855     -19.0007     -20.2897       6.7112     -14.2870
                -22.6511     -20.9937     -12.5213     -30.6969     -29.4148
   1     80     -49.1969     -43.8718     -53.5836     -14.5958     -19.1158
                -21.5616     -13.4511     -22.1172      -8.9505      -7.8830
                -28.9752     -22.1003      -0.1786     -19.5995     -27.6665
                -30.4518     -37.4524     -26.9995     -60.5852      -5.5329
                 -5.0674      -3.0505      10.5345      -5.3351     -43.3901
                -47.3639     -53.3185     -50.6467     -58.3132     -55.8425
                -66.5202     -47.0877     -61.8819     -68.5517     -50.0067
                -56.8939     -64.0324     -66.3822     -26.0264     -10.4719
                -13.9047     -21.9168     -23.2042       3.8311     -17.1766
                -25.5546     -23.8939     -15.4311     -33.5992     -32.3233
   1    100     -58.7205     -53.3446     -63.1261     -23.9361     -28.4616
                -30.8998     -22.7549     -31.4563     -18.2528     -17.1729
                -38.4191     -31.4510      -9.4438     -28.8985     -37.0543
                -39.9059     -46.8996     -36.4244     -70.1265     -14.8565
                -14.3443     -12.3113       1.3415     -14.6452     -52.8864
                -56.8817     -62.8481     -60.1577     -67.8642     -65.3829
                -76.1180     -56.6103     -71.4418     -78.1451     -59.5196
                -66.4572     -73.6006     -75.9328     -35.3958     -19.7580
                -23.2303     -31.2579     -32.5628      -5.4182     -26.5264
                -34.9446     -33.2569     -24.8142     -43.0031     -41.7485
   2      0     -45.8843     -40.5600     -50.2692     -11.2670     -15.8006
                -18.2838     -10.1561     -18.8244      -5.6400      -4.5915
                -25.6442     -18.7868       3.1257     -16.3166     -24.3416
                -27.1175     -34.1425     -23.6810     -57.2809      -2.2232
                 -1.7886       0.2179      13.7677      -2.0291     -40.0826
                -44.0396     -49.9855     -47.3073     -54.9948     -52.5169
                -63.2035     -43.7545     -58.5789     -65.2520     -46.6920
                -53.5685     -60.7509     -63.0933     -22.7411      -7.1855
                -10.5889     -18.6242     -19.9033       7.0897     -13.9300
                -22.2681     -20.6220     -12.1620     -30.3411     -29.0730
   3      0     -45.8641     -40.5440     -50.2653     -11.2972     -15.8083
                -18.3018     -10.1861     -18.8558      -5.6623      -4.6172
                -25.6262     -18.7966       3.1014     -16.3431     -24.3416
                -27.1146     -34.1457     -23.6628     -57.2940      -2.2343
                 -1.8161       0.1924      13.7473      -2.0402     -40.0880
                -44.0436     -49.9763     -47.3060     -55.0202     -52.5254
                -63.1868     -43.7380     -58.5910     -65.2505     -46.6992
                -53.5699     -60.7471     -63.0796     -22.7415      -7.2177
                -10.5931     -18.6583     -19.9261       7.0800     -13.9073
                -22.2608     -20.6342     -12.1602     -30.3484     -29.0766
   4      0     -45.9320     -40.6112     -50.3355     -11.2922     -15.8036
                -18.3214     -10.1794     -18.8734      -5.6900      -4.6136
                -25.6770     -18.8192       3.0973     -16.3680     -24.3506
                -27.1533     -34.1919     -23.7297     -57.3217      -2.2476
                 -1.8120       0.1956      13.7567      -2.0642     -40.1373
                -44.1025     -50.0140     -47.3354     -55.0826     -52.5439
                -63.2628     -43.8051     -58.6169     -65.2947     -46.7345
                -53.6050     -60.8010     -63.1423     -22.7830      -7.1998
                -10.6017     -18.6620     -19.9440       7.0533     -13.9806
                -22.2869     -20.6585     -12.1908     -30.4007     -29.1298
   5      0     -45.9718     -40.6630     -50.3635     -11.3439     -15.8639
                -18.3478     -10.2500     -18.9255      -5.7171      -4.6590
                -25.7054     -18.8833       3.0399     -16.4131     -24.4046
                -27.2091     -34.2475     -23.7558     -57.3675      -2.3013
                 -1.8677       0.1477      13.7092      -2.1231     -40.1837
                -44.1137     -50.0642     -47.3858     -55.1260     -52.6022
                -63.2689     -43.8185     -58.6909     -65.3349     -46.7740
                -53.6616     -60.8483     -63.1934     -22.8264      -7.2585
                -10.6582     -18.7169     -19.9873       7.0062     -14.0031
                -22.3151     -20.6782     -12.2418     -30.4266     -29.1488
   5     60     -46.4752     -41.1635     -50.8662     -11.8422     -16.3582
                -18.8410     -10.7438     -19.4192      -6.2126      -5.1538
                -26.2110     -19.3819       2.5479     -16.9043     -24.9053
                -27.7128     -34.7507     -24.2593     -57.8656      -2.7973
                 -2.3608      -0.3433      13.2240      -2.6190     -40.6833
                -44.6176     -50.5675     -47.8896     -55.6278     -53.1045
                -63.7676     -44.3233     -59.1901     -65.8332     -47.2752
                -54.1641     -61.3475     -63.6886     -23.3206      -7.7500
                -11.1539     -19.2104     -20.4798       6.5181     -14.4937
                -22.8079     -21.1705     -12.7365     -30.9184     -29.6408
   5     80     -50.1004     -44.7692     -54.4970     -15.4265     -19.9296
                -22.4080     -14.3056     -22.9878      -9.7800      -8.7123
                -29.8254     -22.9653      -0.9966     -20.4571     -28.4990
                -31.3238     -38.3622     -27.8642     -61.4809      -6.3600
                 -5.9125      -3.8825       9.7203      -6.1869     -44.2896
                -48.2449     -54.1943     -51.5161     -59.2548     -56.7316
                -67.3928     -47.9539     -62.8110     -69.4558     -50.8911
                -57.7978     -64.9673     -67.2941     -26.8862     -11.2978
                -14.7257     -22.7793     -24.0477       2.9916     -18.0366
                -26.3702     -24.7279     -16.3032     -34.4798     -33.2076
   5    100     -58.8486     -53.4686     -63.2635     -24.0141     -28.5214
                -30.9989     -22.8613     -31.5804     -18.3349     -17.2525
                -38.4918     -31.5599      -9.5157     -29.0103     -37.1243
                -40.0029     -47.0432     -36.5217     -70.2505     -14.9286
                -14.4464     -12.3983       1.2657     -14.7487     -53.0173
                -56.9879     -62.9457     -60.2527     -68.0351     -65.4967
                -76.2132     -56.6978     -71.5963     -78.2726     -59.6349
                -66.5825     -73.7628     -76.0767     -35.4991     -19.8383
                -23.3026     -31.3714     -32.6557      -5.5139     -26.6245
                -34.9922     -33.3337     -24.9223     -43.1191     -41.8693
 
 
 cumulative average & 95% error for solvation free energy
              total             1st component         2nd component         3rd component
  1   -73.9128             -138.3440              110.2972              -45.8641
  2   -73.7306     0.3645  -139.7358     2.7836   109.2112     2.1720   -43.2040     5.3201
  3   -74.5644     1.6809  -140.9823     2.9661   111.9777     5.6731   -45.5578     5.6210
  4   -72.8174     3.6906  -142.2408     3.2763   106.4180    11.8208   -36.9926    17.5854
  5   -71.1601     4.3771  -142.4537     2.5733   104.0513    10.3074   -32.7558    16.0422
  6   -70.4875     3.8187  -143.8104     3.4318   103.6717     8.4502   -30.3468    13.9564
  7   -69.4415     3.8461  -143.7308     2.9047   101.7579     8.1027   -27.4667    13.1266
  8   -68.8241     3.5523  -143.6135     2.5265   101.1817     7.1112   -26.3903    11.5700
  9   -68.2821     3.3151  -143.7111     2.2367    99.5182     7.0993   -24.0872    11.1953
 10   -68.0314     3.0072  -144.2700     2.2916    98.3807     6.7450   -22.1402    10.7439
 11   -69.0047     3.3448  -144.8108     2.3381    98.2653     6.1055   -22.4571     9.7389
 12   -69.0226     3.0536  -144.7040     2.1451    97.8355     5.6394   -22.1521     8.9112
 13   -68.5485     2.9646  -144.3571     2.0916    96.0201     6.3319   -20.2095     9.0712
 14   -67.9969     2.9581  -144.7797     2.1128    96.7181     6.0261   -19.9333     8.4165
 15   -67.8247     2.7753  -144.3154     2.1751    96.7199     5.6100   -20.2272     7.8573
 16   -68.5327     2.9572  -144.1980     2.0481    96.3249     5.3068   -20.6577     7.4001
 17   -68.9707     2.9126  -144.1688     1.9247    96.6512     5.0274   -21.4511     7.1300
 18   -69.2435     2.7997  -144.1046     1.8192    96.4370     4.7592   -21.5740     6.7267
 19   -69.7840     2.8604  -144.3873     1.8113    98.0593     5.5491   -23.4540     7.3908
 20   -69.8006     2.7138  -144.1300     1.7937    96.7244     5.9027   -22.3930     7.3256
 21   -69.0588     2.9773  -143.6467     1.9610    96.0030     5.7970   -21.4131     7.2383
 22   -68.9543     2.8464  -143.6542     1.8698    95.1330     5.7946   -20.4311     7.1755
 23   -69.0521     2.7269  -143.7351     1.7939    93.6300     6.3003   -18.9450     7.4729
 24   -68.9329     2.6216  -143.8178     1.7255    93.1275     6.1152   -18.2407     7.2921
 25   -69.4489     2.7181  -143.8416     1.6557    93.5092     5.9150   -19.1146     7.2094
 26   -69.7723     2.6903  -143.8767     1.5923    94.1798     5.8390   -20.0734     7.1871
 27   -69.9910     2.6255  -144.0605     1.5757    95.2524     6.0142   -21.1809     7.2619
 28   -70.1562     2.5515  -144.0914     1.5196    96.0511     6.0115   -22.1139     7.2423
 29   -70.3928     2.5070  -144.1410     1.4696    96.9988     6.1024   -23.2486     7.3473
 30   -70.5630     2.4457  -144.1374     1.4198    97.8009     6.1098   -24.2245     7.3616
 31   -70.7921     2.4095  -144.2425     1.3892    98.9337     6.3289   -25.4814     7.5509
 32   -70.8193     2.3336  -144.0611     1.3932    99.2957     6.1705   -26.0519     7.3996
 33   -71.0341     2.3023  -144.1456     1.3608   100.1514     6.2207   -27.0379     7.4381
 34   -71.1399     2.2435  -144.2048     1.3255   101.2287     6.4080   -28.1618     7.5580
 35   -71.3064     2.2038  -144.2853     1.2971   101.6723     6.2851   -28.6915     7.4149
 36   -71.5368     2.1907  -144.4098     1.2849   102.2575     6.2192   -29.3825     7.3374
 37   -71.7185     2.1614  -144.4557     1.2530   102.9694     6.2141   -30.2302     7.3349
 38   -71.9389     2.1495  -144.5102     1.2245   103.6680     6.2076   -31.0947     7.3457
 39   -71.9916     2.0963  -144.5963     1.2050   103.4872     6.0571   -30.8805     7.1676
 40   -71.9044     2.0506  -144.7655     1.2223   103.1520     5.9417   -30.2889     7.0856
 41   -71.7273     2.0311  -144.7636     1.1921   102.8468     5.8270   -29.8085     6.9771
 42   -71.4844     2.0408  -144.7535     1.1635   102.8142     5.6870   -29.5431     6.8296
 43   -71.1023     2.1343  -144.5234     1.2258   102.7425     5.5550   -29.3194     6.6839
 44   -71.1465     2.0871  -144.6323     1.2173   101.9799     5.6375   -28.4921     6.7366
 45   -71.2814     2.0579  -144.6058     1.1911   101.4944     5.5957   -28.1680     6.6170
 46   -71.4974     2.0585  -144.6977     1.1794   101.2419     5.4959   -28.0396     6.4766
 47   -71.7086     2.0581  -144.8163     1.1781   100.9918     5.4009   -27.8821     6.3452
 48   -71.8989     2.0504  -144.8075     1.1535   100.4651     5.3911   -27.5545     6.2460
 49   -72.1145     2.0539  -144.8731     1.1373   100.3721     5.2832   -27.6115     6.1183
 50   -72.3305     2.0583  -144.9155     1.1175   100.2278     5.1845   -27.6408     5.9950
 
 Mesh error is    0.458 kcal/mol
