 ERmod 0.3.7, Copyright (C) 2000-2019 Nobuyuki Matubayasi
                            2010-2019 Shun Sakuraba
 ERmod comes with ABSOLUTELY NO WARRANTY.
 This is free software, and you can redistribute it
 and/or modify it under certain conditions.
 See LICENSE file for details.
 ERmod 0.3.7, Copyright (C) 2000-2019 Nobuyuki Matubayasi
                            2010-2019 Shun Sakuraba
 ERmod comes with ABSOLUTELY NO WARRANTY.
 This is free software, and you can redistribute it
 and/or modify it under certain conditions.
 See LICENSE file for details.
 
  Number of the   1-th solvent  =          109
  Number of the   2-th solvent  =          109
  Number of the   3-th solvent  =        10000
 
  Be sure that the solvent distribution is homogeneous (radial distribution function is essentially unity) when the solvent molecule is separated beyond distance of   10.0 Angstrom in any direction from any atom within the solute molecule
 
  LJ long-range correction    =        -0.0341     -0.0065     -1.3221
 
  Self-energy of the solute   =         0.0012  kcal/mol
 
 
 cumulative average & 95% error for solvation energy
              total             1st component         2nd component         3rd component
  1   -81.8752               -5.1786                3.6275              -80.3254
  2   -82.0216     0.2928    -5.0369     0.2833     3.0193     1.2165   -80.0052     0.6404
  3   -82.0686     0.1934    -4.8996     0.3197     3.0319     0.7028   -80.2021     0.5402
  4   -82.0691     0.1368    -4.7566     0.3645     2.8659     0.5975   -80.1797     0.3846
  5   -82.0817     0.1089    -4.7716     0.2839     2.9154     0.4733   -80.2268     0.3124
  6   -82.1056     0.1009    -4.8642     0.2968     2.9108     0.3866   -80.1535     0.2943
  7   -82.1153     0.0875    -4.7403     0.3525     2.6947     0.5419   -80.0709     0.2986
  8   -82.1468     0.0985    -4.6761     0.3312     2.3713     0.7990   -79.8432     0.5236
  9   -82.1820     0.1118    -4.6004     0.3290     2.1025     0.8863   -79.6854     0.5594
 10   -82.1617     0.1079    -4.5805     0.2970     2.2085     0.8205   -79.7910     0.5431
 
 
 group  inft  solvation free energy     error          difference
  total solvation free energy
   1      0        -15.55561           0.19560           0.11252
   1     60        -15.59804           0.19550           0.07010
   1     80        -15.99847           0.19525          -0.33034
   1    100        -17.63796           0.19675          -1.96983
   2      0        -15.62583           0.19030           0.04230
   3      0        -15.66813           0.18928           0.00000
   4      0        -15.66288           0.19012           0.00525
   5      0        -15.68677           0.18814          -0.01863
   5     60        -15.74139           0.18801          -0.07326
   5     80        -16.25447           0.18788          -0.58634
   5    100        -17.76479           0.18945          -2.09666
 
  contribution from  1-th solvent component
   1      0         -3.60656           0.15296          -0.06314
   1     60         -3.60709           0.15295          -0.06367
   1     80         -3.61026           0.15287          -0.06683
   1    100         -3.62608           0.15276          -0.08266
   2      0         -3.56208           0.15489          -0.01865
   3      0         -3.54342           0.15717           0.00000
   4      0         -3.53303           0.15726           0.01039
   5      0         -3.52447           0.15854           0.01895
   5     60         -3.52493           0.15853           0.01849
   5     80         -3.53000           0.15846           0.01343
   5    100         -3.54450           0.15834          -0.00108
 
  contribution from  2-th solvent component
   1      0          2.63848           0.42119           0.12547
   1     60          2.63875           0.42119           0.12574
   1     80          2.64457           0.42125           0.13156
   1    100          2.65816           0.42159           0.14515
   2      0          2.55522           0.43133           0.04221
   3      0          2.51301           0.43470           0.00000
   4      0          2.49070           0.44054          -0.02231
   5      0          2.47129           0.44013          -0.04172
   5     60          2.47162           0.44014          -0.04139
   5     80          2.47767           0.44026          -0.03534
   5    100          2.49094           0.44079          -0.02207
 
  contribution from  3-th solvent component
   1      0        -14.58877           0.47032           0.05019
   1     60        -14.63093           0.47016           0.00802
   1     80        -15.03403           0.46958          -0.39507
   1    100        -16.67127           0.47051          -2.03232
   2      0        -14.62021           0.47103           0.01875
   3      0        -14.63895           0.46988           0.00000
   4      0        -14.62179           0.47365           0.01716
   5      0        -14.63482           0.47254           0.00413
   5     60        -14.68931           0.47234          -0.05035
   5     80        -15.20338           0.47179          -0.56443
   5    100        -16.71246           0.47291          -2.07351
 
 
 group  inft   Estimated free energy: total (kcal/mol)
   1      0     -15.5180     -15.7840     -15.6565     -15.6506     -15.7761
                -15.8486     -15.6459     -14.8027     -15.2781     -15.5956
   1     60     -15.5602     -15.8264     -15.6984     -15.6929     -15.8184
                -15.8911     -15.6887     -14.8455     -15.3209     -15.6379
   1     80     -15.9593     -16.2278     -16.0978     -16.0928     -16.2177
                -16.2912     -16.0914     -15.2468     -15.7229     -16.0370
   1    100     -17.5986     -17.8706     -17.7372     -17.7324     -17.8548
                -17.9337     -17.7342     -16.8792     -17.3629     -17.6760
   2      0     -15.5751     -15.8541     -15.6898     -15.6914     -15.9048
                -15.9006     -15.7097     -14.8957     -15.3858     -15.6514
   3      0     -15.6164     -15.8982     -15.7119     -15.7118     -15.9841
                -15.9345     -15.7452     -14.9481     -15.4422     -15.6888
   4      0     -15.5991     -15.8780     -15.6988     -15.7354     -15.9980
                -15.9222     -15.7453     -14.9376     -15.4529     -15.6614
   5      0     -15.6269     -15.8912     -15.7331     -15.7483     -16.0389
                -15.9276     -15.7659     -14.9749     -15.4634     -15.6975
   5     60     -15.6813     -15.9457     -15.7874     -15.8028     -16.0935
                -15.9821     -15.8207     -15.0299     -15.5187     -15.7518
   5     80     -16.1926     -16.4597     -16.2993     -16.3155     -16.6058
                -16.4958     -16.3360     -15.5435     -16.0337     -16.2629
   5    100     -17.7017     -17.9730     -17.8093     -17.8256     -18.1150
                -18.0094     -17.8513     -17.0466     -17.5439     -17.7721
 
 group  inft   Estimated free energy: 1-th solvent contribution (kcal/mol)
   1      0      -3.9064      -3.8304      -3.5911      -3.4415      -3.7905
                 -3.9464      -3.3507      -3.4081      -3.3013      -3.4991
   1     60      -3.9070      -3.8309      -3.5917      -3.4421      -3.7909
                 -3.9469      -3.3512      -3.4086      -3.3018      -3.4997
   1     80      -3.9099      -3.8343      -3.5949      -3.4452      -3.7938
                 -3.9498      -3.3548      -3.4117      -3.3050      -3.5031
   1    100      -3.9255      -3.8504      -3.6113      -3.4607      -3.8088
                 -3.9653      -3.3708      -3.4275      -3.3209      -3.5196
   2      0      -3.8771      -3.7966      -3.5421      -3.3894      -3.7518
                 -3.8860      -3.2846      -3.3748      -3.2588      -3.4595
   3      0      -3.8602      -3.7830      -3.5156      -3.3723      -3.7331
                 -3.8756      -3.2498      -3.3546      -3.2423      -3.4477
   4      0      -3.8555      -3.7741      -3.5016      -3.3640      -3.7323
                 -3.8558      -3.2428      -3.3502      -3.2316      -3.4223
   5      0      -3.8527      -3.7689      -3.4988      -3.3459      -3.7210
                 -3.8451      -3.2288      -3.3387      -3.2212      -3.4236
   5     60      -3.8532      -3.7693      -3.4993      -3.3464      -3.7214
                 -3.8456      -3.2293      -3.3392      -3.2217      -3.4241
   5     80      -3.8580      -3.7745      -3.5045      -3.3515      -3.7261
                 -3.8506      -3.2345      -3.3442      -3.2268      -3.4293
   5    100      -3.8722      -3.7892      -3.5193      -3.3658      -3.7400
                 -3.8648      -3.2494      -3.3588      -3.2415      -3.4442
 
 group  inft   Estimated free energy: 2-th solvent contribution (kcal/mol)
   1      0       3.4712       2.7196       3.1091       2.7113       3.0543
                  2.8789       2.0897       1.7100       1.4635       3.1772
   1     60       3.4715       2.7198       3.1095       2.7116       3.0545
                  2.8792       2.0899       1.7103       1.4638       3.1775
   1     80       3.4776       2.7255       3.1153       2.7177       3.0607
                  2.8845       2.0951       1.7165       1.4694       3.1834
   1    100       3.4927       2.7381       3.1296       2.7319       3.0756
                  2.8964       2.1066       1.7320       1.4814       3.1974
   2      0       3.4169       2.6461       3.0555       2.6515       2.9177
                  2.8029       1.9949       1.6081       1.3462       3.1123
   3      0       3.3784       2.6060       3.0252       2.6274       2.8408
                  2.7753       1.9416       1.5595       1.2949       3.0811
   4      0       3.3751       2.6048       3.0092       2.5873       2.8032
                  2.7577       1.9175       1.5307       1.2507       3.0708
   5      0       3.3559       2.6027       2.9859       2.5696       2.7661
                  2.7412       1.8883       1.5076       1.2404       3.0552
   5     60       3.3562       2.6030       2.9863       2.5699       2.7664
                  2.7415       1.8886       1.5079       1.2407       3.0555
   5     80       3.3629       2.6087       2.9925       2.5764       2.7727
                  2.7467       1.8937       1.5145       1.2465       3.0621
   5    100       3.3781       2.6213       3.0071       2.5907       2.7863
                  2.7581       1.9034       1.5295       1.2581       3.0768
 
 group  inft   Estimated free energy: 3-th solvent contribution (kcal/mol)
   1      0     -15.0840     -14.6744     -15.1757     -14.9216     -15.0410
                -14.7825     -14.3860     -13.1059     -13.4415     -15.2750
   1     60     -15.1260     -14.7165     -15.2174     -14.9636     -15.0832
                -14.8246     -14.4286     -13.1484     -13.4841     -15.3169
   1     80     -15.5283     -15.1202     -15.6193     -15.3666     -15.4859
                -15.2272     -14.8330     -13.5528     -13.8886     -15.7185
   1    100     -17.1670     -16.7595     -17.2568     -17.0047     -17.1228
                -16.8660     -16.4712     -15.1849     -15.5246     -17.3550
   2      0     -15.1162     -14.7049     -15.2044     -14.9548     -15.0719
                -14.8188     -14.4212     -13.1302     -13.4744     -15.3054
   3      0     -15.1359     -14.7224     -15.2227     -14.9682     -15.0931
                -14.8355     -14.4382     -13.1542     -13.4959     -15.3234
   4      0     -15.1200     -14.7099     -15.2076     -14.9600     -15.0701
                -14.8253     -14.4213     -13.1194     -13.4733     -15.3112
   5      0     -15.1313     -14.7262     -15.2214     -14.9732     -15.0852
                -14.8250     -14.4266     -13.1450     -13.4839     -15.3304
   5     60     -15.1855     -14.7806     -15.2756     -15.0276     -15.1397
                -14.8793     -14.4813     -13.1999     -13.5390     -15.3845
   5     80     -15.6987     -15.2952     -15.7886     -15.5416     -15.6536
                -15.3931     -14.9964     -13.7149     -14.0547     -15.8970
   5    100     -17.2089     -16.8063     -17.2983     -17.0518     -17.1625
                -16.9040     -16.5065     -15.2186     -15.5618     -17.4060
 
 
 cumulative average & 95% error for solvation free energy
              total             1st component         2nd component         3rd component
  1   -15.6164               -3.8602                3.3784              -15.1359
  2   -15.7573     0.2818    -3.8216     0.0772     2.9922     0.7725   -14.9292     0.4135
  3   -15.7422     0.1655    -3.7196     0.2088     3.0032     0.4465   -15.0270     0.3087
  4   -15.7346     0.1180    -3.6328     0.2280     2.9092     0.3674   -15.0123     0.2202
  5   -15.7845     0.1353    -3.6528     0.1811     2.8956     0.2859   -15.0285     0.1736
  6   -15.8095     0.1213    -3.6900     0.1654     2.8755     0.2369   -14.9963     0.1557
  7   -15.8003     0.1041    -3.6271     0.1881     2.7421     0.3336   -14.9166     0.2067
  8   -15.6938     0.2314    -3.5930     0.1765     2.5943     0.4134   -14.6963     0.4756
  9   -15.6658     0.2116    -3.5541     0.1741     2.4499     0.4651   -14.5629     0.4971
 10   -15.6681     0.1893    -3.5434     0.1572     2.5130     0.4347   -14.6390     0.4699
 
 Warning: mesh error is    0.113 kcal/mol and is larger than the threshold value of    0.100 kcal/mol
