 ERmod 0.3.7, Copyright (C) 2000-2019 Nobuyuki Matubayasi
                            2010-2019 Shun Sakuraba
 ERmod comes with ABSOLUTELY NO WARRANTY.
 This is free software, and you can redistribute it
 and/or modify it under certain conditions.
 See LICENSE file for details.
 ERmod 0.3.7, Copyright (C) 2000-2019 Nobuyuki Matubayasi
                            2010-2019 Shun Sakuraba
 ERmod comes with ABSOLUTELY NO WARRANTY.
 This is free software, and you can redistribute it
 and/or modify it under certain conditions.
 See LICENSE file for details.
 
  Number of the   1-th solvent  =          109
  Number of the   2-th solvent  =          109
  Number of the   3-th solvent  =        10000
 
  Be sure that the solvent distribution is homogeneous (radial distribution function is essentially unity) when the solvent molecule is separated beyond distance of   10.0 Angstrom in any direction from any atom within the solute molecule
 
  LJ long-range correction    =        -0.4064     -0.0372     -7.6145
 
  Self-energy of the solute   =        -0.0166  kcal/mol
 
 
 cumulative average & 95% error for solvation energy
              total             1st component         2nd component         3rd component
  1  -483.2495              -40.8764               14.9659             -457.3225
  2  -486.9358     7.3725   -43.3015     4.8503    -8.9735    47.8789  -434.6441    45.3567
  3  -487.3920     4.3532   -42.3733     3.3598   -14.5276    29.7913  -430.4745    27.4825
  4  -486.6208     3.4429   -42.0150     2.4814    -8.5451    24.2265  -436.0442    22.3994
  5  -486.0860     2.8734   -42.0835     1.9270    -4.9558    20.0919  -439.0301    18.3494
  6  -486.1730     2.3526   -42.5554     1.8347    -4.6063    16.4199  -438.9948    14.9824
  7  -486.1164     1.9915   -41.8553     2.0892    -4.5634    13.8776  -439.6811    12.7366
  8  -486.0079     1.7383   -41.3568     2.0658    -4.2642    12.0332  -440.3703    11.1160
  9  -485.8623     1.5604   -40.7508     2.1882    -3.4279    10.7433  -441.6671    10.1407
 10  -485.6552     1.4559   -40.4557     2.0442    -2.3051     9.8680  -442.8777     9.3877
 
 
 group  inft  solvation free energy     error          difference
  total solvation free energy
   1      0       -101.95887           1.80081          -0.00973
   1     60       -102.24445           1.80056          -0.29531
   1     80       -104.52618           1.79824          -2.57704
   1    100       -112.56202           1.80833         -10.61288
   2      0       -101.81737           1.83007           0.13177
   3      0       -101.94914           1.86627           0.00000
   4      0       -101.83648           1.85759           0.11266
   5      0       -101.93076           1.85451           0.01838
   5     60       -102.29222           1.85376          -0.34308
   5     80       -105.10460           1.85174          -3.15546
   5    100       -112.54802           1.86180         -10.59888
 
  contribution from  1-th solvent component
   1      0        -29.29850           0.87200          -0.16764
   1     60        -29.29490           0.87197          -0.16403
   1     80        -29.33472           0.87200          -0.20386
   1    100        -29.44776           0.87201          -0.31690
   2      0        -29.16999           0.87547          -0.03913
   3      0        -29.13086           0.87254           0.00000
   4      0        -29.16181           0.87504          -0.03095
   5      0        -29.16205           0.88150          -0.03119
   5     60        -29.16500           0.88149          -0.03414
   5     80        -29.20754           0.88158          -0.07668
   5    100        -29.30535           0.88159          -0.17449
 
  contribution from  2-th solvent component
   1      0          6.91031           5.02181           0.20920
   1     60          6.90612           5.02185           0.20500
   1     80          6.95215           5.02270           0.25104
   1    100          7.11270           5.02512           0.41158
   2      0          6.92336           5.00319           0.22225
   3      0          6.70112           4.98752           0.00000
   4      0          6.77994           4.98906           0.07883
   5      0          6.74282           4.99010           0.04171
   5     60          6.74760           4.99015           0.04648
   5     80          6.76993           4.99062           0.06882
   5    100          6.86763           4.99198           0.16651
 
  contribution from  3-th solvent component
   1      0        -79.55410           7.14460          -0.05129
   1     60        -79.83908           7.14441          -0.33627
   1     80        -82.12703           7.14276          -2.62422
   1    100        -90.21037           7.15563         -10.70756
   2      0        -79.55416           7.13445          -0.05135
   3      0        -79.50281           7.14019           0.00000
   4      0        -79.43803           7.12749           0.06478
   5      0        -79.49494           7.13254           0.00787
   5     60        -79.85823           7.13186          -0.35542
   5     80        -82.65041           7.12998          -3.14760
   5    100        -90.09372           7.14146         -10.59090
 
 
 group  inft   Estimated free energy: total (kcal/mol)
   1      0    -103.0463     -96.1578     -97.6331    -103.3277    -103.7535
               -100.8877    -103.6113    -102.8715    -104.0735    -104.2262
   1     60    -103.3302     -96.4440     -97.9198    -103.6140    -104.0380
               -101.1718    -103.8969    -103.1605    -104.3584    -104.5108
   1     80    -105.6080     -98.7320    -100.2061    -105.8932    -106.3134
               -103.4594    -106.1803    -105.4436    -106.6440    -106.7818
   1    100    -113.6652    -106.7346    -108.2141    -113.9479    -114.3454
               -111.4912    -114.2260    -113.4853    -114.6959    -114.8145
   2      0    -102.8158     -96.0941     -97.2692    -103.1726    -103.5898
               -100.7347    -103.4713    -102.6265    -104.0893    -104.3104
   3      0    -103.0042     -96.1717     -97.2302    -103.2880    -103.7377
               -100.8671    -103.6680    -102.7695    -104.2713    -104.4837
   4      0    -102.8653     -96.1283     -97.0996    -103.1488    -103.6182
               -100.7662    -103.5479    -102.6395    -104.1215    -104.4293
   5      0    -103.0070     -96.2624     -97.1607    -103.2211    -103.7108
               -100.8894    -103.6616    -102.6619    -104.2507    -104.4822
   5     60    -103.3682     -96.6255     -97.5247    -103.5809    -104.0707
               -101.2502    -104.0234    -103.0257    -104.6115    -104.8414
   5     80    -106.1740     -99.4455    -100.3384    -106.3926    -106.8775
               -104.0689    -106.8367    -105.8395    -107.4273    -107.6455
   5    100    -113.6346    -106.8550    -107.7573    -113.8514    -114.3136
               -111.5070    -114.2931    -113.2853    -114.8937    -115.0894
 
 group  inft   Estimated free energy: 1-th solvent contribution (kcal/mol)
   1      0     -29.2494     -31.8030     -28.8622     -29.3109     -30.3460
                -31.0944     -28.1504     -28.1426     -27.5879     -28.4383
   1     60     -29.2459     -31.7998     -28.8592     -29.3080     -30.3420
                -31.0900     -28.1469     -28.1386     -27.5845     -28.4340
   1     80     -29.2844     -31.8397     -28.8985     -29.3473     -30.3819
                -31.1307     -28.1871     -28.1786     -27.6245     -28.4745
   1    100     -29.3945     -31.9535     -29.0114     -29.4609     -30.4954
                -31.2434     -28.3009     -28.2911     -27.7376     -28.5889
   2      0     -29.1321     -31.7247     -28.5891     -29.1788     -30.2185
                -30.9583     -28.0527     -28.0362     -27.4882     -28.3213
   3      0     -29.1023     -31.6781     -28.4635     -29.1339     -30.1823
                -30.9165     -28.0473     -28.0377     -27.4432     -28.3038
   4      0     -29.1526     -31.7140     -28.4788     -29.1543     -30.2183
                -30.9509     -28.0727     -28.0434     -27.4734     -28.3597
   5      0     -29.1334     -31.7381     -28.4640     -29.1627     -30.2069
                -30.9840     -28.0732     -28.0537     -27.4781     -28.3264
   5     60     -29.1362     -31.7412     -28.4671     -29.1658     -30.2098
                -30.9868     -28.0761     -28.0565     -27.4812     -28.3293
   5     80     -29.1777     -31.7842     -28.5092     -29.2082     -30.2523
                -31.0298     -28.1188     -28.0991     -27.5236     -28.3727
   5    100     -29.2736     -31.8826     -28.6071     -29.3068     -30.3502
                -31.1271     -28.2169     -28.1962     -27.6216     -28.4713
 
 group  inft   Estimated free energy: 2-th solvent contribution (kcal/mol)
   1      0      15.9448      -8.4386      -4.8960      12.8949      12.9288
                  5.8168       5.9744       6.8794       9.7207      12.2780
   1     60      15.9420      -8.4432      -4.8992      12.8898      12.9251
                  5.8123       5.9701       6.8742       9.7171      12.2730
   1     80      15.9891      -8.3990      -4.8553      12.9354      12.9733
                  5.8568       6.0137       6.9216       9.7639      12.3220
   1    100      16.1503      -8.2403      -4.7044      13.0967      13.1449
                  6.0112       6.1686       7.0854       9.9226      12.4918
   2      0      16.0107      -8.4051      -4.8189      12.9161      12.9534
                  5.8434       6.0479       7.0293       9.5881      12.0688
   3      0      15.7635      -8.6020      -4.9536      12.7227      12.7018
                  5.5957       5.7838       6.8446       9.3229      11.8318
   4      0      15.8646      -8.5439      -4.8530      12.8093      12.8012
                  5.6868       5.8752       6.8955       9.3959      11.8678
   5      0      15.7998      -8.6067      -4.8789      12.7881      12.7587
                  5.6376       5.8256       6.9206       9.3431      11.8403
   5     60      15.8049      -8.6018      -4.8743      12.7928      12.7638
                  5.6421       5.8303       6.9255       9.3479      11.8449
   5     80      15.8291      -8.5800      -4.8533      12.8150      12.7879
                  5.6639       5.8517       6.9478       9.3701      11.8672
   5    100      15.9304      -8.4831      -4.7602      12.9119      12.8939
                  5.7572       5.9469       7.0473       9.4643      11.9674
 
 group  inft   Estimated free energy: 3-th solvent contribution (kcal/mol)
   1      0     -89.7251     -55.8997     -63.8583     -86.8951     -86.3196
                -75.5935     -81.4188     -81.5918     -86.1897     -88.0494
   1     60     -90.0098     -56.1844     -64.1447     -87.1792     -86.6044
                -75.8775     -81.7036     -81.8795     -86.4745     -88.3332
   1     80     -92.2961     -58.4767     -66.4357     -89.4647     -88.8882
                -78.1690     -83.9903     -84.1701     -88.7668     -90.6128
   1    100    -100.4043     -66.5243     -74.4818     -97.5671     -96.9783
                -86.2425     -92.0771     -92.2630     -96.8644     -98.7008
   2      0     -89.6777     -55.9477     -63.8446     -86.8934     -86.3080
                -75.6032     -81.4499     -81.6030     -86.1727     -88.0413
   3      0     -89.6489     -55.8750     -63.7965     -86.8601     -86.2407
                -75.5298     -81.3879     -81.5598     -86.1344     -87.9951
   4      0     -89.5607     -55.8539     -63.7513     -86.7873     -86.1846
                -75.4855     -81.3338     -81.4750     -86.0275     -87.9208
   5      0     -89.6568     -55.9010     -63.8013     -86.8298     -86.2460
                -75.5264     -81.3974     -81.5122     -86.0991     -87.9794
   5     60     -90.0203     -56.2659     -64.1667     -87.1913     -86.6081
                -75.8890     -81.7610     -81.8781     -86.4616     -88.3404
   5     80     -92.8089     -59.0647     -66.9594     -89.9828     -89.3965
                -78.6864     -84.5530     -84.6717     -89.2574     -91.1235
   5    100    -100.2748     -66.4727     -74.3734     -97.4399     -96.8408
                -86.1206     -92.0065     -92.1198     -96.7199     -98.5689
 
 
 cumulative average & 95% error for solvation free energy
              total             1st component         2nd component         3rd component
  1  -103.0042              -29.1023               15.7635              -89.6489
  2   -99.5879     6.8324   -30.3902     2.5759     3.5808    24.3656   -72.7619    33.7739
  3   -98.8020     4.2463   -29.7480     1.9651     0.7360    15.1745   -69.7734    20.3948
  4   -99.9235     3.7479   -29.5945     1.4230     3.7326    12.2904   -74.0451    16.7620
  5  -100.6863     3.2796   -29.7120     1.1271     5.5265    10.1737   -76.4842    13.8699
  6  -100.7165     2.6784   -29.9128     1.0040     5.5380     8.3068   -76.3251    11.3292
  7  -101.1381     2.4157   -29.6463     1.0021     5.5731     7.0209   -77.0484     9.6836
  8  -101.3420     2.1314   -29.4452     0.9565     5.7321     6.0886   -77.6123     8.4617
  9  -101.6675     1.9893   -29.2228     0.9536     6.1310     5.4286   -78.5592     7.6991
 10  -101.9491     1.8663   -29.1309     0.8725     6.7011     4.9875   -79.5028     7.1402
 
 Warning: mesh error is    0.132 kcal/mol and is larger than the threshold value of    0.100 kcal/mol
