 ERmod 0.3.8, Copyright (C) 2000-2019 Nobuyuki Matubayasi
                            2010-2019 Shun Sakuraba
 ERmod comes with ABSOLUTELY NO WARRANTY.
 This is free software, and you can redistribute it
 and/or modify it under certain conditions.
 See LICENSE file for details.
 ERmod 0.3.8, Copyright (C) 2000-2019 Nobuyuki Matubayasi
                            2010-2019 Shun Sakuraba
 ERmod comes with ABSOLUTELY NO WARRANTY.
 This is free software, and you can redistribute it
 and/or modify it under certain conditions.
 See LICENSE file for details.
 
  Number of the   1-th solvent  =          792
  Number of the   2-th solvent  =          792
  Number of the   3-th solvent  =        10000
 
  Be sure that the solvent distribution is homogeneous (radial distribution function is essentially unity) when the solvent molecule is separated beyond distance of   10.0 Angstrom in any direction from any atom within the solute molecule
 
  LJ long-range correction    =        -1.3175     -0.2494     -7.0203
 
  Self-energy of the solute   =        -0.0002  kcal/mol
 
 
 cumulative average & 95% error for solvation energy
              total             1st component         2nd component         3rd component
  1  -543.1906             -182.0380              -30.7176             -330.4348
  2  -542.2769     1.8273  -181.2652     1.5456   -35.3762     9.3171  -325.6354     9.5988
  3  -539.6321     5.3938  -182.4048     2.4478   -21.8353    27.6107  -335.3917    20.2845
  4  -538.3152     4.6350  -180.1281     4.8712   -18.3723    20.7159  -339.8145    16.8515
  5  -537.2360     4.1892  -179.0670     4.3292   -12.5467    19.8303  -345.6221    17.4727
  6  -535.8122     4.4506  -180.4007     4.4284    -0.8859    28.3910  -354.5253    22.8167
  7  -535.6304     3.7789  -180.3234     3.7459    -0.3971    24.0147  -354.9098    19.2989
  8  -535.5045     3.2823  -181.0410     3.5473     0.8286    20.9413  -355.2919    16.7308
  9  -536.2226     3.2315  -180.9783     3.1309    -4.5959    21.4193  -350.6482    17.4349
 10  -535.7784     3.0237  -181.6065     3.0693    -2.4970    19.6125  -351.6747    15.7288
 11  -537.2228     3.9781  -180.8441     3.1674   -15.3949    31.3070  -340.9836    25.6829
 12  -538.0146     3.9618  -180.1725     3.1882   -22.8106    32.1985  -335.0313    26.2944
 13  -538.8259     3.9892  -179.1267     3.6022   -29.4701    32.4753  -330.2288    26.0247
 14  -539.0428     3.7186  -178.7775     3.4073   -32.1300    30.5333  -328.1352    24.4553
 15  -539.0139     3.4624  -179.2119     3.2889   -31.9707    28.4267  -327.8311    22.7748
 16  -539.5278     3.3979  -179.1587     3.0783   -36.5097    28.0976  -323.8592    22.7366
 17  -540.0063     3.3322  -179.3583     2.9190   -40.6806    27.6800  -319.9673    22.7316
 18  -540.2462     3.1780  -179.7629     2.8686   -42.8894    26.4682  -317.5937    21.9510
 19  -540.1416     3.0134  -180.1555     2.8247   -42.3784    25.0573  -317.6074    20.7636
 20  -540.2053     2.8616  -178.7304     3.9122   -44.9604    24.3258  -316.5143    19.8191
 21  -540.6392     2.8569  -177.3694     4.6105   -49.7362    25.0324  -313.5334    19.7719
 22  -540.8144     2.7464  -177.4895     4.4025   -50.7239    23.9491  -312.6008    18.9438
 23  -541.2839     2.7872  -176.8130     4.4189   -54.5333    24.1191  -309.9373    18.8690
 24  -541.7779     2.8456  -176.7882     4.2311   -58.1306    24.1871  -306.8589    19.0860
 25  -542.0187     2.7716  -176.8930     4.0637   -60.0172    23.5043  -305.1084    18.6384
 26  -542.0441     2.6633  -176.8815     3.9044   -60.0724    22.5824  -305.0899    17.9073
 27  -541.5486     2.7477  -177.0486     3.7718   -56.0249    23.1889  -308.4750    18.5136
 28  -541.3986     2.6647  -177.3758     3.6931   -54.2610    22.6221  -309.7616    18.0247
 29  -541.3887     2.5712  -177.1388     3.5948   -54.0823    21.8310  -310.1674    17.4110
 30  -541.3070     2.4894  -177.4844     3.5410   -52.7828    21.2503  -311.0396    16.9109
 31  -541.2973     2.4078  -177.4249     3.4270   -52.6936    20.5542  -311.1785    16.3586
 32  -541.3013     2.3314  -177.5199     3.3236   -52.1592    19.9302  -311.6220    15.8640
 33  -541.1399     2.2826  -177.8023     3.2704   -50.5163    19.5943  -312.8211    15.5617
 34  -541.2082     2.2186  -177.8836     3.1769   -50.4137    19.0103  -312.9106    15.0981
 35  -541.0900     2.1672  -177.8771     3.0849   -49.6966    18.5148  -313.5160    14.7103
 36  -540.8607     2.1555  -178.1971     3.0655   -48.2433    18.2264  -314.4202    14.4097
 37  -540.8574     2.0964  -178.3469     2.9965   -48.5058    17.7348  -314.0045    14.0395
 38  -540.9631     2.0515  -178.4937     2.9313   -49.5345    17.3839  -312.9347    13.8315
 39  -541.0207     2.0015  -178.2923     2.8835   -50.4256    17.0259  -312.3026    13.5314
 40  -540.9780     1.9527  -178.2299     2.8132   -50.1666    16.6028  -312.5813    13.2006
 41  -541.1165     1.9245  -177.4299     3.1762   -51.3963    16.3785  -312.2901    12.8877
 42  -540.9838     1.8968  -177.5083     3.1036   -50.1479    16.1776  -313.3274    12.7471
 43  -540.9240     1.8560  -177.6542     3.0446   -49.2571    15.8971  -314.0125    12.5223
 44  -540.8570     1.8183  -177.8334     2.9961   -48.5447    15.5968  -314.4788    12.2699
 45  -540.7643     1.7870  -177.9582     2.9394   -47.5399    15.3781  -315.2659    12.0970
 46  -540.8255     1.7520  -177.8965     2.8774   -47.8208    15.0506  -315.1079    11.8353
 47  -540.7796     1.7168  -177.9223     2.8160   -47.3778    14.7535  -315.4793    11.6046
 48  -540.9134     1.7018  -178.1445     2.7923   -47.8049    14.4681  -314.9638    11.4069
 49  -541.0305     1.6831  -177.4615     3.0569   -49.0611    14.3908  -314.5076    11.2089
 50  -540.9056     1.6679  -176.9657     3.1550   -48.3684    14.1679  -315.5714    11.1866
 
 
 group  inft  solvation free energy     error          difference
  total solvation free energy
   1      0       -100.43052           1.68078          -0.41534
   1     60       -100.89142           1.68082          -0.87624
   1     80       -104.61161           1.68145          -4.59643
   1    100       -115.68961           1.68519         -15.67442
   2      0       -100.17858           1.71828          -0.16340
   3      0       -100.01518           1.71663           0.00000
   4      0       -100.12333           1.73293          -0.10815
   5      0        -99.49754           1.74366           0.51764
   5     60       -100.11731           1.74369          -0.10213
   5     80       -104.68424           1.74454          -4.66906
   5    100       -114.84735           1.74797         -14.83217
 
  contribution from  1-th solvent component
   1      0       -136.74387           2.72806          -0.28891
   1     60       -136.78310           2.72805          -0.32815
   1     80       -137.11785           2.72849          -0.66289
   1    100       -138.07171           2.73083          -1.61676
   2      0       -136.64037           2.77392          -0.18541
   3      0       -136.45496           2.78151           0.00000
   4      0       -136.64016           2.79739          -0.18520
   5      0       -135.84604           2.80043           0.60892
   5     60       -135.89935           2.80043           0.55561
   5     80       -136.30478           2.80107           0.15017
   5    100       -137.18047           2.80349          -0.72551
 
  contribution from  2-th solvent component
   1      0         38.98776           6.95222          -0.14795
   1     60         39.00476           6.95229          -0.13095
   1     80         39.16585           6.95249           0.03014
   1    100         39.33693           6.95426           0.20122
   2      0         39.14047           6.93175           0.00476
   3      0         39.13571           6.92558           0.00000
   4      0         39.22991           6.92495           0.09420
   5      0         39.10144           6.92505          -0.03427
   5     60         39.13095           6.92513          -0.00475
   5     80         39.26799           6.92531           0.13228
   5    100         39.38916           6.92637           0.25345
 
  contribution from  3-th solvent component
   1      0         -2.67421           5.54000           0.02152
   1     60         -3.11288           5.54174          -0.41715
   1     80         -6.65941           5.55359          -3.96367
   1    100        -16.95462           5.58175         -14.25889
   2      0         -2.67848           5.53967           0.01725
   3      0         -2.69574           5.54037           0.00000
   4      0         -2.71288           5.54254          -0.01714
   5      0         -2.75274           5.54208          -0.05701
   5     60         -3.34872           5.54437          -0.65298
   5     80         -7.64725           5.55824          -4.95152
   5    100        -17.05584           5.58362         -14.36011
 
 
 group  inft   Estimated free energy: total (kcal/mol)
   1      0    -101.4399     -99.1113     -96.6763    -103.6374     -89.6783
                -98.4052     -96.7963     -98.7149    -101.8542    -102.3300
               -115.0121    -104.5043    -106.6014     -95.5069    -102.8839
               -103.3131    -103.5485    -105.3067     -99.6036     -91.4077
                -88.3559     -98.3169     -93.6011    -114.4052    -102.9844
               -107.1025    -100.2968    -107.0334    -103.4500    -108.3298
               -102.3784    -104.1584    -101.1840     -97.6157     -94.4925
               -100.6241     -96.1410     -95.3951     -91.7911     -92.1480
                -92.0811     -98.5004    -105.6363    -106.1988    -102.0140
                -95.4534    -105.0622    -108.4341     -91.1255    -100.8842
   1     60    -101.9080     -99.5768     -97.1419    -104.1069     -90.1469
                -98.8723     -97.2629     -99.1831    -102.3181    -102.7967
               -115.4600    -104.9546    -107.0547     -95.9625    -103.3427
               -103.7680    -103.9993    -105.7585    -100.0611     -91.8607
                -88.8049     -98.7743     -94.0530    -114.8536    -103.4380
               -107.5667    -100.7680    -107.4998    -103.9144    -108.7970
               -102.8413    -104.6231    -101.6500     -98.0779     -94.9541
               -101.0840     -96.5961     -95.8419     -92.2431     -92.6090
                -92.5424     -98.9678    -106.1057    -106.6649    -102.4804
                -95.9191    -105.5305    -108.8965     -91.5858    -101.3518
   1     80    -105.6643    -103.3203    -100.8879    -107.8869     -93.9327
               -102.6402    -101.0160    -102.9564    -106.0554    -106.5774
               -119.0898    -108.6031    -110.7247     -99.6408    -107.0571
               -107.4499    -107.6535    -109.4179    -103.7595     -95.5353
                -92.4313    -102.4754     -97.7088    -118.4977    -107.0927
               -111.3087    -104.5642    -111.2566    -107.6563    -112.5612
               -106.5712    -108.3649    -105.4120    -101.7995     -98.6809
               -104.8102    -100.2836     -99.4598     -95.8925     -96.3286
                -96.2572    -102.7341    -109.8922    -110.4169    -106.2379
                -99.6638    -109.3011    -112.6202     -95.3042    -105.1276
   1    100    -116.8082    -114.4290    -112.0211    -119.1276    -105.1634
               -113.8356    -112.1335    -114.1496    -117.1396    -117.8361
               -129.9846    -119.5486    -121.7203    -110.6200    -118.1474
               -118.4604    -118.6014    -120.3675    -114.7980    -106.5065
               -103.2816    -113.5201    -108.6476    -129.4303    -118.0038
               -122.4349    -115.8425    -122.4112    -118.7685    -123.7299
               -117.6564    -119.4791    -116.5887    -112.8594    -109.7738
               -115.9448    -111.3038    -110.3056    -106.7933    -107.4121
               -107.2798    -113.9122    -121.1284    -121.5510    -117.3914
               -110.7607    -120.4794    -123.6934    -106.3544    -116.3437
   2      0    -101.0337     -98.8581     -96.7631    -103.5681     -89.1325
                -98.6248     -96.6959     -98.5225    -101.6400    -101.9847
               -114.6558    -104.3862    -106.4503     -95.3065    -102.5516
               -102.6272    -103.2349    -105.2385     -99.2922     -90.9300
                -87.5036     -97.9050     -92.4872    -114.0975    -102.9898
               -107.0437    -100.3014    -107.1636    -103.5079    -108.1766
               -102.2822    -104.2198    -101.2624     -97.2098     -94.4092
               -100.2577     -95.4746     -94.7196     -91.3128     -91.4383
                -91.8469     -98.7432    -105.6206    -106.2329    -101.8181
                -94.9009    -105.0085    -108.2646     -90.7376    -100.4968
   3      0    -100.8418     -98.6194     -96.6967    -103.3335     -88.8976
                -98.6707     -96.6893     -98.4477    -101.6121    -101.8038
               -114.3865    -104.3506    -106.2976     -95.1159    -102.4930
               -102.4073    -103.0642    -105.0489     -99.1062     -90.8881
                -87.1611     -97.6776     -92.2206    -113.9136    -102.9266
               -106.8957    -100.3541    -106.9334    -103.3270    -107.7280
               -101.9864    -103.9846    -101.1033     -96.8853     -94.4638
               -100.1322     -95.4078     -94.5787     -91.1854     -91.1939
                -91.6132     -98.6164    -105.4861    -105.9448    -101.6488
                -94.6121    -104.9366    -108.2456     -90.6456    -100.1797
   4      0    -101.1072     -98.7285     -96.7876    -103.5948     -88.9627
                -98.6672     -96.8468     -98.6049    -101.5935    -101.8801
               -114.5732    -104.3365    -106.4814     -95.1728    -102.6029
               -102.5350    -103.1215    -105.3282     -99.2587     -90.8240
                -87.1677     -97.7202     -92.0259    -114.1956    -102.9744
               -107.1213    -100.4816    -107.2719    -103.5624    -107.9163
               -102.1161    -104.2557    -101.2798     -97.1756     -94.5585
               -100.2330     -95.2176     -94.6345     -91.2306     -91.2893
                -91.6774     -98.6744    -105.5604    -106.2569    -101.6157
                -94.8136    -104.8509    -108.2804     -90.6317    -100.3695
   5      0    -100.4059     -98.0716     -95.9421    -102.9111     -88.1913
                -98.0449     -96.1819     -97.9049    -100.8092    -101.3501
               -113.9386    -103.9493    -105.8968     -94.6491    -101.9951
               -101.9599    -102.6358    -104.7051     -98.5668     -90.1818
                -86.5744     -97.1045     -91.3909    -113.6401    -102.5455
               -106.5297     -99.8975    -106.7065    -102.9423    -107.2868
               -101.4631    -103.6241    -100.6903     -96.4224     -93.8296
                -99.7448     -94.6761     -94.0329     -90.3546     -90.6602
                -91.0497     -98.0117    -105.1066    -105.6677    -101.0296
                -94.0960    -104.3912    -107.5851     -89.9023     -99.6295
   5     60    -101.0342     -98.6973     -96.5675    -103.5409     -88.8222
                -98.6736     -96.8100     -98.5352    -101.4333    -101.9780
               -114.5401    -104.5539    -106.5056     -95.2616    -102.6124
               -102.5715    -103.2423    -105.3124     -99.1818     -90.7916
                -87.1787     -97.7188     -91.9991    -114.2436    -103.1544
               -107.1520    -100.5305    -107.3340    -103.5668    -107.9146
               -102.0862    -104.2485    -101.3175     -97.0436     -94.4504
               -100.3632     -95.2883     -94.6350     -90.9624     -91.2805
                -91.6713     -98.6397    -105.7372    -106.2946    -101.6576
                -94.7222    -105.0212    -108.2067     -90.5224    -100.2588
   5     80    -105.6418    -103.2861    -101.1670    -108.1815     -93.4627
               -103.3005    -101.4183    -103.1622    -106.0109    -106.6237
               -119.0003    -109.0375    -111.0183     -99.7846    -107.1785
               -107.0928    -107.7349    -109.8090    -103.7322     -95.3029
                -91.6451    -102.2657     -96.4942    -118.7190    -107.6399
               -111.7380    -105.1958    -111.9436    -108.1554    -112.5279
               -106.6601    -108.8364    -105.9301    -101.6080     -99.0266
               -104.9504     -99.8183     -99.0880     -95.4501     -95.8509
                -96.2249    -103.2596    -110.3746    -110.8989    -106.2720
                -99.3127    -109.6416    -112.7706     -95.0772    -104.8906
   5    100    -115.8594    -113.4742    -111.3856    -118.4881    -103.7686
               -113.5769    -111.6322    -113.4307    -116.1720    -116.9569
               -128.9886    -119.0785    -121.1075    -109.8592    -117.3546
               -117.1884    -117.7832    -119.8561    -113.8666    -105.3713
               -101.6075    -112.3923    -106.5266    -128.7458    -117.6474
               -121.9323    -115.5537    -122.1777    -118.3432    -122.7651
               -116.8267    -119.0290    -116.1850    -111.7516    -109.2083
               -115.1758    -109.9219    -109.0444    -105.4605    -106.0255
               -106.3338    -113.5167    -120.6759    -121.1150    -116.5079
               -109.4881    -119.8925    -122.9266    -105.2080    -115.1841
 
 group  inft   Estimated free energy: 1-th solvent contribution (kcal/mol)
   1      0    -138.4971    -138.5426    -139.4410    -135.7901    -127.8192
               -150.3516    -141.9311    -142.6124    -139.8702    -144.7478
               -140.0322    -135.4677    -131.4346    -134.5426    -146.1426
               -136.1382    -141.5636    -145.2349    -144.5610    -119.4067
               -109.0514    -134.8831    -117.3180    -139.6428    -138.3007
               -137.5837    -142.7364    -150.2494    -135.6756    -148.5532
               -137.6627    -141.9523    -144.9231    -134.0664    -136.3150
               -146.4180    -135.7286    -139.8956    -126.8752    -128.1476
               -114.5177    -139.7942    -141.5961    -145.8996    -142.5366
               -128.8834    -142.1213    -146.1805    -110.2562    -125.3015
   1     60    -138.5368    -138.5822    -139.4812    -135.8305    -127.8588
               -150.3907    -141.9703    -142.6518    -139.9097    -144.7870
               -140.0706    -135.5062    -131.4737    -134.5819    -146.1819
               -136.1769    -141.6020    -145.2734    -144.5999    -119.4453
               -109.0900    -134.9223    -117.3574    -139.6816    -138.3398
               -137.6231    -142.7762    -150.2881    -135.7149    -148.5923
               -137.7016    -141.9918    -144.9623    -134.1058    -136.3543
               -146.4573    -135.7680    -139.9344    -126.9138    -128.1872
               -114.5575    -139.8335    -141.6358    -145.9389    -142.5761
               -128.9234    -142.1610    -146.2198    -110.2958    -125.3406
   1     80    -138.8758    -138.9197    -139.8212    -136.1734    -128.1946
               -150.7297    -142.3072    -142.9889    -140.2475    -145.1215
               -140.3997    -135.8347    -131.8052    -134.9164    -146.5198
               -136.5065    -141.9305    -145.6033    -144.9322    -119.7730
               -109.4146    -135.2550    -117.6887    -140.0139    -138.6733
               -137.9586    -143.1163    -150.6225    -136.0524    -148.9294
               -138.0341    -142.3298    -145.2997    -134.4406    -136.6891
               -146.7926    -136.1032    -140.2662    -127.2428    -128.5230
               -114.8937    -140.1686    -141.9746    -146.2760    -142.9147
               -129.2605    -142.4998    -146.5547    -110.6291    -125.6740
   1    100    -139.8347    -139.8807    -140.7824    -137.1442    -129.1410
               -151.7021    -143.2656    -143.9472    -141.2083    -146.0757
               -141.3486    -136.7779    -132.7516    -135.8733    -147.4940
               -137.4519    -142.8743    -146.5527    -145.8846    -120.7065
               -110.3324    -136.2047    -118.6283    -140.9717    -139.6259
               -138.9143    -144.0835    -151.5822    -137.0108    -149.8930
               -138.9810    -143.2937    -146.2617    -135.3887    -137.6425
               -147.7559    -137.0613    -141.2207    -128.1831    -129.4739
               -115.8406    -141.1203    -142.9348    -147.2387    -143.8789
               -130.2091    -143.4652    -147.5110    -111.5643    -126.6164
   2      0    -138.4539    -138.3969    -139.4209    -135.8201    -127.2167
               -150.4129    -141.9721    -142.5624    -139.7924    -144.7661
               -139.9957    -135.4889    -131.4667    -134.5063    -146.1015
               -135.9468    -141.5830    -145.3186    -144.6282    -119.0969
               -108.4810    -134.6095    -116.5433    -139.6239    -138.2995
               -137.5746    -142.8228    -150.4792    -135.7105    -148.6214
               -137.6321    -142.0059    -144.9319    -133.9054    -136.1898
               -146.3151    -135.4047    -139.6946    -126.4909    -127.6774
               -114.2329    -139.8329    -141.5972    -145.9673    -142.4673
               -128.5437    -142.1813    -146.2473    -109.9495    -125.0386
   3      0    -138.1702    -138.0790    -139.2892    -135.6107    -126.9218
               -150.2883    -141.8020    -142.3814    -139.6557    -144.6244
               -139.8517    -135.3224    -131.3623    -134.3455    -146.0047
               -135.7357    -141.4311    -145.1523    -144.4282    -118.8832
               -108.2128    -134.4288    -116.2238    -139.4641    -138.1757
               -137.4320    -142.6334    -150.2727    -135.4859    -148.3778
               -137.4001    -141.8362    -144.7788    -133.6824    -135.9896
               -146.1485    -135.2833    -139.5908    -126.2074    -127.4850
               -113.9455    -139.6680    -141.4696    -145.7671    -142.3166
               -128.3245    -142.0102    -146.1689    -109.8079    -124.8206
   4      0    -138.4874    -138.3051    -139.2983    -135.8765    -126.8868
               -150.4870    -142.0228    -142.5600    -139.7339    -144.7582
               -140.1715    -135.4767    -131.6043    -134.5420    -146.1839
               -135.9641    -141.7717    -145.4199    -144.7785    -119.1576
               -108.3269    -134.5508    -116.1673    -139.7307    -138.3619
               -137.6107    -142.9335    -150.6647    -135.8997    -148.6984
               -137.6732    -142.0865    -144.9295    -133.8197    -136.2387
               -146.3238    -135.1975    -139.6946    -126.3303    -127.4748
               -114.0439    -139.8776    -141.6896    -146.0720    -142.4244
               -128.4585    -142.1916    -146.3029    -109.7556    -124.9922
   5      0    -137.5593    -137.4724    -138.3844    -135.0626    -126.0187
               -149.6692    -141.2780    -141.6675    -138.7846    -144.0553
               -139.3804    -134.8717    -130.8455    -133.8113    -145.3968
               -135.1734    -141.0104    -144.6070    -143.9228    -118.2395
               -107.5355    -133.7618    -115.4077    -138.9991    -137.6978
               -136.8363    -142.1081    -149.8097    -135.0573    -147.9181
               -136.7835    -141.3026    -144.1858    -133.0206    -135.3517
               -145.5793    -134.5548    -138.9455    -125.4265    -126.7387
               -113.2438    -139.0850    -140.9337    -145.3970    -141.6927
               -127.6510    -141.5187    -145.4890    -108.9394    -124.1203
   5     60    -137.6132    -137.5263    -138.4390    -135.1172    -126.0728
               -149.7228    -141.3318    -141.7214    -138.8385    -144.1088
               -139.4320    -134.9240    -130.8982    -133.8644    -145.4499
               -135.2256    -141.0624    -144.6590    -143.9754    -118.2918
               -107.5878    -133.8146    -115.4608    -139.0515    -137.7508
               -136.8897    -142.1623    -149.8626    -135.1108    -147.9712
               -136.8367    -141.3565    -144.2393    -133.0742    -135.4050
               -145.6324    -134.6080    -138.9982    -125.4787    -126.7927
               -113.2977    -139.1388    -140.9876    -145.4507    -141.7468
               -127.7053    -141.5729    -145.5424    -108.9931    -124.1737
   5     80    -138.0212    -137.9345    -138.8508    -135.5306    -126.4803
               -150.1337    -141.7418    -142.1309    -139.2470    -144.5175
               -139.8290    -135.3229    -131.2998    -134.2694    -145.8588
               -135.6246    -141.4615    -145.0585    -144.3806    -118.6905
               -107.9822    -134.2172    -115.8616    -139.4537    -138.1541
               -137.2955    -142.5758    -150.2689    -135.5184    -148.3771
               -137.2404    -141.7661    -144.6472    -133.4791    -135.8095
               -146.0396    -135.0124    -139.4006    -125.8768    -127.2003
               -113.7021    -139.5465    -141.3963    -145.8597    -142.1579
               -128.1124    -141.9841    -145.9482    -109.3942    -124.5772
   5    100    -138.8969    -138.8153    -139.7335    -136.4174    -127.3517
               -151.0281    -142.6278    -143.0141    -140.1281    -145.4012
               -140.6956    -136.1898    -132.1676    -135.1464    -146.7520
               -136.4909    -142.3304    -145.9291    -145.2607    -119.5517
               -108.8262    -135.0866    -116.7214    -140.3310    -139.0268
               -138.1710    -143.4687    -151.1542    -136.3971    -149.2570
               -138.1123    -142.6520    -145.5294    -134.3484    -136.6822
               -146.9248    -135.8863    -140.2770    -126.7388    -128.0748
               -114.5658    -140.4249    -142.2753    -146.7461    -143.0461
               -128.9806    -142.8727    -146.8270    -110.2473    -125.4434
 
 group  inft   Estimated free energy: 2-th solvent contribution (kcal/mol)
   1      0      46.8122      44.3230      68.0600      56.0933      67.2800
                 96.9623      67.6305      67.0990      39.2986      67.3893
                -10.5301      10.3386       7.3467      30.8851      48.4916
                  8.1880      12.6393      23.7353      45.6675      16.7656
                 -7.5389      26.9880      -5.4620      -7.6172      15.2475
                 31.1278      87.6567      59.2562      39.8679      53.0834
                 38.3768      46.5105      64.3881      39.9786      51.3324
                 61.3062      32.1539      25.9248      22.0410      41.2129
                 17.5107      63.9409      52.6595      51.7239      59.9283
                 32.5152      48.2241      29.5417      11.1406      51.8930
   1     60      46.8301      44.3407      68.0788      56.1091      67.2962
                 96.9810      67.6489      67.1161      39.3154      67.4042
                -10.5141      10.3555       7.3635      30.9023      48.5087
                  8.2031      12.6553      23.7525      45.6844      16.7811
                 -7.5212      27.0042      -5.4458      -7.6018      15.2658
                 31.1437      87.6739      59.2736      39.8846      53.1005
                 38.3943      46.5285      64.4056      39.9969      51.3484
                 61.3226      32.1701      25.9441      22.0591      41.2306
                 17.5273      63.9580      52.6749      51.7414      59.9453
                 32.5331      48.2403      29.5592      11.1581      51.9099
   1     80      46.9976      44.5039      68.2602      56.2602      67.4448
                 97.1637      67.8258      67.2751      39.4721      67.5389
                -10.3568      10.5205       7.5282      31.0733      48.6755
                  8.3459      12.8064      23.9164      45.8492      16.9317
                 -7.3455      27.1579      -5.2907      -7.4525      15.4408
                 31.2927      87.8411      59.4344      40.0461      53.2556
                 38.5528      46.6952      64.5651      40.1674      51.5025
                 61.4797      32.3242      26.1360      22.2444      41.3976
                 17.6860      64.1160      52.8159      51.9056      60.1049
                 32.6951      48.3907      29.7161      11.3186      52.0659
   1    100      47.1817      44.6849      68.5030      56.4047      67.5859
                 97.4156      68.0524      67.4463      39.6337      67.6344
                -10.2063      10.6886       7.6953      31.2673      48.8572
                  8.4531      12.9405      24.0909      46.0216      17.0775
                 -7.1449      27.2999      -5.1417      -7.3180      15.6584
                 31.4366      88.0406      59.6041      40.2326      53.4071
                 38.7181      46.8869      64.7353      40.3647      51.6621
                 61.6332      32.4664      26.3932      22.4846      41.5758
                 17.8716      64.2807      52.9301      52.0829      60.2741
                 32.8636      48.5369      29.8726      11.4925      52.2186
   2      0      47.1855      44.4347      67.9826      56.2044      67.2375
                 96.7882      67.7718      67.2395      39.4393      67.7828
                -10.1993      10.4709       7.5315      31.0398      48.7864
                  8.6936      12.9715      23.8909      46.0434      16.9230
                 -7.2299      27.1374      -5.1119      -7.3075      15.2662
                 31.1968      87.7377      59.3528      39.8368      53.3045
                 38.4456      46.5007      64.3194      40.2294      51.2847
                 61.5903      32.4967      26.4093      22.1324      41.4458
                 17.4446      63.7457      52.6751      51.7500      60.0629
                 32.7306      48.3287      29.7903      11.2063      52.0341
   3      0      47.1127      44.3734      67.9235      56.2425      67.1811
                 96.6286      67.6270      67.1728      39.3519      67.8310
                -10.0680      10.3683       7.6018      31.0946      48.7627
                  8.6842      13.0037      23.9277      46.0478      16.7661
                 -7.1384      27.2042      -5.1671      -7.2929      15.2152
                 31.2176      87.5240      59.3941      39.8168      53.5275
                 38.5257      46.5688      64.3489      40.3696      51.0578
                 61.5675      32.4576      26.4644      22.0071      41.5175
                 17.4073      63.7368      52.7077      51.8475      60.1078
                 32.8440      48.2344      29.7532      11.1896      52.1375
   4      0      47.1915      44.5137      67.8912      56.2763      67.1261
                 96.8503      67.7062      67.1937      39.4685      67.9432
                 -9.9144      10.5266       7.6631      31.2430      48.8473
                  8.8037      13.3072      23.9017      46.2576      17.1017
                 -7.0336      27.2759      -5.0271      -7.2899      15.3798
                 31.1857      87.7025      59.4721      39.9837      53.6818
                 38.6819      46.5680      64.3608      40.2203      51.2392
                 61.6594      32.5521      26.5249      22.0938      41.4318
                 17.4589      63.8911      52.8839      51.8820      60.2795
                 32.8013      48.5152      29.8763      11.1549      52.1911
   5      0      47.0011      44.3647      67.8374      56.1917      67.0582
                 96.6889      67.6520      67.0376      39.3454      67.7846
                -10.0400      10.3529       7.5254      31.0952      48.6924
                  8.6218      13.0863      23.7756      46.1298      16.8529
                 -7.1728      27.1501      -5.1237      -7.4265      15.1696
                 31.0425      87.5358      59.2185      39.8197      53.5746
                 38.4884      46.4783      64.2637      40.2314      51.1176
                 61.4296      32.4926      26.4137      22.1083      41.3732
                 17.3486      63.7960      52.6171      51.8397      60.1675
                 32.7305      48.3417      29.8008      11.1159      52.0753
   5     60      47.0324      44.3953      67.8695      56.2198      67.0867
                 96.7206      67.6830      67.0675      39.3752      67.8106
                -10.0115      10.3831       7.5552      31.1251      48.7217
                  8.6487      13.1140      23.8053      46.1591      16.8806
                 -7.1426      27.1785      -5.0963      -7.3990      15.2013
                 31.0713      87.5656      59.2485      39.8491      53.6039
                 38.5183      46.5093      64.2938      40.2631      51.1456
                 61.4577      32.5206      26.4459      22.1398      41.4038
                 17.3768      63.8263      52.6450      51.8698      60.1963
                 32.7612      48.3704      29.8310      11.1458      52.1048
   5     80      47.1759      44.5375      68.0299      56.3440      67.2120
                 96.8794      67.8359      67.2049      39.5115      67.9180
                 -9.8792      10.5256       7.6941      31.2703      48.8608
                  8.7653      13.2387      23.9465      46.2963      17.0087
                 -6.9955      27.3066      -4.9691      -7.2730      15.3581
                 31.2004      87.7055      59.3847      39.9868      53.7344
                 38.6556      46.6555      64.4304      40.4135      51.2740
                 61.5847      32.6480      26.6147      22.3011      41.5458
                 17.5121      63.9634      52.7625      52.0074      60.3278
                 32.9014      48.4981      29.9674      11.2857      52.2356
   5    100      47.3067      44.6685      68.2098      56.4391      67.3062
                 97.0672      68.0001      67.3266      39.6278      67.9736
                 -9.7726      10.6480       7.8105      31.4113      48.9895
                  8.8330      13.3270      24.0718      46.4171      17.1109
                 -6.8493      27.4052      -4.8660      -7.1791      15.5242
                 31.3037      87.8470      59.5025      40.1218      53.8381
                 38.7740      46.7961      64.5470      40.5590      51.3800
                 61.6844      32.7453      26.8137      22.4782      41.6710
                 17.6468      64.0812      52.8357      52.1317      60.4436
                 33.0217      48.5991      30.0775      11.4111      52.3406
 
 group  inft   Estimated free energy: 3-th solvent contribution (kcal/mol)
   1      0      -9.7548      -4.8914     -25.2951     -23.9404     -29.1389
                -45.0157     -22.4955     -23.2013      -1.2823     -24.9713
                 35.5505      20.6250      17.4868       8.1508      -5.2326
                 24.6373      25.3761      16.1931      -0.7099      11.2337
                 28.2346       9.5784      29.1792      32.8550      20.0689
                 -0.6464     -45.2168     -16.0400      -7.6421     -12.8599
                 -3.0923      -8.7164     -20.6487      -3.5276      -9.5097
                -15.5120       7.4339      18.5760      13.0433      -5.2132
                  4.9262     -22.6469     -16.6995     -12.0229     -19.4055
                  0.9151     -11.1648       8.2050       7.9903     -27.4755
   1     60     -10.2011      -5.3351     -25.7394     -24.3853     -29.5842
                -45.4624     -22.9412     -23.6472      -1.7236     -25.4137
                 35.1248      20.1964      17.0556       7.7173      -5.6693
                 24.2060      24.9476      15.7626      -1.1455      10.8037
                 27.8065       9.1441      28.7504      32.4300      19.6361
                 -1.0871     -45.6655     -16.4851      -8.0839     -13.3050
                 -3.5338      -9.1595     -21.0931      -3.9688      -9.9480
                -15.9491       7.0021      18.1486      12.6117      -5.6522
                  4.4879     -23.0921     -17.1447     -12.4673     -19.8494
                  0.4714     -11.6097       7.7642       7.5520     -27.9210
   1     80     -13.7859      -8.9043     -29.3267     -27.9735     -33.1827
                -49.0741     -26.5343     -27.2425      -5.2798     -28.9946
                 31.6668      16.7113      13.5526       4.2026      -9.2125
                 20.7109      21.4708      12.2692      -4.6763       7.3062
                 24.3290       5.6218      25.2707      28.9689      16.1399
                 -4.6426     -49.2888     -20.0684     -11.6498     -16.8873
                 -7.0897     -12.7301     -24.6771      -7.5261     -13.4940
                -19.4971       3.4956      14.6706       9.1060      -9.2030
                  0.9507     -26.6813     -20.7333     -16.0463     -23.4279
                 -3.0981     -15.1918       4.2186       4.0065     -31.5193
   1    100     -24.1551     -19.2330     -39.7415     -38.3878     -43.6081
                -59.5488     -36.9201     -37.6485     -15.5648     -39.3946
                 21.5705       6.5408       3.3362      -6.0138     -19.5103
                 10.5386      11.3326       2.0945     -14.9348      -2.8773
                 14.1959      -4.6150      15.1226      18.8597       5.9638
                -14.9569     -59.7994     -30.4329     -21.9901     -27.2439
                -17.3932     -23.0721     -35.0621     -17.8353     -23.7932
                -29.8219      -6.7087       4.5220      -1.0946     -19.5138
                 -9.3107     -37.0723     -31.1235     -26.3950     -33.7863
                -13.4150     -25.5509      -6.0549      -6.2825     -41.9457
   2      0      -9.7651      -4.8957     -25.3247     -23.9523     -29.1531
                -44.9999     -22.4955     -23.1993      -1.2867     -25.0013
                 35.5394      20.6321      17.4851       8.1602      -5.2363
                 24.6262      25.3769      16.1895      -0.7073      11.2441
                 28.2075       9.5673      29.1682      32.8342      20.0437
                 -0.6657     -45.2161     -16.0370      -7.6340     -12.8595
                 -3.0954      -8.7144     -20.6497      -3.5336      -9.5039
                -15.5327       7.4336      18.5659      13.0459      -5.2065
                  4.9417     -22.6558     -16.6983     -12.0154     -19.4134
                  0.9123     -11.1557       8.1925       8.0057     -27.4921
   3      0      -9.7841      -4.9136     -25.3307     -23.9651     -29.1566
                -45.0108     -22.5141     -23.2389      -1.3082     -25.0102
                 35.5334      20.6037      17.4631       8.1352      -5.2509
                 24.6443      25.3634      16.1759      -0.7256      11.2291
                 28.1903       9.5473      29.1705      32.8436      20.0341
                 -0.6810     -45.2446     -16.0546      -7.6577     -12.8775
                 -3.1119      -8.7170     -20.6732      -3.5722      -9.5318
                -15.5510       7.4181      18.5479      13.0151      -5.2263
                  4.9251     -22.6850     -16.7241     -12.0250     -19.4399
                  0.8686     -11.1606       8.1704       7.9728     -27.4964
   4      0      -9.8111      -4.9369     -25.3803     -23.9944     -29.2019
                -45.0303     -22.5300     -23.2384      -1.3279     -25.0649
                 35.5129      20.6138      17.4600       8.1264      -5.2662
                 24.6256      25.3432      16.1902      -0.7376      11.2321
                 28.1930       9.5548      29.1687      32.8253      20.0079
                 -0.6961     -45.2504     -16.0791      -7.6462     -12.8994
                 -3.1246      -8.7369     -20.7109      -3.5760      -9.5588
                -15.5683       7.4280      18.5354      13.0061      -5.2461
                  4.9079     -22.6877     -16.7545     -12.0667     -19.4705
                  0.8437     -11.1743       8.1465       7.9692     -27.5682
   5      0      -9.8476      -4.9637     -25.3949     -24.0400     -29.2306
                -45.0644     -22.5556     -23.2749      -1.3698     -25.0792
                 35.4820      20.5698      17.4236       8.0672      -5.2905
                 24.5919      25.2885      16.1264      -0.7737      11.2049
                 28.1340       9.5074      29.1406      32.7857      19.9828
                 -0.7358     -45.3250     -16.1151      -7.7045     -12.9430
                 -3.1677      -8.7995     -20.7680      -3.6330      -9.5953
                -15.5949       7.3864      18.4991      12.9638      -5.2945
                  4.8456     -22.7225     -16.7898     -12.1102     -19.5042
                  0.8247     -11.2141       8.1033       7.9214     -27.5843
   5     60     -10.4532      -5.5660     -25.9978     -24.6434     -29.8358
                -45.6712     -23.1609     -23.8811      -1.9698     -25.6796
                 34.9036      19.9872      16.8377       7.4778      -5.8841
                 24.0056      24.7063      15.5414      -1.3653      10.6198
                 27.5520       8.9174      28.5582      32.2071      19.3953
                 -1.3335     -45.9336     -16.7197      -8.3048     -13.5471
                 -3.7676      -9.4011     -21.3718      -4.2323     -10.1908
                -16.1883       6.7993      17.9174      12.3767      -5.8914
                  4.2498     -23.3270     -17.3944     -12.7136     -20.1070
                  0.2220     -11.8185       7.5049       7.3251     -28.1898
   5     80     -14.7963      -9.8889     -30.3459     -28.9947     -34.1943
                -50.0459     -27.5122     -28.2360      -6.2752     -30.0240
                 30.7081      15.7600      12.5876       3.2147     -10.1802
                 19.7668      20.4881      11.3033      -5.6478       6.3792
                 23.3328       4.6450      24.3367      28.0079      15.1563
                 -5.6427     -50.3253     -21.0592     -12.6236     -17.8850
                 -8.0751     -13.7256     -25.7131      -8.5423     -14.4909
                -20.4953       2.5463      13.6982       8.1258     -10.1963
                 -0.0347     -27.6763     -21.7406     -17.0464     -24.4416
                 -4.1015     -16.1555       3.2104       3.0315     -32.5488
   5    100     -24.2689     -19.3272     -39.8618     -38.5096     -43.7229
                -59.6158     -37.0043     -37.7430     -15.6715     -39.5291
                 21.4798       6.4634       3.2497      -6.1239     -19.5919
                 10.4697      11.2204       2.0014     -15.0228      -2.9303
                 14.0682      -4.7107      15.0609      18.7645       5.8554
                -15.0648     -59.9319     -30.5258     -22.0677     -27.3460
                -17.4882     -23.1730     -35.2024     -17.9619     -23.9059
                -29.9351      -6.7807       4.4191      -1.1997     -19.6216
                 -9.4145     -37.1727     -31.2361     -26.5004     -33.9052
                -13.5290     -25.6187      -6.1768      -6.3716     -42.0812
 
 
 cumulative average & 95% error for solvation free energy
              total             1st component         2nd component         3rd component
  1  -100.8418             -138.1702               47.1127               -9.7841
  2   -99.7306     2.2223  -138.1246     0.0912    45.7430     2.7393    -7.3489     4.8704
  3   -98.7193     2.3952  -138.5128     0.7782    53.1365    14.8713   -13.3428    12.3133
  4   -99.8729     2.8621  -137.7873     1.5519    53.9130    10.6297   -15.9984    10.1989
  5   -97.6778     4.9181  -135.6142     4.5094    56.5666     9.7959   -18.6300     9.4928
  6   -97.8433     4.0292  -138.0599     6.1222    63.2436    15.5661   -23.0268    11.7219
  7   -97.6784     3.4213  -138.5945     5.2835    63.8698    13.2152   -22.9536     9.9079
  8   -97.7746     2.9691  -139.0678     4.6726    64.2827    11.4745   -22.9892     8.5808
  9   -98.2010     2.7539  -139.1332     4.1229    61.5126    11.5368   -20.5802     8.9711
 10   -98.5613     2.5664  -139.6823     3.8477    62.1444    10.3959   -21.0232     8.0728
 11   -99.9999     3.6970  -139.6977     3.4805    55.5797    16.1496   -15.8817    12.6119
 12  -100.3625     3.4519  -139.3331     3.2599    51.8121    16.5566   -12.8413    13.0203
 13  -100.8190     3.3040  -138.7199     3.2397    48.4113    16.6796   -10.5102    12.8524
 14  -100.4117     3.1655  -138.4075     3.0638    47.1744    15.6392    -9.1784    12.1935
 15  -100.5504     2.9600  -138.9140     3.0268    47.2803    14.5609    -8.9165    11.3636
 16  -100.6665     2.7785  -138.7153     2.8590    44.8680    14.4497    -6.8190    11.4275
 17  -100.8075     2.6252  -138.8751     2.7045    42.9936    14.0813    -4.9259    11.3824
 18  -101.0431     2.5195  -139.2238     2.6435    41.9344    13.4439    -3.7536    10.9846
 19  -100.9412     2.3919  -139.4977     2.5598    42.1509    12.7240    -3.5942    10.3953
 20  -100.4386     2.4819  -138.4670     3.1854    40.8817    12.3351    -2.8530     9.9726
 21   -99.8063     2.6781  -137.0263     4.1812    38.5950    12.5928    -1.3748     9.9359
 22   -99.7095     2.5608  -136.9082     3.9936    38.0772    12.0514    -0.8783     9.5254
 23   -99.3839     2.5321  -136.0089     4.2187    36.1971    12.1139     0.4281     9.4695
 24   -99.9893     2.7098  -136.1529     4.0493    34.3850    12.1512     1.7788     9.4602
 25  -100.1068     2.6098  -136.2338     3.8874    33.6182    11.7555     2.5090     9.1907
 26  -100.3679     2.5612  -136.2799     3.7360    33.5259    11.2958     2.3863     8.8335
 27  -100.3674     2.4645  -136.5152     3.6256    35.5258    11.5820     0.6222     9.2032
 28  -100.6019     2.4207  -137.0065     3.6293    36.3782    11.2902     0.0266     8.9481
 29  -100.6959     2.3433  -136.9541     3.5035    36.4968    10.8965    -0.2384     8.6503
 30  -100.9303     2.3119  -137.3349     3.4693    37.0645    10.5881    -0.6597     8.3993
 31  -100.9644     2.2371  -137.3370     3.3556    37.1116    10.2412    -0.7388     8.1254
 32  -101.0587     2.1743  -137.4776     3.2611    37.4072     9.9336    -0.9881     7.8832
 33  -101.0601     2.1074  -137.6989     3.1916    38.2236     9.7654    -1.5846     7.7331
 34  -100.9373     2.0591  -137.5807     3.1053    38.2867     9.4747    -1.6431     7.5032
 35  -100.7523     2.0334  -137.5353     3.0167    38.6516     9.2289    -1.8685     7.2996
 36  -100.7351     1.9764  -137.7745     2.9705    39.2881     9.0588    -2.2485     7.1345
 37  -100.5911     1.9437  -137.7072     2.8922    39.1035     8.8183    -1.9873     6.9587
 38  -100.4329     1.9181  -137.7568     2.8168    38.7709     8.6088    -1.4469     6.8588
 39  -100.1958     1.9275  -137.4606     2.8068    38.3411     8.4291    -1.0761     6.7216
 40   -99.9708     1.9319  -137.2112     2.7809    38.4205     8.2172    -1.1798     6.5547
 41   -99.7669     1.9278  -136.6438     2.9401    37.9080     8.0796    -1.0309     6.3998
 42   -99.7395     1.8821  -136.7158     2.8728    38.5229     7.9802    -1.5465     6.3301
 43   -99.8732     1.8572  -136.8263     2.8139    38.8528     7.8203    -1.8995     6.2213
 44  -100.0112     1.8353  -137.0295     2.7791    39.1482     7.6633    -2.1296     6.0957
 45  -100.0475     1.7956  -137.1470     2.7268    39.6139     7.5488    -2.5143     6.0081
 46   -99.9294     1.7719  -136.9552     2.6943    39.4668     7.3887    -2.4407     5.8779
 47  -100.0359     1.7469  -137.0628     2.6451    39.6533     7.2394    -2.6262     5.7634
 48  -100.2070     1.7440  -137.2525     2.6171    39.4470     7.0990    -2.4013     5.6600
 49  -100.0118     1.7520  -136.6924     2.7972    38.8704     7.0476    -2.1896     5.5594
 50  -100.0152     1.7166  -136.4550     2.7815    39.1357     6.9256    -2.6957     5.5404
 
 Mesh error is    0.518 kcal/mol
