 ERmod 0.3.7, Copyright (C) 2000-2019 Nobuyuki Matubayasi
                            2010-2019 Shun Sakuraba
 ERmod comes with ABSOLUTELY NO WARRANTY.
 This is free software, and you can redistribute it
 and/or modify it under certain conditions.
 See LICENSE file for details.
 ERmod 0.3.7, Copyright (C) 2000-2019 Nobuyuki Matubayasi
                            2010-2019 Shun Sakuraba
 ERmod comes with ABSOLUTELY NO WARRANTY.
 This is free software, and you can redistribute it
 and/or modify it under certain conditions.
 See LICENSE file for details.
 
  Number of the   1-th solvent  =          109
  Number of the   2-th solvent  =          109
  Number of the   3-th solvent  =        10000
 
  Be sure that the solvent distribution is homogeneous (radial distribution function is essentially unity) when the solvent molecule is separated beyond distance of   10.0 Angstrom in any direction from any atom within the solute molecule
 
  LJ long-range correction    =        -0.0246     -0.0023     -0.4611
 
  Self-energy of the solute   =        -0.0002  kcal/mol
 
 
 cumulative average & 95% error for solvation energy
              total             1st component         2nd component         3rd component
  1   -30.4461               -2.0217               -1.2398              -27.1843
  2   -30.4371     0.0181    -2.2799     0.5163    -0.6676     1.1445   -27.4894     0.6102
  3   -30.8353     0.7965    -2.1210     0.4356    -3.3530     5.4114   -25.3610     4.2713
  4   -31.0329     0.6881    -2.2537     0.4065    -4.6476     4.6202   -24.1314     3.8949
  5   -31.0212     0.5335    -2.2781     0.3187    -4.6078     3.5796   -24.1351     3.0170
  6   -30.9875     0.4408    -2.3791     0.3294    -4.2154     3.0263   -24.3928     2.5167
  7   -30.9210     0.3956    -2.3224     0.3007    -3.7253     2.7391   -24.8731     2.3339
  8   -30.9650     0.3537    -2.2320     0.3169    -4.1063     2.4915   -24.6265     2.0805
  9   -30.8917     0.3447    -2.3735     0.3978    -3.5100     2.5000   -25.0079     1.9871
 10   -30.8266     0.3347    -2.3290     0.3668    -3.1447     2.3524   -25.3527     1.9064
 
 
 group  inft  solvation free energy     error          difference
  total solvation free energy
   1      0         -5.59125           0.13265           0.02342
   1     60         -5.62256           0.13286          -0.00790
   1     80         -5.83170           0.13381          -0.21704
   1    100         -6.52499           0.14000          -0.91032
   2      0         -5.60555           0.13184           0.00911
   3      0         -5.61466           0.12973           0.00000
   4      0         -5.60437           0.12897           0.01029
   5      0         -5.61565           0.13468          -0.00099
   5     60         -5.65569           0.13490          -0.04103
   5     80         -5.91256           0.13614          -0.29790
   5    100         -6.55063           0.14202          -0.93597
 
  contribution from  1-th solvent component
   1      0         -1.46393           0.16595          -0.04049
   1     60         -1.46441           0.16595          -0.04097
   1     80         -1.46753           0.16593          -0.04408
   1    100         -1.47849           0.16593          -0.05505
   2      0         -1.43389           0.16737          -0.01044
   3      0         -1.42344           0.16662           0.00000
   4      0         -1.41397           0.16606           0.00948
   5      0         -1.41255           0.16538           0.01089
   5     60         -1.41313           0.16539           0.01031
   5     80         -1.41716           0.16537           0.00628
   5    100         -1.42713           0.16539          -0.00368
 
  contribution from  2-th solvent component
   1      0         -1.08957           1.09407           0.05315
   1     60         -1.08925           1.09406           0.05347
   1     80         -1.08759           1.09409           0.05513
   1    100         -1.08125           1.09432           0.06147
   2      0         -1.12464           1.09693           0.01807
   3      0         -1.14271           1.09841           0.00000
   4      0         -1.15308           1.09678          -0.01037
   5      0         -1.16509           1.09599          -0.02238
   5     60         -1.16471           1.09597          -0.02199
   5     80         -1.16295           1.09604          -0.02024
   5    100         -1.15866           1.09630          -0.01594
 
  contribution from  3-th solvent component
   1      0         -3.03756           1.13182           0.01076
   1     60         -3.06872           1.13208          -0.02040
   1     80         -3.27640           1.13320          -0.22808
   1    100         -3.96507           1.14046          -0.91675
   2      0         -3.04683           1.13395           0.00149
   3      0         -3.04832           1.13527           0.00000
   4      0         -3.03714           1.13320           0.01118
   5      0         -3.03782           1.13581           0.01050
   5     60         -3.07766           1.13606          -0.02934
   5     80         -3.33227           1.13758          -0.28395
   5    100         -3.96466           1.14428          -0.91634
 
 
 group  inft   Estimated free energy: total (kcal/mol)
   1      0      -5.6328      -5.6941      -5.4879      -5.4146      -5.5041
                 -5.4164      -5.9291      -5.2579      -5.7646      -5.8110
   1     60      -5.6645      -5.7257      -5.5186      -5.4454      -5.5353
                 -5.4478      -5.9607      -5.2887      -5.7963      -5.8427
   1     80      -5.8752      -5.9360      -5.7261      -5.6512      -5.7439
                 -5.6573      -6.1716      -5.4957      -6.0067      -6.0532
   1    100      -6.5770      -6.6370      -6.4053      -6.3276      -6.4317
                 -6.3515      -6.8760      -6.1757      -6.7110      -6.7571
   2      0      -5.6459      -5.7029      -5.4669      -5.4280      -5.5272
                 -5.4437      -5.9403      -5.2862      -5.7792      -5.8351
   3      0      -5.6607      -5.7013      -5.4791      -5.4343      -5.5289
                 -5.4612      -5.9424      -5.3042      -5.7918      -5.8428
   4      0      -5.6400      -5.6832      -5.4671      -5.4277      -5.5282
                 -5.4547      -5.9303      -5.2928      -5.7899      -5.8297
   5      0      -5.6646      -5.6869      -5.4690      -5.4222      -5.5151
                 -5.4717      -5.9579      -5.3025      -5.8124      -5.8542
   5     60      -5.7051      -5.7273      -5.5083      -5.4615      -5.5552
                 -5.5120      -5.9983      -5.3420      -5.8527      -5.8946
   5     80      -5.9640      -5.9857      -5.7624      -5.7143      -5.8116
                 -5.7697      -6.2575      -5.5961      -6.1113      -6.1531
   5    100      -6.6097      -6.6306      -6.3878      -6.3365      -6.4457
                 -6.4089      -6.9055      -6.2214      -6.7597      -6.8006
 
 group  inft   Estimated free energy: 1-th solvent contribution (kcal/mol)
   1      0      -1.3106      -1.6115      -1.1915      -1.5796      -1.5007
                 -1.6828      -1.3779      -1.0905      -1.9815      -1.3127
   1     60      -1.3111      -1.6120      -1.1919      -1.5801      -1.5012
                 -1.6833      -1.3784      -1.0910      -1.9819      -1.3132
   1     80      -1.3142      -1.6152      -1.1951      -1.5832      -1.5042
                 -1.6864      -1.3815      -1.0942      -1.9849      -1.3164
   1    100      -1.3254      -1.6263      -1.2059      -1.5938      -1.5151
                 -1.6974      -1.3927      -1.1049      -1.9959      -1.3276
   2      0      -1.2868      -1.5878      -1.1473      -1.5435      -1.4754
                 -1.6536      -1.3448      -1.0526      -1.9519      -1.2951
   3      0      -1.2800      -1.5710      -1.1373      -1.5290      -1.4737
                 -1.6381      -1.3333      -1.0466      -1.9435      -1.2819
   4      0      -1.2690      -1.5568      -1.1290      -1.5215      -1.4652
                 -1.6314      -1.3183      -1.0355      -1.9304      -1.2825
   5      0      -1.2762      -1.5548      -1.1207      -1.5049      -1.4633
                 -1.6329      -1.3267      -1.0362      -1.9280      -1.2818
   5     60      -1.2768      -1.5554      -1.1213      -1.5055      -1.4639
                 -1.6335      -1.3272      -1.0368      -1.9285      -1.2824
   5     80      -1.2808      -1.5595      -1.1253      -1.5095      -1.4679
                 -1.6376      -1.3313      -1.0409      -1.9325      -1.2864
   5    100      -1.2909      -1.5696      -1.1351      -1.5192      -1.4778
                 -1.6476      -1.3414      -1.0506      -1.9425      -1.2966
 
 group  inft   Estimated free energy: 2-th solvent contribution (kcal/mol)
   1      0      -0.1896       0.3328      -3.6789      -3.6151      -1.8002
                 -0.6404      -0.0516      -2.6901       0.9745       0.4629
   1     60      -0.1893       0.3330      -3.6785      -3.6147      -1.7999
                 -0.6401      -0.0513      -2.6898       0.9748       0.4633
   1     80      -0.1878       0.3346      -3.6769      -3.6133      -1.7983
                 -0.6382      -0.0497      -2.6880       0.9767       0.4650
   1    100      -0.1818       0.3408      -3.6711      -3.6079      -1.7922
                 -0.6317      -0.0434      -2.6813       0.9840       0.4719
   2      0      -0.2124       0.3099      -3.7008      -3.6606      -1.8375
                 -0.6878      -0.0836      -2.7484       0.9417       0.4330
   3      0      -0.2315       0.2945      -3.7227      -3.6838      -1.8400
                 -0.7223      -0.0925      -2.7724       0.9268       0.4169
   4      0      -0.2332       0.2845      -3.7258      -3.6867      -1.8596
                 -0.7298      -0.1037      -2.7877       0.9020       0.4091
   5      0      -0.2457       0.2799      -3.7334      -3.7037      -1.8564
                 -0.7488      -0.1241      -2.8003       0.8867       0.3950
   5     60      -0.2454       0.2802      -3.7330      -3.7034      -1.8559
                 -0.7485      -0.1237      -2.7998       0.8871       0.3954
   5     80      -0.2439       0.2819      -3.7314      -3.7020      -1.8542
                 -0.7466      -0.1220      -2.7979       0.8892       0.3973
   5    100      -0.2397       0.2862      -3.7276      -3.6986      -1.8498
                 -0.7425      -0.1178      -2.7936       0.8945       0.4023
 
 group  inft   Estimated free energy: 3-th solvent contribution (kcal/mol)
   1      0      -4.1323      -4.4152      -0.6174      -0.2198      -2.2030
                 -3.0930      -4.4994      -1.4771      -4.7575      -4.9610
   1     60      -4.1639      -4.4466      -0.6480      -0.2503      -2.2340
                 -3.1242      -4.5308      -1.5077      -4.7890      -4.9925
   1     80      -4.3730      -4.6553      -0.8540      -0.4545      -2.4412
                 -3.3325      -4.7403      -1.7133      -4.9983      -5.2016
   1    100      -5.0696      -5.3514      -1.5282      -1.1257      -3.1243
                 -4.0223      -5.4396      -2.3893      -5.6990      -5.9012
   2      0      -4.1465      -4.4248      -0.6185      -0.2237      -2.2141
                 -3.1021      -4.5118      -1.4851      -4.7688      -4.9728
   3      0      -4.1489      -4.4245      -0.6189      -0.2213      -2.2150
                 -3.1007      -4.5163      -1.4850      -4.7749      -4.9776
   4      0      -4.1376      -4.4107      -0.6121      -0.2194      -2.2033
                 -3.0934      -4.5081      -1.4694      -4.7613      -4.9561
   5      0      -4.1425      -4.4118      -0.6147      -0.2134      -2.1952
                 -3.0898      -4.5070      -1.4657      -4.7710      -4.9673
   5     60      -4.1827      -4.4518      -0.6539      -0.2525      -2.2351
                 -3.1298      -4.5472      -1.5051      -4.8111      -5.0074
   5     80      -4.4391      -4.7079      -0.9055      -0.5026      -2.4894
                 -3.3853      -4.8040      -1.7571      -5.0679      -5.2638
   5    100      -5.0788      -5.3471      -1.5250      -1.1185      -3.1179
                 -4.0187      -5.4461      -2.3770      -5.7115      -5.9061
 
 
 cumulative average & 95% error for solvation free energy
              total             1st component         2nd component         3rd component
  1    -5.6607               -1.2800               -0.2315               -4.1489
  2    -5.6810     0.0406    -1.4255     0.2910     0.0315     0.5260    -4.2867     0.2756
  3    -5.6137     0.1366    -1.3295     0.2553    -1.2199     2.5211    -3.0641     2.4504
  4    -5.5688     0.1318    -1.3793     0.2062    -1.8359     2.1670    -2.3534     2.2411
  5    -5.5609     0.1033    -1.3982     0.1642    -1.8367     1.6785    -2.3257     1.7368
  6    -5.5442     0.0907    -1.4382     0.1561    -1.6510     1.4200    -2.4549     1.4415
  7    -5.6011     0.1372    -1.4232     0.1353    -1.4283     1.2800    -2.7494     1.3532
  8    -5.5640     0.1401    -1.3761     0.1503    -1.5964     1.1583    -2.5913     1.2138
  9    -5.5893     0.1335    -1.4392     0.1829    -1.3160     1.1653    -2.8340     1.1753
 10    -5.6147     0.1297    -1.4234     0.1666    -1.1427     1.0984    -3.0483     1.1353
