 ERmod 0.3.8, Copyright (C) 2000-2019 Nobuyuki Matubayasi
                            2010-2019 Shun Sakuraba
 ERmod comes with ABSOLUTELY NO WARRANTY.
 This is free software, and you can redistribute it
 and/or modify it under certain conditions.
 See LICENSE file for details.
 
  Number of the   1-th solvent  =          368
  Number of the   2-th solvent  =          368
  Number of the   3-th solvent  =        10000
 
  Be sure that the solvent distribution is homogeneous (radial distribution function is essentially unity) when the solvent molecule is separated beyond distance of   10.0 Angstrom in any direction from any atom within the solute molecule
 
  LJ long-range correction    =        -0.6509     -0.1232     -7.4645
 
  Self-energy of the solute   =        -0.0038  kcal/mol
 
 
 cumulative average & 95% error for solvation energy
              total             1st component         2nd component         3rd component
  1  -508.8350             -106.9065             -141.4123             -260.5124
  2  -513.0630     8.4558  -106.2503     1.3123  -160.2947    37.7647  -246.5142    27.9965
  3  -515.0938     6.3507  -105.6855     1.3603  -169.0458    27.9593  -240.3587    20.3181
  4  -520.4660    11.6451  -107.2941     3.3579  -171.8841    20.5690  -241.2841    14.4858
  5  -526.8906    15.6993  -108.1161     3.0771  -175.8361    17.7855  -242.9346    11.6962
  6  -532.4347    16.9487  -106.8713     3.5371  -187.2891    27.1213  -238.2706    13.3496
  7  -535.9169    15.9276  -107.5155     3.2553  -191.1847    24.2097  -237.2130    11.4791
  8  -538.2838    14.5834  -107.4464     2.8225  -192.7360    21.1945  -238.0977    10.0974
  9  -538.8556    12.9121  -107.4320     2.4894  -189.3712    19.8662  -242.0486    11.9053
 10  -540.1304    11.8270  -106.4147     3.0163  -191.9412    18.4974  -241.7708    10.6629
 11  -540.8301    10.7891  -106.0400     2.8293  -191.4344    16.7622  -243.3519    10.1502
 12  -540.9745     9.8532  -106.1928     2.6008  -188.8872    16.1275  -245.8908    10.5660
 13  -542.1491     9.3632  -106.1839     2.3925  -191.2987    15.5995  -244.6627    10.0248
 14  -542.1572     8.6686  -106.8352     2.5696  -188.3386    15.6086  -246.9796    10.3736
 15  -542.2910     8.0745  -106.7712     2.3956  -187.1480    14.7246  -248.3681    10.0487
 16  -543.1146     7.7305  -106.6467     2.2547  -190.4470    15.2724  -246.0171    10.5101
 17  -543.5697     7.3184  -106.7436     2.1267  -191.3067    14.4486  -245.5157     9.9233
 18  -543.6974     6.9046  -106.5212     2.0539  -190.9739    13.6385  -246.1986     9.4550
 19  -543.8917     6.5426  -106.8579     2.0562  -189.4812    13.2417  -247.5488     9.3423
 20  -544.1706     6.2319  -106.9487     1.9591  -188.7922    12.6375  -248.4259     9.0348
 21  -544.0563     5.9321  -107.1653     1.9132  -186.7585    12.6902  -250.1288     9.2441
 22  -544.2308     5.6668  -107.1850     1.8246  -186.9847    12.1081  -250.0573     8.8150
 23  -544.6797     5.4887  -106.6765     2.0184  -188.6987    12.0669  -249.3007     8.5579
 24  -545.1148     5.3266  -106.7812     1.9437  -190.1815    11.9277  -248.1483     8.5116
 25  -545.4812     5.1614  -106.5073     1.9432  -191.8785    11.9334  -247.0916     8.4331
 26  -546.0279     5.0780  -106.5501     1.8689  -194.8774    12.9394  -244.5966     9.5157
 27  -546.2955     4.9156  -106.4536     1.8087  -195.6262    12.5406  -244.2119     9.1887
 28  -546.2275     4.7387  -106.6170     1.7733  -194.5962    12.2588  -245.0105     8.9974
 29  -546.1932     4.5729  -106.7317     1.7264  -193.7986    11.9356  -245.6592     8.7780
 30  -546.1164     4.4205  -107.0013     1.7528  -192.3738    11.8778  -246.7376     8.7503
 31  -546.1377     4.2757  -106.9736     1.6962  -192.1337    11.4983  -247.0266     8.4830
 32  -546.2062     4.1422  -106.9714     1.6424  -191.9046    11.1426  -247.3265     8.2355
 33  -546.2124     4.0148  -107.0148     1.5942  -191.1340    10.9091  -248.0599     8.1157
 34  -546.2404     3.8953  -106.7948     1.6079  -191.0928    10.5837  -248.3490     7.8946
 35  -546.5803     3.8430  -106.6375     1.5927  -192.7326    10.7874  -247.2065     7.9990
 36  -546.5738     3.7347  -106.8778     1.6208  -192.0334    10.5764  -247.6588     7.8261
 37  -546.5120     3.6345  -107.0180     1.6011  -191.1996    10.4208  -248.2907     7.7158
 38  -546.5575     3.5387  -106.9345     1.5673  -191.1779    10.1430  -248.4414     7.5161
 39  -546.4674     3.4515  -107.0937     1.5594  -190.1426    10.0941  -249.2274     7.4877
 40  -546.5765     3.3712  -106.7320     1.6833  -190.7557     9.9147  -249.0850     7.3037
 41  -546.6221     3.2892  -106.8223     1.6516  -190.7001     9.6704  -249.0959     7.1233
 42  -546.5197     3.2165  -106.7312     1.6221  -189.8740     9.5809  -249.9108     7.1401
 43  -546.4487     3.1440  -106.8161     1.5930  -189.1074     9.4802  -250.5214     7.0783
 44  -546.4310     3.0719  -106.7832     1.5577  -188.8284     9.2791  -250.8157     6.9405
 45  -546.3759     3.0049  -106.8363     1.5264  -188.0873     9.1908  -251.4486     6.9016
 46  -546.3172     2.9412  -106.8084     1.4939  -187.5085     9.0630  -251.9965     6.8383
 47  -546.2526     2.8808  -106.8525     1.4644  -186.9719     8.9328  -252.4245     6.7457
 48  -546.1570     2.8266  -106.9129     1.4387  -186.1442     8.9000  -253.0961     6.7389
 49  -546.1607     2.7683  -106.9528     1.4113  -186.0536     8.7184  -253.1505     6.6009
 50  -546.4312     2.7658  -106.9680     1.3831  -187.1871     8.8379  -252.2723     6.7017
 
 
 group  inft  solvation free energy     error          difference
  total solvation free energy
   1      0        -99.15006           1.44842          -0.12121
   1     60        -99.41008           1.44833          -0.38123
   1     80       -101.84591           1.44786          -2.81705
   1    100       -110.55548           1.44848         -11.52662
   2      0        -99.46269           1.45114          -0.43383
   3      0        -99.02885           1.44954           0.00000
   4      0        -99.60242           1.45034          -0.57357
   5      0        -98.79214           1.45237           0.23671
   5     60        -99.15457           1.45226          -0.12572
   5     80       -102.19773           1.45181          -3.16888
   5    100       -110.22185           1.45291         -11.19300
 
  contribution from  1-th solvent component
   1      0        -92.19915           1.09717          -0.52320
   1     60        -92.20999           1.09715          -0.53404
   1     80        -92.30338           1.09697          -0.62744
   1    100        -92.63586           1.09716          -0.95991
   2      0        -91.86874           1.13348          -0.19280
   3      0        -91.67595           1.14694           0.00000
   4      0        -92.11901           1.15137          -0.44306
   5      0        -91.39278           1.15525           0.28317
   5     60        -91.40622           1.15519           0.26973
   5     80        -91.52314           1.15495           0.15281
   5    100        -91.83132           1.15507          -0.15537
 
  contribution from  2-th solvent component
   1      0        -49.56407           4.49802           0.44139
   1     60        -49.55033           4.49805           0.45512
   1     80        -49.45813           4.49860           0.54733
   1    100        -49.32395           4.50114           0.68150
   2      0        -50.24205           4.49323          -0.23659
   3      0        -50.00546           4.48823           0.00000
   4      0        -50.12280           4.48590          -0.11735
   5      0        -50.00710           4.48405          -0.00164
   5     60        -49.99391           4.48410           0.01154
   5     80        -49.90472           4.48477           0.10074
   5    100        -49.75738           4.48687           0.24808
 
  contribution from  3-th solvent component
   1      0         42.61691           3.37349          -0.03940
   1     60         42.35400           3.37344          -0.30231
   1     80         39.91937           3.37457          -2.73694
   1    100         31.40809           3.38142         -11.24821
   2      0         42.65186           3.37216          -0.00445
   3      0         42.65631           3.37196           0.00000
   4      0         42.64315           3.37215          -0.01316
   5      0         42.61150           3.37212          -0.04481
   5     60         42.24932           3.37211          -0.40699
   5     80         39.23388           3.37372          -3.42243
   5    100         31.37060           3.38030         -11.28571
 
 
 group  inft   Estimated free energy: total (kcal/mol)
   1      0     -79.1618     -87.9094     -86.9107     -98.7952    -107.4707
               -102.8954    -109.1854    -100.5088     -95.6188     -96.9934
                -96.9872    -100.6499    -106.1311    -100.0192     -98.1649
                -98.3870     -99.8197     -99.3168    -103.1464    -101.0554
                -97.2140     -97.4427     -98.9782     -97.2956    -101.1419
               -110.8872     -99.1392     -98.6928    -102.6185     -99.3797
                -98.5791     -98.8777    -104.1684     -96.8745    -105.6167
               -100.6759     -97.9266    -102.3681    -100.2036     -99.8361
                -96.5480     -97.8087     -96.9147     -96.8455     -97.1906
                -97.4035     -98.5088     -95.1583     -99.1376    -104.9441
   1     60     -79.4244     -88.1707     -87.1721     -99.0562    -107.7301
               -103.1555    -109.4451    -100.7675     -95.8777     -97.2542
                -97.2486    -100.9100    -106.3905    -100.2785     -98.4255
                -98.6470    -100.0803     -99.5782    -103.4066    -101.3141
                -97.4725     -97.7022     -99.2377     -97.5551    -101.4023
               -111.1478     -99.3993     -98.9532    -102.8796     -99.6386
                -98.8385     -99.1387    -104.4280     -97.1342    -105.8765
               -100.9362     -98.1854    -102.6295    -100.4624    -100.0974
                -96.8078     -98.0683     -97.1745     -97.1062     -97.4491
                -97.6626     -98.7695     -95.4169     -99.3977    -105.2037
   1     80     -81.8756     -90.6099     -89.6115    -101.5008    -110.1660
               -105.5930    -111.8805    -103.1980     -98.3069     -99.6846
                -99.6935    -103.3526    -108.8223    -102.7147    -100.8689
               -101.0729    -102.5179    -102.0209    -105.8517    -103.7463
                -99.9013    -100.1291    -101.6672     -99.9749    -103.8323
               -113.5714    -101.8334    -101.3943    -105.3236    -102.0714
               -101.2701    -101.5871    -106.8674     -99.5692    -108.3023
               -103.3775    -100.6165    -105.0760    -102.8973    -102.5397
                -99.2397    -100.5058     -99.6091     -99.5483     -99.8749
               -100.0998    -101.2132     -97.8457    -101.8337    -107.6345
   1    100     -90.5872     -99.3170     -98.3109    -110.2455    -118.9078
               -114.3213    -120.6039    -111.9165    -107.0072    -108.3634
               -108.4271    -112.1044    -117.5370    -111.4453    -109.6028
               -109.7198    -111.2148    -110.7379    -114.6198    -112.4707
               -108.6088    -108.7908    -110.3383    -108.6050    -112.5031
               -122.2160    -110.5232    -110.1116    -114.0549    -110.7814
               -109.9537    -110.3306    -115.6198    -108.2692    -116.9691
               -112.1085    -109.3219    -113.8079    -111.6187    -111.2596
               -107.9236    -109.2472    -108.3197    -108.2734    -108.5621
               -108.8285    -109.9486    -106.5561    -110.5273    -116.3348
   2      0     -79.5921     -88.4644     -86.9768     -99.1936    -107.6749
               -102.9983    -109.6636    -100.3661     -95.9177     -97.2597
                -97.0040    -101.2030    -106.3758    -100.4790     -98.3059
                -98.5771    -100.2028     -99.6324    -103.5679    -101.2321
                -97.7889     -97.6443     -99.0650     -97.2219    -101.5432
               -111.1501     -99.4068     -99.0938    -103.1103     -99.6256
                -99.3806     -99.1782    -104.6818     -97.1680    -105.8776
               -101.5681     -98.5311    -102.8878    -100.7556    -100.3165
                -96.6175     -97.9158     -96.9503     -97.2472     -97.5582
                -97.6236     -98.8727     -95.2302     -99.5543    -104.8820
   3      0     -79.1688     -88.0044     -86.6048     -98.7373    -107.2465
               -102.4882    -109.2335     -99.6962     -95.2979     -96.6537
                -96.4945    -101.0558    -105.9193    -100.1100     -97.7830
                -98.3173     -99.6787     -98.9731    -103.2999    -100.7613
                -97.4905     -97.1736     -98.6375     -96.6426    -101.0497
               -110.5874     -98.9886     -98.8620    -102.6160     -99.3273
                -99.0849     -98.8441    -104.1138     -96.5715    -105.3787
               -101.2689     -98.2336    -102.5854    -100.4004     -99.8624
                -96.1977     -97.6725     -96.4091     -96.8147     -96.9620
                -97.1592     -98.4374     -94.9706     -99.2261    -104.3500
   4      0     -79.6568     -88.8312     -87.0859     -99.2697    -107.7943
               -102.9594    -109.8584    -100.3083     -95.9087     -97.3173
                -97.0686    -101.4609    -106.5424    -100.7167     -98.3346
                -98.7516    -100.2148     -99.6946    -103.8367    -101.4928
                -98.2443     -97.8962     -98.9484     -97.2346    -101.6643
               -111.0994     -99.5808     -99.2247    -103.1691     -99.8894
                -99.7571     -99.2544    -104.7663     -97.2193    -105.9653
               -101.8438     -98.8378    -103.0691    -101.2854    -100.4620
                -96.7942     -98.1375     -96.8347     -97.2322     -97.6259
                -97.7705     -99.1390     -95.3845     -99.7551    -104.9325
   5      0     -78.9983     -87.6498     -86.3853     -98.5597    -106.9782
               -102.2127    -109.2155     -99.3289     -95.1104     -96.4295
                -96.2802    -100.9474    -105.7789     -99.8276     -97.4081
                -97.8572     -99.4818     -98.8879    -103.2439    -100.7648
                -97.3811     -97.1005     -98.2026     -96.2601    -100.8018
               -110.2084     -98.6246     -98.4822    -102.1559     -99.1565
                -98.9217     -98.6010    -103.8613     -96.1618    -105.2118
               -101.1071     -97.9405    -102.2553    -100.3551     -99.5453
                -96.1507     -97.3788     -96.1417     -96.4154     -96.6346
                -96.9736     -98.2780     -94.6848     -99.1813    -104.0875
   5     60     -79.3640     -88.0129     -86.7482     -98.9225    -107.3391
               -102.5750    -109.5770     -99.6894     -95.4718     -96.7928
                -96.6444    -101.3102    -106.1398    -100.1889     -97.7713
                -98.2202     -99.8454     -99.2519    -103.6061    -101.1252
                -97.7413     -97.4624     -98.5646     -96.6216    -101.1651
               -110.5711     -98.9874     -98.8454    -102.5198     -99.5177
                -99.2840     -98.9648    -104.2230     -96.5245    -105.5740
               -101.4700     -98.3020    -102.6197    -100.7162     -99.9098
                -96.5134     -97.7403     -96.5037     -96.7788     -96.9953
                -97.3359     -98.6415     -95.0455     -99.5443    -104.4490
   5     80     -82.4233     -91.0575     -89.7910    -101.9735    -110.3803
               -105.6186    -112.6196    -102.7250     -98.5089     -99.8314
                -99.6985    -104.3654    -109.1768    -103.2323    -100.8232
               -101.2512    -102.8913    -102.3022    -106.6606    -104.1636
               -100.7768    -100.4944    -101.5969     -99.6435    -104.2039
               -113.5958    -102.0288    -101.8957    -105.5731    -102.5571
               -102.3230    -102.0224    -107.2723     -99.5690    -108.6046
               -104.5225    -101.3423    -105.6759    -103.7598    -102.9629
                -99.5521    -100.7870     -99.5453     -99.8314    -100.0268
               -100.3840    -101.6936     -98.0806    -102.5860    -107.4851
   5    100     -90.4433     -99.0723     -97.7969    -110.0285    -118.4331
               -113.6566    -120.6628    -110.7535    -106.5261    -107.8256
               -107.7458    -112.4366    -117.2067    -111.2744    -108.8705
               -109.2184    -110.9050    -110.3337    -114.7407    -112.2043
               -108.8024    -108.4744    -109.5758    -107.5867    -112.1974
               -121.5521    -110.0324    -109.9336    -113.6187    -110.5795
               -110.3175    -110.0822    -115.3409    -107.5865    -116.5811
               -112.5721    -109.3649    -113.7265    -111.7978    -111.0025
               -107.5499    -108.8462    -107.5700    -107.8741    -108.0274
               -108.4301    -109.7423    -106.1029    -110.5918    -115.4981
 
 group  inft   Estimated free energy: 1-th solvent contribution (kcal/mol)
   1      0     -92.7275     -93.2208     -91.8678     -96.7206     -97.2317
                -84.3764     -95.9073     -89.3126     -90.4378     -85.1434
                -86.9220     -93.0973     -92.4993     -97.9491     -90.6206
                -86.7100     -91.3094     -91.0753     -96.7735     -92.4934
                -96.5727     -92.6838     -85.8787     -91.1768     -87.0775
                -93.2762     -90.3015     -95.4776     -96.1590     -98.4992
                -93.4070     -88.9812     -95.0036     -86.5143     -90.7086
                -98.5184     -96.0798     -92.4519     -97.4219     -83.1307
                -92.8933     -89.0740     -93.5116     -89.6569     -95.5445
                -91.0104     -94.1785     -93.8238     -95.6355     -88.9128
   1     60     -92.7385     -93.2317     -91.8788     -96.7313     -97.2424
                -84.3874     -95.9180     -89.3234     -90.4487     -85.1545
                -86.9331     -93.1080     -92.5102     -97.9600     -90.6316
                -86.7208     -91.3203     -91.0862     -96.7843     -92.5041
                -96.5835     -92.6945     -85.8898     -91.1877     -87.0885
                -93.2872     -90.3123     -95.4883     -96.1698     -98.5100
                -93.4178     -88.9921     -95.0142     -86.5253     -90.7193
                -98.5293     -96.0906     -92.4626     -97.4326     -83.1415
                -92.9043     -89.0850     -93.5224     -89.6679     -95.5552
                -91.0211     -94.1892     -93.8346     -95.6463     -88.9237
   1     80     -92.8330     -93.3248     -91.9729     -96.8233     -97.3339
                -84.4826     -96.0095     -89.4169     -90.5422     -85.2494
                -87.0285     -93.2007     -92.6039     -98.0541     -90.7267
                -86.8146     -91.4141     -91.1792     -96.8770     -92.5963
                -96.6765     -92.7872     -85.9856     -91.2810     -87.1822
                -93.3809     -90.4061     -95.5814     -96.2627     -98.6027
                -93.5109     -89.0861     -95.1055     -86.6202     -90.8124
                -98.6230     -96.1840     -92.5552     -97.5252     -83.2349
                -92.9980     -89.1793     -93.6154     -89.7623     -95.6469
                -91.1134     -94.2823     -93.9278     -95.7389     -89.0176
   1    100     -93.1680     -93.6590     -92.3077     -97.1545     -97.6663
                -84.8162     -96.3384     -89.7493     -90.8733     -85.5822
                -87.3630     -93.5319     -92.9388     -98.3925     -91.0633
                -87.1422     -91.7466     -91.5105     -97.2097     -92.9263
                -97.0106     -93.1171     -86.3214     -91.6114     -87.5124
                -93.7136     -90.7385     -95.9151     -96.5951     -98.9374
                -93.8443     -89.4171     -95.4336     -86.9533     -91.1439
                -98.9604     -96.5192     -92.8853     -97.8582     -83.5619
                -93.3315     -89.5116     -93.9476     -90.0959     -95.9765
                -91.4433     -94.6155     -94.2613     -96.0721     -89.3480
   2      0     -92.4458     -93.0346     -91.6426     -96.6314     -97.1180
                -83.8942     -95.7591     -88.7683     -89.9231     -84.7032
                -86.2936     -92.7312     -92.2250     -97.7272     -90.0414
                -86.2035     -90.8125     -90.7117     -96.6459     -92.1401
                -96.3808     -92.3372     -85.4896     -90.7319     -86.4627
                -93.0364     -89.8315     -95.2467     -96.0363     -98.3169
                -93.1916     -88.4404     -94.8984     -86.0894     -90.5234
                -98.3822     -95.8875     -92.2998     -97.2777     -82.6414
                -92.3788     -88.7062     -93.0817     -89.1577     -95.4364
                -90.5655     -93.8984     -93.4567     -95.4747     -88.3269
   3      0     -92.2968     -92.8998     -91.5374     -96.4894     -97.0352
                -83.5772     -95.5987     -88.5168     -89.6732     -84.4287
                -86.0282     -92.5883     -92.0287     -97.6274     -89.8298
                -85.9352     -90.5007     -90.4240     -96.5074     -91.9201
                -96.2334     -92.1423     -85.2849     -90.4731     -86.1797
                -92.8839     -89.5957     -95.0636     -95.8877     -98.2018
                -93.0480     -88.1622     -94.7313     -85.8612     -90.3918
                -98.2425     -95.7357     -92.1755     -97.1265     -82.4064
                -92.1110     -88.5102     -92.9253     -88.9073     -95.2879
                -90.3342     -93.7102     -93.2918     -95.3875     -88.0617
   4      0     -92.7917     -93.4204     -91.9430     -96.9055     -97.4557
                -84.0232     -96.0486     -88.9284     -90.1130     -84.9634
                -86.4989     -92.8715     -92.5076     -98.0467     -90.1576
                -86.2286     -90.9398     -91.0060     -96.9797     -92.3375
                -96.8139     -92.6184     -85.5815     -90.8610     -86.6510
                -93.4043     -90.0419     -95.4624     -96.3985     -98.6392
                -93.5784     -88.4816     -95.3092     -86.4112     -90.8603
                -98.7312     -96.1496     -92.6774     -97.6548     -82.8483
                -92.4696     -88.9142     -93.2406     -89.3069     -95.8160
                -90.7839     -94.2438     -93.6042     -95.7848     -88.4453
   5      0     -92.1239     -92.4720     -91.3155     -96.2345     -96.7138
                -83.3015     -95.3998     -88.1549     -89.4062     -84.1737
                -85.7192     -92.2799     -91.8030     -97.3674     -89.3633
                -85.5015     -90.2005     -90.2125     -96.3613     -91.6531
                -96.0466     -91.9038     -84.9662     -90.0890     -85.8368
                -92.6717     -89.2894     -94.7132     -95.5373     -97.9933
                -92.8022     -87.8994     -94.5169     -85.5266     -90.2221
                -97.9969     -95.4210     -91.8783     -96.8235     -82.0529
                -91.8170     -88.2223     -92.6224     -88.5280     -95.0158
                -90.1183     -93.4649     -93.0101     -95.2494     -87.6459
   5     60     -92.1374     -92.4852     -91.3290     -96.2476     -96.7269
                -83.3154     -95.4130     -88.1684     -89.4197     -84.1876
                -85.7331     -92.2932     -91.8165     -97.3807     -89.3770
                -85.5153     -90.2141     -90.2260     -96.3746     -91.6664
                -96.0598     -91.9172     -84.9801     -90.1025     -85.8505
                -92.6851     -89.3030     -94.7265     -95.5506     -98.0065
                -92.8155     -87.9131     -94.5301     -85.5404     -90.2355
                -98.0102     -95.4344     -91.8915     -96.8366     -82.0666
                -91.8305     -88.2360     -92.6358     -88.5416     -95.0289
                -90.1316     -93.4781     -93.0235     -95.2626     -87.6595
   5     80     -92.2550     -92.6012     -91.4468     -96.3627     -96.8416
                -83.4342     -95.5286     -88.2853     -89.5370     -84.3066
                -85.8520     -92.4093     -91.9341     -97.4973     -89.4954
                -85.6334     -90.3314     -90.3428     -96.4910     -91.7823
                -96.1762     -92.0341     -85.0995     -90.2196     -85.9682
                -92.8015     -89.4207     -94.8426     -95.6677     -98.1219
                -92.9318     -88.0308     -94.6453     -85.6590     -90.3529
                -98.1274     -95.5513     -92.0073     -96.9521     -82.1842
                -91.9480     -88.3544     -92.7521     -88.6593     -95.1441
                -90.2473     -93.5941     -93.1406     -95.3783     -87.7768
   5    100     -92.5631     -92.9092     -91.7571     -96.6697     -97.1508
                -83.7427     -95.8365     -88.5936     -89.8443     -84.6155
                -86.1604     -92.7162     -92.2454     -97.8073     -89.8051
                -85.9390     -90.6391     -90.6508     -96.8009     -92.0893
                -96.4856     -92.3418     -85.4093     -90.5261     -86.2752
                -93.1077     -89.7293     -95.1505     -95.9779     -98.4301
                -93.2396     -88.3379     -94.9526     -85.9678     -90.6623
                -98.4396     -95.8619     -92.3133     -97.2597     -82.4894
                -92.2571     -88.6636     -93.0596     -88.9663     -95.4510
                -90.5535     -93.9012     -93.4511     -95.6862     -88.0828
 
 group  inft   Estimated free energy: 2-th solvent contribution (kcal/mol)
   1      0     -26.3132     -47.3306     -49.9001     -48.6759     -53.2492
                -79.5184     -66.5571     -57.5368     -36.4262     -62.3513
                -49.8643     -38.5585     -66.9123     -31.4224     -42.0097
                -74.8829     -59.1749     -48.6084     -38.4357     -44.0217
                -26.4803     -50.4864     -66.0856     -64.0176     -72.1448
                -94.2350     -60.6207     -38.7428     -44.0271     -30.3997
                -47.0516     -51.2243     -40.9620     -50.6880     -78.7774
                -40.2557     -35.2800     -52.9490     -31.3633     -64.5883
                -48.4126     -34.4050     -33.4834     -44.6671     -31.1349
                -36.2821     -37.1988     -26.5248     -45.0684     -78.8972
   1     60     -26.2993     -47.3174     -49.8869     -48.6631     -53.2364
                -79.5051     -66.5444     -57.5229     -36.4118     -62.3369
                -49.8511     -38.5455     -66.8991     -31.4087     -41.9965
                -74.8685     -59.1612     -48.5951     -38.4224     -44.0082
                -26.4660     -50.4719     -66.0707     -64.0027     -72.1310
                -94.2221     -60.6061     -38.7294     -44.0141     -30.3852
                -47.0367     -51.2117     -40.9489     -50.6737     -78.7632
                -40.2418     -35.2656     -52.9361     -31.3494     -64.5752
                -48.3979     -34.3918     -33.4695     -44.6537     -31.1199
                -36.2679     -37.1855     -26.5101     -45.0543     -78.8840
   1     80     -26.2035     -47.2294     -49.7988     -48.5794     -53.1511
                -79.4197     -66.4625     -57.4306     -36.3126     -62.2399
                -49.7643     -38.4601     -66.8133     -31.3149     -41.9085
                -74.7728     -59.0707     -48.5067     -38.3337     -43.9177
                -26.3666     -50.3722     -65.9683     -63.8991     -72.0384
                -94.1387     -60.5082     -38.6390     -43.9279     -30.2845
                -46.9358     -51.1309     -40.8625     -50.5782     -78.6679
                -40.1495     -35.1669     -52.8528     -31.2564     -64.4881
                -48.2959     -34.3025     -33.3750     -44.5645     -31.0161
                -36.1720     -37.0946     -26.4073     -44.9574     -78.7990
   1    100     -26.0539     -47.1146     -49.6777     -48.4744     -53.0418
                -79.3152     -66.3648     -57.2995     -36.1570     -62.0924
                -49.6457     -38.3484     -66.7040     -31.1751     -41.7877
                -74.6300     -58.9448     -48.3841     -38.2119     -43.7883
                -26.1995     -50.2101     -65.7939     -63.7216     -71.9058
                -94.0416     -60.3575     -38.5047     -43.8126     -30.1170
                -46.7806     -51.0361     -40.7474     -50.4348     -78.5303
                -40.0180     -35.0127     -52.7491     -31.1144     -64.3734
                -48.1300     -34.1717     -33.2270     -44.4392     -30.8390
                -36.0276     -36.9616     -26.2313     -44.8049     -78.6930
   2      0     -27.0653     -48.0912     -50.2373     -49.1793     -53.6015
                -80.1437     -67.2088     -57.9682     -37.2733     -63.0662
                -50.5589     -39.5130     -67.4719     -32.1554     -42.7663
                -75.6022     -60.1041     -49.3152     -39.0185     -44.5963
                -27.2853     -51.0599     -66.6010     -64.4184     -73.1761
                -94.7501     -61.3903     -39.4019     -44.6815     -30.8492
                -48.1098     -52.1086     -41.6268     -51.4354     -79.2544
                -41.3123     -36.1015     -53.6547     -32.1060     -65.5936
                -49.0228     -34.9481     -33.9829     -45.6114     -31.6471
                -36.9903     -37.8942     -26.9966     -45.6950     -79.4605
   3      0     -26.7969     -47.7905     -49.9715     -48.8723     -53.2503
                -79.9559     -66.9414     -57.5456     -36.9263     -62.7614
                -50.3206     -39.4925     -67.2172     -31.8872     -42.4637
                -75.6149     -59.8822     -48.9462     -38.9108     -44.3605
                -27.1432     -50.7931     -66.3861     -64.0937     -72.9819
                -94.3297     -61.1972     -39.3606     -44.3383     -30.6752
                -47.9766     -52.0410     -41.2159     -51.0757     -78.8963
                -41.1666     -35.9704     -53.4665     -31.8993     -65.3733
                -48.8702     -34.9043     -33.6083     -45.4280     -31.1966
                -36.7617     -37.6516     -26.9072     -45.4551     -79.2013
   4      0     -26.7994     -48.0412     -50.0339     -48.9750     -53.3663
                -79.9675     -67.0939     -57.7457     -37.0686     -62.8863
                -50.4243     -39.5888     -67.3422     -32.0572     -42.6690
                -75.7517     -59.9941     -49.0876     -38.9450     -44.6485
                -27.3002     -51.0065     -66.3951     -64.2871     -73.1253
                -94.2893     -61.3323     -39.3245     -44.3648     -30.7450
                -48.1231     -52.1444     -41.2779     -51.1606     -78.9907
                -41.2197     -36.1639     -53.4558     -32.2272     -65.5163
                -49.0957     -34.9715     -33.6990     -45.4390     -31.3243
                -36.9122     -37.7988     -26.9979     -45.5698     -79.3962
   5      0     -26.7646     -47.7966     -49.9306     -48.8983     -53.2177
                -79.9078     -67.0454     -57.5218     -36.9400     -62.7625
                -50.3771     -39.6371     -67.2412     -31.8265     -42.5014
                -75.5359     -59.9404     -49.0341     -38.9511     -44.5522
                -27.1851     -50.8920     -66.2517     -64.0534     -73.0414
                -94.1138     -61.1328     -39.2914     -44.1903     -30.6564
                -48.0342     -52.0361     -41.1397     -50.9743     -78.8398
                -41.2122     -35.9631     -53.4145     -32.1041     -65.3748
                -49.0823     -34.8477     -33.5820     -45.3629     -31.1120
                -36.7313     -37.6781     -26.8610     -45.5027     -79.3114
   5     60     -26.7508     -47.7841     -49.9179     -48.8861     -53.2056
                -79.8955     -67.0336     -57.5086     -36.9261     -62.7486
                -50.3646     -39.6250     -67.2288     -31.8132     -42.4888
                -75.5221     -59.9274     -49.0214     -38.9384     -44.5395
                -27.1711     -50.8780     -66.2369     -64.0384     -73.0283
                -94.1015     -61.1187     -39.2785     -44.1779     -30.6422
                -48.0199     -52.0242     -41.1273     -50.9607     -78.8261
                -41.1990     -35.9491     -53.4024     -32.0909     -65.3623
                -49.0679     -34.8350     -33.5684     -45.3500     -31.0972
                -36.7179     -37.6652     -26.8464     -45.4890     -79.2991
   5     80     -26.6568     -47.6999     -49.8311     -48.8053     -53.1230
                -79.8146     -66.9566     -57.4179     -36.8291     -62.6541
                -50.2816     -39.5463     -67.1468     -31.7225     -42.4045
                -75.4294     -59.8421     -48.9359     -38.8533     -44.4516
                -27.0727     -50.7796     -66.1331     -63.9333     -72.9411
                -94.0221     -61.0243     -39.1919     -44.0949     -30.5421
                -47.9230     -51.9490     -41.0442     -50.8687     -78.7323
                -41.1119     -35.8536     -53.3246     -32.0011     -65.2810
                -48.9675     -34.7486     -33.4751     -45.2652     -30.9928
                -36.6263     -37.5776     -26.7425     -45.3946     -79.2183
   5    100     -26.4948     -47.5671     -49.6908     -48.6826     -52.9944
                -79.6928     -66.8453     -57.2677     -36.6603     -62.4921
                -50.1513     -39.4274     -67.0224     -31.5710     -42.2711
                -75.2744     -59.7056     -48.7987     -38.7194     -44.3091
                -26.8981     -50.6054     -65.9443     -63.7394     -72.8005
                -93.9037     -60.8627     -39.0497     -43.9648     -30.3622
                -47.7541     -51.8423     -40.9148     -50.7134     -78.5733
                -40.9715     -35.6891     -53.2098     -31.8506     -65.1559
                -48.7888     -34.6077     -33.3138     -45.1302     -30.8007
                -36.4718     -37.4319     -26.5524     -45.2307     -79.0967
 
 group  inft   Estimated free energy: 3-th solvent contribution (kcal/mol)
   1      0      39.8827      52.6458      54.8609      46.6049      43.0140
                 61.0031      53.2828      46.3443      31.2489      50.5051
                 39.8029      31.0097      53.2842      29.3560      34.4691
                 63.2097      50.6683      40.3706      32.0666      35.4634
                 25.8427      45.7313      52.9898      57.9026      58.0842
                 76.6277      51.7868      35.5313      37.5713      29.5230
                 41.8832      41.3317      31.8009      40.3315      63.8730
                 38.1020      33.4370      43.0366      28.5854      47.8867
                 44.7618      25.6740      30.0840      37.4823      29.4926
                 29.8928      32.8723      25.1940      41.5701      62.8697
   1     60      39.6171      52.3822      54.5974      46.3419      42.7525
                 60.7407      53.0211      46.0826      30.9865      50.2409
                 39.5394      30.7473      53.0226      29.0939      34.2064
                 62.9460      50.4049      40.1068      31.8038      35.2020
                 25.5808      45.4680      52.7266      57.6390      57.8209
                 76.3652      51.5229      35.2682      37.3080      29.2603
                 41.6197      41.0688      31.5389      40.0686      63.6098
                 37.8387      33.1746      42.7730      28.3234      47.6231
                 44.4981      25.4122      29.8212      37.2191      29.2298
                 29.6301      32.6089      24.9316      41.3066      62.6078
   1     80      37.1646      49.9481      52.1640      43.9056      40.3227
                 58.3131      50.5953      43.6532      28.5516      47.8085
                 37.1031      28.3120      50.5986      26.6581      31.7700
                 60.5182      47.9706      37.6687      29.3627      32.7715
                 23.1455      43.0341      50.2905      55.2089      55.3920
                 73.9519      49.0847      32.8299      34.8708      26.8196
                 39.1804      38.6337      29.1044      37.6330      61.1818
                 35.3987      30.7382      40.3357      25.8881      45.1871
                 42.0580      22.9797      27.3850      34.7822      26.7918
                 27.1894      30.1676      22.4932      38.8664      60.1858
   1    100      28.6384      41.4603      43.6783      35.3873      31.8040
                 49.8138      42.1031      35.1361      20.0269      39.3150
                 28.5854      19.7797      42.1096      18.1261      23.2520
                 52.0561      39.4803      29.1605      20.8056      24.2476
                 14.6051      34.5401      41.7807      46.7317      46.9188
                 65.5429      40.5765      24.3120      26.3566      18.2767
                 30.6750      30.1264      20.5649      29.1227      52.7088
                 26.8736      22.2138      31.8303      17.3577      36.6794
                 33.5417      14.4400      18.8586      26.2654      18.2571
                 18.6461      21.6321      13.9403      30.3535      51.7099
   2      0      39.9228      52.6652      54.9069      46.6208      43.0484
                 61.0434      53.3080      46.3742      31.2825      50.5135
                 39.8523      31.0450      53.3248      29.4074      34.5056
                 63.2323      50.7175      40.3983      32.1002      35.5081
                 25.8810      45.7566      53.0294      57.9321      58.0994
                 76.6402      51.8188      35.5585      37.6113      29.5443
                 41.9245      41.3746      31.8471      40.3605      63.9039
                 38.1300      33.4617      43.0705      28.6318      47.9223
                 44.7878      25.7422      30.1181      37.5256      29.5291
                 29.9359      32.9236      25.2269      41.6192      62.9091
   3      0      39.9286      52.6897      54.9078      46.6281      43.0427
                 61.0486      53.3103      46.3699      31.3054      50.5402
                 39.8581      31.0287      53.3304      29.4083      34.5142
                 63.2366      50.7080      40.4008      32.1221      35.5230
                 25.8899      45.7656      53.0372      57.9279      58.1157
                 76.6299      51.8082      35.5660      37.6138      29.5534
                 41.9434      41.3628      31.8372      40.3691      63.9132
                 38.1440      33.4763      43.0604      28.6292      47.9210
                 44.7872      25.7457      30.1283      37.5244      29.5262
                 29.9405      32.9282      25.2322      41.6203      62.9167
   4      0      39.9380      52.6342      54.8946      46.6145      43.0314
                 61.0351      53.2878      46.3696      31.2767      50.5362
                 39.8582      31.0032      53.3112      29.3910      34.4957
                 63.2325      50.7228      40.4028      32.0917      35.4971
                 25.8735      45.7325      53.0319      57.9172      58.1157
                 76.5980      51.7972      35.5660      37.5980      29.4985
                 41.9482      41.3753      31.8246      40.3562      63.8895
                 38.1109      33.4795      43.0679      28.6003      47.9064
                 44.7748      25.7520      30.1087      37.5175      29.5182
                 29.9294      32.9074      25.2213      41.6033      62.9128
   5      0      39.8940      52.6225      54.8646      46.5768      42.9571
                 61.0004      53.2335      46.3516      31.2395      50.5105
                 39.8199      30.9734      53.2690      29.3700      34.4604
                 63.1840      50.6628      40.3625      32.0723      35.4443
                 25.8544      45.6991      53.0191      57.8860      58.0801
                 76.5808      51.8014      35.5262      37.5754      29.4970
                 41.9185      41.3383      31.7992      40.3429      63.8538
                 38.1058      33.4474      43.0413      28.5762      47.8862
                 44.7524      25.6950      30.0665      37.4793      29.4969
                 29.8798      32.8687      25.1900      41.5746      62.8735
   5     60      39.5280      52.2603      54.5024      46.2149      42.5971
                 60.6396      52.8734      45.9913      30.8778      50.1471
                 39.4570      30.6118      52.9093      29.0087      34.0982
                 62.8209      50.2999      39.9992      31.7106      35.0844
                 25.4934      45.3365      52.6562      57.5231      57.7175
                 76.2193      51.4380      35.1633      37.2126      29.1348
                 41.5552      40.9762      31.4381      39.9804      63.4913
                 37.7430      33.0853      42.6779      28.2150      47.5229
                 44.3888      25.3345      29.7043      37.1166      29.1346
                 29.5173      32.5056      24.8281      41.2110      62.5132
   5     80      36.4922      49.2474      51.4906      43.1982      39.5881
                 57.6339      49.8694      42.9820      27.8609      47.1331
                 36.4388      27.5940      49.9078      25.9913      31.0804
                 59.8154      47.2860      36.9802      28.6876      32.0740
                 22.4759      42.3230      49.6395      54.5132      54.7092
                 73.2316      48.4200      32.1425      34.1933      26.1106
                 38.5355      37.9612      28.4210      36.9625      60.4844
                 34.7206      30.0663      39.6597      25.1972      44.5061
                 41.3672      22.3198      26.6857      34.0968      26.1138
                 26.4934      29.4818      21.8063      38.1907      59.5137
   5    100      28.6183      41.4078      43.6548      35.3276      31.7159
                 49.7826      42.0228      35.1116      19.9822      39.2858
                 28.5697      19.7107      42.0649      18.1078      23.2095
                 51.9987      39.4435      29.1195      20.7833      24.1979
                 14.5850      34.4765      41.7816      46.6825      46.8821
                 65.4630      40.5633      24.2703      26.3278      18.2166
                 30.6800      30.1018      20.5303      29.0985      52.6581
                 26.8428      22.1898      31.8004      17.3162      36.6467
                 33.4998      14.4288      18.8072      26.2261      18.2281
                 18.5990      21.5946      13.9043      30.3289      51.6852
 
 
 cumulative average & 95% error for solvation free energy
              total             1st component         2nd component         3rd component
  1   -79.1688              -92.2968              -26.7969               39.9286
  2   -83.5866     8.8356   -92.5983     0.6030   -37.2937    20.9936    46.3091    12.7610
  3   -84.5927     5.4837   -92.2447     0.7883   -41.5196    14.7765    49.1754     9.3350
  4   -88.1288     8.0656   -93.3058     2.1943   -43.3578    11.0765    48.5386     6.7226
  5   -91.9524     9.8747   -94.0517     2.2615   -45.3363     9.4483    47.4394     5.6523
  6   -93.7083     8.7943   -92.3060     3.9497   -51.1062    13.8810    49.7076     6.4713
  7   -95.9262     8.6556   -92.7764     3.4682   -53.3684    12.5738    50.2223     5.5653
  8   -96.3975     7.5550   -92.2439     3.1867   -53.8905    10.9392    49.7407     4.9150
  9   -96.2753     6.6673   -91.9583     2.8679   -52.0056    10.3578    47.6924     5.9642
 10   -96.3131     5.9639   -91.2053     2.9745   -53.0812     9.5108    47.9771     5.3649
 11   -96.3296     5.3947   -90.7347     2.8504   -52.8302     8.6175    47.2390     5.0723
 12   -96.7235     4.9872   -90.8891     2.6204   -51.7187     8.1747    45.8882     5.3609
 13   -97.4308     4.8008   -90.9768     2.4167   -52.9109     7.8886    46.4607     5.0625
 14   -97.6222     4.4611   -91.4518     2.4308   -51.4092     7.8969    45.2426     5.2822
 15   -97.6329     4.1531   -91.3437     2.2733   -50.8129     7.4477    44.5274     5.1213
 16   -97.6757     3.8858   -91.0057     2.2313   -52.3630     7.6254    45.6967     5.3309
 17   -97.7935     3.6577   -90.9760     2.0968   -52.8053     7.2172    45.9915     5.0421
 18   -97.8591     3.4510   -90.9453     1.9779   -52.5909     6.8179    45.6809     4.7942
 19   -98.1454     3.3142   -91.2380     1.9603   -51.8709     6.6079    44.9673     4.7541
 20   -98.2762     3.1550   -91.2721     1.8610   -51.4954     6.3137    44.4951     4.6080
 21   -98.2388     3.0019   -91.5084     1.8321   -50.3358     6.4378    43.6091     4.7277
 22   -98.1904     2.8639   -91.5372     1.7478   -50.3565     6.1383    43.7071     4.5119
 23   -98.2098     2.7368   -91.2654     1.7564   -51.0535     6.0287    44.1128     4.3870
 24   -98.1445     2.6235   -91.2324     1.6829   -51.5968     5.8735    44.6884     4.3551
 25   -98.2607     2.5271   -91.0303     1.6640   -52.4522     5.8877    45.2255     4.3132
 26   -98.7348     2.6065   -91.1015     1.6051   -54.0629     6.5096    46.4334     4.7967
 27   -98.7442     2.5082   -91.0458     1.5485   -54.3271     6.2861    46.6324     4.6328
 28   -98.7484     2.4170   -91.1893     1.5195   -53.7926     6.1511    46.2372     4.5337
 29   -98.8818     2.3474   -91.3513     1.5016   -53.4666     5.9709    45.9399     4.4148
 30   -98.8966     2.2680   -91.5796     1.5208   -52.7069     5.9652    45.3936     4.4028
 31   -98.9027     2.1936   -91.6270     1.4740   -52.5543     5.7776    45.2823     4.2642
 32   -98.9009     2.1240   -91.5187     1.4435   -52.5383     5.5942    45.1599     4.1361
 33   -99.0589     2.0827   -91.6161     1.4126   -52.1952     5.4653    44.7561     4.0893
 34   -98.9857     2.0258   -91.4468     1.4116   -52.1622     5.3026    44.6271     3.9756
 35   -99.1684     2.0007   -91.4167     1.3720   -52.9261     5.3707    45.1781     4.0145
 36   -99.2267     1.9478   -91.6063     1.3862   -52.5994     5.2601    44.9827     3.9209
 37   -99.1999     1.8952   -91.7179     1.3666   -52.1500     5.1943    44.6718     3.8639
 38   -99.2890     1.8533   -91.7299     1.3304   -52.1846     5.0562    44.6294     3.7618
 39   -99.3175     1.8060   -91.8683     1.3250   -51.6645     5.0336    44.2191     3.7548
 40   -99.3311     1.7605   -91.6318     1.3754   -52.0072     4.9538    44.3116     3.6644
 41   -99.2547     1.7238   -91.6434     1.3416   -51.9307     4.8338    44.3232     3.5740
 42   -99.2170     1.6840   -91.5688     1.3178   -51.5253     4.7865    43.8809     3.5983
 43   -99.1517     1.6495   -91.6004     1.2883   -51.1086     4.7476    43.5611     3.5714
 44   -99.0986     1.6151   -91.5392     1.2646   -50.9795     4.6456    43.4239     3.5000
 45   -99.0511     1.5816   -91.6225     1.2474   -50.5399     4.6255    43.1151     3.4767
 46   -99.0100     1.5491   -91.5945     1.2213   -50.2404     4.5634    42.8287     3.4482
 47   -98.9978     1.5159   -91.6395     1.1984   -49.9725     4.4972    42.6180     3.4002
 48   -98.9139     1.4935   -91.6739     1.1752   -49.4920     4.5062    42.2558     3.4065
 49   -98.9203     1.4627   -91.7497     1.1609   -49.4096     4.4164    42.2428     3.3364
 50   -99.0289     1.4495   -91.6759     1.1469   -50.0055     4.4882    42.6563     3.3720
 
 Mesh error is    0.574 kcal/mol
