 ERmod 0.3.8, Copyright (C) 2000-2019 Nobuyuki Matubayasi
                            2010-2019 Shun Sakuraba
 ERmod comes with ABSOLUTELY NO WARRANTY.
 This is free software, and you can redistribute it
 and/or modify it under certain conditions.
 See LICENSE file for details.
 ERmod 0.3.8, Copyright (C) 2000-2019 Nobuyuki Matubayasi
                            2010-2019 Shun Sakuraba
 ERmod comes with ABSOLUTELY NO WARRANTY.
 This is free software, and you can redistribute it
 and/or modify it under certain conditions.
 See LICENSE file for details.
 
  Number of the   1-th solvent  =          792
  Number of the   2-th solvent  =          792
  Number of the   3-th solvent  =        10000
 
  Be sure that the solvent distribution is homogeneous (radial distribution function is essentially unity) when the solvent molecule is separated beyond distance of   10.0 Angstrom in any direction from any atom within the solute molecule
 
  LJ long-range correction    =        -1.3175     -0.2494     -7.0203
 
  Self-energy of the solute   =        -0.0013  kcal/mol
 
 
 cumulative average & 95% error for solvation energy
              total             1st component         2nd component         3rd component
  1  -530.4664             -237.8724               10.5279             -303.1206
  2  -529.6419     1.6488  -233.6096     8.5256     4.4035    12.2488  -300.4346     5.3721
  3  -529.8117     1.0107  -230.9532     7.2425     1.0875     9.6952  -299.9446     3.2527
  4  -529.8930     0.7329  -229.6776     5.7215    -0.6296     7.6675  -299.5844     2.4102
  5  -530.8417     1.9806  -225.0872    10.1945   -12.2255    23.9403  -293.5276    12.2567
  6  -532.4359     3.5751  -221.6589    10.7842   -27.4698    36.2166  -283.3059    22.7615
  7  -533.3109     3.4917  -221.0583     9.1931   -33.9842    33.2662  -278.2670    21.7168
  8  -533.5340     3.0566  -220.3780     8.0769   -36.4642    29.2332  -276.6905    19.0698
  9  -533.8697     2.7780  -219.3692     7.4034   -39.5184    26.4950  -274.9808    17.1620
 10  -534.1317     2.5394  -219.2066     6.6298   -41.0336    23.8908  -273.8902    15.5044
 11  -534.3326     2.3319  -220.0625     6.2364   -42.0659    21.7085  -272.2029    14.4246
 12  -534.5938     2.1919  -219.9647     5.6964   -43.3000    19.9701  -271.3278    13.2836
 13  -534.8006     2.0582  -219.7238     5.2620   -44.4413    18.5111  -270.6342    12.2976
 14  -534.9077     1.9175  -220.3052     5.0086   -44.5188    17.1387  -270.0824    11.4387
 15  -534.7126     1.8273  -220.5154     4.6816   -43.4706    16.0924  -270.7253    10.7262
 16  -534.3876     1.8287  -220.9487     4.4642   -40.5800    16.1250  -272.8574    10.9020
 17  -534.1448     1.7851  -221.5986     4.3902   -37.9552    16.0308  -274.5896    10.8108
 18  -533.7810     1.8336  -221.0679     4.2731   -36.3444    15.4535  -276.3674    10.7949
 19  -533.5736     1.7833  -221.1461     4.0450   -34.5380    15.0574  -277.8882    10.6543
 20  -533.4188     1.7198  -221.4069     3.8727   -33.0139    14.6063  -278.9966    10.3478
 21  -533.2754     1.6609  -221.6928     3.7278   -31.4952    14.2215  -280.0861    10.0810
 22  -533.0898     1.6265  -222.0011     3.6074   -30.1391    13.8282  -280.9483     9.7653
 23  -533.1122     1.5548  -221.7893     3.4729   -30.3424    13.2196  -280.9792     9.3313
 24  -533.2942     1.5325  -221.5734     3.3530   -31.6804    12.9366  -280.0391     9.1297
 25  -533.4025     1.4858  -221.7779     3.2420   -32.2490    12.4604  -279.3743     8.8573
 26  -533.5065     1.4426  -221.8151     3.1157   -33.0646    12.0821  -278.6255     8.6406
 27  -533.6327     1.4109  -221.7448     3.0013   -33.8200    11.7238  -278.0667     8.3892
 28  -533.6543     1.3602  -221.9483     2.9207   -33.5865    11.3070  -278.1182     8.0847
 29  -533.4789     1.3586  -221.7479     2.8466   -32.6119    11.0828  -279.1178     8.0530
 30  -533.5365     1.3176  -221.7338     2.7502   -33.0073    10.7362  -278.7939     7.8069
 31  -533.5755     1.2767  -221.5293     2.6913   -33.3369    10.4050  -278.7080     7.5528
 32  -533.7039     1.2626  -221.4706     2.6084   -34.0664    10.1797  -278.1656     7.3930
 33  -533.8198     1.2455  -221.0405     2.6705   -35.0031    10.0427  -277.7749     7.2079
 34  -533.7859     1.2102  -220.4928     2.8129   -35.6251     9.8219  -277.6667     6.9961
 35  -533.9273     1.2087  -220.3911     2.7389   -36.4914     9.6933  -277.0435     6.9066
 36  -534.0372     1.1950  -220.4104     2.6620   -36.9500     9.4647  -276.6754     6.7523
 37  -534.1151     1.1727  -220.4517     2.5903   -37.3826     9.2459  -276.2795     6.6148
 38  -534.1870     1.1504  -220.4400     2.5214   -37.9335     9.0665  -275.8122     6.5059
 39  -534.2471     1.1270  -220.4110     2.4565   -38.3195     8.8647  -275.5153     6.3646
 40  -534.2554     1.0986  -220.2058     2.4293   -38.7137     8.6761  -275.3346     6.2140
 41  -534.3108     1.0771  -220.0723     2.3843   -39.1973     8.5169  -275.0399     6.0891
 42  -534.3983     1.0656  -219.9954     2.3319   -39.6981     8.3718  -274.7035     5.9803
 43  -534.4300     1.0425  -219.6921     2.3564   -40.1927     8.2344  -274.5438     5.8483
 44  -534.4718     1.0220  -219.7164     2.3028   -40.5514     8.0771  -274.2026     5.7545
 45  -534.5255     1.0047  -219.5344     2.2802   -41.0981     7.9709  -273.8916     5.6594
 46  -534.5639     0.9857  -219.6081     2.2350   -41.4001     7.8190  -273.5543     5.5760
 47  -534.6218     0.9714  -219.6382     2.1877   -41.7542     7.6836  -273.2280     5.4949
 48  -534.6660     0.9550  -219.6642     2.1423   -42.0999     7.5535  -272.9005     5.4190
 49  -534.6980     0.9375  -219.6364     2.0989   -42.4040     7.4227  -272.6564     5.3296
 50  -534.7522     0.9249  -219.4967     2.0753   -42.8360     7.3239  -272.4181     5.2437
 
 
 group  inft  solvation free energy     error          difference
  total solvation free energy
   1      0        -86.85276           1.28079          -0.10744
   1     60        -87.14429           1.28085          -0.39897
   1     80        -89.62108           1.28294          -2.87576
   1    100        -98.40436           1.29584         -11.65904
   2      0        -86.82602           1.30786          -0.08070
   3      0        -86.74532           1.31509           0.00000
   4      0        -87.05324           1.33273          -0.30792
   5      0        -83.61480           1.32493           3.13052
   5     60        -84.00872           1.32507           2.73661
   5     80        -87.02137           1.32825          -0.27604
   5    100        -95.17223           1.34033          -8.42691
 
  contribution from  1-th solvent component
   1      0       -185.90877           2.08807          -0.28473
   1     60       -185.93336           2.08803          -0.30932
   1     80       -186.16780           2.08827          -0.54375
   1    100       -187.00639           2.09043          -1.38234
   2      0       -185.82537           2.14574          -0.20132
   3      0       -185.62405           2.16505           0.00000
   4      0       -185.51770           2.17662           0.10635
   5      0       -182.96974           2.18321           2.65430
   5     60       -183.00544           2.18319           2.61861
   5     80       -183.29434           2.18356           2.32970
   5    100       -184.06439           2.18575           1.55965
 
  contribution from  2-th solvent component
   1      0         78.12520           3.84583           0.18838
   1     60         78.14165           3.84587           0.20483
   1     80         78.27169           3.84690           0.33487
   1    100         78.79265           3.85171           0.85582
   2      0         78.05767           3.86272           0.12084
   3      0         77.93682           3.86716           0.00000
   4      0         77.58469           3.86663          -0.35213
   5      0         78.50417           3.87106           0.56735
   5     60         78.53195           3.87118           0.59513
   5     80         78.74063           3.87276           0.80381
   5    100         79.19971           3.87787           1.26288
 
  contribution from  3-th solvent component
   1      0         20.93214           3.19542          -0.01109
   1     60         20.64876           3.19532          -0.29448
   1     80         18.27636           3.19639          -2.66687
   1    100          9.81071           3.20687         -11.13252
   2      0         20.94301           3.19791          -0.00022
   3      0         20.94323           3.19835           0.00000
   4      0         20.88109           3.19911          -0.06214
   5      0         20.85210           3.19967          -0.09113
   5     60         20.46611           3.19955          -0.47713
   5     80         17.53367           3.20128          -3.40956
   5    100          9.69379           3.21142         -11.24945
 
 
 group  inft   Estimated free energy: total (kcal/mol)
   1      0     -90.4725     -93.8265     -92.3369     -95.1827     -95.0449
                -87.9176     -82.5964     -76.2895     -87.8034     -80.0686
                -85.0166     -85.1744     -85.2220     -82.5700     -85.3926
                -87.9856     -90.2281     -91.2724     -89.6746     -94.1051
                -93.8665     -92.1996     -89.2100     -88.8721     -79.8597
                -85.8834     -83.9700     -90.2992     -84.5100     -86.0520
                -81.3371     -87.4215     -82.5818     -83.9324     -90.0250
                -84.7321     -82.7363     -84.9609     -84.2342     -90.1824
                -79.2608     -86.5635     -75.8021     -89.1113     -87.9595
                -87.5807     -90.6468     -86.4328     -87.8471     -86.3867
   1     60     -90.7621     -94.1186     -92.6287     -95.4755     -95.3363
                -88.2088     -82.8879     -76.5811     -88.0962     -80.3594
                -85.3086     -85.4661     -85.5127     -82.8605     -85.6853
                -88.2762     -90.5194     -91.5629     -89.9654     -94.3964
                -94.1572     -92.4913     -89.5024     -89.1648     -80.1500
                -86.1750     -84.2608     -90.5927     -84.8001     -86.3439
                -81.6267     -87.7131     -82.8744     -84.2203     -90.3179
                -85.0234     -83.0281     -85.2533     -84.5262     -90.4744
                -79.5518     -86.8565     -76.0937     -89.4038     -88.2513
                -87.8725     -90.9385     -86.7245     -88.1396     -86.6781
   1     80     -93.2289     -96.6143     -95.1206     -97.9723     -97.8195
                -90.6870     -85.3638     -79.0507     -90.5762     -82.8235
                -87.7804     -87.9407     -87.9813     -85.3203     -88.1706
                -90.7515     -92.9990     -94.0498     -92.4415     -96.8823
                -96.6417     -94.9795     -91.9886     -91.6475     -82.6068
                -88.6450     -86.7275     -93.0866     -87.2829     -88.8206
                -84.0842     -90.1857     -85.3526     -86.6702     -92.8089
                -87.4974     -85.4989     -87.7296     -86.9983     -92.9587
                -82.0119     -89.3439     -78.5664     -91.8898     -90.7275
                -90.3498     -93.4176     -89.1947     -90.6200     -89.1469
   1    100    -102.0085    -105.5096    -103.9967    -106.8696    -106.6802
                -99.4992     -94.1251     -87.7847     -99.3429     -91.5487
                -96.5187     -96.6964     -96.7132     -94.0086     -96.9777
                -99.5425    -101.8085    -102.9624    -101.2584    -105.7253
               -105.4891    -103.8380    -100.8148    -100.4221     -91.2859
                -97.3786     -95.4593    -101.9321     -96.1522     -97.5821
                -92.8015     -98.9349     -94.1374     -95.3931    -101.6299
                -96.2341     -94.2207     -96.4847     -95.7343    -101.7995
                -90.6829     -98.1706     -87.3289    -100.6889     -99.5041
                -99.1234    -102.2070     -97.9311     -99.4057     -97.8743
   2      0     -90.6630     -94.0407     -92.4476     -95.2202     -94.7349
                -87.1611     -82.3094     -75.8777     -88.1494     -79.6661
                -85.2377     -85.4416     -85.0985     -82.6156     -85.2731
                -87.7282     -90.2063     -90.9607     -89.6114     -94.1218
                -93.8697     -92.3297     -89.6138     -88.9255     -79.8173
                -86.3193     -84.1636     -90.8566     -83.7532     -86.0834
                -81.3816     -86.9969     -82.4549     -83.6475     -90.0691
                -84.8181     -82.9418     -84.8553     -84.0324     -89.9122
                -78.9418     -86.2258     -75.3605     -89.1130     -88.1748
                -87.9514     -90.8640     -87.0767     -88.0126     -86.1739
   3      0     -90.5881     -93.9241     -92.4144     -95.1749     -94.4292
                -87.1391     -81.8799     -75.9527     -87.9966     -79.3954
                -85.4884     -85.3914     -84.8726     -82.3519     -85.2988
                -87.6649     -90.1467     -90.8091     -89.6706     -93.9518
                -93.7744     -92.3396     -89.8045     -89.0970     -79.6539
                -86.1456     -84.2819     -90.9641     -83.5462     -86.2533
                -81.1856     -86.9918     -82.3208     -83.2666     -89.7237
                -84.6155     -82.9460     -84.8135     -83.8155     -89.6661
                -78.7125     -86.1202     -75.3189     -89.1423     -88.0642
                -88.0310     -91.0727     -86.9448     -87.9580     -86.1551
   4      0     -90.7358     -94.3883     -92.6769     -95.6268     -94.8992
                -87.3091     -82.2463     -75.9300     -88.1778     -79.6426
                -85.7270     -85.7410     -85.3662     -82.6312     -85.6903
                -87.8465     -90.3617     -91.2647     -89.8058     -94.5075
                -94.4040     -92.6668     -90.0981     -89.4262     -80.1897
                -86.4394     -84.6354     -91.3371     -83.9479     -86.1286
                -81.5586     -87.2233     -82.3478     -83.6585     -90.1633
                -85.1082     -83.0352     -85.1796     -84.2532     -89.9863
                -78.8367     -86.3735     -75.3565     -89.3955     -88.6479
                -87.9916     -91.3726     -87.3931     -88.3875     -86.5453
   5      0     -87.6299     -90.9123     -89.1362     -92.3345     -91.2166
                -83.7988     -78.4287     -72.4745     -84.7037     -76.4555
                -82.6045     -82.3069     -81.7636     -79.1863     -82.2131
                -84.4515     -87.0882     -87.6765     -86.5904     -90.7378
                -90.5682     -88.8869     -86.9042     -86.0064     -76.7589
                -83.1365     -81.1791     -88.2224     -80.1999     -82.6377
                -78.1510     -83.7262     -79.4236     -80.0245     -86.3343
                -81.4724     -79.5126     -81.9885     -80.7339     -86.4172
                -75.3794     -83.4072     -72.0333     -85.9690     -84.9670
                -84.7301     -88.1744     -84.1301     -84.9509     -83.0046
   5     60     -88.0201     -91.3073     -89.5312     -92.7301     -91.6105
                -84.1931     -78.8226     -72.8680     -85.0994     -76.8480
                -82.9991     -82.7013     -82.1569     -79.5785     -82.6088
                -84.8441     -87.4815     -88.0688     -86.9829     -91.1314
                -90.9609     -89.2813     -87.2996     -86.4023     -77.1504
                -83.5304     -81.5726     -88.6188     -80.5922     -83.0324
                -78.5413     -84.1207     -79.8185     -80.4134     -86.7299
                -81.8659     -79.9070     -82.3836     -81.1282     -86.8120
                -75.7715     -83.8038     -72.4274     -86.3649     -85.3610
                -85.1247     -88.5692     -84.5238     -85.3463     -83.3982
   5     80     -91.0164     -94.3483     -92.5684     -95.7712     -94.6369
                -87.2129     -81.8318     -75.8685     -88.1167     -79.8418
                -86.0067     -85.7102     -85.1565     -82.5652     -85.6353
                -87.8539     -90.4970     -91.0984     -89.9943     -94.1561
                -93.9851     -92.3112     -90.3294     -89.4217     -80.1309
                -86.5321     -84.5757     -91.6564     -83.6172     -86.0432
                -81.5230     -87.1298     -82.8343     -83.3912     -89.7555
                -84.8695     -82.9092     -85.3956     -84.1323     -89.8373
                -78.7528     -86.8368     -75.4368     -89.3888     -88.3713
                -88.1388     -91.5891     -87.5259     -88.3647     -86.3962
   5    100     -99.1529    -102.6058    -100.8071    -104.0286    -102.8589
                -95.3987     -89.9617     -83.9725     -96.2536     -87.9309
                -94.1187     -93.8387     -93.2585     -90.6261     -93.8136
                -96.0095     -98.6703     -99.3696     -98.1683    -102.3653
               -102.2045    -100.5301     -98.5304     -97.5657     -88.1785
                -94.6322     -92.6861     -99.8727     -91.8522     -94.1718
                -89.6076     -95.2523     -90.9859     -91.4840     -97.9347
                -92.9769     -91.0021     -93.5182     -92.2337     -98.0442
                -86.7856     -95.0397     -83.5694     -97.5522     -96.5115
                -96.2837     -99.7552     -95.6333     -96.5180     -94.4894
 
 group  inft   Estimated free energy: 1-th solvent contribution (kcal/mol)
   1      0    -200.8583    -195.0646    -192.8574    -194.5540    -177.3482
               -168.8823    -178.6233    -175.3040    -182.7461    -178.9540
               -190.3566    -184.6399    -185.2587    -191.4341    -187.9197
               -194.9829    -197.8365    -180.5090    -191.8626    -196.6462
               -195.6399    -196.4876    -186.6959    -187.8575    -188.1291
               -190.8541    -185.2744    -191.6237    -179.0064    -187.9150
               -178.5737    -187.9324    -173.7101    -172.0599    -184.2993
               -186.7413    -187.1734    -186.1571    -185.8143    -178.4586
               -182.0952    -180.0074    -168.2696    -187.5552    -182.0373
               -189.2147    -189.0959    -188.1570    -187.3494    -184.6147
   1     60    -200.8827    -195.0890    -192.8818    -194.5786    -177.3726
               -168.9069    -178.6479    -175.3288    -182.7708    -178.9790
               -190.3812    -184.6643    -185.2830    -191.4584    -187.9444
               -195.0075    -197.8608    -180.5335    -191.8870    -196.6703
               -195.6639    -196.5119    -186.7206    -187.8821    -188.1541
               -190.8786    -185.2992    -191.6483    -179.0313    -187.9396
               -178.5983    -187.9568    -173.7354    -172.0843    -184.3238
               -186.7657    -187.1980    -186.1818    -185.8392    -178.4831
               -182.1201    -180.0324    -168.2949    -187.5796    -182.0620
               -189.2392    -189.1204    -188.1817    -187.3741    -184.6394
   1     80    -201.1178    -195.3242    -193.1177    -194.8149    -177.6039
               -169.1373    -178.8814    -175.5617    -183.0052    -179.2139
               -190.6151    -184.8974    -185.5163    -191.6915    -188.1808
               -195.2444    -198.0959    -180.7663    -192.1225    -196.9061
               -195.8986    -196.7473    -186.9551    -188.1176    -188.3896
               -191.1131    -185.5347    -191.8851    -179.2669    -188.1752
               -178.8315    -188.1896    -173.9704    -172.3144    -184.5589
               -187.0013    -187.4330    -186.4158    -186.0746    -178.7153
               -182.3554    -180.2663    -168.5293    -187.8145    -182.2969
               -189.4732    -189.3541    -188.4147    -187.6089    -184.8741
   1    100    -201.9707    -196.1687    -193.9652    -195.6650    -178.4279
               -169.9518    -179.7083    -176.3893    -183.8439    -180.0480
               -191.4529    -185.7269    -186.3499    -192.5292    -189.0242
               -196.0975    -198.9447    -181.6006    -192.9703    -197.7595
               -196.7453    -197.5986    -187.7940    -188.9633    -189.2306
               -191.9572    -186.3748    -192.7322    -180.1022    -189.0190
               -179.6632    -189.0257    -174.8044    -173.1325    -185.3949
               -187.8413    -188.2730    -187.2532    -186.9143    -179.5441
               -183.1953    -181.0994    -169.3559    -188.6547    -183.1344
               -190.3134    -190.1945    -189.2503    -188.4496    -185.7137
   2      0    -200.9676    -195.2021    -192.9230    -194.6355    -177.1884
               -168.4098    -178.3656    -174.7235    -182.7706    -178.3836
               -190.2956    -184.7704    -185.2560    -191.4814    -187.8016
               -195.1314    -198.0700    -180.1881    -191.8769    -196.7948
               -195.7779    -196.6460    -186.7685    -187.8987    -188.0865
               -190.8880    -185.3318    -191.6336    -178.5489    -188.0221
               -178.1776    -188.0108    -173.0714    -171.5660    -184.3164
               -186.7014    -187.2795    -186.0718    -185.8434    -178.0839
               -181.8962    -179.4645    -167.7144    -187.5615    -182.0810
               -189.2029    -189.0981    -188.2375    -187.3686    -184.6839
   3      0    -200.8986    -194.9997    -192.7405    -194.5062    -176.8378
               -168.1959    -177.9411    -174.3926    -182.6726    -177.9576
               -190.2245    -184.5913    -185.0050    -191.2802    -187.5906
               -195.0244    -197.9074    -179.9366    -191.7814    -196.6002
               -195.5955    -196.5264    -186.6464    -187.7570    -187.9044
               -190.6945    -185.1824    -191.4967    -178.2112    -187.9068
               -177.9372    -187.8712    -172.7418    -171.1534    -184.0887
               -186.5046    -187.2010    -185.8642    -185.6920    -177.7330
               -181.6957    -179.0190    -167.4130    -187.4031    -181.8615
               -189.1317    -188.9801    -188.0734    -187.2235    -184.6089
   4      0    -200.6428    -195.0470    -192.7278    -194.4376    -176.8617
               -167.9102    -178.0749    -173.9268    -182.5271    -177.6447
               -190.0833    -184.4306    -184.9854    -191.2045    -187.5572
               -194.8746    -197.8307    -179.6741    -191.4859    -196.7743
               -195.7006    -196.6053    -186.3873    -187.6020    -187.8297
               -190.7316    -185.1018    -191.2717    -178.2094    -187.6420
               -177.7266    -187.7620    -172.4626    -171.1584    -184.1370
               -186.3941    -186.9594    -185.8716    -185.6359    -177.7360
               -181.5402    -178.8305    -167.1483    -187.4085    -181.9419
               -188.9158    -188.8414    -188.0423    -187.1911    -184.3986
   5      0    -198.3896    -192.4250    -190.0935    -192.0260    -174.1013
               -165.2634    -175.1472    -171.4342    -179.9699    -175.2997
               -187.6899    -181.9245    -182.3375    -188.6924    -184.9930
               -192.3043    -195.4279    -177.0701    -189.2042    -193.9654
               -192.8850    -193.8232    -184.0330    -185.0778    -185.3370
               -188.3069    -182.4663    -188.9248    -175.4083    -185.0692
               -175.1516    -185.0769    -170.2711    -168.4545    -181.3731
               -183.7546    -184.4396    -183.5056    -182.9676    -175.0097
               -179.0042    -176.6183    -164.5773    -184.8718    -179.1931
               -186.5113    -186.4336    -185.6689    -184.6563    -181.8573
   5     60    -198.4249    -192.4607    -190.1291    -192.0618    -174.1367
               -165.2990    -175.1830    -171.4700    -180.0056    -175.3357
               -187.7255    -181.9602    -182.3730    -188.7279    -185.0290
               -192.3402    -195.4635    -177.1056    -189.2398    -194.0008
               -192.9204    -193.8586    -184.0688    -185.1135    -185.3730
               -188.3425    -182.5023    -188.9607    -175.4445    -185.1050
               -175.1872    -185.1123    -170.3072    -168.4900    -181.4089
               -183.7903    -184.4755    -183.5413    -183.0036    -175.0452
               -179.0400    -176.6543    -164.6135    -184.9074    -179.2288
               -186.5468    -186.4691    -185.7044    -184.6920    -181.8930
   5     80    -198.7146    -192.7513    -190.4195    -192.3534    -174.4216
               -165.5833    -175.4714    -171.7565    -180.2944    -175.6242
               -188.0133    -182.2491    -182.6614    -189.0163    -185.3200
               -192.6326    -195.7551    -177.3921    -189.5293    -194.2911
               -193.2103    -194.1484    -184.3588    -185.4035    -185.6633
               -188.6320    -182.7928    -189.2519    -175.7358    -185.3952
               -175.4730    -185.3999    -170.5953    -168.7737    -181.6981
               -184.0797    -184.7664    -183.8297    -183.2936    -175.3306
               -179.3294    -176.9433    -164.9006    -185.1962    -179.5179
               -186.8353    -186.7571    -185.9916    -184.9809    -182.1821
   5    100    -199.4965    -193.5291    -191.1963    -193.1356    -175.1779
               -166.3325    -176.2330    -172.5143    -181.0643    -176.3866
               -188.7812    -183.0165    -183.4290    -189.7886    -186.0940
               -193.4174    -196.5400    -178.1568    -190.3056    -195.0741
               -193.9898    -194.9291    -185.1326    -186.1792    -186.4360
               -189.4080    -183.5654    -190.0280    -176.5055    -186.1697
               -176.2314    -186.1700    -171.3567    -169.5249    -182.4651
               -184.8492    -185.5416    -184.5985    -184.0648    -176.0893
               -180.0986    -177.7104    -165.6551    -185.9660    -180.2858
               -187.6064    -187.5287    -186.7595    -185.7518    -182.9530
 
 group  inft   Estimated free energy: 2-th solvent contribution (kcal/mol)
   1      0     108.1816      95.1887      94.9678      94.0277      64.7337
                 41.8069      61.2397      74.1205      66.3989      73.4583
                 73.8287      71.4996      72.4258      81.1760      84.6490
                104.6527     104.0515      92.7566     100.5685      97.6769
                 98.3957      98.5936      81.1149      68.5142      80.9194
                 74.8923      74.4596      82.6693      95.9572      77.8911
                 82.1082      71.9914      65.8806      73.6965      62.6992
                 74.5911      76.1193      70.9517      73.6638      68.2352
                 74.7391      65.6289      68.6375      69.2915      66.1389
                 71.5955      68.6813      71.0990      70.4736      69.2213
   1     60     108.1988      95.2038      94.9836      94.0433      64.7485
                 41.8221      61.2561      74.1374      66.4150      73.4753
                 73.8452      71.5157      72.4429      81.1940      84.6653
                104.6704     104.0684      92.7722     100.5849      97.6933
                 98.4122      98.6095      81.1311      68.5301      80.9373
                 74.9090      74.4766      82.6846      95.9734      77.9081
                 82.1250      72.0084      65.8963      73.7135      62.7150
                 74.6084      76.1363      70.9681      73.6806      68.2507
                 74.7570      65.6447      68.6542      69.3076      66.1543
                 71.6121      68.6978      71.1159      70.4899      69.2383
   1     80     108.3424      95.3202      95.1059      94.1674      64.8597
                 41.9310      61.3807      74.2736      66.5413      73.6102
                 73.9752      71.6445      72.5788      81.3410      84.7940
                104.8166     104.2093      92.8947     100.7220      97.8254
                 98.5449      98.7369      81.2577      68.6569      81.0838
                 75.0437      74.6097      82.8033      96.1010      78.0437
                 82.2640      72.1421      66.0185      73.8501      62.8328
                 74.7447      76.2741      71.0988      73.8166      68.3687
                 74.9048      65.7621      68.7833      69.4305      66.2765
                 71.7393      68.8200      71.2500      70.6172      69.3750
   1    100     108.9276      95.7789      95.5840      94.6527      65.2901
                 42.3513      61.8779      74.8270      67.0506      74.1553
                 74.4961      72.1637      73.1287      81.9383      85.3066
                105.4114     104.7837      93.3792     101.2762      98.3585
                 99.0755      99.2439      81.7577      69.1705      81.6797
                 75.5890      75.1478      83.2695      96.6113      78.5938
                 82.8460      72.6737      66.5038      74.4106      63.2983
                 75.2954      76.8408      71.6190      74.3585      68.8286
                 75.5129      66.2188      69.2963      69.9189      66.7711
                 72.2426      69.2939      71.7832      71.1157      69.9276
   2      0     108.0858      95.0929      94.9169      94.0958      64.8751
                 42.0693      61.2534      73.9380      66.0499      73.2889
                 73.5414      71.3369      72.5267      81.1703      84.6276
                105.0664     104.3040      92.7527     100.6567      97.7774
                 98.5340      98.6414      80.7686      68.4902      80.8833
                 74.4771      74.2984      82.1034      96.2733      77.9692
                 81.6925      72.4529      65.3907      73.5110      62.6454
                 74.4296      76.0016      70.9540      73.8801      68.1326
                 74.8529      65.4344      68.4884      69.2793      65.9415
                 71.2099      68.4341      70.5326      70.2897      69.4655
   3      0     108.0901      95.0139      94.7747      93.9924      64.8451
                 41.8787      61.2619      73.5363      66.0868      73.1335
                 73.2403      71.1994      72.5187      81.2106      84.3756
                105.0207     104.2174      92.6707     100.5055      97.7696
                 98.4600      98.5005      80.4520      68.1807      80.8648
                 74.4223      74.0463      81.8672      96.1261      77.6728
                 81.6375      72.3236      65.1770      73.4803      62.7654
                 74.4446      75.9195      70.7800      73.9327      68.0318
                 74.8630      65.0795      68.2513      69.1022      65.8586
                 71.0527      68.0996      70.5012      70.2025      69.4033
   4      0     107.7397      94.6457      94.5692      93.5459      64.4693
                 41.4917      61.0755      73.1685      65.8262      72.6478
                 72.9155      70.7407      72.0365      80.9152      84.0232
                104.7343     103.9915      92.0346     100.1263      97.4378
                 97.9873      98.3196      79.9891      67.7470      80.3079
                 74.2437      73.6659      81.3447      95.8065      77.6089
                 81.1283      72.0220      64.9434      73.1837      62.4256
                 73.8945      75.6674      70.4889      73.4992      67.7742
                 74.6485      64.7081      68.0122      68.8916      65.3752
                 70.9470      67.7295      70.0995      69.7819      68.8582
   5      0     108.6595      95.5155      95.5029      94.4479      65.4140
                 42.3837      62.0067      74.1575      66.7531      73.4931
                 73.6887      71.6876      73.0500      81.8923      84.9657
                105.6155     104.8893      93.0538     101.0837      98.4277
                 99.0490      99.3477      80.8444      68.6727      81.2781
                 75.1288      74.5281      82.1369      96.7733      78.5653
                 82.0064      72.8650      65.7125      74.1341      63.5286
                 74.8901      76.6845      71.3366      74.3838      68.6471
                 75.5901      65.4782      68.7997      69.8246      66.3663
                 71.8180      68.5518      71.0009      70.7138      69.8639
   5     60     108.6892      95.5413      95.5294      94.4748      65.4390
                 42.4089      62.0345      74.1864      66.7800      73.5217
                 73.7163      71.7150      73.0787      81.9227      84.9929
                105.6453     104.9183      93.0806     101.1122      98.4556
                 99.0775      99.3747      80.8716      68.6996      81.3084
                 75.1573      74.5560      82.1632      96.8008      78.5938
                 82.0357      72.8930      65.7391      74.1628      63.5558
                 74.9191      76.7130      71.3642      74.4122      68.6731
                 75.6208      65.5040      68.8271      69.8514      66.3929
                 71.8457      68.5787      71.0292      70.7410      69.8925
   5     80     108.9208      95.7301      95.7244      94.6737      65.6201
                 42.5867      62.2389      74.4048      66.9821      73.7394
                 73.9227      71.9224      73.2975      82.1572      85.1963
                105.8773     105.1446      93.2797     101.3334      98.6669
                 99.2901      99.5787      81.0717      68.9027      81.5428
                 75.3741      74.7669      82.3525      97.0056      78.8117
                 82.2627      73.1042      65.9355      74.3844      63.7511
                 75.1371      76.9351      71.5721      74.6281      68.8625
                 75.8596      65.6900      69.0314      70.0498      66.5929
                 72.0493      68.7723      71.2424      70.9427      70.1124
   5    100     109.4509      96.1304      96.1418      95.1007      65.9960
                 42.9462      62.6776      74.8925      67.4267      74.2249
                 74.3773      72.3780      73.7854      82.6911      85.6429
                106.4111     105.6627      93.7075     101.8329      99.1359
                 99.7537     100.0278      81.5047      69.3526      82.0762
                 75.8595      75.2372      82.7507      97.4551      79.3001
                 82.7817      73.5716      66.3600      74.8857      64.1606
                 75.6200      77.4425      72.0297      75.1080      69.2607
                 76.4089      66.0801      69.4782      70.4774      67.0290
                 72.4874      69.1793      71.7124      71.3776      70.6046
 
 group  inft   Estimated free energy: 3-th solvent contribution (kcal/mol)
   1      0       2.2056       6.0507       5.5540       5.3450      17.5709
                 39.1591      34.7885      24.8954      28.5451      25.4285
                 31.5126      27.9673      27.6123      27.6894      17.8794
                  2.3459       3.5582      -3.5186       1.6208       4.8655
                  3.3791       5.6957      16.3722      30.4725      27.3513
                 30.0797      26.8462      18.6565      -1.4594      23.9732
                 15.1297      28.5209      25.2490      14.4323      31.5764
                 27.4193      28.3191      30.2458      27.9176      20.0423
                 28.0966      27.8163      23.8313      29.1537      27.9403
                 30.0399      29.7692      30.6266      29.0300      29.0081
   1     60       1.9232       5.7680       5.2708       5.0611      17.2891
                 38.8774      34.5053      24.6115      28.2609      25.1456
                 31.2288      27.6838      27.3287      27.4052      17.5953
                  2.0623       3.2743      -3.8003       1.3381       4.5819
                  3.0958       5.4124      16.0884      30.1885      27.0681
                 29.7959      26.5632      18.3724      -1.7409      23.6889
                 14.8479      28.2366      24.9660      14.1518      31.2923
                 27.1352      28.0349      29.9617      27.6337      19.7593
                 27.8126      27.5326      23.5484      28.8695      27.6577
                 29.7559      29.4855      30.3426      28.7459      28.7242
   1     80      -0.4521       3.3910       2.8927       2.6766      14.9260
                 36.5207      32.1382      22.2387      25.8891      22.7816
                 28.8608      25.3135      24.9575      25.0315      15.2175
                 -0.3223       0.8889      -6.1769      -1.0397       2.1997
                  0.7134       3.0323      13.7101      27.8145      24.7003
                 27.4257      24.1988      15.9966      -4.1157      21.3121
                 12.4847      25.8631      22.6006      11.7954      28.9186
                 24.7604      25.6614      27.5888      25.2610      17.3892
                 25.4401      25.1616      21.1809      26.4955      25.2942
                 27.3854      27.1178      27.9713      26.3730      26.3536
   1    100      -8.9640      -5.1184      -5.6142      -5.8561       6.4589
                 28.1026      23.7067      13.7789      17.4517      14.3452
                 20.4394      16.8681      16.5093      16.5837       6.7412
                 -8.8552      -7.6463     -14.7397      -9.5629      -6.3229
                 -7.8180      -5.4819       5.2228      19.3719      16.2664
                 18.9909      15.7691       7.5319     -12.6600      12.8444
                  4.0170      17.4184      14.1645       3.3302      20.4681
                 16.3131      17.2129      19.1508      16.8229       8.9172
                 17.0009      16.7113      12.7320      18.0482      16.8606
                 18.9488      18.6950      19.5374      17.9296      17.9131
   2      0       2.2201       6.0698       5.5598       5.3208      17.5797
                 39.1807      34.8042      24.9091      28.5726      25.4299
                 31.5178      27.9933      27.6321      27.6969      17.9022
                  2.3381       3.5612      -3.5240       1.6101       4.8969
                  3.3755       5.6763      16.3875      30.4843      27.3874
                 30.0930      26.8712      18.6748      -1.4762      23.9708
                 15.1049      28.5624      25.2271      14.4089      31.6033
                 27.4549      28.3375      30.2639      27.9322      20.0404
                 28.1029      27.8056      23.8669      29.1705      27.9661
                 30.0430      29.8014      30.6295      29.0677      29.0458
   3      0       2.2217       6.0630       5.5527       5.3402      17.5648
                 39.1794      34.8006      24.9050      28.5905      25.4300
                 31.4971      28.0019      27.6150      27.7191      17.9174
                  2.3401       3.5447      -3.5419       1.6067       4.8802
                  3.3623       5.6875      16.3912      30.4806      27.3869
                 30.1279      26.8556      18.6667      -1.4597      23.9820
                 15.1153      28.5572      25.2453      14.4078      31.6010
                 27.4459      28.3369      30.2719      27.9452      20.0365
                 28.1216      27.8206      23.8441      29.1599      27.9400
                 30.0493      29.8091      30.6287      29.0643      29.0519
   4      0       2.1686       6.0143       5.4830       5.2662      17.4945
                 39.1107      34.7544      24.8295      28.5245      25.3556
                 31.4420      27.9502      27.5840      27.6595      17.8450
                  2.2951       3.4788      -3.6239       1.5552       4.8303
                  3.3106       5.6203      16.3015      30.4302      27.3335
                 30.0497      26.8018      18.5913      -1.5437      23.9058
                 15.0410      28.5180      25.1729      14.3176      31.5494
                 27.3927      28.2581      30.2045      27.8848      19.9769
                 28.0563      27.7503      23.7809      29.1227      27.9202
                 29.9786      29.7407      30.5511      29.0230      28.9964
   5      0       2.1015       5.9986       5.4557       5.2449      17.4720
                 39.0822      34.7130      24.8035      28.5144      25.3524
                 31.3980      27.9313      27.5251      27.6152      17.8156
                  2.2386       3.4517      -3.6588       1.5314       4.8012
                  3.2692       5.5899      16.2858      30.4001      27.3013
                 30.0429      26.7604      18.5668      -1.5636      23.8675
                 14.9955      28.4870      25.1364      14.2973      31.5115
                 27.3934      28.2439      30.1818      27.8513      19.9467
                 28.0359      27.7342      23.7457      29.0795      27.8611
                 29.9645      29.7088      30.5392      28.9930      28.9901
   5     60       1.7169       5.6134       5.0698       4.8583      17.0885
                 38.6984      34.3272      24.4169      28.1275      24.9673
                 31.0115      27.5452      27.1387      27.2280      17.4286
                  1.8521       3.0651      -4.0425       1.1460       4.4151
                  2.8833       5.2039      15.8990      30.0130      26.9156
                 29.6561      26.3750      18.1800      -1.9471      23.4800
                 14.6115      28.0999      24.7510      13.9151      31.1245
                 27.0066      27.8568      29.7948      27.4645      19.5614
                 27.6491      27.3478      23.3603      28.6923      27.4762
                 29.5777      29.3224      30.1527      28.6061      28.6036
   5     80      -1.2213       2.6742       2.1280       1.9097      14.1659
                 35.7850      31.4020      21.4845      25.1970      22.0444
                 28.0852      24.6179      24.2086      24.2953      14.4897
                 -1.0972       0.1149      -6.9847      -1.7971       1.4694
                 -0.0635       2.2598      12.9590      27.0804      23.9910
                 26.7271      23.4515      15.2443      -4.8857      20.5417
                 11.6886      25.1672      21.8269      10.9995      28.1929
                 24.0745      24.9234      26.8634      24.5346      16.6322
                 24.7184      24.4178      20.4337      25.7589      24.5550
                 26.6485      26.3970      27.2245      25.6748      25.6748
   5    100      -9.1060      -5.2057      -5.7512      -5.9924       6.3243
                 27.9889      23.5949      13.6507      17.3854      14.2321
                 20.2866      16.8011      16.3864      16.4727       6.6389
                 -9.0019      -7.7917     -14.9188      -9.6943      -6.4257
                 -7.9671      -5.6275       5.0989      19.2622      16.1826
                 18.9176      15.6434       7.4059     -12.8005      12.6991
                  3.8433      17.3474      14.0123       3.1565      20.3711
                 16.2537      17.0983      19.0519      16.7244       8.7858
                 16.9055      16.5920      12.6088      17.9377      16.7467
                 18.8366      18.5956      19.4151      17.8575      17.8604
 
 
 cumulative average & 95% error for solvation free energy
              total             1st component         2nd component         3rd component
  1   -90.5881             -200.8986              108.0901                2.2217
  2   -92.2561     3.3360  -197.9492     5.8989   101.5520    13.0763     4.1423     3.8413
  3   -92.3089     1.9289  -196.2129     4.8638    99.2929     8.7983     4.6125     2.4089
  4   -93.0254     1.9784  -195.7863     3.5435    97.9678     6.7623     4.7944     1.7418
  5   -93.3061     1.6321  -191.9966     8.0611    91.3433    14.2470     7.3485     5.2833
  6   -92.2783     2.4498  -188.0298    10.3083    83.0992    20.1786    12.6536    11.4537
  7   -90.7928     3.6213  -186.5885     9.1766    79.9796    18.1595    15.8175    11.5648
  8   -88.9378     4.8579  -185.0640     8.5120    79.1741    15.8089    16.9534    10.2699
  9   -88.8332     4.2894  -184.7983     7.5257    77.7200    14.2422    18.2464     9.4191
 10   -87.8894     4.2757  -184.1143     6.8688    77.2613    12.7716    18.9648     8.5464
 11   -87.6712     3.8921  -184.6697     6.3116    76.8958    11.5755    20.1041     8.0593
 12   -87.4812     3.5733  -184.6632     5.7617    76.4211    10.6095    20.7622     7.4739
 13   -87.2805     3.3113  -184.6895     5.3002    76.1209     9.7778    21.2894     6.9554
 14   -86.9285     3.1455  -185.1603     4.9966    76.4845     9.0816    21.7486     6.5046
 15   -86.8198     2.9364  -185.3223     4.6628    77.0105     8.5197    21.4932     6.0770
 16   -86.8727     2.7487  -185.9287     4.5271    78.7612     8.7047    20.2962     6.1681
 17   -87.0652     2.6106  -186.6333     4.4799    80.2586     8.7078    19.3108     6.1199
 18   -87.2732     2.4962  -186.2613     4.2888    80.9482     8.3248    18.0412     6.3039
 19   -87.3994     2.3746  -186.5518     4.0982    81.9775     8.1392    17.1762     6.2088
 20   -87.7270     2.3461  -187.0542     4.0156    82.7671     7.8813    16.5614     6.0171
 21   -88.0150     2.3047  -187.4609     3.9053    83.5144     7.6442    15.9329     5.8599
 22   -88.2116     2.2323  -187.8730     3.8137    84.1956     7.4147    15.4672     5.6643
 23   -88.2808     2.1376  -187.8197     3.6456    84.0328     7.0924    15.5074     5.4130
 24   -88.3148     2.0477  -187.8171     3.4904    83.3723     6.9178    16.1312     5.3306
 25   -87.9684     2.0827  -187.8206     3.3479    83.2720     6.6383    16.5815     5.1916
 26   -87.8983     2.0059  -187.9311     3.2242    82.9316     6.4141    17.1025     5.0956
 27   -87.7644     1.9487  -187.8293     3.1091    82.6025     6.2070    17.4637     4.9562
 28   -87.8786     1.8917  -187.9603     3.0075    82.5763     5.9814    17.5067     4.7767
 29   -87.7292     1.8496  -187.6241     2.9788    83.0435     5.8467    16.8527     4.7911
 30   -87.6800     1.7896  -187.6335     2.8778    82.8645     5.6598    17.0903     4.6530
 31   -87.4705     1.7809  -187.3207     2.8529    82.8249     5.4747    17.0266     4.5022
 32   -87.4556     1.7246  -187.3379     2.7625    82.4967     5.3413    17.3869     4.4184
 33   -87.3000     1.7002  -186.8956     2.8198    81.9719     5.2823    17.6251     4.3088
 34   -87.1814     1.6664  -186.4326     2.8881    81.7222     5.1489    17.5304     4.1844
 35   -87.2540     1.6246  -186.3656     2.8076    81.1805     5.1156    17.9325     4.1419
 36   -87.1807     1.5856  -186.3695     2.7285    80.9934     4.9855    18.1967     4.0597
 37   -87.0662     1.5591  -186.3920     2.6541    80.8563     4.8567    18.4708     3.9864
 38   -87.0070     1.5221  -186.3781     2.5835    80.5911     4.7568    18.7813     3.9294
 39   -86.9251     1.4916  -186.3605     2.5166    80.4204     4.6458    19.0163     3.8561
 40   -86.9937     1.4603  -186.1448     2.4905    80.1107     4.5703    19.0418     3.7588
 41   -86.7917     1.4804  -186.0363     2.4387    79.9827     4.4648    19.2633     3.6926
 42   -86.7757     1.4451  -185.8692     2.4033    79.6278     4.4146    19.4670     3.6266
 43   -86.5093     1.5083  -185.4400     2.4988    79.3633     4.3431    19.5688     3.5471
 44   -86.5691     1.4785  -185.4846     2.4430    79.1301     4.2688    19.7868     3.4929
 45   -86.6023     1.4468  -185.4041     2.3935    78.8352     4.2143    19.9680     3.4336
 46   -86.6334     1.4164  -185.4851     2.3465    78.6660     4.1356    20.1871     3.3866
 47   -86.7278     1.3987  -185.5595     2.3008    78.4412     4.0715    20.3918     3.3389
 48   -86.7324     1.3693  -185.6119     2.2548    78.2757     3.9995    20.6051     3.2963
 49   -86.7574     1.3420  -185.6448     2.2093    78.1110     3.9309    20.7778     3.2468
 50   -86.7453     1.3151  -185.6240     2.1651    77.9368     3.8672    20.9432     3.1983
 
 Mesh error is    3.131 kcal/mol
