 ERmod 0.3.7, Copyright (C) 2000-2019 Nobuyuki Matubayasi
                            2010-2019 Shun Sakuraba
 ERmod comes with ABSOLUTELY NO WARRANTY.
 This is free software, and you can redistribute it
 and/or modify it under certain conditions.
 See LICENSE file for details.
 ERmod 0.3.7, Copyright (C) 2000-2019 Nobuyuki Matubayasi
                            2010-2019 Shun Sakuraba
 ERmod comes with ABSOLUTELY NO WARRANTY.
 This is free software, and you can redistribute it
 and/or modify it under certain conditions.
 See LICENSE file for details.
 
  Number of the   1-th solvent  =          109
  Number of the   2-th solvent  =          109
  Number of the   3-th solvent  =        10000
 
  Be sure that the solvent distribution is homogeneous (radial distribution function is essentially unity) when the solvent molecule is separated beyond distance of   10.0 Angstrom in any direction from any atom within the solute molecule
 
  LJ long-range correction    =        -0.0341     -0.0065     -1.3221
 
  Self-energy of the solute   =        -0.0026  kcal/mol
 
 
 cumulative average & 95% error for solvation energy
              total             1st component         2nd component         3rd component
  1   -89.4046               -5.5967                0.0874              -83.8928
  2   -89.4895     0.1697    -6.0781     0.9628    -0.5674     1.3095   -82.8414     2.1027
  3   -89.6182     0.2755    -5.8906     0.6706    -2.2133     3.3777   -81.5117     2.9234
  4   -89.7139     0.2730    -6.1395     0.6876    -2.6726     2.5589   -80.8992     2.4029
  5   -89.7010     0.2131    -5.2710     1.8169    -3.0827     2.1451   -81.3447     2.0636
  6   -89.9107     0.4542    -5.4125     1.5102    -4.5524     3.4215   -79.9433     3.2702
  7   -89.7968     0.4464    -5.7844     1.4773    -3.5116     3.5630   -80.4983     2.9784
  8   -89.8025     0.3867    -5.6880     1.2938    -3.6518     3.0984   -80.4602     2.5805
  9   -89.8938     0.3868    -5.5097     1.1954    -4.5213     3.2389   -79.8602     2.5728
 10   -89.8012     0.3924    -5.3963     1.0930    -4.0003     3.0787   -80.4020     2.5436
 
 
 group  inft  solvation free energy     error          difference
  total solvation free energy
   1      0        -19.62345           0.24601           0.00916
   1     60        -19.66514           0.24606          -0.03253
   1     80        -20.07726           0.24581          -0.44464
   1    100        -21.71410           0.24713          -2.08148
   2      0        -19.63154           0.24200           0.00107
   3      0        -19.63262           0.24576           0.00000
   4      0        -19.62608           0.24886           0.00654
   5      0        -19.63899           0.25052          -0.00637
   5     60        -19.69232           0.25051          -0.05971
   5     80        -20.21754           0.25024          -0.58493
   5    100        -21.72532           0.25184          -2.09271
 
  contribution from  1-th solvent component
   1      0         -3.88547           0.54936          -0.17981
   1     60         -3.88581           0.54934          -0.18015
   1     80         -3.88949           0.54925          -0.18383
   1    100         -3.90363           0.54892          -0.19797
   2      0         -3.74144           0.55895          -0.03578
   3      0         -3.70566           0.56222           0.00000
   4      0         -3.65130           0.56375           0.05436
   5      0         -3.65862           0.56449           0.04704
   5     60         -3.65917           0.56448           0.04649
   5     80         -3.66416           0.56438           0.04150
   5    100         -3.67843           0.56412           0.02723
 
  contribution from  2-th solvent component
   1      0         -0.76760           1.58808           0.14328
   1     60         -0.76735           1.58807           0.14353
   1     80         -0.76516           1.58815           0.14573
   1    100         -0.75638           1.58872           0.15450
   2      0         -0.88473           1.58414           0.02616
   3      0         -0.91089           1.58107           0.00000
   4      0         -0.96371           1.57469          -0.05282
   5      0         -0.96360           1.56970          -0.05271
   5     60         -0.96303           1.56969          -0.05214
   5     80         -0.95972           1.56979          -0.04883
   5    100         -0.95105           1.57022          -0.04016
 
  contribution from  3-th solvent component
   1      0        -14.96780           1.61457           0.04569
   1     60        -15.00941           1.61457           0.00409
   1     80        -15.42004           1.61436          -0.40655
   1    100        -17.05151           1.61824          -2.03801
   2      0        -15.00281           1.61657           0.01069
   3      0        -15.01349           1.61749           0.00000
   4      0        -15.00850           1.61630           0.00499
   5      0        -15.01420           1.61638          -0.00070
   5     60        -15.06756           1.61634          -0.05406
   5     80        -15.59109           1.61622          -0.57760
   5    100        -17.09328           1.62028          -2.07978
 
 
 group  inft   Estimated free energy: total (kcal/mol)
   1      0     -19.9668     -19.9492     -19.4078     -19.8201     -19.7064
                -20.0253     -19.7471     -19.4849     -18.7300     -19.3969
   1     60     -20.0084     -19.9910     -19.4495     -19.8619     -19.7483
                -20.0671     -19.7886     -19.5267     -18.7714     -19.4385
   1     80     -20.4193     -20.4023     -19.8628     -20.2742     -20.1616
                -20.4794     -20.1990     -19.9400     -19.1841     -19.8497
   1    100     -22.0633     -22.0371     -21.4998     -21.9111     -21.8028
                -22.1095     -21.8364     -21.5781     -20.8106     -21.4922
   2      0     -19.8686     -20.0079     -19.3819     -19.8279     -19.7446
                -20.0186     -19.8195     -19.3845     -18.7712     -19.4908
   3      0     -19.8173     -20.0361     -19.3562     -19.8531     -19.7695
                -19.9808     -19.8699     -19.3771     -18.7613     -19.5049
   4      0     -19.7935     -20.0419     -19.3691     -19.8183     -19.7813
                -19.9957     -19.8914     -19.2844     -18.7723     -19.5130
   5      0     -19.8116     -20.0570     -19.3811     -19.8359     -19.7764
                -19.9588     -19.9492     -19.3309     -18.7566     -19.5324
   5     60     -19.8648     -20.1103     -19.4346     -19.8894     -19.8299
                -20.0121     -20.0023     -19.3845     -18.8098     -19.5855
   5     80     -20.3891     -20.6341     -19.9609     -20.4150     -20.3567
                -20.5376     -20.5261     -19.9107     -19.3354     -20.1097
   5    100     -21.9042     -22.1422     -21.4674     -21.9227     -21.8693
                -22.0369     -22.0358     -21.4197     -20.8322     -21.6228
 
 group  inft   Estimated free energy: 1-th solvent contribution (kcal/mol)
   1      0      -3.8474      -4.6352      -3.8016      -4.6389      -2.4347
                 -4.5509      -5.2227      -3.4504      -3.0853      -3.1877
   1     60      -3.8477      -4.6355      -3.8019      -4.6392      -2.4351
                 -4.5512      -5.2230      -3.4507      -3.0857      -3.1880
   1     80      -3.8512      -4.6388      -3.8057      -4.6429      -2.4390
                 -4.5551      -5.2264      -3.4543      -3.0897      -3.1917
   1    100      -3.8649      -4.6507      -3.8207      -4.6572      -2.4541
                 -4.5700      -5.2398      -3.4681      -3.1048      -3.2060
   2      0      -3.6648      -4.5166      -3.6334      -4.5271      -2.3069
                 -4.4300      -5.1170      -3.1920      -2.9529      -3.0738
   3      0      -3.5959      -4.5050      -3.5969      -4.4943      -2.2862
                 -4.3773      -5.1074      -3.1493      -2.8996      -3.0447
   4      0      -3.5093      -4.4611      -3.5501      -4.4391      -2.2479
                 -4.3448      -5.0577      -3.0312      -2.8761      -2.9956
   5      0      -3.5266      -4.4624      -3.5699      -4.4507      -2.2348
                 -4.3145      -5.0795      -3.0684      -2.8611      -3.0183
   5     60      -3.5272      -4.4629      -3.5705      -4.4512      -2.2353
                 -4.3151      -5.0800      -3.0690      -2.8616      -3.0188
   5     80      -3.5322      -4.4673      -3.5757      -4.4562      -2.2406
                 -4.3202      -5.0847      -3.0740      -2.8669      -3.0238
   5    100      -3.5465      -4.4802      -3.5904      -4.4705      -2.2554
                 -4.3348      -5.0983      -3.0883      -2.8817      -3.0382
 
 group  inft   Estimated free energy: 2-th solvent contribution (kcal/mol)
   1      0       1.2693       0.6738      -1.6421      -0.9690      -0.9646
                 -4.9949       2.6455      -1.1543      -4.3924       1.8527
   1     60       1.2696       0.6741      -1.6418      -0.9687      -0.9644
                 -4.9947       2.6456      -1.1540      -4.3922       1.8530
   1     80       1.2718       0.6759      -1.6397      -0.9666      -0.9620
                 -4.9926       2.6483      -1.1518      -4.3901       1.8553
   1    100       1.2802       0.6849      -1.6312      -0.9590      -0.9519
                 -4.9859       2.6593      -1.1432      -4.3820       1.8650
   2      0       1.2239       0.5326      -1.7446      -1.0545      -1.0963
                 -5.0808       2.5084      -1.2830      -4.5353       1.6824
   3      0       1.2143       0.5026      -1.7542      -1.0973      -1.1321
                 -5.0927       2.4622      -1.3052      -4.5618       1.6554
   4      0       1.1638       0.4540      -1.8069      -1.1211      -1.1921
                 -5.1373       2.3753      -1.3373      -4.6118       1.5764
   5      0       1.1614       0.4553      -1.7953      -1.1294      -1.1826
                 -5.1278       2.3446      -1.3383      -4.6036       1.5796
   5     60       1.1619       0.4559      -1.7947      -1.1289      -1.1820
                 -5.1273       2.3452      -1.3376      -4.6030       1.5802
   5     80       1.1653       0.4591      -1.7914      -1.1258      -1.1784
                 -5.1243       2.3487      -1.3342      -4.5998       1.5838
   5    100       1.1736       0.4675      -1.7826      -1.1182      -1.1692
                 -5.1173       2.3587      -1.3249      -4.5918       1.5936
 
 group  inft   Estimated free energy: 3-th solvent contribution (kcal/mol)
   1      0     -17.3862     -15.9853     -13.9616     -14.2097     -16.3046
                -10.4770     -17.1672     -14.8776     -11.2496     -18.0594
   1     60     -17.4277     -16.0271     -14.0033     -14.2514     -16.3462
                -10.5186     -17.2086     -14.9195     -11.2910     -18.1008
   1     80     -17.8373     -16.4369     -14.4148     -14.6622     -16.7580
                -10.9291     -17.6184     -15.3313     -11.7017     -18.5107
   1    100     -19.4760     -18.0687     -16.0453     -16.2922     -18.3942
                -12.5511     -19.2534     -16.9643     -13.3213     -20.1486
   2      0     -17.4251     -16.0213     -14.0013     -14.2437     -16.3389
                -10.5053     -17.2083     -14.9070     -11.2804     -18.0968
   3      0     -17.4331     -16.0311     -14.0025     -14.2589     -16.3487
                -10.5082     -17.2221     -14.9200     -11.2973     -18.1130
   4      0     -17.4454     -16.0322     -14.0095     -14.2554     -16.3387
                -10.5110     -17.2065     -14.9133     -11.2818     -18.0911
   5      0     -17.4438     -16.0473     -14.0133     -14.2533     -16.3565
                -10.5138     -17.2117     -14.9216     -11.2894     -18.0912
   5     60     -17.4969     -16.1007     -14.0669     -14.3067     -16.4100
                -10.5672     -17.2648     -14.9753     -11.3427     -18.1443
   5     80     -18.0196     -16.6233     -14.5912     -14.8304     -16.9352
                -11.0905     -17.7875     -15.5000     -11.8661     -18.6671
   5    100     -19.5288     -18.1269     -16.0919     -16.3314     -18.4422
                -12.5821     -19.2937     -17.0040     -13.3562     -20.1757
 
 
 cumulative average & 95% error for solvation free energy
              total             1st component         2nd component         3rd component
  1   -19.8173               -3.5959                1.2143              -17.4331
  2   -19.9267     0.2188    -4.0504     0.9091     0.8585     0.7117   -16.7321     1.4020
  3   -19.7365     0.4007    -3.8993     0.6057    -0.0124     1.7896   -15.8223     1.9917
  4   -19.7657     0.2893    -4.0480     0.5215    -0.2837     1.3768   -15.4314     1.6107
  5   -19.7665     0.2241    -3.6957     0.8123    -0.4533     1.1192   -15.6149     1.3005
  6   -19.8022     0.1964    -3.8093     0.7011    -1.2266     1.7963   -14.7638     2.0063
  7   -19.8118     0.1671    -3.9947     0.6990    -0.6996     1.8481   -15.1149     1.8353
  8   -19.7575     0.1810    -3.8890     0.6412    -0.7753     1.6076   -15.0906     1.5902
  9   -19.6468     0.2729    -3.7791     0.6068    -1.1960     1.6487   -14.6691     1.6363
 10   -19.6326     0.2458    -3.7057     0.5622    -0.9109     1.5811   -15.0135     1.6175
