 ERmod 0.3.7, Copyright (C) 2000-2019 Nobuyuki Matubayasi
                            2010-2019 Shun Sakuraba
 ERmod comes with ABSOLUTELY NO WARRANTY.
 This is free software, and you can redistribute it
 and/or modify it under certain conditions.
 See LICENSE file for details.
 ERmod 0.3.7, Copyright (C) 2000-2019 Nobuyuki Matubayasi
                            2010-2019 Shun Sakuraba
 ERmod comes with ABSOLUTELY NO WARRANTY.
 This is free software, and you can redistribute it
 and/or modify it under certain conditions.
 See LICENSE file for details.
 
  Number of the   1-th solvent  =          109
  Number of the   2-th solvent  =          109
  Number of the   3-th solvent  =        10000
 
  Be sure that the solvent distribution is homogeneous (radial distribution function is essentially unity) when the solvent molecule is separated beyond distance of   10.0 Angstrom in any direction from any atom within the solute molecule
 
  LJ long-range correction    =        -0.0838     -0.0159     -3.2437
 
  Self-energy of the solute   =         0.0003  kcal/mol
 
 
 cumulative average & 95% error for solvation energy
              total             1st component         2nd component         3rd component
  1  -210.8124              -15.5424                2.2414             -197.5117
  2  -211.2624     0.9000   -13.7613     3.5622    -3.7398    11.9624  -193.7616     7.5002
  3  -211.1094     0.6030   -13.4351     2.1577    -3.2417     6.9780  -194.4330     4.5337
  4  -210.8682     0.6438   -13.7351     1.6394    -0.6352     7.1777  -196.4982     5.2285
  5  -210.7691     0.5367   -14.1192     1.4841     0.8657     6.3185  -197.5159     4.5327
  6  -210.6437     0.5049   -14.3268     1.2810     2.0567     5.6823  -198.3739     4.0794
  7  -210.6385     0.4268   -14.5130     1.1449     2.5653     4.9090  -198.6911     3.5056
  8  -211.3531     1.4762   -14.3092     1.0719    -3.6616    13.1594  -193.3825    11.0427
  9  -211.7967     1.5755   -13.9968     1.1332    -7.7077    14.1482  -190.0925    11.7533
 10  -211.7708     1.4101   -14.0742     1.0253    -7.6284    12.6555  -190.0685    10.5126
 
 
 group  inft  solvation free energy     error          difference
  total solvation free energy
   1      0        -43.84994           0.96270           0.16908
   1     60        -43.94410           0.96325           0.07493
   1     80        -44.88528           0.96944          -0.86625
   1    100        -48.60550           0.99317          -4.58648
   2      0        -43.95184           0.94253           0.06719
   3      0        -44.01902           0.95762           0.00000
   4      0        -43.96230           0.92054           0.05672
   5      0        -44.03441           0.93821          -0.01539
   5     60        -44.15568           0.93911          -0.13666
   5     80        -45.35065           0.94530          -1.33163
   5    100        -48.79185           0.96675          -4.77283
 
  contribution from  1-th solvent component
   1      0        -10.98725           0.48001          -0.21160
   1     60        -10.98674           0.47980          -0.21109
   1     80        -10.99525           0.47968          -0.21960
   1    100        -11.02756           0.47888          -0.25191
   2      0        -10.81456           0.47622          -0.03891
   3      0        -10.77565           0.47629           0.00000
   4      0        -10.69183           0.46010           0.08382
   5      0        -10.71146           0.46322           0.06419
   5     60        -10.71236           0.46322           0.06329
   5     80        -10.72242           0.46302           0.05323
   5    100        -10.75371           0.46258           0.02194
 
  contribution from  2-th solvent component
   1      0          0.32875           6.17715           0.24572
   1     60          0.33026           6.17701           0.24723
   1     80          0.33560           6.17697           0.25258
   1    100          0.36817           6.17639           0.28514
   2      0          0.15300           6.18219           0.06997
   3      0          0.08303           6.18221           0.00000
   4      0          0.02097           6.17679          -0.06205
   5      0          0.02014           6.17871          -0.06289
   5     60          0.02075           6.17868          -0.06227
   5     80          0.02939           6.17872          -0.05363
   5    100          0.05401           6.17814          -0.02901
 
  contribution from  3-th solvent component
   1      0        -33.19175           6.67511           0.13496
   1     60        -33.28792           6.67562           0.03878
   1     80        -34.22593           6.68119          -0.89922
   1    100        -37.94642           6.70422          -4.61971
   2      0        -33.29058           6.67462           0.03613
   3      0        -33.32670           6.68618           0.00000
   4      0        -33.29175           6.66958           0.03496
   5      0        -33.34339           6.68078          -0.01668
   5     60        -33.46438           6.68155          -0.13767
   5     80        -34.65793           6.68751          -1.33123
   5    100        -38.09246           6.70866          -4.76576
 
 
 group  inft   Estimated free energy: total (kcal/mol)
   1      0     -44.2082     -43.8608     -45.5989     -44.5742     -44.4110
                -44.4699     -44.5644     -40.4976     -41.7909     -44.5234
   1     60     -44.3025     -43.9557     -45.6935     -44.6683     -44.5055
                -44.5638     -44.6580     -40.5892     -41.8845     -44.6198
   1     80     -45.2455     -44.9005     -46.6427     -45.6120     -45.4492
                -45.5064     -45.6039     -41.5082     -42.8113     -45.5729
   1    100     -48.9759     -48.6271     -50.3842     -49.3520     -49.1837
                -49.2435     -49.3489     -45.1436     -46.4740     -49.3221
   2      0     -44.2942     -43.8991     -45.6137     -44.7452     -44.5466
                -44.5997     -44.7242     -40.6603     -41.9538     -44.4816
   3      0     -44.4384     -43.9710     -45.6685     -44.8660     -44.5991
                -44.6750     -44.8198     -40.6615     -41.9926     -44.4984
   4      0     -44.3739     -43.8514     -45.5418     -44.7749     -44.5332
                -44.6339     -44.7587     -40.7586     -41.9968     -44.3997
   5      0     -44.4878     -44.0006     -45.5738     -44.8991     -44.6264
                -44.6608     -44.8688     -40.7298     -42.0471     -44.4499
   5     60     -44.6093     -44.1221     -45.6961     -45.0204     -44.7481
                -44.7823     -44.9907     -40.8478     -42.1663     -44.5738
   5     80     -45.8075     -45.3208     -46.8974     -46.2181     -45.9452
                -45.9781     -46.1924     -42.0205     -43.3455     -45.7810
   5    100     -49.2596     -48.7655     -50.3554     -49.6781     -49.4048
                -49.4362     -49.6572     -45.3889     -46.7291     -49.2436
 
 group  inft   Estimated free energy: 1-th solvent contribution (kcal/mol)
   1      0     -11.4801     -10.0812     -10.6004     -11.3682     -11.5882
                -11.7152     -11.8035     -10.3444      -9.6493     -11.2421
   1     60     -11.4796     -10.0808     -10.5998     -11.3675     -11.5873
                -11.7144     -11.8025     -10.3446      -9.6494     -11.2415
   1     80     -11.4880     -10.0895     -10.6086     -11.3757     -11.5959
                -11.7225     -11.8109     -10.3530      -9.6583     -11.2501
   1    100     -11.5195     -10.1226     -10.6421     -11.4073     -11.6267
                -11.7529     -11.8422     -10.3855      -9.6935     -11.2832
   2      0     -11.1904      -9.9355     -10.4088     -11.2682     -11.3744
                -11.5393     -11.6876     -10.1502      -9.5091     -11.0821
   3      0     -11.1275      -9.9247     -10.3924     -11.2459     -11.3494
                -11.4891     -11.6448     -10.0550      -9.4728     -11.0548
   4      0     -11.0031      -9.8645     -10.3008     -11.1704     -11.1914
                -11.3998     -11.5536     -10.0434      -9.4232     -10.9680
   5      0     -11.0311      -9.9215     -10.3180     -11.1985     -11.2388
                -11.3995     -11.5777      -9.9931      -9.4420     -10.9944
   5     60     -11.0321      -9.9224     -10.3189     -11.1994     -11.2397
                -11.4004     -11.5785      -9.9939      -9.4429     -10.9954
   5     80     -11.0424      -9.9326     -10.3294     -11.2091     -11.2497
                -11.4099     -11.5880     -10.0040      -9.4536     -11.0056
   5    100     -11.0735      -9.9643     -10.3616     -11.2396     -11.2806
                -11.4399     -11.6185     -10.0352      -9.4863     -11.0375
 
 group  inft   Estimated free energy: 2-th solvent contribution (kcal/mol)
   1      0       5.0673      -0.8233       2.1049       7.9243       7.6131
                  8.4787       6.9976     -18.4482     -15.7124       0.0857
   1     60       5.0685      -0.8218       2.1063       7.9257       7.6142
                  8.4800       6.9995     -18.4459     -15.7108       0.0868
   1     80       5.0751      -0.8174       2.1107       7.9311       7.6195
                  8.4862       7.0048     -18.4389     -15.7063       0.0911
   1    100       5.1097      -0.7886       2.1396       7.9643       7.6527
                  8.5210       7.0384     -18.4021     -15.6711       0.1178
   2      0       4.8023      -0.9310       2.0030       7.7444       7.3851
                  8.2704       6.8045     -18.7034     -15.9120       0.0666
   3      0       4.6337      -0.9801       1.9907       7.6507       7.3438
                  8.1880       6.7190     -18.8058     -15.9781       0.0683
   4      0       4.5539      -0.9604       1.9727       7.6000       7.2204
                  8.0729       6.6270     -18.8913     -16.0319       0.0467
   5      0       4.5219      -0.9801       2.0055       7.5713       7.2205
                  8.1101       6.6193     -18.9157     -16.0214       0.0700
   5     60       4.5226      -0.9795       2.0061       7.5718       7.2211
                  8.1106       6.6200     -18.9149     -16.0207       0.0705
   5     80       4.5317      -0.9718       2.0147       7.5806       7.2301
                  8.1200       6.6285     -18.9059     -16.0123       0.0786
   5    100       4.5564      -0.9498       2.0388       7.6047       7.2547
                  8.1459       6.6525     -18.8791     -15.9849       0.1008
 
 group  inft   Estimated free energy: 3-th solvent contribution (kcal/mol)
   1      0     -37.7957     -32.9566     -37.1037     -41.1306     -40.4363
                -41.2337     -39.7588     -11.7052     -16.4295     -33.3673
   1     60     -37.8918     -33.0534     -37.2003     -41.2268     -40.5327
                -41.3298     -39.8554     -11.7990     -16.5247     -33.4654
   1     80     -38.8330     -33.9939     -38.1451     -42.1677     -41.4731
                -42.2704     -40.7982     -12.7166     -17.4469     -34.4143
   1    100     -42.5664     -37.7162     -41.8819     -45.9093     -45.2100
                -46.0118     -44.5454     -16.3564     -21.1097     -38.1570
   2      0     -37.9065     -33.0329     -37.2083     -41.2216     -40.5576
                -41.3311     -39.8414     -11.8070     -16.5329     -33.4664
   3      0     -37.9449     -33.0665     -37.2672     -41.2711     -40.5938
                -41.3742     -39.8943     -11.8010     -16.5419     -33.5122
   4      0     -37.9250     -33.0268     -37.2140     -41.2048     -40.5624
                -41.3073     -39.8324     -11.8241     -16.5420     -33.4786
   5      0     -37.9789     -33.0994     -37.2616     -41.2722     -40.6084
                -41.3717     -39.9106     -11.8213     -16.5841     -33.5257
   5     60     -38.1001     -33.2205     -37.3836     -41.3932     -40.7299
                -41.4928     -40.0324     -11.9392     -16.7030     -33.6492
   5     80     -39.2971     -34.4167     -38.5830     -42.5898     -41.9259
                -42.6885     -41.2332     -13.1109     -17.8799     -34.8542
   5    100     -42.7428     -37.8517     -42.0329     -46.0435     -45.3792
                -46.1425     -44.6916     -16.4749     -21.2582     -38.3073
 
 
 cumulative average & 95% error for solvation free energy
              total             1st component         2nd component         3rd component
  1   -44.4384              -11.1275                4.6337              -37.9449
  2   -44.2047     0.4673   -10.5261     1.2028     1.8268     5.6138   -35.5057     4.8784
  3   -44.6927     1.0125   -10.4815     0.7001     1.8814     3.2430   -36.0929     3.0515
  4   -44.7360     0.7212   -10.6726     0.6254     3.3238     3.6851   -37.3874     3.3704
  5   -44.7086     0.5613   -10.8080     0.5550     4.1278     3.2762   -38.0287     2.9087
  6   -44.7030     0.4584   -10.9215     0.5068     4.8045     2.9979   -38.5863     2.6237
  7   -44.7197     0.3889   -11.0248     0.4756     5.0780     2.5921   -38.7731     2.2487
  8   -44.2124     1.0690   -10.9036     0.4779     2.0925     6.3790   -35.4016     7.0186
  9   -43.9658     1.0640   -10.7446     0.5280     0.0847     6.9119   -33.3061     7.4752
 10   -44.0190     0.9576   -10.7757     0.4763     0.0830     6.1822   -33.3267     6.6862
 
 Warning: mesh error is    0.169 kcal/mol and is larger than the threshold value of    0.100 kcal/mol
