 ERmod 0.3.8, Copyright (C) 2000-2019 Nobuyuki Matubayasi
                            2010-2019 Shun Sakuraba
 ERmod comes with ABSOLUTELY NO WARRANTY.
 This is free software, and you can redistribute it
 and/or modify it under certain conditions.
 See LICENSE file for details.
 ERmod 0.3.8, Copyright (C) 2000-2019 Nobuyuki Matubayasi
                            2010-2019 Shun Sakuraba
 ERmod comes with ABSOLUTELY NO WARRANTY.
 This is free software, and you can redistribute it
 and/or modify it under certain conditions.
 See LICENSE file for details.
 
  Number of the   1-th solvent  =          792
  Number of the   2-th solvent  =          792
  Number of the   3-th solvent  =        10000
 
  Be sure that the solvent distribution is homogeneous (radial distribution function is essentially unity) when the solvent molecule is separated beyond distance of   10.0 Angstrom in any direction from any atom within the solute molecule
 
  LJ long-range correction    =        -1.3175     -0.2494     -7.0203
 
  Self-energy of the solute   =        -0.0019  kcal/mol
 
 
 cumulative average & 95% error for solvation energy
              total             1st component         2nd component         3rd component
  1  -513.6312             -198.7265               24.1736             -339.0764
  2  -514.6049     1.9473  -194.4850     8.4830    13.6268    21.0935  -333.7448    10.6632
  3  -516.3415     3.6506  -191.3626     7.9363    -4.2233    37.7204  -320.7536    26.7018
  4  -514.3683     4.7156  -196.5631    11.8183    14.5708    46.0900  -332.3741    29.9438
  5  -513.0892     4.4594  -197.9047     9.5396    30.3557    47.6574  -345.5384    35.0881
  6  -512.5618     3.7908  -199.7009     8.5776    38.2438    41.9886  -351.1028    30.7349
  7  -512.9259     3.2855  -197.9863     8.0196    36.0393    35.7597  -350.9770    25.9770
  8  -513.5232     3.0859  -197.9455     6.9456    28.4457    34.4923  -344.0214    26.4503
  9  -513.0276     2.8963  -198.7088     6.3128    32.1215    31.2950  -346.4384    23.8226
 10  -513.1866     2.6100  -199.4127     5.8192    31.5423    28.0151  -345.3142    21.4259
 11  -513.0873     2.3692  -198.6697     5.4695    30.3246    25.4573  -344.7403    19.4144
 12  -512.9915     2.1712  -198.7386     4.9948    30.4447    23.2405  -344.6958    17.7231
 13  -513.3277     2.1073  -199.0205     4.6290    28.4369    21.7521  -342.7421    16.7645
 14  -513.4639     1.9699  -199.0838     4.2875    25.8873    20.7740  -340.2654    16.2922
 15  -513.7072     1.8974  -199.3190     4.0191    23.7424    19.8096  -338.1286    15.7578
 16  -513.5404     1.8059  -199.7330     3.8496    25.0221    18.7061  -338.8277    14.8062
 17  -513.2277     1.8080  -199.7054     3.6165    27.6699    18.3520  -341.1903    14.6888
 18  -513.1045     1.7223  -198.7498     3.9087    28.3045    17.3489  -342.6573    14.1561
 19  -512.8620     1.6998  -199.3005     3.8578    30.6940    17.0921  -344.2536    13.7657
 20  -512.8841     1.6132  -198.6463     3.8866    30.9993    16.2265  -345.2352    13.2060
 21  -513.2029     1.6616  -198.1977     3.8043    27.9411    16.6023  -342.9443    13.3709
 22  -513.8468     2.0417  -197.1832     4.1561    22.7763    18.9018  -339.4380    14.5501
 23  -514.1010     2.0161  -195.7626     4.8830    19.0910    19.5073  -337.4274    14.4729
 24  -514.4482     2.0514  -194.9007     4.9828    16.2170    19.5413  -335.7627    14.2512
 25  -515.0171     2.2729  -194.1603     5.0035    11.5416    20.9464  -332.3965    15.2372
 26  -515.4306     2.3351  -192.8075     5.5163     7.5859    21.6239  -330.2072    15.2802
 27  -515.4520     2.2474  -191.8668     5.6316     6.3213    20.9607  -329.9045    14.7159
 28  -515.7100     2.2263  -190.9708     5.7150     3.6513    20.8922  -328.3886    14.5010
 29  -515.7533     2.1499  -190.4257     5.6211     3.1256    20.1863  -328.4514    13.9926
 30  -515.7829     2.0778  -190.5176     5.4336     3.2491    19.5034  -328.5125    13.5187
 31  -515.7851     2.0097  -190.9785     5.3356     4.0699    18.9351  -328.8746    13.0954
 32  -515.5811     1.9882  -191.4302     5.2446     6.2130    18.8282  -330.3620    13.0239
 33  -515.6118     1.9279  -191.4057     5.0835     5.8913    18.2601  -330.0955    12.6343
 34  -515.4252     1.9072  -191.8410     5.0079     7.9842    18.2027  -331.5665    12.6052
 35  -515.4313     1.8520  -191.9015     4.8643     8.0811    17.6760  -331.6090    12.2400
 36  -515.4710     1.8015  -191.9656     4.7290     7.6235    17.2024  -331.1270    11.9342
 37  -515.2740     1.7959  -192.3223     4.6544     9.2523    17.0452  -332.2021    11.8046
 38  -515.2232     1.7510  -192.2455     4.5328     9.3521    16.5918  -332.3279    11.4925
 39  -515.2664     1.7077  -191.7826     4.5111     8.4241    16.2670  -331.9061    11.2257
 40  -515.2600     1.6645  -191.9893     4.4163     8.3547    15.8557  -331.6234    10.9561
 41  -515.2751     1.6237  -192.1783     4.3238     8.2707    15.4650  -331.3655    10.6980
 42  -515.2947     1.5850  -191.9067     4.2544     7.5689    15.1574  -330.9549    10.4724
 43  -515.2445     1.5510  -192.0688     4.1669     7.7702    14.8062  -330.9440    10.2260
 44  -515.1637     1.5239  -192.2705     4.0911     8.3271    14.5086  -331.2183    10.0059
 45  -515.2491     1.4994  -192.0964     4.0142     7.3706    14.3110  -330.5214     9.8798
 46  -515.2220     1.4675  -192.0306     3.9282     7.3139    13.9969  -330.5034     9.6627
 47  -515.3110     1.4469  -192.2817     3.8764     6.8278    13.7303  -329.8552     9.5434
 48  -515.2427     1.4230  -192.4273     3.8059     7.3822    13.4868  -330.1957     9.3672
 49  -515.3972     1.4275  -192.1077     3.7819     5.7858    13.5891  -329.0734     9.4447
 50  -515.6253     1.4711  -191.9467     3.7194     3.7102    13.9467  -327.3868     9.8494
 
 
 group  inft  solvation free energy     error          difference
  total solvation free energy
   1      0        -87.15907           1.52997           0.67812
   1     60        -87.58895           1.53003           0.24824
   1     80        -91.01959           1.53270          -3.18240
   1    100       -101.47697           1.54492         -13.63978
   2      0        -87.14770           1.53289           0.68949
   3      0        -87.83719           1.54108           0.00000
   4      0        -87.20777           1.54076           0.62942
   5      0        -89.34523           1.53765          -1.50804
   5     60        -89.92142           1.53784          -2.08423
   5     80        -94.10187           1.54138          -6.26468
   5    100       -103.64124           1.55262         -15.80405
 
  contribution from  1-th solvent component
   1      0       -150.25496           2.49184          -0.72974
   1     60       -150.29324           2.49187          -0.76802
   1     80       -150.59565           2.49212          -1.07042
   1    100       -151.50992           2.49402          -1.98469
   2      0       -149.64673           2.50802          -0.12150
   3      0       -149.52523           2.51323           0.00000
   4      0       -149.33468           2.51534           0.19054
   5      0       -150.93999           2.50946          -1.41476
   5     60       -150.99241           2.50952          -1.46718
   5     80       -151.36915           2.51009          -1.84392
   5    100       -152.20941           2.51217          -2.68419
 
  contribution from  2-th solvent component
   1      0         71.77164           6.60219           1.39734
   1     60         71.78650           6.60212           1.41220
   1     80         71.91541           6.60204           1.54112
   1    100         72.08100           6.60238           1.70671
   2      0         71.16636           6.60746           0.79206
   3      0         70.37430           6.60613           0.00000
   4      0         70.83815           6.60177           0.46386
   5      0         70.35076           6.60341          -0.02354
   5     60         70.38088           6.60342           0.00658
   5     80         70.52006           6.60333           0.14577
   5    100         70.70918           6.60346           0.33488
 
  contribution from  3-th solvent component
   1      0         -8.67385           5.27031           0.01051
   1     60         -9.08030           5.27126          -0.39594
   1     80        -12.33745           5.27998          -3.65309
   1    100        -22.04616           5.30435         -13.36180
   2      0         -8.66544           5.27088           0.01892
   3      0         -8.68436           5.27232           0.00000
   4      0         -8.70934           5.27156          -0.02498
   5      0         -8.75409           5.27233          -0.06973
   5     60         -9.30799           5.27374          -0.62363
   5     80        -13.25088           5.28396          -4.56652
   5    100        -22.13911           5.30644         -13.45475
 
 
 group  inft   Estimated free energy: total (kcal/mol)
   1      0    -100.5483     -91.6211     -82.8753     -87.6800     -91.7495
                -90.3420     -92.7620     -93.8530     -93.9232     -94.4048
                -78.6191     -81.4905     -87.2944     -87.9222     -80.1123
                -74.5540     -86.3875     -93.0268     -96.8807     -90.5942
                -88.4749     -90.4832     -83.7573     -85.4043     -90.5088
                -89.9304     -83.1872     -87.5438     -81.3278     -88.1893
                -91.7693     -93.9916     -88.9387     -93.5786     -87.7557
                -83.4225     -79.5175     -82.6755     -81.0153     -86.9642
                -88.3344     -82.1193     -78.3036     -87.2674     -78.2400
                -87.9648     -83.8709     -82.8932     -86.9692     -86.9141
   1     60    -100.9792     -92.0491     -83.3045     -88.1172     -92.1858
                -90.7768     -93.1954     -94.2820     -94.3563     -94.8370
                -79.0528     -81.9235     -87.7270     -88.3521     -80.5365
                -74.9831     -86.8250     -93.4614     -97.3123     -91.0234
                -88.8978     -90.9063     -84.1840     -85.8308     -90.9228
                -90.3536     -83.6130     -87.9695     -81.7554     -88.6188
                -92.1998     -94.4240     -89.3667     -94.0130     -88.1866
                -83.8518     -79.9543     -83.1086     -81.4443     -87.3952
                -88.7657     -82.5500     -78.7341     -87.7035     -78.6712
                -88.3968     -84.2997     -83.3276     -87.3936     -87.3287
   1     80    -104.4266     -95.4791     -86.7191     -91.5932     -95.6771
                -94.2590     -96.6584     -97.7025     -97.8250     -98.2838
                -82.4910     -85.3648     -91.1736     -91.7706     -83.9144
                -78.3952     -90.3085     -96.9532    -100.7786     -94.4750
                -92.2756     -94.2874     -87.5916     -89.2262     -94.2468
                -93.7396     -87.0114     -91.3731     -85.1892     -92.0577
                -95.6514     -97.8824     -92.7960     -97.4931     -91.6321
                -87.2661     -83.4283     -86.5556     -84.8629     -90.8282
                -92.2001     -85.9808     -82.1629     -91.1562     -82.0938
                -91.8297     -87.7072     -86.7737     -90.7719     -90.6596
   1    100    -114.9584    -105.9957     -97.1034    -102.1455    -106.3445
               -104.8750    -107.2052    -108.1176    -108.3967    -108.7854
                -92.9094     -95.8062    -101.6500    -102.1630     -94.2594
                -88.8210    -100.8923    -107.6293    -111.3825    -105.0292
               -102.6191    -104.6015     -97.9808     -99.5664    -104.5035
               -104.0933     -97.3689    -101.7658     -95.6627    -102.5291
               -106.1852    -108.4296    -103.2722    -108.1079    -102.1364
                -97.6544     -93.9908     -97.0324     -95.2725    -101.2606
               -102.6411     -96.4102     -92.5844    -101.6255     -92.4778
               -102.2680     -98.0908     -97.2482    -101.0432    -100.9563
   2      0    -100.7570     -91.5794     -83.0916     -87.7941     -91.2175
                -89.9727     -92.9049     -94.2546     -94.1093     -94.4519
                -78.5239     -81.3036     -86.6772     -87.9972     -80.3777
                -74.3447     -86.3492     -93.0300     -96.8278     -90.2971
                -88.5191     -90.3553     -83.5477     -85.3108     -90.4411
                -89.6920     -83.1902     -87.2600     -81.2696     -88.0753
                -91.6839     -94.1909     -88.8377     -93.5948     -87.4503
                -83.3899     -79.6493     -82.5720     -81.0288     -87.1310
                -88.2793     -82.1265     -78.2599     -87.6292     -78.3704
                -88.2759     -84.2162     -83.1200     -87.3472     -86.7094
   3      0    -101.6483     -92.2235     -83.4217     -88.4805     -91.8456
                -90.4942     -93.6865     -94.7960     -94.8991     -95.1976
                -79.1930     -81.9557     -87.2057     -88.7036     -81.1272
                -74.9253     -87.0953     -93.6110     -97.5867     -91.0025
                -89.3159     -91.1268     -84.2185     -86.0260     -91.0260
                -90.5471     -83.9803     -88.0409     -81.9286     -88.8575
                -92.4226     -95.0276     -89.4734     -94.2712     -88.0656
                -84.1057     -80.3717     -83.1684     -81.7689     -87.8453
                -89.0981     -82.6668     -78.9583     -88.4974     -79.0734
                -88.9656     -84.9339     -83.8299     -88.1073     -87.0417
   4      0    -100.8558     -91.7009     -83.0357     -87.7535     -91.1340
                -90.0172     -93.0119     -94.2949     -94.3961     -94.7381
                -78.5036     -81.5621     -86.4662     -88.0089     -80.4764
                -74.2391     -86.5403     -92.8974     -96.9699     -90.3972
                -88.7497     -90.4875     -83.5125     -85.4170     -90.5402
                -89.5371     -83.1280     -87.2915     -81.3894     -88.1359
                -91.6797     -94.2626     -88.8536     -93.7222     -87.3879
                -83.4187     -79.7750     -82.6049     -81.0129     -87.3525
                -88.3040     -82.0941     -78.2459     -87.8130     -78.4478
                -88.5230     -84.2148     -83.2374     -87.5715     -86.6789
   5      0    -103.0105     -93.8259     -85.1301     -89.9635     -93.6150
                -91.8556     -94.8011     -96.3279     -96.5714     -96.8758
                -80.5835     -83.7686     -88.4758     -90.1330     -82.7149
                -76.2734     -88.6042     -94.9857     -99.1470     -92.6291
                -90.6235     -92.6887     -86.0207     -87.6454     -92.6309
                -91.9070     -85.2913     -89.4287     -83.3150     -90.0446
                -93.8805     -96.4290     -90.8429     -95.7788     -89.5292
                -85.5721     -81.9529     -84.7730     -83.4205     -89.3387
                -90.5415     -84.3501     -80.4253     -90.0071     -80.5632
                -90.8957     -86.4204     -85.2941     -89.5484     -88.8101
   5     60    -103.5888     -94.3997     -85.7048     -90.5493     -94.1989
                -92.4402     -95.3824     -96.9038     -97.1528     -97.4543
                -81.1646     -84.3474     -89.0567     -90.7091     -83.2817
                -76.8469     -89.1906     -95.5684     -99.7265     -93.2065
                -91.1896     -93.2560     -86.5934     -88.2165     -93.1850
                -92.4744     -85.8614     -89.9996     -83.8895     -90.6221
                -94.4586     -97.0093     -91.4175     -96.3621     -90.1070
                -86.1472     -82.5370     -85.3532     -83.9950     -89.9168
                -91.1191     -84.9276     -81.0031     -90.5906     -81.1401
                -91.4738     -86.9946     -85.8763     -90.1158     -89.3654
   5     80    -107.7919     -98.5887     -89.8625     -94.7787     -98.4542
                -96.6875     -99.6008    -101.0721    -101.3783    -101.6495
                -85.3520     -88.5313     -93.2540     -94.8723     -87.4050
                -81.0092     -93.4344     -99.8212    -103.9546     -97.4186
                -95.3112     -97.3746     -90.7457     -92.3517     -97.2478
                -96.5990     -90.0032     -94.1485     -88.0746     -94.8177
                -98.6670    -101.2281     -95.6003    -100.6021     -94.3048
                -90.3071     -86.7638     -89.5474     -88.1556     -94.0962
                -95.2979     -89.1046     -85.1793     -94.7961     -85.3042
                -95.6547     -91.1494     -90.0780     -94.2274     -93.4389
   5    100    -117.4005    -108.1807     -99.3345    -104.4082    -108.1889
               -106.3796    -109.2194    -110.5779    -111.0224    -111.2265
                -94.8607     -98.0525    -102.8076    -104.3500     -96.8350
                -90.5106    -103.0957    -109.5580    -113.6301    -107.0521
               -104.7413    -106.7824    -100.2230    -101.7811    -106.5968
               -106.0361     -99.4589    -103.6244     -97.6321    -104.3783
               -108.2741    -110.8638    -105.1535    -110.2912    -103.8825
                -99.7773     -96.4008     -99.1018     -97.6471    -103.6047
               -104.8219     -98.6216     -94.6872    -104.3520     -94.7715
               -105.1809    -100.6228     -99.6399    -103.5973    -102.8249
 
 group  inft   Estimated free energy: 1-th solvent contribution (kcal/mol)
   1      0    -161.6989    -150.7666    -142.6312    -163.2872    -154.5368
               -157.1691    -150.4337    -159.5734    -163.6389    -162.5752
               -145.9828    -152.3067    -153.9121    -154.4785    -155.1360
               -152.4599    -154.3881    -145.5196    -165.8500    -149.7684
               -152.5775    -141.4974    -132.6045    -142.4855    -142.5117
               -132.1323    -136.8511    -135.1433    -134.9983    -151.6040
               -158.0617    -163.5538    -150.5256    -160.9436    -147.2631
               -149.5844    -150.7210    -145.3736    -135.8485    -156.9403
               -157.5592    -140.1410    -149.8745    -158.9004    -140.2347
               -152.6426    -154.2869    -154.5577    -146.0791    -141.1379
   1     60    -161.7365    -150.8048    -142.6695    -163.3260    -154.5758
               -157.2078    -150.4726    -159.6110    -163.6774    -162.6133
               -146.0213    -152.3452    -153.9503    -154.5167    -155.1740
               -152.4985    -154.4273    -145.5584    -165.8881    -149.8065
               -152.6149    -141.5350    -132.6425    -142.5235    -142.5487
               -132.1701    -136.8889    -135.1814    -135.0363    -151.6425
               -158.1003    -163.5920    -150.5640    -160.9824    -147.3016
               -149.6230    -150.7601    -145.4120    -135.8870    -156.9787
               -157.5976    -140.1797    -149.9131    -158.9387    -140.2733
               -152.6809    -154.3250    -154.5960    -146.1170    -141.1754
   1     80    -162.0355    -151.1067    -142.9715    -163.6316    -154.8809
               -157.5127    -150.7793    -159.9095    -163.9827    -162.9159
               -146.3232    -152.6488    -154.2518    -154.8182    -155.4744
               -152.8027    -154.7354    -145.8646    -166.1906    -150.1085
               -152.9114    -141.8325    -132.9426    -142.8237    -142.8421
               -132.4697    -137.1866    -135.4828    -135.3375    -151.9478
               -158.4056    -163.8935    -150.8683    -161.2885    -147.6057
               -149.9275    -151.0667    -145.7146    -136.1905    -157.2830
               -157.9012    -140.4844    -150.2177    -159.2398    -140.5769
               -152.9831    -154.6252    -154.8978    -146.4186    -141.4728
   1    100    -162.9489    -152.0228    -143.8798    -164.5552    -155.7993
               -158.4311    -151.7041    -160.8200    -164.9129    -163.8391
               -147.2294    -153.5669    -155.1631    -155.7319    -156.3920
               -153.7282    -155.6596    -146.7829    -167.1182    -151.0224
               -153.8188    -142.7286    -133.8428    -143.7279    -143.7383
               -133.3694    -138.0822    -136.3873    -136.2376    -152.8682
               -159.3310    -164.8120    -151.7926    -162.2144    -148.5196
               -150.8455    -151.9866    -146.6246    -137.0995    -158.2062
               -158.8247    -141.3970    -151.1342    -160.1532    -141.4867
               -153.8990    -155.5348    -155.8122    -147.3322    -142.3807
   2      0    -161.3699    -150.2340    -142.0689    -162.7477    -153.6778
               -156.4409    -149.9138    -159.2171    -163.2167    -162.0057
               -145.3035    -151.5138    -153.1743    -153.8658    -154.5149
               -151.5961    -153.8790    -145.0200    -165.3728    -149.0119
               -151.9153    -140.8029    -131.9019    -141.8009    -141.7939
               -131.4297    -136.2415    -134.4188    -134.4090    -150.9628
               -157.5789    -163.1053    -149.8257    -160.3961    -146.5485
               -149.0348    -150.0978    -144.6576    -135.2233    -156.4318
               -156.9935    -139.4344    -149.1804    -158.5228    -139.5777
               -152.0984    -153.7366    -153.9565    -145.6456    -140.4697
   3      0    -161.3341    -150.1882    -141.8828    -162.6609    -153.6233
               -156.1481    -149.8333    -159.0808    -163.1611    -161.9150
               -145.1801    -151.3156    -152.9058    -153.7312    -154.4326
               -151.3211    -153.7737    -144.8844    -165.2666    -148.8791
               -151.8520    -140.7085    -131.8278    -141.6020    -141.5884
               -131.2671    -136.0873    -134.3034    -134.3080    -150.8872
               -157.5656    -163.0181    -149.7030    -160.3325    -146.3621
               -148.9057    -149.9019    -144.4802    -135.0703    -156.3480
               -156.8456    -139.3451    -149.0287    -158.4409    -139.3749
               -152.1122    -153.7326    -153.8712    -145.5661    -140.3071
   4      0    -161.1434    -149.9446    -141.7732    -162.3693    -153.1187
               -156.0711    -149.7162    -159.0888    -162.9782    -161.7688
               -145.1247    -151.2180    -152.8692    -153.6063    -154.1783
               -151.1234    -153.6600    -144.7178    -165.1009    -148.5141
               -151.6654    -140.4069    -131.5500    -141.4813    -141.4190
               -130.9407    -135.9175    -134.0777    -134.1212    -150.5875
               -157.3051    -162.7993    -149.4549    -160.1180    -146.1682
               -148.8496    -149.6359    -144.3882    -134.8087    -156.2634
               -156.7952    -139.1188    -148.7445    -158.3320    -139.3574
               -151.7834    -153.3533    -153.5655    -145.4676    -140.1727
   5      0    -162.7506    -151.6223    -143.2936    -164.0231    -155.0683
               -157.5052    -151.0382    -160.5375    -164.6130    -163.4150
               -146.5780    -152.7913    -154.3923    -155.1642    -155.8945
               -152.7034    -155.1855    -146.3403    -166.7338    -150.2470
               -153.0232    -142.1858    -133.4282    -143.0919    -143.0801
               -132.7076    -137.4794    -135.6909    -135.5759    -152.0665
               -158.9851    -164.3603    -151.0322    -161.7460    -147.7945
               -150.4088    -151.3080    -145.9468    -136.5901    -157.7078
               -158.3405    -140.6974    -150.3387    -159.8684    -140.9196
               -153.6605    -155.0618    -155.1776    -146.9652    -141.8636
   5     60    -162.8026    -151.6744    -143.3459    -164.0763    -155.1215
               -157.5585    -151.0913    -160.5892    -164.6656    -163.4674
               -146.6309    -152.8441    -154.4447    -155.2165    -155.9460
               -152.7557    -155.2394    -146.3935    -166.7863    -150.2993
               -153.0743    -142.2373    -133.4803    -143.1438    -143.1301
               -132.7593    -137.5310    -135.7429    -135.6281    -152.1194
               -159.0379    -164.4129    -151.0847    -161.7994    -147.8474
               -150.4617    -151.3616    -145.9995    -136.6428    -157.7603
               -158.3930    -140.7503    -150.3915    -159.9210    -140.9723
               -153.7130    -155.1139    -155.2303    -147.0172    -141.9143
   5     80    -163.1784    -152.0507    -143.7209    -164.4572    -155.5023
               -157.9395    -151.4721    -160.9623    -165.0453    -163.8452
               -147.0079    -153.2222    -154.8206    -155.5917    -156.3194
               -153.1328    -155.6242    -146.7746    -167.1660    -150.6759
               -153.4440    -142.6068    -133.8535    -143.5163    -143.4944
               -133.1311    -137.9019    -136.1162    -136.0028    -152.5005
               -159.4181    -164.7922    -151.4642    -162.1824    -148.2258
               -150.8408    -151.7431    -146.3764    -137.0194    -158.1383
               -158.7712    -141.1287    -150.7699    -160.2984    -141.3490
               -154.0899    -155.4886    -155.6084    -147.3927    -142.2832
   5    100    -164.0242    -152.8923    -144.5540    -165.3075    -156.3471
               -158.7860    -152.3194    -161.8015    -165.8967    -164.6954
               -147.8441    -154.0657    -155.6585    -156.4300    -157.1581
               -153.9764    -156.4768    -147.6192    -168.0218    -151.5159
               -154.2767    -143.4286    -134.6799    -144.3447    -144.3132
               -133.9565    -138.7264    -136.9440    -136.8312    -153.3491
               -160.2677    -165.6437    -152.3130    -163.0372    -149.0654
               -151.6844    -152.5884    -147.2132    -137.8530    -158.9839
               -159.6189    -141.9669    -151.6106    -161.1427    -142.1835
               -154.9329    -156.3261    -156.4534    -148.2329    -143.1119
 
 group  inft   Estimated free energy: 2-th solvent contribution (kcal/mol)
   1      0      78.5246      68.5575      50.8256     103.1635     113.3774
                106.1316      81.3536      57.5116      99.0674      81.5567
                 78.8313      85.7591      68.8139      63.8079      71.5826
                 93.9674     103.6929      86.1765     103.7948      87.4367
                 55.8459      29.1745      39.1622      48.4906      22.6876
                 24.5291      56.9309      35.9018      63.6040      74.6497
                 83.0217     106.5058      67.6928     106.7679      74.3267
                 68.0068     101.4875      75.0303      57.1960      73.4417
                 72.9029      58.3608      79.8940      85.9132      55.0892
                 71.8751      64.1590      86.8328      42.0927      23.0763
   1     60      78.5386      68.5729      50.8394     103.1775     113.3914
                106.1465      81.3680      57.5256      99.0817      81.5714
                 78.8459      85.7744      68.8281      63.8224      71.5996
                 93.9844     103.7075      86.1901     103.8098      87.4514
                 55.8620      29.1892      39.1758      48.5060      22.7046
                 24.5438      56.9462      35.9165      63.6187      74.6650
                 83.0369     106.5207      67.7077     106.7826      74.3415
                 68.0233     101.5014      75.0440      57.2103      73.4568
                 72.9174      58.3751      79.9090      85.9274      55.1041
                 71.8892      64.1741      86.8473      42.1090      23.0928
   1     80      78.6605      68.6945      50.9601     103.3003     113.5180
                106.2770      81.4977      57.6461      99.2057      81.6987
                 78.9742      85.9083      68.9472      63.9474      71.7414
                 94.1291     103.8388      86.3036     103.9400      87.5812
                 56.0003      29.3146      39.2958      48.6461      22.8401
                 24.6669      57.0774      36.0409      63.7478      74.7998
                 83.1675     106.6547      67.8351     106.9114      74.4710
                 68.1714     101.6239      75.1632      57.3404      73.5883
                 73.0429      58.4979      80.0418      86.0526      55.2370
                 72.0120      64.3033      86.9760      42.2609      23.2200
   1    100      78.8062      68.8316      51.1036     103.4490     113.6791
                106.4453      81.6717      57.7863      99.3619      81.8557
                 79.1440      86.0935      69.0719      64.0983      71.9538
                 94.3470     104.0191      86.4229     104.1025      87.7536
                 56.1878      29.4626      39.4313      48.8506      23.0233
                 24.8057      57.2501      36.1851      63.9139      74.9829
                 83.3313     106.8449      67.9909     107.0758      74.6379
                 68.3921     101.7752      75.3027      57.5098      73.7619
                 73.2047      58.6436      80.2202      86.2065      55.4167
                 72.1623      64.4631      87.1419      42.5061      23.3724
   2      0      77.9771      68.0370      50.0498     102.4776     113.0472
                105.7704      80.6730      56.7415      98.4658      80.9462
                 78.2500      85.1625      68.6932      63.1099      70.6831
                 93.2790     103.2247      85.6903     103.3575      86.9851
                 55.1292      28.6006      38.6698      47.8897      22.0358
                 24.0534      56.3058      35.4381      63.0841      74.1319
                 82.6024     105.8489      67.0808     106.2124      73.9075
                 67.4914     100.7218      74.4004      56.5547      72.7447
                 72.3602      57.6370      79.2388      85.1476      54.2770
                 71.0104      63.2470      85.9943      41.2815      22.5998
   3      0      77.0831      67.3694      49.5259     101.7301     112.3898
                104.9954      79.8368      56.0903      97.6445      80.1349
                 77.4781      84.3206      67.9124      62.2837      69.8483
                 92.4280     102.3905      84.9779     102.5211      86.1553
                 54.2746      27.7492      37.9378      46.9949      21.2418
                 23.0291      55.3652      34.5545      62.3270      73.3007
                 81.8939     104.9689      66.3551     105.4887      73.1428
                 66.6741      99.8294      73.6411      55.6740      71.9865
                 71.4040      57.0303      78.4108      84.2288      53.4037
                 70.3412      62.5552      85.2176      40.4640      22.1135
   4      0      77.7078      67.6613      49.8431     102.1767     112.5881
                105.4540      80.4265      56.6057      97.9900      80.4644
                 78.1470      84.6655      68.6816      62.8900      70.2939
                 92.9623     102.8897      85.5460     102.9724      86.4169
                 54.6890      28.1132      38.3971      47.5262      21.5898
                 23.7687      56.0880      35.1130      62.7178      73.7413
                 82.4114     105.5071      66.7197     105.8378      73.6654
                 67.3401     100.2020      74.1157      56.1918      72.4230
                 72.1449      57.3953      78.8264      84.8210      54.0119
                 70.4686      62.8951      85.5264      40.8958      22.3813
   5      0      77.1767      67.2927      49.2947     101.6631     112.1013
                105.0947      79.9926      56.0853      97.5123      80.0082
                 77.5668      84.0395      68.1909      62.3779      69.7976
                 92.5612     102.3874      85.1433     102.4926      85.9675
                 54.2196      27.7449      37.8164      46.9277      21.2100
                 23.2037      55.5152      34.6088      62.2701      73.3705
                 81.9438     104.9690      66.3610     105.4416      73.1915
                 66.8039      99.7508      73.5739      55.6191      71.9123
                 71.5072      56.7674      78.3092      84.2226      53.5119
                 70.0316      62.4514      85.1178      40.4316      21.9869
   5     60      77.2061      67.3216      49.3238     101.6922     112.1308
                105.1249      80.0230      56.1141      97.5417      80.0387
                 77.5968      84.0714      68.2197      62.4080      69.8289
                 92.5933     102.4178      85.1715     102.5234      85.9968
                 54.2510      27.7744      37.8450      46.9590      21.2405
                 23.2332      55.5456      34.6380      62.2997      73.4011
                 81.9743     104.9996      66.3908     105.4717      73.2218
                 66.8371      99.7806      73.6032      55.6494      71.9430
                 71.5372      56.7966      78.3393      84.2529      53.5426
                 70.0608      62.4817      85.1478      40.4657      22.0160
   5     80      77.3397      67.4510      49.4553     101.8231     112.2664
                105.2646      80.1641      56.2437      97.6751      80.1767
                 77.7359      84.2195      68.3454      62.5440      69.9837
                 92.7491     102.5607      85.2952     102.6632      86.1351
                 54.3993      27.9087      37.9740      47.1114      21.3871
                 23.3659      55.6865      34.7703      62.4380      73.5457
                 82.1145     105.1452      66.5268     105.6092      73.3619
                 66.9979      99.9143      73.7334      55.7908      72.0856
                 71.6750      56.9293      78.4809      84.3883      53.6868
                 70.1938      62.6202      85.2855      40.6344      22.1512
   5    100      77.5159      67.6151      49.6232     101.9938     112.4512
                105.4566      80.3590      56.4069      97.8517      80.3602
                 77.9279      84.4310      68.4979      62.7222      70.2167
                 92.9867     102.7617      85.4466     102.8509      86.3283
                 54.6098      28.0801      38.1355      47.3382      21.5971
                 23.5342      55.8802      34.9399      62.6271      73.7486
                 82.3045     105.3544      66.7047     105.7958      73.5535
                 67.2407     100.0888      73.8987      55.9854      72.2845
                 71.8602      57.1009      78.6753      84.5652      53.8869
                 70.3670      62.8043      85.4712      40.8939      22.3286
 
 group  inft   Estimated free energy: 3-th solvent contribution (kcal/mol)
   1      0     -17.3722      -9.4101       8.9322     -27.5544     -50.5883
                -39.3027     -23.6799       8.2107     -29.3498     -13.3844
                -11.4656     -14.9410      -2.1942       2.7504       3.4429
                -16.0596     -35.6904     -33.6819     -34.8236     -28.2606
                  8.2585      21.8415       9.6869       8.5925      29.3173
                 17.6747      -3.2650      11.6996      -9.9316     -11.2330
                -16.7273     -36.9417      -6.1039     -39.4010     -14.8174
                 -1.8429     -30.2821     -12.3304      -2.3609      -3.4637
                 -3.6762      -0.3371      -8.3212     -14.2782       6.9074
                 -7.1955       6.2589     -15.1663      17.0191      31.1495
   1     60     -17.7794      -9.8154       8.5275     -27.9668     -50.9995
                -39.7136     -24.0890       7.8054     -29.7588     -13.7931
                -11.8754     -15.3508      -2.6029       2.3441       3.0398
                -16.4670     -36.1033     -34.0911     -35.2321     -28.6664
                  7.8570      21.4414       9.2846       8.1886      28.9232
                 17.2747      -3.6684      11.2973     -10.3359     -11.6394
                -17.1345     -37.3509      -6.5085     -39.8113     -15.2247
                 -2.2503     -30.6937     -12.7387      -2.7657      -3.8713
                 -4.0836      -0.7435      -8.7281     -14.6902       6.4999
                 -7.6032       5.8530     -15.5769      16.6163      30.7558
   1     80     -21.0497     -13.0649       5.2941     -31.2600     -54.3123
                -43.0215     -27.3749       4.5628     -33.0461     -17.0647
                -15.1402     -18.6224      -5.8671      -0.8979      -0.1794
                -19.7197     -39.4101     -37.3904     -38.5261     -31.9459
                  4.6375      18.2324       6.0572       4.9533      25.7571
                 14.0651      -6.9003       8.0707     -13.5975     -14.9078
                -20.4114     -40.6417      -9.7609     -43.1141     -18.4954
                 -5.5081     -33.9836     -16.0023      -6.0108      -7.1316
                 -7.3400      -3.9923     -11.9851     -17.9671       3.2480
                -10.8568       2.6166     -18.8501      13.3877      27.5951
   1    100     -30.8137     -22.8025      -4.3253     -41.0374     -64.2224
                -52.8873     -37.1710      -5.0820     -42.8438     -26.8001
                -24.8220     -28.3309     -15.5569     -10.5275      -9.8192
                -29.4378     -49.2500     -47.2674     -48.3649     -41.7586
                 -4.9862       8.6664      -3.5674      -4.6872      16.2134
                  4.4722     -16.5349      -1.5616     -23.3372     -24.6419
                -30.1836     -50.4605     -19.4685     -52.9673     -28.2528
                -15.1991     -43.7775     -25.7086     -15.6809     -16.8144
                -17.0192     -13.6549     -21.6686     -27.6768      -6.4059
                -20.5294      -7.0172     -28.5760       3.7848      18.0538
   2      0     -17.3623      -9.3805       8.9294     -27.5222     -50.5850
                -39.3003     -23.6623       8.2229     -29.3565     -13.3906
                -11.4685     -14.9504      -2.1943       2.7606       3.4559
                -16.0257     -35.6930     -33.6984     -34.8106     -28.2684
                  8.2690      21.8489       9.6863       8.6022      29.3188
                 17.6862      -3.2526      11.7226      -9.9428     -11.2425
                -16.7056     -36.9326      -6.0908     -39.4092     -14.8074
                 -1.8446     -30.2714     -12.3129      -2.3583      -3.4421
                 -3.6441      -0.3272      -8.3164     -14.2521       6.9322
                 -7.1860       6.2753     -15.1559      17.0188      31.1624
   3      0     -17.3955      -9.4027       8.9371     -27.5478     -50.6102
                -39.3396     -23.6881       8.1964     -29.3806     -13.4155
                -11.4891     -14.9589      -2.2104       2.7457       3.4590
                -16.0302     -35.7102     -33.7027     -34.8392     -28.2769
                  8.2634      21.8343       9.6733       8.5830      29.3224
                 17.6927      -3.2562      11.7099      -9.9457     -11.2690
                -16.7489     -36.9764      -6.1236     -39.4255     -14.8445
                 -1.8722     -30.2974     -12.3274      -2.3707      -3.4819
                 -3.6546      -0.3501      -8.3385     -14.2834       6.8997
                 -7.1927       6.2454     -15.1744      16.9967      31.1537
   4      0     -17.4183      -9.4158       8.8963     -27.5589     -50.6015
                -39.3983     -23.7202       8.1901     -29.4060     -13.4319
                -11.5240     -15.0077      -2.2768       2.7093       3.4100
                -16.0761     -35.7680     -33.7236     -34.8396     -28.2981
                  8.2287      21.8081       9.6423       8.5400      29.2909
                 17.6368      -3.2966      11.6751      -9.9841     -11.2877
                -16.7840     -36.9686      -6.1165     -39.4401     -14.8832
                 -1.9072     -30.3392     -12.3305      -2.3941      -3.5103
                 -3.6518      -0.3687      -8.3259     -14.3000       6.8996
                 -7.2063       6.2452     -15.1964      17.0022      31.1144
   5      0     -17.4347      -9.4943       8.8707     -27.6016     -50.6462
                -39.4432     -23.7537       8.1263     -29.4689     -13.4671
                -11.5704     -15.0149      -2.2726       2.6553       3.3839
                -16.1293     -35.8042     -33.7868     -34.9039     -28.3477
                  8.1820      21.7542       9.5930       8.5207      29.2410
                 17.5987      -3.3252      11.6553     -10.0072     -11.3468
                -16.8373     -37.0358      -6.1698     -39.4725     -14.9242
                 -1.9653     -30.3938     -12.3982      -2.4475      -3.5412
                 -3.7063      -0.4182      -8.3939     -14.3594       6.8464
                 -7.2648       6.1919     -15.2323      16.9871      31.0685
   5     60     -17.9903     -10.0450       8.3192     -28.1634     -51.2062
                -40.0048     -24.3122       7.5732     -30.0270     -14.0237
                -12.1286     -15.5728      -2.8299       2.1013       2.8373
                -16.6826     -36.3671     -34.3444     -35.4617     -28.9021
                  7.6355      21.2087       9.0438       7.9702      28.7065
                 17.0536      -3.8741      11.1072     -10.5591     -11.9019
                -17.3931     -37.5940      -6.7217     -40.0325     -15.4795
                 -2.5207     -30.9541     -12.9549      -2.9997      -4.0975
                 -4.2614      -0.9720      -8.9490     -14.9205       6.2915
                 -7.8198       5.6395     -15.7919      16.4376      30.5347
   5     80     -21.9512     -13.9871       4.4050     -32.1427     -55.2164
                -44.0107     -28.2908       3.6484     -34.0062     -17.9791
                -16.0781     -19.5266      -6.7769      -1.8227      -1.0674
                -20.6237     -40.3691     -38.3398     -39.4499     -32.8759
                  3.7355      17.3254       5.1357       4.0551      24.8614
                 13.1681      -7.7859       7.1994     -14.5079     -15.8610
                -21.3615     -41.5791     -10.6610     -44.0271     -19.4390
                 -6.4623     -34.9331     -16.9025      -6.9250      -8.0416
                 -8.1998      -4.9032     -12.8885     -18.8840       2.3599
                -11.7567       1.7209     -19.7532      12.5327      26.6951
   5    100     -30.8902     -22.9017      -4.4017     -41.0926     -64.2912
                -53.0483     -37.2571      -5.1813     -42.9755     -26.8894
                -24.9426     -28.4160     -15.6450     -10.6403      -9.8917
                -29.5190     -49.3787     -47.3836     -48.4573     -41.8626
                 -5.0725       8.5680      -3.6767      -4.7727      16.1212
                  4.3882     -16.6107      -1.6184     -23.4261     -24.7758
                -30.3090     -50.5726     -19.5433     -53.0479     -28.3687
                -15.3317     -43.8993     -25.7855     -15.7776     -16.9034
                -17.0613     -13.7537     -21.7500     -27.7726      -6.4730
                -20.6131      -7.0991     -28.6558       3.7435      17.9604
 
 
 cumulative average & 95% error for solvation free energy
              total             1st component         2nd component         3rd component
  1  -101.6483             -161.3341               77.0831              -17.3955
  2   -96.9359     9.4249  -155.7612    11.1459    72.2262     9.7137   -13.3991     7.9927
  3   -92.4312    10.5252  -151.1350    11.2700    64.6595    16.1393    -5.9537    15.5894
  4   -91.4435     7.7001  -154.0165     9.8345    73.9271    21.7669   -11.3522    15.4302
  5   -91.5239     5.9667  -153.9379     7.6194    81.6197    22.8249   -19.2038    19.7344
  6   -91.3523     4.8838  -154.3062     6.2647    85.5156    20.1998   -22.5598    17.4551
  7   -91.6858     4.1811  -153.6673     5.4467    84.7044    17.1489   -22.7210    14.7558
  8   -92.0745     3.7035  -154.3439     4.9073    81.1276    16.4844   -18.8563    14.9346
  9   -92.3884     3.3259  -155.3236     4.7507    82.9628    14.9941   -20.0257    13.3771
 10   -92.6693     3.0274  -155.9828     4.4490    82.6800    13.4230   -19.3647    12.0377
 11   -91.4442     3.6746  -155.0007     4.4780    82.2071    12.1784   -18.6487    10.9822
 12   -90.6535     3.7085  -154.6936     4.1337    82.3832    11.1229   -18.3412    10.0442
 13   -90.3883     3.4523  -154.5561     3.8124    81.2701    10.4709   -17.1004     9.5668
 14   -90.2679     3.2053  -154.4972     3.5315    79.9139    10.0665   -15.6828     9.2998
 15   -89.6585     3.2232  -154.4929     3.2877    79.2429     9.4670   -14.4067     9.0260
 16   -88.7377     3.5330  -154.2946     3.1008    80.0670     9.0077   -14.5081     8.4455
 17   -88.6411     3.3243  -154.2640     2.9133    81.3801     8.8594   -15.7553     8.3161
 18   -88.9172     3.1825  -153.7429     2.9378    81.5800     8.3623   -16.7524     8.0901
 19   -89.3735     3.1456  -154.3494     3.0321    82.6822     8.2114   -17.7043     7.8858
 20   -89.4549     2.9886  -154.0759     2.9281    82.8558     7.7977   -18.2330     7.5554
 21   -89.4483     2.8428  -153.9700     2.7932    81.4948     7.9008   -16.9712     7.6168
 22   -89.5246     2.7148  -153.3672     2.9234    79.0518     8.9789   -15.2074     8.0738
 23   -89.2939     2.6348  -152.4307     3.3632    77.2643     9.2947   -14.1256     8.0124
 24   -89.1578     2.5373  -151.9795     3.3441    76.0030     9.2496   -13.1794     7.9013
 25   -89.2325     2.4382  -151.5639     3.3135    73.8126     9.8946   -11.4793     8.3064
 26   -89.2831     2.3448  -150.7832     3.5457    71.8594    10.2778   -10.3573     8.2901
 27   -89.0867     2.2902  -150.2389     3.5813    71.2485     9.9650   -10.0943     7.9944
 28   -89.0493     2.2082  -149.6698     3.6339    69.9380     9.9537    -9.3156     7.8595
 29   -88.8038     2.1865  -149.1401     3.6629    69.6755     9.6187    -9.3373     7.5838
 30   -88.8056     2.1124  -149.1983     3.5407    69.7964     9.2957    -9.4017     7.3277
 31   -88.9222     2.0564  -149.4682     3.4668    70.1866     9.0247    -9.6387     7.1032
 32   -89.1130     2.0273  -149.8917     3.4619    71.2736     9.0044   -10.4930     7.0867
 33   -89.1239     1.9650  -149.8859     3.3554    71.1245     8.7324   -10.3606     6.8737
 34   -89.2753     1.9303  -150.1932     3.3127    72.1352     8.7095   -11.2155     6.8842
 35   -89.2408     1.8756  -150.0837     3.2241    72.1640     8.4572   -11.3191     6.6878
 36   -89.0981     1.8449  -150.0510     3.1339    72.0115     8.2246   -11.0567     6.5206
 37   -88.8623     1.8553  -150.0470     3.0481    72.7634     8.1393   -11.5768     6.4266
 38   -88.7124     1.8305  -149.9005     2.9812    72.7865     7.9224   -11.5965     6.2553
 39   -88.5344     1.8182  -149.5202     3.0017    72.3477     7.7663   -11.3599     6.1111
 40   -88.5172     1.7725  -149.6909     2.9456    72.3386     7.5697   -11.1630     5.9694
 41   -88.5313     1.7290  -149.8654     2.8939    72.3158     7.3829   -10.9799     5.8335
 42   -88.3917     1.7102  -149.6149     2.8683    71.9519     7.2416   -10.7268     5.7154
 43   -88.1723     1.7267  -149.6013     2.8009    72.1021     7.0776   -10.6712     5.5820
 44   -88.1797     1.6870  -149.8022     2.7659    72.3777     6.9368   -10.7533     5.4561
 45   -87.9774     1.6981  -149.5705     2.7431    71.9561     6.8331   -10.3610     5.3909
 46   -87.9988     1.6613  -149.6257     2.6851    71.9210     6.6833   -10.2922     5.2742
 47   -87.9336     1.6308  -149.7131     2.6332    71.7217     6.5517    -9.9403     5.2085
 48   -87.8481     1.6056  -149.7998     2.5835    72.0029     6.4383   -10.0493     5.1035
 49   -87.8534     1.5725  -149.7134     2.5362    71.3592     6.4356    -9.4974     5.1187
 50   -87.8372     1.5411  -149.5252     2.5132    70.3743     6.6061    -8.6844     5.2723
 
 Mesh error is    1.508 kcal/mol
