 ERmod 0.3.7, Copyright (C) 2000-2019 Nobuyuki Matubayasi
                            2010-2019 Shun Sakuraba
 ERmod comes with ABSOLUTELY NO WARRANTY.
 This is free software, and you can redistribute it
 and/or modify it under certain conditions.
 See LICENSE file for details.
 ERmod 0.3.7, Copyright (C) 2000-2019 Nobuyuki Matubayasi
                            2010-2019 Shun Sakuraba
 ERmod comes with ABSOLUTELY NO WARRANTY.
 This is free software, and you can redistribute it
 and/or modify it under certain conditions.
 See LICENSE file for details.
 
  Number of the   1-th solvent  =          109
  Number of the   2-th solvent  =          109
  Number of the   3-th solvent  =        10000
 
  Be sure that the solvent distribution is homogeneous (radial distribution function is essentially unity) when the solvent molecule is separated beyond distance of   10.0 Angstrom in any direction from any atom within the solute molecule
 
  LJ long-range correction    =        -0.0695     -0.0064     -1.3027
 
  Self-energy of the solute   =        -0.0001  kcal/mol
 
 
 cumulative average & 95% error for solvation energy
              total             1st component         2nd component         3rd component
  1   -90.3976               -8.3316                5.9971              -88.0630
  2   -90.4106     0.0259    -6.9240     2.8153     3.9194     4.1554   -87.4059     1.3143
  3   -91.0981     1.3751    -7.1215     1.6727    -0.8266     9.7905   -83.1499     8.5458
  4   -90.9745     1.0033    -6.9980     1.2083     0.2670     7.2602   -84.2435     6.4265
  5   -90.9675     0.7773    -6.8584     0.9767     0.0368     5.6426   -84.1458     4.9817
  6   -90.8985     0.6495    -6.9663     0.8262     0.6825     4.7847   -84.6146     4.1742
  7   -91.2466     0.8866    -6.6221     0.9805    -2.7744     8.0096   -81.8500     6.5588
  8   -91.8981     1.5123    -6.5201     0.8733    -8.4728    13.3417   -76.9051    11.4049
  9   -91.8558     1.3364    -6.5406     0.7713    -8.3056    11.7710   -77.0095    10.0603
 10   -91.8366     1.1959    -6.4360     0.7209    -8.1915    10.5308   -77.2089     9.0070
 
 
 group  inft  solvation free energy     error          difference
  total solvation free energy
   1      0        -19.63457           0.74503           0.07097
   1     60        -19.70487           0.74602           0.00066
   1     80        -20.20288           0.74967          -0.49734
   1    100        -21.87002           0.76627          -2.16448
   2      0        -19.68541           0.75441           0.02013
   3      0        -19.70554           0.76436           0.00000
   4      0        -19.71017           0.75875          -0.00464
   5      0        -19.73963           0.76421          -0.03409
   5     60        -19.82876           0.76526          -0.12322
   5     80        -20.44643           0.77059          -0.74090
   5    100        -21.97447           0.78591          -2.26894
 
  contribution from  1-th solvent component
   1      0         -4.83771           0.27627          -0.07588
   1     60         -4.83861           0.27628          -0.07677
   1     80         -4.84599           0.27628          -0.08416
   1    100         -4.87114           0.27628          -0.10931
   2      0         -4.78252           0.28870          -0.02069
   3      0         -4.76183           0.29220           0.00000
   4      0         -4.74720           0.29502           0.01463
   5      0         -4.73879           0.29588           0.02305
   5     60         -4.73985           0.29588           0.02199
   5     80         -4.74904           0.29590           0.01279
   5    100         -4.77202           0.29596          -0.01019
 
  contribution from  2-th solvent component
   1      0         -2.09169           4.91237           0.12228
   1     60         -2.09032           4.91195           0.12364
   1     80         -2.08435           4.91184           0.12961
   1    100         -2.06605           4.91158           0.14791
   2      0         -2.18086           4.91672           0.03310
   3      0         -2.21396           4.91335           0.00000
   4      0         -2.24435           4.91718          -0.03039
   5      0         -2.26646           4.91642          -0.05250
   5     60         -2.26572           4.91638          -0.05176
   5     80         -2.25932           4.91637          -0.04535
   5    100         -2.24528           4.91610          -0.03132
 
  contribution from  3-th solvent component
   1      0        -12.70504           5.28640           0.02457
   1     60        -12.77581           5.28799          -0.04620
   1     80        -13.27240           5.29464          -0.54279
   1    100        -14.93271           5.31823          -2.20309
   2      0        -12.72190           5.29448           0.00771
   3      0        -12.72961           5.30346           0.00000
   4      0        -12.71849           5.29953           0.01112
   5      0        -12.73425           5.30199          -0.00464
   5     60        -12.82306           5.30370          -0.09345
   5     80        -13.43795           5.31269          -0.70833
   5    100        -14.95704           5.33377          -2.22743
 
 
 group  inft   Estimated free energy: total (kcal/mol)
   1      0     -20.7697     -20.7940     -18.4895     -20.6877     -20.7137
                -20.6924     -18.1220     -19.0557     -18.5450     -18.4760
   1     60     -20.8419     -20.8661     -18.5604     -20.7602     -20.7856
                -20.7645     -18.1901     -19.1173     -18.6161     -18.5466
   1     80     -21.3466     -21.3707     -19.0591     -21.2632     -21.2911
                -21.2693     -18.6788     -19.5866     -19.1173     -19.0461
   1    100     -23.0446     -23.0687     -20.7190     -22.9560     -22.9811
                -22.9626     -20.3059     -21.1665     -20.7845     -20.7113
   2      0     -20.8536     -20.8810     -18.6040     -20.6942     -20.8104
                -20.7557     -18.1726     -19.0173     -18.6336     -18.4317
   3      0     -20.9049     -20.9381     -18.6420     -20.7048     -20.8491
                -20.7824     -18.1692     -18.9530     -18.6580     -18.4539
   4      0     -20.8959     -20.9545     -18.6700     -20.6674     -20.8354
                -20.8047     -18.2121     -18.9589     -18.6976     -18.4052
   5      0     -20.9291     -20.9939     -18.7010     -20.7128     -20.8740
                -20.8376     -18.2374     -18.9826     -18.7048     -18.4230
   5     60     -21.0201     -21.0850     -18.7907     -20.8034     -20.9649
                -20.9284     -18.3239     -19.0645     -18.7946     -18.5120
   5     80     -21.6479     -21.7125     -19.4090     -21.4276     -21.5907
                -21.5552     -18.9284     -19.6451     -19.4163     -19.1316
   5    100     -23.2044     -23.2701     -20.9329     -22.9753     -23.1373
                -23.1075     -20.4220     -21.0938     -20.9453     -20.6562
 
 group  inft   Estimated free energy: 1-th solvent contribution (kcal/mol)
   1      0      -5.6716      -4.2984      -5.2106      -4.8341      -4.7914
                 -5.2487      -4.5525      -4.4732      -4.9082      -4.3885
   1     60      -5.6725      -4.2993      -5.2115      -4.8350      -4.7923
                 -5.2496      -4.5534      -4.4740      -4.9092      -4.3894
   1     80      -5.6798      -4.3067      -5.2189      -4.8426      -4.7998
                 -5.2570      -4.5606      -4.4810      -4.9166      -4.3970
   1    100      -5.7047      -4.3323      -5.2441      -4.8682      -4.8249
                 -5.2823      -4.5853      -4.5054      -4.9418      -4.4224
   2      0      -5.6352      -4.2782      -5.1873      -4.7962      -4.7648
                 -5.2013      -4.4775      -4.3670      -4.8657      -4.2519
   3      0      -5.6255      -4.2707      -5.1769      -4.7860      -4.7514
                 -5.1775      -4.4376      -4.3209      -4.8414      -4.2304
   4      0      -5.6174      -4.2717      -5.1667      -4.7720      -4.7468
                 -5.1563      -4.4231      -4.2977      -4.8355      -4.1850
   5      0      -5.6080      -4.2589      -5.1517      -4.7774      -4.7416
                 -5.1574      -4.4105      -4.2974      -4.8187      -4.1663
   5     60      -5.6090      -4.2600      -5.1528      -4.7784      -4.7427
                 -5.1585      -4.4115      -4.2984      -4.8197      -4.1674
   5     80      -5.6182      -4.2693      -5.1620      -4.7879      -4.7519
                 -5.1678      -4.4205      -4.3073      -4.8290      -4.1766
   5    100      -5.6410      -4.2926      -5.1850      -4.8113      -4.7749
                 -5.1912      -4.4430      -4.3296      -4.8521      -4.1996
 
 group  inft   Estimated free energy: 2-th solvent contribution (kcal/mol)
   1      0       4.6242       2.6290      -3.3204       3.6793       1.1091
                  3.5526      -9.2912     -20.7017      -1.6209      -1.5770
   1     60       4.6252       2.6302      -3.3194       3.6805       1.1102
                  3.5536      -9.2897     -20.6982      -1.6198      -1.5759
   1     80       4.6311       2.6364      -3.3139       3.6870       1.1157
                  3.5591      -9.2837     -20.6916      -1.6141      -1.5695
   1    100       4.6503       2.6546      -3.2976       3.7074       1.1317
                  3.5768      -9.2655     -20.6713      -1.5965      -1.5505
   2      0       4.5320       2.5531      -3.4509       3.6605       1.0158
                  3.4800      -9.4089     -20.7753      -1.7426      -1.6723
   3      0       4.4979       2.5070      -3.4985       3.6619       0.9751
                  3.4503      -9.4484     -20.7785      -1.7982      -1.7082
   4      0       4.4741       2.4804      -3.5379       3.6631       0.9682
                  3.3973      -9.5110     -20.8078      -1.8484      -1.7214
   5      0       4.4538       2.4399      -3.5685       3.6511       0.9526
                  3.3805      -9.5344     -20.8225      -1.8659      -1.7511
   5     60       4.4545       2.4407      -3.5678       3.6520       0.9532
                  3.3811      -9.5337     -20.8215      -1.8653      -1.7503
   5     80       4.4612       2.4469      -3.5622       3.6599       0.9589
                  3.3873      -9.5276     -20.8145      -1.8595      -1.7436
   5    100       4.4759       2.4607      -3.5508       3.6781       0.9709
                  3.4010      -9.5146     -20.7974      -1.8475      -1.7291
 
 group  inft   Estimated free energy: 3-th solvent contribution (kcal/mol)
   1      0     -19.7222     -19.1246      -9.9585     -19.5328     -17.0313
                -18.9961      -4.2782       6.1193     -12.0158     -12.5104
   1     60     -19.7944     -19.1970     -10.0294     -19.6056     -17.1033
                -19.0684      -4.3470       6.0551     -12.0870     -12.5812
   1     80     -20.2978     -19.7002     -10.5261     -20.1075     -17.6069
                -19.5712      -4.8344       5.5862     -12.5865     -13.0796
   1    100     -21.9900     -21.3909     -12.1772     -21.7950     -19.2878
                -21.2570      -6.4550       4.0103     -14.2460     -14.7384
   2      0     -19.7503     -19.1558      -9.9656     -19.5584     -17.0612
                -19.0344      -4.2861       6.1251     -12.0252     -12.5073
   3      0     -19.7772     -19.1743      -9.9664     -19.5805     -17.0727
                -19.0552      -4.2830       6.1465     -12.0183     -12.5151
   4      0     -19.7524     -19.1632      -9.9653     -19.5583     -17.0567
                -19.0455      -4.2778       6.1468     -12.0136     -12.4987
   5      0     -19.7748     -19.1747      -9.9807     -19.5864     -17.0849
                -19.0605      -4.2923       6.1374     -12.0201     -12.5055
   5     60     -19.8654     -19.2655     -10.0700     -19.6768     -17.1753
                -19.1509      -4.3786       6.0555     -12.1095     -12.5942
   5     80     -20.4909     -19.8900     -10.6847     -20.2996     -17.7976
                -19.7746      -4.9801       5.4769     -12.7277     -13.2112
   5    100     -22.0392     -21.4381     -12.1970     -21.8420     -19.3332
                -21.3172      -6.4642       4.0333     -14.2455     -14.7274
 
 
 cumulative average & 95% error for solvation free energy
              total             1st component         2nd component         3rd component
  1   -20.9049               -5.6255                4.4979              -19.7772
  2   -20.9215     0.0332    -4.9481     1.3548     3.5025     1.9909   -19.4758     0.6029
  3   -20.1617     1.5198    -5.0244     0.7969     1.1688     4.8068   -16.3060     6.3491
  4   -20.2974     1.1085    -4.9648     0.5760     1.7921     3.6203   -17.1246     4.7787
  5   -20.4078     0.8865    -4.9221     0.4542     1.6287     2.8232   -17.1142     3.7017
  6   -20.4702     0.7345    -4.9647     0.3805     1.9323     2.3838   -17.4377     3.0909
  7   -20.1415     0.9042    -4.8894     0.3551     0.3065     3.8252   -15.5585     4.5771
  8   -19.9929     0.8375    -4.8183     0.3388    -2.3292     6.2257   -12.8453     6.7199
  9   -19.8446     0.7960    -4.8209     0.2988    -2.2702     5.4919   -12.7534     5.9292
 10   -19.7055     0.7644    -4.7618     0.2922    -2.2140     4.9134   -12.7296     5.3035
