 ERmod 0.3.8, Copyright (C) 2000-2019 Nobuyuki Matubayasi
                            2010-2019 Shun Sakuraba
 ERmod comes with ABSOLUTELY NO WARRANTY.
 This is free software, and you can redistribute it
 and/or modify it under certain conditions.
 See LICENSE file for details.
 ERmod 0.3.8, Copyright (C) 2000-2019 Nobuyuki Matubayasi
                            2010-2019 Shun Sakuraba
 ERmod comes with ABSOLUTELY NO WARRANTY.
 This is free software, and you can redistribute it
 and/or modify it under certain conditions.
 See LICENSE file for details.
 
  Number of the   1-th solvent  =          792
  Number of the   2-th solvent  =          792
  Number of the   3-th solvent  =        10000
 
  Be sure that the solvent distribution is homogeneous (radial distribution function is essentially unity) when the solvent molecule is separated beyond distance of   10.0 Angstrom in any direction from any atom within the solute molecule
 
  LJ long-range correction    =        -1.3175     -0.2494     -7.0203
 
  Self-energy of the solute   =        -0.0004  kcal/mol
 
 
 cumulative average & 95% error for solvation energy
              total             1st component         2nd component         3rd component
  1  -498.3989             -180.9978              -40.7585             -276.6422
  2  -503.7185    10.6392  -185.0644     8.1333   -62.7144    43.9117  -255.9393    41.4057
  3  -506.8285     8.7418  -184.9882     4.6982   -81.1916    44.8148  -240.6483    38.8167
  4  -508.6335     7.1583  -182.1524     6.5730   -92.0281    38.3915  -234.4527    30.1150
  5  -510.0762     6.2506  -179.7445     7.0082   -99.6676    33.4334  -230.6637    24.5270
  6  -511.3619     5.7148  -178.0077     6.6940  -108.4190    32.4275  -224.9348    23.0723
  7  -510.8659     4.9307  -176.9289     6.0549  -107.8394    27.4307  -226.0972    19.6377
  8  -509.6824     4.8823  -177.5861     5.4060  -102.1775    26.3166  -229.9184    18.6450
  9  -509.7470     4.3077  -177.6441     4.7690  -101.7262    23.2266  -230.3762    16.4688
 10  -510.2945     4.0055  -178.3508     4.4936  -103.1359    20.9649  -228.8074    15.0606
 11  -510.8059     3.7648  -177.3416     4.5383  -106.7914    20.3241  -226.6725    14.2763
 12  -511.6913     3.8661  -175.8108     5.1513  -113.0567    22.3883  -222.8235    15.1362
 13  -512.2886     3.7516  -175.3218     4.8384  -115.0701    20.9842  -221.8962    14.0462
 14  -512.4693     3.4920  -175.7430     4.5580  -114.0655    19.5313  -222.6604    13.0938
 15  -513.2019     3.5659  -175.8388     4.2476  -117.5305    19.4585  -219.8323    13.4381
 16  -513.2839     3.3396  -175.7078     3.9819  -117.7979    18.2096  -219.7778    12.5706
 17  -513.2164     3.1399  -175.6514     3.7420  -118.1776    17.1218  -219.3869    11.8339
 18  -512.9595     3.0046  -175.8893     3.5599  -116.9512    16.3279  -220.1186    11.2527
 19  -512.8635     2.8485  -176.5809     3.6404  -116.3368    15.4934  -219.9454    10.6496
 20  -512.2207     2.9926  -177.3052     3.7450  -112.9579    16.1774  -221.9573    10.8749
 21  -512.0998     2.8568  -177.5794     3.6042  -112.9336    15.3879  -221.5864    10.3706
 22  -511.4893     2.9850  -178.7662     4.1765  -109.0116    16.6369  -223.7110    10.7624
 23  -511.0659     2.9753  -179.1690     4.0713  -106.6912    16.5607  -225.2053    10.7092
 24  -510.9587     2.8567  -179.5022     3.9545  -105.7025    15.9785  -225.7536    10.3118
 25  -510.9599     2.7400  -179.4530     3.7943  -105.8960    15.3309  -225.6104     9.8949
 26  -511.1485     2.6594  -179.5554     3.6512  -106.6500    14.8065  -224.9426     9.6001
 27  -511.0456     2.5673  -179.7837     3.5429  -105.9177    14.3226  -225.3438     9.2725
 28  -511.1860     2.4898  -179.1398     3.6488  -106.7931    13.9122  -225.2527     8.9370
 29  -511.4092     2.4435  -178.6399     3.6599  -108.6024    13.9031  -224.1664     8.8928
 30  -511.3845     2.3612  -178.6576     3.5360  -108.2860    13.4466  -224.4405     8.6087
 31  -511.0615     2.3733  -178.7128     3.4218  -106.7038    13.3850  -225.6445     8.6676
 32  -510.7889     2.3618  -178.7824     3.3161  -105.2165    13.2969  -226.7896     8.6993
 33  -510.9155     2.3031  -178.7214     3.2163  -105.6806    12.9211  -226.5131     8.4496
 34  -511.0043     2.2413  -178.4649     3.1622  -106.5322    12.6505  -226.0068     8.2597
 35  -511.0853     2.1824  -178.2676     3.0958  -106.9757    12.3157  -225.8416     8.0270
 36  -511.1306     2.1228  -178.2618     3.0086  -107.2208    11.9787  -225.6476     7.8105
 37  -511.0656     2.0687  -178.5761     2.9929  -106.9251    11.6655  -225.5639     7.5983
 38  -510.7652     2.1012  -178.6823     2.9208  -105.4334    11.7398  -226.6491     7.7075
 39  -510.8406     2.0522  -178.7496     2.8481  -105.8911    11.4714  -226.1994     7.5610
 40  -510.9530     2.0128  -178.6448     2.7839  -106.5401    11.2560  -225.7677     7.4200
 41  -510.8179     1.9816  -178.6882     2.7165  -105.6336    11.1267  -226.4958     7.3818
 42  -510.7518     1.9384  -178.9131     2.6890  -105.2356    10.8877  -226.6027     7.2071
 43  -510.6195     1.9112  -179.1610     2.6721  -104.6069    10.7056  -226.8512     7.0550
 44  -510.8164     1.9083  -179.2061     2.6122  -105.9168    10.7826  -225.6930     7.2716
 45  -510.7463     1.8707  -179.4304     2.5926  -105.3588    10.5992  -225.9566     7.1277
 46  -510.9505     1.8746  -179.0536     2.6452  -106.1926    10.4995  -225.7038     6.9893
 47  -510.9283     1.8348  -179.3070     2.6375  -105.6427    10.3324  -225.9781     6.8610
 48  -510.8120     1.8112  -179.5006     2.6108  -104.4958    10.3717  -226.8151     6.9220
 49  -510.8935     1.7813  -179.6114     2.5666  -104.6790    10.1644  -226.6027     6.7926
 50  -510.9485     1.7487  -179.1656     2.6681  -105.1715    10.0076  -226.6110     6.6553
 
 
 group  inft  solvation free energy     error          difference
  total solvation free energy
   1      0        -87.81623           1.72297           1.89321
   1     60        -88.15859           1.72276           1.55086
   1     80        -91.05522           1.72132          -1.34577
   1    100       -100.68709           1.72048         -10.97765
   2      0        -88.14170           1.72200           1.56774
   3      0        -89.70944           1.72207           0.00000
   4      0        -88.53036           1.72033           1.17908
   5      0        -90.14693           1.72717          -0.43749
   5     60        -90.61689           1.72692          -0.90745
   5     80        -94.17062           1.72540          -4.46117
   5    100       -103.06958           1.72452         -13.36014
 
  contribution from  1-th solvent component
   1      0       -147.19208           1.73091          -0.25988
   1     60       -147.22367           1.73090          -0.29147
   1     80       -147.48601           1.73099          -0.55381
   1    100       -148.34487           1.73237          -1.41267
   2      0       -146.52666           1.75316           0.40554
   3      0       -146.93220           1.76042           0.00000
   4      0       -144.89118           1.75528           2.04102
   5      0       -147.04859           1.76682          -0.11639
   5     60       -147.09104           1.76680          -0.15884
   5     80       -147.41534           1.76693          -0.48314
   5    100       -148.20824           1.76818          -1.27604
 
  contribution from  2-th solvent component
   1      0         22.16713           5.09400           2.15019
   1     60         22.19172           5.09402           2.17478
   1     80         22.33180           5.09451           2.31486
   1    100         22.59043           5.09758           2.57350
   2      0         21.19233           5.07019           1.17539
   3      0         20.01694           5.06347           0.00000
   4      0         19.25053           5.05555          -0.76641
   5      0         19.82019           5.05805          -0.19674
   5     60         19.84627           5.05811          -0.17067
   5     80         20.02038           5.05878           0.00344
   5    100         20.23868           5.06110           0.22174
 
  contribution from  3-th solvent component
   1      0         37.20913           2.91076           0.00290
   1     60         36.87379           2.91111          -0.33245
   1     80         34.09941           2.91418          -3.10683
   1    100         25.06776           2.92272         -12.13848
   2      0         37.19304           2.90953          -0.01319
   3      0         37.20624           2.91008           0.00000
   4      0         37.11070           2.90928          -0.09554
   5      0         37.08188           2.91128          -0.12435
   5     60         36.62830           2.91176          -0.57794
   5     80         33.22476           2.91548          -3.98148
   5    100         24.90041           2.92328         -12.30583
 
 
 group  inft   Estimated free energy: total (kcal/mol)
   1      0     -75.8157     -84.2764     -91.5189     -88.8696     -88.5863
                -91.5571     -87.5825     -86.0963     -87.9387     -87.6719
                -82.3393     -97.8319     -90.0575     -91.3673    -105.6769
                -95.1135     -88.3884     -91.6891     -92.7683     -88.3206
                -95.2901     -81.4912     -81.8535     -82.6765     -84.7811
                -85.9363     -81.2313     -89.7091     -94.4293     -80.1731
                -85.0547     -81.0001     -89.1209     -89.2570     -88.8813
                -94.9266     -92.8835     -80.4274     -89.0569     -93.2028
                -74.8648     -81.1295     -87.8643     -89.3226     -89.1623
                -93.1450     -87.9907     -72.3817     -85.8227     -94.2788
   1     60     -76.1619     -84.6201     -91.8617     -89.2132     -88.9272
                -91.8966     -87.9264     -86.4396     -88.2847     -88.0112
                -82.6775     -98.1730     -90.3988     -91.7156    -106.0188
                -95.4568     -88.7259     -92.0296     -93.1083     -88.6643
                -95.6308     -81.8355     -82.1992     -83.0194     -85.1223
                -86.2769     -81.5751     -90.0506     -94.7682     -80.5159
                -85.3981     -81.3454     -89.4642     -89.5992     -89.2232
                -95.2664     -93.2231     -80.7699     -89.3990     -93.5449
                -75.2059     -81.4699     -88.2062     -89.6581     -89.5050
                -93.4904     -88.3395     -72.7289     -86.1644     -94.6225
   1     80     -79.0863     -87.5244     -94.7605     -92.1154     -91.8110
                -94.7706     -90.8383     -89.3468     -91.2054     -90.8888
                -85.5452    -101.0609     -93.2845     -94.6475    -108.9054
                -98.3584     -91.5934     -94.9240     -95.9936     -91.5788
                -98.5156     -84.7487     -85.1217     -85.9235     -88.0073
                -89.1565     -84.4771     -92.9432     -97.6412     -83.4223
                -88.3062     -84.2635     -92.3624     -92.4912     -92.1146
                -98.1531     -96.1024     -83.6661     -92.2895     -96.4369
                -78.0942     -84.3554     -91.0993     -92.5014     -92.4095
                -96.4045     -91.2777     -75.6499     -89.0545     -97.5322
   1    100     -88.8008     -97.1593    -104.3856    -101.7554    -101.4031
               -104.3335    -100.5274     -99.0196    -100.9083    -100.4664
                -95.1026    -110.7074    -102.8893    -104.3467    -118.5193
               -107.9979    -101.1544    -104.5966    -105.6369    -101.2867
               -108.1402     -94.4166     -94.8287     -95.5760     -97.5868
                -98.7333     -94.1032    -102.5764    -107.2027     -93.0938
                -97.9843     -93.9408    -101.9789    -102.1128    -101.7183
               -107.8016    -105.7086     -93.2880    -101.9035    -106.0645
                -87.6745     -93.9485    -100.7124    -101.9784    -102.0767
               -106.0805    -100.9901     -85.2724     -98.6551    -107.2100
   2      0     -76.5726     -84.3256     -92.1285     -89.0619     -88.7658
                -92.0324     -87.8579     -86.7253     -88.0897     -87.8882
                -82.5876     -97.5174     -90.0826     -91.3160    -106.0944
                -95.7054     -88.5499     -91.9832     -92.8481     -88.9929
                -95.8647     -82.2353     -81.8771     -82.6949     -85.1714
                -86.2529     -81.6120     -89.8076     -94.7289     -79.8585
                -85.4505     -81.4171     -89.3918     -89.7227     -89.4481
                -95.2844     -93.3091     -81.2614     -89.2426     -93.4248
                -74.9267     -81.4252     -88.6098     -89.4433     -89.4097
                -93.7849     -88.5003     -72.8942     -86.0152     -94.8947
   3      0     -77.9898     -85.8157     -93.7706     -90.5035     -90.2955
                -93.5771     -89.3502     -88.5223     -89.6097     -89.2944
                -83.8469     -99.0951     -91.5532     -92.8924    -107.6138
                -97.3437     -90.1865     -93.5159     -94.4181     -90.5567
                -97.5794     -83.8756     -83.3797     -84.1905     -86.6937
                -87.7106     -83.3213     -91.2846     -96.4427     -81.3655
                -87.0953     -83.0437     -90.9132     -91.3755     -91.0992
                -96.8467     -94.9391     -83.1194     -90.6543     -94.9161
                -76.5908     -83.1460     -90.4085     -91.0599     -90.9347
                -95.4438     -90.1009     -74.5318     -87.3055     -96.3531
   4      0     -77.0062     -84.6768     -92.6383     -89.3845     -89.1028
                -92.3277     -88.3078     -87.3425     -88.4482     -88.2062
                -82.7108     -97.8254     -90.3984     -91.7302    -106.5447
                -96.2141     -89.0373     -92.0938     -93.0296     -89.3737
                -96.2623     -82.7425     -82.0202     -82.9348     -85.5976
                -86.6497     -81.9834     -89.9614     -95.2458     -80.0524
                -86.0343     -81.9422     -89.7615     -90.1401     -89.8649
                -95.6417     -93.7668     -81.8336     -89.4529     -93.6419
                -75.3894     -81.7479     -89.3050     -89.8041     -89.7771
                -94.3164     -89.0566     -73.5405     -86.2501     -95.4022
   5      0     -78.6040     -86.2245     -94.1922     -91.1204     -90.6039
                -94.1045     -89.8273     -89.1963     -89.8538     -89.7336
                -84.1268     -99.7185     -91.8752     -93.5164    -108.3797
                -98.1456     -90.5590     -93.9021     -94.7868     -90.8769
                -97.9950     -84.2610     -83.5507     -84.5343     -87.2677
                -88.0638     -83.7541     -91.6583     -96.7505     -81.4885
                -87.7361     -83.7620     -91.3879     -91.7589     -91.3210
                -97.1313     -95.3116     -83.7523     -91.0762     -95.2168
                -77.0688     -83.8122     -91.0225     -91.2552     -91.1667
                -95.7695     -90.7482     -74.8709     -87.7750     -96.7321
   5     60     -79.0785     -86.6970     -94.6618     -91.5914     -91.0719
                -94.5711     -90.2991     -89.6673     -90.3274     -90.1996
                -84.5916    -100.1861     -92.3441     -93.9941    -108.8490
                -98.6165     -91.0238     -94.3702     -95.2542     -91.3492
                -98.4631     -84.7331     -84.0241     -85.0053     -87.7360
                -88.5311     -84.2265     -92.1272     -97.2169     -81.9594
                -88.2068     -84.2346     -91.8594     -92.2285     -91.7901
                -97.5981     -95.7781     -84.2223     -91.5452     -95.6869
                -77.5379     -84.2806     -91.4922     -91.7165     -91.6381
                -96.2428     -91.2257     -75.3463     -88.2440     -97.2038
   5     80     -82.6710     -90.2598     -98.2143     -95.1519     -94.6118
                -98.0961     -93.8709     -93.2325     -93.9124     -93.7254
                -88.1108    -103.7314     -95.8835     -97.5900    -112.3919
               -102.1755     -94.5403     -97.9204     -98.7961     -94.9288
               -102.0053     -88.3040     -87.6081     -88.5679     -91.2733
                -92.0636     -87.7899     -95.6773    -100.7412     -85.5253
                -91.7744     -87.8118     -95.4166     -95.7794     -95.3370
               -101.1405     -99.3136     -87.7755     -95.0927     -99.2358
                -81.0807     -87.8212     -95.0420     -95.2048     -95.2069
                -99.8157     -94.8254     -78.9236     -91.7883    -100.7745
   5    100     -91.6617     -99.1595    -107.1073    -104.0591    -103.4749
               -106.9262    -102.8171    -102.1687    -102.8734    -102.5622
                -96.9412    -112.6445    -104.7539    -106.5493    -121.2724
               -111.0820    -103.3731    -106.8564    -107.7070    -103.9024
               -110.8984     -97.2353     -96.5757     -97.4830    -100.1205
               -100.9098     -96.6933    -104.5762    -109.5734     -94.4537
               -100.7148     -96.7538    -104.3030    -104.6723    -104.2145
               -110.0579    -108.1914     -96.6708    -103.9749    -108.1289
                -89.9351     -96.6852    -103.9263    -103.9620    -104.1426
               -108.7524    -103.7961     -87.8150    -100.6549    -109.7155
 
 group  inft   Estimated free energy: 1-th solvent contribution (kcal/mol)
   1      0    -144.0610    -149.2140    -152.3013    -143.5797    -143.3122
               -142.3628    -141.6846    -152.3746    -146.0617    -148.7532
               -133.4933    -131.0089    -137.2697    -148.9567    -152.4535
               -148.8182    -143.6744    -146.4811    -150.5620    -155.7660
               -154.3211    -161.4236    -149.2486    -149.5531    -147.0262
               -145.0763    -151.1014    -139.4618    -142.0467    -138.5074
               -151.3394    -147.3313    -146.2046    -143.3808    -145.9208
               -148.3005    -157.5572    -152.9216    -148.3455    -146.3741
               -144.1776    -149.6891    -157.7257    -147.0606    -154.9374
               -138.2705    -154.0612    -149.8569    -146.7988    -139.3948
   1     60    -144.0929    -149.2458    -152.3327    -143.6113    -143.3437
               -142.3942    -141.7163    -152.4062    -146.0935    -148.7849
               -133.5249    -131.0403    -137.3012    -148.9887    -152.4849
               -148.8497    -143.7058    -146.5129    -150.5934    -155.7974
               -154.3522    -161.4554    -149.2802    -149.5847    -147.0575
               -145.1077    -151.1330    -139.4934    -142.0781    -138.5393
               -151.3710    -147.3632    -146.2364    -143.4123    -145.9526
               -148.3321    -157.5883    -152.9533    -148.3770    -146.4056
               -144.2094    -149.7206    -157.7572    -147.0917    -154.9690
               -138.3024    -154.0934    -149.8891    -146.8301    -139.4268
   1     80    -144.3566    -149.5091    -152.5942    -143.8738    -143.6044
               -142.6545    -141.9788    -152.6691    -146.3573    -149.0483
               -133.7868    -131.2991    -137.5614    -149.2534    -152.7461
               -149.1117    -143.9671    -146.7769    -150.8545    -156.0594
               -154.6112    -161.7201    -149.5435    -149.8473    -147.3182
               -145.3687    -151.3949    -139.7556    -142.3389    -138.8031
               -151.6334    -147.6279    -146.4997    -143.6732    -146.2160
               -148.5950    -157.8483    -153.2164    -148.6382    -146.6671
               -144.4734    -149.9818    -158.0198    -147.3502    -155.2319
               -138.5658    -154.3606    -150.1561    -147.0905    -139.6916
   1    100    -145.2146    -150.3670    -153.4549    -144.7291    -144.4540
               -143.5040    -142.8367    -153.5352    -147.2181    -149.9140
               -134.6367    -132.1383    -138.4059    -150.1183    -153.6063
               -149.9718    -144.8238    -147.6411    -151.7110    -156.9234
               -155.4657    -162.5948    -150.4064    -150.7069    -148.1719
               -146.2214    -152.2550    -140.6097    -143.1929    -139.6613
               -152.4960    -148.4946    -147.3607    -144.5244    -147.0774
               -149.4574    -158.7069    -154.0838    -149.4953    -147.5247
               -145.3355    -150.8393    -158.8857    -148.1982    -156.0978
               -139.4204    -155.2346    -151.0269    -147.9411    -140.5522
   2      0    -143.3075    -148.4152    -151.6903    -142.9551    -142.6237
               -141.8699    -141.1078    -151.8865    -145.5076    -147.9930
               -132.7158    -129.9671    -136.3654    -148.2076    -151.9339
               -148.2312    -143.0092    -145.8873    -149.9204    -155.2165
               -153.9754    -160.9049    -148.0898    -148.7469    -146.3397
               -144.4459    -150.4698    -138.6810    -141.4118    -137.4820
               -150.7836    -146.5765    -145.4458    -142.8468    -145.3338
               -147.7461    -157.1386    -152.4984    -147.6640    -145.6533
               -143.2072    -148.9482    -157.2831    -146.1388    -154.2874
               -137.7622    -153.4367    -149.2438    -146.0551    -138.9252
   3      0    -143.7122    -148.7784    -152.1237    -143.3851    -142.9830
               -142.3308    -141.4633    -152.3995    -145.8748    -148.3584
               -132.9317    -130.3896    -136.6998    -148.5296    -152.3551
               -148.7592    -143.4376    -146.3038    -150.3406    -155.6881
               -154.4974    -161.2971    -148.5170    -149.0580    -146.7218
               -144.8087    -150.9381    -139.0877    -141.8906    -137.7327
               -151.2473    -146.9655    -145.8050    -143.3436    -145.8111
               -148.1453    -157.5475    -153.0120    -148.0455    -146.0028
               -143.6783    -149.3567    -157.7884    -146.5045    -154.7633
               -138.1775    -153.7825    -149.5948    -146.3061    -139.3390
   4      0    -141.6928    -146.6942    -150.0436    -141.5031    -140.9149
               -140.3193    -139.5056    -150.2795    -143.9459    -146.2435
               -131.1121    -128.2443    -134.8668    -146.5508    -150.4374
               -146.6452    -141.5057    -144.1451    -148.1316    -153.5885
               -152.2825    -159.2856    -146.2470    -147.0312    -144.8682
               -142.8680    -148.7076    -136.9050    -139.7340    -135.6864
               -149.2494    -144.9473    -143.7319    -141.2835    -143.6751
               -146.1221    -155.7437    -150.8455    -146.0292    -143.8606
               -141.5369    -147.1454    -155.7262    -144.3003    -152.7533
               -136.2481    -151.8919    -147.6354    -144.3392    -137.5081
   5      0    -143.8434    -148.7650    -152.2184    -143.6865    -142.9758
               -142.5364    -141.5168    -152.7138    -145.8428    -148.4646
               -133.0368    -130.6359    -136.9087    -148.8495    -152.7307
               -149.1259    -143.5911    -146.4642    -150.4587    -155.7323
               -154.5895    -161.3633    -148.3400    -149.1104    -147.0247
               -144.8130    -151.0372    -139.1568    -141.8473    -137.6548
               -151.4999    -147.2209    -145.9427    -143.4320    -145.7534
               -148.1317    -157.7933    -153.2694    -148.1961    -146.0150
               -143.7493    -149.6651    -158.0220    -146.3981    -154.7844
               -138.2173    -153.9891    -149.5371    -146.4158    -139.3626
   5     60    -143.8865    -148.8077    -152.2606    -143.7291    -143.0182
               -142.5786    -141.5593    -152.7562    -145.8854    -148.5069
               -133.0794    -130.6781    -136.9510    -148.8924    -152.7727
               -149.1683    -143.6333    -146.5070    -150.5009    -155.7745
               -154.6312    -161.4059    -148.3826    -149.1530    -147.0668
               -144.8553    -151.0798    -139.1995    -141.8895    -137.6975
               -151.5421    -147.2636    -145.9852    -143.4743    -145.7960
               -148.1742    -157.8351    -153.3118    -148.2384    -146.0573
               -143.7921    -149.7074    -158.0643    -146.4400    -154.8268
               -138.2603    -154.0322    -149.5803    -146.4581    -139.4054
   5     80    -144.2146    -149.1327    -152.5844    -144.0537    -143.3417
               -142.9001    -141.8834    -153.0811    -146.2107    -148.8310
               -133.4029    -130.9980    -137.2720    -149.2186    -153.0945
               -149.4931    -143.9560    -146.8327    -150.8236    -156.0984
               -154.9514    -161.7324    -148.7089    -149.4787    -147.3884
               -145.1782    -151.4054    -139.5241    -142.2116    -138.0222
               -151.8657    -147.5901    -146.3101    -143.7974    -146.1218
               -148.4991    -158.1571    -153.6375    -148.5615    -146.3800
               -144.1185    -150.0307    -158.3890    -146.7605    -155.1523
               -138.5858    -154.3617    -149.9106    -146.7809    -139.7316
   5    100    -145.0126    -149.9235    -153.3800    -144.8444    -144.1292
               -143.6840    -142.6741    -153.8804    -147.0032    -149.6251
               -134.1876    -131.7732    -138.0506    -150.0146    -153.8856
               -150.2898    -144.7467    -147.6294    -151.6147    -156.8960
               -155.7402    -162.5376    -149.5074    -150.2748    -148.1750
               -145.9665    -152.2043    -140.3145    -142.9991    -138.8107
               -152.6598    -148.3881    -147.1031    -144.5848    -146.9178
               -149.2959    -158.9511    -154.4391    -149.3532    -147.1703
               -144.9143    -150.8230    -159.1883    -147.5454    -155.9528
               -139.3756    -155.1665    -150.7156    -147.5684    -140.5242
 
 group  inft   Estimated free energy: 2-th solvent contribution (kcal/mol)
   1      0      54.6868      30.3101      15.0614      13.3334      10.6738
                 -0.4587      18.9567      43.2692      22.5818      17.2874
                  3.9171     -22.0010       4.1863      22.4275      -8.4461
                 12.8250      14.4479      24.7421      19.6473      45.6077
                 17.2098      60.6614      43.3095      34.9932      22.9881
                 13.6527      35.8520       9.4305      -4.3119      23.3781
                 45.2935      44.4930      14.7389       7.9585      16.1341
                 17.0691      25.5611      53.6512      13.8004       8.8994
                 44.0183      33.2381      36.5338      -1.6068      32.9467
                  1.9928      33.6539      55.5936      18.0748       6.0932
   1     60      54.7099      30.3355      15.0848      13.3568      10.6981
                 -0.4331      18.9797      43.2940      22.6031      17.3140
                  3.9428     -21.9797       4.2118      22.4521      -8.4215
                 12.8496      14.4755      24.7672      19.6716      45.6313
                 17.2337      60.6861      43.3324      35.0184      23.0134
                 13.6778      35.8772       9.4547      -4.2852      23.4025
                 45.3169      44.5157      14.7641       7.9822      16.1593
                 17.0937      25.5849      53.6775      13.8233       8.9245
                 44.0452      33.2649      36.5591      -1.5804      32.9710
                  2.0158      33.6782      55.6198      18.0994       6.1164
   1     80      54.8432      30.4804      15.2164      13.4909      10.8371
                 -0.2861      19.1055      43.4359      22.7188      17.4657
                  4.0903     -21.8652       4.3570      22.5915      -8.2820
                 12.9873      14.6359      24.9098      19.8083      45.7588
                 17.3669      60.8271      43.4587      35.1639      23.1601
                 13.8221      36.0249       9.5909      -4.1345      23.5385
                 45.4481      44.6438      14.9085       8.1179      16.3068
                 17.2359      25.7190      53.8352      13.9526       9.0677
                 44.2051      33.4192      36.7042      -1.4269      33.1070
                  2.1448      33.8191      55.7805      18.2396       6.2438
   1    100      55.0930      30.7490      15.4560      13.7374      11.0907
                 -0.0122      19.3092      43.7059      22.8978      17.7586
                  4.3675     -21.7002       4.6251      22.8452      -8.0329
                 13.2375      14.9568      25.1728      20.0455      45.9659
                 17.5937      61.0995      43.6734      35.4388      23.4430
                 14.0940      36.3213       9.8316      -3.8477      23.7743
                 45.6824      44.8796      15.1782       8.3586      16.5949
                 17.4978      25.9499      54.1668      14.1806       9.3290
                 44.5419      33.7229      36.9787      -1.1211      33.3454
                  2.3673      34.0873      56.1380      18.4982       6.4553
   2      0      53.1888      29.5007      13.8724      12.5444       9.8225
                 -1.3927      18.1058      42.1377      21.8982      16.3195
                  2.9220     -22.6987       3.2589      21.7508      -9.3678
                 11.6582      13.6361      23.8732      18.9431      44.4030
                 16.3237      59.4081      42.1467      34.1688      21.9104
                 12.7368      34.8487       8.5543      -5.2356      22.6741
                 44.3469      43.3299      13.7238       6.9863      15.0121
                 16.1851      24.7353      52.3981      12.9442       7.9827
                 42.9918      32.1879      35.3514      -2.6281      32.0641
                  0.8713      32.5487      54.4962      17.1523       5.0246
   3      0      52.1549      28.3617      12.6446      11.5241       8.6277
                 -2.4962      16.9501      40.8507      20.7211      15.2696
                  1.8448     -23.8851       2.1333      20.4890     -10.4836
                 10.5217      12.4138      22.7334      17.7930      43.2939
                 15.1198      58.1669      41.0500      32.9868      20.7660
                 11.6299      33.6065       7.4833      -6.4835      21.4196
                 43.1559      42.0800      12.5395       5.8231      13.8186
                 15.0248      23.4954      51.0472      11.8974       6.8291
                 41.7829      30.8571      34.0571      -3.8897      30.9901
                 -0.3831      31.2866      53.1869      16.0780       3.9620
   4      0      51.2288      27.5303      11.8013      10.8523       7.8656
                 -3.1410      16.1218      40.0088      20.0693      14.3180
                  1.2704     -24.6386       1.5163      19.7656     -11.2380
                  9.6257      11.7349      22.1086      17.0769      42.4704
                 14.3355      57.3629      40.2373      32.2757      20.0841
                 10.8504      32.7179       6.7075      -7.3790      20.7812
                 42.3328      41.2577      11.7265       5.1103      13.0329
                 14.2875      22.9685      50.2566      11.1664       6.0455
                 40.9245      30.1305      33.1798      -4.7116      30.2337
                 -1.0662      30.5398      52.3341      15.2698       3.1864
   5      0      51.8137      28.0624      12.4269      11.3198       8.4524
                 -2.6826      16.6685      40.6360      20.5880      15.0677
                  1.8043     -24.1221       2.1163      20.3002     -10.7424
                 10.2146      12.3114      22.6523      17.6597      43.1701
                 14.9290      57.9640      40.8405      32.7917      20.6164
                 11.3933      33.3672       7.3084      -6.7323      21.3227
                 42.9118      41.7516      12.3196       5.6461      13.6400
                 14.8401      23.4614      50.8016      11.7590       6.6543
                 41.5002      30.6423      33.8114      -4.0760      30.9057
                 -0.5524      30.9717      52.9175      15.8493       3.7365
   5     60      51.8385      28.0889      12.4524      11.3449       8.4781
                 -2.6554      16.6927      40.6626      20.6103      15.0961
                  1.8315     -24.0996       2.1433      20.3261     -10.7167
                 10.2408      12.3405      22.6788      17.6853      43.1945
                 14.9537      57.9905      40.8653      32.8186      20.6434
                 11.4202      33.3934       7.3339      -6.7045      21.3482
                 42.9368      41.7763      12.3458       5.6712      13.6670
                 14.8665      23.4864      50.8298      11.7833       6.6806
                 41.5288      30.6705      33.8380      -4.0478      30.9306
                 -0.5277      30.9982      52.9465      15.8757       3.7608
   5     80      52.0031      28.2677      12.6206      11.5120       8.6503
                 -2.4721      16.8489      40.8410      20.7529      15.2876
                  2.0146     -23.9574       2.3237      20.4969     -10.5464
                 10.4139      12.5404      22.8554      17.8530      43.3505
                 15.1170      58.1675      41.0253      32.9998      20.8264
                 11.6010      33.5752       7.5032      -6.5169      21.5156
                 43.1003      41.9382      12.5223       5.8385      13.8508
                 15.0426      23.6518      51.0265      11.9431       6.8565
                 41.7277      30.8619      34.0169      -3.8543      31.0950
                 -0.3653      31.1751      53.1509      16.0521       3.9176
   5    100      52.2056      28.4962      12.8214      11.7200       8.8643
                 -2.2347      17.0187      41.0695      20.8981      15.5430
                  2.2507     -23.8227       2.5545      20.7086     -10.3379
                 10.6263      12.8178      23.0795      18.0526      43.5191
                 15.3068      58.3955      41.2059      33.2353      21.0682
                 11.8345      33.8234       7.7074      -6.2709      21.7135
                 43.2957      42.1320      12.7461       6.0394      14.0943
                 15.2653      23.8441      51.3070      12.1334       7.0781
                 42.0139      31.1206      34.2459      -3.5898      31.2907
                 -0.1761      31.4008      53.4578      16.2743       4.0904
 
 group  inft   Estimated free energy: 3-th solvent contribution (kcal/mol)
   1      0      13.5588      34.6279      45.7214      41.3772      44.0525
                 51.2648      35.1459      23.0095      35.5416      43.7943
                 47.2373      55.1785      43.0263      35.1624      55.2232
                 40.8801      40.8386      30.0502      38.1468      21.8381
                 41.8217      19.2714      24.0859      31.8838      39.2573
                 45.4877      34.0185      40.3225      51.9297      34.9567
                 20.9916      21.8386      42.3453      46.1657      40.9059
                 36.3053      39.1131      18.8434      45.4887      44.2724
                 25.2949      35.3220      33.3281      59.3452      32.8288
                 43.1331      32.4171      21.8821      42.9017      39.0233
   1     60      13.2216      34.2906      45.3865      41.0417      43.7188
                 50.9310      34.8106      22.6730      35.2061      43.4601
                 46.9051      54.8474      42.6909      34.8215      54.8881
                 40.5437      40.5048      29.7165      37.8140      21.5022
                 41.4882      18.9342      23.7491      31.5473      38.9222
                 45.1534      33.6811      39.9886      51.5955      34.6213
                 20.6564      21.5025      42.0085      45.8313      40.5706
                 35.9725      38.7807      18.5063      45.1551      43.9366
                 24.9587      34.9862      32.9924      59.0143      32.4935
                 42.7966      32.0760      21.5408      42.5667      38.6883
   1     80      10.4276      31.5048      42.6177      38.2679      40.9567
                 48.1704      32.0355      19.8867      32.4335      40.6943
                 44.1517      52.1038      39.9204      32.0148      52.1232
                 37.7663      37.7383      26.9436      35.0530      18.7222
                 38.7291      16.1448      20.9634      28.7604      36.1512
                 42.3904      30.8933      37.2219      48.8326      31.8426
                 17.8795      18.7210      39.2292      43.0645      37.7950
                 33.2064      36.0273      15.7155      42.3966      41.1628
                 22.1745      32.2076      30.2167      56.2761      29.7157
                 40.0169      29.2642      18.7261      39.7968      35.9160
   1    100       1.3213      22.4591      33.6137      29.2368      31.9606
                 39.1832      23.0005      10.8101      23.4124      31.6895
                 35.1670      43.1316      30.8920      22.9269      43.1203
                 28.7368      28.7131      17.8721      26.0291       9.6712
                 29.7322       7.0791      11.9047      19.6925      27.1425
                 33.3946      21.8309      28.2021      39.8383      22.7937
                  8.8297       9.6746      30.2040      34.0534      28.7646
                 24.1585      27.0488       6.6294      33.4117      32.1316
                 13.1195      23.1684      21.1951      47.3414      20.6761
                 30.9731      20.1576       9.6170      30.7881      26.8873
   2      0      13.5465      34.5894      45.6899      41.3491      44.0359
                 51.2306      35.1445      23.0239      35.5201      43.7858
                 47.2066      55.1489      43.0243      35.1412      55.2077
                 40.8681      40.8236      30.0313      38.1295      21.8210
                 41.7874      19.2619      24.0665      31.8837      39.2583
                 45.4566      34.0094      40.3194      51.9189      34.9498
                 20.9866      21.8300      42.3307      46.1382      40.8741
                 36.2770      39.0946      18.8393      45.4776      44.2462
                 25.2891      35.3355      33.3223      59.3241      32.8140
                 43.1064      32.3882      21.8538      42.8881      39.0064
   3      0      13.5679      34.6014      45.7090      41.3579      44.0603
                 51.2502      35.1635      23.0268      35.5444      43.7949
                 47.2405      55.1800      43.0138      35.1486      55.2253
                 40.8942      40.8377      30.0549      38.1299      21.8379
                 41.7986      19.2549      24.0878      31.8811      39.2625
                 45.4686      34.0108      40.3203      51.9317      34.9479
                 20.9965      21.8423      42.3527      46.1455      40.8936
                 36.2743      39.1134      18.8458      45.4942      44.2580
                 25.3049      35.3540      33.3232      59.3347      32.8390
                 43.1172      32.3955      21.8765      42.9230      39.0243
   4      0      13.4582      34.4875      45.6044      41.2668      43.9470
                 51.1331      35.0764      22.9286      35.4289      43.7198
                 47.1313      55.0579      42.9525      35.0555      55.1311
                 40.8058      40.7339      29.9431      38.0255      21.7448
                 41.6851      19.1806      23.9899      31.8211      39.1869
                 45.3683      34.0068      40.2365      51.8675      34.8533
                 20.8828      21.7477      42.2443      46.0335      40.7777
                 36.1933      39.0088      18.7558      45.4104      44.1736
                 25.2235      35.2675      33.2418      59.2083      32.7429
                 42.9983      32.2959      21.7613      42.8197      38.9200
   5      0      13.4262      34.4786      45.5998      41.2467      43.9200
                 51.1149      35.0215      22.8820      35.4014      43.6637
                 47.1061      55.0399      42.9175      35.0334      55.0938
                 40.7662      40.7211      29.9103      38.0125      21.6857
                 41.6659      19.1388      23.9491      31.7849      39.1410
                 45.3563      33.9164      40.1906      51.8295      34.8439
                 20.8523      21.7078      42.2356      46.0274      40.7928
                 36.1607      39.0207      18.7160      45.3613      44.1443
                 25.1807      35.2111      33.1886      59.2192      32.7125
                 43.0006      32.2697      21.7490      42.7920      38.8943
   5     60      12.9699      34.0223      45.1468      40.7932      43.4687
                 50.6633      34.5679      22.4267      34.9481      43.2116
                 46.6567      54.5920      42.4640      34.5725      54.6408
                 40.3114      40.2694      29.4584      37.5619      21.2312
                 41.2148      18.6826      23.4936      31.3295      38.6878
                 44.9045      33.4603      39.7388      51.3775      34.3902
                 20.3989      21.2532      41.7805      45.5750      40.3392
                 35.7101      38.5710      18.2601      44.9103      43.6902
                 24.7257      34.7567      32.7346      58.7717      32.2585
                 42.5456      31.8088      21.2879      42.3389      38.4412
   5     80       9.5409      30.6056      41.7500      37.3902      40.0800
                 47.2765      31.1639      19.0081      31.5458      39.8184
                 43.2779      51.2244      39.0652      31.1322      51.2494
                 36.9042      36.8758      26.0573      34.1750      17.8196
                 37.8296      15.2613      20.0759      27.9113      35.2891
                 41.5141      30.0408      36.3441      47.9878      30.9818
                 16.9914      17.8405      38.3716      42.1799      36.9344
                 32.3165      35.1921      14.8359      41.5261      40.2880
                 21.3106      31.3480      29.3305      55.4104      28.8508
                 39.1358      28.3617      17.8365      38.9410      35.0400
   5    100       1.1457      22.2682      33.4517      29.0657      31.7904
                 38.9929      22.8387      10.6426      23.2321      31.5204
                 34.9962      42.9519      30.7427      22.7572      42.9515
                 28.5819      28.5562      17.6939      25.8555       9.4749
                 29.5354       6.9071      11.7262      19.5569      26.9867
                 33.2227      21.6881      28.0312      39.6971      22.6439
                  8.6497       9.5027      30.0544      33.8736      28.6095
                 23.9732      26.9160       6.4618      33.2453      31.9637
                 12.9657      23.0176      21.0166      47.1737      20.5200
                 30.7998      19.9701       9.4432      30.6396      26.7187
 
 
 cumulative average & 95% error for solvation free energy
              total             1st component         2nd component         3rd component
  1   -77.9898             -143.7122               52.1549               13.5679
  2   -81.9028     7.8259  -146.2453     5.0661    40.2583    23.7932    24.0846    21.0335
  3   -85.8587     9.1112  -148.2048     4.8901    31.0537    22.9696    31.2927    18.8493
  4   -87.0199     6.8484  -146.9998     4.2147    26.1713    18.9513    33.8090    14.2469
  5   -87.6750     5.4641  -146.1965     3.6387    22.6626    16.2707    35.8593    11.7728
  6   -88.6587     4.8760  -145.5522     3.2384    18.4695    15.7105    38.4244    10.8958
  7   -88.7575     4.1257  -144.9681     2.9758    18.2524    13.2849    37.9586     9.2557
  8   -88.7281     3.5734  -145.8970     3.1770    21.0772    12.8173    36.0921     8.8423
  9   -88.8260     3.1575  -145.8945     2.8018    21.0376    11.3041    36.0313     7.7991
 10   -88.8729     2.8257  -146.1409     2.5540    20.4608    10.1763    36.8076     7.1464
 11   -88.4160     2.7144  -144.9401     3.3324    18.7685     9.8074    37.7561     6.7368
 12   -89.3059     3.0509  -143.7275     3.8904    15.2140    11.4320    39.2081     6.8010
 13   -89.4788     2.8276  -143.1869     3.7384    14.2078    10.7067    39.5008     6.2833
 14   -89.7226     2.6629  -143.5686     3.5442    14.6565     9.9531    39.1899     5.8504
 15   -90.9153     3.4404  -144.1543     3.5013    12.9805     9.8535    40.2590     5.8510
 16   -91.3171     3.3170  -144.4421     3.3254    12.8268     9.2222    40.2987     5.4737
 17   -91.2506     3.1186  -144.3830     3.1259    12.8025     8.6629    40.3304     5.1420
 18   -91.3765     2.9510  -144.4898     2.9548    13.3542     8.2416    39.7595     4.9806
 19   -91.5365     2.8097  -144.7977     2.8620    13.5878     7.8098    39.6737     4.7143
 20   -91.4876     2.6673  -145.3422     2.9254    15.0731     7.9824    38.7819     4.8149
 21   -91.7776     2.6026  -145.7782     2.9161    15.0754     7.5928    38.9256     4.5889
 22   -91.4185     2.5834  -146.4836     3.1178    17.0341     8.2314    38.0315     4.7267
 23   -91.0689     2.5656  -146.5720     2.9844    18.0782     8.1378    37.4252     4.6764
 24   -90.7823     2.5223  -146.6756     2.8649    18.6994     7.8898    37.1942     4.5011
 25   -90.6188     2.4413  -146.6774     2.7479    18.7821     7.5695    37.2770     4.3205
 26   -90.5069     2.3562  -146.6055     2.6440    18.5070     7.2933    37.5920     4.1985
 27   -90.2408     2.3289  -146.7660     2.5643    19.0662     7.1065    37.4594     4.0487
 28   -90.2781     2.2454  -146.4918     2.5312    18.6526     6.8978    37.5616     3.9068
 29   -90.4907     2.2079  -146.3331     2.4629    17.7858     6.8778    38.0571     3.8978
 30   -90.1865     2.2181  -146.0464     2.4475    17.9069     6.6490    37.9534     3.7713
 31   -90.0868     2.1546  -146.2142     2.3909    18.7214     6.6340    37.4064     3.8081
 32   -89.8667     2.1321  -146.2377     2.3154    19.4514     6.5872    36.9201     3.8134
 33   -89.8984     2.0675  -146.2246     2.2443    19.2419     6.3982    37.0847     3.7107
 34   -89.9418     2.0076  -146.1398     2.1839    18.8472     6.2571    37.3512     3.6391
 35   -89.9749     1.9506  -146.1305     2.1207    18.7036     6.0825    37.4524     3.5394
 36   -90.1658     1.9337  -146.1864     2.0639    18.6014     5.9147    37.4197     3.4403
 37   -90.2948     1.8983  -146.4935     2.0992    18.7337     5.7587    37.4654     3.3473
 38   -90.1060     1.8859  -146.6650     2.0718    19.5840     5.8574    36.9755     3.4022
 39   -90.1200     1.8371  -146.7004     2.0193    19.3869     5.7189    37.1939     3.3425
 40   -90.2399     1.8066  -146.6830     1.9684    19.0730     5.6093    37.3705     3.2769
 41   -89.9070     1.8835  -146.6097     1.9254    19.6269     5.5818    37.0762     3.2498
 42   -89.7460     1.8661  -146.6751     1.8836    19.8943     5.4735    37.0352     3.1725
 43   -89.7615     1.8225  -146.9335     1.9105    20.2236     5.3851    36.9489     3.1026
 44   -89.7910     1.7816  -146.9238     1.8667    19.6756     5.3743    37.4576     3.1975
 45   -89.8164     1.7423  -147.0980     1.8577    19.9270     5.2775    37.3550     3.1324
 46   -89.9387     1.7214  -146.9041     1.8578    19.4855     5.2365    37.4803     3.0738
 47   -89.9422     1.6844  -147.0504     1.8412    19.7366     5.1484    37.3721     3.0154
 48   -89.6211     1.7696  -147.1034     1.8056    20.4335     5.2292    37.0493     3.0217
 49   -89.5739     1.7357  -147.0872     1.7687    20.3446     5.1244    37.1691     2.9691
 50   -89.7094     1.7221  -146.9322     1.7604    20.0169     5.0635    37.2062     2.9101
 
 Mesh error is    1.893 kcal/mol
