 ERmod 0.3.8, Copyright (C) 2000-2019 Nobuyuki Matubayasi
                            2010-2019 Shun Sakuraba
 ERmod comes with ABSOLUTELY NO WARRANTY.
 This is free software, and you can redistribute it
 and/or modify it under certain conditions.
 See LICENSE file for details.
 
  Number of the   1-th solvent  =          368
  Number of the   2-th solvent  =          368
  Number of the   3-th solvent  =        10000
 
  Be sure that the solvent distribution is homogeneous (radial distribution function is essentially unity) when the solvent molecule is separated beyond distance of   10.0 Angstrom in any direction from any atom within the solute molecule
 
  LJ long-range correction    =        -0.6509     -0.1232     -7.4645
 
  Self-energy of the solute   =        -0.0060  kcal/mol
 
 
 cumulative average & 95% error for solvation energy
              total             1st component         2nd component         3rd component
  1  -483.9034              -98.1932              -51.4486             -334.2555
  2  -487.3335     6.8602   -98.4371     0.4877   -59.7633    16.6294  -329.1271    10.2570
  3  -488.3296     4.4335   -97.1364     2.6166   -72.4455    27.1207  -318.7417    21.5985
  4  -488.6796     3.2122   -97.3594     1.9032   -78.7011    22.8975  -312.6130    19.5828
  5  -488.3138     2.5934   -96.1191     2.8857   -78.7630    17.7368  -313.4257    15.2556
  6  -488.6923     2.2488   -96.3505     2.4012   -78.0951    14.5435  -314.2407    12.5624
  7  -490.2966     3.7293   -95.8891     2.2294   -88.8690    24.8071  -305.5325    20.3973
  8  -492.2646     5.0913   -95.9215     1.9318  -100.8458    32.1764  -295.4913    26.7460
  9  -492.9761     4.7102   -96.2546     1.8293  -104.6815    29.3956  -292.0340    24.5803
 10  -493.4000     4.2974   -96.1427     1.6514  -106.6417    26.5828  -290.6097    22.1691
 11  -493.3845     3.8873   -96.7850     1.9702  -106.3590    24.0517  -290.2346    20.0667
 12  -492.1475     4.3259   -97.2908     2.0636  -100.3560    25.0243  -294.4947    20.2028
 13  -491.3112     4.3165   -97.5640     1.9753   -95.2593    25.1750  -298.4819    20.2226
 14  -491.6659     4.0587   -97.1951     1.9720   -96.6931    23.4833  -297.7717    18.7763
 15  -492.2807     3.9735   -96.8323     1.9740  -100.7685    23.3317  -294.6739    18.5453
 16  -492.6157     3.7768   -96.0566     2.4117  -102.6583    22.1497  -293.8949    17.4174
 17  -492.9225     3.6003   -96.2322     2.2924  -104.1994    21.0331  -292.4849    16.6020
 18  -493.0990     3.4127   -96.6263     2.3006  -104.3774    19.8334  -292.0892    15.6725
 19  -493.0930     3.2282   -96.9542     2.2728  -103.4528    18.8514  -292.6800    14.8718
 20  -493.0372     3.0645   -97.0472     2.1642  -102.3423    18.0214  -293.6418    14.2391
 21  -493.0474     2.9150   -97.2047     2.0825  -101.6160    17.2032  -294.2207    13.5935
 22  -492.9775     2.7829   -97.2158     1.9857  -100.8103    16.4816  -294.9454    13.0417
 23  -492.9536     2.6596   -97.2162     1.8974  -100.2366    15.7905  -295.4948    12.5101
 24  -493.0020     2.5482   -97.3520     1.8369   -99.8700    15.1360  -295.7740    11.9905
 25  -492.5560     2.6018   -97.3689     1.7622   -97.7012    15.1520  -297.4799    11.9963
 26  -492.1488     2.6290   -97.4322     1.6978   -95.7746    15.0589  -298.9361    11.8879
 27  -492.1535     2.5298   -97.2652     1.6675   -95.8773    14.4919  -299.0051    11.4400
 28  -492.1528     2.4378   -97.0825     1.6478   -95.9098    13.9649  -299.1544    11.0279
 29  -492.1205     2.3531   -97.1037     1.5905   -95.3255    13.5253  -299.6853    10.6937
 30  -492.0775     2.2749   -97.1019     1.5366   -94.6782    13.1307  -300.2913    10.4019
 31  -492.1364     2.2035   -97.1280     1.4871   -94.8121    12.7029  -300.1902    10.0628
 32  -492.0182     2.1466   -96.9933     1.4649   -95.2525    12.3310  -299.7663     9.7801
 33  -492.1991     2.1117   -97.1356     1.4480   -96.3150    12.1390  -298.7424     9.6978
 34  -492.3602     2.0739   -96.9347     1.4611   -97.4233    11.9833  -297.9962     9.5259
 35  -492.3616     2.0137   -96.9411     1.4188   -96.9932    11.6677  -298.4213     9.2887
 36  -492.5213     1.9829   -97.0895     1.4104   -96.8058    11.3451  -298.6201     9.0357
 37  -492.8712     2.0516   -97.0264     1.3776   -98.1089    11.3379  -297.7299     8.9667
 38  -493.1583     2.0778   -97.1588     1.3667   -98.4619    11.0580  -297.5316     8.7365
 39  -493.4289     2.0949   -97.2056     1.3345   -99.1499    10.8583  -297.0674     8.5601
 40  -493.6578     2.0926   -97.2273     1.3014   -99.5877    10.6195  -296.8368     8.3560
 41  -493.8964     2.0959   -97.3366     1.2880  -100.0517    10.3987  -296.5021     8.1771
 42  -494.1697     2.1172   -97.4120     1.2660  -100.8603    10.2762  -295.8914     8.0730
 43  -494.4185     2.1264   -97.6361     1.3149  -101.1322    10.0491  -295.6442     7.8985
 44  -494.7411     2.1754   -97.6227     1.2850  -102.5966    10.2455  -294.5159     8.0401
 45  -494.9669     2.1739   -97.7917     1.3008  -103.1453    10.0752  -294.0239     7.9207
 46  -495.2499     2.2002   -97.7787     1.2725  -104.2320    10.0906  -293.2332     7.9064
 47  -495.4127     2.1774   -97.6999     1.2550  -104.6220     9.9043  -293.0848     7.7420
 48  -495.6023     2.1650   -97.6953     1.2286  -105.1408     9.7512  -292.7602     7.6067
 49  -495.7866     2.1521   -97.7679     1.2120  -105.5407     9.5835  -292.4719     7.4722
 50  -495.9203     2.1255   -97.9107     1.2214  -105.5366     9.3899  -292.4670     7.3212
 
 
 group  inft  solvation free energy     error          difference
  total solvation free energy
   1      0        -89.25419           1.13274           0.29129
   1     60        -89.50180           1.13305           0.04369
   1     80        -91.92467           1.13542          -2.37918
   1    100       -100.89452           1.14314         -11.34903
   2      0        -89.45670           1.13456           0.08879
   3      0        -89.54549           1.11909           0.00000
   4      0        -89.48256           1.12801           0.06293
   5      0        -89.76830           1.12370          -0.22281
   5     60        -90.11368           1.12404          -0.56820
   5     80        -93.12351           1.12670          -3.57803
   5    100       -101.42443           1.13380         -11.87895
 
  contribution from  1-th solvent component
   1      0        -79.79078           0.88793          -0.28749
   1     60        -79.80134           0.88790          -0.29805
   1     80        -79.89655           0.88765          -0.39326
   1    100        -80.24444           0.88738          -0.74115
   2      0        -79.54160           0.90892          -0.03831
   3      0        -79.50329           0.91362           0.00000
   4      0        -79.19871           0.91789           0.30458
   5      0        -79.36257           0.92280           0.14072
   5     60        -79.37558           0.92275           0.12771
   5     80        -79.49112           0.92245           0.01217
   5    100        -79.81447           0.92241          -0.31117
 
  contribution from  2-th solvent component
   1      0        -16.70300           4.50507           0.59125
   1     60        -16.69031           4.50514           0.60394
   1     80        -16.63012           4.50524           0.66412
   1    100        -16.41905           4.50548           0.87520
   2      0        -17.16263           4.48879           0.13161
   3      0        -17.29425           4.49471           0.00000
   4      0        -17.52564           4.49214          -0.23139
   5      0        -17.60748           4.49477          -0.31323
   5     60        -17.59536           4.49480          -0.30111
   5     80        -17.51329           4.49491          -0.21904
   5    100        -17.32192           4.49504          -0.02767
 
  contribution from  3-th solvent component
   1      0          7.24559           4.62692          -0.01247
   1     60          6.99586           4.62740          -0.26220
   1     80          4.60801           4.63227          -2.65005
   1    100         -4.22502           4.65002         -11.48308
   2      0          7.25354           4.63088          -0.00452
   3      0          7.25806           4.63113           0.00000
   4      0          7.24780           4.63307          -0.01026
   5      0          7.20775           4.63543          -0.05031
   5     60          6.86327           4.63600          -0.39479
   5     80          3.88690           4.64210          -3.37116
   5    100         -4.28205           4.65920         -11.54010
 
 
 group  inft   Estimated free energy: total (kcal/mol)
   1      0     -83.8834     -91.5449     -88.4939     -89.3835     -89.6886
                -88.9768     -92.5288     -95.6885     -95.4139     -90.4037
                -94.6411     -90.6377     -88.6298     -93.3738     -92.7941
                -93.5109     -90.7712     -93.6032     -91.1884     -94.6285
                -92.1716     -93.6880     -93.4449     -94.5369     -91.6676
                -88.5133     -89.0130     -87.8119     -92.8946     -89.4004
                -91.5165     -86.3624     -92.3194     -91.4015     -91.5204
                -87.0677     -87.4509     -84.1010     -82.2549     -82.6006
                -84.3395     -86.5282     -83.0175     -83.2270     -85.8048
                -82.1807     -82.8647     -83.0870     -87.2920     -84.8458
   1     60     -84.1326     -91.7936     -88.7432     -89.6335     -89.9396
                -89.2264     -92.7751     -95.9352     -95.6611     -90.6510
                -94.8906     -90.8879     -88.8790     -93.6231     -93.0415
                -93.7583     -91.0201     -93.8527     -91.4370     -94.8765
                -92.4205     -93.9366     -93.6937     -94.7853     -91.9168
                -88.7637     -89.2616     -88.0603     -93.1428     -89.6492
                -91.7647     -86.6109     -92.5663     -91.6494     -91.7690
                -87.3132     -87.6966     -84.3468     -82.5012     -82.8460
                -84.5846     -86.7728     -83.2619     -83.4710     -86.0506
                -82.4253     -83.1093     -83.3331     -87.5381     -85.0902
   1     80     -86.5835     -94.2355     -91.1785     -92.0708     -92.3960
                -91.6723     -95.1732     -98.3282     -98.0730     -93.0679
                -97.3244     -93.3449     -91.3256     -96.0531     -95.4511
                -96.1783     -93.4413     -96.2818     -93.8740     -97.3139
                -94.8590     -96.3753     -96.1316     -97.2219     -94.3648
                -91.2170     -91.6894     -90.4881     -95.5759     -92.0884
                -94.1908     -89.0379     -94.9786     -94.0701     -94.2072
                -89.7255     -90.1012     -86.7549     -84.9109     -85.2503
                -86.9856     -89.1688     -85.6603     -85.8539     -88.4572
                -84.8145     -85.5074     -85.7411     -89.9466     -87.4918
   1    100     -95.6485    -103.2900    -100.1761    -101.0576    -101.4671
               -100.7294    -104.0559    -107.1876    -106.9983    -102.0019
               -106.2908    -102.4443    -100.3922    -105.0289    -104.3529
               -105.1362    -102.4151    -105.2765    -102.8871    -106.3271
               -103.8808    -105.4017    -105.1687    -106.2343    -103.4424
               -100.2978    -100.6854     -99.4802    -104.5899    -101.1305
               -103.1736     -98.0135    -103.9189    -103.0274    -103.2270
                -98.6902     -99.0189     -95.6830     -93.8357     -94.1591
                -95.8771     -98.0435     -94.5239     -94.6884     -97.3649
                -93.6777     -94.4026     -94.6471     -98.8737     -96.4046
   2      0     -83.9646     -91.6917     -88.5719     -89.6419     -89.8666
                -89.1296     -92.5891     -95.7880     -95.6280     -90.6181
                -94.9251     -91.2999     -89.0297     -93.4088     -92.8526
                -93.7618     -90.6711     -93.7632     -91.4366     -94.9043
                -92.2940     -93.8959     -93.7026     -94.8544     -91.9948
                -88.8980     -89.2091     -88.1239     -93.3616     -89.5075
                -91.9787     -86.4559     -92.4901     -91.4934     -91.4674
                -87.5886     -87.5231     -84.1639     -82.5343     -82.9257
                -84.4437     -86.8619     -83.2486     -83.3986     -85.8188
                -82.1832     -83.3075     -83.4183     -87.1542     -84.9947
   3      0     -83.9550     -91.8450     -88.5858     -89.7368     -89.9377
                -89.0093     -92.5998     -95.7860     -95.6090     -90.8651
                -94.8927     -91.4060     -89.2638     -93.3602     -92.9739
                -93.8132     -90.6161     -93.8778     -91.5748     -94.9108
                -92.3401     -93.9180     -93.6224     -94.9038     -92.0126
                -88.9692     -89.2073     -88.0202     -93.4102     -89.6507
                -92.0836     -86.5291     -92.6008     -91.5850     -91.4506
                -87.6964     -87.6739     -84.2014     -82.8028     -83.0617
                -84.5263     -87.1742     -83.4266     -83.5359     -86.1297
                -82.4151     -83.5596     -83.6900     -87.2690     -85.1893
   4      0     -83.7633     -91.8777     -88.4869     -89.5892     -89.8684
                -89.0077     -92.6520     -95.7463     -95.6582     -90.7206
                -94.8853     -91.3905     -89.2048     -93.2807     -92.8549
                -93.8359     -90.6138     -93.8483     -91.4792     -94.9359
                -92.1432     -93.8794     -93.5940     -94.8881     -92.0556
                -88.8234     -89.2540     -88.1200     -93.5439     -89.5157
                -91.8991     -86.3898     -92.4869     -91.5563     -91.3550
                -87.6615     -87.5822     -84.2259     -82.6184     -82.9687
                -84.5685     -86.9505     -83.3718     -83.5574     -85.9547
                -82.1932     -83.4973     -83.5507     -87.1591     -85.0643
   5      0     -84.2129     -92.1037     -88.6594     -89.9116     -90.0214
                -89.0699     -92.8476     -95.9037     -96.1370     -91.1502
                -94.9268     -91.5937     -89.5617     -93.4957     -93.2492
                -94.0443     -90.7420     -94.4477     -91.7964     -95.3794
                -92.3297     -94.2358     -93.9365     -95.1846     -92.4270
                -89.1412     -89.4167     -88.3331     -93.7553     -89.6703
                -92.1193     -86.6045     -92.7155     -91.6305     -91.6853
                -88.0609     -87.9705     -84.4667     -83.0158     -83.3451
                -85.0040     -87.5158     -83.6414     -83.8337     -86.3076
                -82.4411     -83.7718     -83.9086     -87.2963     -85.3958
   5     60     -84.5615     -92.4508     -89.0071     -90.2602     -90.3709
                -89.4179     -93.1909     -96.2468     -96.4819     -91.4953
                -95.2741     -91.9422     -89.9092     -93.8428     -93.5936
                -94.3900     -91.0881     -94.7947     -92.1431     -95.7260
                -92.6766     -94.5828     -94.2831     -95.5316     -92.7741
                -89.4905     -89.7630     -88.6791     -94.1017     -90.0175
                -92.4653     -86.9511     -93.0597     -91.9761     -92.0325
                -88.4037     -88.3131     -84.8098     -83.3593     -83.6882
                -85.3465     -87.8576     -83.9833     -84.1741     -86.6509
                -82.7821     -84.1134     -84.2526     -87.6398     -85.7379
   5     80     -87.6071     -95.4851     -92.0309     -93.2861     -93.4202
                -92.4557     -96.1699     -99.2171     -99.4767     -94.4972
                -98.2923     -94.9928     -92.9496     -96.8583     -96.5839
                -97.3982     -94.0979     -97.8121     -95.1704     -98.7503
                -95.7059     -97.6123     -97.3118     -98.5578     -95.8128
                -92.5374     -92.7811     -91.6953     -97.1232     -93.0496
                -95.4799     -89.9653     -96.0559     -94.9834     -95.0615
                -91.4030     -91.3007     -87.8024     -86.3543     -86.6777
                -88.3300     -90.8356     -86.9611     -87.1363     -89.6410
                -85.7518     -87.0948     -87.2468     -90.6318     -88.7233
   5    100     -96.0011    -103.8690    -100.3527    -101.6009    -101.8138
               -100.8361    -104.3879    -107.4099    -107.7355    -102.7664
               -106.5871    -103.4185    -101.3477    -105.1615    -104.8218
               -105.6898    -102.4018    -106.1371    -103.5100    -107.0913
               -104.0514    -105.9648    -105.6705    -106.8988    -104.2149
               -100.9419    -101.1089    -100.0168    -105.4648    -101.4202
               -103.7968     -98.2733    -104.3286    -103.2747    -103.4114
                -99.7034     -99.5487     -96.0648     -94.6127     -94.9246
                -96.5573     -99.0473     -95.1652     -95.3120     -97.8833
                -93.9500     -95.3305     -95.4872     -98.8854     -96.9716
 
 group  inft   Estimated free energy: 1-th solvent contribution (kcal/mol)
   1      0     -75.6546     -80.0916     -76.0395     -80.0250     -76.3506
                -77.1748     -75.8928     -76.9004     -80.7198     -76.2593
                -84.3422     -84.7606     -83.2592     -77.0333     -75.5181
                -73.5153     -78.3631     -84.6659     -80.0284     -82.0976
                -79.6747     -80.9277     -80.1907     -82.6653     -81.2414
                -80.5651     -76.0718     -74.6466     -81.8517     -77.2108
                -79.8686     -74.9836     -81.1191     -75.2449     -77.9253
                -80.5483     -80.3165     -82.5316     -80.7332     -81.5026
                -82.4041     -83.5209     -85.9321     -79.5665     -84.5092
                -77.7524     -79.4413     -80.4086     -83.2006     -84.2918
   1     60     -75.6654     -80.1022     -76.0502     -80.0356     -76.3613
                -77.1856     -75.9034     -76.9111     -80.7304     -76.2699
                -84.3529     -84.7712     -83.2700     -77.0440     -75.5288
                -73.5259     -78.3738     -84.6766     -80.0392     -82.1083
                -79.6853     -80.9382     -80.2014     -82.6758     -81.2520
                -80.5758     -76.0826     -74.6573     -81.8623     -77.2215
                -79.8793     -74.9944     -81.1297     -75.2555     -77.9360
                -80.5589     -80.3269     -82.5420     -80.7435     -81.5128
                -82.4143     -83.5312     -85.9423     -79.5767     -84.5194
                -77.7628     -79.4516     -80.4188     -83.2110     -84.3021
   1     80     -75.7626     -80.1974     -76.1462     -80.1314     -76.4583
                -77.2832     -75.9990     -77.0079     -80.8258     -76.3651
                -84.4486     -84.8664     -83.3662     -77.1405     -75.6251
                -73.6220     -78.4699     -84.7719     -80.1369     -82.2034
                -79.7815     -81.0330     -80.2977     -82.7698     -81.3467
                -80.6710     -76.1797     -74.7543     -81.9569     -77.3176
                -79.9752     -75.0909     -81.2246     -75.3510     -78.0328
                -80.6541     -80.4214     -82.6362     -80.8367     -81.6053
                -82.5068     -83.6242     -86.0346     -79.6696     -84.6124
                -77.8580     -79.5454     -80.5119     -83.3048     -84.3957
   1    100     -76.1121     -80.5441     -76.4931     -80.4802     -76.8094
                -77.6356     -76.3473     -77.3589     -81.1744     -76.7095
                -84.7988     -85.2157     -83.7181     -77.4899     -75.9740
                -73.9691     -78.8183     -85.1218     -80.4899     -82.5522
                -80.1307     -81.3797     -80.6483     -83.1140     -81.6930
                -81.0191     -76.5329     -75.1050     -82.3027     -77.6655
                -80.3249     -75.4411     -81.5716     -75.6979     -78.3823
                -81.0016     -80.7693     -82.9840     -81.1804     -81.9492
                -82.8489     -83.9686     -86.3771     -80.0133     -84.9550
                -78.2081     -79.8936     -80.8553     -83.6536     -84.7431
   2      0     -75.1943     -79.8127     -75.6529     -79.7934     -76.1417
                -76.7740     -75.5063     -76.6163     -80.4652     -75.9314
                -84.2046     -84.6917     -83.0872     -76.7774     -75.2293
                -73.3625     -78.0044     -84.4570     -79.7569     -81.9369
                -79.3683     -80.7708     -79.9733     -82.4751     -81.0700
                -80.2763     -75.6942     -74.2322     -81.7384     -76.8401
                -79.6804     -74.5060     -80.8633     -74.8809     -77.5528
                -80.2839     -80.2056     -82.2439     -80.5533     -81.3156
                -82.1834     -83.3785     -85.8483     -79.3324     -84.3499
                -77.3785     -79.2929     -80.2863     -83.0069     -84.1027
   3      0     -75.0952     -79.7963     -75.6281     -79.7769     -76.0999
                -76.6352     -75.4700     -76.5361     -80.4378     -75.9093
                -84.1963     -84.6886     -83.1074     -76.7569     -75.2293
                -73.3643     -77.8899     -84.4492     -79.6891     -81.9258
                -79.3564     -80.7933     -79.8858     -82.4997     -81.0352
                -80.2209     -75.5694     -74.1108     -81.7493     -76.8387
                -79.6994     -74.4231     -80.8346     -74.8644     -77.4539
                -80.2444     -80.1444     -82.1560     -80.5326     -81.2429
                -82.1122     -83.3882     -85.8147     -79.2743     -84.3495
                -77.3065     -79.2654     -80.2501     -82.9765     -84.0906
   4      0     -74.7003     -79.4744     -75.2511     -79.4189     -75.7605
                -76.2772     -75.1333     -76.1409     -80.1215     -75.5448
                -83.9286     -84.4042     -82.8539     -76.5137     -74.9160
                -73.1548     -77.6537     -84.1714     -79.3591     -81.6696
                -79.0619     -80.4240     -79.6693     -82.1815     -80.7389
                -79.8498     -75.3065     -73.7959     -81.5068     -76.4580
                -79.3498     -74.0580     -80.5574     -74.5831     -77.1458
                -79.9016     -79.9622     -81.8335     -80.1544     -80.8861
                -81.8792     -83.0545     -85.6054     -79.0042     -84.0645
                -77.0307     -79.0111     -79.9691     -82.5970     -83.8477
   5      0     -74.9627     -79.5750     -75.3721     -79.6506     -75.8802
                -76.3219     -75.2568     -76.2801     -80.4799     -75.8543
                -83.9958     -84.5034     -83.0745     -76.6373     -75.1014
                -73.2650     -77.7534     -84.4896     -79.5615     -81.9410
                -79.1455     -80.6882     -79.8819     -82.4065     -80.9634
                -80.0622     -75.3956     -73.8956     -81.6358     -76.5194
                -79.4824     -74.1900     -80.6876     -74.6882     -77.3001
                -80.1544     -80.1746     -81.9600     -80.3259     -81.1451
                -82.0393     -83.3315     -85.6705     -79.1531     -84.2218
                -77.1101     -79.0882     -80.1530     -82.6854     -84.0167
   5     60     -74.9761     -79.5881     -75.3853     -79.6637     -75.8935
                -76.3352     -75.2700     -76.2933     -80.4929     -75.8674
                -84.0087     -84.5162     -83.0876     -76.6505     -75.1147
                -73.2783     -77.7667     -84.5025     -79.5749     -81.9539
                -79.1587     -80.7011     -79.8950     -82.4193     -80.9763
                -80.0751     -75.4089     -73.9089     -81.6486     -76.5326
                -79.4956     -74.2032     -80.7006     -74.7012     -77.3134
                -80.1674     -80.1875     -81.9728     -80.3387     -81.1577
                -82.0520     -83.3441     -85.6832     -79.1658     -84.2346
                -77.1232     -79.1009     -80.1657     -82.6982     -84.0295
   5     80     -75.0939     -79.7040     -75.5015     -79.7795     -76.0107
                -76.4528     -75.3863     -76.4100     -80.6081     -75.9833
                -84.1238     -84.6307     -83.2036     -76.7675     -75.2317
                -73.3957     -77.8835     -84.6175     -79.6927     -82.0682
                -79.2748     -80.8159     -80.0111     -82.5331     -81.0905
                -80.1893     -75.5260     -74.0258     -81.7627     -76.6495
                -79.6125     -74.3203     -80.8155     -74.8170     -77.4306
                -80.2833     -80.3032     -82.0875     -80.4528     -81.2709
                -82.1655     -83.4573     -85.7967     -79.2798     -84.3483
                -77.2395     -79.2151     -80.2800     -82.8125     -84.1441
   5    100     -75.4181     -80.0278     -75.8225     -80.1037     -76.3361
                -76.7778     -75.7095     -76.7331     -80.9302     -76.3042
                -84.4474     -84.9549     -83.5300     -77.0913     -75.5560
                -73.7192     -78.2071     -84.9414     -80.0183     -82.3905
                -79.5971     -81.1385     -80.3350     -82.8530     -81.4126
                -80.5107     -75.8514     -74.3488     -82.0830     -76.9730
                -79.9399     -74.6447     -81.1376     -75.1385     -77.7543
                -80.6068     -80.6282     -82.4109     -80.7747     -81.5932
                -82.4871     -83.7782     -86.1202     -79.6020     -84.6695
                -77.5650     -79.5396     -80.6025     -83.1378     -84.4700
 
 group  inft   Estimated free energy: 2-th solvent contribution (kcal/mol)
   1      0      10.0515       1.7147     -14.7048     -13.5955      -4.3607
                 -1.4611     -40.0658     -55.6351     -33.4703     -26.4445
                -18.4087      16.7520      19.0715     -23.0641     -42.3078
                -30.3820     -28.5921     -17.1895      -9.2804      -5.7411
                 -9.3035      -6.7061      -9.1301     -10.4337      11.1772
                 10.8574     -12.8489     -11.5664      -3.3230      -2.1055
                -13.4232     -19.0372     -28.6002     -30.2770      -6.9235
                 -9.5647     -35.8053     -17.9132     -23.9606     -19.0842
                -22.4142     -29.9262     -16.2377     -44.4366     -27.3030
                -38.7779     -22.6079     -26.6919     -26.2215     -15.4475
   1     60      10.0650       1.7278     -14.6919     -13.5825      -4.3475
                 -1.4479     -40.0526     -55.6218     -33.4575     -26.4317
                -18.3959      16.7649      19.0851     -23.0514     -42.2949
                -30.3694     -28.5799     -17.1771      -9.2676      -5.7275
                 -9.2907      -6.6929      -9.1176     -10.4209      11.1901
                 10.8708     -12.8362     -11.5533      -3.3099      -2.0926
                -13.4098     -19.0242     -28.5872     -30.2641      -6.9106
                 -9.5524     -35.7939     -17.9014     -23.9489     -19.0722
                -22.4022     -29.9142     -16.2246     -44.4247     -27.2914
                -38.7662     -22.5956     -26.6797     -26.2097     -15.4353
   1     80      10.1274       1.7877     -14.6340     -13.5235      -4.2880
                 -1.3879     -39.9913     -55.5607     -33.3988     -26.3725
                -18.3379      16.8248      19.1498     -22.9934     -42.2362
                -30.3129     -28.5246     -17.1182      -9.2082      -5.6655
                 -9.2325      -6.6324      -9.0613     -10.3631      11.2483
                 10.9306     -12.7760     -11.4917      -3.2483      -2.0332
                -13.3486     -18.9644     -28.5278     -30.2042      -6.8512
                 -9.4918     -35.7378     -17.8392     -23.8886     -19.0092
                -22.3396     -29.8522     -16.1543     -44.3646     -27.2328
                -38.7060     -22.5326     -26.6167     -26.1492     -15.3721
   1    100      10.3502       1.9930     -14.4325     -13.3154      -4.0820
                 -1.1810     -39.7711     -55.3408     -33.1930     -26.1661
                -18.1379      17.0330      19.3846     -22.7951     -42.0318
                -30.1212     -28.3463     -16.9169      -9.0021      -5.4427
                 -9.0340      -6.4220      -8.8758     -10.1672      11.4510
                 11.1400     -12.5671     -11.2731      -3.0318      -1.8297
                -13.1318     -18.7522     -28.3207     -29.9943      -6.6444
                 -9.2795     -35.5492     -17.6176     -23.6778     -18.7825
                -22.1139     -29.6321     -15.8891     -44.1505     -27.0307
                -38.4928     -22.3048     -26.3892     -25.9345     -15.1405
   2      0       9.5238       1.2968     -15.1595     -14.0745      -4.7470
                 -2.0216     -40.5026     -56.0166     -33.9244     -26.9718
                -18.8300      16.0296      18.5169     -23.3441     -42.6465
                -30.7893     -28.8610     -17.5530      -9.7878      -6.1563
                 -9.7356      -7.0482      -9.6178     -10.9200      10.6850
                 10.1969     -13.4254     -12.2904      -3.9233      -2.5670
                -14.0894     -19.6202     -29.0291     -30.7111      -7.2379
                -10.3744     -36.0103     -18.3011     -24.4751     -19.6159
                -22.7805     -30.4363     -16.5993     -44.8842     -27.5414
                -39.2029     -23.2237     -27.1661     -26.3331     -15.8351
   3      0       9.4363       1.1164     -15.2041     -14.1953      -4.8728
                 -2.0368     -40.5525     -56.0979     -33.9353     -27.2448
                -18.8129      15.9012      18.2892     -23.3121     -42.7667
                -30.8382     -28.9278     -17.6910      -9.9904      -6.1932
                 -9.8003      -7.0492      -9.6211     -10.9615      10.6364
                 10.0658     -13.5453     -12.2942      -3.9508      -2.7111
                -14.1731     -19.7731     -29.1709     -30.8128      -7.3135
                -10.5460     -36.2409     -18.4337     -24.7722     -19.8503
                -22.9303     -30.7480     -16.7917     -45.0933     -27.8637
                -39.5199     -23.5172     -27.4757     -26.4741     -16.0521
   4      0       9.2231       0.7556     -15.4681     -14.3852      -5.1342
                 -2.3988     -40.9289     -56.4407     -34.2658     -27.4243
                -19.0410      15.6773      18.1087     -23.4655     -42.9679
                -31.0600     -29.1146     -17.8942     -10.1839      -6.4297
                 -9.8606      -7.3726      -9.8203     -11.2359      10.3174
                  9.8652     -13.8543     -12.6832      -4.3098      -2.9394
                -14.3326     -20.0117     -29.3257     -31.0534      -7.5105
                -10.8146     -36.3181     -18.7761     -24.9820     -20.0994
                -23.2379     -30.8684     -16.9764     -45.3863     -27.9558
                -39.5710     -23.7185     -27.6420     -26.7808     -16.1897
   5      0       9.0836       0.6929     -15.4873     -14.4359      -5.1235
                 -2.3543     -40.9665     -56.4160     -34.3375     -27.5153
                -18.9719      15.6218      18.0265     -23.5320     -43.1196
                -31.1111     -29.1492     -18.1374     -10.2561      -6.5761
                 -9.9195      -7.3911      -9.8718     -11.2740      10.2380
                  9.8101     -13.8753     -12.7648      -4.3459      -3.0129
                -14.3658     -20.0485     -29.3827     -30.9894      -7.6209
                -10.9404     -36.4705     -18.8505     -25.1625     -20.1973
                -23.4434     -31.1270     -17.1423     -45.5052     -28.1288
                -39.7214     -23.8900     -27.7840     -26.8110     -16.3200
   5     60       9.0962       0.7051     -15.4753     -14.4238      -5.1113
                 -2.3420     -40.9542     -56.4037     -34.3256     -27.5033
                -18.9599      15.6339      18.0392     -23.5201     -43.1076
                -31.0992     -29.1375     -18.1254     -10.2440      -6.5635
                 -9.9075      -7.3787      -9.8599     -11.2620      10.2501
                  9.8224     -13.8632     -12.7524      -4.3336      -3.0007
                -14.3534     -20.0363     -29.3704     -30.9772      -7.6088
                -10.9285     -36.4590     -18.8386     -25.1507     -20.1853
                -23.4314     -31.1149     -17.1293     -45.4932     -28.1172
                -39.7095     -23.8778     -27.7718     -26.7992     -16.3079
   5     80       9.1812       0.7863     -15.3948     -14.3422      -5.0293
                 -2.2607     -40.8699     -56.3193     -34.2449     -27.4225
                -18.8795      15.7152      18.1269     -23.4402     -43.0271
                -31.0215     -29.0628     -18.0459     -10.1627      -6.4780
                 -9.8277      -7.2951      -9.7834     -11.1831      10.3304
                  9.9044     -13.7820     -12.6687      -4.2503      -2.9203
                -14.2690     -19.9542     -29.2892     -30.8952      -7.5276
                -10.8483     -36.3827     -18.7547     -25.0698     -20.1009
                -23.3459     -31.0320     -17.0336     -45.4112     -28.0379
                -39.6282     -23.7934     -27.6861     -26.7158     -16.2212
   5    100       9.3815       0.9717     -15.2090     -14.1521      -4.8403
                 -2.0737     -40.6686     -56.1180     -34.0571     -27.2355
                -18.6945      15.9027      18.3379     -23.2575     -42.8418
                -30.8460     -28.9000     -17.8645      -9.9754      -6.2752
                 -9.6461      -7.1010      -9.6142     -11.0049      10.5153
                 10.0951     -13.5945     -12.4719      -4.0555      -2.7358
                -14.0710     -19.7619     -29.1014     -30.7047      -7.3402
                -10.6627     -36.2108     -18.5552     -24.8819     -19.8992
                -23.1398     -30.8357     -16.7933     -45.2174     -27.8552
                -39.4362     -23.5917     -27.4802     -26.5177     -16.0108
 
 group  inft   Estimated free energy: 3-th solvent contribution (kcal/mol)
   1      0     -18.2743     -13.1620       2.2564       4.2430      -8.9714
                -10.3349      23.4357      36.8529      18.7822      12.3061
                  8.1158     -22.6231     -24.4361       6.7296      25.0379
                 10.3924      16.1901       8.2582      -1.8735      -6.7838
                 -3.1875      -6.0482      -4.1181      -1.4319     -21.5974
                -18.7996      -0.0862      -1.5929      -7.7139     -10.0781
                  1.7813       7.6645      17.4059      14.1265      -6.6656
                  3.0512      28.6769      16.3498      22.4449      17.9922
                 20.4848      26.9249      19.1583      40.7821      26.0135
                 34.3555      19.1905      24.0194      22.1361      14.8994
   1     60     -18.5262     -13.4133       2.0049       3.9906      -9.2247
                -10.5870      23.1868      36.6038      18.5328      12.0566
                  7.8642     -22.8755     -24.6881       6.4783      24.7882
                 10.1429      15.9396       8.0069      -2.1242      -7.0347
                 -3.4385      -6.2995      -4.3687      -1.6827     -21.8489
                -19.0527      -0.3368      -1.8436      -7.9647     -10.3291
                  1.5304       7.4136      17.1566      13.8763      -6.9164
                  2.8041      28.4301      16.1025      22.1972      17.7450
                 20.2379      26.6785      18.9111      40.5364      25.7662
                 34.1096      18.9439      23.7715      21.8886      14.6532
   1     80     -20.9423     -15.8198      -0.3924       1.5901     -11.6437
                -12.9952      20.8232      34.2464      16.1576       9.6757
                  5.4680     -25.2973     -27.1032       4.0869      22.4162
                  7.7626      13.5592       5.6143      -4.5229      -9.4390
                 -5.8390      -8.7039      -6.7666      -4.0830     -24.2605
                -21.4706      -2.7277      -4.2362     -10.3647     -12.7316
                 -0.8610       5.0235      14.7797      11.4911      -9.3172
                  0.4264      26.0641      13.7265      19.8205      15.3702
                 17.8667      24.3136      16.5346      38.1863      23.3940
                 31.7554      16.5766      21.3936      19.5134      12.2820
   1    100     -29.8806     -24.7329      -9.2445      -7.2560     -20.5697
                -21.9069      12.0685      25.5181       7.3751       0.8797
                 -3.3481     -34.2556     -36.0527      -4.7379      13.6589
                 -1.0399       4.7555      -3.2318     -13.3890     -18.3262
                -14.7100     -17.5939     -15.6386     -12.9472     -33.1944
                -30.4127     -11.5794     -13.0961     -19.2495     -21.6293
                 -9.7109      -3.8142       5.9794       2.6707     -18.1943
                 -8.4032      17.3056       4.9247      11.0286       6.5786
                  9.0917      15.5632       7.7483      29.4814      14.6268
                 23.0291       7.8018      12.6033      10.7204       3.4850
   2      0     -18.2880     -13.1698       2.2464       4.2320      -8.9720
                -10.3280      23.4259      36.8509      18.7676      12.2912
                  8.1155     -22.6318     -24.4535       6.7186      25.0292
                 10.3959      16.2004       8.2528      -1.8859      -6.8051
                 -3.1841      -6.0709      -4.1055      -1.4533     -21.6038
                -18.8126      -0.0836      -1.5953      -7.6940     -10.0945
                  1.7971       7.6764      17.4084      14.1046      -6.6707
                  3.0758      28.6988      16.3871      22.5001      18.0118
                 20.5262      26.9589      19.2049      40.8240      26.0785
                 34.4043      19.2152      24.0401      22.1917      14.9491
   3      0     -18.2901     -13.1591       2.2523       4.2414      -8.9590
                -10.3313      23.4287      36.8540      18.7701      12.2950
                  8.1225     -22.6125     -24.4395       6.7148      25.0281
                 10.3953      16.2076       8.2683      -1.8893      -6.7858
                 -3.1774      -6.0696      -4.1094      -1.4366     -21.6079
                -18.8081      -0.0866      -1.6091      -7.7041     -10.0950
                  1.7949       7.6732      17.4107      14.0982      -6.6772
                  3.1000      28.7173      16.3943      22.5080      18.0375
                 20.5222      26.9680      19.1858      40.8377      26.0895
                 34.4173      19.2291      24.0418      22.1875      14.9594
   4      0     -18.2802     -13.1529       2.2383       4.2209      -8.9676
                -10.3256      23.4162      36.8413      18.7351      12.2545
                  8.0903     -22.6576     -24.4536       6.7045      25.0350
                 10.3848      16.1605       8.2232      -1.9303      -6.8305
                 -3.2147      -6.0769      -4.0985      -1.4647     -21.6281
                -18.8328      -0.0872      -1.6350      -7.7214     -10.1124
                  1.7892       7.6860      17.4022      14.0863      -6.6927
                  3.0607      28.7041      16.3896      22.5240      18.0228
                 20.5545      26.9783      19.2159      40.8391      26.0717
                 34.4145      19.2384      24.0664      22.2247      14.9791
   5      0     -18.3278     -13.2155       2.2059       4.1808      -9.0117
                -10.3878      23.3817      36.7983      18.6865      12.2254
                  8.0469     -22.7061     -24.5077       6.6795      24.9778
                 10.3378      16.1667       8.1852      -1.9728      -6.8563
                 -3.2586      -6.1505      -4.1768      -1.4982     -21.6956
                -18.8831      -0.1397      -1.6667      -7.7677     -10.1320
                  1.7349       7.6399      17.3607      14.0531      -6.7583
                  3.0398      28.6806      16.3498      22.4786      18.0033
                 20.4847      26.9488      19.1774      40.8306      26.0491
                 34.3964      19.2125      24.0344      22.2061      14.9469
   5     60     -18.6756     -13.5618       1.8594       3.8333      -9.3602
                -10.7347      23.0393      36.4562      18.3426      11.8815
                  7.7006     -23.0539     -24.8549       6.3338      24.6346
                  9.9936      15.8221       7.8393      -2.3183      -7.2025
                 -3.6044      -6.4970      -4.5221      -1.8443     -22.0419
                -19.2317      -0.4849      -2.0117      -8.1135     -10.4781
                  1.3896       7.2944      17.0172      13.7083      -7.1042
                  2.6982      28.3394      16.0075      22.1361      17.6609
                 20.1429      26.6075      18.8352      40.4909      25.7069
                 34.0566      18.8713      23.6909      21.8636      14.6055
   5     80     -21.6883     -16.5613      -1.1286       0.8416     -12.3742
                -13.7362      20.0923      33.5183      15.3823       8.9147
                  4.7171     -26.0713     -27.8669       3.3553      21.6810
                  7.0250      12.8544       4.8573      -5.3090     -10.1981
                 -6.5973      -9.4953      -7.5113      -4.8356     -25.0467
                -22.2465      -3.4670      -4.9948     -11.1042     -13.4737
                 -1.5924       4.3152      14.0547      10.7348     -10.0973
                 -0.2654      25.3912      13.0457      19.1743      14.7000
                 17.1874      23.6597      15.8752      37.5606      22.7513
                 31.1218      15.9197      20.7253      18.9025      11.6480
   5    100     -29.9585     -24.8068      -9.3153      -7.3391     -20.6314
                -21.9786      11.9962      25.4472       7.2579       0.7793
                 -3.4392     -34.3602     -36.1495      -4.8068      13.5820
                 -1.1187       4.7113      -3.3252     -13.5103     -18.4196
                -14.8022     -17.7193     -15.7152     -13.0348     -33.3116
                -30.5203     -11.6570     -13.1901     -19.3203     -21.7054
                 -9.7799      -3.8607       5.9164       2.5745     -18.3109
                 -8.4279      17.2964       4.9073      11.0499       6.5738
                  9.0756      15.5726       7.7543      29.5134      14.6474
                 23.0572       7.8069      12.6015      10.7762       3.5152
 
 
 cumulative average & 95% error for solvation free energy
              total             1st component         2nd component         3rd component
  1   -83.9550              -75.0952                9.4363              -18.2901
  2   -87.9000     7.8900   -77.4458     4.7011     5.2763     8.3199   -15.7246     5.1309
  3   -88.1286     4.5782   -76.8399     2.9724    -1.5505    14.4739    -9.7323    12.3453
  4   -88.5307     3.3356   -77.5741     2.5640    -4.7117    12.0300    -6.2388    11.1812
  5   -88.8121     2.6444   -77.2793     2.0718    -4.7439     9.3186    -6.7829     8.7290
  6   -88.8449     2.1601   -77.1719     1.7051    -4.2927     7.6619    -7.3743     7.2247
  7   -89.3813     2.1175   -76.9288     1.5209    -9.4727    12.2172    -2.9738    10.7116
  8   -90.1819     2.4345   -76.8797     1.3208   -15.3008    15.7421     2.0046    13.6086
  9   -90.7849     2.4625   -77.2751     1.4079   -17.3713    14.4877     3.8675    12.5667
 10   -90.7929     2.2026   -77.1385     1.2885   -18.3587    13.1078     4.7102    11.3656
 11   -91.1656     2.1272   -77.7801     1.7335   -18.4000    11.8567     5.0204    10.2993
 12   -91.1857     1.9423   -78.3558     1.9570   -15.5415    12.2407     2.7177    10.4693
 13   -91.0378     1.8109   -78.7213     1.9430   -12.9392    12.4045     0.6287    10.4976
 14   -91.2037     1.7091   -78.5810     1.8206   -13.6801    11.5795     1.0634     9.7577
 15   -91.3217     1.6085   -78.3576     1.7528   -15.6192    11.4564     2.6610     9.6295
 16   -91.4774     1.5365   -78.0455     1.7544   -16.5704    10.8840     3.1444     9.0593
 17   -91.4268     1.4469   -78.0363     1.6481   -17.2973    10.3266     3.9129     8.6474
 18   -91.5629     1.3910   -78.3926     1.7094   -17.3192     9.7361     4.1548     8.1672
 19   -91.5636     1.3158   -78.4608     1.6227   -16.9334     9.2417     3.8367     7.7516
 20   -91.7309     1.2924   -78.6341     1.5779   -16.3964     8.8330     3.3056     7.4301
 21   -91.7599     1.2306   -78.6685     1.5025   -16.0823     8.4253     2.9969     7.0944
 22   -91.8580     1.1897   -78.7651     1.4455   -15.6717     8.0750     2.5848     6.8143
 23   -91.9347     1.1471   -78.8138     1.3847   -15.4087     7.7339     2.2937     6.5372
 24   -92.0585     1.1258   -78.9674     1.3608   -15.2234     7.4139     2.1383     6.2666
 25   -92.0566     1.0798   -79.0501     1.3157   -14.1890     7.4060     1.1884     6.3038
 26   -91.9379     1.0643   -79.0951     1.2673   -13.2561     7.3560     0.4193     6.2488
 27   -91.8367     1.0439   -78.9645     1.2471   -13.2668     7.0783     0.4006     6.0130
 28   -91.7004     1.0422   -78.7912     1.2508   -13.2321     6.8212     0.3288     5.7960
 29   -91.7594     1.0125   -78.8932     1.2240   -12.9120     6.6128     0.0518     5.6200
 30   -91.6891     0.9882   -78.8247     1.1904   -12.5720     6.4247    -0.2864     5.4714
 31   -91.7018     0.9562   -78.8529     1.1527   -12.6236     6.2149    -0.2193     5.2937
 32   -91.5402     0.9806   -78.7145     1.1500   -12.8471     6.0341     0.0274     5.1492
 33   -91.5723     0.9526   -78.7787     1.1219   -13.3417     5.9315     0.5541     5.1008
 34   -91.5727     0.9242   -78.6636     1.1125   -13.8556     5.8454     0.9525     5.0122
 35   -91.5692     0.8974   -78.6290     1.0825   -13.6687     5.6882     0.7345     4.8864
 36   -91.4616     0.8983   -78.6739     1.0558   -13.5819     5.5307     0.8002     4.7505
 37   -91.3593     0.8973   -78.7137     1.0299   -14.1943     5.5168     1.5547     4.8605
 38   -91.1709     0.9512   -78.8042     1.0187   -14.3059     5.3743     1.9452     4.7949
 39   -90.9563     1.0210   -78.8486     0.9962   -14.5743     5.2621     2.4725     4.7879
 40   -90.7590     1.0706   -78.9084     0.9783   -14.7062     5.1357     2.8616     4.7311
 41   -90.6069     1.0875   -78.9866     0.9669   -14.9067     5.0249     3.2924     4.6940
 42   -90.5252     1.0738   -79.0914     0.9666   -15.2839     4.9615     3.8561     4.7176
 43   -90.3601     1.0993   -79.2477     0.9943   -15.3190     4.8452     4.2126     4.6614
 44   -90.2050     1.1179   -79.2483     0.9714   -15.9957     4.9235     5.0450     4.8490
 45   -90.1145     1.1077   -79.3617     0.9763   -16.2594     4.8417     5.5126     4.8314
 46   -89.9471     1.1339   -79.3170     0.9590   -16.7651     4.8420     6.1410     4.8895
 47   -89.8112     1.1423   -79.3159     0.9384   -16.9087     4.7466     6.4195     4.8166
 48   -89.6837     1.1470   -79.3354     0.9194   -17.1289     4.6675     6.7866     4.7720
 49   -89.6344     1.1277   -79.4097     0.9127   -17.3196     4.5871     7.1009     4.7157
 50   -89.5455     1.1191   -79.5033     0.9136   -17.2942     4.4947     7.2581     4.6311
 
 Mesh error is    0.291 kcal/mol
