 ERmod 0.3.7, Copyright (C) 2000-2019 Nobuyuki Matubayasi
                            2010-2019 Shun Sakuraba
 ERmod comes with ABSOLUTELY NO WARRANTY.
 This is free software, and you can redistribute it
 and/or modify it under certain conditions.
 See LICENSE file for details.
 ERmod 0.3.7, Copyright (C) 2000-2019 Nobuyuki Matubayasi
                            2010-2019 Shun Sakuraba
 ERmod comes with ABSOLUTELY NO WARRANTY.
 This is free software, and you can redistribute it
 and/or modify it under certain conditions.
 See LICENSE file for details.
 
  Number of the   1-th solvent  =          109
  Number of the   2-th solvent  =          109
  Number of the   3-th solvent  =        10000
 
  Be sure that the solvent distribution is homogeneous (radial distribution function is essentially unity) when the solvent molecule is separated beyond distance of   10.0 Angstrom in any direction from any atom within the solute molecule
 
  LJ long-range correction    =        -0.0695     -0.0064     -1.3027
 
  Self-energy of the solute   =         0.0003  kcal/mol
 
 
 cumulative average & 95% error for solvation energy
              total             1st component         2nd component         3rd component
  1   -89.0008               -7.6361                0.9507              -82.3158
  2   -89.1408     0.2799    -6.9837     1.3048     1.5413     1.1812   -83.6987     2.7659
  3   -89.0960     0.1848    -6.9965     0.7537     1.6278     0.7036   -83.7276     1.5979
  4   -89.4875     0.7938    -6.8894     0.5745    -1.1056     5.4895   -81.4929     4.6101
  5   -89.4905     0.6149    -7.1172     0.6369    -1.0188     4.2557   -81.3549     3.5816
  6   -89.7008     0.6549    -7.0818     0.5248    -2.5654     4.6521   -80.0538     3.9145
  7   -89.8646     0.6432    -7.1674     0.4754    -3.6731     4.5130   -79.0244     3.8967
  8   -89.7432     0.6076    -7.2767     0.4661    -2.7694     4.3060   -79.6974     3.6332
  9   -89.7096     0.5401    -7.4211     0.5024    -2.5363     3.8261   -79.7525     3.2061
 10   -89.7532     0.4908    -7.3040     0.5067    -2.9684     3.5296   -79.4811     2.9185
 
 
 group  inft  solvation free energy     error          difference
  total solvation free energy
   1      0        -19.74961           0.24572           0.11672
   1     60        -19.82049           0.24593           0.04584
   1     80        -20.34165           0.24708          -0.47532
   1    100        -22.05832           0.25301          -2.19199
   2      0        -19.82705           0.23742           0.03927
   3      0        -19.86633           0.23558           0.00000
   4      0        -19.87312           0.22993          -0.00680
   5      0        -19.90273           0.22548          -0.03640
   5     60        -19.99311           0.22564          -0.12678
   5     80        -20.63590           0.22686          -0.76958
   5    100        -22.21082           0.23235          -2.34449
 
  contribution from  1-th solvent component
   1      0         -5.13603           0.19775          -0.10711
   1     60         -5.13679           0.19774          -0.10788
   1     80         -5.14385           0.19761          -0.11493
   1    100         -5.16664           0.19724          -0.13772
   2      0         -5.05780           0.20005          -0.02888
   3      0         -5.02892           0.20401           0.00000
   4      0         -5.00743           0.20128           0.02148
   5      0         -5.00541           0.20199           0.02351
   5     60         -5.00660           0.20199           0.02232
   5     80         -5.01567           0.20189           0.01325
   5    100         -5.03722           0.20170          -0.00831
 
  contribution from  2-th solvent component
   1      0          0.07215           1.74338           0.19274
   1     60          0.07254           1.74338           0.19314
   1     80          0.07944           1.74353           0.20003
   1    100          0.09444           1.74407           0.21504
   2      0         -0.06697           1.75095           0.05362
   3      0         -0.12059           1.75272           0.00000
   4      0         -0.15294           1.75368          -0.03234
   5      0         -0.16541           1.75732          -0.04481
   5     60         -0.16475           1.75732          -0.04416
   5     80         -0.15866           1.75758          -0.03807
   5    100         -0.14924           1.75839          -0.02865
 
  contribution from  3-th solvent component
   1      0        -14.68605           1.91484           0.03109
   1     60        -14.75656           1.91507          -0.03942
   1     80        -15.27756           1.91647          -0.56042
   1    100        -16.98644           1.92356          -2.26930
   2      0        -14.70260           1.91488           0.01454
   3      0        -14.71714           1.91654           0.00000
   4      0        -14.71307           1.91383           0.00407
   5      0        -14.73224           1.91425          -0.01510
   5     60        -14.82208           1.91445          -0.10494
   5     80        -15.46189           1.91605          -0.74476
   5    100        -17.02467           1.92295          -2.30754
 
 
 group  inft   Estimated free energy: total (kcal/mol)
   1      0     -19.8120     -20.4669     -20.1924     -19.5971     -19.8866
                -19.1226     -19.3969     -19.8797     -19.5277     -19.6141
   1     60     -19.8832     -20.5381     -20.2639     -19.6676     -19.9579
                -19.1931     -19.4673     -19.9508     -19.5986     -19.6844
   1     80     -20.4052     -21.0622     -20.7870     -20.1868     -20.4798
                -19.7112     -19.9861     -20.4734     -20.1209     -20.2039
   1    100     -22.1287     -22.7926     -22.5158     -21.8932     -22.1994
                -21.4128     -21.6903     -22.1965     -21.8398     -21.9140
   2      0     -19.8734     -20.5195     -20.2477     -19.6449     -20.0022
                -19.2108     -19.4939     -19.9235     -19.6555     -19.6991
   3      0     -19.9428     -20.5420     -20.2988     -19.6789     -20.0560
                -19.2578     -19.5375     -19.9222     -19.7095     -19.7178
   4      0     -19.9530     -20.5328     -20.2985     -19.6618     -20.0540
                -19.2648     -19.5992     -19.9138     -19.7235     -19.7299
   5      0     -19.9907     -20.5526     -20.3280     -19.7110     -20.0590
                -19.3074     -19.6249     -19.9285     -19.7715     -19.7537
   5     60     -20.0812     -20.6434     -20.4189     -19.8009     -20.1495
                -19.3975     -19.7148     -20.0189     -19.8623     -19.8437
   5     80     -20.7255     -21.2886     -21.0641     -20.4420     -20.7935
                -20.0371     -20.3542     -20.6625     -20.5066     -20.4851
   5    100     -22.3074     -22.8746     -22.6504     -22.0076     -22.3721
                -21.5979     -21.9160     -22.2436     -22.0843     -22.0543
 
 group  inft   Estimated free energy: 1-th solvent contribution (kcal/mol)
   1      0      -5.1699      -4.7571      -5.0189      -4.8747      -5.4214
                 -4.9576      -5.3811      -5.3601      -5.6673      -4.7522
   1     60      -5.1707      -4.7579      -5.0197      -4.8755      -5.4221
                 -4.9583      -5.3818      -5.3609      -5.6680      -4.7530
   1     80      -5.1777      -4.7652      -5.0270      -4.8826      -5.4288
                 -4.9654      -5.3890      -5.3679      -5.6746      -4.7602
   1    100      -5.2002      -4.7887      -5.0503      -4.9059      -5.4508
                 -4.9883      -5.4124      -5.3900      -5.6961      -4.7837
   2      0      -5.0866      -4.7193      -4.9176      -4.7564      -5.3519
                 -4.8696      -5.3324      -5.2824      -5.5870      -4.6748
   3      0      -5.0560      -4.6919      -4.8818      -4.7351      -5.3329
                 -4.8316      -5.3196      -5.2437      -5.5686      -4.6279
   4      0      -5.0490      -4.6809      -4.8460      -4.6980      -5.3076
                 -4.8203      -5.3041      -5.2003      -5.5420      -4.6262
   5      0      -5.0325      -4.6796      -4.8465      -4.7097      -5.3005
                 -4.8198      -5.3013      -5.2047      -5.5481      -4.6115
   5     60      -5.0336      -4.6808      -4.8477      -4.7109      -5.3017
                 -4.8210      -5.3025      -5.2059      -5.5493      -4.6126
   5     80      -5.0426      -4.6900      -4.8570      -4.7201      -5.3105
                 -4.8301      -5.3116      -5.2149      -5.5580      -4.6219
   5    100      -5.0641      -4.7119      -4.8788      -4.7418      -5.3316
                 -4.8517      -5.3334      -5.2362      -5.5788      -4.6438
 
 group  inft   Estimated free energy: 2-th solvent contribution (kcal/mol)
   1      0       2.0100       2.5676       2.3349      -3.0728       1.1316
                 -3.4621      -3.5876       3.4478       1.2051      -1.8531
   1     60       2.0104       2.5680       2.3352      -3.0725       1.1319
                 -3.4618      -3.5872       3.4483       1.2055      -1.8526
   1     80       2.0177       2.5753       2.3419      -3.0659       1.1384
                 -3.4554      -3.5801       3.4558       1.2126      -1.8458
   1    100       2.0330       2.5922       2.3569      -3.0529       1.1526
                 -3.4410      -3.5647       3.4732       1.2273      -1.8322
   2      0       1.8816       2.4939       2.1948      -3.2202       0.9659
                 -3.6148      -3.7231       3.3420       1.0149      -2.0048
   3      0       1.8007       2.4658       2.1231      -3.2619       0.9022
                 -3.6898      -3.7688       3.3202       0.9577      -2.0550
   4      0       1.7761       2.4525       2.0784      -3.2916       0.8808
                 -3.7070      -3.8333       3.2801       0.9101      -2.0755
   5      0       1.7450       2.4545       2.0702      -3.3014       0.8796
                 -3.7316      -3.8509       3.2830       0.8945      -2.0970
   5     60       1.7457       2.4552       2.0708      -3.3007       0.8803
                 -3.7310      -3.8501       3.2837       0.8950      -2.0963
   5     80       1.7516       2.4622       2.0768      -3.2953       0.8860
                 -3.7254      -3.8440       3.2910       0.9011      -2.0907
   5    100       1.7608       2.4746       2.0861      -3.2877       0.8942
                 -3.7169      -3.8350       3.3042       0.9101      -2.0829
 
 group  inft   Estimated free energy: 3-th solvent contribution (kcal/mol)
   1      0     -16.6524     -18.2778     -17.5088     -11.6499     -15.5972
                -10.7032     -10.4285     -17.9677     -15.0658     -13.0091
   1     60     -16.7233     -18.3486     -17.5797     -11.7200     -15.6680
                -10.7733     -10.4986     -18.0386     -15.1364     -13.0792
   1     80     -17.2455     -18.8727     -18.1022     -12.2386     -16.1897
                -11.2906     -11.0173     -18.5616     -15.6592     -13.5983
   1    100     -18.9617     -20.5965     -19.8227     -13.9348     -17.9015
                -12.9839     -12.7135     -20.2800     -17.3713     -15.2984
   2      0     -16.6686     -18.2944     -17.5252     -11.6686     -15.6165
                -10.7267     -10.4388     -17.9835     -15.0837     -13.0199
   3      0     -16.6878     -18.3162     -17.5404     -11.6823     -15.6256
                -10.7367     -10.4494     -17.9989     -15.0988     -13.0353
   4      0     -16.6804     -18.3047     -17.5312     -11.6725     -15.6276
                -10.7378     -10.4621     -17.9939     -15.0920     -13.0285
   5      0     -16.7036     -18.3279     -17.5520     -11.7002     -15.6385
                -10.7562     -10.4731     -18.0071     -15.1182     -13.0456
   5     60     -16.7936     -18.4181     -17.6423     -11.7896     -15.7284
                -10.8458     -10.5625     -18.0971     -15.2085     -13.1351
   5     80     -17.4348     -19.0611     -18.2843     -12.4269     -16.3693
                -11.4819     -11.1989     -18.7389     -15.8500     -13.7729
   5    100     -19.0044     -20.6376     -19.8580     -13.9784     -17.9351
                -13.0296     -12.7478     -20.3119     -17.4160     -15.3279
 
 
 cumulative average & 95% error for solvation free energy
              total             1st component         2nd component         3rd component
  1   -19.9428               -5.0560                1.8007              -16.6878
  2   -20.2424     0.5992    -4.8739     0.3641     2.1332     0.6651   -17.5020     1.6284
  3   -20.2612     0.3480    -4.8765     0.2103     2.1299     0.3840   -17.5148     0.9405
  4   -20.1156     0.3812    -4.8412     0.1647     0.7819     2.7095   -16.0567     2.9911
  5   -20.1037     0.2962    -4.9395     0.2344     0.8060     2.0993   -15.9705     2.3233
  6   -19.9627     0.3715    -4.9215     0.1948     0.0567     2.2768   -15.0982     2.5772
  7   -19.9020     0.3367    -4.9784     0.2001    -0.4898     2.2130   -14.4341     2.5512
  8   -19.9045     0.2916    -5.0116     0.1855    -0.0136     2.1402   -14.8797     2.3824
  9   -19.8828     0.2608    -5.0735     0.2052     0.0943     1.8997   -14.9040     2.1016
 10   -19.8663     0.2356    -5.0289     0.2040    -0.1206     1.7527   -14.7171     1.9165
 
 Warning: mesh error is    0.117 kcal/mol and is larger than the threshold value of    0.100 kcal/mol
