 ERmod 0.3.7, Copyright (C) 2000-2019 Nobuyuki Matubayasi
                            2010-2019 Shun Sakuraba
 ERmod comes with ABSOLUTELY NO WARRANTY.
 This is free software, and you can redistribute it
 and/or modify it under certain conditions.
 See LICENSE file for details.
 ERmod 0.3.7, Copyright (C) 2000-2019 Nobuyuki Matubayasi
                            2010-2019 Shun Sakuraba
 ERmod comes with ABSOLUTELY NO WARRANTY.
 This is free software, and you can redistribute it
 and/or modify it under certain conditions.
 See LICENSE file for details.
 
  Number of the   1-th solvent  =        10000
 
  Be sure that the solvent distribution is homogeneous (radial distribution function is essentially unity) when the solvent molecule is separated beyond distance of   10.0 Angstrom in any direction from any atom within the solute molecule
 
  LJ long-range correction    =        -3.2854
 
  Self-energy of the solute   =         0.0005  kcal/mol
 
 
 cumulative average & 95% error for solvation energy
  1  -193.5324
  2  -193.6235     0.1823
  3  -193.5412     0.1954
  4  -193.5020     0.1589
  5  -193.4591     0.1500
  6  -193.4215     0.1437
  7  -193.4523     0.1362
  8  -193.4751     0.1265
  9  -193.4942     0.1179
 10  -193.5079     0.1089
 
 
 group  inft  solvation free energy     error          difference
   1      0        -35.63202           0.06184           0.00634
   1     60        -35.68664           0.06180          -0.04828
   1     80        -36.28464           0.06188          -0.64628
   1    100        -39.17634           0.06224          -3.53797
   2      0        -35.62820           0.06007           0.01016
   3      0        -35.63836           0.05975           0.00000
   4      0        -35.58010           0.05972           0.05827
   5      0        -35.59033           0.05888           0.04803
   5     60        -35.66311           0.05888          -0.02474
   5     80        -36.43319           0.05859          -0.79482
   5    100        -39.14029           0.05882          -3.50192
 
 
 group  inft   Estimated free energy (kcal/mol)
   1      0     -35.7241     -35.7450     -35.5866     -35.6091     -35.5311
                -35.4270     -35.7165     -35.6453     -35.6600     -35.6754
   1     60     -35.7787     -35.7999     -35.6412     -35.6637     -35.5856
                -35.4819     -35.7707     -35.7000     -35.7146     -35.7301
   1     80     -36.3771     -36.3973     -36.2367     -36.2630     -36.1810
                -36.0814     -36.3689     -36.2985     -36.3145     -36.3282
   1    100     -39.2681     -39.2896     -39.1276     -39.1533     -39.0680
                -38.9738     -39.2588     -39.1930     -39.2092     -39.2220
   2      0     -35.7066     -35.7517     -35.5804     -35.6113     -35.5384
                -35.4272     -35.7066     -35.6328     -35.6567     -35.6705
   3      0     -35.7244     -35.7533     -35.5895     -35.6267     -35.5491
                -35.4357     -35.7119     -35.6445     -35.6666     -35.6820
   4      0     -35.6502     -35.7038     -35.5240     -35.5712     -35.4968
                -35.3762     -35.6538     -35.5933     -35.6072     -35.6244
   5      0     -35.6613     -35.7119     -35.5470     -35.5869     -35.4849
                -35.3982     -35.6627     -35.5948     -35.6174     -35.6382
   5     60     -35.7340     -35.7847     -35.6197     -35.6598     -35.5576
                -35.4710     -35.7354     -35.6676     -35.6902     -35.7110
   5     80     -36.5035     -36.5537     -36.3893     -36.4298     -36.3259
                -36.2434     -36.5051     -36.4388     -36.4608     -36.4816
   5    100     -39.2107     -39.2607     -39.0934     -39.1373     -39.0292
                -38.9520     -39.2109     -39.1487     -39.1702     -39.1898
 
 
 cumulative average & 95% error for solvation free energy
  1   -35.7244
  2   -35.7388     0.0289
  3   -35.6891     0.1009
  4   -35.6735     0.0779
  5   -35.6486     0.0782
  6   -35.6131     0.0955
  7   -35.6272     0.0855
  8   -35.6294     0.0742
  9   -35.6335     0.0659
 10   -35.6384     0.0597
