 ERmod 0.3.8, Copyright (C) 2000-2019 Nobuyuki Matubayasi
                            2010-2019 Shun Sakuraba
 ERmod comes with ABSOLUTELY NO WARRANTY.
 This is free software, and you can redistribute it
 and/or modify it under certain conditions.
 See LICENSE file for details.
 ERmod 0.3.8, Copyright (C) 2000-2019 Nobuyuki Matubayasi
                            2010-2019 Shun Sakuraba
 ERmod comes with ABSOLUTELY NO WARRANTY.
 This is free software, and you can redistribute it
 and/or modify it under certain conditions.
 See LICENSE file for details.
 
  Number of the   1-th solvent  =          792
  Number of the   2-th solvent  =          792
  Number of the   3-th solvent  =        10000
 
  Be sure that the solvent distribution is homogeneous (radial distribution function is essentially unity) when the solvent molecule is separated beyond distance of   10.0 Angstrom in any direction from any atom within the solute molecule
 
  LJ long-range correction    =        -1.3175     -0.2494     -7.0203
 
  Self-energy of the solute   =        -0.0307  kcal/mol
 
 
 cumulative average & 95% error for solvation energy
              total             1st component         2nd component         3rd component
  1  -481.4675             -204.8082               16.3599             -292.9886
  2  -481.3180     0.2991  -200.9387     7.7389    17.6572     2.5946  -298.0058    10.0344
  3  -483.2247     3.8175  -201.5522     4.6335    15.0703     5.3863  -296.7122     6.3448
  4  -492.7694    19.2792  -200.6527     3.7377     0.1458    30.0911  -292.2318    10.0213
  5  -497.9572    18.1842  -202.2110     4.2538    -2.3632    23.8425  -293.3523     8.0795
  6  -501.2930    16.2774  -201.5392     3.7241    -4.7104    20.0253  -295.0127     7.3855
  7  -504.2788    14.9971  -202.3560     3.5461    -9.1763    19.1367  -292.7159     7.7500
  8  -506.4573    13.6992  -201.6946     3.3438   -12.4526    17.8213  -292.2794     6.7683
  9  -508.0224    12.4805  -203.2336     4.2626   -12.6611    15.7224  -292.0971     5.9802
 10  -509.8775    11.7633  -204.3112     4.3796   -17.9610    17.6099  -287.5746    10.5081
 11  -511.3016    11.0149  -206.6784     6.1733   -20.3342    16.6209  -284.2583    11.5903
 12  -511.9874    10.1483  -209.0698     7.3914   -17.3200    16.3264  -285.5669    10.8994
 13  -512.6155     9.4192  -210.1735     7.1484   -16.6172    15.0837  -285.7941    10.0362
 14  -513.0892     8.7718  -210.4730     6.6452   -15.7494    14.0723  -286.8361     9.5226
 15  -513.5586     8.2199  -211.0026     6.2764   -15.1358    13.1579  -287.3895     8.9339
 16  -513.9843     7.7360  -211.4670     5.9440   -14.4531    12.3836  -288.0336     8.4556
 17  -514.7846     7.4409  -211.9116     5.6538   -18.0612    13.6889  -284.7811    10.2663
 18  -515.1931     7.0628  -212.1719     5.3558   -18.4553    12.9301  -284.5353     9.6917
 19  -515.5615     6.7212  -212.6200     5.1447   -18.5191    12.2313  -284.3917     9.1719
 20  -515.9260     6.4178  -213.0707     4.9633   -18.8832    11.6265  -283.9414     8.7477
 21  -516.3526     6.1639  -212.8215     4.7472   -20.3337    11.4331  -283.1667     8.4638
 22  -516.5679     5.8928  -213.4991     4.7248   -20.2767    10.9017  -282.7614     8.1105
 23  -516.6150     5.6316  -214.0905     4.6671   -18.9308    10.7591  -283.5629     7.9139
 24  -516.8251     5.4082  -213.5770     4.5849   -19.6440    10.3993  -283.5734     7.5770
 25  -516.9905     5.1979  -213.1034     4.4985   -19.8522     9.9833  -284.0042     7.3185
 26  -517.1856     5.0092  -212.8082     4.3622   -20.4209     9.6589  -283.9259     7.0331
 27  -517.4018     4.8394  -212.5341     4.2332   -21.1691     9.4140  -283.6679     6.7873
 28  -517.5545     4.6734  -211.3063     4.7613   -23.0158     9.7946  -283.2018     6.6065
 29  -517.7592     4.5279  -209.9993     5.2857   -25.1951    10.4075  -282.5341     6.5130
 30  -517.9248     4.3869  -207.9989     6.4871   -27.7955    11.3200  -282.0997     6.3518
 31  -517.9296     4.2430  -205.6793     7.8032   -29.6231    11.5428  -282.5964     6.2233
 32  -518.0367     4.1139  -204.3777     7.9913   -30.8938    11.4616  -282.7345     6.0320
 33  -518.0394     3.9873  -203.4906     7.9460   -31.3600    11.1479  -283.1580     5.9074
 34  -518.0867     3.8694  -202.4857     7.9664   -32.1871    10.9408  -283.3832     5.7487
 35  -518.0974     3.7573  -200.6707     8.5449   -33.4976    10.9422  -283.8985     5.6764
 36  -518.1626     3.6537  -199.2151     8.7996   -34.9876    11.0435  -283.9293     5.5168
 37  -518.3839     3.5811  -198.7622     8.6063   -36.5814    11.2039  -283.0096     5.6721
 38  -518.4559     3.4885  -198.3904     8.4097   -37.0412    10.9438  -282.9936     5.5209
 39  -518.3999     3.3997  -199.0900     8.3099   -35.5401    11.0742  -283.7391     5.5803
 40  -518.4133     3.3138  -198.4906     8.1877   -35.7046    10.7988  -284.1874     5.5125
 41  -518.4488     3.2327  -198.2237     8.0033   -36.0056    10.5493  -284.1888     5.3763
 42  -518.5636     3.1632  -196.9346     8.2250   -37.6298    10.7954  -283.9685     5.2652
 43  -518.5742     3.0888  -195.1441     8.7936   -39.2844    11.0485  -284.1151     5.1497
 44  -518.6887     3.0265  -192.9462     9.6507   -42.3481    12.4124  -283.3638     5.2509
 45  -518.6485     2.9595  -191.5268     9.8516   -43.2196    12.2580  -283.8714     5.2323
 46  -518.6157     2.8952  -189.8242    10.2191   -44.6821    12.3402  -284.0786     5.1340
 47  -518.6123     2.8330  -188.9691    10.1445   -45.1504    12.1111  -284.4621     5.0818
 48  -518.4561     2.7909  -188.5061     9.9740   -44.2503    11.9920  -285.6690     5.5295
 49  -518.2721     2.7580  -188.0301     9.8146   -43.2275    11.9215  -286.9838     6.0201
 50  -518.2739     2.7023  -187.6872     9.6408   -43.3648    11.6839  -287.1912     5.9131
 
 
 group  inft  solvation free energy     error          difference
  total solvation free energy
   1      0        -82.88587           1.55737          -1.15800
   1     60        -83.20681           1.55726          -1.47894
   1     80        -86.09769           1.55741          -4.36981
   1    100        -96.00762           1.56232         -14.27974
   2      0        -83.07246           1.58063          -1.34458
   3      0        -81.72788           1.53563           0.00000
   4      0        -83.00190           1.56933          -1.27402
   5      0        -80.88450           1.51992           0.84338
   5     60        -81.33930           1.51976           0.38858
   5     80        -84.84599           1.51943          -3.11811
   5    100        -94.04244           1.52217         -12.31456
 
  contribution from  1-th solvent component
   1      0       -158.77552           4.68498          -0.77277
   1     60       -158.80491           4.68504          -0.80216
   1     80       -159.05063           4.68588          -1.04788
   1    100       -159.92853           4.68869          -1.92578
   2      0       -158.31105           4.72335          -0.30830
   3      0       -158.00275           4.71772           0.00000
   4      0       -158.56669           4.74975          -0.56394
   5      0       -156.95076           4.65688           1.05199
   5     60       -156.99063           4.65694           1.01212
   5     80       -157.30206           4.65773           0.70069
   5    100       -158.11746           4.66010          -0.11471
 
  contribution from  2-th solvent component
   1      0         58.88829           5.49298          -0.39229
   1     60         58.91667           5.49285          -0.36391
   1     80         59.00138           5.49339          -0.27920
   1    100         59.31840           5.49496           0.03782
   2      0         58.22759           5.47351          -1.05299
   3      0         59.28058           5.52151          -0.00000
   4      0         58.61807           5.45501          -0.66251
   5      0         59.12700           5.48140          -0.15358
   5     60         59.14835           5.48139          -0.13223
   5     80         59.31507           5.48143           0.03449
   5    100         59.56584           5.48274           0.28526
 
  contribution from  3-th solvent component
   1      0         17.03204           3.47741           0.00706
   1     60         16.71211           3.47744          -0.31286
   1     80         13.98224           3.47945          -3.04273
   1    100          4.63320           3.49088         -12.39178
   2      0         17.04168           3.47851           0.01671
   3      0         17.02497           3.47973           0.00000
   4      0         16.97740           3.48610          -0.04758
   5      0         16.96994           3.48345          -0.05503
   5     60         16.53366           3.48356          -0.49131
   5     80         13.17168           3.48646          -3.85329
   5    100          4.53986           3.49772         -12.48511
 
 
 group  inft   Estimated free energy: total (kcal/mol)
   1      0     -80.6328     -85.6993     -78.1831     -86.2997     -83.7129
                -84.0868     -87.7773     -85.0849     -85.7102     -86.6118
                -91.1172     -86.1143     -81.6243     -79.0694     -76.4121
                -84.2934     -87.3713     -84.8907     -89.7629     -88.2641
                -84.2381     -86.5314     -84.8392     -85.0120     -76.6466
                -76.6086     -80.1409     -83.3018     -73.2843     -87.5388
                -89.3878     -82.1982     -83.4979     -73.9480     -77.6633
                -83.5922     -81.5494     -77.6392     -79.8808     -77.7077
                -80.8624     -88.8327     -85.4949     -89.0320     -87.7613
                -92.0517     -61.5914     -80.6991     -84.5896     -75.4539
   1     60     -80.9587     -86.0249     -78.5067     -86.6231     -84.0360
                -84.4084     -88.1000     -85.4081     -86.0336     -86.9332
                -91.4386     -86.4367     -81.9478     -79.3919     -76.7320
                -84.6170     -87.6858     -85.2124     -90.0856     -88.5864
                -84.5615     -86.8521     -85.1609     -85.3336     -76.9690
                -76.9307     -80.4624     -83.6220     -73.6041     -87.8572
                -89.7088     -82.5194     -83.8180     -74.2671     -77.9830
                -83.9133     -81.8682     -77.9609     -80.2020     -78.0283
                -81.1814     -89.1523     -85.8131     -89.3460     -88.0775
                -92.3629     -61.9119     -81.0205     -84.9126     -75.7733
   1     80     -83.8905     -88.9658     -81.4286     -89.5189     -86.9196
                -87.2977     -90.9986     -88.3049     -88.9304     -89.8125
                -94.3242     -89.3313     -84.8525     -82.2861     -79.6119
                -87.5321     -90.5379     -88.1053     -92.9966     -91.4983
                -87.4729     -89.7431     -88.0565     -88.2233     -79.8613
                -79.8281     -83.3403     -86.5006     -76.4791     -90.7263
                -92.6027     -85.4138     -86.6996     -77.1378     -80.8674
                -86.8084     -84.7420     -80.8564     -83.0881     -80.9215
                -84.0614     -92.0376     -88.7069     -92.2090     -90.9598
                -95.2143     -64.7912     -83.9282     -87.8160     -78.6472
   1    100     -93.9824     -99.1147     -91.4986     -99.4507     -96.7775
                -97.2185    -100.9229     -98.2578     -98.8725     -99.7134
               -104.2370     -99.2873     -94.8186     -92.1983     -89.4514
                -97.5552    -100.3336     -98.0226    -102.9733    -101.5036
                -97.4536     -99.6569     -97.9881     -98.1320     -89.7297
                -89.7685     -93.1869     -96.3853     -86.3293    -100.5549
               -102.5215     -95.3278     -96.5586     -86.9438     -90.7215
                -96.7320     -94.6011     -90.7852     -92.9739     -90.8414
                -93.9203    -101.8836     -98.6082    -101.9868    -100.8881
               -105.0550     -74.5967     -93.8937     -97.7688     -88.3976
   2      0     -80.7392     -85.1296     -77.9164     -86.5205     -84.4523
                -84.7832     -87.8738     -85.1791     -86.0793     -86.6505
                -91.1592     -86.8222     -81.7791     -79.4283     -76.7450
                -84.1853     -87.7284     -85.2654     -90.6821     -88.6714
                -84.4291     -87.1896     -85.4214     -85.2914     -76.8784
                -76.7785     -80.6576     -82.8363     -72.8064     -87.4040
                -89.4455     -81.9676     -83.7918     -74.1046     -77.7750
                -83.6811     -81.8421     -77.6878     -80.7167     -77.7050
                -81.1662     -89.1511     -85.2623     -89.1677     -87.4293
                -92.1305     -61.0943     -80.5324     -85.1768     -76.3120
   3      0     -79.3781     -83.6720     -76.4286     -85.1310     -83.3202
                -83.3395     -86.4125     -83.6382     -84.8479     -85.0316
                -89.4710     -85.4526     -79.5332     -77.5502     -74.5763
                -81.6527     -86.2295     -83.3884     -86.9636     -85.2820
                -81.2434     -84.3288     -83.7145     -84.1095     -75.9108
                -75.9177     -79.5943     -81.5332     -71.3311     -86.2511
                -88.1507     -80.9860     -82.9545     -73.2279     -77.0655
                -82.7588     -80.9788     -76.5188     -80.4972     -77.6457
                -80.8932     -88.4361     -84.2570     -88.4412     -86.4329
                -91.5449     -60.0438     -79.4935     -84.7663     -76.0676
   4      0     -80.6924     -84.8935     -77.6846     -86.4840     -84.5120
                -84.9028     -87.7410     -85.2526     -86.2428     -86.3822
                -91.0040     -86.8693     -81.7514     -79.4698     -76.9123
                -83.9202     -86.9300     -84.6793     -89.9288     -88.1691
                -83.3757     -86.5023     -85.1419     -85.1826     -76.8204
                -76.8587     -80.6328     -82.5066     -72.4247     -87.4433
                -89.6335     -82.0191     -83.9360     -74.0319     -77.9225
                -83.8387     -81.8402     -77.7661     -81.3869     -77.9331
                -81.3484     -89.4222     -85.0796     -89.1154     -87.4810
                -92.3867     -60.9089     -80.5247     -85.5610     -76.6476
   5      0     -78.1697     -82.2381     -74.9111     -84.1908     -82.2863
                -82.2251     -85.5004     -82.9705     -83.5175     -83.8669
                -88.6651     -84.8175     -80.5667     -79.7497     -76.9494
                -83.5527     -85.0573     -81.2209     -84.1060     -82.6879
                -79.1711     -82.7307     -81.6365     -83.3065     -74.6463
                -74.3769     -78.6571     -80.4432     -70.2459     -85.7430
                -87.6607     -79.9998     -82.2865     -72.2129     -76.5927
                -81.7618     -79.1188     -74.7510     -78.5671     -76.2817
                -80.1800     -88.3211     -83.5211     -87.7849     -86.2662
                -91.1814     -59.6991     -79.1019     -84.7538     -75.9752
   5     60     -78.6307     -82.6992     -75.3701     -84.6464     -82.7407
                -82.6800     -85.9570     -83.4264     -83.9740     -84.3202
                -89.1190     -85.2728     -81.0236     -80.2061     -77.4034
                -84.0108     -85.5047     -81.6766     -84.5647     -83.1459
                -79.6292     -83.1855     -82.0929     -83.7611     -75.1029
                -74.8325     -79.1101     -80.8955     -70.6983     -86.1949
                -88.1152     -80.4551     -82.7408     -72.6658     -77.0467
                -82.2167     -79.5702     -75.2062     -79.0221     -76.7360
                -80.6329     -88.7755     -83.9755     -88.2345     -86.7173
                -91.6258     -60.1534     -79.5589     -85.2123     -76.4286
   5     80     -82.1958     -86.2789     -78.9225     -88.1616     -86.2392
                -86.1904     -89.4696     -86.9442     -87.4959     -87.8161
                -92.6198     -88.7866     -84.5476     -83.7165     -80.8876
                -87.5480     -88.9528     -85.1805     -88.0889     -86.6726
                -83.1532     -86.6838     -85.6050     -87.2681     -78.6117
                -78.3462     -82.5994     -84.3879     -74.1876     -89.6759
                -91.6243     -83.9664     -86.2387     -76.1480     -80.5388
                -85.7279     -83.0543     -78.7162     -82.5221     -80.2460
                -84.1198     -92.2758     -87.4831     -91.6964     -90.2208
                -95.0892     -63.6477     -83.0954     -88.7451     -79.9095
   5    100     -91.5531     -95.6856     -88.2611     -97.3705     -95.3911
                -95.4024     -98.6674     -96.1719     -96.7271     -96.9951
               -101.8053     -98.0295     -93.7875     -92.9192     -90.0249
                -96.8470     -98.0342     -94.3801     -97.3531     -95.9576
                -92.4078     -95.8738     -94.8253     -96.4581     -87.7651
                -87.5639     -91.7312     -93.5489     -83.3207     -98.7926
               -100.8311     -93.1599     -95.3961     -85.2545     -89.6888
                -94.9398     -92.2052     -87.9264     -91.7101     -89.4590
                -93.2729    -101.4239     -96.6822    -100.7842     -99.4448
               -104.2339     -72.7456     -92.3470     -97.9888     -88.9769
 
 group  inft   Estimated free energy: 1-th solvent contribution (kcal/mol)
   1      0    -169.3548    -163.2594    -162.3085    -164.4566    -174.8280
               -166.4698    -170.6647    -161.7895    -175.6662    -169.6372
               -181.4336    -185.5430    -173.3019    -169.3698    -172.0392
               -166.6831    -175.4006    -176.3407    -176.9924    -172.9777
               -162.1130    -181.2884    -182.6085    -168.9594    -166.5747
               -160.4503    -164.8389    -148.0597    -143.3175    -149.3163
               -142.9598    -146.1671    -155.5892    -147.8015    -137.3863
               -142.8308    -152.4330    -149.7892    -180.6943    -145.6435
               -157.8175    -143.5223    -127.6398    -125.2046    -129.3396
               -125.3655    -125.3916    -145.9083    -149.6123    -151.6360
   1     60    -169.3844    -163.2894    -162.3382    -164.4860    -174.8566
               -166.4993    -170.6940    -161.8193    -175.6954    -169.6668
               -181.4633    -185.5727    -173.3321    -169.3997    -172.0692
               -166.7133    -175.4297    -176.3701    -177.0221    -173.0076
               -162.1432    -181.3179    -182.6376    -168.9890    -166.6041
               -160.4800    -164.8686    -148.0892    -143.3472    -149.3457
               -142.9891    -146.1967    -155.6180    -147.8307    -137.4161
               -142.8603    -152.4623    -149.8188    -180.7236    -145.6731
               -157.8464    -143.5509    -127.6690    -125.2340    -129.3682
               -125.3933    -125.4206    -145.9374    -149.6407    -151.6643
   1     80    -169.6366    -163.5439    -162.5898    -164.7360    -175.1001
               -166.7482    -170.9438    -162.0717    -175.9438    -169.9181
               -181.7136    -185.8219    -173.5863    -169.6503    -172.3179
               -166.9640    -175.6728    -176.6135    -177.2645    -173.2511
               -162.3914    -181.5635    -182.8806    -169.2395    -166.8521
               -160.7285    -165.1213    -148.3396    -143.5976    -149.5936
               -143.2336    -146.4465    -155.8606    -148.0751    -137.6656
               -143.1056    -152.7074    -150.0664    -180.9689    -145.9190
               -158.0861    -143.7883    -127.9078    -125.4713    -129.6046
               -125.6240    -125.6570    -146.1761    -149.8740    -151.8976
   1    100    -170.5290    -164.4342    -163.4772    -165.6166    -175.9714
               -167.6363    -171.8314    -162.9607    -176.8286    -170.8064
               -182.6084    -186.7181    -174.4884    -170.5382    -173.2068
               -167.8503    -176.5525    -177.4961    -178.1458    -174.1313
               -163.2693    -182.4531    -183.7628    -170.1323    -167.7376
               -161.6066    -166.0126    -149.2156    -144.4784    -150.4825
               -144.1128    -147.3282    -156.7311    -148.9465    -138.5535
               -143.9866    -153.5833    -150.9402    -181.8535    -146.7920
               -158.9518    -144.6493    -128.7708    -126.3401    -130.4569
               -126.4611    -126.5001    -147.0351    -150.7160    -152.7395
   2      0    -169.0228    -162.8137    -161.7072    -164.0731    -174.5524
               -166.1993    -170.3633    -161.2517    -175.4246    -169.1775
               -180.9124    -185.2321    -172.6267    -168.7975    -171.4975
               -166.0586    -175.0220    -175.8824    -177.3535    -173.0862
               -161.5400    -180.9727    -182.4790    -168.6112    -166.1244
               -159.9060    -164.3614    -147.2704    -142.4665    -148.8551
               -142.5281    -145.5948    -155.1999    -147.2635    -136.6694
               -142.2986    -151.9651    -149.4274    -180.4184    -145.0487
               -157.2053    -143.2093    -127.0956    -124.6354    -128.8366
               -124.7465    -124.0004    -145.2114    -149.2205    -151.3366
   3      0    -168.7118    -162.4592    -161.3803    -163.7463    -174.2935
               -165.8783    -170.0426    -160.8555    -175.1799    -168.7872
               -180.5422    -184.9888    -172.0312    -168.5410    -171.3066
               -165.5585    -174.7078    -175.4800    -176.9540    -172.5976
               -160.9478    -180.3749    -182.0834    -168.3082    -165.8563
               -159.7018    -164.0880    -146.8608    -141.9721    -148.6047
               -142.1973    -145.2806    -154.9352    -147.1156    -136.3262
               -142.0261    -151.7230    -149.1260    -180.4288    -145.0267
               -157.1313    -143.0683    -126.7893    -124.4410    -128.4902
               -124.5115    -123.5006    -144.8139    -149.1143    -151.2511
   4      0    -169.1975    -162.9565    -161.9004    -164.2585    -174.8697
               -166.5025    -170.6295    -161.5363    -175.6522    -169.4563
               -181.1751    -185.6704    -172.5905    -168.5540    -171.2562
               -165.8293    -175.5759    -176.8510    -178.7101    -174.1559
               -163.3204    -182.4046    -183.2480    -168.7900    -166.1209
               -159.7407    -164.2632    -147.2577    -142.5389    -149.2699
               -143.0086    -145.7588    -155.4093    -147.3739    -136.7655
               -142.3806    -151.7855    -149.3174    -179.9766    -144.6837
               -156.8034    -143.5529    -127.4850    -125.0997    -129.2533
               -125.0965    -124.0809    -145.3218    -149.4986    -151.4006
   5      0    -167.4046    -161.0329    -159.9358    -162.5111    -173.1855
               -164.5499    -168.9441    -159.7632    -173.6730    -167.4597
               -179.3522    -184.0234    -171.4554    -168.4418    -171.0059
               -165.2998    -174.0047    -174.2136    -174.5193    -170.1313
               -159.9902    -179.4288    -180.6700    -167.3059    -164.5830
               -158.1256    -162.7927    -145.6933    -140.8320    -147.8954
               -141.4257    -144.1864    -154.1370    -146.0469    -135.6266
               -140.7859    -149.8966    -147.3200    -178.2163    -143.6759
               -156.1523    -142.6278    -126.1890    -123.9054    -128.1107
               -124.0213    -123.0580    -144.2112    -148.7885    -150.9320
   5     60    -167.4451    -161.0739    -159.9762    -162.5512    -173.2244
               -164.5899    -168.9839    -159.8035    -173.7129    -167.5000
               -179.3923    -184.0636    -171.4962    -168.4824    -171.0463
               -165.3406    -174.0442    -174.2534    -174.5595    -170.1717
               -160.0312    -179.4687    -180.7095    -167.3461    -164.6229
               -158.1658    -162.8329    -145.7334    -140.8721    -147.9352
               -141.4654    -144.2266    -154.1761    -146.0866    -135.6671
               -140.8259    -149.9364    -147.3602    -178.2558    -143.7161
               -156.1914    -142.6667    -126.2287    -123.9451    -128.1496
               -124.0594    -123.0974    -144.2506    -148.8270    -150.9705
   5     80    -167.7624    -161.3946    -160.2919    -162.8662    -173.5317
               -164.9046    -169.2976    -160.1193    -174.0277    -167.8158
               -179.7075    -184.3792    -171.8148    -168.7996    -171.3605
               -165.6562    -174.3534    -174.5641    -174.8715    -170.4836
               -160.3475    -179.7806    -181.0195    -167.6623    -164.9357
               -158.4786    -163.1492    -146.0469    -141.1860    -148.2483
               -141.7762    -144.5410    -154.4834    -146.3966    -135.9829
               -141.1375    -150.2467    -147.6727    -178.5662    -144.0281
               -156.4966    -142.9714    -126.5350    -124.2520    -128.4521
               -124.3559    -123.3996    -144.5555    -149.1257    -151.2707
   5    100    -168.5889    -162.2226    -161.1113    -163.6853    -174.3412
               -165.7298    -170.1187    -160.9392    -174.8543    -168.6381
               -180.5355    -185.2119    -172.6452    -169.6255    -172.1824
               -166.4749    -175.1704    -175.3870    -175.6977    -171.3054
               -161.1679    -180.6059    -181.8420    -168.4917    -165.7555
               -159.2902    -163.9717    -146.8568    -141.9984    -149.0711
               -142.5945    -145.3578    -155.2909    -147.2070    -136.8074
               -141.9559    -151.0585    -148.4830    -179.3863    -144.8394
               -157.3002    -143.7769    -127.3387    -125.0645    -129.2468
               -125.1382    -124.1839    -145.3548    -149.9110    -152.0609
 
 group  inft   Estimated free energy: 2-th solvent contribution (kcal/mol)
   1      0      83.4710      82.3008      80.0769      55.1024      77.6659
                 71.9620      59.3534      60.0830      72.4407      44.6850
                 54.0934      87.2550      73.0216      77.7974      80.4972
                 71.2763      43.8247      68.9849      66.4102      62.9490
                 49.9638      69.2341      86.0693      62.8187      74.0204
                 62.9349      60.9902      39.2395      39.6311      34.4972
                 39.9640      45.1815      57.6622      56.7796      47.7258
                 38.9197      34.7265      51.8045      94.8930      58.5499
                 56.5536      29.6883      25.0800      -0.4136      39.5179
                 30.0847      54.9981      81.5541      85.9869      62.5078
   1     60      83.4980      82.3274      80.1048      55.1283      77.6912
                 71.9898      59.3810      60.1092      72.4680      44.7117
                 54.1204      87.2840      73.0490      77.8267      80.5292
                 71.3041      43.8560      69.0155      66.4416      62.9791
                 49.9929      69.2642      86.0993      62.8471      74.0496
                 62.9624      61.0171      39.2658      39.6591      34.5272
                 39.9928      45.2097      57.6905      56.8090      47.7575
                 38.9487      34.7551      51.8320      94.9230      58.5765
                 56.5833      29.7162      25.1104      -0.3808      39.5466
                 30.1129      55.0232      81.5810      86.0103      62.5357
   1     80      83.5787      82.4041      80.1853      55.2078      77.7795
                 72.0795      59.4668      60.1923      72.5551      44.7928
                 54.1986      87.3767      73.1307      77.9226      80.6369
                 71.3799      43.9496      69.1091      66.5293      63.0576
                 50.0711      69.3539      86.1942      62.9369      74.1470
                 63.0403      61.1062      39.3437      39.7475      34.6260
                 40.0757      45.2948      57.7751      56.9061      47.8679
                 39.0317      34.8379      51.9087      95.0259      58.6493
                 56.6636      29.7886      25.1832      -0.2958      39.6201
                 30.1927      55.0960      81.6527      86.0774      62.6180
   1    100      83.8467      82.6539      80.4626      55.4712      78.1249
                 72.4016      59.7668      60.4772      72.8468      45.0577
                 54.4555      87.7029      73.4093      78.2722      81.0476
                 71.6425      44.3015      69.4591      66.8710      63.3574
                 50.3574      69.6912      86.5445      63.2459      74.5192
                 63.3220      61.4366      39.6019      40.0495      34.9826
                 40.3850      45.5933      58.0918      57.2837      48.2884
                 39.3314      35.1353      52.1935      95.4176      58.9398
                 56.9739      30.0892      25.4729       0.0527      39.9020
                 30.5298      55.4558      81.9821      86.4051      63.0180
   2      0      83.0841      82.4246      79.7730      54.4863      76.6408
                 70.9698      58.9448      59.4212      71.8220      44.1564
                 53.5325      86.2341      72.1827      76.8493      79.6438
                 70.7973      43.0808      68.1422      65.8685      62.6572
                 49.1938      68.2598      85.3501      62.1557      73.3103
                 62.1957      59.9766      38.9198      39.2210      34.1713
                 39.4423      44.8133      56.9566      56.0679      46.8558
                 38.2749      33.9725      51.3647      93.7762      57.9317
                 55.5928      29.0430      24.7480      -1.1240      39.3263
                 29.4068      54.0760      81.0255      85.0068      61.3568
   3      0      84.1678      83.5458      80.9356      55.5700      77.5410
                 72.1031      60.1124      60.5963      72.8208      45.4068
                 54.8705      87.3962      73.8963      78.5650      81.7260
                 72.9273      44.3101      69.5974      69.1219      65.5064
                 51.7258      70.5057      86.6436      63.0411      74.0233
                 62.8714      60.8011      39.8199      40.1895      35.0718
                 40.4003      45.4988      57.5370      56.8142      47.2422
                 38.9193      34.6116      52.2475      94.0191      57.9832
                 55.8323      29.6426      25.4579      -0.5763      40.0109
                 29.7820      54.6504      81.6803      85.3299      61.5357
   4      0      83.3738      82.8685      80.2823      54.7473      76.9736
                 71.2268      59.3843      59.6977      71.9149      44.7471
                 53.9643      86.6321      72.2532      76.6226      79.3028
                 70.9099      44.4138      69.6287      67.8945      64.1564
                 51.9100      70.3099      86.3925      62.4894      73.4633
                 62.0360      59.9900      39.3051      39.7363      34.6042
                 39.8106      45.0233      57.1095      56.3406      46.9006
                 38.2879      33.8913      51.2509      92.7876      57.4761
                 55.1466      29.2298      25.4335      -0.4812      39.8172
                 29.6379      54.4623      81.2778      85.0581      61.2117
   5      0      84.1236      83.6175      81.0998      55.2990      77.5300
                 71.9748      59.9585      60.2117      72.6724      45.3010
                 54.5202      87.0782      72.2957      76.2765      79.0601
                 70.7744      44.7813      70.5097      69.5746      65.6791
                 52.8428      71.1666      87.3539      62.9116      74.0873
                 62.8854      60.5180      39.7895      40.2083      34.9205
                 40.1725      45.4653      57.4937      56.8291      47.0777
                 38.7468      34.7118      52.2682      93.8259      58.0819
                 55.6265      29.3978      25.6440      -0.3611      39.8812
                 29.7572      54.6228      81.5714      85.1325      61.3831
   5     60      84.1449      83.6379      81.1207      55.3196      77.5508
                 71.9960      59.9798      60.2322      72.6942      45.3217
                 54.5412      87.1009      72.3171      76.2995      79.0853
                 70.7953      44.8053      70.5329      69.5972      65.7006
                 52.8637      71.1892      87.3768      62.9338      74.1099
                 62.9062      60.5395      39.8098      40.2298      34.9434
                 40.1940      45.4866      57.5142      56.8513      47.1023
                 38.7688      34.7342      52.2889      93.8495      58.1017
                 55.6485      29.4176      25.6644      -0.3379      39.9010
                 29.7774      54.6401      81.5890      85.1468      61.4035
   5     80      84.2994      83.7849      81.2751      55.4736      77.7188
                 72.1627      60.1454      60.3893      72.8562      45.4767
                 54.6961      87.2741      72.4770      76.4825      79.2891
                 70.9506      44.9934      70.7140      69.7760      65.8652
                 53.0242      71.3666      87.5569      63.1020      74.2902
                 63.0636      60.7095      39.9627      40.3939      35.1246
                 40.3600      45.6490      57.6772      57.0339      47.3049
                 38.9350      34.9017      52.4475      94.0402      58.2568
                 55.8179      29.5738      25.8230      -0.1540      40.0536
                 29.9425      54.7950      81.7358      85.2889      61.5762
   5    100      84.5070      83.9789      81.4897      55.6816      77.9930
                 72.4122      60.3851      60.6115      73.0860      45.6811
                 54.8991      87.5267      72.6967      76.7670      79.6262
                 71.1571      45.2793      70.9896      70.0407      66.0966
                 53.2419      71.6312      87.8327      63.3474      74.5951
                 63.2854      60.9737      40.1676      40.6313      35.4113
                 40.6018      45.8844      57.9206      57.3398      47.6432
                 39.1696      35.1377      52.6720      94.3519      58.4865
                 56.0619      29.8083      26.0423       0.1210      40.2706
                 30.2102      55.0920      82.0040      85.5547      61.8967
 
 group  inft   Estimated free energy: 3-th solvent contribution (kcal/mol)
   1      0       5.2817      -4.7100       4.0791      23.0851      13.4799
                 10.4517      23.5647      16.6523      17.5460      38.3710
                 36.2538      12.2044      18.6867      12.5337      15.1606
                 11.1441      44.2353      22.4958      20.8500      21.7954
                 27.9417      25.5536      11.7306      21.1594      15.9384
                 20.9375      23.7385      25.5491      30.4328      27.3110
                 13.6387      18.8181      14.4597      17.1045      12.0279
                 20.3496      36.1878      20.3762       5.9513       9.4167
                 20.4321      25.0320      17.0955      36.6169       2.0911
                  3.2598       8.8328     -16.3143     -20.9335      13.7050
   1     60       4.9585      -5.0322       3.7574      22.7653      13.1601
                 10.1318      23.2437      16.3326      17.2245      38.0527
                 35.9350      11.8826      18.3660      12.2118      14.8387
                 10.8228      43.9186      22.1728      20.5255      21.4727
                 27.6195      25.2323      11.4081      20.8390      15.6162
                 20.6176      23.4198      25.2322      30.1146      26.9920
                 13.3182      18.4982      14.1402      16.7853      11.7063
                 20.0290      35.8697      20.0566       5.6293       9.0990
                 20.1125      24.7130      16.7763      36.2994       1.7749
                  2.9481       8.5163     -16.6334     -21.2514      13.3860
   1     80       2.1982      -7.7953       1.0066      20.0400      10.4317
                  7.4017      20.5091      13.6051      14.4890      35.3436
                 33.2215       9.1447      15.6339       9.4723      12.0998
                  8.0827      41.2161      19.4298      17.7693      18.7260
                 24.8781      22.4971       8.6605      18.1099      12.8746
                 17.8907      20.7055      22.5260      27.4016      24.2720
                 10.5858      15.7686      11.4167      14.0619       8.9610
                 17.2961      33.1582      17.3320       2.8855       6.3789
                 17.3918      21.9928      14.0484      33.5889      -0.9447
                  0.2476       5.8005     -19.3741     -23.9887      10.6631
   1    100      -7.2694     -17.3036      -8.4534      10.7253       1.0996
                 -1.9532      11.1725       4.2563       5.1400      26.0660
                 23.9465      -0.2414       6.2911       0.0984       2.7385
                 -1.3167      31.9481      10.0451       8.3322       9.3010
                 15.4890      13.1358      -0.7391       8.7850       3.5193
                  8.5468      11.4198      13.2592      18.1303      14.9757
                  1.2370       6.4378       2.1114       4.7497      -0.4257
                  7.9538      23.8776       7.9922      -6.5073      -2.9585
                  8.0883      12.7073       4.7204      24.3313     -10.3026
                 -9.0930      -3.5217     -28.8100     -33.4272       1.3546
   2      0       5.2302      -4.7098       4.0485      23.0970      13.4899
                 10.4770      23.5753      16.6821      17.5540      38.4013
                 36.2513      12.2065      18.6955      12.5506      15.1393
                 11.1066      44.2434      22.5054      20.8336      21.7884
                 27.9479      25.5540      11.7382      21.1949      15.9663
                 20.9624      23.7579      25.5449      30.4698      27.3105
                 13.6710      18.8446      14.4821      17.1216      12.0693
                 20.3733      36.1811      20.4055       5.9562       9.4427
                 20.4770      25.0459      17.1159      36.6224       2.1117
                  3.2398       8.8608     -16.3158     -20.9324      13.6985
   3      0       5.1966      -4.7279       4.0468      23.0760      13.4631
                 10.4663      23.5484      16.6516      17.5419      38.3795
                 36.2313      12.1707      18.6324      12.4565      15.0350
                 11.0092      44.1988      22.5249      20.8992      21.8399
                 28.0093      25.5710      11.7560      21.1883      15.9529
                 20.9433      23.7233      25.5384      30.4821      27.3125
                 13.6770      18.8264      14.4744      17.1041      12.0493
                 20.3787      36.1633      20.3903       5.9431       9.4286
                 20.4365      25.0203      17.1051      36.6069       2.0771
                  3.2153       8.8371     -16.3292     -20.9511      13.6785
   4      0       5.1620      -4.7749       3.9642      23.0579      13.4148
                 10.4036      23.5349      16.6168      17.5251      38.3577
                 36.2374      12.1996      18.6166      12.4923      15.0717
                 11.0298      44.2627      22.5736      20.9174      21.8610
                 28.0654      25.6230      11.7443      21.1488      15.8679
                 20.8766      23.6711      25.4767      30.4086      27.2530
                 13.5951      18.7472      14.3945      17.0321      11.9731
                 20.2847      36.0847      20.3310       5.8327       9.3051
                 20.3391      24.9316      17.0025      36.4962       1.9857
                  3.1025       8.7404     -16.4501     -21.0898      13.5719
   5      0       5.1419      -4.7920       3.9556      23.0520      13.4000
                 10.3807      23.5158      16.6116      17.5138      38.3226
                 36.1977      12.1584      18.6238      12.4463      15.0271
                 11.0034      44.1968      22.5137      20.8695      21.7950
                 28.0070      25.5621      11.7103      21.1185      15.8801
                 20.8939      23.6483      25.4913      30.4084      27.2626
                 13.6232      18.7520      14.3875      17.0356      11.9869
                 20.3079      36.0967      20.3314       5.8540       9.3429
                 20.3764      24.9395      17.0546      36.5123       1.9939
                  3.1134       8.7668     -16.4314     -21.0671      13.6044
   5     60       4.7002      -5.2325       3.5161      22.6159      12.9636
                  9.9445      23.0777      16.1755      17.0755      37.8888
                 35.7628      11.7206      18.1862      12.0075      14.5883
                 10.5651      43.7648      22.0745      20.4283      21.3559
                 27.5690      25.1246      11.2705      20.6818      15.4407
                 20.4578      23.2139      25.0587      29.9747      26.8276
                 13.1868      18.3156      13.9518      16.6002      11.5487
                 19.8710      35.6627      19.8957       5.4149       8.9090
                 19.9407      24.5043      16.6194      36.0793       1.5620
                  2.6869       8.3345     -16.8667     -21.5014      13.1692
   5     80       1.2979      -8.6384       0.1250      19.2618       9.6044
                  6.5822      19.7132      12.8165      13.7062      34.5537
                 32.4224       8.3492      14.8208       8.6313      11.2144
                  7.1883      40.4379      18.7003      17.0373      17.9765
                 24.2007      21.7609       7.8883      17.3230      12.0646
                 17.0994      19.8711      21.7270      26.6352      23.4784
                  9.8226      14.9562      10.5982      13.2454       8.1699
                 16.5052      32.3214      16.5396       2.0346       5.5560
                 16.5896      21.1524      13.2596      32.7403      -1.7917
                 -0.6451       4.9876     -20.2450     -24.8775       9.8156
   5    100      -7.4405     -17.4113      -8.6088      10.6640       0.9878
                 -2.0541      11.0969       4.1864       5.0719      25.9927
                 23.8617      -0.3137       6.1917      -0.0300       2.5620
                 -1.4985      31.8876      10.0479       8.3347       9.2818
                 15.5488      13.1316      -0.7852       8.7168       3.4260
                  8.4716      11.2974      13.1710      18.0771      14.8979
                  1.1924       6.3442       2.0049       4.6434      -0.4939
                  7.8772      23.7462       7.9152      -6.6450      -3.0753
                  7.9961      12.5754       4.6448      24.1899     -10.4380
                 -9.2751      -3.6231     -28.9655     -33.6018       1.2180
 
 
 cumulative average & 95% error for solvation free energy
              total             1st component         2nd component         3rd component
  1   -79.3781             -168.7118               84.1678                5.1966
  2   -81.5251     4.2939  -165.5855     6.2526    83.8568     0.6220     0.2343     9.9245
  3   -79.8262     4.2059  -164.1838     4.5707    82.8831     1.9803     1.5051     6.2683
  4   -81.1524     3.9850  -164.0744     3.2394    76.0548    13.7282     6.8979    11.6607
  5   -81.5860     3.2062  -166.1182     4.7963    76.3521    10.6504     8.2109     9.4063
  6   -81.8782     2.6823  -166.0782     3.9170    75.6439     8.8106     8.5868     7.7170
  7   -82.5260     2.6110  -166.6446     3.4989    73.4251     8.6683    10.7242     7.7981
  8   -82.6650     2.2783  -165.9210     3.3580    71.8215     8.1634    11.4651     6.9140
  9   -82.9076     2.0670  -166.9497     3.6061    71.9326     7.2028    12.1403     6.2453
 10   -83.1200     1.8969  -167.1335     3.2463    69.2800     8.3456    14.7642     7.6644
 11   -83.6973     2.0682  -168.3525     3.8165    67.9700     7.9906    16.7158     7.9559
 12   -83.8436     1.9105  -169.7388     4.4527    69.5889     7.9806    16.3370     7.3021
 13   -83.5120     1.8784  -169.9151     4.1110    69.9202     7.3710    16.5136     6.7263
 14   -83.0862     1.9364  -169.8170     3.8111    70.5377     6.9350    16.2238     6.2542
 15   -82.5189     2.1301  -169.9163     3.5535    71.2836     6.6263    16.1445     5.8245
 16   -82.4647     1.9954  -169.6439     3.3683    71.3863     6.2017    15.8236     5.4860
 17   -82.6862     1.9260  -169.9418     3.2196    69.7936     6.6395    17.4927     6.1400
 18   -82.7252     1.8175  -170.2495     3.0972    69.7827     6.2599    17.7723     5.8158
 19   -82.9483     1.7762  -170.6024     3.0135    69.7479     5.9216    17.9368     5.5110
 20   -83.0650     1.7011  -170.7021     2.8658    69.5358     5.6337    18.1320     5.2428
 21   -82.9782     1.6273  -170.2376     2.8799    68.6877     5.6208    18.6024     5.0748
 22   -83.0396     1.5565  -170.6984     2.8964    68.7704     5.3618    18.9191     4.8799
 23   -83.0690     1.4884  -171.1934     2.9393    69.5475     5.3539    18.6077     4.7044
 24   -83.1123     1.4277  -171.0732     2.8244    69.2764     5.1546    18.7152     4.5092
 25   -82.8242     1.4856  -170.8645     2.7410    69.4663     4.9586    18.6047     4.3307
 26   -82.5586     1.5230  -170.4352     2.7700    69.2126     4.7910    18.6946     4.1647
 27   -82.4488     1.4819  -170.2001     2.7066    68.9011     4.6521    18.8809     4.0248
 28   -82.4161     1.4295  -169.3666     3.0954    67.8625     4.9408    19.1187     3.9074
 29   -82.0339     1.5770  -168.4219     3.5341    66.9082     5.1352    19.5105     3.8509
 30   -82.1745     1.5492  -167.7613     3.6610    65.8470     5.3960    19.7706     3.7565
 31   -82.3672     1.5472  -166.9367     3.9062    65.0261     5.4711    19.5740     3.6545
 32   -82.3241     1.5006  -166.2599     4.0170    64.4159     5.4362    19.5506     3.5387
 33   -82.3432     1.4549  -165.9168     3.9534    64.2075     5.2853    19.3968     3.4436
 34   -82.0751     1.5099  -165.3638     3.9917    63.9900     5.1459    19.3294     3.3435
 35   -81.9319     1.4938  -164.5342     4.2162    63.5115     5.0876    19.1214     3.2731
 36   -81.9549     1.4524  -163.9089     4.2839    62.8284     5.1295    19.1563     3.1817
 37   -81.9285     1.4136  -163.5796     4.2183    62.0658     5.2169    19.6160     3.2281
 38   -81.7862     1.4051  -163.1992     4.1757    61.8074     5.1040    19.6363     3.1423
 39   -81.7531     1.3702  -163.6410     4.1621    62.6333     5.2387    19.2852     3.1402
 40   -81.6504     1.3512  -163.1756     4.1621    62.5171     5.1113    19.0388     3.1001
 41   -81.6320     1.3183  -163.0282     4.0700    62.3540     4.9957    19.0729     3.0243
 42   -81.7940     1.3267  -162.5530     4.0840    61.5752     5.1181    19.2145     2.9650
 43   -81.8513     1.3006  -161.7213     4.3209    60.7353     5.2725    19.1654     2.8969
 44   -82.0010     1.3055  -160.8740     4.5490    59.3418     5.8568    19.5618     2.9392
 45   -82.0995     1.2913  -160.1544     4.6739    58.9122     5.7893    19.1733     2.9764
 46   -82.3048     1.3280  -159.3795     4.8267    58.2790     5.8019    18.8264     2.9925
 47   -81.8312     1.6080  -158.6161     4.9635    58.2018     5.6793    18.6138     2.9588
 48   -81.7825     1.5772  -158.3286     4.8929    58.6909     5.6451    17.8859     3.2419
 49   -81.8434     1.5495  -158.1405     4.8068    59.2346     5.6346    17.0933     3.5488
 50   -81.7279     1.5356  -158.0027     4.7177    59.2806     5.5215    17.0250     3.4797
 
 Mesh error is    1.345 kcal/mol
