 ERmod 0.3.8, Copyright (C) 2000-2019 Nobuyuki Matubayasi
                            2010-2019 Shun Sakuraba
 ERmod comes with ABSOLUTELY NO WARRANTY.
 This is free software, and you can redistribute it
 and/or modify it under certain conditions.
 See LICENSE file for details.
 
  Number of the   1-th solvent  =          368
  Number of the   2-th solvent  =          368
  Number of the   3-th solvent  =        10000
 
  Be sure that the solvent distribution is homogeneous (radial distribution function is essentially unity) when the solvent molecule is separated beyond distance of   10.0 Angstrom in any direction from any atom within the solute molecule
 
  LJ long-range correction    =        -0.6509     -0.1232     -7.4645
 
  Self-energy of the solute   =        -0.0022  kcal/mol
 
 
 cumulative average & 95% error for solvation energy
              total             1st component         2nd component         3rd component
  1  -521.5977             -105.0237             -150.9878             -265.5839
  2  -521.0704     1.0546   -99.7871    10.4732  -155.1245     8.2733  -266.1566     1.1453
  3  -520.7099     0.9437   -98.9814     6.2578  -154.4156     4.9825  -267.3107     2.4011
  4  -520.6460     0.6794   -99.0000     4.4251  -155.8087     4.4917  -265.8350     3.4048
  5  -520.5341     0.5719   -98.7752     3.4570  -155.9912     3.4984  -265.7655     2.6410
  6  -521.7243     2.4258   -99.1865     2.9401  -165.4510    19.1340  -257.0847    17.4951
  7  -521.6917     2.0513   -98.8888     2.5551  -165.6887    16.1782  -257.1121    14.7861
  8  -521.6344     1.7801   -99.1585     2.2776  -165.4096    14.0218  -257.0641    12.8055
  9  -521.6710     1.5716   -98.8874     2.0805  -165.5359    12.3687  -257.2455    11.2992
 10  -521.6013     1.4126   -99.0277     1.8819  -164.6754    11.1959  -257.8959    10.1897
 11  -521.5567     1.2809   -99.2718     1.7709  -163.9263    10.2373  -258.3563     9.2628
 12  -521.5500     1.1693   -99.1470     1.6358  -164.2626     9.3695  -258.1382     8.4670
 13  -521.8888     1.2713   -99.1665     1.5052  -166.9349    10.1413  -255.7852     9.0998
 14  -522.2356     1.3662   -99.4607     1.5127  -169.5953    10.7919  -253.1774     9.9086
 15  -522.6352     1.5021   -99.4385     1.4089  -173.0172    12.1562  -250.1773    11.0042
 16  -522.7492     1.4234   -99.2579     1.3665  -174.1117    11.5799  -249.3774    10.4171
 17  -522.8798     1.3624   -99.0922     1.3257  -174.6929    10.9394  -249.0925     9.8017
 18  -523.1748     1.4135   -98.9685     1.2741  -177.2474    11.5098  -246.9566    10.1807
 19  -523.0806     1.3502   -99.1167     1.2411  -175.9952    11.1715  -247.9664     9.8395
 20  -522.9590     1.3038   -98.9907     1.2041  -174.9712    10.7943  -248.9948     9.5584
 21  -522.8444     1.2612   -98.8786     1.1671  -174.4321    10.3238  -249.5315     9.1550
 22  -522.7779     1.2098   -98.8442     1.1149  -174.0537     9.8724  -249.8778     8.7564
 23  -522.6946     1.1680   -98.6943     1.1067  -173.5446     9.4882  -250.4534     8.4459
 24  -522.6395     1.1236   -98.6636     1.0613  -173.1257     9.1229  -250.8479     8.1247
 25  -522.5773     1.0849   -98.6769     1.0183  -172.4909     8.8420  -251.4072     7.8728
 26  -522.5058     1.0521   -98.5381     1.0170  -172.0387     8.5431  -251.9267     7.6350
 27  -522.4725     1.0146   -98.6777     1.0177  -171.3297     8.3420  -252.4628     7.4246
 28  -522.4417     0.9796   -98.5954     0.9944  -171.0777     8.0543  -252.7664     7.1802
 29  -522.3673     0.9569   -98.5582     0.9624  -170.4890     7.8603  -253.3180     7.0155
 30  -522.3229     0.9287   -98.6476     0.9468  -170.0792     7.6379  -253.5939     6.8000
 31  -522.2544     0.9086   -98.7608     0.9433  -169.3240     7.5402  -254.1674     6.6763
 32  -522.2054     0.8852   -98.7388     0.9144  -168.8766     7.3554  -254.5877     6.5187
 33  -522.1650     0.8618   -98.8613     0.9194  -168.3952     7.1938  -254.9063     6.3501
 34  -522.1150     0.8420   -98.6992     0.9490  -168.2513     6.9849  -255.1623     6.1818
 35  -522.0808     0.8204   -98.6498     0.9268  -168.0511     6.7942  -255.3777     6.0180
 36  -522.0363     0.8023   -98.6015     0.9059  -167.6301     6.6563  -255.8024     5.9098
 37  -522.0324     0.7803   -98.5839     0.8817  -167.3856     6.4923  -256.0606     5.7710
 38  -522.0003     0.7622   -98.5240     0.8666  -167.0824     6.3482  -256.3917     5.6560
 39  -521.9454     0.7505   -98.6029     0.8587  -166.7685     6.2150  -256.5718     5.5208
 40  -521.9935     0.7378   -98.5953     0.8371  -167.0322     6.0806  -256.3639     5.3971
 41  -521.9687     0.7213   -98.7792     0.8955  -166.6738     5.9736  -256.5134     5.2723
 42  -521.9268     0.7089   -98.7610     0.8746  -166.4779     5.8428  -256.6857     5.1568
 43  -521.8753     0.6998   -98.7255     0.8570  -166.2431     5.7245  -256.9045     5.0544
 44  -521.8253     0.6910   -98.7111     0.8378  -166.0301     5.6091  -257.0819     4.9509
 45  -521.8329     0.6756   -98.7925     0.8350  -165.8173     5.4996  -257.2209     4.8476
 46  -521.8025     0.6636   -98.7611     0.8190  -165.5958     5.3969  -257.4434     4.7619
 47  -521.7526     0.6569   -98.7365     0.8029  -165.3659     5.3008  -257.6480     4.6774
 48  -521.7413     0.6435   -98.7333     0.7860  -165.2286     5.1965  -257.7772     4.5862
 49  -521.7336     0.6304   -98.7842     0.7765  -165.1189     5.0940  -257.8283     4.4928
 50  -521.7097     0.6195   -98.8162     0.7635  -164.9864     4.9981  -257.9049     4.4047
 
 
 group  inft  solvation free energy     error          difference
  total solvation free energy
   1      0        -88.55477           0.72732           0.35396
   1     60        -88.78081           0.72717           0.12791
   1     80        -90.96380           0.72587          -2.05508
   1    100        -99.27064           0.72408         -10.36191
   2      0        -88.98219           0.76907          -0.07347
   3      0        -88.90872           0.77329           0.00000
   4      0        -88.99310           0.78398          -0.08438
   5      0        -88.61209           0.78153           0.29663
   5     60        -88.93593           0.78129          -0.02721
   5     80        -91.67528           0.77994          -2.76656
   5    100        -99.39820           0.77924         -10.48948
 
  contribution from  1-th solvent component
   1      0        -83.32945           0.45586          -0.33092
   1     60        -83.33806           0.45585          -0.33953
   1     80        -83.42217           0.45572          -0.42365
   1    100        -83.75054           0.45567          -0.75201
   2      0        -83.20541           0.46644          -0.20689
   3      0        -82.99853           0.46778           0.00000
   4      0        -83.45056           0.47311          -0.45204
   5      0        -82.98321           0.46677           0.01531
   5     60        -82.99484           0.46674           0.00369
   5     80        -83.10269           0.46662          -0.10416
   5    100        -83.40604           0.46658          -0.40751
 
  contribution from  2-th solvent component
   1      0        -40.50912           2.65964           0.73065
   1     60        -40.49441           2.65971           0.74536
   1     80        -40.41621           2.66050           0.82355
   1    100        -40.13905           2.66418           1.10072
   2      0        -41.10337           2.68762           0.13639
   3      0        -41.23976           2.68861           0.00000
   4      0        -40.85715           2.69426           0.38261
   5      0        -40.90889           2.69359           0.33088
   5     60        -40.90022           2.69366           0.33954
   5     80        -40.81318           2.69477           0.42658
   5    100        -40.57916           2.69864           0.66061
 
  contribution from  3-th solvent component
   1      0         35.28603           2.12688          -0.04577
   1     60         35.05389           2.12723          -0.27791
   1     80         32.87681           2.13031          -2.45499
   1    100         24.62118           2.13943         -10.71062
   2      0         35.32882           2.12598          -0.00298
   3      0         35.33180           2.12609           0.00000
   4      0         35.31685           2.12530          -0.01495
   5      0         35.28224           2.12567          -0.04956
   5     60         34.96136           2.12612          -0.37044
   5     80         32.24282           2.12996          -3.08898
   5    100         24.58922           2.13821         -10.74258
 
 
 group  inft   Estimated free energy: total (kcal/mol)
   1      0     -88.3677     -87.6567     -84.0712     -90.2242     -88.4043
                -95.0118     -89.4983     -91.1390     -91.7328     -88.8437
                -88.2620     -88.1470     -92.2678     -90.5254     -93.9700
                -89.9341     -85.4759     -94.9515     -88.3408     -85.9366
                -89.0490     -89.9426     -88.9108     -89.6799     -86.5712
                -87.6367     -86.6775     -88.8906     -85.8355     -90.6157
                -82.9555     -88.1026     -86.0768     -88.6266     -90.3923
                -87.3382     -87.3759     -87.7405     -86.8993     -87.9891
                -88.2233     -85.0111     -86.9628     -85.7091     -89.1573
                -85.5653     -84.7982     -90.7302     -91.7389     -89.7751
   1     60     -88.5949     -87.8831     -84.2967     -90.4514     -88.6309
                -95.2352     -89.7249     -91.3659     -91.9608     -89.0702
                -88.4892     -88.3734     -92.4921     -90.7477     -94.1915
                -90.1575     -85.7003     -95.1742     -88.5676     -86.1633
                -89.2766     -90.1699     -89.1374     -89.9074     -86.7970
                -87.8640     -86.9044     -89.1174     -86.0612     -90.8423
                -83.1797     -88.3295     -86.3034     -88.8532     -90.6199
                -87.5644     -87.6035     -87.9679     -87.1260     -88.2166
                -88.4506     -85.2371     -87.1890     -85.9349     -89.3850
                -85.7919     -85.0234     -90.9561     -91.9616     -89.9984
   1     80     -90.7861     -90.0686     -86.4778     -92.6455     -90.8221
                -97.3960     -91.9123     -93.5542     -94.1593     -91.2582
                -90.6796     -90.5591     -94.6581     -92.9011     -96.3374
                -92.3203     -87.8701     -97.3285     -90.7559     -88.3541
                -91.4696     -92.3624     -91.3249     -92.1007     -88.9780
                -90.0563     -89.0949     -91.3056     -88.2418     -93.0275
                -85.3515     -90.5207     -88.4900     -91.0413     -92.8137
                -89.7515     -89.7960     -90.1608     -89.3134     -90.4073
                -90.6437     -87.4198     -89.3716     -88.1153     -91.5817
                -87.9788     -87.2015     -93.1404     -94.1210     -92.1644
   1    100     -99.1195     -98.3733     -94.7699    -101.0006     -99.1522
               -105.6486    -100.2369    -101.8777    -102.5219     -99.5763
                -99.0141     -98.8874    -102.9261    -101.1211    -104.5448
               -100.5678     -96.1344    -105.5704     -99.0726     -96.6838
                -99.8142    -100.6960     -99.6351    -100.4365     -97.2622
                -98.3826     -97.4261     -99.6272     -96.5314    -101.3258
                -93.6016     -98.8488     -96.8077     -99.3606    -101.1584
                -98.0596     -98.1316     -98.4993     -97.6325     -98.7264
                -98.9900     -95.7113     -97.6727     -96.4062     -99.9393
                -96.2889     -95.4799    -101.4666    -102.3716    -100.4423
   2      0     -88.9942     -87.7798     -84.3336     -90.6218     -89.1842
                -95.4694     -90.1691     -91.7470     -91.9722     -89.4833
                -88.9799     -88.6270     -92.9664     -91.3781     -94.8474
                -90.4150     -85.5863     -95.5630     -88.8775     -86.2712
                -89.7095     -90.3659     -89.5472     -90.1916     -86.6760
                -87.6673     -86.8811     -89.3126     -86.2713     -91.0713
                -82.6096     -88.6737     -86.6823     -88.8729     -90.6135
                -87.7947     -87.9616     -88.1897     -87.1401     -88.5937
                -88.8650     -85.2400     -87.1192     -85.7094     -89.3613
                -85.6641     -85.0571     -91.5528     -92.1036     -90.3451
   3      0     -89.0452     -87.7741     -84.0889     -90.6680     -88.8473
                -95.3394     -90.0568     -91.7662     -91.9469     -89.3578
                -88.8684     -88.7194     -93.0307     -91.3279     -94.7098
                -90.2742     -85.6428     -95.4317     -88.7833     -86.3132
                -89.4864     -90.3896     -89.4427     -89.9869     -86.6006
                -87.6754     -86.7876     -89.2364     -86.3120     -91.1280
                -82.5613     -88.5948     -86.4476     -88.7533     -90.5750
                -87.7481     -87.9323     -88.1613     -86.9370     -88.4293
                -88.9314     -85.2707     -86.9526     -85.4683     -89.3261
                -85.5002     -84.8547     -91.7288     -92.0814     -90.1442
   4      0     -89.2298     -87.8268     -84.2421     -90.7192     -88.8704
                -95.4573     -90.1908     -91.7395     -92.1303     -89.3131
                -88.9996     -88.8188     -93.2284     -91.6210     -95.0012
                -90.3227     -85.7024     -95.4549     -88.8749     -86.4500
                -89.6309     -90.4095     -89.5604     -90.0961     -86.5332
                -87.6138     -86.9333     -89.3686     -86.2896     -91.2676
                -82.4373     -88.8011     -86.6964     -88.8430     -90.6216
                -87.8672     -87.9027     -88.0632     -87.0219     -88.7118
                -89.0838     -85.2098     -86.9206     -85.4855     -89.3500
                -85.5590     -84.8577     -91.8709     -92.1588     -90.2965
   5      0     -88.8242     -87.5874     -83.9152     -90.4133     -88.4343
                -95.0893     -89.7166     -91.3685     -91.7225     -88.8713
                -88.6986     -88.4368     -92.8177     -91.0808     -94.5514
                -89.9163     -85.4312     -95.0871     -88.5186     -86.3270
                -89.1733     -90.1962     -89.0873     -89.7090     -86.1270
                -87.1927     -86.4855     -89.1617     -85.9543     -90.8690
                -82.0535     -88.3428     -86.0041     -88.6062     -90.1929
                -87.3863     -87.6190     -87.7437     -86.6305     -88.3578
                -88.6472     -84.8262     -86.4069     -85.1433     -88.9000
                -85.1951     -84.5661     -91.4533     -91.9563     -89.8093
   5     60     -89.1493     -87.9120     -84.2389     -90.7386     -88.7599
                -95.4096     -90.0407     -91.6933     -92.0482     -89.1960
                -89.0236     -88.7607     -93.1385     -91.4001     -94.8694
                -90.2371     -85.7528     -95.4058     -88.8437     -86.6517
                -89.4985     -90.5219     -89.4122     -90.0345     -86.4507
                -87.5180     -86.8103     -89.4862     -86.2781     -91.1942
                -82.3762     -88.6681     -86.3284     -88.9309     -90.5184
                -87.7108     -87.9442     -88.0688     -86.9551     -88.6833
                -88.9723     -85.1505     -86.7308     -85.4670     -89.2254
                -85.5196     -84.8897     -91.7767     -92.2762     -90.1297
   5     80     -91.9007     -90.6538     -86.9743     -93.4923     -91.5099
                -98.1218     -92.7848     -94.4391     -94.8062     -91.9407
                -91.7738     -91.5040     -95.8576     -94.1044     -97.5638
                -92.9523     -88.4739     -98.1109     -91.5909     -89.4009
                -92.2508     -93.2741     -92.1554     -92.7869     -89.1863
                -90.2663     -89.5587     -92.2318     -89.0152     -93.9371
                -85.1002     -91.4181     -89.0719     -91.6761     -93.2728
                -90.4545     -90.6963     -90.8204     -89.6994     -91.4317
                -91.7258     -87.8899     -89.4673     -88.2009     -91.9804
                -88.2615     -87.6223     -94.5200     -94.9878     -92.8478
   5    100     -99.6530     -98.3733     -94.6779    -101.2618     -99.2526
               -105.7971    -100.5241    -102.1778    -102.5797     -99.6741
                -99.5254     -99.2485    -103.5501    -101.7550    -105.2017
               -100.6236     -96.1568    -105.7795     -99.3266     -97.1470
               -100.0114    -101.0243     -99.8766    -100.5354     -96.8852
                -98.0013     -97.3021     -99.9670     -96.7235    -101.6572
                -92.7625     -99.1633     -96.8026     -99.4068    -101.0334
                -98.1769     -98.4510     -98.5711     -97.4298     -99.1628
                -99.4894     -95.6007     -97.1753     -95.8988     -99.7456
                -95.9811     -95.3152    -102.2679    -102.6618    -100.5444
 
 group  inft   Estimated free energy: 1-th solvent contribution (kcal/mol)
   1      0     -86.2037     -81.4532     -81.6566     -83.5910     -83.0915
                -84.7378     -82.4111     -84.8256     -82.1969     -84.3825
                -85.0002     -82.0612     -84.2937     -85.4541     -84.1045
                -83.4881     -77.8518     -82.3268     -85.3314     -80.9129
                -81.9077     -83.2517     -82.7816     -82.3908     -84.4223
                -81.2663     -84.6140     -82.8443     -82.5097     -85.7556
                -83.7608     -83.0619     -84.3135     -81.2917     -83.3151
                -83.6798     -82.4960     -82.1258     -84.8599     -82.2197
                -86.3560     -81.2206     -84.0606     -84.0271     -84.4659
                -82.7240     -81.7590     -83.8066     -85.7792     -84.0306
   1     60     -86.2123     -81.4619     -81.6654     -83.5997     -83.1001
                -84.7463     -82.4200     -84.8341     -82.2055     -84.3912
                -85.0087     -82.0699     -84.3022     -85.4626     -84.1129
                -83.4966     -77.8606     -82.3353     -85.3398     -80.9217
                -81.9164     -83.2603     -82.7901     -82.3994     -84.4306
                -81.2751     -84.6227     -82.8528     -82.5184     -85.7641
                -83.7695     -83.0706     -84.3222     -81.3003     -83.3236
                -83.6884     -82.5048     -82.1345     -84.8685     -82.2283
                -86.3647     -81.2293     -84.0692     -84.0356     -84.4746
                -82.7325     -81.7676     -83.8152     -85.7876     -84.0393
   1     80     -86.2969     -81.5464     -81.7510     -83.6844     -83.1842
                -84.8292     -82.5062     -84.9181     -82.2898     -84.4759
                -85.0924     -82.1545     -84.3855     -85.5458     -84.1958
                -83.5793     -77.9463     -82.4180     -85.4228     -81.0074
                -82.0006     -83.3446     -82.8737     -82.4837     -84.5125
                -81.3609     -84.7078     -82.9365     -82.6027     -85.8470
                -83.8540     -83.1551     -84.4065     -81.3841     -83.4071
                -83.7720     -82.5901     -82.2195     -84.9524     -82.3128
                -86.4498     -81.3132     -84.1531     -84.1194     -84.5598
                -82.8158     -81.8519     -83.8993     -85.8695     -84.1240
   1    100     -86.6272     -81.8743     -82.0818     -84.0154     -83.5138
                -85.1545     -82.8403     -85.2462     -82.6168     -84.8066
                -85.4201     -82.4827     -84.7129     -85.8721     -84.5214
                -83.9056     -78.2749     -82.7401     -85.7487     -81.3371
                -82.3291     -83.6735     -83.2021     -82.8108     -84.8358
                -81.6940     -85.0395     -83.2643     -82.9318     -86.1738
                -84.1818     -83.4853     -84.7349     -81.7107     -83.7351
                -84.1000     -82.9208     -82.5500     -85.2799     -82.6411
                -86.7816     -81.6376     -84.4845     -84.4488     -84.8903
                -83.1402     -82.1799     -84.2293     -86.1923     -84.4552
   2      0     -86.1127     -81.3704     -81.5101     -83.4432     -82.9690
                -84.6772     -82.3376     -84.7148     -82.0911     -84.2116
                -84.8470     -81.9403     -84.2086     -85.3518     -84.0605
                -83.4199     -77.4085     -82.1876     -85.2710     -80.7510
                -81.7272     -83.0929     -82.6975     -82.2149     -84.3399
                -81.1022     -84.4588     -82.7523     -82.3532     -85.6934
                -83.6050     -82.9825     -84.1520     -81.1817     -83.2033
                -83.6319     -82.3364     -81.9973     -84.7191     -82.0557
                -86.2255     -81.0563     -83.9849     -83.9111     -84.3421
                -82.5829     -81.6181     -83.7248     -85.7693     -83.8746
   3      0     -85.9159     -81.2036     -81.2236     -83.2859     -82.7304
                -84.4410     -82.1300     -84.5652     -81.8895     -84.0079
                -84.6889     -81.7329     -84.0203     -85.1500     -83.8471
                -83.1875     -77.1960     -81.9675     -85.0467     -80.5686
                -81.4530     -82.9175     -82.5276     -81.9905     -84.1287
                -80.8844     -84.1993     -82.5330     -82.1653     -85.4880
                -83.3838     -82.7389     -83.9495     -80.9543     -83.0246
                -83.4609     -82.1163     -81.8288     -84.5182     -81.8572
                -86.0166     -80.8454     -83.7683     -83.6638     -84.1394
                -82.3941     -81.3600     -83.5777     -85.5687     -83.6740
   4      0     -86.3182     -81.5347     -81.7536     -83.5904     -83.2600
                -85.0003     -82.6211     -84.8922     -82.3155     -84.4472
                -85.0737     -82.1422     -84.4184     -85.6557     -84.3935
                -83.8117     -77.4809     -82.4801     -85.5197     -80.9929
                -82.0194     -83.3090     -83.0393     -82.4717     -84.6311
                -81.3087     -84.7802     -82.9599     -82.5174     -85.9305
                -83.7883     -83.2888     -84.4088     -81.4384     -83.5028
                -83.9413     -82.4956     -82.2550     -84.9188     -82.1816
                -86.4772     -81.2867     -84.3583     -84.1575     -84.6055
                -82.7967     -81.8353     -83.9282     -86.0724     -84.1216
   5      0     -85.8152     -81.1223     -81.3056     -83.1902     -82.7654
                -84.5300     -82.0531     -84.4366     -81.8262     -84.0061
                -84.6540     -81.7020     -83.9298     -85.1070     -83.8807
                -83.2156     -77.1198     -82.0426     -85.0799     -80.6562
                -81.4831     -82.9508     -82.5435     -82.0416     -84.1137
                -80.7778     -84.2307     -82.6482     -82.0541     -85.4510
                -83.3003     -82.7193     -83.7647     -81.0121     -82.9951
                -83.4240     -82.0890     -81.8054     -84.4685     -81.8140
                -85.9762     -80.8172     -83.8259     -83.7298     -84.0798
                -82.3605     -81.4512     -83.4917     -85.6848     -83.6183
   5     60     -85.8269     -81.1340     -81.3175     -83.2019     -82.7770
                -84.5415     -82.0649     -84.4482     -81.8379     -84.0178
                -84.6656     -81.7137     -83.9413     -85.1185     -83.8921
                -83.2271     -77.1318     -82.0542     -85.0913     -80.6682
                -81.4948     -82.9624     -82.5549     -82.0533     -84.1250
                -80.7896     -84.2424     -82.6596     -82.0658     -85.4624
                -83.3120     -82.7309     -83.7764     -81.0237     -83.0066
                -83.4356     -82.1008     -81.8172     -84.4802     -81.8257
                -85.9879     -80.8289     -83.8374     -83.7412     -84.0916
                -82.3720     -81.4628     -83.5032     -85.6961     -83.6300
   5     80     -85.9351     -81.2421     -81.4267     -83.3102     -82.8850
                -84.6478     -82.1743     -84.5564     -81.9461     -84.1263
                -84.7733     -81.8222     -84.0481     -85.2257     -83.9986
                -83.3337     -77.2409     -82.1608     -85.1982     -80.7782
                -81.6024     -83.0706     -82.6616     -82.1617     -84.2307
                -80.8987     -84.3508     -82.7668     -82.1739     -85.5692
                -83.4208     -82.8386     -83.8845     -81.1314     -83.1140
                -83.5433     -82.2100     -81.9260     -84.5882     -81.9335
                -86.0962     -80.9370     -83.9449     -83.8485     -84.2006
                -82.4793     -81.5710     -83.6110     -85.8018     -83.7380
   5    100     -86.2395     -81.5452     -81.7318     -83.6154     -83.1895
                -84.9482     -82.4802     -84.8612     -82.2487     -84.4315
                -85.0770     -82.1261     -84.3511     -85.5290     -84.3006
                -83.6358     -77.5438     -82.4607     -85.5002     -81.0844
                -81.9046     -83.3749     -82.9628     -82.4647     -84.5305
                -81.2039     -84.6553     -83.0690     -82.4777     -85.8716
                -83.7251     -83.1412     -84.1878     -81.4337     -83.4178
                -83.8477     -82.5154     -82.2310     -84.8920     -82.2355
                -86.4001     -81.2389     -84.2498     -84.1514     -84.5057
                -82.7804     -81.8748     -83.9152     -86.1014     -84.0421
 
 group  inft   Estimated free energy: 2-th solvent contribution (kcal/mol)
   1      0     -33.4969     -37.3803     -32.0042     -40.2490     -37.1874
                -66.6053     -42.6653     -42.1995     -44.4371     -37.0640
                -36.2545     -42.3869     -57.7030     -59.1467     -69.0017
                -51.7844     -49.5734     -70.7294     -34.2522     -35.3591
                -41.2466     -43.1508     -39.2140     -41.6848     -34.4619
                -38.9787     -33.6655     -40.3928     -32.9788     -38.4245
                -27.4922     -35.8125     -33.6537     -40.1273     -40.5785
                -33.1553     -37.2736     -36.0120     -34.9092     -46.2312
                -34.8882     -36.5353     -33.9826     -33.9488     -37.1655
                -33.6634     -33.8426     -38.4981     -37.5952     -36.4121
   1     60     -33.4825     -37.3653     -31.9885     -40.2349     -37.1720
                -66.5909     -42.6508     -42.1851     -44.4235     -37.0492
                -36.2404     -42.3727     -57.6888     -59.1321     -68.9871
                -51.7690     -49.5587     -70.7160     -34.2373     -35.3444
                -41.2326     -43.1366     -39.1992     -41.6706     -34.4468
                -38.9640     -33.6510     -40.3785     -32.9634     -38.4096
                -27.4754     -35.7975     -33.6389     -40.1125     -40.5644
                -33.1400     -37.2594     -35.9974     -34.8944     -46.2167
                -34.8740     -36.5201     -33.9674     -33.9334     -37.1515
                -33.6484     -33.8270     -38.4837     -37.5797     -36.3971
   1     80     -33.4052     -37.2835     -31.9030     -40.1639     -37.0924
                -66.5189     -42.5747     -42.1106     -44.3532     -36.9705
                -36.1653     -42.2980     -57.6150     -59.0553     -68.9117
                -51.6885     -49.4816     -70.6487     -34.1564     -35.2660
                -41.1592     -43.0628     -39.1188     -41.5960     -34.3635
                -38.8852     -33.5735     -40.3025     -32.8791     -38.3296
                -27.3835     -35.7170     -33.5583     -40.0333     -40.4907
                -33.0573     -37.1829     -35.9193     -34.8141     -46.1411
                -34.8006     -36.4382     -33.8835     -33.8481     -37.0779
                -33.5658     -33.7423     -38.4094     -37.4977     -36.3166
   1    100     -33.1344     -36.9898     -31.5901     -39.9236     -36.8063
                -66.2687     -42.3076     -41.8510     -44.1163     -36.6917
                -35.9055     -42.0370     -57.3589     -58.7824     -68.6462
                -51.4015     -49.2068     -70.4240     -33.8667     -34.9876
                -40.9061     -42.8075     -38.8306     -41.3368     -34.0621
                -38.6050     -33.2998     -40.0355     -32.5730     -38.0425
                -27.0396     -35.4285     -33.2719     -39.7500     -40.2363
                -32.7586     -36.9141     -35.6443     -34.5270     -45.8782
                -34.5481     -36.1392     -33.5786     -33.5363     -36.8244
                -33.2669     -33.4321     -38.1526     -37.2025     -36.0282
   2      0     -34.2495     -37.6325     -32.4518     -40.8529     -38.1343
                -67.1510     -43.4454     -42.9570     -44.8264     -37.9489
                -37.1646     -43.0282     -58.5301     -60.1338     -69.9538
                -52.3672     -50.1578     -71.5281     -34.8947     -35.9024
                -42.1073     -43.7641     -39.9621     -42.4131     -34.6783
                -39.2186     -34.0609     -40.9598     -33.6063     -38.9728
                -27.3602     -36.5282     -34.4599     -40.5392     -40.9519
                -33.7039     -38.0543     -36.6337     -35.3226     -47.0479
                -35.6904     -37.0024     -34.2740     -34.1075     -37.5642
                -33.9568     -34.3072     -39.4519     -37.9978     -37.1606
   3      0     -34.4924     -37.7956     -32.4912     -41.0515     -38.0347
                -67.2535     -43.5403     -43.1208     -45.0131     -38.0135
                -37.2189     -43.3308     -58.7762     -60.2808     -70.0336
                -52.4585     -50.4403     -71.6331     -35.0101     -36.1145
                -42.1608     -43.9679     -40.0315     -42.4535     -34.8262
                -39.4504     -34.2414     -41.1286     -33.8377     -39.2531
                -27.5158     -36.6869     -34.4544     -40.6516     -41.0925
                -33.8186     -38.2527     -36.7704     -35.3382     -47.0761
                -35.9778     -37.2396     -34.3381     -34.1372     -37.7296
                -33.9771     -34.3452     -39.7866     -38.1664     -37.1792
   4      0     -34.2589     -37.5069     -32.1284     -40.8106     -37.5404
                -66.7688     -43.1632     -42.7424     -44.7506     -37.5185
                -36.9565     -43.0021     -58.5776     -60.0531     -69.7637
                -51.8930     -50.1911     -71.1234     -34.6266     -35.8237
                -41.6987     -43.5663     -39.6300     -42.0299     -34.2324
                -38.9517     -33.7675     -40.8066     -33.4577     -38.9171
                -26.9986     -36.3402     -34.1970     -40.2523     -40.6508
                -33.4858     -37.8322     -36.2551     -34.9961     -47.0090
                -35.6493     -36.7153     -33.6853     -33.6340     -37.2667
                -33.6337     -33.8763     -39.5472     -37.7301     -36.8451
   5      0     -34.3247     -37.6324     -32.2041     -40.8791     -37.5542
                -66.8570     -43.2374     -42.7989     -44.8026     -37.5015
                -37.0382     -43.0138     -58.5956     -60.0240     -69.7845
                -52.0358     -50.2701     -71.1728     -34.6804     -36.0137
                -41.7656     -43.6714     -39.6188     -42.0397     -34.2791
                -39.0081     -33.8420     -40.8899     -33.5514     -38.9660
                -27.0623     -36.4051     -34.1472     -40.4033     -40.6692
                -33.4729     -37.9079     -36.3325     -35.0325     -46.9950
                -35.6980     -36.7647     -33.6923     -33.6955     -37.2940
                -33.6659     -33.9130     -39.5447     -37.8612     -36.8344
   5     60     -34.3160     -37.6235     -32.1946     -40.8713     -37.5457
                -66.8488     -43.2289     -42.7908     -44.7945     -37.4929
                -37.0299     -43.0053     -58.5872     -60.0153     -69.7761
                -52.0268     -50.2613     -71.1650     -34.6716     -36.0050
                -41.7573     -43.6634     -39.6102     -42.0315     -34.2699
                -38.9994     -33.8333     -40.8815     -33.5422     -38.9577
                -27.0522     -36.3963     -34.1383     -40.3947     -40.6610
                -33.4638     -37.8994     -36.3237     -35.0236     -46.9865
                -35.6897     -36.7559     -33.6830     -33.6861     -37.2856
                -33.6567     -33.9038     -39.5363     -37.8521     -36.8254
   5     80     -34.2312     -37.5312     -32.0972     -40.7947     -37.4570
                -66.7690     -43.1452     -42.7085     -44.7176     -37.4054
                -36.9478     -42.9231     -58.5069     -59.9307     -69.6936
                -51.9379     -50.1754     -71.0921     -34.5815     -35.9180
                -41.6767     -43.5827     -39.5202     -41.9488     -34.1753
                -38.9104     -33.7471     -40.7967     -33.4473     -38.8698
                -26.9456     -36.3075     -34.0480     -40.3055     -40.5800
                -33.3708     -37.8156     -36.2367     -34.9326     -46.9035
                -35.6103     -36.6638     -33.5865     -33.5878     -37.2039
                -33.5622     -33.8074     -39.4564     -37.7605     -36.7354
   5    100     -34.0071     -37.2803     -31.8258     -40.5987     -37.2144
                -66.5595     -42.9241     -42.4917     -44.5213     -37.1701
                -36.7331     -42.7062     -58.2961     -59.7034     -69.4746
                -51.6963     -49.9443     -70.9077     -34.3371     -35.6841
                -41.4673     -43.3703     -39.2745     -41.7298     -33.9141
                -38.6705     -33.5163     -40.5708     -33.1860     -38.6307
                -26.6403     -36.0679     -33.8050     -40.0644     -40.3673
                -33.1155     -37.5935     -36.0043     -34.6853     -46.6828
                -35.4053     -36.4097     -33.3189     -33.3137     -36.9899
                -33.3022     -33.5387     -39.2482     -37.5095     -36.4893
 
 group  inft   Estimated free energy: 3-th solvent contribution (kcal/mol)
   1      0      31.3351      31.1791      29.5918      33.6181      31.8768
                 56.3335      35.5804      35.8883      34.9034      32.6051
                 32.9949      36.3033      49.7312      54.0777      59.1384
                 45.3407      41.9515      58.1070      31.2449      30.3376
                 34.1075      36.4621      33.0870      34.3978      32.3153
                 32.6105      31.6042      34.3488      29.6552      33.5666
                 28.2998      30.7740      31.8927      32.7946      33.5036
                 29.4992      32.3959      30.3995      32.8720      40.4640
                 33.0230      32.7471      31.0827      32.2690      32.4764
                 30.8243      30.8056      31.5767      31.6378      30.6699
   1     60      31.1021      30.9463      29.3594      33.3855      31.6434
                 56.1042      35.3482      35.6557      34.6704      32.3724
                 32.7621      36.0714      49.5012      53.8492      58.9108
                 45.1103      41.7212      57.8793      31.0118      30.1050
                 33.8745      36.2292      32.8541      34.1648      32.0827
                 32.3773      31.3715      34.1161      29.4228      33.3335
                 28.0674      30.5407      31.6599      32.5619      33.2703
                 29.2662      32.1629      30.1662      32.6391      40.2307
                 32.7904      32.5145      30.8498      32.0364      32.2433
                 30.5913      30.5734      31.3451      31.4080      30.4402
   1     80      28.9182      28.7635      27.1784      31.2051      29.4567
                 53.9543      33.1709      33.4768      32.4859      30.1905
                 30.5803      33.8956      47.3446      51.7021      56.7723
                 42.9498      39.5600      55.7404      28.8256      27.9216
                 31.6925      34.0473      30.6698      31.9812      29.9004
                 30.1920      29.1886      31.9357      27.2423      31.1514
                 25.8882      28.3536      29.4771      30.3783      31.0864
                 27.0799      29.9792      27.9802      30.4553      38.0488
                 30.6088      30.3338      28.6672      29.8544      30.0582
                 28.4051      28.3949      29.1705      29.2484      28.2785
   1    100      20.6443      20.4930      18.9042      22.9406      21.1701
                 45.7768      24.9133      25.2218      24.2134      21.9243
                 22.3137      25.6345      39.1480      43.5356      48.6250
                 34.7414      31.3495      47.5960      20.5451      19.6431
                 23.4233      25.7873      22.3999      23.7134      21.6380
                 21.9186      20.9155      23.6748      18.9756      22.8927
                 17.6221      20.0672      21.2013      22.1024      22.8153
                 18.8012      21.7056      19.6973      22.1766      29.7951
                 22.3419      22.0679      20.3927      21.5812      21.7777
                 20.1205      20.1344      20.9175      21.0254      20.0433
   2      0      31.3702      31.2253      29.6306      33.6765      31.9213
                 56.3611      35.6162      35.9271      34.9475      32.6793
                 33.0340      36.3437      49.7746      54.1097      59.1692
                 45.3744      41.9822      58.1550      31.2904      30.3844
                 34.1273      36.4933      33.1146      34.4387      32.3444
                 32.6556      31.6407      34.4018      29.6904      33.5972
                 28.3579      30.8393      31.9318      32.8501      33.5439
                 29.5433      32.4314      30.4436      32.9038      40.5122
                 33.0532      32.8209      31.1420      32.3114      32.5472
                 30.8778      30.8704      31.6262      31.6658      30.6923
   3      0      31.3654      31.2273      29.6281      33.6716      31.9200
                 56.3573      35.6158      35.9220      34.9579      32.6659
                 33.0417      36.3465      49.7681      54.1050      59.1731
                 45.3740      41.9958      58.1712      31.2757      30.3722
                 34.1296      36.4980      33.1187      34.4593      32.3566
                 32.6616      31.6553      34.4275      29.6932      33.6154
                 28.3405      30.8333      31.9586      32.8548      33.5443
                 29.5336      32.4389      30.4401      32.9217      40.5062
                 33.0652      32.8165      31.1560      32.3349      32.5451
                 30.8732      30.8526      31.6377      31.6559      30.7111
   4      0      31.3496      31.2170      29.6422      33.6840      31.9323
                 56.3139      35.5957      35.8973      34.9380      32.6549
                 33.0329      36.3277      49.7697      54.0901      59.1583
                 45.3843      41.9718      58.1509      31.2736      30.3689
                 34.0894      36.4679      33.1112      34.4078      32.3325
                 32.6489      31.6166      34.4002      29.6878      33.5823
                 28.3518      30.8302      31.9115      32.8500      33.5343
                 29.5621      32.4274      30.4490      32.8952      40.4811
                 33.0450      32.7944      31.1253      32.3083      32.5245
                 30.8735      30.8562      31.6068      31.6459      30.6724
   5      0      31.3179      31.1695      29.5967      33.6582      31.8876
                 56.2999      35.5761      35.8692      34.9085      32.6386
                 32.9958      36.2811      49.7100      54.0524      59.1160
                 45.3374      41.9609      58.1306      31.2439      30.3452
                 34.0776      36.4283      33.0773      34.3746      32.2681
                 32.5955      31.5895      34.3785      29.6535      33.5502
                 28.3113      30.7838      31.9101      32.8115      33.4736
                 29.5129      32.3802      30.3964      32.8728      40.4534
                 33.0292      32.7579      31.1135      32.2842      32.4761
                 30.8335      30.8002      31.5853      31.5920      30.6456
   5     60      30.9958      30.8476      29.2755      33.3368      31.5650
                 55.9829      35.2554      35.5479      34.5865      32.3169
                 32.6740      35.9606      49.3922      53.7360      58.8011
                 45.0191      41.6425      57.8156      30.9215      30.0236
                 33.7558      36.1062      32.7552      34.0525      31.9465
                 32.2733      31.2676      34.0571      29.3321      33.2282
                 27.9902      30.4614      31.5885      32.4897      33.1514
                 29.1907      32.0582      30.0743      32.5509      40.1311
                 32.7075      32.4366      30.7918      31.9626      32.1541
                 30.5114      30.4792      31.2651      31.2743      30.3279
   5     80      28.2679      28.1217      26.5519      30.6149      28.8344
                 53.2972      32.5370      32.8280      31.8597      29.5932
                 29.9495      33.2436      46.6996      51.0542      56.1306
                 42.3216      38.9447      55.1441      28.1910      27.2975
                 31.0305      33.3814      30.0286      31.3258      29.2219
                 29.5451      28.5415      31.3339      26.6083      30.5040
                 25.2684      27.7302      28.8628      29.7629      30.4235
                 26.4618      29.3315      27.3446      29.8237      37.4075
                 29.9829      29.7132      28.0663      29.2376      29.4263
                 27.7821      27.7583      28.5496      28.5767      27.6278
   5    100      20.5959      20.4544      18.8820      22.9545      21.1535
                 45.7129      24.8824      25.1774      24.1924      21.9298
                 22.2869      25.5861      39.0993      43.4796      48.5758
                 34.7108      31.3336      47.5911      20.5129      19.6237
                 23.3627      25.7231      22.3629      23.6613      21.5616
                 21.8754      20.8717      23.6750      18.9424      22.8474
                 17.6052      20.0480      21.1924      22.0935      22.7539
                 18.7886      21.6601      19.6665      22.1497      29.7577
                 22.3183      22.0501      20.3957      21.5685      21.7523
                 20.1037      20.1005      20.8976      20.9513      19.9893
 
 
 cumulative average & 95% error for solvation free energy
              total             1st component         2nd component         3rd component
  1   -89.0452              -85.9159              -34.4924               31.3654
  2   -88.4096     1.2710   -83.5598     4.7124   -36.1440     3.3033    31.2963     0.1381
  3   -86.9694     2.9725   -82.7810     3.1349   -34.9264     3.0931    30.7403     1.1150
  4   -87.8940     2.7996   -82.9073     2.2311   -36.4577     3.7634    31.4731     1.6643
  5   -88.0847     2.2019   -82.8719     1.7296   -36.7731     2.9826    31.5625     1.3015
  6   -89.2938     3.0133   -83.1334     1.5060   -41.8531    10.4479    35.6949     8.3330
  7   -89.4028     2.5560   -82.9901     1.3047   -42.0942     8.8433    35.6836     7.0427
  8   -89.6982     2.2911   -83.1870     1.1965   -42.2225     7.6628    35.7134     6.0994
  9   -89.9481     2.0814   -83.0428     1.0939   -42.5326     6.7863    35.6295     5.3818
 10   -89.8891     1.8654   -83.1393     0.9973   -42.0806     6.1368    35.3331     4.8500
 11   -89.7963     1.6975   -83.2802     0.9451   -41.6387     5.6209    35.1248     4.4067
 12   -89.7065     1.5600   -83.1512     0.9004   -41.7797     5.1389    35.2266     4.0279
 13   -89.9622     1.5234   -83.2181     0.8390   -43.0871     5.4021    36.3452     4.3282
 14   -90.0598     1.4238   -83.3561     0.8243   -44.3152     5.5720    37.6138     4.7428
 15   -90.3698     1.4633   -83.3888     0.7702   -46.0298     6.2182    39.0510     5.2686
 16   -90.3638     1.3689   -83.3762     0.7209   -46.4316     5.8719    39.4462     4.9913
 17   -90.0861     1.4006   -83.0127     0.9936   -46.6674     5.5358    39.5962     4.6981
 18   -90.3831     1.4480   -82.9546     0.9439   -48.0544     5.9106    40.6281     4.8866
 19   -90.2989     1.3800   -83.0647     0.9196   -47.3678     5.7570    40.1359     4.7260
 20   -90.0996     1.3685   -82.9399     0.9074   -46.8052     5.5763    39.6477     4.5885
 21   -90.0704     1.3030   -82.8691     0.8747   -46.5840     5.3225    39.3850     4.3961
 22   -90.0849     1.2427   -82.8713     0.8340   -46.4651     5.0804    39.2537     4.1997
 23   -90.0570     1.1887   -82.8564     0.7975   -46.1854     4.8866    38.9870     4.0483
 24   -90.0541     1.1381   -82.8203     0.7669   -46.0299     4.6889    38.7983     3.8942
 25   -89.9159     1.1261   -82.8726     0.7430   -45.5817     4.5859    38.5407     3.7706
 26   -89.8298     1.0956   -82.7962     0.7301   -45.3459     4.4311    38.3146     3.6508
 27   -89.7171     1.0780   -82.8481     0.7101   -44.9346     4.3425    38.0679     3.5474
 28   -89.6999     1.0394   -82.8369     0.6847   -44.7987     4.1933    37.9379     3.4283
 29   -89.5831     1.0297   -82.8137     0.6623   -44.4207     4.1162    37.6536     3.3565
 30   -89.6346     1.0001   -82.9029     0.6642   -44.2485     3.9915    37.5190     3.2538
 31   -89.4064     1.0696   -82.9184     0.6432   -43.7087     4.0087    37.2229     3.2023
 32   -89.3810     1.0369   -82.9128     0.6228   -43.4893     3.9061    37.0232     3.1262
 33   -89.2922     1.0205   -82.9442     0.6069   -43.2155     3.8253    36.8698     3.0455
 34   -89.2763     0.9906   -82.8857     0.6003   -43.1401     3.7141    36.7517     2.9640
 35   -89.3134     0.9647   -82.8896     0.5830   -43.0816     3.6084    36.6600     2.8839
 36   -89.2699     0.9416   -82.9055     0.5674   -42.8243     3.5443    36.4621     2.8305
 37   -89.2338     0.9186   -82.8842     0.5535   -42.7007     3.4560    36.3533     2.7615
 38   -89.2056     0.8959   -82.8564     0.5416   -42.5447     3.3783    36.1977     2.7058
 39   -89.1474     0.8803   -82.8990     0.5344   -42.3599     3.3112    36.1137     2.6409
 40   -89.1294     0.8588   -82.8730     0.5235   -42.4778     3.2359    36.2235     2.5834
 41   -89.1246     0.8377   -82.9496     0.5331   -42.3193     3.1719    36.1465     2.5243
 42   -89.0328     0.8378   -82.8995     0.5298   -42.1983     3.1049    36.0672     2.4685
 43   -88.9845     0.8238   -82.9197     0.5189   -42.0155     3.0538    35.9530     2.4212
 44   -88.9046     0.8206   -82.9366     0.5081   -41.8365     3.0050    35.8708     2.3713
 45   -88.9139     0.8023   -82.9634     0.4995   -41.7452     2.9431    35.7969     2.3227
 46   -88.8397     0.7986   -82.9510     0.4892   -41.5763     2.8982    35.6898     2.2817
 47   -88.7549     0.7996   -82.9171     0.4834   -41.4225     2.8525    35.5869     2.2421
 48   -88.8169     0.7925   -82.9309     0.4741   -41.3884     2.7933    35.5046     2.2011
 49   -88.8835     0.7876   -82.9847     0.4766   -41.3226     2.7388    35.4261     2.1614
 50   -88.9087     0.7733   -82.9985     0.4678   -41.2398     2.6886    35.3318     2.1261
 
 Mesh error is    0.354 kcal/mol
