 ERmod 0.3.8, Copyright (C) 2000-2019 Nobuyuki Matubayasi
                            2010-2019 Shun Sakuraba
 ERmod comes with ABSOLUTELY NO WARRANTY.
 This is free software, and you can redistribute it
 and/or modify it under certain conditions.
 See LICENSE file for details.
 ERmod 0.3.8, Copyright (C) 2000-2019 Nobuyuki Matubayasi
                            2010-2019 Shun Sakuraba
 ERmod comes with ABSOLUTELY NO WARRANTY.
 This is free software, and you can redistribute it
 and/or modify it under certain conditions.
 See LICENSE file for details.
 
  Number of the   1-th solvent  =          368
  Number of the   2-th solvent  =          368
  Number of the   3-th solvent  =        10000
 
  Be sure that the solvent distribution is homogeneous (radial distribution function is essentially unity) when the solvent molecule is separated beyond distance of   10.0 Angstrom in any direction from any atom within the solute molecule
 
  LJ long-range correction    =        -0.6509     -0.1232     -7.4645
 
  Self-energy of the solute   =        -0.0148  kcal/mol
 
 
 cumulative average & 95% error for solvation energy
              total             1st component         2nd component         3rd component
  1  -526.7277             -105.2120             -124.4343             -297.0666
  2  -526.6147     0.2258  -104.3286     1.7668  -124.2604     0.3476  -298.0109     1.8886
  3  -526.8032     0.3988  -103.4935     1.9571  -127.2023     5.8871  -296.0926     3.9886
  4  -526.5345     0.6067  -102.4379     2.5244  -126.1917     4.6276  -297.8902     4.5694
  5  -526.0523     1.0729  -102.3895     1.9577  -123.5457     6.3918  -300.1023     5.6659
  6  -526.0234     0.8779  -102.3630     1.5994  -123.2156     5.2604  -300.4300     4.6724
  7  -526.6801     1.5085  -102.0363     1.5014  -128.1707    10.8618  -296.4584     8.8707
  8  -526.7167     1.3085  -102.3114     1.4119  -127.5468     9.4890  -296.8437     7.7208
  9  -526.3204     1.3999  -102.2088     1.2620  -124.7376    10.0795  -299.3592     8.4661
 10  -526.3471     1.2533  -103.3441     2.5356  -123.3887     9.4104  -299.5995     7.5875
 11  -526.5775     1.2237  -103.6926     2.3971  -124.4803     8.7876  -298.3899     7.2771
 12  -526.4661     1.1391  -103.5361     2.2105  -124.0901     8.0598  -298.8252     6.6998
 13  -526.2159     1.1612  -102.6716     2.6691  -123.4717     7.5163  -300.0578     6.6377
 14  -526.3045     1.0896  -102.9086     2.5162  -124.1445     7.0877  -299.2366     6.3610
 15  -526.1533     1.0584  -103.0107     2.3513  -123.1963     6.8654  -299.9316     6.0827
 16  -526.1435     0.9903  -103.0261     2.1997  -122.9702     6.4379  -300.1325     5.7040
 17  -526.1257     0.9309  -102.8501     2.0960  -122.8443     6.0526  -300.4164     5.3880
 18  -526.2243     0.8995  -102.7256     1.9917  -123.3860     5.8083  -300.0979     5.1196
 19  -526.1242     0.8741  -102.5743     1.9081  -122.7073     5.6593  -300.8278     5.0579
 20  -526.0605     0.8390  -102.6572     1.8178  -122.1828     5.4704  -301.2056     4.8575
 21  -526.1373     0.8127  -102.3290     1.8494  -123.0929     5.5125  -300.7006     4.7295
 22  -526.1720     0.7780  -102.4780     1.7884  -123.1840     5.2592  -300.4952     4.5281
 23  -526.2929     0.7817  -101.8836     2.0817  -124.4339     5.6127  -299.9606     4.4569
 24  -526.3890     0.7727  -102.0798     2.0313  -124.8097     5.4260  -299.4847     4.3720
 25  -526.3830     0.7413  -102.6965     2.3060  -124.0012     5.4499  -299.6706     4.2099
 26  -526.3430     0.7167  -102.7667     2.2200  -123.7505     5.2600  -299.8110     4.0545
 27  -526.3933     0.6969  -102.3996     2.2588  -124.6218     5.3531  -299.3571     4.0056
 28  -526.3129     0.6906  -102.3657     2.1777  -124.0714     5.2745  -299.8611     3.9893
 29  -526.2431     0.6808  -102.6582     2.1812  -123.2161     5.3692  -300.3541     3.9736
 30  -526.2427     0.6577  -102.4070     2.1663  -123.5002     5.2182  -300.3207     3.8394
 31  -526.3202     0.6548  -102.4390     2.0962  -124.1113     5.1929  -299.7552     3.8819
 32  -526.3687     0.6413  -101.9807     2.2270  -124.8442     5.2373  -299.5290     3.7858
 33  -526.4233     0.6311  -101.8562     2.1728  -125.4151     5.2030  -299.1373     3.7520
 34  -526.4529     0.6151  -101.7701     2.1149  -125.6467     5.0688  -299.0214     3.6473
 35  -526.4605     0.5975  -101.8901     2.0676  -125.6348     4.9219  -298.9208     3.5473
 36  -526.4731     0.5812  -101.6837     2.0513  -125.6815     4.7841  -299.0932     3.4646
 37  -526.4536     0.5666  -101.7100     1.9958  -125.3825     4.6913  -299.3464     3.4074
 38  -526.4444     0.5518  -101.6616     1.9450  -125.2119     4.5789  -299.5562     3.3430
 39  -526.5267     0.5621  -101.8195     1.9206  -125.6665     4.5517  -299.0258     3.4245
 40  -526.5032     0.5499  -101.8242     1.8720  -125.4013     4.4681  -299.2629     3.3713
 41  -526.5626     0.5493  -101.7764     1.8282  -125.6134     4.3783  -299.1580     3.2948
 42  -526.5523     0.5365  -101.8880     1.7981  -125.4931     4.2796  -299.1564     3.2154
 43  -526.5539     0.5239  -102.1093     1.8107  -125.2376     4.2100  -299.1923     3.1405
 44  -526.5812     0.5147  -102.0553     1.7724  -125.5130     4.1500  -298.9981     3.0928
 45  -526.5467     0.5079  -101.9824     1.7387  -125.4024     4.0627  -299.1471     3.0380
 46  -526.4858     0.5114  -102.1075     1.7188  -124.8833     4.1068  -299.4803     3.0450
 47  -526.4613     0.5028  -102.0805     1.6827  -124.7663     4.0253  -299.5998     2.9891
 48  -526.4711     0.4926  -102.2623     1.6869  -124.5953     3.9554  -299.5987     2.9261
 49  -526.4232     0.4919  -102.5845     1.7733  -123.9262     4.0984  -299.8978     2.9275
 50  -526.3937     0.4855  -102.6179     1.7388  -123.6336     4.0580  -300.1274     2.9049
 
 
 group  inft  solvation free energy     error          difference
  total solvation free energy
   1      0        -91.61670           0.61729           0.34400
   1     60        -91.87287           0.61743           0.08783
   1     80        -94.35452           0.61817          -2.39382
   1    100       -103.25474           0.62088         -11.29404
   2      0        -91.76966           0.62379           0.19104
   3      0        -91.96070           0.62967           0.00000
   4      0        -91.82055           0.62785           0.14015
   5      0        -92.32386           0.62810          -0.36317
   5     60        -92.68509           0.62821          -0.72440
   5     80        -95.73898           0.62910          -3.77828
   5    100       -103.96164           0.63098         -12.00094
 
  contribution from  1-th solvent component
   1      0        -82.77697           0.92019          -0.45038
   1     60        -82.78577           0.92016          -0.45918
   1     80        -82.88336           0.92009          -0.55678
   1    100        -83.23138           0.92014          -0.90480
   2      0        -82.46223           0.93900          -0.13564
   3      0        -82.32659           0.94535           0.00000
   4      0        -82.41678           0.94828          -0.09019
   5      0        -82.60144           0.95308          -0.27486
   5     60        -82.61526           0.95306          -0.28867
   5     80        -82.73619           0.95299          -0.40960
   5    100        -83.05630           0.95314          -0.72972
 
  contribution from  2-th solvent component
   1      0        -21.49178           2.24830           0.80436
   1     60        -21.47520           2.24835           0.82093
   1     80        -21.42276           2.24901           0.87338
   1    100        -21.22481           2.25211           1.07133
   2      0        -21.98359           2.22764           0.31254
   3      0        -22.29614           2.21836           0.00000
   4      0        -22.07896           2.21664           0.21718
   5      0        -22.36015           2.21181          -0.06401
   5     60        -22.34777           2.21187          -0.05163
   5     80        -22.25071           2.21259           0.04543
   5    100        -22.06668           2.21498           0.22946
 
  contribution from  3-th solvent component
   1      0         12.66682           1.70319          -0.00998
   1     60         12.40288           1.70308          -0.27392
   1     80          9.96638           1.70309          -2.71043
   1    100          1.21624           1.70720         -11.46056
   2      0         12.69093           1.70289           0.01413
   3      0         12.67680           1.70256           0.00000
   4      0         12.68996           1.70270           0.01316
   5      0         12.65250           1.70305          -0.02430
   5     60         12.29271           1.70291          -0.38409
   5     80          9.26269           1.70310          -3.41411
   5    100          1.17612           1.70715         -11.50068
 
 
 group  inft   Estimated free energy: total (kcal/mol)
   1      0     -91.4589     -91.1152     -93.5110     -93.8939     -88.7954
                -90.8268     -92.1804     -92.1924     -87.9524     -93.3300
                -92.6878     -92.3421     -95.3910     -94.6354     -89.9278
                -91.9735     -92.5334     -92.1767     -88.1966     -89.8999
                -91.6527     -91.4545     -89.2044     -89.7240     -94.4895
                -92.2900     -94.4615     -88.4886     -88.1008     -92.1701
                -89.1448     -93.7842     -93.9192     -96.1046     -93.1380
                -91.8248     -91.2859     -91.0681     -92.0188     -91.7331
                -93.2540     -89.1432     -91.6114     -94.1836     -91.3731
                -88.0620     -94.4495     -92.0045     -86.7795     -88.8958
   1     60     -91.7155     -91.3711     -93.7686     -94.1502     -89.0505
                -91.0832     -92.4382     -92.4493     -88.2077     -93.5871
                -92.9445     -92.5995     -95.6458     -94.8916     -90.1834
                -92.2296     -92.7900     -92.4339     -88.4526     -90.1551
                -91.9096     -91.7110     -89.4612     -89.9798     -94.7456
                -92.5466     -94.7175     -88.7438     -88.3555     -92.4266
                -89.4002     -94.0413     -94.1752     -96.3618     -93.3939
                -92.0812     -91.5417     -91.3247     -92.2747     -91.9893
                -93.5109     -89.3981     -91.8669     -94.4403     -91.6293
                -88.3161     -94.7065     -92.2617     -87.0344     -89.1510
   1     80     -94.1976     -93.8496     -96.2535     -96.6360     -91.5266
                -93.5629     -94.9211     -94.9333     -90.6830     -96.0719
                -95.4281     -95.0900     -98.1182     -97.3733     -92.6630
                -94.7112     -95.2762     -94.9211     -90.9355     -92.6310
                -94.3954     -94.1964     -91.9456     -92.4568     -97.2250
                -95.0358     -97.1989     -91.2213     -90.8309     -94.9118
                -91.8763     -96.5323     -96.6586     -98.8482     -95.8708
                -94.5651     -94.0245     -93.8089     -94.7556     -94.4736
                -95.9964     -91.8736     -94.3410     -96.9228     -94.1122
                -90.7867     -97.1943     -94.7498     -89.5084     -91.6259
   1    100    -103.1027    -102.7169    -105.1667    -105.5545    -100.4208
               -102.4574    -103.7984    -103.8445     -99.5840    -104.9924
               -104.3167    -104.0212    -107.0425    -106.2722    -101.5661
               -103.6146    -104.2011    -103.8379     -99.8470    -101.5158
               -103.2928    -103.1027    -100.8412    -101.3257    -106.1347
               -103.9641    -106.0921    -100.1159     -99.7065    -103.8265
               -100.7276    -105.4444    -105.5424    -107.7762    -104.7505
               -103.4802    -102.9356    -102.7330    -103.6204    -103.3938
               -104.8993    -100.7379    -103.2137    -105.8231    -103.0233
                -99.6562    -106.1260    -103.6669     -98.3969    -100.5137
   2      0     -91.6693     -91.1333     -93.7505     -94.0755     -89.2421
                -90.9544     -92.1356     -92.2305     -87.7361     -93.4811
                -93.0428     -92.6770     -95.0287     -94.6435     -90.3002
                -92.2306     -92.9348     -92.1438     -88.4405     -90.0022
                -91.6698     -91.1874     -88.7064     -89.8108     -94.8232
                -92.7327     -94.6566     -88.1854     -88.6294     -92.5014
                -89.4489     -93.9286     -94.1448     -96.1618     -93.4853
                -92.1606     -91.4278     -90.8194     -92.2797     -92.1121
                -93.3886     -89.2793     -91.8379     -94.4206     -91.4011
                -88.4768     -94.6646     -92.3322     -86.6502     -89.3073
   3      0     -91.7833     -91.3467     -94.0338     -94.3489     -89.5317
                -91.2012     -92.2312     -92.4817     -87.5791     -93.6696
                -93.2101     -92.8195     -95.2683     -94.6920     -90.5827
                -92.5318     -93.0365     -92.1207     -88.7762     -90.0693
                -91.8643     -91.3174     -88.6931     -90.0574     -95.0879
                -93.0608     -94.9038     -88.3333     -88.9716     -92.7614
                -89.7949     -94.0137     -94.3818     -96.4145     -93.7166
                -92.3588     -91.5626     -90.8104     -92.5763     -92.4209
                -93.4682     -89.4530     -91.8925     -94.6599     -91.6148
                -88.8068     -94.9325     -92.5493     -86.6957     -89.5466
   4      0     -91.6595     -91.3027     -93.8587     -94.1815     -89.3541
                -91.0633     -92.0417     -92.3491     -87.6151     -93.3716
                -93.1521     -92.6403     -94.9351     -94.6574     -90.6590
                -92.3344     -93.0098     -91.9619     -88.5330     -89.9417
                -91.7826     -90.9910     -88.4843     -89.8126     -94.8624
                -92.7744     -94.6996     -88.0275     -88.8676     -92.6829
                -89.6641     -93.8839     -94.3099     -96.1926     -93.6702
                -92.2347     -91.4985     -90.6494     -92.4327     -92.3039
                -93.3604     -89.3658     -91.9200     -94.4982     -91.5798
                -88.6586     -94.6553     -92.6136     -86.4349     -89.4943
   5      0     -92.1443     -91.8519     -94.2617     -94.7424     -89.7465
                -91.6006     -92.5110     -92.7792     -88.1064     -94.0427
                -93.6164     -92.9991     -95.3963     -95.0926     -91.1013
                -93.0109     -93.4355     -92.4698     -88.9213     -90.4045
                -92.1797     -91.4938     -88.7625     -90.2947     -95.3125
                -93.3691     -95.2758     -88.7323     -89.3153     -93.3038
                -90.3141     -94.3438     -94.7781     -96.6117     -94.1262
                -92.7714     -91.9662     -91.0945     -93.0607     -92.8493
                -93.7459     -89.8409     -92.4343     -95.0162     -92.1224
                -89.4141     -95.3672     -93.1092     -86.9158     -90.0369
   5     60     -92.5057     -92.2130     -94.6238     -95.1037     -90.1065
                -91.9617     -92.8737     -93.1410     -88.4664     -94.4048
                -93.9785     -93.3614     -95.7550     -95.4540     -91.4618
                -93.3719     -93.7971     -92.8321     -89.2825     -90.7648
                -92.5419     -91.8556     -89.1246     -90.6555     -95.6732
                -93.7313     -95.6372     -89.0927     -89.6755     -93.6655
                -90.6751     -94.7066     -95.1398     -96.9734     -94.4869
                -93.1327     -92.3272     -91.4558     -93.4226     -93.2107
                -94.1079     -90.2011     -92.7944     -95.3782     -92.4837
                -89.7735     -95.7290     -93.4714     -87.2757     -90.3968
   5     80     -95.5621     -95.2597     -97.6853     -98.1610     -93.1547
                -95.0139     -95.9282     -96.2000     -91.5147     -97.4667
                -97.0343     -96.4261     -98.7999     -98.5073     -94.5136
                -96.4259     -96.8570     -95.8932     -92.3389     -93.8117
                -95.5994     -94.9127     -92.1798     -93.7008     -98.7269
                -96.7938     -98.6882     -92.1425     -92.7223     -96.7239
                -93.7192     -97.7678     -98.1912    -100.0348     -97.5357
                -96.1898     -95.3815     -94.5150     -96.4724     -96.2704
                -97.1643     -93.2439     -95.8389     -98.4342     -95.5409
                -92.8128     -98.7917     -96.5340     -90.3220     -93.4437
   5    100    -103.7898    -103.4490    -105.9216    -106.3975    -101.3753
               -103.2309    -104.1259    -104.4331     -99.7433    -105.7108
               -105.2457    -104.6749    -107.0457    -106.7248    -102.7407
               -104.6527    -105.1014    -104.1274    -100.5754    -102.0223
               -103.8179    -103.1367    -100.3938    -101.8886    -106.9595
               -105.0428    -106.9002    -100.3662    -100.9301    -104.9599
               -101.8983    -105.9960    -106.3929    -108.2798    -105.7410
               -104.4254    -103.6120    -102.7603    -104.6621    -104.5179
               -105.3824    -101.4313    -104.0388    -106.6566    -103.7777
               -101.0112    -107.0443    -104.7726     -98.5380    -101.6595
 
 group  inft   Estimated free energy: 1-th solvent contribution (kcal/mol)
   1      0     -83.3540     -84.0876     -84.8176     -82.4742     -82.1101
                -81.9502     -81.7942     -82.6433     -80.1579     -88.3215
                -85.2241     -82.8849     -76.8488     -85.9862     -83.3932
                -83.8500     -83.1295     -80.6020     -80.8934     -83.4363
                -78.3072     -82.7725     -72.8606     -83.7238     -91.4317
                -84.1188     -80.1324     -79.7091     -86.2086     -79.4348
                -83.3116     -76.4864     -81.7047     -82.0502     -85.2504
                -79.4133     -83.6880     -79.7886     -85.8052     -82.1305
                -80.7300     -83.6178     -87.7956     -82.0314     -80.6072
                -85.6688     -83.5621     -86.5350     -88.9993     -83.0137
   1     60     -83.3628     -84.0965     -84.8263     -82.4831     -82.1188
                -81.9591     -81.8031     -82.6522     -80.1666     -88.3303
                -85.2328     -82.8939     -76.8579     -85.9949     -83.4021
                -83.8587     -83.1382     -80.6109     -80.9023     -83.4451
                -78.3162     -82.7815     -72.8696     -83.7327     -91.4402
                -84.1274     -80.1411     -79.7180     -86.2171     -79.4435
                -83.3202     -76.4954     -81.7135     -82.0592     -85.2593
                -79.4222     -83.6966     -79.7976     -85.8138     -82.1393
                -80.7390     -83.6267     -87.8042     -82.0402     -80.6161
                -85.6774     -83.5709     -86.5439     -89.0078     -83.0224
   1     80     -83.4605     -84.1947     -84.9233     -82.5814     -82.2168
                -82.0571     -81.9003     -82.7497     -80.2633     -88.4274
                -85.3304     -82.9926     -76.9558     -86.0920     -83.5002
                -83.9569     -83.2359     -80.7090     -81.0005     -83.5424
                -78.4140     -82.8800     -72.9663     -83.8304     -91.5365
                -84.2240     -80.2382     -79.8158     -86.3133     -79.5408
                -83.4164     -76.5941     -81.8115     -82.1579     -85.3575
                -79.5209     -83.7935     -79.8956     -85.9103     -82.2369
                -80.8377     -83.7257     -87.9009     -82.1381     -80.7133
                -85.7740     -83.6687     -86.6430     -89.1038     -83.1186
   1    100     -83.8081     -84.5448     -85.2716     -82.9324     -82.5671
                -82.4046     -82.2460     -83.0962     -80.6083     -88.7735
                -85.6789     -83.3435     -77.3017     -86.4403     -83.8504
                -84.3062     -83.5864     -81.0573     -81.3498     -83.8905
                -78.7604     -83.2303     -73.3091     -84.1793     -91.8840
                -84.5706     -80.5862     -80.1631     -86.6571     -79.8886
                -83.7615     -76.9444     -82.1610     -82.5080     -85.7076
                -79.8714     -84.1399     -80.2431     -86.2568     -82.5844
                -81.1873     -84.0783     -88.2482     -82.4866     -81.0588
                -86.1214     -84.0177     -86.9957     -89.4489     -83.4621
   2      0     -83.1184     -83.8070     -84.6199     -82.2033     -81.7946
                -81.6605     -81.5261     -82.3837     -79.5125     -88.0568
                -85.0022     -82.7091     -76.0976     -85.7242     -83.1590
                -83.6035     -82.9621     -80.2048     -80.6518     -83.1220
                -78.0343     -82.2906     -72.0569     -83.4610     -91.2248
                -83.9032     -79.9169     -78.8458     -85.9971     -79.1624
                -83.0835     -76.2773     -81.5006     -81.7374     -85.0252
                -79.1629     -83.3767     -79.1904     -85.5538     -81.8259
                -80.4516     -83.2630     -87.4527     -81.7996     -80.4048
                -85.4227     -83.3590     -86.3516     -88.2760     -82.7846
   3      0     -82.9485     -83.7236     -84.5214     -82.1570     -81.6819
                -81.5445     -81.4426     -82.2468     -79.0908     -87.9322
                -84.8779     -82.6198     -75.8810     -85.6390     -83.0229
                -83.5256     -82.8305     -79.9537     -80.5182     -82.9359
                -77.9003     -82.1870     -71.7857     -83.3600     -91.1342
                -83.8014     -79.8147     -78.5911     -85.8076     -79.0341
                -82.9942     -76.1955     -81.4213     -81.6250     -84.9052
                -79.0562     -83.2714     -78.9073     -85.4809     -81.6932
                -80.2655     -83.1273     -87.3089     -81.7367     -80.2689
                -85.3403     -83.2937     -86.2352     -87.9653     -82.7273
   4      0     -83.0912     -83.7920     -84.6244     -82.2233     -81.7813
                -81.6716     -81.5691     -82.3166     -79.2138     -88.0184
                -85.0441     -82.7529     -75.8717     -85.7044     -83.0560
                -83.5929     -82.9816     -80.0254     -80.7214     -83.0259
                -78.0097     -82.2610     -71.7991     -83.4600     -91.2666
                -83.8034     -79.9659     -78.5303     -86.0234     -79.1325
                -83.0129     -76.2846     -81.5512     -81.6763     -85.0427
                -79.1264     -83.4434     -78.9801     -85.5377     -81.8013
                -80.4371     -83.2157     -87.3928     -81.8159     -80.3562
                -85.3502     -83.3580     -86.3644     -87.9802     -82.7816
   5      0     -83.2744     -83.9472     -84.8649     -82.3856     -81.9329
                -81.8028     -81.7111     -82.5184     -79.3073     -88.3046
                -85.1961     -82.8750     -76.0384     -85.8727     -83.2801
                -83.9105     -83.1076     -80.2480     -80.7574     -83.2226
                -78.1025     -82.3848     -71.9011     -83.6291     -91.4374
                -84.0433     -80.1718     -78.7479     -86.1226     -79.3454
                -83.2770     -76.5127     -81.7746     -81.8191     -85.2017
                -79.3271     -83.6455     -79.1294     -85.7874     -81.9651
                -80.5362     -83.3878     -87.6107     -82.0585     -80.5868
                -85.7058     -83.6225     -86.5816     -88.1328     -82.9662
   5     60     -83.2883     -83.9611     -84.8785     -82.3994     -81.9467
                -81.8168     -81.7250     -82.5323     -79.3210     -88.3184
                -85.2099     -82.8889     -76.0524     -85.8863     -83.2940
                -83.9243     -83.1213     -80.2619     -80.7713     -83.2364
                -78.1165     -82.3987     -71.9149     -83.6429     -91.4510
                -84.0570     -80.1855     -78.7618     -86.1363     -79.3592
                -83.2907     -76.5267     -81.7885     -81.8330     -85.2156
                -79.3410     -83.6592     -79.1434     -85.8010     -81.9789
                -80.5502     -83.4018     -87.6243     -82.0724     -80.6007
                -85.7194     -83.6362     -86.5956     -88.1465     -82.9799
   5     80     -83.4096     -84.0831     -84.9984     -82.5205     -82.0676
                -81.9383     -81.8458     -82.6538     -79.4410     -88.4391
                -85.3307     -83.0112     -76.1733     -86.0065     -83.4156
                -84.0456     -83.2421     -80.3831     -80.8933     -83.3566
                -78.2379     -82.5206     -72.0348     -83.7635     -91.5709
                -84.1768     -80.3057     -78.8827     -86.2559     -79.4794
                -83.4104     -76.6489     -81.9100     -81.9543     -85.3372
                -79.4628     -83.7794     -79.2652     -85.9207     -82.1004
                -80.6722     -83.5242     -87.7439     -82.1937     -80.7219
                -85.8393     -83.7573     -86.7181     -88.2661     -83.0998
   5    100     -83.7302     -84.4060     -85.3177     -82.8413     -82.3886
                -82.2583     -82.1648     -82.9743     -79.7584     -88.7588
                -85.6510     -83.3337     -76.4902     -86.3265     -83.7375
                -84.3661     -83.5637     -80.7020     -81.2150     -83.6758
                -78.5571     -82.8419     -72.3497     -84.0829     -91.8918
                -84.4962     -80.6256     -79.2011     -86.5740     -79.7984
                -83.7292     -76.9710     -82.2318     -82.2740     -85.6594
                -79.7839     -84.0989     -79.5857     -86.2399     -82.4216
                -80.9931     -83.8477     -88.0626     -82.5145     -81.0416
                -86.1591     -84.0782     -87.0420     -88.5847     -83.4175
 
 group  inft   Estimated free energy: 2-th solvent contribution (kcal/mol)
   1      0     -22.2705     -21.3432     -26.1086     -21.9377     -14.2031
                -20.9592     -39.1671     -22.7985      -8.5305     -17.3105
                -28.1719     -20.6692     -18.3189     -27.3465     -13.9463
                -18.7120     -19.4606     -27.6640     -12.5770     -14.3980
                -31.7291     -23.9431     -34.7975     -24.8812     -13.1270
                -19.3892     -33.5411     -13.8412      -7.5463     -25.9619
                -28.1794     -35.1228     -32.7961     -28.8805     -23.4151
                -22.5220     -15.8199     -19.6293     -31.2199     -17.3464
                -28.4718     -18.7468     -15.8976     -30.4442     -20.6557
                 -6.8994     -20.4846     -18.7152      -2.4821     -12.2089
   1     60     -22.2547     -21.3258     -26.0933     -21.9209     -14.1863
                -20.9431     -39.1514     -22.7825      -8.5137     -17.2948
                -28.1556     -20.6532     -18.3027     -27.3301     -13.9295
                -18.6952     -19.4443     -27.6480     -12.5600     -14.3810
                -31.7127     -23.9266     -34.7809     -24.8642     -13.1110
                -19.3726     -33.5243     -13.8239      -7.5289     -25.9456
                -28.1618     -35.1060     -32.7788     -28.8649     -23.3989
                -22.5058     -15.8032     -19.6132     -31.2024     -17.3299
                -28.4554     -18.7289     -15.8809     -30.4279     -20.6394
                 -6.8818     -20.4684     -18.6987      -2.4652     -12.1920
   1     80     -22.2053     -21.2691     -26.0450     -21.8682     -14.1305
                -20.8916     -39.1030     -22.7330      -8.4549     -17.2454
                -28.1055     -20.6035     -18.2500     -27.2804     -13.8748
                -18.6405     -19.3929     -27.5997     -12.5030     -14.3242
                -31.6634     -23.8775     -34.7300     -24.8087     -13.0595
                -19.3225     -33.4743     -13.7671      -7.4718     -25.8961
                -28.1056     -35.0580     -32.7262     -28.8175     -23.3479
                -22.4537     -15.7494     -19.5630     -31.1493     -17.2780
                -28.4058     -18.6717     -15.8254     -30.3785     -20.5890
                 -6.8214     -20.4171     -18.6457      -2.4074     -12.1361
   1    100     -22.0255     -21.0461     -25.8732     -21.6691     -13.9162
                -20.6988     -38.9277     -22.5529      -8.2298     -17.0662
                -27.9169     -20.4209     -18.0547     -27.0970     -13.6651
                -18.4320     -19.2036     -27.4238     -12.2832     -14.1080
                -31.4793     -23.6944     -34.5364     -24.5950     -12.8706
                -19.1330     -33.2848     -13.5460      -7.2467     -25.7121
                -27.8841     -34.8769     -32.5224     -28.6484     -23.1570
                -22.2591     -15.5434     -19.3785     -30.9437     -17.0816
                -28.2205     -18.4447     -15.6127     -30.1971     -20.4030
                 -6.5804     -20.2266     -18.4453      -2.1851     -11.9214
   2      0     -22.7543     -21.7061     -26.5645     -22.4266     -14.9785
                -21.4109     -39.3965     -23.1009      -8.9648     -17.7708
                -28.7703     -21.2129     -18.7129     -27.6495     -14.6077
                -19.2386     -20.0621     -28.0655     -13.0841     -14.8165
                -32.0455     -24.1681     -35.1194     -25.2308     -13.6962
                -20.0860     -33.9590     -14.4067      -8.3185     -26.5904
                -28.7239     -35.4931     -33.2770     -29.2874     -24.0267
                -23.1364     -16.3168     -20.0003     -31.7390     -18.0488
                -28.9205     -19.2443     -16.4502     -30.9259     -20.9193
                 -7.5902     -20.9412     -19.2454      -3.0952     -12.8833
   3      0     -23.0117     -21.9614     -26.9359     -22.7244     -15.3645
                -21.7644     -39.5602     -23.4753      -9.2002     -18.0827
                -29.0491     -21.4445     -19.1480     -27.7574     -15.0204
                -19.5906     -20.2886     -28.2815     -13.5453     -15.0506
                -32.3523     -24.3774     -35.3540     -25.5609     -14.0483
                -20.5122     -34.2974     -14.7932      -8.8449     -26.9784
                -29.1482     -35.6490     -33.5860     -29.6287     -24.3622
                -23.4357     -16.5406     -20.2633     -32.0967     -18.4753
                -29.1648     -19.5499     -16.6301     -31.2106     -21.2244
                 -7.9986     -21.2693     -19.5556      -3.4431     -13.1992
   4      0     -22.7578     -21.9058     -26.6635     -22.5057     -15.0792
                -21.5382     -39.2849     -23.2745      -9.1295     -17.6975
                -28.8394     -21.1629     -18.8380     -27.6530     -15.0735
                -19.3312     -20.1102     -28.0454     -13.1519     -14.8202
                -32.1625     -24.0118     -35.1425     -25.2191     -13.7047
                -20.2343     -33.9563     -14.5917      -8.5457     -26.8093
                -29.0202     -35.4496     -33.4226     -29.3438     -24.1722
                -23.2392     -16.3257     -20.0354     -31.9105     -18.2617
                -28.9219     -19.3751     -16.5457     -30.9773     -21.1114
                 -7.8316     -20.9609     -19.4899      -3.1898     -13.1231
   5      0     -23.0168     -22.2267     -26.8221     -22.8772     -15.3039
                -21.8720     -39.5592     -23.4438      -9.5005     -18.0345
                -29.1169     -21.3664     -19.0774     -27.9013     -15.2406
                -19.6514     -20.3620     -28.3006     -13.4504     -15.0497
                -32.4402     -24.3295     -35.2734     -25.5158     -13.9369
                -20.5609     -34.2920     -15.0247      -8.8616     -27.1774
                -29.3799     -35.6352     -33.6338     -29.6048     -24.4155
                -23.5403     -16.5481     -20.2899     -32.2529     -18.6258
                -29.1697     -19.6396     -16.8273     -31.2240     -21.4019
                 -8.2102     -21.3628     -19.7421      -3.4861     -13.4317
   5     60     -23.0048     -22.2138     -26.8105     -22.8647     -15.2913
                -21.8599     -39.5473     -23.4318      -9.4875     -18.0227
                -29.1047     -21.3544     -19.0651     -27.8892     -15.2281
                -19.6387     -20.3497     -28.2887     -13.4376     -15.0369
                -32.4281     -24.3173     -35.2611     -25.5028     -13.9248
                -20.5487     -34.2797     -15.0119      -8.8486     -27.1653
                -29.3668     -35.6231     -33.6211     -29.5931     -24.4034
                -23.5281     -16.5355     -20.2778     -32.2401     -18.6137
                -29.1575     -19.6264     -16.8146     -31.2120     -21.3897
                 -8.1970     -21.3506     -19.7298      -3.4732     -13.4190
   5     80     -22.9138     -22.1085     -26.7228     -22.7662     -15.1905
                -21.7654     -39.4561     -23.3393      -9.3829     -17.9324
                -29.0109     -21.2616     -18.9689     -27.7953     -15.1285
                -19.5387     -20.2546     -28.1968     -13.3350     -14.9334
                -32.3344     -24.2233     -35.1643     -25.3995     -13.8310
                -20.4548     -34.1835     -14.9089      -8.7456     -27.0728
                -29.2626     -35.5285     -33.5211     -29.5050     -24.3095
                -23.4326     -16.4358     -20.1843     -32.1398     -18.5190
                -29.0629     -19.5199     -16.7136     -31.1197     -21.2954
                 -8.0882     -21.2563     -19.6331      -3.3697     -13.3184
   5    100     -22.7462     -21.8996     -26.5655     -22.5794     -14.9942
                -21.5871     -39.2893     -23.1689      -9.1746     -17.7672
                -28.8360     -21.0905     -18.7867     -27.6211     -14.9369
                -19.3448     -20.0778     -28.0299     -13.1331     -14.7313
                -32.1621     -24.0491     -34.9812     -25.1960     -13.6564
                -20.2818     -34.0042     -14.7073      -8.5421     -26.9038
                -29.0579     -35.3551     -33.3306     -29.3477     -24.1347
                -23.2526     -16.2430     -20.0114     -31.9480     -18.3417
                -28.8876     -19.3084     -16.5162     -30.9498     -21.1213
                 -7.8677     -21.0794     -19.4492      -3.1647     -13.1226
 
 group  inft   Estimated free energy: 3-th solvent contribution (kcal/mol)
   1      0      14.1803      14.3303      17.4299      10.5327       7.5325
                 12.0973      28.7956      13.2642       0.7508      12.3168
                 20.7229      11.2268      -0.2084      18.7121       7.4265
                 10.6032      10.0714      16.1040       5.2885       7.9492
                 18.3984      15.2758      18.4685      18.8958      10.0839
                 11.2329      19.2268       5.0765       5.6689      13.2413
                 22.3610      17.8398      20.5964      14.8410      15.5423
                 10.1253       8.2368       8.3646      25.0211       7.7587
                 15.9626      13.2362      12.0966      18.3068       9.9046
                  4.5211       9.6120      13.2605       4.7167       6.3416
   1     60      13.9168      14.0661      17.1657      10.2685       7.2694
                 11.8337      28.5310      13.0001       0.4874      12.0528
                 20.4587      10.9623      -0.4704      18.4482       7.1630
                 10.3391       9.8072      15.8398       5.0245       7.6857
                 18.1340      15.0119      18.2040      18.6318       9.8204
                 10.9682      18.9627       4.8129       5.4053      12.9773
                 22.0965      17.5749      20.3319      14.5771      15.2791
                  9.8616       7.9729       8.1009      24.7563       7.4947
                 15.6983      12.9723      11.8330      18.0426       9.6409
                  4.2578       9.3476      12.9957       4.4533       6.0781
   1     80      11.4830      11.6290      14.7296       7.8283       4.8355
                  9.4006      26.0969      10.5643      -1.9500       9.6156
                 18.0225       8.5209      -2.8977      16.0139       4.7267
                  7.9010       7.3673      13.4024       2.5829       5.2503
                 15.6967      12.5759      15.7656      16.1972       7.3858
                  8.5254      16.5284       2.3763       2.9690      10.5398
                 19.6605      15.1345      17.8939      12.1420      12.8494
                  7.4243       5.5331       5.6645      22.3188       5.0561
                 13.2618      10.5385       9.4001      15.6087       7.2049
                  1.8236       6.9062      10.5537       2.0176       3.6437
   1    100       2.7456       2.8888       5.9929      -0.9381      -3.9227
                  0.6608      17.3900       1.8194     -10.7311       0.8620
                  9.2939      -0.2421     -11.6713       7.2799      -4.0359
                 -0.8617      -1.3964       4.6579      -6.1993      -3.5026
                  6.9618       3.8368       7.0191       7.4633      -1.3654
                 -0.2457       7.7937      -6.3920      -5.7879       1.7890
                 10.9327       6.3917       9.1558       3.3949       4.1288
                 -1.3349      -3.2375      -3.0966      13.5948      -3.7130
                  4.5233       1.7998       0.6620       6.8753      -1.5467
                 -6.9397      -1.8670       1.7889      -6.7481      -5.1153
   2      0      14.2182      14.3947      17.4488      10.5692       7.5458
                 12.1317      28.8017      13.2688       0.7560      12.3613
                 20.7444      11.2598      -0.2034      18.7450       7.4814
                 10.6263      10.1042      16.1412       5.3101       7.9511
                 18.4248      15.2861      18.4846      18.8957      10.1125
                 11.2712      19.2341       5.0819       5.7010      13.2662
                 22.3733      17.8566      20.6476      14.8777      15.5814
                 10.1535       8.2805       8.3861      25.0279       7.7774
                 15.9983      13.2428      12.0798      18.3197       9.9377
                  4.5510       9.6503      13.2796       4.7358       6.3753
   3      0      14.1917      14.3531      17.4382      10.5472       7.5295
                 12.1225      28.7865      13.2552       0.7267      12.3601
                 20.7317      11.2595      -0.2246      18.7192       7.4754
                 10.5992      10.0975      16.1292       5.3021       7.9320
                 18.4031      15.2617      18.4613      18.8782      10.1094
                 11.2675      19.2231       5.0658       5.6957      13.2659
                 22.3623      17.8455      20.6402      14.8539      15.5656
                 10.1479       8.2642       8.3750      25.0161       7.7624
                 15.9768      13.2390      12.0612      18.3022       9.8932
                  4.5470       9.6453      13.2564       4.7274       6.3947
   4      0      14.2043      14.4098      17.4440      10.5623       7.5213
                 12.1614      28.8271      13.2567       0.7430      12.3592
                 20.7462      11.2903      -0.2107      18.7148       7.4853
                 10.6044      10.0968      16.1237       5.3551       7.9193
                 18.4044      15.2966      18.4721      18.8813      10.1236
                 11.2780      19.2373       5.1092       5.7163      13.2737
                 22.3838      17.8651      20.6787      14.8423      15.5595
                 10.1457       8.2853       8.3808      25.0302       7.7739
                 16.0134      13.2398      12.0333      18.3098       9.9026
                  4.5380       9.6784      13.2555       4.7499       6.4250
   5      0      14.1616      14.3369      17.4401      10.5352       7.5050
                 12.0891      28.7742      13.1978       0.7161      12.3111
                 20.7113      11.2570      -0.2657      18.6962       7.4341
                 10.5658      10.0488      16.0936       5.3013       7.8826
                 18.3779      15.2353      18.4268      18.8649      10.0766
                 11.2499      19.2028       5.0551       5.6836      13.2338
                 22.3576      17.8189      20.6451      14.8269      15.5057
                 10.1108       8.2422       8.3396      24.9943       7.7563
                 15.9747      13.2014      12.0184      18.2811       9.8810
                  4.5167       9.6328      13.2294       4.7179       6.3757
   5     60      13.8022      13.9767      17.0801      10.1752       7.1463
                 11.7298      28.4134      12.8379       0.3569      11.9511
                 20.3509      10.8966      -0.6227      18.3363       7.0750
                 10.2060       9.6887      15.7333       4.9412       7.5233
                 18.0174      14.8752      18.0662      18.5051       9.7173
                 10.8892      18.8428       4.6958       5.3242      12.8738
                 21.9972      17.4580      20.2846      14.4674      15.1468
                  9.7512       7.8823       7.9801      24.6333       7.3967
                 15.6145      12.8419      11.6592      17.9210       9.5214
                  4.1577       9.2726      12.8687       4.3587       6.0168
   5     80      10.7761      10.9467      14.0506       7.1406       4.1182
                  8.7046      25.3884       9.8079      -2.6760       8.9196
                 17.3220       7.8615      -3.6429      15.3093       4.0453
                  7.1731       6.6545      12.7015       1.9042       4.4931
                 14.9877      11.8461      15.0340      15.4770       6.6897
                  7.8526      15.8158       1.6639       2.2939       9.8431
                 18.9686      14.4243      17.2547      11.4392      12.1258
                  6.7204       4.8485       4.9492      21.6029       4.3638
                 12.5856       9.8149       8.6334      14.8940       6.4912
                  1.1295       6.2367       9.8321       1.3285       2.9893
   5    100       2.7014       2.8714       5.9764      -0.9620      -3.9777
                  0.6293      17.3430       1.7249     -10.7956       0.8299
                  9.2561      -0.2360     -11.7540       7.2376      -4.0515
                 -0.9270      -1.4450       4.6192      -6.2126      -3.6004
                  6.9162       3.7691       6.9518       7.4051      -1.3965
                 -0.2501       7.7445      -6.4431      -5.7993       1.7571
                 10.9036       6.3449       9.1842       3.3566       4.0679
                 -1.3741      -3.2553      -3.1485      13.5405      -3.7397
                  4.5130       1.7396       0.5548       6.8225      -1.6000
                 -6.9696      -1.8719       1.7333      -6.7737      -5.1046
 
 
 cumulative average & 95% error for solvation free energy
              total             1st component         2nd component         3rd component
  1   -91.7833              -82.9485              -23.0117               14.1917
  2   -91.5650     0.4366   -83.3360     0.7751   -22.4866     1.0503    14.2724     0.1614
  3   -92.3879     1.6651   -83.7312     0.9081   -23.9697     3.0276    15.3277     2.1126
  4   -92.8782     1.5322   -83.3376     1.0158   -23.6584     2.2295    14.1326     2.8186
  5   -92.2089     1.7890   -83.0065     1.0285   -21.9996     3.7401    12.8119     3.4268
  6   -92.0409     1.4988   -82.7628     0.9709   -21.9604     3.0548    12.6970     2.8074
  7   -92.0681     1.2679   -82.5742     0.9031   -24.4747     5.6526    14.9955     5.1732
  8   -92.1198     1.1029   -82.5333     0.7864   -24.3497     4.9016    14.7780     4.5012
  9   -91.6153     1.4015   -82.1508     1.0326   -22.6665     5.4791    13.2167     5.0506
 10   -91.8207     1.3192   -82.7289     1.4798   -22.2081     4.9857    13.1311     4.5206
 11   -91.9470     1.2197   -82.9243     1.3944   -22.8300     4.6781    13.8220     4.3163
 12   -92.0197     1.1229   -82.8989     1.2739   -22.7145     4.2767    13.6085     3.9633
 13   -92.2696     1.1474   -82.3591     1.5934   -22.4402     3.9721    12.5444     4.2214
 14   -92.4426     1.1173   -82.5934     1.5478   -22.8200     3.7551    12.9855     4.0066
 15   -92.3186     1.0693   -82.6220     1.4421   -22.3000     3.6472    12.6181     3.8016
 16   -92.3320     1.0006   -82.6785     1.3537   -22.1307     3.4284    12.4920     3.5650
 17   -92.3734     0.9435   -82.6874     1.2717   -22.0223     3.2277    12.3511     3.3605
 18   -92.3594     0.8900   -82.5355     1.2368   -22.3700     3.1216    12.5610     3.1960
 19   -92.1708     0.9225   -82.4294     1.1890   -21.9056     3.0954    12.1790     3.1182
 20   -92.0657     0.9000   -82.4547     1.1292   -21.5628     3.0155    11.9666     2.9885
 21   -92.0561     0.8563   -82.2378     1.1583   -22.0766     3.0468    12.2731     2.9080
 22   -92.0225     0.8192   -82.2355     1.1044   -22.1812     2.9125    12.4089     2.7860
 23   -91.8778     0.8346   -81.7812     1.3926   -22.7539     3.0095    12.6721     2.7136
 24   -91.8019     0.8134   -81.8469     1.3398   -22.8709     2.8909    12.9307     2.6490
 25   -91.9334     0.8232   -82.2184     1.4844   -22.5180     2.8613    12.8178     2.5509
 26   -91.9767     0.7957   -82.2793     1.4314   -22.4408     2.7533    12.7582     2.4537
 27   -92.0851     0.7958   -82.1880     1.3894   -22.8800     2.7912    12.9976     2.4092
 28   -91.9511     0.8123   -82.0596     1.3633   -22.5912     2.7510    12.7144     2.3897
 29   -91.8484     0.8103   -82.1888     1.3406   -22.1171     2.8186    12.4723     2.3560
 30   -91.8788     0.7852   -82.0837     1.3121   -22.2792     2.7423    12.4988     2.2768
 31   -91.8116     0.7712   -82.1130     1.2704   -22.5008     2.6891    12.8170     2.2922
 32   -91.8804     0.7593   -81.9281     1.2845   -22.9116     2.7303    12.9741     2.2416
 33   -91.9562     0.7514   -81.9128     1.2453   -23.2351     2.7242    13.2064     2.2217
 34   -92.0874     0.7747   -81.9043     1.2083   -23.4232     2.6695    13.2549     2.1575
 35   -92.1339     0.7580   -81.9900     1.1857   -23.4500     2.5927    13.3209     2.0991
 36   -92.1402     0.7367   -81.9085     1.1638   -23.4496     2.5196    13.2328     2.0476
 37   -92.1245     0.7172   -81.9454     1.1343   -23.2629     2.4789    13.0985     2.0095
 38   -92.0900     0.7015   -81.8654     1.1155   -23.1839     2.4179    12.9742     1.9717
 39   -92.1024     0.6837   -81.9581     1.1023   -23.4125     2.3990    13.2829     2.0173
 40   -92.1104     0.6666   -81.9515     1.0744   -23.2890     2.3513    13.1449     1.9855
 41   -92.1435     0.6535   -81.9104     1.0511   -23.4323     2.3111    13.2140     1.9414
 42   -92.0795     0.6505   -81.9394     1.0274   -23.3399     2.2629    13.2146     1.8946
 43   -92.0751     0.6353   -82.0642     1.0339   -23.1839     2.2316    13.1878     1.8508
 44   -92.1338     0.6317   -82.0568     1.0102   -23.3663     2.2106    13.3040     1.8231
 45   -92.1223     0.6179   -82.0171     0.9907   -23.3187     2.1630    13.2282     1.7886
 46   -92.0502     0.6213   -82.0893     0.9796   -22.9856     2.2179    13.0395     1.7895
 47   -92.1116     0.6202   -82.1149     0.9599   -22.9491     2.1714    12.9673     1.7570
 48   -92.1207     0.6074   -82.2008     0.9553   -22.8784     2.1304    12.9733     1.7200
 49   -92.0100     0.6347   -82.3184     0.9647   -22.4818     2.2322    12.8050     1.7178
 50   -91.9607     0.6297   -82.3266     0.9454   -22.2961     2.2184    12.6768     1.7026
 
 Mesh error is    0.363 kcal/mol
