 ERmod 0.3.8, Copyright (C) 2000-2019 Nobuyuki Matubayasi
                            2010-2019 Shun Sakuraba
 ERmod comes with ABSOLUTELY NO WARRANTY.
 This is free software, and you can redistribute it
 and/or modify it under certain conditions.
 See LICENSE file for details.
 ERmod 0.3.8, Copyright (C) 2000-2019 Nobuyuki Matubayasi
                            2010-2019 Shun Sakuraba
 ERmod comes with ABSOLUTELY NO WARRANTY.
 This is free software, and you can redistribute it
 and/or modify it under certain conditions.
 See LICENSE file for details.
 
  Number of the   1-th solvent  =          792
  Number of the   2-th solvent  =          792
  Number of the   3-th solvent  =        10000
 
  Be sure that the solvent distribution is homogeneous (radial distribution function is essentially unity) when the solvent molecule is separated beyond distance of   10.0 Angstrom in any direction from any atom within the solute molecule
 
  LJ long-range correction    =        -1.3175     -0.2494     -7.0203
 
  Self-energy of the solute   =         0.0018  kcal/mol
 
 
 cumulative average & 95% error for solvation energy
              total             1st component         2nd component         3rd component
  1  -520.8178             -241.6689              -37.4820             -241.6688
  2  -520.0035     1.6286  -231.5790    20.1798   -43.7953    12.6266  -244.6311     5.9246
  3  -520.2037     1.0220  -234.6645    13.1842   -41.4844     8.6316  -244.0567     3.6084
  4  -520.3445     0.7756  -236.9878    10.4165   -39.8268     6.9457  -243.5316     2.7591
  5  -520.3386     0.6009  -238.2842     8.4749   -38.2253     6.2613  -243.8309     2.2194
  6  -520.4448     0.5346  -239.1767     7.1463   -37.7157     5.2130  -243.5541     1.8948
  7  -520.5323     0.4845  -239.4543     6.0652   -37.4264     4.4436  -243.6533     1.6137
  8  -520.4856     0.4298  -239.3870     5.2543   -37.2260     3.8691  -243.8744     1.4658
  9  -520.7021     0.5754  -239.3016     4.6370   -37.6712     3.5264  -243.7311     1.3241
 10  -520.7465     0.5222  -239.0693     4.1734   -38.1310     3.2855  -243.5479     1.2397
 11  -520.7054     0.4795  -238.7148     3.8410   -38.5948     3.1132  -243.3976     1.1609
 12  -520.6476     0.4527  -238.8655     3.5193   -38.5120     2.8468  -243.2719     1.0892
 13  -520.6950     0.4271  -239.1333     3.2812   -38.5839     2.6226  -242.9797     1.1599
 14  -520.6858     0.3958  -239.3330     3.0640   -38.5890     2.4281  -242.7656     1.1561
 15  -520.7437     0.3863  -238.9449     2.9561   -38.7601     2.2862  -243.0404     1.2085
 16  -520.7707     0.3653  -238.9139     2.7659   -38.9187     2.1619  -242.9399     1.1482
 17  -520.7895     0.3452  -238.7958     2.6088   -39.0575     2.0497  -242.9379     1.0786
 18  -520.8157     0.3297  -239.2460     2.6192   -38.7530     2.0261  -242.8184     1.0446
 19  -520.8146     0.3118  -238.9871     2.5310   -38.8411     1.9246  -242.9882     1.0448
 20  -520.7640     0.3127  -239.2402     2.4539   -38.2045     2.2260  -243.3211     1.1940
 21  -520.3919     0.8015  -239.3706     2.3487   -35.7060     5.4270  -245.3170     4.1503
 22  -520.0984     0.9635  -239.2914     2.2450   -33.5907     6.6838  -247.2182     5.4879
 23  -519.7808     1.1186  -239.4397     2.1656   -31.4963     7.6377  -248.8465     6.1728
 24  -519.5211     1.1902  -239.5811     2.0926   -29.4354     8.3942  -250.5064     6.7786
 25  -519.2884     1.2329  -239.5754     2.0072   -27.6993     8.7683  -252.0155     7.1681
 26  -519.0911     1.2485  -239.8324     1.9958   -25.9765     9.1016  -253.2839     7.3393
 27  -518.8727     1.2783  -239.9106     1.9268   -24.3771     9.3240  -254.5869     7.5277
 28  -518.7233     1.2675  -239.9526     1.8586   -23.0452     9.3713  -255.7273     7.6040
 29  -518.5732     1.2593  -240.1172     1.8233   -21.5794     9.5058  -256.8785     7.6899
 30  -518.4171     1.2561  -240.1896     1.7674   -20.1625     9.6107  -258.0668     7.8000
 31  -518.2771     1.2467  -240.2128     1.7101   -18.9956     9.5840  -259.0705     7.8067
 32  -518.1288     1.2430  -240.3152     1.6684   -17.8741     9.5469  -259.9413     7.7569
 33  -517.9962     1.2336  -240.2499     1.6223   -16.9511     9.4354  -260.7970     7.7105
 34  -517.8656     1.2250  -240.2390     1.5740   -16.1141     9.3055  -261.5143     7.6166
 35  -517.7660     1.2060  -240.1856     1.5321   -15.4927     9.1208  -262.0894     7.4847
 36  -517.6356     1.2007  -240.2638     1.4972   -14.5486     9.0627  -262.8249     7.4210
 37  -517.6477     1.1680  -240.2348     1.4573   -14.3651     8.8220  -263.0495     7.2316
 38  -517.5915     1.1424  -240.3013     1.4246   -13.8746     8.6426  -263.4173     7.0771
 39  -517.4744     1.1371  -240.4778     1.4318   -12.9910     8.6016  -264.0074     6.9935
 40  -517.3709     1.1275  -240.4706     1.3956   -12.3746     8.4739  -264.5275     6.8954
 41  -517.2993     1.1089  -240.5687     1.3752   -11.7670     8.3535  -264.9653     6.7819
 42  -517.2449     1.0877  -240.5395     1.3434   -11.2469     8.2183  -265.4603     6.6920
 43  -517.1483     1.0795  -240.4915     1.3153   -10.5753     8.1365  -266.0833     6.6523
 44  -517.0758     1.0646  -240.6656     1.3314    -9.9253     8.0551  -266.4867     6.5493
 45  -516.9867     1.0558  -240.6444     1.3021    -9.4000     7.9438  -266.9440     6.4670
 46  -516.9210     1.0409  -240.7484     1.2904    -8.7985     7.8618  -267.3759     6.3836
 47  -516.8634     1.0250  -240.7733     1.2636    -8.2358     7.7746  -267.8561     6.3197
 48  -516.8489     1.0039  -240.8055     1.2387    -8.1303     7.6138  -267.9149     6.1878
 49  -516.9535     1.0052  -240.8319     1.2143    -8.7248     7.5510  -267.3986     6.1475
 50  -517.0348     0.9982  -240.7437     1.2028    -9.4333     7.5329  -266.8595     6.1190
 
 
 group  inft  solvation free energy     error          difference
  total solvation free energy
   1      0        -97.01310           0.74397           0.98267
   1     60        -97.27597           0.74406           0.71980
   1     80        -99.45220           0.74512          -1.45643
   1    100       -107.58588           0.74810          -9.59011
   2      0        -97.28266           0.77148           0.71311
   3      0        -97.99577           0.78851           0.00000
   4      0        -97.37089           0.79442           0.62487
   5      0        -99.29077           0.80771          -1.29501
   5     60        -99.63176           0.80792          -1.63599
   5     80       -102.33469           0.80932          -4.33892
   5    100       -109.91695           0.81241         -11.92118
 
  contribution from  1-th solvent component
   1      0       -213.34876           0.91197          -0.27117
   1     60       -213.36945           0.91193          -0.29186
   1     80       -213.58109           0.91191          -0.50350
   1    100       -214.37605           0.91296          -1.29847
   2      0       -213.10880           0.92533          -0.03122
   3      0       -213.07758           0.92864           0.00000
   4      0       -213.20933           0.93419          -0.13175
   5      0       -214.62062           0.92232          -1.54304
   5     60       -214.65194           0.92228          -1.57436
   5     80       -214.90907           0.92222          -1.83149
   5    100       -215.63438           0.92315          -2.55680
 
  contribution from  2-th solvent component
   1      0        105.04626           3.98595           1.24009
   1     60        105.05286           3.98604           1.24669
   1     80        105.23674           3.98719           1.43056
   1    100        105.84999           3.99209           2.04382
   2      0        104.53433           4.00176           0.72816
   3      0        103.80617           4.02016           0.00000
   4      0        104.58048           4.02571           0.77431
   5      0        104.10390           4.03272           0.29772
   5     60        104.13397           4.03288           0.32780
   5     80        104.35654           4.03459           0.55036
   5    100        104.86407           4.03986           1.05789
 
  contribution from  3-th solvent component
   1      0         11.28763           3.34642           0.01376
   1     60         11.03885           3.34648          -0.23502
   1     80          8.89038           3.34892          -2.38349
   1    100          0.93841           3.36378         -10.33546
   2      0         11.29004           3.34680           0.01617
   3      0         11.27387           3.34723           0.00000
   4      0         11.25619           3.34776          -0.01768
   5      0         11.22418           3.34835          -0.04969
   5     60         10.88444           3.34847          -0.38943
   5     80          8.21608           3.35181          -3.05780
   5    100          0.85159           3.36577         -10.42228
 
 
 group  inft   Estimated free energy: total (kcal/mol)
   1      0    -100.6731     -99.2422     -97.6382     -95.0188     -95.6642
                -98.7790     -97.3462     -96.9523    -101.2188     -96.1732
                -96.6598     -96.2007    -100.3279     -98.2771     -95.5865
                -96.9629     -98.8844     -98.9678     -95.2996     -99.7004
                -97.0370     -95.6038     -95.3113     -94.4743     -97.1144
                -97.1466     -93.9925     -96.6749     -95.7483     -92.0617
                -93.9600     -95.7495     -94.5620     -95.5925    -101.0162
                -94.7768    -105.3820    -103.1611     -96.7581     -93.8855
                -99.6726     -96.9466     -91.7967     -99.4268     -93.6564
                -96.3902     -95.4563     -96.3392     -97.7404     -97.6479
   1     60    -100.9365     -99.5045     -97.8999     -95.2811     -95.9274
                -99.0408     -97.6086     -97.2145    -101.4809     -96.4367
                -96.9233     -96.4632    -100.5910     -98.5403     -95.8487
                -97.2255     -99.1474     -99.2304     -95.5629     -99.9641
                -97.2997     -95.8672     -95.5745     -94.7368     -97.3776
                -97.4092     -94.2549     -96.9380     -96.0105     -92.3240
                -94.2230     -96.0127     -94.8247     -95.8559    -101.2815
                -95.0392    -105.6470    -103.4258     -97.0202     -94.1480
                -99.9352     -97.2099     -92.0595     -99.6892     -93.9193
                -96.6532     -95.7192     -96.6019     -98.0022     -97.9108
   1     80    -103.1178    -101.6789    -100.0509     -97.4389     -98.1007
               -101.1984     -99.7665     -99.3730    -103.6415     -98.6124
                -99.0961     -98.6210    -102.7667    -100.7119     -98.0135
                -99.3913    -101.3146    -101.3998     -97.7312    -102.1499
                -99.4802     -98.0534     -97.7612     -96.9137     -99.5569
                -99.5925     -96.4336     -99.1232     -98.1847     -94.4962
                -96.4069     -98.2052     -97.0036     -98.0435    -103.4964
                -97.2124    -107.8513    -105.6331     -99.1939     -96.3246
               -102.1169     -99.4009     -94.2315    -101.8688     -96.0965
                -98.8417     -97.8987     -98.7766    -100.1539    -100.0828
   1    100    -111.2546    -109.8178    -108.0678    -105.4650    -106.1992
               -109.2442    -107.8053    -107.4178    -111.6971    -106.7220
               -107.1950    -106.6594    -110.8786    -108.8024    -106.0823
               -107.4542    -109.3972    -109.4828    -105.8042    -110.3077
               -107.6492    -106.2292    -105.9515    -105.0699    -107.7218
               -107.7730    -104.6009    -107.3108    -106.3380    -102.6376
               -104.5927    -106.4244    -105.1647    -106.2319    -111.7875
               -105.3474    -116.1014    -113.8968    -107.3393    -104.4673
               -110.2892    -107.6028    -102.3728    -110.0360    -104.2459
               -107.0373    -106.0662    -106.8990    -108.1720    -108.1827
   2      0    -101.0415     -99.8719     -97.7510     -95.3233     -95.7278
                -98.8169     -97.6072     -97.3287    -101.5577     -96.6853
                -97.1650     -96.3719    -100.9903     -98.7047     -95.4212
                -97.4671     -99.2559     -99.0778     -95.2010    -100.3144
                -97.2714     -95.9461     -95.5304     -94.2775     -97.0803
                -97.1297     -94.2351     -96.7989     -96.0226     -92.1181
                -94.0426     -96.3608     -94.4460     -96.1158    -101.7551
                -94.7886    -105.6406    -102.8963     -96.8880     -94.2085
               -100.3770     -97.3994     -92.0990    -100.5940     -93.4104
                -96.7723     -95.9847     -96.5077     -97.7468     -98.0087
   3      0    -102.1274    -100.2934     -98.6256     -96.0797     -96.5638
                -99.4342     -97.9725     -98.0706    -102.3086     -97.4761
                -98.0988     -97.1057    -101.7735     -99.4298     -96.2950
                -98.0831     -99.8156     -99.8416     -96.0018    -101.2808
                -97.9155     -96.5164     -96.0843     -95.1497     -97.6983
                -97.8225     -94.8509     -97.2053     -96.7523     -92.6348
                -94.5307     -96.9652     -95.2223     -97.1581    -102.6490
                -95.3797    -106.3406    -103.8427     -97.5108     -94.8213
               -101.2706     -97.8347     -92.5900    -101.3503     -94.1094
                -97.5221     -96.2710     -97.5630     -98.7477     -98.8014
   4      0    -101.3938     -99.9442     -97.9188     -95.3380     -96.0070
                -98.8415     -97.6808     -97.3568    -101.7047     -96.9725
                -97.2174     -96.5101    -101.3240     -99.1319     -95.6260
                -97.5563     -99.0811     -99.1584     -95.4897    -100.6199
                -97.3544     -95.9407     -95.4314     -94.3930     -97.1778
                -97.1582     -94.3615     -96.9902     -96.1795     -91.9704
                -93.9832     -96.2530     -94.2353     -96.3629    -102.1817
                -94.5305    -105.5881    -103.0470     -96.8201     -94.1578
               -100.5877     -97.2327     -91.8803    -100.9248     -93.2623
                -96.9756     -95.8735     -96.7401     -97.8693     -98.2089
   5      0    -103.5604    -101.9530    -100.1253     -97.5480     -98.0333
               -100.5269     -99.3042     -99.3142    -103.9881     -98.9766
                -99.4506     -98.3676    -103.1295    -100.9207     -97.7273
                -99.3181    -100.9683    -100.8991     -97.5125    -102.5265
                -99.1069     -98.2746     -97.7278     -96.3534     -99.3397
                -98.9094     -96.0954     -98.8046     -98.0321     -93.8503
                -95.4236     -97.6892     -96.3971     -98.4242    -104.3612
                -96.6674    -107.6493    -105.0634     -98.4053     -95.9530
               -102.4202     -99.1551     -93.4551    -102.7645     -95.3949
                -98.7079     -97.2874     -98.5375    -100.1407     -99.9972
   5     60    -103.9035    -102.2940    -100.4632     -97.8872     -98.3750
               -100.8660     -99.6435     -99.6538    -104.3276     -99.3185
                -99.7920     -98.7069    -103.4714    -101.2624     -98.0674
                -99.6590    -101.3087    -101.2402     -97.8538    -102.8697
                -99.4475     -98.6162     -98.0696     -96.6934     -99.6803
                -99.2510     -96.4355     -99.1463     -98.3714     -94.1895
                -95.7647     -98.0317     -96.7381     -98.7663    -104.7068
                -97.0072    -107.9933    -105.4082     -98.7452     -96.2942
               -102.7613     -99.4972     -93.7941    -103.1049     -95.7359
                -99.0506     -97.6278     -98.8783    -100.4792    -100.3384
   5     80    -106.6182    -104.9961    -103.1299    -100.5634    -101.0747
               -103.5433    -102.3233    -102.3361    -107.0109    -102.0206
               -102.4936    -101.3849    -106.1741    -103.9604    -100.7545
               -102.3485    -103.9956    -103.9314    -100.5471    -105.5884
               -102.1532    -101.3286    -100.7857     -99.3950    -102.3874
               -101.9645     -99.1418    -101.8608    -101.0697     -96.8868
                -98.4756    -100.7553     -99.4449    -101.4853    -107.4568
                -99.7055    -110.7306    -108.1529    -101.4454     -99.0030
               -105.4740    -102.2139     -96.4920    -105.8119     -98.4418
               -101.7740    -100.3335    -101.5800    -103.1529    -103.0365
   5    100    -114.2166    -112.5867    -110.5980    -108.0440    -108.6266
               -111.0402    -109.8207    -109.8439    -114.5244    -109.5813
               -110.0529    -108.8793    -113.7392    -111.5047    -108.2751
               -109.8645    -111.5216    -111.4615    -108.0734    -113.2022
               -109.7624    -108.9430    -108.4177    -106.9899    -109.9990
               -109.5942    -106.7507    -109.4892    -108.6638    -104.4692
               -106.0997    -108.4160    -107.0493    -109.1216    -115.1858
               -107.2868    -118.4184    -115.8577    -109.0433    -106.6015
               -113.0975    -109.8493    -104.0811    -113.4267    -106.0348
               -109.4208    -107.9413    -109.1523    -110.6358    -110.5918
 
 group  inft   Estimated free energy: 1-th solvent contribution (kcal/mol)
   1      0    -213.5754    -202.1201    -214.7097    -213.8251    -212.8348
               -216.9101    -215.3301    -213.5844    -214.5897    -207.1428
               -205.8866    -213.0529    -214.5509    -214.3782    -207.2498
               -211.8796    -213.0350    -217.2794    -208.7107    -214.2916
               -214.4598    -212.1220    -213.5779    -214.7126    -214.4193
               -217.1877    -212.9124    -215.1032    -216.5425    -212.4016
               -212.1008    -213.4105    -212.8287    -213.4994    -211.5914
               -215.9718    -212.4992    -215.2863    -219.7427    -211.6136
               -217.4330    -213.6549    -211.0092    -219.2793    -211.6885
               -215.6460    -213.8920    -215.5803    -213.7454    -208.5888
   1     60    -213.5960    -202.1411    -214.7299    -213.8456    -212.8556
               -216.9303    -215.3505    -213.6048    -214.6097    -207.1639
               -205.9074    -213.0733    -214.5716    -214.3988    -207.2708
               -211.9002    -213.0556    -217.3000    -208.7315    -214.3124
               -214.4806    -212.1426    -213.5987    -214.7336    -214.4402
               -217.2083    -212.9334    -215.1238    -216.5632    -212.4228
               -212.1221    -213.4315    -212.8496    -213.5199    -211.6123
               -215.9923    -212.5201    -215.3072    -219.7625    -211.6344
               -217.4535    -213.6756    -211.0303    -219.2996    -211.7094
               -215.6669    -213.9130    -215.6008    -213.7657    -208.6096
   1     80    -213.8077    -202.3508    -214.9383    -214.0567    -213.0671
               -217.1381    -215.5596    -213.8134    -214.8182    -207.3756
               -206.1169    -213.2808    -214.7815    -214.6103    -207.4820
               -212.1089    -213.2661    -217.5106    -208.9414    -214.5240
               -214.6934    -212.3556    -213.8116    -214.9489    -214.6555
               -217.4200    -213.1477    -215.3356    -216.7767    -212.6385
               -212.3369    -213.6448    -213.0637    -213.7314    -211.8256
               -216.2044    -212.7339    -215.5221    -219.9700    -211.8461
               -217.6647    -213.8880    -211.2450    -219.5097    -211.9238
               -215.8800    -214.1277    -215.8128    -213.9733    -208.8191
   1    100    -214.6014    -203.1276    -215.7255    -214.8478    -213.8578
               -217.9254    -216.3494    -214.5995    -215.6054    -208.1622
               -206.8941    -214.0614    -215.5707    -215.4060    -208.2670
               -212.8911    -214.0609    -218.3043    -209.7255    -215.3184
               -215.4951    -213.1552    -214.6089    -215.7583    -215.4675
               -218.2168    -213.9518    -216.1346    -217.5818    -213.4455
               -213.1402    -214.4434    -213.8680    -214.5267    -212.6241
               -217.0032    -213.5352    -216.3308    -220.7605    -212.6368
               -218.4637    -214.6866    -212.0503    -220.3055    -212.7260
               -216.6806    -214.9351    -216.6130    -214.7540    -209.6021
   2      0    -213.3492    -201.7887    -214.4925    -213.5113    -212.4824
               -216.7398    -215.1435    -213.4393    -214.3642    -206.7846
               -205.5798    -212.8556    -214.3964    -214.1372    -206.9749
               -211.7014    -212.7907    -217.0769    -208.4294    -213.9688
               -214.3027    -211.8467    -213.2830    -214.4923    -214.1292
               -217.0627    -212.5868    -214.8790    -216.3267    -212.0622
               -211.8492    -213.2162    -212.5852    -213.2827    -211.3613
               -215.8123    -212.2214    -215.0268    -219.6549    -211.3070
               -217.2631    -213.4095    -210.7472    -219.1842    -211.4015
               -215.4081    -213.5964    -215.3930    -213.5535    -208.1890
   3      0    -213.3166    -201.6980    -214.6014    -213.5385    -212.4498
               -216.6970    -215.0345    -213.4485    -214.3730    -206.7229
               -205.5362    -212.7949    -214.2858    -214.0224    -206.9622
               -211.6758    -212.8107    -217.0550    -208.3857    -213.9615
               -214.2856    -211.8826    -213.3113    -214.4631    -214.1359
               -217.0563    -212.5091    -214.8451    -216.3653    -212.0300
               -211.6957    -213.1247    -212.6331    -213.2812    -211.3314
               -215.7542    -212.1112    -214.8915    -219.6173    -211.2867
               -217.2959    -213.3821    -210.7015    -219.1839    -211.3705
               -215.3839    -213.4744    -215.3730    -213.6276    -208.1046
   4      0    -213.5801    -201.9250    -214.3030    -213.6545    -212.5885
               -216.8927    -215.4355    -213.5097    -214.6407    -206.8696
               -205.5094    -212.8697    -214.5124    -214.4391    -206.9844
               -211.6841    -212.8230    -217.2461    -208.4776    -214.0086
               -214.3962    -211.9116    -213.1394    -214.5730    -214.2561
               -217.3434    -212.5810    -214.9758    -216.3325    -212.0457
               -212.0110    -213.4265    -212.5860    -213.2561    -211.3811
               -216.0113    -212.4147    -215.2860    -219.8576    -211.3911
               -217.3220    -213.5620    -210.8692    -219.2410    -211.5269
               -215.5866    -213.8552    -215.5347    -213.5934    -208.2462
   5      0    -215.0685    -203.4199    -216.0730    -215.2888    -214.1159
               -218.1708    -216.6053    -214.9067    -216.2819    -208.3542
               -207.1639    -214.2805    -215.7561    -215.6775    -208.4662
               -213.0047    -214.2641    -218.5018    -210.0042    -215.3585
               -215.6480    -213.6528    -214.9523    -215.9781    -215.8766
               -218.5358    -213.9014    -216.4168    -217.8185    -213.4357
               -213.0271    -214.4887    -214.2361    -214.8045    -212.9561
               -217.5540    -213.8726    -216.7089    -221.0386    -212.6295
               -218.6633    -215.0317    -212.0657    -220.6300    -213.0005
               -216.7444    -214.8866    -216.8918    -215.2889    -209.5335
   5     60    -215.0998    -203.4514    -216.1038    -215.3201    -214.1474
               -218.2014    -216.6362    -214.9377    -216.3125    -208.3859
               -207.1953    -214.3114    -215.7872    -215.7087    -208.4976
               -213.0358    -214.2951    -218.5329    -210.0356    -215.3898
               -215.6793    -213.6843    -214.9839    -216.0097    -215.9083
               -218.5672    -213.9330    -216.4481    -217.8500    -213.4675
               -213.0589    -214.5204    -214.2677    -214.8357    -212.9877
               -217.5852    -213.9042    -216.7404    -221.0691    -212.6612
               -218.6945    -215.0630    -212.0975    -220.6609    -213.0322
               -216.7761    -214.9183    -216.9230    -215.3198    -209.5646
   5     80    -215.3566    -203.7082    -216.3568    -215.5768    -214.4051
               -218.4539    -216.8907    -215.1922    -216.5650    -208.6434
               -207.4508    -214.5646    -216.0417    -215.9647    -208.7533
               -213.2905    -214.5496    -218.7883    -210.2915    -215.6467
               -215.9365    -213.9425    -215.2429    -216.2696    -216.1689
               -218.8259    -214.1920    -216.7066    -218.1090    -213.7284
               -213.3195    -214.7800    -214.5274    -215.0924    -213.2467
               -217.8429    -214.1629    -216.9998    -221.3225    -212.9201
               -218.9516    -215.3208    -212.3584    -220.9162    -213.2920
               -217.0361    -215.1789    -217.1799    -215.5738    -209.8187
   5    100    -216.0800    -204.4221    -217.0757    -216.2999    -215.1286
               -219.1728    -217.6133    -215.9127    -217.2822    -209.3613
               -208.1627    -215.2797    -216.7599    -216.6881    -209.4659
               -214.0072    -215.2707    -219.5103    -211.0089    -216.3704
               -216.6632    -214.6708    -215.9715    -217.0026    -216.9068
               -219.5581    -214.9204    -217.4394    -218.8425    -214.4605
               -214.0503    -215.5099    -215.2599    -215.8177    -213.9750
               -218.5730    -214.8906    -217.7325    -222.0500    -213.6468
               -219.6824    -216.0490    -213.0927    -221.6435    -214.0218
               -217.7695    -215.9140    -217.9085    -216.2924    -210.5311
 
 group  inft   Estimated free energy: 2-th solvent contribution (kcal/mol)
   1      0      88.0709      83.1774      92.3496      93.9501      93.6991
                 93.3962      93.8965      92.9727      88.5556      86.6990
                 84.4256      91.5842      88.1322      89.9327      89.4216
                 89.7090      89.5619      92.6909      90.2697      93.4906
                116.3761     116.5313     116.6020     120.7797     117.4372
                118.9296     119.5358     118.0273     122.0343     123.4599
                119.4557     117.4366     118.2770     115.9951     107.4809
                121.6891      98.4909     106.4022     122.3345     115.9172
                114.6547     115.9937     121.7456     117.6576     117.7434
                118.8638     119.7663     109.5135      91.6192      85.5773
   1     60      88.0767      83.1830      92.3567      93.9566      93.7054
                 93.4033      93.9036      92.9797      88.5619      86.7047
                 84.4314      91.5907      88.1386      89.9386      89.4283
                 89.7154      89.5687      92.6976      90.2763      93.4965
                116.3829     116.5375     116.6084     120.7871     117.4440
                118.9365     119.5428     118.0340     122.0416     123.4674
                119.4628     117.4432     118.2843     116.0018     107.4861
                121.6964      98.4961     106.4078     122.3417     115.9240
                114.6613     116.0005     121.7530     117.6640     117.7504
                118.8705     119.7735     109.5203      91.6259      85.5834
   1     80      88.2464      83.3522      92.5527      94.1455      93.8842
                 93.5910      94.0972      93.1699      88.7479      86.8773
                 84.6057      91.7790      88.3135      90.1138      89.6111
                 89.8960      89.7563      92.8795      90.4601      93.6654
                116.5694     116.7203     116.7896     120.9807     117.6373
                119.1205     119.7314     118.2196     122.2359     123.6676
                119.6510     117.6208     118.4783     116.1843     107.6453
                121.8934      98.6591     106.5716     122.5331     116.1121
                114.8424     116.1830     121.9550     117.8450     117.9436
                119.0510     119.9663     109.7067      91.8175      85.7599
   1    100      88.7994      83.9056      93.2129      94.7900      94.4760
                 94.2217      94.7468      93.8066      89.3662      87.4469
                 85.1754      92.4100      88.8879      90.6942      90.2214
                 90.5029      90.3823      93.4867      91.0741      94.2140
                117.1924     117.3448     117.3898     121.6344     118.2871
                119.7356     120.3621     118.8431     122.8920     124.3479
                120.2830     118.2058     119.1308     116.7924     108.1565
                122.5609      99.1795     107.0960     123.1797     116.7440
                115.4424     116.7948     122.6402     118.4457     118.5939
                119.6530     120.6141     110.3346      92.4618      86.3406
   2      0      87.4732      82.2165      92.0166      93.3262      93.2797
                 93.1712      93.4436      92.4359      87.9906      85.8242
                 83.6184      91.2127      87.3303      89.2568      89.3122
                 89.0034      88.9411      92.3809      90.0766      92.5329
                115.9848     115.9086     116.0848     120.7555     117.1844
                118.8345     118.9616     117.6778     121.5434     123.0614
                119.1309     116.6276     118.1414     115.2619     106.5124
                121.5189      97.9612     106.4217     122.1012     115.2746
                113.7676     115.2901     121.1781     116.3976     117.7121
                118.2402     118.9378     109.1533      91.4274      84.8216
   3      0      86.3650      81.7243      91.2752      92.6052      92.4230
                 92.5277      92.9781      91.7255      87.2644      84.9862
                 82.6501      90.4352      86.4360      88.4475      88.4483
                 88.3870      88.4092      91.6034      89.2425      91.5688
                115.3356     115.3994     115.5909     119.8610     116.5938
                118.1449     118.2803     117.2625     120.8738     122.5328
                118.5050     115.9499     117.4305     114.2197     105.5948
                120.8746      97.1643     105.3537     121.4751     114.6667
                112.9275     114.8422     120.6612     115.6589     116.9994
                117.4911     118.5503     108.0914      90.5098      83.9651
   4      0      87.3767      82.3130      91.6767      93.4896      93.1347
                 93.3274      93.6980      92.4980      88.1547      85.6676
                 83.5364      91.1207      87.1514      89.1805      89.1438
                 88.9073      89.1703      92.4989      89.8470      92.3089
                116.0233     116.0174     116.0950     120.7504     117.2570
                119.1357     118.8746     117.6190     121.4330     123.2160
                119.4032     116.9585     118.3831     115.0149     106.1382
                122.0122      98.2403     106.5823     122.4288     115.4452
                113.6390     115.6460     121.5586     116.1617     118.0198
                118.2476     119.3528     109.0871      91.3732      84.7085
   5      0      86.7357      81.8296      91.2656      92.9685      92.6627
                 92.9520      93.2640      91.9729      87.5477      85.1580
                 82.9761      90.6927      86.6133      88.6560      88.5764
                 88.5056      88.7553      92.0203      89.3942      91.7747
                115.5610     115.4606     115.6241     120.2317     116.7518
                118.6157     118.4746     117.2617     121.1007     122.7722
                119.0116     116.6398     117.9100     114.5356     105.5772
                121.4482      97.6875     106.0077     122.0373     114.9203
                113.1847     115.2206     121.2174     115.7566     117.3976
                117.7195     118.9986     108.6789      90.8283      84.2423
   5     60      86.7633      81.8575      91.2977      92.9995      92.6920
                 92.9827      93.2955      92.0039      87.5782      85.1864
                 83.0052      90.7235      86.6422      88.6844      88.6063
                 88.5349      88.7860      92.0500      89.4240      91.8023
                115.5915     115.4904     115.6538     120.2632     116.7832
                118.6456     118.5054     117.2918     121.1326     122.8045
                119.0423     116.6690     117.9413     114.5656     105.6045
                121.4800      97.7154     106.0350     122.0684     114.9504
                113.2145     115.2505     121.2504     115.7866     117.4283
                117.7486     119.0301     108.7093      90.8595      84.2713
   5     80      86.9615      82.0630      91.5385      93.2315      92.9072
                 93.2115      93.5292      92.2327      87.8022      85.3944
                 83.2132      90.9535      86.8518      88.8936      88.8278
                 88.7530      89.0157      92.2713      89.6458      92.0006
                115.8194     115.7150     115.8740     120.4995     117.0172
                118.8695     118.7334     117.5180     121.3716     123.0480
                119.2731     116.8852     118.1765     114.7857     105.7968
                121.7204      97.9119     106.2274     122.3021     115.1750
                113.4318     115.4753     121.4967     116.0065     117.6608
                117.9644     119.2661     108.9342      91.0912      84.4824
   5    100      87.3996      82.5174      92.0937      93.7713      93.3939
                 93.7373      94.0684      92.7568      88.3093      85.8599
                 83.6749      91.4793      87.3185      89.3669      89.3315
                 89.2555      89.5388      92.7753      90.1544      92.4362
                116.3380     116.2386     116.3726     121.0475     117.5557
                119.3817     119.2566     118.0415     121.9258     123.6213
                119.8048     117.3698     118.7228     115.2866     106.2091
                122.2831      98.3342     106.6450     122.8413     115.6974
                113.9222     115.9901     122.0716     116.5020     118.2052
                118.4577     119.8095     109.4544      91.6256      84.9524
 
 group  inft   Estimated free energy: 3-th solvent contribution (kcal/mol)
   1      0      24.8296      19.6988      24.7201      24.8543      23.4698
                 24.7331      24.0856      23.6577      24.8136      24.2688
                 24.7995      25.2662      26.0890      26.1666      22.2399
                 25.2060      24.5869      25.6189      23.1396      21.0988
                  1.0450      -0.0149       1.6628      -0.5431      -0.1341
                  1.1097      -0.6177       0.3993      -1.2419      -3.1218
                 -1.3166       0.2226      -0.0121       1.9100       3.0925
                 -0.4959       8.6245       5.7212       0.6484       1.8091
                  3.1039       0.7129      -2.5348       2.1932       0.2869
                  0.3903      -1.3324       9.7257      24.3840      25.3618
   1     60      24.5811      19.4518      24.4716      24.6062      23.2211
                 24.4844      23.8365      23.4089      24.5651      24.0207
                 24.5510      25.0176      25.8402      25.9182      21.9921
                 24.9576      24.3377      25.3702      22.8906      20.8501
                  0.7962      -0.2638       1.4141      -0.7920      -0.3832
                  0.8608      -0.8661       0.1501      -1.4906      -3.3703
                 -1.5655      -0.0262      -0.2613       1.6604       2.8429
                 -0.7451       8.3751       5.4718       0.3989       1.5607
                  2.8553       0.4634      -2.7840       1.9446       0.0379
                  0.1414      -1.5815       9.4768      24.1358      25.1136
   1     80      22.4417      17.3179      22.3329      22.4705      21.0805
                 22.3469      21.6942      21.2687      22.4270      21.8841
                 22.4133      22.8790      23.6995      23.7828      19.8556
                 22.8198      22.1933      23.2295      20.7483      18.7069
                 -1.3580      -2.4199      -0.7409      -2.9473      -2.5404
                 -1.2948      -3.0190      -2.0089      -3.6457      -5.5271
                 -3.7228      -2.1830      -2.4200      -0.4982       0.6821
                 -2.9032       6.2217       3.3156      -1.7588      -0.5924
                  0.7036      -1.6976      -4.9434      -0.2059      -2.1180
                 -2.0144      -3.7391       7.3277      22.0002      22.9746
   1    100      14.5456       9.4024      14.4430      14.5910      13.1808
                 14.4577      13.7955      13.3734      14.5404      13.9916
                 14.5220      14.9902      15.8024      15.9077      11.9616
                 14.9322      14.2796      15.3330      12.8454      10.7949
                 -9.3483     -10.4206      -8.7342     -10.9477     -10.5431
                 -9.2936     -11.0130     -10.0211     -11.6500     -13.5418
                -11.7373     -10.1886     -10.4293      -8.4994      -7.3216
                -10.9069      -1.7474      -4.6637      -9.7604      -8.5762
                 -7.2696      -9.7127     -12.9646      -8.1780     -10.1155
                -10.0114     -11.7470      -0.6223      14.1185      15.0771
   2      0      24.8328      19.6985      24.7232      24.8600      23.4730
                 24.7499      24.0909      23.6729      24.8142      24.2734
                 24.7946      25.2692      26.0741      26.1739      22.2397
                 25.2292      24.5918      25.6164      23.1501      21.1198
                  1.0447      -0.0098       1.6660      -0.5424      -0.1372
                  1.0968      -0.6116       0.4005      -1.2411      -3.1190
                 -1.3261       0.2260      -0.0040       1.9032       3.0920
                 -0.4970       8.6179       5.7070       0.6639       1.8222
                  3.1168       0.7183      -2.5317       2.1909       0.2772
                  0.3938      -1.3279       9.7303      24.3776      25.3571
   3      0      24.8225      19.6786      24.6988      24.8518      23.4612
                 24.7333      24.0822      23.6507      24.7983      24.2587
                 24.7855      25.2523      26.0744      26.1434      22.2171
                 25.2039      24.5842      25.6083      23.1396      21.1102
                  1.0327      -0.0349       1.6343      -0.5493      -0.1580
                  1.0870      -0.6239       0.3756      -1.2626      -3.1394
                 -1.3418       0.2078      -0.0215       1.9015       3.0859
                 -0.5019       8.6044       5.6933       0.6296       1.7970
                  3.0961       0.7034      -2.5514       2.1730       0.2599
                  0.3689      -1.3486       9.7169      24.3683      25.3363
   4      0      24.8079      19.6660      24.7058      24.8252      23.4450
                 24.7219      24.0549      23.6531      24.7796      24.2276
                 24.7538      25.2371      26.0352      26.1250      22.2128
                 25.2188      24.5698      25.5871      23.1392      21.0779
                  1.0167      -0.0483       1.6112      -0.5721      -0.1804
                  1.0476      -0.6569       0.3648      -1.2817      -3.1425
                 -1.3771       0.2132      -0.0342       1.8766       3.0594
                 -0.5332       8.5845       5.6549       0.6070       1.7864
                  3.0936       0.6814      -2.5715       2.1527       0.2430
                  0.3616      -1.3729       9.7057      24.3491      25.3270
   5      0      24.7707      19.6355      24.6804      24.7705      23.4181
                 24.6901      24.0353      23.6178      24.7443      24.2178
                 24.7355      25.2185      26.0115      26.0991      22.1606
                 25.1792      24.5387      25.5806      23.0958      21.0556
                  0.9783      -0.0841       1.5986      -0.6088      -0.2166
                  1.0089      -0.6704       0.3487      -1.3160      -3.1886
                 -1.4099       0.1580      -0.0728       1.8430       3.0159
                 -0.5634       8.5342       5.6361       0.5942       1.7545
                  3.0566       0.6542      -2.6085       2.1071       0.2063
                  0.3153      -1.4011       9.6736      24.3181      25.2921
   5     60      24.4312      19.2982      24.3411      24.4317      23.0785
                 24.3509      23.6954      23.2783      24.4050      23.8792
                 24.3964      24.8791      25.6717      25.7601      21.8221
                 24.8401      24.1985      25.2410      22.7560      20.7161
                  0.6385      -0.4241       1.2587      -0.9486      -0.5570
                  0.6689      -1.0097       0.0082      -1.6557      -3.5282
                 -1.7498      -0.1822      -0.4134       1.5020       2.6747
                 -0.9038       8.1938       5.2955       0.2537       1.4148
                  2.7170       0.3135      -2.9488       1.7677      -0.1338
                 -0.0249      -1.7413       9.3336      23.9793      24.9530
   5     80      21.7752      16.6473      21.6866      21.7803      20.4214
                 21.6974      21.0365      20.6216      21.7501      21.2267
                 21.7422      22.2244      23.0140      23.1090      19.1692
                 22.1872      21.5366      22.5838      20.0968      18.0559
                 -2.0379      -3.1029      -1.4186      -3.6267      -3.2375
                 -2.0099      -3.6850      -2.6740      -4.3341      -6.2081
                 -4.4309      -2.8623      -3.0958      -1.1803      -0.0086
                 -3.5847       5.5186       2.6178      -2.4268      -1.2596
                  0.0440      -2.3702      -5.6322      -0.9039      -2.8124
                 -2.7040      -4.4224       6.6639      21.3279      22.2980
   5    100      14.4620       9.3163      14.3822      14.4828      13.1063
                 14.3935      13.7225      13.3102      14.4467      13.9184
                 14.4332      14.9194      15.7004      15.8147      11.8576
                 14.8854      14.2085      15.2717      12.7793      10.7302
                 -9.4390     -10.5125      -8.8205     -11.0366     -10.6496
                 -9.4197     -11.0886     -10.0931     -11.7489     -13.6317
                -11.8560     -10.2777     -10.5140      -8.5922      -7.4217
                -10.9988      -1.8639      -4.7720      -9.8363      -8.6539
                 -7.3390      -9.7921     -13.0617      -8.2870     -10.2200
                -10.1108     -11.8385      -0.7001      14.0293      14.9851
 
 
 cumulative average & 95% error for solvation free energy
              total             1st component         2nd component         3rd component
  1  -102.1274             -213.3166               86.3650               24.8225
  2  -101.2104     1.8340  -207.5073    11.6186    84.0446     4.6407    22.2505     5.1439
  3  -100.3488     2.0225  -209.8720     8.2076    86.4548     5.5150    23.0666     3.3888
  4   -99.2815     2.5693  -210.7886     6.0863    87.9924     4.9663    23.5129     2.5571
  5   -98.7380     2.2677  -211.1209     4.7610    88.8786     4.2355    23.5026     1.9808
  6   -98.8540     1.8661  -212.0502     4.3089    89.4867     3.6660    23.7077     1.6685
  7   -98.7281     1.5971  -212.4765     3.7402    89.9855     3.2549    23.7612     1.4142
  8   -98.6459     1.3929  -212.5980     3.2482    90.2030     2.8522    23.7474     1.2251
  9   -99.0529     1.4736  -212.7953     2.8916    89.8765     2.5988    23.8641     1.1054
 10   -98.8952     1.3552  -212.1880     2.8573    89.3875     2.5218    23.9036     0.9918
 11   -98.8228     1.2344  -211.5833     2.8535    88.7750     2.5892    23.9838     0.9113
 12   -98.6797     1.1626  -211.6843     2.6127    88.9133     2.3797    24.0895     0.8584
 13   -98.9177     1.1706  -211.8844     2.4364    88.7228     2.2220    24.2422     0.8466
 14   -98.9543     1.0862  -212.0371     2.2763    88.7031     2.0575    24.3780     0.8295
 15   -98.7770     1.0716  -211.6988     2.2245    88.6861     1.9157    24.2339     0.8242
 16   -98.7336     1.0061  -211.6973     2.0808    88.6674     1.7924    24.2945     0.7805
 17   -98.7973     0.9536  -211.7628     1.9590    88.6522     1.6839    24.3116     0.7339
 18   -98.8553     0.9065  -212.0568     1.9383    88.8162     1.6211    24.3836     0.7068
 19   -98.7051     0.9086  -211.8636     1.8737    88.8386     1.5341    24.3181     0.6813
 20   -98.8339     0.8996  -211.9685     1.7899    88.9751     1.4808    24.1577     0.7215
 21   -98.7901     0.8601  -212.0789     1.7168    90.2304     2.8786    23.0566     2.3068
 22   -98.6868     0.8458  -212.0699     1.6370    91.3744     3.5733    22.0069     3.0405
 23   -98.5736     0.8392  -212.1239     1.5679    92.4273     4.0116    21.1212     3.4028
 24   -98.4310     0.8527  -212.2214     1.5138    93.5704     4.4697    20.2182     3.7249
 25   -98.4017     0.8200  -212.2980     1.4600    94.4913     4.6661    19.4032     3.9271
 26   -98.3794     0.7890  -212.4810     1.4497    95.4011     4.8382    18.6987     4.0276
 27   -98.2487     0.8030  -212.4820     1.3950    96.2485     4.9544    17.9831     4.1314
 28   -98.2114     0.7774  -212.5664     1.3548    96.9990     5.0046    17.3542     4.1750
 29   -98.1611     0.7568  -212.6974     1.3332    97.8222     5.1019    16.7123     4.2281
 30   -97.9769     0.8187  -212.6752     1.2888    98.6459     5.1970    16.0505     4.2938
 31   -97.8657     0.8225  -212.6436     1.2481    99.2865     5.1872    15.4895     4.3019
 32   -97.8376     0.7984  -212.6586     1.2089    99.8073     5.1294    15.0120     4.2734
 33   -97.7584     0.7898  -212.6578     1.1717   100.3413     5.0849    14.5564     4.2409
 34   -97.7407     0.7671  -212.6762     1.1373   100.7495     5.0002    14.1842     4.1811
 35   -97.8809     0.7959  -212.6377     1.1070   100.8879     4.8631    13.8671     4.1091
 36   -97.8115     0.7859  -212.7243     1.0896   101.4431     4.8548    13.4680     4.0723
 37   -98.0420     0.8926  -212.7077     1.0603   101.3275     4.7274    13.3365     3.9695
 38   -98.1946     0.9209  -212.7652     1.0384   101.4334     4.6062    13.1354     3.8845
 39   -98.1771     0.8976  -212.9409     1.0707   101.9473     4.6028    12.8147     3.8375
 40   -98.0932     0.8909  -212.8995     1.0469   102.2653     4.5311    12.5393     3.7807
 41   -98.1707     0.8826  -213.0068     1.0433   102.5254     4.4497    12.3089     3.7160
 42   -98.1627     0.8615  -213.0157     1.0183   102.8186     4.3819    12.0326     3.6683
 43   -98.0331     0.8802  -212.9619     1.0002   103.2336     4.3585    11.6935     3.6457
 44   -98.1085     0.8731  -213.1033     1.0173   103.5159     4.2956    11.4771     3.5880
 45   -98.0196     0.8718  -213.0648     0.9974   103.8156     4.2416    11.2278     3.5427
 46   -98.0088     0.8529  -213.1152     0.9807   104.1129     4.1907    10.9918     3.4968
 47   -97.9718     0.8378  -213.1229     0.9597   104.4201     4.1464    10.7292     3.4617
 48   -97.9633     0.8204  -213.1697     0.9442   104.4965     4.0620    10.7081     3.3890
 49   -97.9793     0.8041  -213.1791     0.9249   104.2111     4.0189    10.9869     3.3656
 50   -97.9958     0.7885  -213.0776     0.9286   103.8062     4.0202    11.2739     3.3472
 
 Mesh error is    1.295 kcal/mol
