 ERmod 0.3.8, Copyright (C) 2000-2019 Nobuyuki Matubayasi
                            2010-2019 Shun Sakuraba
 ERmod comes with ABSOLUTELY NO WARRANTY.
 This is free software, and you can redistribute it
 and/or modify it under certain conditions.
 See LICENSE file for details.
 ERmod 0.3.8, Copyright (C) 2000-2019 Nobuyuki Matubayasi
                            2010-2019 Shun Sakuraba
 ERmod comes with ABSOLUTELY NO WARRANTY.
 This is free software, and you can redistribute it
 and/or modify it under certain conditions.
 See LICENSE file for details.
 
  Number of the   1-th solvent  =          792
  Number of the   2-th solvent  =          792
  Number of the   3-th solvent  =        10000
 
  Be sure that the solvent distribution is homogeneous (radial distribution function is essentially unity) when the solvent molecule is separated beyond distance of   10.0 Angstrom in any direction from any atom within the solute molecule
 
  LJ long-range correction    =        -1.3175     -0.2494     -7.0203
 
  Self-energy of the solute   =        -0.0001  kcal/mol
 
 
 cumulative average & 95% error for solvation energy
              total             1st component         2nd component         3rd component
  1  -483.0726             -190.6858                7.8512             -300.2379
  2  -480.5650     5.0150  -187.2284     6.9149    19.2880    22.8735  -312.6245    24.7734
  3  -484.2582     7.9336  -185.8526     4.8487    19.9102    13.2646  -318.3158    18.2794
  4  -491.1746    14.9270  -185.0320     3.8011     9.7103    22.4528  -315.8528    13.8323
  5  -496.8903    16.2594  -184.0961     3.4889    -4.8956    33.9972  -307.8985    19.1802
  6  -501.0360    15.6522  -182.9985     3.5964   -18.0211    38.2054  -300.0162    22.2211
  7  -503.4372    14.0733  -182.6436     3.1213   -22.7745    33.6599  -298.0190    19.2003
  8  -505.0892    12.6277  -182.9725     2.7820   -25.1729    29.5423  -296.9438    16.7665
  9  -507.3396    12.0117  -182.6558     2.5339   -32.6050    29.9958  -292.0787    17.7008
 10  -507.7272    10.7715  -182.9333     2.3334   -31.1024    26.9969  -293.6914    16.1573
 11  -507.8817     9.7481  -183.0965     2.1357   -28.9465    24.7973  -295.8387    15.2327
 12  -508.1783     8.9185  -183.2616     1.9774   -27.9726    22.7204  -296.9441    14.0802
 13  -508.5638     8.2400  -183.1795     1.8263   -28.2850    20.9091  -297.0992    12.9556
 14  -509.4020     7.8108  -183.2471     1.6962   -30.4639    19.8425  -295.6910    12.3208
 15  -509.5017     7.2742  -183.0577     1.6239   -29.8159    18.5178  -296.6281    11.6221
 16  -509.8547     6.8409  -183.1822     1.5393   -30.4459    17.3675  -296.2266    10.9011
 17  -510.3898     6.5144  -183.1906     1.4460   -31.7943    16.5354  -295.4049    10.3709
 18  -510.8570     6.2125  -183.2504     1.3685   -33.3945    15.9148  -294.2120    10.0646
 19  -511.6566     6.0902  -183.0217     1.3729   -36.5342    16.3111  -292.1006    10.4146
 20  -512.0548     5.8323  -183.1384     1.3232   -37.6396    15.6312  -291.2768    10.0166
 21  -512.3162     5.5722  -183.4403     1.3959   -37.9397    14.8803  -290.9362     9.5521
 22  -512.3893     5.3149  -183.8121     1.5246   -37.2935    14.2466  -291.2837     9.1340
 23  -512.3805     5.0786  -184.0747     1.5486   -36.2593    13.7693  -292.0464     8.8601
 24  -512.5632     4.8761  -183.6101     1.7498   -36.6140    13.2022  -292.3390     8.5031
 25  -512.6390     4.6794  -183.6145     1.6783   -36.6646    12.6635  -292.3599     8.1560
 26  -512.7963     4.5068  -183.7944     1.6522   -36.7108    12.1670  -292.2910     7.8372
 27  -513.1467     4.3930  -183.6296     1.6236   -38.2238    12.0925  -291.2933     7.8009
 28  -513.5760     4.3194  -183.6373     1.5646   -39.8110    12.0772  -290.1277     7.8703
 29  -514.0459     4.2724  -183.4848     1.5402   -41.3537    12.0549  -289.2073     7.8140
 30  -514.3495     4.1720  -183.5182     1.4895   -42.5525    11.8904  -288.2787     7.7742
 31  -514.5350     4.0522  -183.5122     1.4407   -43.2537    11.5856  -287.7690     7.5880
 32  -514.8363     3.9695  -183.5060     1.3950   -44.4930    11.4883  -286.8371     7.5797
 33  -515.1404     3.8951  -183.5679     1.3577   -45.5447    11.3316  -286.0277     7.5227
 34  -515.4717     3.8365  -183.4438     1.3404   -47.1331    11.4431  -284.8948     7.6417
 35  -515.5198     3.7265  -183.2265     1.3722   -47.2427    11.1135  -285.0505     7.4267
 36  -515.5188     3.6215  -183.0590     1.3749   -46.9395    10.8174  -285.5202     7.2783
 37  -515.5033     3.5224  -182.9952     1.3433   -46.7034    10.5316  -285.8046     7.1017
 38  -515.5396     3.4292  -182.9083     1.3190   -46.6229    10.2519  -286.0083     6.9243
 39  -515.6164     3.3436  -182.5548     1.4664   -46.8641     9.9973  -286.1974     6.7550
 40  -515.5895     3.2594  -182.7207     1.4673   -46.2883     9.8119  -286.5804     6.6284
 41  -515.5819     3.1790  -182.6499     1.4380   -46.1474     9.5738  -286.7845     6.4776
 42  -515.5378     3.1036  -182.7377     1.4143   -45.7275     9.3807  -287.0726     6.3477
 43  -515.4456     3.0362  -182.7034     1.3827   -45.1045     9.2443  -287.6377     6.3005
 44  -515.3297     2.9754  -182.5572     1.3822   -44.3384     9.1608  -288.4340     6.3583
 45  -515.3192     2.9086  -182.5555     1.3512   -44.0702     8.9710  -288.6935     6.2370
 46  -515.2440     2.8487  -182.7415     1.3728   -43.1605     8.9604  -289.3419     6.2363
 47  -515.2124     2.7881  -182.8349     1.3562   -42.8067     8.7962  -289.5706     6.1193
 48  -515.1317     2.7342  -182.7837     1.3316   -42.4191     8.6458  -289.9288     6.0331
 49  -515.0764     2.6801  -182.8119     1.3054   -42.1218     8.4884  -290.1427     5.9242
 50  -515.0458     2.6266  -182.7914     1.2797   -41.8569     8.3338  -290.3975     5.8268
 
 
 group  inft  solvation free energy     error          difference
  total solvation free energy
   1      0        -79.13550           0.83159          -1.40231
   1     60        -79.50185           0.83136          -1.76866
   1     80        -82.45234           0.83014          -4.71915
   1    100        -91.67953           0.82784         -13.94635
   2      0        -79.30473           0.82009          -1.57154
   3      0        -77.73319           0.80869           0.00000
   4      0        -79.03656           0.80909          -1.30337
   5      0        -76.52180           0.81025           1.21139
   5     60        -77.01473           0.80991           0.71845
   5     80        -80.59290           0.80844          -2.85971
   5    100        -89.07302           0.80635         -11.33983
 
  contribution from  1-th solvent component
   1      0       -151.99037           1.16081          -0.33975
   1     60       -152.02175           1.16078          -0.37113
   1     80       -152.28303           1.16061          -0.63240
   1    100       -153.11615           1.16147          -1.46552
   2      0       -152.08597           1.18205          -0.43535
   3      0       -151.65063           1.18856           0.00000
   4      0       -152.92283           1.19269          -1.27221
   5      0       -150.52308           1.18751           1.12754
   5     60       -150.56670           1.18749           1.08392
   5     80       -150.89217           1.18739           0.75846
   5    100       -151.66282           1.18835          -0.01219
 
  contribution from  2-th solvent component
   1      0         52.51289           4.09255          -1.03268
   1     60         52.52993           4.09255          -1.01564
   1     80         52.66838           4.09247          -0.87720
   1    100         53.00019           4.09251          -0.54538
   2      0         52.39925           4.08290          -1.14632
   3      0         53.54557           4.06916           0.00000
   4      0         53.54493           4.07303          -0.00064
   5      0         53.65627           4.07160           0.11069
   5     60         53.68312           4.07159           0.13755
   5     80         53.86555           4.07135           0.31998
   5    100         54.17373           4.07092           0.62816
 
  contribution from  3-th solvent component
   1      0         20.34206           3.23817          -0.02988
   1     60         19.99005           3.23866          -0.38189
   1     80         17.16238           3.24211          -3.20956
   1    100          8.43650           3.25261         -11.93544
   2      0         20.38206           3.23983           0.01013
   3      0         20.37193           3.23969          -0.00000
   4      0         20.34141           3.24005          -0.03052
   5      0         20.34508           3.24066          -0.02685
   5     60         19.86892           3.24144          -0.50302
   5     80         16.43379           3.24577          -3.93815
   5    100          8.41614           3.25552         -11.95579
 
 
 group  inft   Estimated free energy: total (kcal/mol)
   1      0     -77.7661     -76.3520     -77.9369     -77.1791     -80.4515
                -83.3004     -79.2272     -78.7192     -84.3503     -78.4408
                -74.1847     -75.6521     -78.9985     -81.8984     -82.0788
                -78.3987     -82.4643     -83.0649     -81.6685     -78.2078
                -84.4889     -72.6031     -78.3929     -78.8831     -78.2353
                -74.9833     -81.0609     -78.0647     -79.8843     -77.9715
                -79.4798     -84.7574     -81.2236     -84.0520     -73.9580
                -76.9940     -75.2215     -83.3544     -77.5048     -80.5309
                -81.8833     -79.1833     -79.1259     -75.7705     -81.3847
                -77.3446     -78.0419     -75.1306     -77.2333     -79.6921
   1     60     -78.1386     -76.7249     -78.3098     -77.5479     -80.8176
                -83.6667     -79.5942     -79.0860     -84.7143     -78.8067
                -74.5527     -76.0194     -79.3640     -82.2655     -82.4451
                -78.7637     -82.8285     -83.4300     -82.0308     -78.5695
                -84.8563     -72.9703     -78.7606     -79.2489     -78.6009
                -75.3472     -81.4232     -78.4272     -80.2487     -78.3344
                -79.8432     -85.1211     -81.5869     -84.4140     -74.3252
                -77.3604     -75.5913     -83.7228     -77.8713     -80.8980
                -82.2525     -79.5490     -79.4928     -76.1351     -81.7529
                -77.7124     -78.4101     -75.4981     -77.6014     -80.0604
   1     80     -81.1407     -79.7223     -81.3129     -80.5127     -83.7606
                -86.6161     -82.5510     -82.0361     -87.6530     -81.7564
                -77.5160     -78.9699     -82.3077     -85.2133     -85.4029
                -81.7021     -85.7646     -86.3789     -84.9525     -81.4884
                -87.8179     -75.9200     -81.7150     -82.1969     -81.5451
                -78.2776     -84.3422     -81.3486     -83.1917     -81.2559
                -82.7698     -88.0544     -84.5252     -87.3346     -77.2803
                -80.3138     -78.5579     -86.6876     -80.8266     -83.8513
                -85.2230     -82.4937     -82.4431     -79.0865     -84.7198
                -80.6674     -81.3676     -78.4599     -80.5541     -83.0315
   1    100     -90.5508     -89.1267     -90.7027     -89.7688     -92.9477
                -95.8419     -91.7992     -91.2408     -96.8603     -90.9906
                -86.7814     -88.1705     -91.5113     -94.3955     -94.6775
                -90.8934     -94.9544     -95.6216     -94.0967     -90.6432
                -97.0852     -85.1056     -90.9378     -91.4239     -90.7487
                -87.4462     -93.4832     -90.4877     -92.4158     -90.3956
                -91.9218     -97.2506     -93.7263     -96.4886     -86.5228
                -89.5582     -87.8050     -95.9444     -90.0652     -93.0766
                -94.4960     -91.7042     -91.6627     -88.3584     -93.9920
                -89.9038     -90.6042     -87.7095     -89.7667     -92.3153
   2      0     -78.1558     -76.4821     -78.4067     -77.4766     -80.5385
                -83.3151     -79.0340     -78.6776     -84.3039     -78.7788
                -74.5943     -76.0432     -78.8413     -82.2934     -82.1199
                -78.6297     -82.8333     -82.9516     -81.7570     -78.2699
                -84.7537     -72.7420     -78.6260     -79.1265     -78.7148
                -75.1664     -81.7176     -78.1876     -80.0516     -78.3391
                -79.7795     -84.6079     -81.1835     -83.8776     -73.6279
                -76.9064     -75.3471     -83.5334     -77.9503     -80.7158
                -81.9709     -79.2774     -79.4486     -76.1746     -81.4037
                -77.4170     -77.9580     -75.5173     -77.5822     -80.0291
   3      0     -76.9349     -75.2184     -76.7150     -75.9908     -78.8498
                -81.7927     -77.2201     -77.0291     -82.6540     -77.1301
                -73.2863     -74.5171     -77.1575     -80.3851     -80.2596
                -76.9860     -81.2219     -81.1628     -80.0351     -76.7516
                -83.0081     -70.9222     -77.0085     -77.3477     -77.1605
                -73.6044     -80.1988     -76.8479     -78.5664     -76.9715
                -78.2861     -83.0159     -79.3679     -82.1575     -72.0666
                -75.5202     -73.5168     -81.9680     -76.5459     -79.2207
                -80.6598     -77.6178     -78.1502     -74.7518     -79.6582
                -76.1180     -76.7199     -73.7432     -76.0161     -78.6251
   4      0     -78.1541     -76.3907     -78.1950     -77.3735     -80.1097
                -83.0609     -78.6091     -78.2709     -84.0928     -78.3968
                -74.4763     -75.7514     -78.3843     -82.1370     -81.5933
                -78.4277     -82.5126     -82.4390     -81.4340     -78.0519
                -84.3691     -72.3821     -78.4343     -78.6630     -78.4223
                -75.1854     -81.4142     -77.9908     -79.7693     -78.4017
                -79.3180     -84.4073     -80.7904     -83.3940     -73.1403
                -76.7822     -75.0852     -83.2355     -77.6310     -80.4463
                -81.7849     -79.0116     -79.3327     -75.9941     -80.9450
                -77.3303     -77.8756     -75.2320     -77.3965     -79.8018
   5      0     -75.8608     -73.9542     -75.5717     -74.8068     -77.5645
                -80.4820     -75.8927     -75.7412     -81.3463     -75.9012
                -72.1705     -73.1286     -75.5603     -79.1446     -78.9822
                -75.9916     -79.7798     -80.0109     -78.9384     -75.6842
                -81.7138     -69.5749     -75.6091     -75.9982     -76.0165
                -72.5482     -79.1693     -75.6658     -77.4741     -76.0264
                -77.0340     -82.0121     -78.0185     -80.9864     -70.7575
                -74.3894     -72.3393     -80.6781     -75.5573     -77.8916
                -79.6370     -76.2346     -76.9077     -73.2994     -78.5415
                -74.7992     -75.7093     -72.5700     -75.0139     -77.4046
   5     60     -76.3641     -74.4579     -76.0752     -75.3034     -78.0563
                -80.9750     -76.3871     -76.2347     -81.8351     -76.3939
                -72.6651     -73.6231     -76.0527     -79.6389     -79.4760
                -76.4827     -80.2689     -80.5015     -79.4250     -76.1702
                -82.2086     -70.0696     -76.1038     -76.4903     -76.5088
                -73.0368     -79.6553     -76.1524     -77.9635     -76.5135
                -77.5228     -82.5006     -78.5076     -81.4725     -71.2522
                -74.8826     -72.8360     -81.1739     -76.0507     -78.3862
                -80.1340     -76.7270     -77.4015     -73.7906     -79.0375
                -75.2939     -76.2041     -73.0646     -75.5088     -77.9004
   5     80     -80.0065     -78.0998     -79.7210     -78.9008     -81.6220
                -84.5538     -79.9783     -79.8098     -85.3984     -79.9750
                -76.2570     -77.2018     -79.6241     -83.2126     -83.0667
                -80.0473     -83.8252     -84.0757     -82.9657     -79.7101
                -85.8032     -73.6475     -79.6867     -80.0648     -80.0787
                -76.5868     -83.1909     -79.6917     -81.5319     -80.0548
                -81.0713     -86.0587     -82.0702     -85.0121     -74.8345
                -78.4659     -76.4331     -84.7691     -79.6339     -81.9673
                -83.7354     -80.3010     -80.9790     -77.3742     -82.6361
                -78.8789     -79.7899     -76.6532     -79.0907     -81.5017
   5    100     -88.6571     -86.7519     -88.3531     -87.4112     -90.0590
                -93.0346     -88.4863     -88.2631     -93.8563     -88.4715
                -84.7740     -85.6639     -88.0868     -91.6478     -91.5952
                -88.4976     -92.2655     -92.5666     -91.3641     -88.1239
                -94.3237     -82.0902     -88.1636     -88.5453     -88.5368
                -85.0084     -91.5889     -88.0838     -90.0075     -88.4528
                -89.4830     -94.5111     -90.5259     -93.4202     -83.3246
                -86.9648     -84.9297     -93.2765     -88.1230     -90.4391
                -92.2558     -88.7710     -89.4527     -85.9043     -91.1582
                -87.3699     -88.2739     -85.1492     -87.5585     -90.0290
 
 group  inft   Estimated free energy: 1-th solvent contribution (kcal/mol)
   1      0    -157.8024    -156.0166    -155.5778    -152.6299    -148.0501
               -149.5129    -148.9584    -152.5314    -150.7768    -154.2706
               -150.7809    -153.6379    -152.1018    -153.4965    -153.0881
               -154.7633    -155.4731    -152.8446    -149.7457    -154.2823
               -157.6310    -154.6224    -157.9715    -144.1729    -153.3635
               -155.2469    -152.5502    -150.6139    -145.0435    -151.0637
               -154.1787    -153.6455    -150.0488    -148.4141    -138.8377
               -146.4360    -149.3244    -152.3208    -141.5581    -157.3208
               -153.0961    -155.0740    -153.9561    -145.0414    -152.2287
               -157.3249    -154.7235    -149.7294    -155.0893    -152.5494
   1     60    -157.8337    -156.0479    -155.6095    -152.6615    -148.0818
               -149.5443    -148.9900    -152.5631    -150.8076    -154.3018
               -150.8129    -153.6693    -152.1331    -153.5280    -153.1198
               -154.7945    -155.5042    -152.8759    -149.7766    -154.3130
               -157.6625    -154.6542    -158.0029    -144.2046    -153.3947
               -155.2780    -152.5808    -150.6453    -145.0750    -151.0945
               -154.2093    -153.6763    -150.0800    -148.4451    -138.8694
               -146.4679    -149.3561    -152.3521    -141.5898    -157.3522
               -153.1273    -155.1056    -153.9875    -145.0734    -152.2604
               -157.3566    -154.7552    -149.7611    -155.1206    -152.5812
   1     80    -158.0935    -156.3063    -155.8712    -152.9238    -148.3445
               -149.8055    -149.2523    -152.8261    -151.0651    -154.5613
               -151.0779    -153.9300    -152.3934    -153.7894    -153.3832
               -155.0543    -155.7647    -153.1378    -150.0348    -154.5709
               -157.9249    -154.9176    -158.2637    -144.4678    -153.6550
               -155.5381    -152.8379    -150.9082    -145.3375    -151.3527
               -154.4650    -153.9342    -150.3409    -148.7045    -139.1299
               -146.7324    -149.6197    -152.6119    -141.8527    -157.6132
               -153.3873    -155.3686    -154.2485    -145.3393    -152.5242
               -157.6193    -155.0184    -150.0252    -155.3808    -152.8460
   1    100    -158.9269    -157.1379    -156.7082    -153.7596    -149.1735
               -150.6357    -150.0839    -153.6611    -151.8888    -155.3925
               -151.9165    -154.7609    -153.2229    -154.6231    -154.2252
               -155.8879    -156.6058    -153.9763    -150.8602    -155.4014
               -158.7653    -155.7554    -159.1019    -145.2949    -154.4865
               -156.3740    -153.6662    -151.7466    -146.1655    -152.1774
               -155.2881    -154.7633    -151.1673    -149.5317    -139.9498
               -147.5669    -150.4561    -153.4392    -142.6761    -158.4503
               -154.2189    -156.2096    -155.0858    -146.1754    -153.3620
               -158.4602    -155.8586    -150.8636    -156.2142    -153.6882
   2      0    -157.9005    -156.2585    -155.7885    -152.7778    -148.1376
               -149.6343    -149.0669    -152.6413    -150.8759    -154.3477
               -150.7753    -153.7952    -152.2849    -153.6367    -153.2204
               -154.9349    -155.6073    -152.8492    -149.7329    -154.3866
               -157.7978    -154.6486    -158.1556    -144.1541    -153.5136
               -155.4044    -152.6865    -150.5670    -145.0279    -151.1186
               -154.3679    -153.7689    -150.1684    -148.4312    -138.3855
               -146.4294    -149.3944    -152.5246    -141.6184    -157.4822
               -153.2169    -155.2438    -154.1652    -145.1040    -152.3035
               -157.4606    -154.7811    -149.7739    -155.2364    -152.7159
   3      0    -157.5245    -155.8687    -155.2855    -152.3121    -147.6178
               -149.2021    -148.5490    -152.1741    -150.4227    -153.9090
               -150.3901    -153.3772    -151.8072    -153.1817    -152.8009
               -154.5049    -155.2329    -152.4064    -149.2667    -154.0054
               -157.4021    -154.1291    -157.7290    -143.6463    -153.1333
               -154.9509    -152.3190    -150.1619    -144.6312    -150.6568
               -153.9945    -153.3881    -149.7657    -147.9762    -137.7905
               -146.0599    -148.8954    -152.0982    -141.1765    -157.0738
               -152.8390    -154.7999    -153.7307    -144.6476    -151.8564
               -157.1013    -154.4062    -149.3310    -154.7561    -152.2457
   4      0    -158.7080    -157.1085    -156.7846    -153.5929    -149.0128
               -150.5296    -150.1049    -153.4012    -151.7551    -155.2434
               -151.4670    -154.5416    -153.1527    -154.5682    -154.1488
               -155.8765    -156.4320    -153.7522    -150.6134    -155.1494
               -158.6885    -155.5773    -159.0006    -144.9677    -154.2155
               -156.2425    -153.5712    -151.2696    -145.7112    -151.8533
               -155.1285    -154.5560    -151.0084    -149.2922    -138.9828
               -147.1721    -150.3878    -153.4617    -142.3472    -158.3662
               -153.9802    -156.1353    -155.0292    -145.8706    -153.1120
               -158.2956    -155.4846    -150.5829    -156.3150    -153.5931
   5      0    -156.4747    -154.7085    -154.2559    -151.1167    -146.5182
               -148.0440    -147.4371    -151.0662    -149.1225    -152.8581
               -149.2792    -152.1302    -150.4886    -151.9013    -151.7172
               -153.5440    -153.9228    -151.5027    -148.1885    -152.9046
               -156.2344    -152.9566    -156.3432    -142.4321    -151.9471
               -153.7482    -151.3813    -149.0407    -143.6312    -149.6070
               -152.9446    -152.2624    -148.4507    -146.9624    -136.5628
               -144.9546    -147.7066    -151.0036    -140.2966    -155.9202
               -151.9438    -153.5680    -152.6516    -143.2759    -150.7979
               -155.8553    -153.3020    -148.1497    -153.8386    -151.2040
   5     60    -156.5185    -154.7522    -154.3001    -151.1607    -146.5621
               -148.0877    -147.4811    -151.1101    -149.1652    -152.9015
               -149.3235    -152.1740    -150.5322    -151.9450    -151.7610
               -153.5874    -153.9661    -151.5459    -148.2313    -152.9473
               -156.2784    -153.0008    -156.3868    -142.4762    -151.9906
               -153.7914    -151.4241    -149.0841    -143.6748    -149.6498
               -152.9872    -152.3052    -148.4940    -147.0053    -136.6066
               -144.9988    -147.7506    -151.0472    -140.3406    -155.9639
               -151.9873    -153.6121    -152.6952    -143.3205    -150.8418
               -155.8993    -153.3458    -148.1938    -153.8822    -151.2481
   5     80    -156.8430    -155.0757    -154.6278    -151.4877    -146.8888
               -148.4133    -147.8090    -151.4370    -149.4861    -153.2249
               -149.6536    -152.4996    -150.8572    -152.2703    -152.0877
               -153.9119    -154.2909    -151.8707    -148.5524    -153.2687
               -156.6065    -153.3294    -156.7121    -142.8045    -152.3147
               -154.1155    -151.7459    -149.4099    -144.0010    -149.9712
               -153.3073    -152.6273    -148.8190    -147.3272    -136.9292
               -145.3273    -148.0782    -151.3719    -140.6675    -156.2891
               -152.3112    -153.9407    -153.0202    -143.6520    -151.1688
               -156.2275    -153.6720    -148.5221    -154.2065    -151.5764
   5    100    -157.6158    -155.8473    -155.4056    -152.2613    -147.6546
               -149.1822    -148.5800    -152.2086    -150.2476    -153.9938
               -150.4300    -153.2708    -151.6260    -153.0400    -152.8630
               -154.6853    -155.0691    -152.6428    -149.3142    -154.0374
               -157.3873    -154.1047    -157.4873    -143.5717    -153.0841
               -154.8879    -152.5159    -150.1818    -144.7667    -150.7335
               -154.0725    -153.3963    -149.5847    -148.0893    -137.6835
               -146.0983    -148.8492    -152.1401    -141.4299    -157.0623
               -153.0813    -154.7216    -153.7939    -144.4266    -151.9398
               -157.0069    -154.4446    -149.2960    -154.9764    -152.3512
 
 group  inft   Estimated free energy: 2-th solvent contribution (kcal/mol)
   1      0      73.5943      85.1452      80.6576      63.8950      39.7912
                 30.7257      46.5025      52.2142      25.6982      64.2947
                 70.7822      65.6847      57.6729      43.3552      61.8692
                 54.8900      47.8762      41.0077      28.6505      46.7558
                 49.4025      64.1895      67.2217      50.2365      56.2896
                 57.8098      37.1472      35.0796      30.9214      36.2628
                 43.0168      31.5161      32.6192      22.6942      47.4837
                 55.9109      54.6489      49.9152      45.0828      61.1089
                 52.1090      59.9743      64.5002      68.4859      55.8683
                 73.1408      59.7410      62.8542      60.9493      58.4009
   1     60      73.6102      85.1609      80.6742      63.9114      39.8085
                 30.7422      46.5191      52.2325      25.7139      64.3124
                 70.7986      65.7022      57.6902      43.3725      61.8861
                 54.9067      47.8930      41.0242      28.6685      46.7735
                 49.4192      64.2084      67.2394      50.2525      56.3075
                 57.8279      37.1641      35.0976      30.9382      36.2796
                 43.0340      31.5328      32.6363      22.7111      47.5008
                 55.9285      54.6657      49.9318      45.0999      61.1263
                 52.1251      59.9923      64.5177      68.5024      55.8852
                 73.1583      59.7582      62.8717      60.9661      58.4173
   1     80      73.7328      85.2894      80.8007      64.0458      39.9460
                 30.8701      46.6504      52.3758      25.8397      64.4543
                 70.9351      65.8468      57.8321      43.5127      62.0205
                 55.0456      48.0355      41.1571      28.8158      46.9223
                 49.5485      64.3609      67.3847      50.3844      56.4538
                 57.9798      37.3084      35.2502      31.0750      36.4216
                 43.1795      31.6684      32.7734      22.8479      47.6393
                 56.0706      54.8020      50.0657      45.2352      61.2662
                 52.2514      60.1370      64.6625      68.6359      56.0167
                 73.3050      59.8977      63.0130      61.1077      58.5479
   1    100      73.9982      85.5764      81.0847      64.3725      40.2715
                 31.1546      46.9532      52.7227      26.1213      64.7964
                 71.2705      66.2055      58.1782      43.8514      62.3363
                 55.3839      48.3954      41.4664      29.1760      47.2916
                 49.8425      64.7453      67.7420      50.6956      56.8147
                 58.3612      37.6703      35.6335      31.3958      36.7676
                 43.5393      31.9857      33.0927      23.1695      47.9701
                 56.4130      55.1274      50.3785      45.5541      61.6035
                 52.5419      60.4897      65.0202      68.9577      56.3209
                 73.6705      60.2333      63.3594      61.4563      58.8505
   2      0      73.3038      85.2409      80.3856      63.7061      39.7738
                 30.7893      46.7924      52.3302      25.8099      63.9964
                 70.3375      65.4195      57.9900      43.0417      61.9463
                 54.7823      47.5820      41.0852      28.5027      46.7636
                 49.2576      64.0159      67.1083      49.9276      55.9090
                 57.7371      36.5872      34.8768      30.6733      35.9220
                 42.8734      31.7396      32.7141      22.8172      47.3119
                 55.9669      54.5262      49.8971      44.6436      61.0479
                 52.0952      60.0162      64.3558      68.0902      55.8989
                 73.1729      59.8353      62.4673      60.7117      58.1869
   3      0      74.1839      86.1310      81.5961      64.7354      40.9451
                 31.8879      48.0925      53.5376      27.0302      65.2144
                 71.2623      66.5426      59.1933      44.5081      63.3870
                 55.9893      48.8378      42.4490      29.7742      47.8966
                 50.6315      65.3264      68.2983      51.1974      57.1052
                 58.8481      37.7288      35.8271      31.7812      36.8446
                 43.9953      32.9702      34.1438      24.0956      48.3052
                 56.9914      55.8769      51.0507      45.6085      62.1394
                 53.0308      61.2360      65.2243      69.0793      57.1898
                 74.1293      60.7119      63.7918      61.8010      59.1242
   4      0      74.1657      86.2429      81.6432      64.6596      41.1491
                 31.9876      48.3108      53.5420      26.9464      65.3311
                 71.1772      66.5131      59.3377      44.1982      63.4227
                 55.9591      48.7964      42.5484      29.7462      47.7635
                 50.6111      65.3533      68.1654      51.2607      56.9433
                 58.6030      37.7881      35.8199      31.6802      36.6427
                 44.1146      32.7436      33.9908      24.1795      48.4522
                 56.8670      55.8491      51.1739      45.7294      62.2501
                 53.0531      61.2209      65.3545      69.0704      57.1957
                 74.1510      60.6677      63.5687      61.9887      59.3171
   5      0      74.2223      86.2799      81.7448      64.7325      41.1640
                 32.0520      48.3298      53.7134      27.0521      65.4434
                 71.2918      66.6986      59.5022      44.5018      63.6057
                 56.0508      48.9987      42.7419      29.8095      47.9082
                 50.8044      65.5177      68.3201      51.3787      57.0930
                 58.7025      37.8470      35.9248      31.8931      36.7537
                 44.2213      32.8715      34.1861      24.2657      48.4248
                 57.0590      55.9004      51.2799      45.7462      62.3357
                 53.1829      61.4268      65.4020      69.1987      57.2720
                 74.2372      60.6587      63.7957      61.9246      59.3458
   5     60      74.2477      86.3057      81.7706      64.7583      41.1912
                 32.0779      48.3555      53.7417      27.0771      65.4705
                 71.3184      66.7260      59.5293      44.5287      63.6316
                 56.0774      49.0260      42.7677      29.8377      47.9360
                 50.8303      65.5466      68.3478      51.4046      57.1211
                 58.7314      37.8748      35.9533      31.9196      36.7806
                 44.2485      32.8979      34.2129      24.2924      48.4514
                 57.0864      55.9269      51.3062      45.7729      62.3629
                 53.2083      61.4548      65.4292      69.2248      57.2981
                 74.2650      60.6858      63.8235      61.9514      59.3716
   5     80      74.4112      86.4743      81.9371      64.9346      41.3741
                 32.2453      48.5258      53.9317      27.2444      65.6542
                 71.5005      66.9154      59.7152      44.7131      63.8054
                 56.2601      49.2180      42.9435      30.0320      48.1320
                 50.9997      65.7453      68.5385      51.5807      57.3139
                 58.9331      38.0702      36.1546      32.1000      36.9695
                 44.4409      33.0761      34.3931      24.4732      48.6330
                 57.2724      56.1051      51.4839      45.9521      62.5472
                 53.3760      61.6435      65.6186      69.4004      57.4705
                 74.4583      60.8685      64.0115      62.1366      59.5434
   5    100      74.6610      86.7405      82.1994      65.2339      41.6815
                 32.5085      48.8009      54.2595      27.5099      65.9647
                 71.8118      67.2453      60.0359      45.0278      64.0922
                 56.5752      49.5584      43.2338      30.3686      48.4749
                 51.2718      66.0978      68.8687      51.8712      57.6501
                 59.2909      38.4131      36.5122      32.4007      37.2948
                 44.7778      33.3711      34.6912      24.7731      48.9369
                 57.5891      56.4023      51.7773      46.2505      62.8623
                 53.6487      61.9687      65.9472      69.6936      57.7526
                 74.7968      61.1779      64.3355      62.4559      59.8229
 
 group  inft   Estimated free energy: 3-th solvent contribution (kcal/mol)
   1      0       6.4420      -5.4806      -3.0166      11.5558      27.8075
                 35.4869      23.2287      21.5980      40.7284      11.5352
                  5.8141      12.3011      15.4305      28.2430       9.1402
                 21.4747      25.1327      28.7721      39.4267      29.3188
                 23.7396      17.8299      12.3570      15.0533      18.8388
                 22.4539      34.3421      37.4697      34.2379      36.8294
                 31.6822      37.3721      36.2061      41.6679      17.3961
                 13.5312      19.4541      19.0513      18.9706      15.6810
                 19.1038      15.9165      10.3301       0.7851      14.9757
                  6.8396      16.9406      11.7446      16.9068      14.4564
   1     60       6.0851      -5.8378      -3.3744      11.2023      27.4558
                 35.1356      22.8767      21.2447      40.3795      11.1828
                  5.4616      11.9477      15.0790      27.8900       8.7886
                 21.1241      24.7828      28.4217      39.0773      28.9701
                 23.3871      17.4755      12.0029      14.7033      18.4864
                 22.1029      33.9936      37.1205      33.8881      36.4806
                 31.3321      37.0225      35.8568      41.3201      17.0435
                 13.1791      19.0993      18.6976      18.6187      15.3280
                 18.7498      15.5644       9.9771       0.4360      14.6224
                  6.4860      16.5869      11.3914      16.5531      14.1035
   1     80       3.2200      -8.7053      -6.2424       8.3654      24.6379
                 32.3194      20.0509      18.4142      37.5725       8.3507
                  2.6269       9.1134      12.2537      25.0635       5.9599
                 18.3066      21.9646      25.6019      36.2665      26.1602
                 20.5585      14.6367       9.1640      11.8866      15.6561
                 19.2807      31.1875      34.3095      31.0710      33.6753
                 28.5157      34.2114      33.0424      38.5220      14.2103
                 10.3481      16.2599      15.8587      15.7909      12.4958
                 15.9130      12.7380       7.1430      -2.3830      11.7878
                  3.6470      13.7532       8.5524      13.7191      11.2666
   1    100      -5.6220     -17.5651     -15.0791      -0.3816      15.9543
                 23.6394      11.3316       9.6975      28.9072      -0.3943
                 -6.1354       0.3851       3.5334      16.3762      -2.7884
                  9.6107      13.2561      16.8884      27.5876      17.4667
                 11.8377       5.9045       0.4222       3.1755       6.9232
                 10.5666      22.5127      25.6255      22.3539      25.0143
                 19.8270      25.5271      24.3484      29.8737       5.4571
                  1.5957       7.5238       7.1164       7.0569       3.7702
                  7.1811       4.0158      -1.5971     -11.1405       3.0492
                 -5.1140       5.0212      -0.2052       4.9913       2.5224
   2      0       6.4410      -5.4645      -3.0036      11.5952      27.8253
                 35.5301      23.2405      21.6335      40.7622      11.5725
                  5.8436      12.3326      15.4536      28.3017       9.1543
                 21.5230      25.1920      28.8124      39.4734      29.3531
                 23.7866      17.8907      12.4214      15.1000      18.8899
                 22.5009      34.3817      37.5026      34.3030      36.8575
                 31.7151      37.4215      36.2709      41.7364      17.4457
                 13.5561      19.5212      19.0942      19.0245      15.7186
                 19.1509      15.9503      10.3608       0.8393      15.0010
                  6.8708      16.9879      11.7894      16.9426      14.4999
   3      0       6.4057      -5.4807      -3.0255      11.5859      27.8230
                 35.5215      23.2365      21.6075      40.7386      11.5647
                  5.8416      12.3175      15.4564      28.2885       9.1543
                 21.5296      25.1733      28.7946      39.4574      29.3572
                 23.7626      17.8805      12.4223      15.1012      18.8676
                 22.4984      34.3914      37.4870      34.2837      36.8407
                 31.7132      37.4021      36.2541      41.7231      17.4188
                 13.5484      19.5019      19.0796      19.0222      15.7138
                 19.1485      15.9463      10.3563       0.8166      15.0085
                  6.8541      16.9745      11.7961      16.9390      14.4964
   4      0       6.3883      -5.5251      -3.0536      11.5599      27.7541
                 35.4812      23.1851      21.5883      40.7160      11.5156
                  5.8135      12.2772      15.4308      28.2330       9.1329
                 21.4898      25.1230      28.7649      39.4333      29.3340
                 23.7083      17.8420      12.4009      15.0441      18.8499
                 22.4542      34.3690      37.4590      34.2618      36.8090
                 31.6960      37.4052      36.2272      41.7188      17.3903
                 13.5230      19.4537      19.0525      18.9869      15.6699
                 19.1423      15.9029      10.3421       0.8062      14.9714
                  6.8144      16.9414      11.7822      16.9298      14.4743
   5      0       6.3917      -5.5255      -3.0606      11.5775      27.7898
                 35.5101      23.2146      21.6117      40.7241      11.5137
                  5.8170      12.3031      15.4261      28.2550       9.1294
                 21.5017      25.1444      28.7499      39.4407      29.3122
                 23.7163      17.8641      12.4141      15.0552      18.8378
                 22.4976      34.3651      37.4501      34.2641      36.8270
                 31.6894      37.3789      36.2462      41.7103      17.3806
                 13.5063      19.4671      19.0456      18.9932      15.6930
                 19.1240      15.9066      10.3420       0.7779      14.9844
                  6.8190      16.9340      11.7841      16.9002      14.4538
   5     60       5.9067      -6.0113      -3.5456      11.0990      27.3147
                 35.0349      22.7386      21.1338      40.2530      11.0371
                  5.3401      11.8249      14.9503      27.7774       8.6535
                 21.0274      24.6713      28.2768      38.9686      28.8411
                 23.2396      17.3846      11.9352      14.5815      18.3608
                 22.0234      33.8941      36.9784      33.7918      36.3557
                 31.2161      36.9068      35.7736      41.2404      16.9031
                 13.0299      18.9878      18.5671      18.5171      15.2149
                 18.6451      15.4303       9.8646       0.3053      14.5063
                  6.3405      16.4559      11.3058      16.4220      13.9761
   5     80       2.4254      -9.4983      -7.0302       7.6524      23.8927
                 31.6142      19.3050      17.6955      36.8433       7.5958
                  1.8962       8.3825      11.5179      24.3447       5.2158
                 17.6047      21.2478      24.8515      35.5547      25.4267
                 19.8037      13.9367       8.4869      11.1590      14.9221
                 18.5956      30.4849      33.5638      30.3691      32.9470
                 27.7951      33.4925      32.3558      37.8419      13.4618
                  9.5891      15.5400      15.1190      15.0815      11.7746
                 15.1999      11.9963       6.4226      -3.1225      11.0623
                  2.8904      13.0137       7.8575      12.9793      10.5313
   5    100      -5.7021     -17.6450     -15.1468      -0.3837      15.9142
                 23.6392      11.2928       9.6860      28.8815      -0.4423
                 -6.1557       0.3617       3.5034      16.3645      -2.8243
                  9.6126      13.2452      16.8425      27.5816      17.4386
                 11.7918       5.9167       0.4551       3.1553       6.8974
                 10.5888      22.5140      25.5858      22.3585      24.9860
                 19.8118      25.5142      24.3676      29.8960       5.4220
                  1.5444       7.5172       7.0863       7.0565       3.7610
                  7.1768       3.9819      -1.6060     -11.1712       3.0292
                 -5.1598       4.9928      -0.1886       4.9621       2.4994
 
 
 cumulative average & 95% error for solvation free energy
              total             1st component         2nd component         3rd component
  1   -76.9349             -157.5245               74.1839                6.4057
  2   -76.0767     1.7165  -156.6966     1.6558    80.1575    11.9471     0.4625    11.8864
  3   -76.2894     1.0785  -156.2262     1.3412    80.6370     6.9640    -0.7002     7.2459
  4   -76.2148     0.7771  -155.2477     2.1748    76.6616     9.3522     2.3714     7.9993
  5   -76.7418     1.2138  -153.7217     3.4860    69.5183    16.0183     7.4617    11.9180
  6   -77.5836     1.9537  -152.9685     3.2204    63.2466    18.1217    12.1383    13.4973
  7   -77.5317     1.6544  -152.3371     3.0004    61.0817    15.9159    13.7238    11.8398
  8   -77.4688     1.4383  -152.3167     2.5987    60.1387    13.9120    14.7093    10.4413
  9   -78.0450     1.7137  -152.1063     2.3302    56.4600    14.3061    17.6014    10.8743
 10   -77.9535     1.5436  -152.2866     2.1151    57.3354    12.9150    16.9977     9.8010
 11   -77.5292     1.6339  -152.1141     1.9440    58.6015    11.9534    15.9835     9.0944
 12   -77.2782     1.5738  -152.2194     1.7871    59.2633    10.9919    15.6780     8.3245
 13   -77.2689     1.4478  -152.1877     1.6451    59.2579    10.1110    15.6610     7.6575
 14   -77.4915     1.4124  -152.2587     1.5297    58.2043     9.5952    16.5630     7.3153
 15   -77.6760     1.3657  -152.2948     1.4259    58.5498     8.9594    16.0690     6.8815
 16   -77.6329     1.2804  -152.4330     1.3621    58.3898     8.3868    16.4103     6.4731
 17   -77.8440     1.2747  -152.5977     1.3212    57.8279     7.9578    16.9258     6.1672
 18   -78.0284     1.2571  -152.5870     1.2458    56.9735     7.6948    17.5852     5.9622
 19   -78.1340     1.2077  -152.4123     1.2292    55.5420     7.8214    18.7363     6.0915
 20   -78.0649     1.1540  -152.4919     1.1769    55.1597     7.4593    19.2674     5.8757
 21   -78.3003     1.1944  -152.7258     1.2132    54.9441     7.1083    19.4814     5.6053
 22   -77.9649     1.3216  -152.7895     1.1638    55.4160     6.8429    19.4087     5.3464
 23   -77.9233     1.2656  -153.0043     1.1921    55.9761     6.6339    19.1049     5.1447
 24   -77.8993     1.2127  -152.6144     1.3823    55.7770     6.3640    18.9381     4.9369
 25   -77.8698     1.1647  -152.6351     1.3265    55.8301     6.1050    18.9353     4.7353
 26   -77.7057     1.1661  -152.7242     1.2869    55.9462     5.8701    19.0723     4.5578
 27   -77.7981     1.1372  -152.7092     1.2387    55.2715     5.8075    19.6397     4.5302
 28   -77.7641     1.0979  -152.6182     1.2074    54.5770     5.7660    20.2771     4.5477
 29   -77.7918     1.0608  -152.3428     1.2887    53.7910     5.7815    20.7601     4.4932
 30   -77.7645     1.0263  -152.2866     1.2500    53.2261     5.6985    21.2961     4.4712
 31   -77.7813     0.9932  -152.3417     1.2141    52.9283     5.5437    21.6321     4.3765
 32   -77.9449     1.0158  -152.3744     1.1773    52.3046     5.5107    22.1250     4.3506
 33   -77.9880     0.9883  -152.2954     1.1520    51.7543     5.4534    22.5531     4.3028
 34   -78.1106     0.9897  -152.1683     1.1461    50.9408     5.5351    23.1169     4.3240
 35   -77.9379     1.0212  -151.7575     1.3833    50.8655     5.3767    22.9541     4.2112
 36   -77.8708     1.0014  -151.5993     1.3811    51.0357     5.2363    22.6929     4.1258
 37   -77.7531     1.0020  -151.5262     1.3512    51.1665     5.0995    22.6066     4.0164
 38   -77.8640     1.0002  -151.5412     1.3155    51.1635     4.9635    22.5138     3.9137
 39   -77.8302     0.9766  -151.2755     1.3872    51.0210     4.8429    22.4243     3.8163
 40   -77.8650     0.9544  -151.4204     1.3828    51.2990     4.7529    22.2565     3.7347
 41   -77.9332     0.9407  -151.4550     1.3504    51.3412     4.6363    22.1807     3.6457
 42   -77.9256     0.9182  -151.5347     1.3275    51.5768     4.5491    22.0323     3.5702
 43   -77.9309     0.8966  -151.5857     1.3002    51.8942     4.4871    21.7607     3.5282
 44   -77.8586     0.8879  -151.4281     1.3089    52.2848     4.4530    21.2847     3.5761
 45   -77.8986     0.8716  -151.4376     1.2796    52.3938     4.3584    21.1453     3.5069
 46   -77.8599     0.8559  -151.5607     1.2755    52.8663     4.3661    20.8346     3.4856
 47   -77.8356     0.8389  -151.6212     1.2539    53.0332     4.2852    20.7525     3.4146
 48   -77.7504     0.8388  -151.5735     1.2312    53.2574     4.2189    20.5659     3.3635
 49   -77.7150     0.8245  -151.6385     1.2128    53.4317     4.1466    20.4918     3.2974
 50   -77.7332     0.8087  -151.6506     1.1886    53.5456     4.0692    20.3719     3.2397
 
 Mesh error is    1.572 kcal/mol
