 ERmod 0.3.8, Copyright (C) 2000-2019 Nobuyuki Matubayasi
                            2010-2019 Shun Sakuraba
 ERmod comes with ABSOLUTELY NO WARRANTY.
 This is free software, and you can redistribute it
 and/or modify it under certain conditions.
 See LICENSE file for details.
 ERmod 0.3.8, Copyright (C) 2000-2019 Nobuyuki Matubayasi
                            2010-2019 Shun Sakuraba
 ERmod comes with ABSOLUTELY NO WARRANTY.
 This is free software, and you can redistribute it
 and/or modify it under certain conditions.
 See LICENSE file for details.
 
  Number of the   1-th solvent  =          792
  Number of the   2-th solvent  =          792
  Number of the   3-th solvent  =        10000
 
  Be sure that the solvent distribution is homogeneous (radial distribution function is essentially unity) when the solvent molecule is separated beyond distance of   10.0 Angstrom in any direction from any atom within the solute molecule
 
  LJ long-range correction    =        -1.3175     -0.2494     -7.0203
 
  Self-energy of the solute   =        -0.0015  kcal/mol
 
 
 cumulative average & 95% error for solvation energy
              total             1st component         2nd component         3rd component
  1  -518.1300             -202.6134              -16.2147             -299.3003
  2  -519.5491     2.8383  -205.2089     5.1909   -30.1723    27.9152  -284.1664    30.2679
  3  -519.3098     1.7071  -204.5662     3.2610   -32.0335    16.5411  -282.7087    17.7167
  4  -519.8121     1.5704  -202.0929     5.4576   -36.9469    15.2764  -280.7708    13.1134
  5  -519.6862     1.2422  -202.9484     4.5606   -33.0399    14.1803  -283.6964    11.7223
  6  -519.2126     1.3878  -201.5218     4.6913   -28.8372    14.3075  -288.8521    14.0689
  7  -518.9308     1.3013  -201.0796     4.0623   -25.6701    13.6506  -292.1797    13.6262
  8  -518.6185     1.2885  -201.5170     3.6252   -22.9702    12.9966  -294.1298    12.4284
  9  -519.0410     1.4161  -202.1808     3.4618   -25.3329    12.3978  -291.5258    12.1352
 10  -519.1518     1.2858  -201.6565     3.2691   -26.9355    11.5428  -290.5583    11.0252
 11  -519.0398     1.1845  -201.7077     2.9588   -26.6340    10.4583  -290.6966     9.9765
 12  -518.8708     1.1329  -201.8177     2.7100   -24.7719    10.2478  -292.2797     9.6419
 13  -519.1519     1.1841  -201.8106     2.4928   -25.5434     9.5520  -291.7964     8.9218
 14  -519.8957     1.8479  -201.5579     2.3626   -31.9658    15.5947  -286.3706    13.6377
 15  -520.6429     2.2787  -201.5075     2.2018   -37.5636    18.3333  -281.5703    15.9172
 16  -521.1605     2.3697  -201.5013     2.0596   -41.4327    18.8142  -278.2251    16.3233
 17  -521.3687     2.2645  -201.3928     1.9468   -43.1861    18.0175  -276.7883    15.6000
 18  -521.7143     2.2441  -200.6916     2.3099   -46.6471    18.3432  -274.3741    15.4801
 19  -521.9473     2.1733  -200.5664     2.1993   -49.0732    18.0166  -272.3062    15.2156
 20  -522.1983     2.1220  -200.4355     2.1028   -50.4278    17.3055  -271.3335    14.5653
 21  -522.3244     2.0341  -200.4472     2.0003   -52.0454    16.7757  -269.8303    14.1768
 22  -522.7608     2.1268  -200.1587     1.9925   -55.3562    17.3114  -267.2444    14.4727
 23  -523.1282     2.1610  -200.2234     1.9083   -58.9039    17.9992  -263.9994    15.2763
 24  -523.1474     2.0693  -199.8199     1.9974   -60.1104    17.4010  -263.2156    14.7097
 25  -523.0883     1.9884  -199.9834     1.9435   -60.2193    16.6919  -262.8841    14.1246
 26  -523.1147     1.9111  -200.2358     1.9343   -60.9102    16.0965  -261.9673    13.6938
 27  -523.2465     1.8577  -200.2316     1.8613   -62.4428    15.7893  -260.5705    13.4697
 28  -523.3009     1.7935  -199.9494     1.8803   -63.2733    15.3053  -260.0767    13.0173
 29  -523.1550     1.7550  -200.2235     1.8953   -61.6062    15.1398  -261.3238    12.8056
 30  -523.3288     1.7308  -200.3271     1.8427   -62.4025    14.7129  -260.5977    12.4564
 31  -523.3701     1.6760  -200.2698     1.7859   -62.5111    14.2320  -260.5877    12.0479
 32  -523.4892     1.6402  -200.0358     1.7915   -63.6896    13.9802  -259.7623    11.7815
 33  -523.4645     1.5905  -199.9563     1.7436   -63.9973    13.5639  -259.5093    11.4301
 34  -523.6974     1.6117  -199.8908     1.6966   -65.8384    13.6644  -257.9666    11.5101
 35  -523.7353     1.5668  -199.9532     1.6521   -66.4527    13.3250  -257.3279    11.2492
 36  -523.7107     1.5235  -200.1378     1.6475   -66.3009    12.9532  -257.2706    10.9328
 37  -523.7438     1.4832  -200.2245     1.6117   -66.8535    12.6466  -256.6644    10.7021
 38  -523.7526     1.4438  -200.2699     1.5713   -67.0535    12.3158  -256.4277    10.4274
 39  -523.7296     1.4070  -200.4088     1.5556   -66.9643    11.9972  -256.3550    10.1576
 40  -523.7637     1.3731  -200.5026     1.5277   -67.3335    11.7167  -255.9260     9.9375
 41  -523.6621     1.3545  -200.7940     1.5999   -66.0530    11.7108  -256.8136     9.8533
 42  -523.7801     1.3428  -200.7957     1.5613   -66.8875    11.5498  -256.0954     9.7225
 43  -524.0906     1.4508  -200.5630     1.5940   -68.8377    11.9335  -254.6884     9.9020
 44  -524.2684     1.4614  -200.3789     1.6003   -70.1075    11.9325  -253.7805     9.8433
 45  -524.4111     1.4567  -200.2607     1.5821   -71.0304    11.8094  -253.1184     9.7128
 46  -524.3944     1.4251  -200.3019     1.5495   -71.0256    11.5499  -253.0655     9.4998
 47  -524.3523     1.3970  -200.4080     1.5310   -71.4024    11.3265  -252.5405     9.3546
 48  -524.5156     1.4060  -200.4359     1.4998   -72.3608    11.2525  -251.7174     9.3045
 49  -524.4981     1.3775  -200.2763     1.5031   -72.4872    11.0234  -251.7330     9.1126
 50  -524.5268     1.3509  -200.1051     1.5120   -73.0712    10.8636  -251.3491     8.9615
 
 
 group  inft  solvation free energy     error          difference
  total solvation free energy
   1      0        -90.40101           1.75489           0.06602
   1     60        -90.76305           1.75453          -0.29601
   1     80        -93.86644           1.75269          -3.39941
   1    100       -103.56919           1.75175         -13.10216
   2      0        -90.46268           1.77711           0.00436
   3      0        -90.46704           1.78193           0.00000
   4      0        -90.65540           1.78823          -0.18837
   5      0        -89.52568           1.79025           0.94135
   5     60        -90.03379           1.78968           0.43325
   5     80        -93.81173           1.78776          -3.34469
   5    100       -102.67310           1.78689         -12.20606
 
  contribution from  1-th solvent component
   1      0       -164.88549           1.70674          -0.29198
   1     60       -164.91622           1.70667          -0.32272
   1     80       -165.20056           1.70673          -0.60706
   1    100       -166.07029           1.70833          -1.47679
   2      0       -164.64425           1.74664          -0.05075
   3      0       -164.59350           1.75787           0.00000
   4      0       -164.25594           1.76084           0.33756
   5      0       -163.36121           1.76693           1.23229
   5     60       -163.40689           1.76690           1.18661
   5     80       -163.75462           1.76704           0.83888
   5    100       -164.55358           1.76871           0.03992
 
  contribution from  2-th solvent component
   1      0         44.23880           5.64801           0.34539
   1     60         44.27222           5.64823           0.37880
   1     80         44.43669           5.65027           0.54327
   1    100         44.75835           5.65767           0.86493
   2      0         43.92213           5.63976           0.02871
   3      0         43.89342           5.63565           0.00000
   4      0         43.35521           5.63467          -0.53820
   5      0         43.60286           5.63052          -0.29056
   5     60         43.63661           5.63078          -0.25681
   5     80         43.84084           5.63318          -0.05258
   5    100         44.16494           5.63974           0.27152
 
  contribution from  3-th solvent component
   1      0         30.24718           3.91757           0.01262
   1     60         29.88246           3.91870          -0.35209
   1     80         26.89893           3.92651          -3.33562
   1    100         17.74426           3.94520         -12.49030
   2      0         30.26096           3.91596           0.02640
   3      0         30.23456           3.91642           0.00000
   4      0         30.24684           3.91517           0.01228
   5      0         30.23418           3.91601          -0.00038
   5     60         29.73800           3.91760          -0.49656
   5     80         26.10356           3.92668          -4.13100
   5    100         17.71706           3.94365         -12.51750
 
 
 group  inft   Estimated free energy: total (kcal/mol)
   1      0     -81.7232     -96.8847     -84.4233     -90.6303     -82.9381
                -77.1304     -79.9417     -82.5477     -89.3103     -88.8995
                -83.7504     -81.4564     -89.4377     -92.2550    -102.2818
                -92.2171     -86.9909     -97.0147     -97.9037     -86.9241
                -81.6177     -83.0266     -99.3970     -84.9375     -88.1924
                -87.4726     -89.5502     -90.6111     -93.0687     -95.6021
                -95.1676     -93.0815     -96.6762    -102.3615     -93.8769
                -84.7250     -90.6206     -89.6715     -91.8200     -90.7645
                -95.4835     -95.9516     -98.9945     -98.4667     -93.9428
                -92.8950     -95.4534     -94.7177     -79.7748     -87.4691
   1     60     -82.0925     -97.2517     -84.7887     -90.9958     -83.3053
                -77.4985     -80.3108     -82.9138     -89.6788     -89.2698
                -84.1176     -81.8233     -89.8053     -92.6156    -102.6426
                -92.5772     -87.3543     -97.3793     -98.2639     -87.2889
                -81.9736     -83.3790     -99.7528     -85.2945     -88.5499
                -87.8333     -89.9073     -90.9700     -93.4359     -95.9648
                -95.5301     -93.4455     -97.0385    -102.7204     -94.2399
                -85.0842     -90.9771     -90.0323     -92.1786     -91.1212
                -95.8514     -96.3101     -99.3502     -98.8272     -94.3009
                -93.2566     -95.8116     -95.0758     -80.1358     -87.8298
   1     80     -85.2485    -100.3989     -87.9172     -94.1245     -86.4406
                -80.6366     -83.4610     -86.0411     -92.8237     -92.4314
                -87.2581     -84.9580     -92.9516     -95.7065    -105.7394
                -95.6671     -90.4616    -100.5096    -101.3615     -90.4090
                -85.0292     -86.4149    -102.8186     -88.3617     -91.6186
                -90.9329     -92.9727     -94.0571     -96.5818     -99.0710
                -98.6393     -96.5632    -100.1498    -105.8019     -97.3546
                -88.1613     -94.0370     -93.1229     -95.2540     -94.1845
                -98.9989     -99.3935    -102.4105    -101.9216     -97.3671
                -96.3609     -98.8913     -98.1505     -83.2286     -90.9267
   1    100     -95.0712    -110.2409     -97.6785    -103.8784     -96.2071
                -90.4234     -93.2682     -95.7787    -102.6360    -102.2838
                -97.0442     -94.7069    -102.7366    -105.3860    -115.4358
               -105.3261    -100.1628    -110.3163    -111.0715    -100.1486
                -94.5828     -95.9201    -112.4661     -97.9557    -101.2122
               -100.6456    -102.5830    -103.7248    -106.3962    -108.7764
               -108.3506    -106.3183    -109.8893    -115.4747    -107.1099
                -97.7783    -103.6060    -102.7835    -104.8648    -103.7669
               -108.8238    -109.0475    -112.0234    -111.6118    -106.9606
               -106.0854    -108.5616    -107.8021     -92.8986    -100.6388
   2      0     -81.5800     -97.0615     -84.5898     -90.7151     -83.2344
                -76.8558     -79.9860     -82.6355     -88.9762     -88.5086
                -83.8098     -81.6281     -89.2382     -92.1401    -102.4666
                -92.0959     -87.0064     -96.6113     -97.9738     -86.8829
                -81.8646     -82.5795     -99.1371     -84.8177     -87.9760
                -87.4931     -89.7983     -90.7569     -93.8425     -95.4676
                -95.4621     -93.1383     -97.3035    -102.7783     -93.7248
                -84.5898     -90.9177     -90.0600     -92.0907     -90.9660
                -96.3079     -96.0453     -98.8772     -98.1257     -94.0427
                -93.3444     -95.9630     -95.0075     -79.6110     -87.0486
   3      0     -81.8888     -97.2018     -84.4926     -90.9074     -83.0155
                -76.7557     -79.9686     -82.4957     -88.6290     -88.4036
                -83.7033     -81.5914     -89.2944     -92.0656    -102.5891
                -92.0875     -87.1663     -96.5608     -97.8885     -86.9616
                -82.1285     -82.5286     -98.8585     -84.7646     -88.1123
                -87.3593     -89.7917     -90.8422     -94.2348     -95.5217
                -95.4870     -93.0176     -97.3647    -102.9657     -93.6243
                -84.6699     -91.1170     -90.1092     -92.2464     -91.0570
                -96.3497     -95.8423     -98.8576     -97.9174     -94.1695
                -93.4491     -96.0493     -94.8644     -79.3745     -87.0098
   4      0     -81.7964     -97.3568     -84.7012     -91.0557     -83.4140
                -76.8848     -80.2942     -82.8722     -88.9816     -88.5468
                -83.9292     -82.0131     -89.4809     -92.5138    -102.4453
                -92.2134     -87.1833     -96.6841     -98.2006     -87.0843
                -82.0783     -82.7594     -99.2021     -84.7784     -88.2098
                -87.3349     -89.9958     -90.6767     -94.2211     -95.4971
                -96.0134     -93.3623     -97.5193    -103.1120     -93.9051
                -84.6990     -91.2287     -90.4042     -92.3216     -91.4082
                -96.8091     -96.1218     -99.1432     -98.3051     -94.3167
                -93.8602     -96.3334     -95.0676     -79.4377     -86.9962
   5      0     -80.7788     -96.4400     -83.8148     -90.1355     -82.5066
                -75.8342     -79.2288     -81.8480     -87.5183     -87.1620
                -82.5926     -80.8675     -88.2280     -90.9973    -101.5923
                -91.1996     -85.9609     -95.4299     -97.1638     -86.0573
                -81.0393     -81.4768     -97.5558     -83.9266     -87.3537
                -86.0773     -89.0301     -89.5585     -92.9365     -94.5481
                -94.5150     -92.0295     -96.5675    -102.1235     -92.5415
                -83.4967     -90.3532     -89.0113     -91.2357     -90.2506
                -95.2556     -94.9548     -98.2682     -97.2675     -93.6417
                -92.6850     -95.5074     -93.9039     -78.1020     -85.7147
   5     60     -81.2976     -96.9548     -84.3283     -90.6492     -83.0227
                -76.3509     -79.7470     -82.3627     -88.0347     -87.6807
                -83.1084     -81.3838     -88.7456     -91.5027    -102.0985
                -91.7050     -86.4703     -95.9404     -97.6689     -86.5688
                -81.5394     -81.9729     -98.0541     -84.4277     -87.8563
                -86.5834     -89.5315     -90.0625     -93.4517     -95.0565
                -95.0248     -92.5393     -97.0761    -102.6268     -93.0504
                -84.0009     -90.8544     -89.5177     -91.7397     -90.7521
                -95.7719     -95.4582     -98.7673     -97.7732     -94.1444
                -93.1920     -96.0092     -94.4064     -78.6080     -86.2194
   5     80     -85.1372    -100.7866     -88.1393     -94.4536     -86.8427
                -80.1700     -83.5782     -86.1639     -91.8653     -91.5285
                -86.9286     -85.1981     -92.5716     -95.2663    -105.8681
                -95.4647     -90.2528     -99.7511    -101.4402     -90.3681
                -85.2545     -85.6662    -101.7891     -88.1570     -91.5860
                -90.3607     -93.2696     -93.8200     -97.2800     -98.8373
                -98.8134     -96.3352    -100.8657    -106.3791     -96.8435
                -87.7455     -94.5779     -93.2803     -95.4814     -94.4826
                -99.6053     -99.2088    -102.4975    -101.5417     -97.8776
                -96.9739     -99.7618     -98.1554     -82.3734     -89.9910
   5    100     -94.1083    -109.7733     -97.0581    -103.3542     -95.7747
                -89.1082     -92.5319     -95.0544    -100.8326    -100.5281
                -95.8625     -94.1028    -101.5049    -104.1050    -114.7188
               -104.2820     -99.1141    -108.7026    -110.2993     -99.2631
                -93.9707     -94.3415    -110.5957     -96.9082    -100.3379
                -99.2357    -102.0628    -102.6465    -106.2454    -107.6983
               -107.6920    -105.2428    -109.7662    -115.2115    -105.7550
                -96.5256    -103.3172    -102.1069    -104.2562    -103.2400
               -108.5869    -108.0169    -111.2818    -110.3911    -106.6402
               -105.8597    -108.5966    -106.9801     -91.2075     -98.8588
 
 group  inft   Estimated free energy: 1-th solvent contribution (kcal/mol)
   1      0    -162.9908    -172.2310    -166.5036    -167.6398    -165.3211
               -157.8300    -160.3152    -169.8744    -165.1041    -160.0716
               -164.0322    -169.9523    -168.7268    -159.4019    -167.7433
               -160.5269    -160.8685    -155.2617    -167.7739    -160.2507
               -162.0209    -153.2702    -163.8656    -157.8418    -173.3533
               -164.9461    -162.8440    -161.7833    -176.0345    -165.9831
               -168.3515    -157.6352    -168.9170    -167.7393    -165.1206
               -169.8103    -170.2512    -169.5601    -174.3814    -170.1463
               -180.4579    -165.7503    -156.4153    -159.5172    -164.6947
               -168.0724    -172.0347    -164.3446    -154.5148    -152.1973
   1     60    -163.0223    -172.2619    -166.5348    -167.6705    -165.3525
               -157.8616    -160.3467    -169.9058    -165.1353    -160.1033
               -164.0631    -169.9832    -168.7576    -159.4325    -167.7740
               -160.5577    -160.8997    -155.2927    -167.8044    -160.2819
               -162.0515    -153.3007    -163.8956    -157.8726    -173.3834
               -164.9764    -162.8746    -161.8134    -176.0647    -166.0138
               -168.3824    -157.6664    -168.9472    -167.7696    -165.1514
               -169.8409    -170.2815    -169.5905    -174.4111    -170.1768
               -180.4875    -165.7811    -156.4458    -159.5479    -164.7251
               -168.1029    -172.0649    -164.3755    -154.5460    -152.2282
   1     80    -163.3120    -172.5495    -166.8219    -167.9570    -165.6402
               -158.1510    -160.6347    -170.1968    -165.4206    -160.3930
               -164.3497    -170.2714    -169.0445    -159.7131    -168.0582
               -160.8412    -161.1854    -155.5766    -168.0888    -160.5682
               -162.3344    -153.5817    -164.1728    -158.1568    -173.6674
               -165.2575    -163.1563    -162.0945    -176.3498    -166.2970
               -168.6692    -157.9520    -169.2298    -168.0518    -165.4361
               -170.1251    -170.5642    -169.8744    -174.6919    -170.4605
               -180.7700    -166.0658    -156.7251    -159.8304    -165.0067
               -168.3862    -172.3468    -164.6591    -154.8302    -152.5106
   1    100    -164.1924    -173.4317    -167.6986    -168.8379    -166.5145
               -159.0245    -161.5057    -171.0861    -166.2867    -161.2699
               -165.2243    -171.1545    -169.9216    -160.5663    -168.9291
               -161.7044    -162.0529    -156.4387    -168.9643    -161.4369
               -163.1993    -154.4389    -165.0244    -159.0233    -174.5483
               -166.1192    -164.0175    -162.9587    -177.2321    -167.1610
               -169.5477    -158.8196    -170.1003    -168.9202    -166.3074
               -170.9967    -171.4349    -170.7481    -175.5618    -171.3331
               -181.6501    -166.9373    -157.5749    -160.6915    -165.8706
               -169.2554    -173.2180    -165.5250    -155.6916    -153.3671
   2      0    -162.4364    -172.1006    -166.2022    -167.4117    -164.9941
               -157.4809    -159.9801    -169.7163    -164.7209    -159.7518
               -163.7847    -169.8466    -168.6786    -159.0950    -167.6635
               -160.0696    -160.6148    -154.7775    -167.6146    -160.0060
               -161.6971    -152.4459    -163.6215    -157.4017    -173.2068
               -164.5315    -162.4437    -161.5851    -176.0855    -165.7293
               -168.3126    -157.3164    -168.8177    -167.6550    -164.7744
               -169.7382    -170.1366    -169.4767    -174.3994    -170.0823
               -180.5644    -165.6030    -156.1233    -159.2176    -164.4339
               -167.9857    -171.9063    -164.1117    -154.1247    -151.7387
   3      0    -162.3755    -172.0978    -166.1316    -167.4384    -164.7971
               -157.4231    -159.8300    -169.6815    -164.5245    -159.6667
               -163.6873    -169.7296    -168.6398    -159.0077    -167.6110
               -159.9434    -160.5865    -154.6454    -167.5314    -159.9457
               -161.6911    -152.3385    -163.4973    -157.3742    -173.2543
               -164.3821    -162.3872    -161.4954    -176.1380    -165.6777
               -168.2663    -157.2573    -168.8363    -167.6381    -164.7327
               -169.8079    -170.2150    -169.4982    -174.4839    -170.0905
               -180.5734    -165.5702    -155.9969    -159.0664    -164.4250
               -167.9848    -171.9175    -164.0801    -154.0017    -151.7033
   4      0    -161.7652    -171.6858    -165.9039    -166.9879    -164.5391
               -157.1446    -159.6131    -169.4543    -164.2542    -159.3533
               -163.4208    -169.6452    -168.3353    -158.7728    -167.3046
               -159.5212    -160.0933    -154.4417    -167.2967    -159.6227
               -161.1469    -151.8881    -163.1853    -156.9445    -172.8811
               -163.8210    -162.0425    -161.0391    -175.8533    -165.1655
               -168.2369    -157.0358    -168.6231    -167.2803    -164.3504
               -169.3374    -169.7516    -169.1034    -174.0213    -169.7658
               -180.2234    -165.2312    -155.7320    -158.7374    -164.2061
               -167.6588    -171.6708    -163.8274    -153.6470    -151.2343
   5      0    -161.0020    -170.9613    -165.2634    -166.3751    -163.8198
               -156.2684    -158.6855    -168.5875    -163.0602    -158.2164
               -162.2527    -168.5737    -167.3607    -157.5983    -166.5915
               -158.7360    -159.1658    -153.3868    -166.4331    -158.7255
               -160.3604    -150.8881    -161.9136    -156.2727    -172.1101
               -162.9069    -161.2721    -160.1670    -174.6906    -164.4671
               -166.9732    -155.9433    -167.9248    -166.5589    -163.2909
               -168.3276    -169.1363    -168.1035    -173.2180    -168.8436
               -179.1336    -164.4112    -155.0315    -157.9515    -163.6549
               -166.8073    -170.9630    -162.8922    -152.5758    -150.2071
   5     60    -161.0488    -171.0073    -165.3097    -166.4210    -163.8664
               -156.3154    -158.7322    -168.6342    -163.1066    -158.2632
               -162.2990    -168.6201    -167.4068    -157.6435    -166.6371
               -158.7818    -159.2118    -153.4324    -166.4783    -158.7718
               -160.4058    -150.9331    -161.9581    -156.3182    -172.1552
               -162.9521    -161.3175    -160.2120    -174.7361    -164.5127
               -167.0192    -155.9893    -167.9700    -166.6040    -163.3365
               -168.3730    -169.1815    -168.1489    -173.2628    -168.8890
               -179.1786    -164.4569    -155.0765    -157.9970    -163.7002
               -166.8527    -171.0078    -162.9378    -152.6217    -150.2526
   5     80    -161.4023    -171.3587    -165.6617    -166.7712    -164.2186
               -156.6687    -159.0833    -168.9890    -163.4569    -158.6168
               -162.6498    -168.9728    -167.7569    -157.9863    -166.9847
               -159.1283    -159.5602    -153.7784    -166.8241    -159.1221
               -160.7515    -151.2748    -162.2980    -156.6643    -172.5017
               -163.2965    -161.6635    -160.5555    -175.0850    -164.8598
               -167.3702    -156.3383    -168.3165    -166.9490    -163.6844
               -168.7202    -169.5278    -168.4968    -173.6069    -169.2368
               -179.5249    -164.8055    -155.4191    -158.3433    -164.0455
               -167.2000    -171.3524    -163.2850    -152.9695    -150.5971
   5    100    -162.2096    -172.1685    -166.4690    -167.5806    -165.0228
               -157.4709    -159.8819    -169.8039    -164.2564    -159.4210
               -163.4550    -169.7851    -168.5617    -158.7690    -167.7844
               -159.9209    -160.3548    -154.5669    -167.6221    -159.9205
               -161.5454    -152.0570    -163.0816    -157.4568    -173.3084
               -164.0894    -162.4580    -161.3489    -175.8969    -165.6555
               -168.1781    -157.1345    -169.1186    -167.7462    -164.4835
               -169.5200    -170.3292    -169.3010    -174.4073    -170.0404
               -180.3364    -165.6071    -156.2020    -159.1360    -164.8409
               -167.9999    -172.1517    -164.0807    -153.7613    -151.3814
 
 group  inft   Estimated free energy: 2-th solvent contribution (kcal/mol)
   1      0      72.4269      53.6120      63.3969      56.1805      71.0104
                 80.4856      78.3744      82.6402      52.5857      53.8897
                 68.2340      84.4326      64.4975      22.6800      20.0496
                 29.0912      45.0796      21.2404      33.7473      43.7138
                 44.2180      22.8828      10.1898      39.2442      55.5247
                 41.2859      31.2453      38.5548      71.3908      36.0636
                 47.5971      27.3213      41.0675      15.3757      33.2237
                 55.6920      41.7054      46.7698      52.0274      42.9482
                 71.3894      28.3542       4.3884      15.5643      28.9424
                 44.2224      36.1416      21.7866      43.6187      25.8359
   1     60      72.4606      53.6440      63.4309      56.2152      71.0441
                 80.5193      78.4086      82.6760      52.6164      53.9210
                 68.2687      84.4687      64.5323      22.7112      20.0824
                 29.1249      45.1126      21.2705      33.7799      43.7461
                 44.2544      22.9198      10.2211      39.2801      55.5618
                 41.3177      31.2787      38.5890      71.4247      36.0967
                 47.6316      27.3525      41.1000      15.4070      33.2544
                 55.7273      41.7408      46.8034      52.0625      42.9844
                 71.4217      28.3887       4.4204      15.5969      28.9764
                 44.2551      36.1736      21.8175      43.6517      25.8674
   1     80      72.6242      53.7926      63.5950      56.3844      71.2098
                 80.6972      78.5801      82.8662      52.7551      54.0659
                 68.4406      84.6578      64.7020      22.8599      20.2368
                 29.2889      45.2782      21.4050      33.9373      43.9050
                 44.4446      23.1082      10.3688      39.4628      55.7601
                 41.4691      31.4455      38.7568      71.5903      36.2571
                 47.8057      27.4982      41.2555      15.5552      33.3946
                 55.9155      41.9262      46.9758      52.2454      43.1729
                 71.5811      28.5538       4.5721      15.7489      29.1497
                 44.4135      36.3268      21.9652      43.8172      26.0162
   1    100      72.9438      54.0511      63.9161      56.7267      71.5358
                 81.0677      78.9276      83.2791      52.9835      54.3179
                 68.7859      85.0711      65.0409      23.1297      20.5193
                 29.6044      45.6067      21.6152      34.2345      44.2082
                 44.8615      23.5139      10.6335      39.8481      56.2046
                 41.7510      31.7767      39.0889      71.9153      36.5635
                 48.1605      27.7520      41.5388      15.8153      33.6345
                 56.3198      42.3226      47.3261      52.6352      43.5771
                 71.8854      28.8723       4.8495      16.0232      29.5026
                 44.7088      36.6117      22.2309      44.1481      26.2807
   2      0      71.9750      53.2963      62.9187      55.8548      70.3649
                 80.3888      77.9710      82.3640      52.5063      53.9365
                 67.9125      84.1329      64.6339      22.4779      19.7735
                 28.7298      44.8124      21.1334      33.5079      43.4911
                 43.6425      22.5004      10.2021      38.8991      55.5678
                 40.8375      30.6009      38.1947      70.6520      35.9290
                 47.2513      26.9295      40.3311      14.8774      33.0222
                 55.7472      41.2912      46.2903      51.7627      42.6690
                 70.6462      28.0959       4.2040      15.6028      28.5669
                 43.6767      35.5095      21.2636      43.3908      25.7710
   3      0      71.6549      53.1848      62.9708      55.7052      70.4223
                 80.4600      77.8551      82.4752      52.7065      53.9888
                 67.9402      84.0806      64.5679      22.4797      19.6250
                 28.6351      44.6516      21.0966      33.5444      43.3860
                 43.3958      22.4676      10.3850      38.9607      55.5095
                 40.8554      30.5779      38.0503      70.3502      35.8600
                 47.2087      27.0202      40.3064      14.6811      33.0937
                 55.7679      41.1815      46.3067      51.7011      42.5947
                 70.6487      28.2814       4.1182      15.6879      28.4568
                 43.5846      35.4706      21.4076      43.5149      25.7949
   4      0      71.0570      52.6363      62.5378      55.0932      69.7573
                 80.0278      77.3309      81.8744      52.0519      53.5226
                 67.4406      83.5301      64.0488      21.8171      19.4572
                 28.0650      44.1375      20.7419      32.9886      42.9055
                 42.9100      21.7738       9.7329      38.4672      54.9798
                 40.3048      30.0317      37.7049      70.0629      35.3504
                 46.6461      26.4466      39.9375      14.2026      32.4300
                 55.2392      40.6249      45.5848      51.1557      41.9312
                 69.8435      27.6376       3.5513      14.9250      28.0846
                 42.8349      34.9508      20.9624      43.1010      25.3312
   5      0      71.3957      52.8350      62.7763      55.4052      69.9797
                 80.2158      77.4378      82.0623      52.3586      53.7946
                 67.5982      83.6428      64.3374      22.1522      19.6199
                 28.3300      44.4301      20.9445      33.2030      43.0889
                 43.1507      22.0846      10.0958      38.6791      55.1014
                 40.6779      30.2250      37.9651      70.1912      35.6111
                 46.8913      26.7001      40.2179      14.4788      32.7496
                 55.4502      40.8709      45.9760      51.4403      42.1640
                 70.2973      27.9990       3.7363      15.1943      28.2093
                 43.1624      35.0755      21.1927      43.3610      25.5865
   5     60      71.4297      52.8670      62.8100      55.4401      70.0134
                 80.2503      77.4725      82.0992      52.3892      53.8261
                 67.6335      83.6796      64.3725      22.1834      19.6529
                 28.3645      44.4635      20.9746      33.2358      43.1216
                 43.1881      22.1219      10.1273      38.7157      55.1396
                 40.7095      30.2584      37.9997      70.2255      35.6447
                 46.9263      26.7315      40.2506      14.5102      32.7798
                 55.4864      40.9070      46.0102      51.4761      42.2009
                 70.3298      28.0339       3.7683      15.2269      28.2438
                 43.1954      35.1077      21.2233      43.3945      25.6183
   5     80      71.6315      53.0510      63.0111      55.6521      70.2148
                 80.4697      77.6842      82.3362      52.5602      54.0056
                 67.8469      83.9129      64.5823      22.3678      19.8455
                 28.5694      44.6679      21.1417      33.4319      43.3184
                 43.4287      22.3559      10.3124      38.9459      55.3902
                 40.8971      30.4634      38.2092      70.4313      35.8454
                 47.1404      26.9128      40.4423      14.6939      32.9530
                 55.7205      41.1389      46.2243      51.7046      42.4348
                 70.5253      28.2428       3.9562      15.4157      28.4589
                 43.3908      35.2993      21.4038      43.6006      25.8025
   5    100      71.9524      53.3182      63.3333      56.0004      70.5332
                 80.8371      78.0310      82.7451      52.7986      54.2645
                 68.1954      84.3196      64.9237      22.6442      20.1359
                 28.8910      44.9937      21.3659      33.7365      43.6267
                 43.8489      22.7575      10.5893      39.3351      55.8327
                 41.1831      30.7876      38.5456      70.7574      36.1599
                 47.4877      27.1765      40.7272      14.9619      33.1987
                 56.1217      41.5330      46.5722      52.0919      42.8316
                 70.8260      28.5742       4.2383      15.6973      28.8125
                 43.6875      35.5914      21.6694      43.9326      26.0721
 
 group  inft   Estimated free energy: 3-th solvent contribution (kcal/mol)
   1      0       8.8423      21.7359      18.6849      20.8305      11.3742
                  0.2154       2.0006       4.6880      23.2096      17.2839
                 12.0493       4.0648      14.7931      44.4684      45.4134
                 39.2201      28.7995      37.0080      36.1244      29.6143
                 36.1867      47.3622      54.2803      33.6616      29.6377
                 36.1892      42.0499      32.6189      11.5765      34.3190
                 25.5884      37.2338      31.1748      50.0036      38.0215
                 29.3949      37.9267      33.1204      30.5355      36.4351
                 13.5865      41.4460      53.0339      45.4878      41.8110
                 30.9565      40.4413      47.8419      31.1228      38.8938
   1     60       8.4708      21.3678      18.3167      20.4610      11.0046
                 -0.1547       1.6288       4.3174      22.8416      16.9140
                 11.6783       3.6927      14.4215      44.1072      45.0505
                 38.8572      28.4342      36.6444      35.7621      29.2485
                 35.8250      47.0034      53.9231      33.2995      29.2732
                 35.8269      41.6901      32.2558      11.2056      33.9538
                 25.2222      36.8699      30.8102      49.6437      37.6586
                 29.0310      37.5650      32.7563      30.1715      36.0727
                 13.2159      41.0838      52.6767      45.1254      41.4493
                 30.5927      40.0813      47.4836      30.7599      38.5325
   1     80       5.4408      18.3594      15.3113      17.4497       7.9914
                 -3.1813      -1.4050       1.2910      19.8433      13.8972
                  8.6525       0.6572      11.3924      41.1482      42.0835
                 35.8867      25.4471      33.6635      32.7916      26.2558
                 32.8621      44.0602      50.9869      30.3338      26.2902
                 32.8571      38.7396      29.2821       8.1792      30.9704
                 22.2257      33.8921      27.8261      46.6963      34.6884
                 26.0498      34.6025      29.7772      27.1941      33.1046
                 10.1915      38.1200      49.7440      42.1614      38.4914
                 27.6134      37.1302      44.5449      27.7860      35.5692
   1    100      -3.8212       9.1412       6.1055       8.2343      -1.2269
                -12.4651     -10.6886      -7.9702      10.6686       4.6697
                 -0.6043      -8.6220       2.1456      32.0521      32.9756
                 26.7754      16.2849      24.5087      23.6598      17.0817
                 23.7565      35.0064      41.9262      21.2210      17.1330
                 23.7242      29.6593      20.1464      -1.0779      21.8226
                 13.0381      24.7508      18.6737      37.6318      25.5645
                 16.9001      25.5078      20.6400      18.0633      23.9906
                  0.9423      29.0190      40.7035      33.0580      29.4090
                 18.4627      28.0462      35.4935      18.6464      26.4491
   2      0       8.8830      21.7444      18.6953      20.8434      11.3962
                  0.2378       2.0246       4.7182      23.2399      17.3083
                 12.0640       4.0872      14.8081      44.4786      45.4249
                 39.2454      28.7974      37.0343      36.1344      29.6335
                 36.1916      47.3675      54.2838      33.6864      29.6645
                 36.2024      42.0461      32.6350      11.5925      34.3342
                 25.6007      37.2500      31.1846      50.0009      38.0289
                 29.4027      37.9293      33.1279      30.5475      36.4488
                 13.6118      41.4632      53.0435      45.4907      41.8258
                 30.9662      40.4353      47.8421      31.1244      38.9207
   3      0       8.8333      21.7126      18.6697      20.8272      11.3609
                  0.2089       2.0079       4.7121      23.1906      17.2758
                 12.0453       4.0591      14.7790      44.4639      45.3984
                 39.2223      28.7701      36.9896      36.1000      29.5997
                 36.1683      47.3438      54.2553      33.6504      29.6340
                 36.1689      42.0192      32.6044      11.5545      34.2976
                 25.5721      37.2210      31.1667      49.9929      38.0162
                 29.3716      37.9179      33.0839      30.5380      36.4403
                 13.5765      41.4479      53.0226      45.4626      41.8001
                 30.9526      40.3991      47.8096      31.1137      38.9001
   4      0       8.9133      21.6942      18.6664      20.8405      11.3693
                  0.2336       1.9895       4.7092      23.2222      17.2854
                 12.0524       4.1035      14.8071      44.4434      45.4036
                 39.2442      28.7740      37.0172      36.1090      29.6344
                 36.1602      47.3565      54.2517      33.7004      29.6930
                 36.1829      42.0165      32.6590      11.5709      34.3195
                 25.5790      37.2284      31.1679      49.9672      38.0168
                 29.4007      37.8995      33.1159      30.5455      36.4280
                 13.5724      41.4733      53.0389      45.5088      41.8063
                 30.9652      40.3881      47.7989      31.1098      38.9084
   5      0       8.8291      21.6879      18.6738      20.8359      11.3350
                  0.2200       2.0205       4.6787      23.1849      17.2613
                 12.0635       4.0650      14.7967      44.4503      45.3809
                 39.2080      28.7763      37.0139      36.0678      29.5808
                 36.1719      47.3281      54.2635      33.6685      29.6566
                 36.1533      42.0185      32.6450      11.5645      34.3095
                 25.5683      37.2152      31.1409      49.9581      38.0013
                 29.3822      37.9137      33.1178      30.5435      36.4305
                 13.5821      41.4589      53.0284      45.4912      41.8054
                 30.9614      40.3816      47.7971      31.1143      38.9074
   5     60       8.3230      21.1871      18.1729      20.3332      10.8318
                 -0.2843       1.5142       4.1738      22.6842      16.7580
                 11.5586       3.5582      14.2902      43.9589      44.8872
                 38.7138      28.2794      36.5189      35.5750      29.0828
                 35.6798      46.8399      53.7782      33.1763      29.1608
                 35.6606      41.5290      32.1513      11.0604      33.8130
                 25.0696      36.7200      30.6448      49.4685      37.5079
                 28.8872      37.4217      32.6226      30.0486      35.9376
                 13.0783      40.9663      52.5425      44.9985      41.3135
                 30.4668      39.8924      47.3096      30.6208      38.4164
   5     80       4.6350      17.5227      14.5127      16.6671       7.1627
                 -3.9694      -2.1775       0.4904      19.0330      13.0843
                  7.8758      -0.1368      10.6046      40.3537      41.2726
                 35.0957      24.6410      32.8871      31.9535      25.4371
                 32.0698      43.2543      50.1980      29.5629      25.5270
                 32.0402      37.9320      28.5278       7.3752      30.1786
                 21.4180      33.0917      27.0100      45.8775      33.8893
                 25.2557      33.8126      28.9937      26.4223      32.3210
                  9.3959      37.3555      48.9669      41.3874      37.7105
                 26.8367      36.2929      43.7273      26.9970      34.8052
   5    100      -3.8497       9.0785       6.0791       8.2275      -1.2836
                -12.4729     -10.6795      -7.9942      10.6268       4.6300
                 -0.6014      -8.6358       2.1346      32.0214      32.9312
                 26.7494      16.2485      24.4999      23.5878      17.0322
                 23.7274      34.9595      41.8981      21.2150      17.1394
                 23.6722      29.6091      20.1583      -1.1045      21.7987
                 12.9999      24.7167      18.6267      37.5743      25.5313
                 16.8741      25.4805      20.6234      18.0607      23.9702
                  0.9251      29.0175      40.6833      33.0492      29.3898
                 18.4543      27.9652      35.4328      18.6228      26.4521
 
 
 cumulative average & 95% error for solvation free energy
              total             1st component         2nd component         3rd component
  1   -81.8888             -162.3755               71.6549                8.8333
  2   -89.5453    15.3131  -167.2366     9.7223    62.4199    18.4701    15.2730    12.8793
  3   -87.8611     9.4610  -166.8683     5.6613    62.6035    10.6700    16.4052     7.7731
  4   -88.6227     6.8611  -167.0108     4.0133    60.8789     8.2959    17.5107     5.9244
  5   -87.5012     5.7685  -166.5681     3.2323    62.7876     7.4743    16.2807     5.2068
  6   -85.7103     5.9172  -165.0439     4.0321    65.7330     8.4820    13.6021     6.8392
  7   -84.8901     5.2631  -164.2991     3.7191    67.4647     7.9614    11.9458     6.6621
  8   -84.5908     4.5971  -164.9719     3.4906    69.3410     7.8499    11.0416     6.0463
  9   -85.0395     4.1524  -164.9222     3.0800    67.4927     7.8480    12.3915     5.9769
 10   -85.3759     3.7745  -164.3966     2.9486    66.1424     7.5211    12.8799     5.4344
 11   -85.2238     3.4277  -164.3321     2.6702    66.3058     6.8110    12.8040     4.9179
 12   -84.9211     3.1871  -164.7819     2.5983    67.7870     6.8872    12.0753     4.7201
 13   -85.2575     3.0079  -165.0787     2.4626    67.5394     6.3547    12.2833     4.3617
 14   -85.7438     2.9497  -164.6450     2.4393    64.3209     8.7206    14.5819     6.1189
 15   -86.8668     3.5476  -164.8428     2.3051    61.3411    10.0710    16.6363     7.0237
 16   -87.1931     3.3820  -164.5366     2.2415    59.2970    10.2694    18.0479     7.1510
 17   -87.1916     3.1769  -164.3042     2.1562    58.4355     9.7991    18.6786     6.8346
 18   -87.7121     3.1709  -163.7676     2.2988    56.3611    10.1274    19.6959     6.7573
 19   -88.2477     3.1849  -163.9657     2.2102    55.1602     9.8761    20.5593     6.6209
 20   -88.1834     3.0242  -163.7647     2.1350    54.5715     9.4430    21.0113     6.3458
 21   -87.8950     2.9339  -163.6660     2.0404    54.0394     9.0449    21.7331     6.2063
 22   -87.6511     2.8395  -163.1511     2.2011    52.6043     9.0890    22.8972     6.3590
 23   -88.1384     2.8830  -163.1661     2.1035    50.7687     9.4290    24.2606     6.6601
 24   -87.9978     2.7745  -162.9248     2.0710    50.2767     9.0810    24.6518     6.4244
 25   -88.0024     2.6613  -163.3380     2.1514    50.4860     8.7202    24.8511     6.1749
 26   -87.9777     2.5573  -163.3781     2.0686    50.1156     8.4108    25.2864     5.9962
 27   -88.0448     2.4645  -163.3414     1.9918    49.3919     8.2217    25.9062     5.9015
 28   -88.1447     2.3832  -163.2755     1.9239    48.9869     7.9639    26.1454     5.7069
 29   -88.3547     2.3376  -163.7190     2.0574    49.7236     7.8244    25.6422     5.5978
 30   -88.5936     2.3083  -163.7843     1.9920    49.2614     7.6154    25.9308     5.4387
 31   -88.8160     2.2765  -163.9289     1.9482    49.1952     7.3668    25.9192     5.2603
 32   -88.9473     2.2198  -163.7204     1.9319    48.5023     7.2663    26.2724     5.1420
 33   -89.2024     2.2111  -163.8754     1.8979    48.2539     7.0601    26.4207     4.9926
 34   -89.6072     2.2928  -163.9861     1.8545    47.2665     7.1284    27.1140     5.0381
 35   -89.7220     2.2381  -164.0074     1.8013    46.8615     6.9689    27.4255     4.9316
 36   -89.5816     2.1931  -164.1686     1.7799    47.1089     6.7906    27.4795     4.7938
 37   -89.6231     2.1346  -164.3320     1.7617    46.9487     6.6123    27.7617     4.6965
 38   -89.6359     2.0778  -164.4679     1.7362    46.9318     6.4360    27.9017     4.5798
 39   -89.7028     2.0283  -164.7248     1.7673    47.0541     6.2736    27.9693     4.4629
 40   -89.7367     1.9781  -164.8589     1.7434    46.9426     6.1188    28.1811     4.3704
 41   -89.8980     1.9560  -165.2422     1.8651    47.5208     6.0787    27.8249     4.3216
 42   -90.0395     1.9298  -165.2500     1.8202    47.0627     6.0026    28.1492     4.2671
 43   -90.2446     1.9285  -165.0348     1.8288    46.0640     6.1923    28.7277     4.3243
 44   -90.4190     1.9161  -164.8992     1.8072    45.3737     6.2055    29.1080     4.2928
 45   -90.5023     1.8805  -164.8886     1.7667    44.9977     6.1124    29.3901     4.2341
 46   -90.5664     1.8436  -164.9559     1.7331    44.9670     5.9784    29.4240     4.1416
 47   -90.6830     1.8190  -165.1040     1.7215    44.7650     5.8638    29.6575     4.0793
 48   -90.7702     1.7892  -165.0827     1.6858    44.2784     5.8222    30.0357     4.0644
 49   -90.5376     1.8130  -164.8566     1.7119    44.2628     5.7022    30.0577     3.9808
 50   -90.4670     1.7819  -164.5935     1.7579    43.8934     5.6357    30.2346     3.9164
 
 Mesh error is    0.941 kcal/mol
