 ERmod 0.3.8, Copyright (C) 2000-2019 Nobuyuki Matubayasi
                            2010-2019 Shun Sakuraba
 ERmod comes with ABSOLUTELY NO WARRANTY.
 This is free software, and you can redistribute it
 and/or modify it under certain conditions.
 See LICENSE file for details.
 ERmod 0.3.8, Copyright (C) 2000-2019 Nobuyuki Matubayasi
                            2010-2019 Shun Sakuraba
 ERmod comes with ABSOLUTELY NO WARRANTY.
 This is free software, and you can redistribute it
 and/or modify it under certain conditions.
 See LICENSE file for details.
 
  Number of the   1-th solvent  =          792
  Number of the   2-th solvent  =          792
  Number of the   3-th solvent  =        10000
 
  Be sure that the solvent distribution is homogeneous (radial distribution function is essentially unity) when the solvent molecule is separated beyond distance of   10.0 Angstrom in any direction from any atom within the solute molecule
 
  LJ long-range correction    =        -1.3175     -0.2494     -7.0203
 
  Self-energy of the solute   =        -0.0098  kcal/mol
 
 
 cumulative average & 95% error for solvation energy
              total             1st component         2nd component         3rd component
  1  -480.6715             -168.9442               39.0068             -350.7243
  2  -478.8056     3.7318  -174.6596    11.4309    48.2549    18.4961  -352.3910     3.3334
  3  -477.0603     4.1019  -180.5601    13.5211    65.6401    36.3733  -362.1304    19.5736
  4  -479.2862     5.3133  -182.0982    10.0435    47.6640    44.2048  -344.8422    37.2436
  5  -481.3135     5.7774  -181.6793     7.8246    29.2085    50.3473  -328.8329    43.0981
  6  -481.2926     4.7174  -182.3278     6.5191    27.1445    41.3152  -326.0995    35.6116
  7  -481.5367     4.0167  -184.0987     6.5498    26.8674    34.9221  -324.2956    30.3127
  8  -481.4428     3.4837  -184.3154     5.6888    25.4737    30.3716  -322.5912    26.4720
  9  -481.5555     3.0806  -184.3642     5.0180    24.2810    26.8912  -321.4625    23.4550
 10  -482.0943     2.9586  -184.0052     4.5453    19.3498    25.9957  -317.4291    22.4762
 11  -482.0448     2.6780  -183.9193     4.1150    19.2262    23.5153  -317.3419    20.3313
 12  -482.5005     2.6090  -183.4634     3.8655    16.3847    22.2060  -315.4120    18.9569
 13  -482.7942     2.4708  -184.0697     3.7568    15.6491    20.4794  -314.3638    17.5634
 14  -483.0570     2.3471  -184.2408     3.4950    14.7345    19.0483  -313.5409    16.3436
 15  -483.2984     2.2378  -183.8212     3.3601    12.9350    18.0946  -312.4024    15.3845
 16  -483.5291     2.1435  -183.6636     3.1589    11.2376    17.2630  -311.0932    14.6272
 17  -483.8454     2.1105  -183.0798     3.1887     9.2767    16.6833  -310.0324    13.9026
 18  -483.6155     2.0422  -183.4738     3.1079    12.2269    16.7995  -312.3588    13.9088
 19  -483.3074     2.0277  -183.6216     2.9546    15.2144    16.9769  -314.8904    14.0971
 20  -483.0367     1.9983  -183.8551     2.8416    18.1911    17.1708  -317.3629    14.2586
 21  -482.9833     1.9038  -183.9553     2.7103    19.1415    16.4429  -318.1596    13.6559
 22  -483.0398     1.8187  -183.8381     2.5948    18.4932    15.7312  -317.6850    13.0550
 23  -482.8639     1.7731  -183.9003     2.4825    19.2498    15.1077  -318.2036    12.5175
 24  -482.5186     1.8327  -184.1492     2.4284    21.2892    15.0286  -319.6488    12.3282
 25  -482.2623     1.8311  -184.1459     2.3293    22.9341    14.7856  -321.0407    12.1481
 26  -482.2659     1.7592  -184.0965     2.2401    22.8063    14.2078  -320.9659    11.6725
 27  -482.4182     1.7200  -184.2134     2.1682    21.9679    13.7739  -320.1629    11.3461
 28  -482.3018     1.6737  -184.3118     2.0985    22.6450    13.3418  -320.6252    10.9724
 29  -482.1074     1.6611  -184.5316     2.0721    23.7619    13.0659  -321.3279    10.6801
 30  -482.1854     1.6124  -184.1405     2.1492    22.3531    12.9335  -320.3883    10.4877
 31  -482.2966     1.5753  -183.8248     2.1725    20.3822    13.1157  -318.8443    10.6034
 32  -482.4301     1.5485  -183.7051     2.1171    19.2823    12.8884  -317.9974    10.4055
 33  -482.6706     1.5760  -183.4760     2.1025    16.9805    13.3129  -316.1654    10.7302
 34  -482.8720     1.5811  -183.2326     2.0970    15.1363    13.4318  -314.7659    10.7796
 35  -482.9678     1.5472  -183.2180     2.0364    14.0500    13.2221  -313.7901    10.6474
 36  -483.1224     1.5350  -182.8905     2.0845    12.8652    13.0662  -313.0872    10.4425
 37  -483.0373     1.5026  -182.9089     2.0277    13.5279    12.7771  -313.6465    10.2178
 38  -482.8455     1.5120  -183.1199     2.0183    15.1856    12.8707  -314.9014    10.2571
 39  -482.8450     1.4727  -182.9827     1.9849    14.9780    12.5432  -314.8305     9.9916
 40  -482.8926     1.4386  -183.0486     1.9391    14.3723    12.2855  -314.2065     9.8182
 41  -482.9605     1.4096  -183.1812     1.9097    14.1440    11.9908  -313.9135     9.5937
 42  -483.0214     1.3810  -183.2950     1.8776    13.7946    11.7227  -313.5112     9.3970
 43  -483.0620     1.3510  -183.2890     1.8334    13.4435    11.4683  -313.2067     9.1960
 44  -482.9643     1.3343  -183.1947     1.8012    13.9706    11.2541  -313.7304     9.0454
 45  -482.8248     1.3338  -183.0319     1.7905    14.4925    11.0506  -314.2756     8.9091
 46  -482.8613     1.3065  -183.0174     1.7514    14.0925    10.8373  -313.9266     8.7412
 47  -482.8534     1.2785  -183.1697     1.7406    14.2251    10.6075  -313.8989     8.5534
 48  -482.9652     1.2715  -183.3198     1.7302    13.4280    10.5058  -313.0635     8.5384
 49  -483.0333     1.2527  -183.2325     1.7035    12.8348    10.3574  -312.6258     8.4080
 50  -483.0256     1.2275  -183.2274     1.6691    13.1005    10.1620  -312.8889     8.2549
 
 
 group  inft  solvation free energy     error          difference
  total solvation free energy
   1      0        -73.60985           1.25559           0.90923
   1     60        -74.01027           1.25637           0.50881
   1     80        -77.27538           1.26303          -2.75630
   1    100        -87.58033           1.28706         -13.06126
   2      0        -73.74619           1.27190           0.77289
   3      0        -74.51908           1.27189           0.00000
   4      0        -73.88248           1.28425           0.63659
   5      0        -75.68345           1.29487          -1.16437
   5     60        -76.22785           1.29595          -1.70877
   5     80        -80.19368           1.30436          -5.67460
   5    100        -89.65339           1.32680         -15.13431
 
  contribution from  1-th solvent component
   1      0       -145.85152           1.47024          -0.20431
   1     60       -145.88590           1.47024          -0.23869
   1     80       -146.18763           1.47052          -0.54042
   1    100       -147.13441           1.47266          -1.48720
   2      0       -145.41104           1.49330           0.23617
   3      0       -145.64721           1.49916           0.00000
   4      0       -144.62226           1.50329           1.02496
   5      0       -146.28752           1.50997          -0.64030
   5     60       -146.33796           1.51000          -0.69075
   5     80       -146.70741           1.51037          -1.06020
   5    100       -147.57450           1.51229          -1.92729
 
  contribution from  2-th solvent component
   1      0         74.00616           4.87418           1.08882
   1     60         74.01992           4.87419           1.10258
   1     80         74.14934           4.87420           1.23200
   1    100         74.37774           4.87442           1.46040
   2      0         73.42098           4.85767           0.50364
   3      0         72.91734           4.85357           0.00000
   4      0         72.58710           4.84945          -0.33024
   5      0         72.48855           4.84459          -0.42879
   5     60         72.51256           4.84460          -0.40478
   5     80         72.67674           4.84436          -0.24060
   5    100         72.88860           4.84403          -0.02874
 
  contribution from  3-th solvent component
   1      0         -1.75468           4.71849           0.02472
   1     60         -2.13448           4.71945          -0.35508
   1     80         -5.22728           4.72730          -3.44788
   1    100        -14.81385           4.75652         -13.03445
   2      0         -1.74632           4.72143           0.03308
   3      0         -1.77940           4.72111           0.00000
   4      0         -1.83752           4.72381          -0.05812
   5      0         -1.87468           4.72430          -0.09528
   5     60         -2.39264           4.72558          -0.61324
   5     80         -6.15321           4.73539          -4.37381
   5    100        -14.95768           4.76257         -13.17828
 
 
 group  inft   Estimated free energy: total (kcal/mol)
   1      0     -73.0915     -78.9952     -81.5149     -70.7845     -74.1622
                -70.2985     -73.6931     -70.3707     -70.2029     -69.2838
                -73.0144     -72.7361     -69.1173     -73.0188     -75.8249
                -70.8337     -67.9712     -75.8664     -77.9164     -81.6820
                -78.1840     -80.8237     -77.6605     -78.8337     -74.4013
                -77.2213     -78.8318     -75.5859     -76.3509     -62.0590
                -63.6322     -70.5196     -70.0583     -77.1502     -67.2995
                -74.0073     -79.2596     -77.1667     -76.6463     -71.3803
                -73.5765     -78.0929     -67.5198     -67.8008     -72.2916
                -71.0934     -71.9241     -70.3748     -76.9485     -73.4191
   1     60     -73.4981     -79.3979     -81.9213     -71.1828     -74.5555
                -70.6934     -74.0923     -70.7658     -70.6012     -69.6773
                -73.4144     -73.1341     -69.5167     -73.4147     -76.2257
                -71.2298     -68.3683     -76.2693     -78.3212     -82.0914
                -78.5899     -81.2255     -78.0674     -79.2397     -74.8102
                -77.6253     -79.2341     -75.9911     -76.7567     -62.4577
                -64.0269     -70.9187     -70.4485     -77.5462     -67.6974
                -74.4115     -79.6654     -77.5696     -77.0478     -71.7781
                -73.9761     -78.4914     -67.9177     -68.2036     -72.6921
                -71.4891     -72.3256     -70.7690     -77.3473     -73.8229
   1     80     -76.8158     -82.6875     -85.2503     -74.4238     -77.7776
                -73.9247     -77.3527     -73.9924     -73.8499     -72.8921
                -76.6677     -76.3764     -72.7710     -76.6494     -79.4887
                -74.4581     -71.6026     -79.5529     -81.6290     -85.4359
                -81.8894     -84.5061     -81.3838     -82.5537     -78.1299
                -80.9117     -82.5098     -79.2906     -80.0629     -65.7117
                -67.2368     -74.1641     -73.6291     -80.7716     -70.9407
                -77.7000     -82.9733     -80.8618     -80.3198     -75.0235
                -77.2339     -81.7412     -71.1615     -71.4845     -75.9564
                -74.7237     -75.5971     -73.9863     -80.6065     -77.1094
   1    100     -87.2895     -93.1094     -95.8470     -84.6332     -87.9433
                -84.1434     -87.6508     -84.1967     -84.1019     -83.0453
                -86.9369     -86.5980     -83.0238     -86.8695     -89.7874
                -84.6411     -81.7851     -89.9412     -92.1096     -96.0311
                -92.2911     -94.8479     -91.8531     -93.0341     -88.6067
                -91.2560     -92.8279     -89.6856     -90.4931     -75.9536
                -77.3528     -84.3750     -83.6577     -90.9267     -81.1580
                -88.0549     -93.4167     -91.3085     -90.6345     -85.2507
                -87.4971     -92.0001     -81.4061     -81.8447     -86.2828
                -84.9453     -85.9122     -84.1284     -90.8786     -87.4528
   2      0     -73.1492     -79.3852     -81.8679     -70.7684     -74.0629
                -70.5623     -74.2639     -70.7687     -70.3080     -69.1934
                -73.1469     -72.9924     -69.3172     -73.3634     -76.0720
                -70.8455     -67.9777     -76.0638     -78.2666     -81.9606
                -78.3357     -80.8765     -77.8612     -79.1635     -74.7042
                -77.1288     -78.8298     -75.8474     -76.2514     -61.8598
                -63.6270     -70.4603     -69.9599     -77.3060     -67.0372
                -73.6900     -79.3889     -77.7439     -76.7124     -71.2340
                -73.9247     -78.0361     -67.7844     -68.1571     -72.3553
                -71.5064     -72.2089     -70.6091     -76.8981     -73.4754
   3      0     -74.0448     -80.2893     -82.6370     -71.6704     -74.8367
                -71.2941     -75.0216     -71.7202     -71.1710     -69.9822
                -73.7638     -73.7515     -70.2262     -74.2660     -76.6866
                -71.5263     -68.9102     -76.8774     -78.9216     -82.6132
                -79.0336     -81.5330     -78.6503     -80.0555     -75.6507
                -77.9109     -79.5991     -76.7244     -77.1842     -62.4965
                -64.2853     -71.1127     -70.7195     -77.9861     -67.8376
                -74.2534     -80.0803     -78.6657     -77.4846     -71.9769
                -74.5239     -78.7698     -68.5018     -68.9209     -73.2579
                -72.4086     -72.9525     -71.3391     -77.6891     -74.1398
   4      0     -73.2329     -79.6872     -82.0735     -70.6920     -74.0392
                -70.7788     -74.3755     -70.9582     -70.4552     -69.3498
                -73.1186     -73.1677     -69.4653     -73.5320     -76.0919
                -70.9173     -67.9509     -76.4855     -78.5201     -82.2339
                -78.2889     -80.9178     -77.9335     -79.3439     -74.8596
                -77.2322     -79.0467     -75.8904     -76.5238     -61.6727
                -63.6264     -70.5181     -70.0196     -77.5014     -67.0476
                -73.7099     -79.5186     -78.0184     -76.9278     -71.2784
                -74.1660     -78.2294     -67.8628     -68.4947     -72.6844
                -71.9226     -72.4103     -70.8545     -76.9196     -73.5787
   5      0     -75.1079     -81.5318     -83.8647     -72.6484     -76.1295
                -72.5850     -76.2406     -72.9290     -72.5748     -70.9508
                -74.8552     -74.9944     -71.4975     -75.3468     -77.6970
                -72.4026     -69.7028     -78.3149     -80.1818     -83.9775
                -80.2633     -82.9385     -79.7339     -81.3501     -76.6557
                -79.0502     -81.0980     -77.8360     -78.2997     -63.3595
                -65.1257     -72.1480     -71.8955     -79.2905     -68.8355
                -75.3670     -81.3559     -79.8055     -78.5915     -73.1647
                -75.8041     -79.9463     -69.4898     -70.3080     -74.5599
                -73.7309     -74.2521     -72.4002     -78.5833     -75.4001
   5     60     -75.6602     -82.0798     -84.4174     -73.1901     -76.6648
                -73.1226     -76.7838     -73.4663     -73.1162     -71.4860
                -75.3986     -75.5351     -72.0397     -75.8851     -78.2415
                -72.9411     -70.2428     -78.8627     -80.7328     -84.5344
                -80.8146     -83.4856     -80.2865     -81.9021     -77.2116
                -79.5990     -81.6447     -78.3870     -78.8521     -63.9023
                -65.6615     -72.6907     -72.4258     -79.8280     -69.3764
                -75.9157     -81.9074     -80.3528     -79.1376     -73.7053
                -76.3478     -80.4881     -70.0300     -70.8553     -75.1042
                -74.2693     -74.7981     -72.9362     -79.1259     -75.9498
   5     80     -79.6903     -86.0773     -88.4692     -77.1254     -80.5755
                -77.0525     -80.7425     -77.3871     -77.0628     -75.3903
                -79.3525     -79.4716     -75.9848     -79.8148     -82.2017
                -76.8623     -74.1680     -82.8508     -84.7581     -88.6013
                -84.8228     -87.4716     -84.3129     -85.9284     -81.2479
                -83.5877     -85.6221     -82.3940     -82.8700     -67.8559
                -69.5582     -76.6303     -76.2855     -83.7408     -73.3149
                -79.9061     -85.9274     -84.3539     -83.1097     -77.6449
                -80.3049     -84.4372     -73.9686     -74.8444     -79.0694
                -78.1982     -78.7705     -76.8423     -83.0844     -79.9407
   5    100     -89.3070     -95.6499     -98.2081     -86.4997     -89.9000
                -86.4475     -90.1997     -86.7590     -86.4801     -84.7092
                -88.7839     -88.8562     -85.3885     -89.2025     -91.6468
                -86.2139     -83.5134     -92.3835     -94.3911     -98.3342
                -94.3722     -96.9649     -93.9126     -95.5475     -90.8663
                -93.0730     -95.0879     -91.9340     -92.4433     -77.2577
                -78.8369     -86.0064     -85.4808     -93.0528     -82.6894
                -89.4001     -95.5144     -93.9474     -92.5675     -87.0299
                -89.7347     -93.8608     -83.3704     -84.3708     -88.5523
                -87.5819     -88.2449     -86.1526     -92.5078     -89.4340
 
 group  inft   Estimated free energy: 1-th solvent contribution (kcal/mol)
   1      0    -134.8760    -148.3193    -152.4223    -146.4955    -143.4344
               -146.0519    -152.2083    -148.6720    -145.8052    -142.5559
               -147.2166    -143.5274    -145.7835    -146.9390    -142.9414
               -143.2890    -138.6752    -152.6495    -150.1804    -150.1535
               -149.3637    -149.0725    -148.5694    -153.4919    -148.4061
               -149.4500    -148.4548    -150.1140    -151.7099    -131.5924
               -135.3265    -141.7919    -142.1937    -144.3089    -138.9903
               -133.5346    -149.3340    -153.4253    -146.0267    -145.8826
               -150.0899    -151.6163    -139.6220    -139.7351    -144.4538
               -144.5487    -148.0731    -148.7034    -144.8392    -147.6591
   1     60    -134.9111    -148.3536    -152.4578    -146.5295    -143.4681
               -146.0859    -152.2426    -148.7059    -145.8397    -142.5899
               -147.2512    -143.5617    -145.8177    -146.9727    -142.9760
               -143.3232    -138.7096    -152.6839    -150.2155    -150.1889
               -149.3983    -149.1062    -148.6044    -153.5262    -148.4412
               -149.4847    -148.4890    -150.1485    -151.7447    -131.6272
               -135.3604    -141.8262    -142.2270    -144.3428    -139.0247
               -133.5696    -149.3684    -153.4600    -146.0610    -145.9168
               -150.1241    -151.6503    -139.6567    -139.7702    -144.4884
               -144.5825    -148.1076    -148.7371    -144.8732    -147.6934
   1     80    -135.2154    -148.6563    -152.7665    -146.8290    -143.7661
               -146.3843    -152.5446    -149.0059    -146.1412    -142.8884
               -147.5550    -143.8628    -146.1179    -147.2701    -143.2779
               -143.6235    -139.0104    -152.9881    -150.5227    -150.4964
               -149.7011    -149.4033    -148.9116    -153.8289    -148.7478
               -149.7890    -148.7886    -150.4524    -152.0505    -131.9291
               -135.6567    -142.1264    -142.5221    -144.6415    -139.3250
               -133.8721    -149.6710    -153.7657    -146.3627    -146.2177
               -150.4255    -151.9496    -139.9587    -140.0747    -144.7924
               -144.8818    -148.4101    -149.0355    -145.1724    -147.9951
   1    100    -136.1583    -149.6124    -153.7338    -147.7692    -144.7033
               -147.3197    -153.4935    -149.9554    -147.0863    -143.8250
               -148.5111    -144.8066    -147.0549    -148.2063    -144.2234
               -144.5655    -139.9493    -153.9511    -151.4875    -151.4582
               -150.6533    -150.3416    -149.8750    -154.7871    -149.7108
               -150.7485    -149.7293    -151.4074    -153.0114    -132.8621
               -136.5798    -143.0639    -143.4528    -145.5804    -140.2606
               -134.8069    -150.6236    -154.7334    -147.3145    -147.1607
               -151.3729    -152.8960    -140.8975    -141.0200    -145.7495
               -145.8228    -149.3568    -149.9755    -146.1114    -148.9446
   2      0    -134.3367    -147.9145    -152.0618    -146.0839    -142.9586
               -145.6328    -151.8988    -148.2692    -145.3030    -142.0586
               -146.8483    -143.1199    -145.2350    -146.5624    -142.4616
               -142.7980    -138.0363    -152.2954    -149.8304    -149.7698
               -148.9831    -148.7024    -148.1828    -153.1440    -148.0884
               -149.0697    -147.9967    -149.7727    -151.2794    -130.9634
               -134.7160    -141.2980    -141.7303    -143.8947    -138.2753
               -132.8838    -149.0466    -153.0605    -145.6320    -145.4486
               -149.7136    -151.2420    -139.0466    -139.1952    -144.0509
               -144.0712    -147.6368    -148.2671    -144.4128    -147.2727
   3      0    -134.6396    -148.2244    -152.2788    -146.3644    -143.2186
               -145.8147    -152.1619    -148.5039    -145.5485    -142.3013
               -147.0030    -143.2994    -145.5187    -146.8175    -142.6312
               -142.9357    -138.2690    -152.5466    -150.0622    -150.0218
               -149.2664    -148.9824    -148.4406    -153.4568    -148.3828
               -149.3277    -148.1926    -150.0371    -151.5489    -131.1466
               -134.8503    -141.4818    -141.9483    -144.1032    -138.5873
               -133.0213    -149.3217    -153.3475    -145.9069    -145.7039
               -149.9102    -151.4645    -139.2113    -139.3823    -144.3160
               -144.2792    -147.9078    -148.4666    -144.7110    -147.4965
   4      0    -133.4549    -147.1120    -151.4480    -145.2361    -142.0794
               -144.9592    -151.1426    -147.5256    -144.4910    -141.3196
               -146.1097    -142.3030    -144.2180    -145.6753    -141.5734
               -141.9949    -137.0640    -151.4211    -149.2088    -149.0286
               -148.1463    -147.9742    -147.3103    -152.3530    -147.2091
               -148.2924    -147.2559    -149.0588    -150.6240    -130.1747
               -133.8944    -140.5008    -140.9584    -143.1673    -137.4367
               -132.0603    -148.3441    -152.2850    -144.7733    -144.5418
               -149.0840    -150.5869    -138.1089    -138.4629    -143.3522
               -143.2772    -146.8179    -147.5026    -143.6260    -146.5684
   5      0    -135.2608    -148.8251    -153.0603    -147.0670    -143.9547
               -146.5476    -152.8569    -149.3316    -146.3582    -142.8667
               -147.6808    -143.9466    -146.0901    -147.3096    -143.1416
               -143.4115    -138.7734    -153.1640    -150.7306    -150.6935
               -149.9494    -149.8028    -149.0792    -154.1400    -148.8857
               -149.9147    -149.0732    -150.8010    -152.1762    -131.7095
               -135.3706    -142.0040    -142.6876    -144.8507    -139.0604
               -133.6567    -150.0527    -153.8795    -146.3950    -146.2851
               -150.6056    -152.1653    -139.6979    -140.0409    -145.0138
               -144.9473    -148.5417    -148.9637    -145.2940    -148.2610
   5     60    -135.3123    -148.8759    -153.1122    -147.1171    -144.0041
               -146.5976    -152.9074    -149.3815    -146.4085    -142.9164
               -147.7315    -143.9968    -146.1403    -147.3593    -143.1919
               -143.4617    -138.8237    -153.2147    -150.7820    -150.7453
               -150.0002    -149.8526    -149.1305    -154.1907    -148.9374
               -149.9653    -149.1235    -150.8519    -152.2275    -131.7602
               -135.4202    -142.0543    -142.7365    -144.9004    -139.1107
               -133.7076    -150.1035    -153.9304    -146.4453    -146.3351
               -150.6558    -152.2152    -139.7486    -140.0921    -145.0645
               -144.9969    -148.5924    -149.0131    -145.3439    -148.3115
   5     80    -135.6866    -149.2475    -153.4902    -147.4843    -144.3682
               -146.9643    -153.2775    -149.7493    -146.7776    -143.2820
               -148.1028    -144.3645    -146.5069    -147.7247    -143.5599
               -143.8296    -139.1915    -153.5862    -151.1580    -151.1225
               -150.3720    -150.2184    -149.5052    -154.5623    -149.3140
               -150.3361    -149.4919    -151.2249    -152.6022    -132.1294
               -135.7830    -142.4219    -143.0976    -145.2657    -139.4785
               -134.0778    -150.4758    -154.3035    -146.8142    -146.7021
               -151.0241    -152.5824    -140.1185    -140.4652    -145.4357
               -145.3615    -148.9627    -149.3778    -145.7111    -148.6811
   5    100    -136.5553    -150.1250    -154.3763    -148.3467    -145.2243
               -147.8251    -154.1484    -150.6194    -147.6434    -144.1403
               -148.9764    -145.2265    -147.3630    -148.5856    -144.4213
               -144.6931    -140.0506    -154.4637    -152.0409    -152.0049
               -151.2462    -151.0828    -150.3833    -155.4415    -150.1979
               -151.2092    -150.3569    -152.1015    -153.4824    -132.9834
               -136.6289    -143.2817    -143.9487    -146.1244    -140.3359
               -134.9343    -151.3527    -155.1855    -147.6831    -147.5626
               -151.8909    -153.4507    -140.9790    -141.3331    -146.3097
               -146.2184    -149.8300    -150.2366    -146.5729    -149.5508
 
 group  inft   Estimated free energy: 2-th solvent contribution (kcal/mol)
   1      0      85.3226      94.8060     114.7846      66.0873      43.8581
                 76.1910      80.5209      77.6344      76.3594      56.7938
                 76.6844      62.3486      72.6388      70.1097      60.8076
                 61.3912      59.3600     100.8492     101.0159     101.8453
                 84.3479      67.1682      82.8366      98.6987      98.9900
                 76.7059      64.9219      87.0046      91.9666      58.4903
                 50.2528      61.0781      43.3199      45.3081      55.7130
                 50.2848      83.0866     105.7122      70.7936      63.5393
                 71.1500      66.2032      66.8867      87.3470      87.6985
                 65.8126      78.1515      57.7705      57.5033      82.1568
   1     60      85.3362      94.8209     114.7979      66.1018      43.8711
                 76.2051      80.5345      77.6489      76.3730      56.8076
                 76.6987      62.3620      72.6522      70.1237      60.8206
                 61.4054      59.3742     100.8642     101.0295     101.8582
                 84.3622      67.1811      82.8497      98.7125      99.0043
                 76.7199      64.9355      87.0189      91.9805      58.5032
                 50.2672      61.0919      43.3349      45.3222      55.7264
                 50.2982      83.0997     105.7263      70.8081      63.5526
                 71.1630      66.2167      66.9002      87.3601      87.7123
                 65.8260      78.1650      57.7842      57.5166      82.1710
   1     80      85.4615      94.9586     114.9217      66.2402      43.9908
                 76.3378      80.6631      77.7900      76.5039      56.9412
                 76.8352      62.4910      72.7830      70.2554      60.9401
                 61.5409      59.5102     101.0092     101.1536     101.9738
                 84.4933      67.2975      82.9670      98.8390      99.1414
                 76.8489      65.0597      87.1529      92.1097      58.6228
                 50.4052      61.2227      43.4832      45.4562      55.8504
                 50.4176      83.2171     105.8594      70.9431      63.6817
                 71.2849      66.3419      67.0263      87.4885      87.8487
                 65.9524      78.2916      57.9191      57.6370      82.3067
   1    100      85.6737      95.2118     115.1320      66.5003      44.1796
                 76.5743      80.8890      78.0622      76.7432      57.1859
                 77.0856      62.7256      73.0274      70.4923      61.1328
                 61.7882      59.7645     101.2970     101.3679     102.1562
                 84.7211      67.4745      83.1509      99.0517      99.3967
                 77.0746      65.2638      87.3965      92.3334      58.8184
                 50.6652      61.4578      43.7778      45.6992      56.0576
                 50.6025      83.3983     106.1045      71.1875      63.9105
                 71.4933      66.5519      67.2443      87.7187      88.1064
                 66.1669      78.5115      58.1677      57.8317      82.5624
   2      0      84.7369      93.9975     114.0947      65.6874      43.4501
                 75.5015      79.6207      76.8249      75.7463      56.3508
                 76.2015      61.6702      71.8605      69.3845      60.0664
                 60.8751      58.6861     100.2856     100.3272     101.2104
                 83.8168      66.7294      82.2404      98.0463      98.3615
                 76.4051      64.4604      86.3879      91.6387      58.0545
                 49.6412      60.6458      42.9118      44.7221      55.2235
                 49.9471      82.6737     104.7856      70.3337      63.2454
                 70.4208      65.8669      66.0260      86.4393      87.2191
                 64.9108      77.4319      57.0784      57.1111      81.6953
   3      0      84.1434      93.4329     113.5879      65.0887      42.9658
                 74.9837      79.1487      76.1496      75.1664      55.8181
                 75.7795      61.1254      71.2374      68.7578      59.6383
                 60.3773      58.0316      99.7451      99.9340     100.8373
                 83.4317      66.3779      81.7527      97.4999      97.7389
                 75.9094      63.9250      85.8084      91.0059      57.6497
                 49.1354      60.2202      42.4322      44.2876      54.7792
                 49.5504      82.3098     104.1796      69.8608      62.7920
                 70.0693      65.4065      65.5231      85.9088      86.6288
                 64.2434      76.9914      56.5841      56.6206      81.2951
   4      0      83.8315      92.9763     113.4188      64.9991      42.6889
                 74.7173      78.8393      75.9607      74.9033      55.5315
                 75.6057      60.7654      70.7425      68.3730      59.2304
                 60.1144      57.8153      99.0886      99.5730     100.3216
                 83.1268      66.0239      81.3962      97.1785      97.3991
                 75.6093      63.6191      85.7361      90.8033      57.5531
                 48.9011      59.8968      42.1650      43.9002      54.4184
                 49.2108      81.9471     103.8336      69.3290      62.3743
                 69.6404      65.1267      65.1036      85.5010      86.2856
                 63.7896      76.4925      56.1403      56.3636      80.9931
   5      0      83.8092      92.9166     113.2779      64.9124      42.4890
                 74.5414      78.7298      75.8080      74.6735      55.5172
                 75.4519      60.6310      70.6300      68.2566      59.2372
                 60.0460      57.8137      99.0401      99.4445     100.2706
                 82.9908      65.9148      81.4173      96.9913      97.3449
                 75.4774      63.4180      85.5624      90.6118      57.4112
                 48.8951      59.7934      42.0342      43.8308      54.3390
                 49.1715      81.8312     103.6621      69.3385      62.2888
                 69.5368      65.0187      65.1163      85.2991      86.1313
                 63.6811      76.4225      56.0961      56.4146      80.8900
   5     60      83.8334      92.9422     113.3012      64.9374      42.5121
                 74.5656      78.7537      75.8333      74.6974      55.5412
                 75.4767      60.6547      70.6541      68.2810      59.2603
                 60.0709      57.8385      99.0660      99.4675     100.2931
                 83.0155      65.9374      81.4400      97.0156      97.3697
                 75.5016      63.4420      85.5870      90.6357      57.4338
                 48.9199      59.8176      42.0603      43.8556      54.3624
                 49.1948      81.8542     103.6867      69.3632      62.3122
                 69.5593      65.0422      65.1402      85.3225      86.1557
                 63.7047      76.4462      56.1201      56.4375      80.9146
   5     80      83.9933      93.1166     113.4541      65.1132      42.6653
                 74.7303      78.9168      76.0112      74.8630      55.7109
                 75.6477      60.8189      70.8231      68.4491      59.4132
                 60.2435      58.0113      99.2503      99.6209     100.4390
                 83.1813      66.0853      81.5897      97.1770      97.5414
                 75.6657      63.6014      85.7579      90.7982      57.5849
                 49.0966      59.9842      42.2507      44.0290      54.5205
                 49.3477      82.0042     103.8556      69.5353      62.4759
                 69.7122      65.1990      65.3019      85.4817      86.3283
                 63.8646      76.6072      56.2904      56.5903      81.0871
   5    100      84.1933      93.3507     113.6423      65.3539      42.8440
                 74.9418      79.1255      76.2582      75.0824      55.9378
                 75.8766      61.0352      71.0517      68.6689      59.5940
                 60.4737      58.2450      99.5157      99.8107     100.6073
                 83.3935      66.2538      81.7648      97.3782      97.7742
                 75.8778      63.7971      85.9875      91.0042      57.7670
                 49.3413      60.2039      42.5275      44.2616      54.7153
                 49.5257      82.1779     104.0795      69.7645      62.6890
                 69.9011      65.3907      65.5052      85.6861      86.5654
                 64.0606      76.8118      56.5173      56.7738      81.3252
 
 group  inft   Estimated free energy: 3-th solvent contribution (kcal/mol)
   1      0     -23.5282     -25.4721     -43.8674       9.6335      25.4240
                 -0.4279      -1.9958       0.6768      -0.7473      16.4881
                 -2.4724       8.4525       4.0371       3.8203       6.3187
                 11.0740      11.3538     -24.0563     -28.7422     -33.3640
                -13.1584       1.0905     -11.9179     -24.0307     -24.9753
                 -4.4673       4.7109     -12.4668     -16.5978      11.0529
                 21.4512      10.2040      28.8253      21.8604      15.9875
                  9.2522     -13.0024     -29.4439      -1.4034      10.9728
                  5.3731       7.3301       5.2253     -15.4029     -15.5264
                  7.6525      -1.9928      20.5679      10.3971      -7.9071
   1     60     -23.9134     -25.8554     -44.2516       9.2547      25.0513
                 -0.8029      -2.3744       0.3011      -1.1248      16.1148
                 -2.8520       8.0754       3.6586       3.4441       5.9396
                 10.6978      10.9768     -24.4398     -29.1254     -33.7509
                -13.5440       0.7095     -12.3029     -24.4162     -25.3635
                 -4.8508       4.3291     -12.8517     -16.9827      10.6762
                 21.0761       9.8254      28.4534      21.4842      15.6108
                  8.8697     -13.3869     -29.8260      -1.7851      10.5959
                  4.9949       6.9520       4.8486     -15.7836     -15.9061
                  7.2773      -2.3732      20.1937      10.0191      -8.2908
   1     80     -27.0521     -28.9800     -47.3957       6.1748      22.0075
                 -3.8684      -5.4614      -2.7667      -4.2029      13.0650
                 -5.9381       5.0052       0.5737       0.3750       2.8590
                  7.6343       7.9075     -27.5641     -32.2501     -36.9034
                -16.6717      -2.3905     -15.4293     -27.5539     -28.5137
                 -7.9617       1.2289     -15.9813     -20.1123       7.6044
                 18.0245       6.7494      25.4196      18.4235      12.5438
                  5.7643     -16.5097     -32.9457      -4.8904       7.5222
                  1.9165       3.8764       1.7806     -18.8884     -19.0029
                  4.2155      -5.4687      17.1399       6.9387     -11.4112
   1    100     -36.7951     -38.6990     -57.2354      -3.3546      12.5902
                -13.3882     -15.0365     -12.2937     -13.7491       3.6037
                -15.5015      -4.5072      -8.9864      -9.1457      -6.6870
                 -1.8540      -1.5905     -37.2772     -41.9802     -46.7194
                -26.3491     -11.9711     -25.1191     -37.2889     -38.2829
                -17.5724      -8.3527     -25.6649     -29.8052      -1.9001
                  8.5716      -2.7591      16.0271       8.9643       3.0549
                 -3.8406     -26.1815     -42.6698     -14.4977      -1.9907
                 -7.6077      -5.6462      -7.7431     -28.5336     -28.6299
                 -5.2796     -15.0572       7.6892      -2.5891     -21.0608
   2      0     -23.5396     -25.4584     -43.8910       9.6379      25.4554
                 -0.4213      -1.9760       0.6854      -0.7415      16.5242
                 -2.4903       8.4670       4.0671       3.8242       6.3330
                 11.0873      11.3823     -24.0442     -28.7536     -33.3914
                -13.1597       1.1064     -11.9090     -24.0559     -24.9675
                 -4.4545       4.7163     -12.4528     -16.6008      11.0589
                 21.4575      10.2017      28.8684      21.8764      16.0244
                  9.2566     -13.0062     -29.4592      -1.4043      10.9791
                  5.3779       7.3488       5.2460     -15.3915     -15.5137
                  7.6638      -1.9942      20.5893      10.4134      -7.8882
   3      0     -23.5388     -25.4880     -43.9363       9.6151      25.4258
                 -0.4533      -1.9986       0.6439      -0.7792      16.5108
                 -2.5306       8.4322       4.0649       3.8035       6.3161
                 11.0418      11.3370     -24.0660     -28.7836     -33.4189
                -13.1892       1.0813     -11.9525     -24.0888     -24.9970
                 -4.4828       4.6783     -12.4860     -16.6315      11.0102
                 21.4395      10.1586      28.8064      21.8392      15.9803
                  9.2274     -13.0586     -29.4880      -1.4287      10.9448
                  5.3268       7.2981       5.1962     -15.4375     -15.5608
                  7.6370      -2.0263      20.5531      10.4111      -7.9285
   4      0     -23.5997     -25.5417     -44.0346       9.5549      25.3611
                 -0.5271      -2.0624       0.6166      -0.8577      16.4480
                 -2.6049       8.3797       4.0199       3.7802       6.2609
                 10.9730      11.3076     -24.1432     -28.8745     -33.5171
                -13.2596       1.0424     -12.0096     -24.1596     -25.0399
                 -4.5393       4.6000     -12.5579     -16.6933      10.9587
                 21.3768      10.0957      28.7836      21.7754      15.9805
                  9.1494     -13.1118     -29.5573      -1.4736      10.8989
                  5.2874       7.2405       5.1523     -15.5230     -15.6079
                  7.5748      -2.0751      20.5177      10.3525      -7.9936
   5      0     -23.6465     -25.6135     -44.0724       9.5160      25.3460
                 -0.5690      -2.1037       0.6044      -0.8803      16.4085
                 -2.6164       8.3310       3.9724       3.7160       6.2171
                 10.9728      11.2668     -24.1812     -28.8859     -33.5448
                -13.2949       0.9593     -12.0622     -24.1917     -25.1050
                 -4.6030       4.5669     -12.5875     -16.7255      10.9486
                 21.3596      10.0724      28.7676      21.7393      15.8958
                  9.1280     -13.1246     -29.5784      -1.5252      10.8414
                  5.2746       7.2100       5.1015     -15.5564     -15.6676
                  7.5451      -2.1231      20.4772      10.3059      -8.0194
   5     60     -24.1714     -26.1363     -44.5966       8.9993      24.8371
                 -1.0808      -2.6203       0.0917      -1.3953      15.8991
                 -3.1340       7.8168       3.4563       3.2030       5.6999
                 10.4595      10.7522     -24.7042     -29.4085     -34.0724
                -13.8200       0.4393     -12.5862     -24.7172     -25.6341
                 -5.1255       4.0467     -13.1123     -17.2505      10.4340
                 20.8486       9.5559      28.2602      21.2266      15.3817
                  8.6070     -13.6483     -30.0993      -2.0457      10.3274
                  4.7586       6.6947       4.5881     -16.0759     -16.1857
                  7.0327      -2.6421      19.9667       9.7904      -8.5431
   5     80     -27.9872     -29.9366     -48.4233       5.2555      21.1373
                 -4.8087      -6.3720      -3.6393      -5.1383      12.1906
                 -6.8876       4.0838      -0.2912      -0.5294       1.9549
                  6.7336       7.0220     -28.5051     -33.2111     -37.9080
                -17.6223      -3.3287     -16.3876     -28.5333     -29.4655
                 -8.9075       0.2782     -16.9172     -21.0562       6.6983
                 17.1380       5.8172      24.5713      17.5058      11.6529
                  4.8339     -17.4460     -33.8961      -5.8210       6.5910
                  1.0168       2.9560       0.8578     -19.8511     -19.9523
                  3.3086      -6.4052      16.2549       6.0462     -12.3369
   5    100     -36.9352     -38.8658     -57.4643      -3.4971      12.4901
                -13.5544     -15.1670     -12.3880     -13.9093       3.5031
                -15.6743      -4.6551      -9.0674      -9.2760      -6.8096
                 -1.9847      -1.6980     -37.4257     -42.1511     -46.9268
                -26.5098     -12.1261     -25.2842     -37.4744     -38.4328
                -17.7318      -8.5183     -25.8102     -29.9553      -2.0315
                  8.4605      -2.9188      15.9503       8.8197       2.9409
                 -3.9817     -26.3298     -42.8316     -14.6391      -2.1465
                 -7.7350      -5.7910      -7.8868     -28.7139     -28.7982
                 -5.4143     -15.2168       7.5766      -2.6988     -21.1986
 
 
 cumulative average & 95% error for solvation free energy
              total             1st component         2nd component         3rd component
  1   -74.0448             -134.6396               84.1434              -23.5388
  2   -77.1670     6.2445  -141.4320    13.5848    88.7882     9.2896   -24.5134     1.9493
  3   -78.9904     5.1280  -145.0476    10.6680    97.0547    17.3813   -30.9877    12.9974
  4   -77.1604     5.1520  -145.3768     7.5721    89.0632    20.1622   -20.8370    22.2848
  5   -76.6956     4.0976  -144.9452     5.9285    79.8438    24.1641   -11.5844    25.3063
  6   -75.7954     3.7994  -145.0901     4.8493    79.0337    19.7963    -9.7292    20.9930
  7   -75.6848     3.2186  -146.1003     4.5694    79.0502    16.7309    -8.6249    17.8793
  8   -75.1893     2.9584  -146.4008     4.0026    78.6876    14.5076    -7.4663    15.6563
  9   -74.7428     2.7576  -146.3061     3.5350    78.2964    12.8184    -6.7233    13.8873
 10   -74.2667     2.6439  -145.9056     3.2617    76.0485    12.3150    -4.3999    13.2619
 11   -74.2210     2.3932  -146.0054     2.9570    76.0241    11.1394    -4.2299    12.0007
 12   -74.1819     2.1861  -145.7799     2.7368    74.7825    10.4677    -3.1748    11.1565
 13   -73.8776     2.1010  -145.7598     2.5178    74.5098     9.6443    -2.6179    10.3227
 14   -73.9053     1.9459  -145.8353     2.3359    74.0990     8.9666    -2.1592     9.6009
 15   -74.0908     1.8491  -145.6217     2.2162    73.1349     8.5672    -1.5942     9.0091
 16   -73.9305     1.7592  -145.4538     2.1001    72.3376     8.1710    -0.8044     8.5740
 17   -73.6352     1.7548  -145.0312     2.1462    71.4961     7.8577    -0.0902     8.1796
 18   -73.8153     1.6932  -145.4487     2.1890    73.0654     8.0458    -1.4222     8.1589
 19   -74.0841     1.6894  -145.6915     2.1267    74.4796     8.1191    -2.8623     8.2375
 20   -74.5105     1.8155  -145.9081     2.0635    75.7975     8.1410    -4.3901     8.3909
 21   -74.7259     1.7798  -146.0680     1.9887    76.1610     7.7777    -4.8091     8.0252
 22   -75.0353     1.8063  -146.2005     1.9146    75.7163     7.4689    -4.5414     7.6705
 23   -75.1925     1.7544  -146.2979     1.8398    75.9788     7.1560    -4.8636     7.3577
 24   -75.3951     1.7279  -146.5961     1.8597    76.8755     7.0822    -5.6646     7.2243
 25   -75.4053     1.6575  -146.6676     1.7895    77.7100     6.9951    -6.4379     7.0998
 26   -75.5017     1.6041  -146.7699     1.7315    77.6408     6.7221    -6.3627     6.8229
 27   -75.6535     1.5731  -146.8226     1.6694    77.1328     6.5476    -5.9538     6.6161
 28   -75.6917     1.5178  -146.9374     1.6250    77.4426     6.3398    -6.1871     6.3925
 29   -75.7432     1.4681  -147.0964     1.5999    77.9103     6.1884    -6.5473     6.2101
 30   -75.3016     1.6708  -146.5648     1.8761    77.2350     6.1292    -5.9620     6.1126
 31   -74.9463     1.7654  -146.1869     1.9656    76.3285     6.1992    -5.0781     6.1708
 32   -74.8265     1.7260  -146.0398     1.9258    75.8251     6.0862    -4.6019     6.0502
 33   -74.7020     1.6913  -145.9159     1.8829    74.8132     6.2364    -3.5896     6.2038
 34   -74.7986     1.6522  -145.8625     1.8298    73.9154     6.3110    -2.8417     6.2016
 35   -74.5997     1.6529  -145.6547     1.8248    73.3687     6.2249    -2.3039     6.1171
 36   -74.5901     1.6064  -145.3038     1.9072    72.7071     6.1925    -1.9836     5.9792
 37   -74.7385     1.5903  -145.4123     1.8676    72.9666     6.0451    -2.2829     5.8461
 38   -74.8418     1.5616  -145.6212     1.8652    73.7880     6.1089    -2.9988     5.8675
 39   -74.9096     1.5271  -145.6285     1.8168    73.6873     5.9537    -2.9586     5.7157
 40   -74.8363     1.4956  -145.6304     1.7708    73.4149     5.8284    -2.6110     5.6142
 41   -74.8286     1.4588  -145.7348     1.7396    73.3333     5.6868    -2.4174     5.4892
 42   -74.9225     1.4359  -145.8712     1.7195    73.1446     5.5626    -2.1861     5.3768
 43   -74.7732     1.4336  -145.7163     1.7073    72.9673     5.4432    -2.0144     5.2615
 44   -74.6402     1.4257  -145.5724     1.6927    73.2614     5.3505    -2.3194     5.1766
 45   -74.6094     1.3950  -145.5444     1.6556    73.5585     5.2639    -2.6137     5.0944
 46   -74.5616     1.3677  -145.5169     1.6202    73.3560     5.1641    -2.3909     5.0023
 47   -74.5274     1.3400  -145.5678     1.5886    73.4333     5.0554    -2.3831     4.8948
 48   -74.4609     1.3185  -145.6282     1.5598    73.0823     4.9985    -1.9053     4.8861
 49   -74.5268     1.2980  -145.6095     1.5281    72.7464     4.9413    -1.6539     4.8116
 50   -74.5191     1.2719  -145.6472     1.4992    72.9173     4.8536    -1.7794     4.7211
 
 Mesh error is    1.164 kcal/mol
