 ERmod 0.3.7, Copyright (C) 2000-2019 Nobuyuki Matubayasi
                            2010-2019 Shun Sakuraba
 ERmod comes with ABSOLUTELY NO WARRANTY.
 This is free software, and you can redistribute it
 and/or modify it under certain conditions.
 See LICENSE file for details.
 ERmod 0.3.7, Copyright (C) 2000-2019 Nobuyuki Matubayasi
                            2010-2019 Shun Sakuraba
 ERmod comes with ABSOLUTELY NO WARRANTY.
 This is free software, and you can redistribute it
 and/or modify it under certain conditions.
 See LICENSE file for details.
 
  Number of the   1-th solvent  =          109
  Number of the   2-th solvent  =          109
  Number of the   3-th solvent  =        10000
 
  Be sure that the solvent distribution is homogeneous (radial distribution function is essentially unity) when the solvent molecule is separated beyond distance of   10.0 Angstrom in any direction from any atom within the solute molecule
 
  LJ long-range correction    =        -0.0920     -0.0084     -1.7235
 
  Self-energy of the solute   =         0.0017  kcal/mol
 
 
 cumulative average & 95% error for solvation energy
              total             1st component         2nd component         3rd component
  1  -120.6497               -9.1142                2.2015             -113.7387
  2  -120.5551     0.1891    -9.3616     0.4949     1.9483     0.5064  -113.1435     1.1904
  3  -120.6324     0.1893    -9.5301     0.4418     1.2710     1.3858  -112.3750     1.6836
  4  -120.7787     0.3218    -9.5784     0.3270     0.5819     1.6911  -111.7839     1.6778
  5  -120.7576     0.2528    -9.7507     0.4277     0.6408     1.3152  -111.6494     1.3272
  6  -120.7655     0.2070    -9.6918     0.3686     0.6407     1.0739  -111.7162     1.0918
  7  -120.6663     0.2645    -9.6974     0.3117     1.3063     1.6112  -112.2770     1.4525
  8  -120.6198     0.2472    -9.7192     0.2735     1.6214     1.5310  -112.5237     1.3512
  9  -120.5632     0.2457    -9.6200     0.3123     1.8906     1.4536  -112.8354     1.3449
 10  -120.5727     0.2206    -9.6356     0.2811     1.8944     1.3002  -112.8333     1.2029
 
 
 group  inft  solvation free energy     error          difference
  total solvation free energy
   1      0        -28.35613           0.19804           0.07986
   1     60        -28.44616           0.19788          -0.01018
   1     80        -29.08914           0.19794          -0.65316
   1    100        -31.31889           0.19932          -2.88291
   2      0        -28.41329           0.18932           0.02269
   3      0        -28.43598           0.19175           0.00000
   4      0        -28.40137           0.18735           0.03461
   5      0        -28.37069           0.18200           0.06529
   5     60        -28.48965           0.18196          -0.05367
   5     80        -29.28597           0.18177          -0.84998
   5    100        -31.33612           0.18290          -2.90013
 
  contribution from  1-th solvent component
   1      0         -6.90178           0.13639          -0.10661
   1     60         -6.90236           0.13640          -0.10719
   1     80         -6.91033           0.13643          -0.11516
   1    100         -6.94116           0.13659          -0.14599
   2      0         -6.82098           0.13721          -0.02581
   3      0         -6.79517           0.13994           0.00000
   4      0         -6.77515           0.13911           0.02002
   5      0         -6.76765           0.14147           0.02752
   5     60         -6.76932           0.14146           0.02584
   5     80         -6.78060           0.14150           0.01457
   5    100         -6.80970           0.14158          -0.01453
 
  contribution from  2-th solvent component
   1      0          3.10765           0.67966           0.17205
   1     60          3.11092           0.67978           0.17532
   1     80          3.12190           0.67992           0.18630
   1    100          3.14509           0.68070           0.20950
   2      0          2.98795           0.69841           0.05236
   3      0          2.93560           0.70789           0.00000
   4      0          2.87917           0.71776          -0.05642
   5      0          2.85725           0.72287          -0.07834
   5     60          2.85873           0.72295          -0.07687
   5     80          2.86709           0.72332          -0.06851
   5    100          2.88500           0.72474          -0.05060
 
  contribution from  3-th solvent component
   1      0        -24.56370           0.85573           0.01442
   1     60        -24.65644           0.85569          -0.07831
   1     80        -25.30242           0.85560          -0.72430
   1    100        -27.52454           0.85741          -2.94642
   2      0        -24.58198           0.85907          -0.00386
   3      0        -24.57812           0.85814           0.00000
   4      0        -24.50711           0.85657           0.07101
   5      0        -24.46200           0.85877           0.11612
   5     60        -24.58077           0.85875          -0.00264
   5     80        -25.37417           0.85857          -0.79605
   5    100        -27.41313           0.86072          -2.83501
 
 
 group  inft   Estimated free energy: total (kcal/mol)
   1      0     -28.5703     -28.2121     -27.9218     -28.0942     -28.5122
                -28.0028     -28.5823     -28.8405     -28.6547     -28.1705
   1     60     -28.6594     -28.3022     -28.0123     -28.1848     -28.6024
                -28.0929     -28.6723     -28.9303     -28.7446     -28.2605
   1     80     -29.3037     -28.9450     -28.6554     -28.8278     -29.2483
                -28.7362     -29.3148     -29.5719     -29.3875     -28.9008
   1    100     -31.5344     -31.1789     -30.8822     -31.0577     -31.4796
                -30.9645     -31.5483     -31.8025     -31.6211     -31.1198
   2      0     -28.6756     -28.2959     -27.9999     -28.1625     -28.5493
                -28.0728     -28.6005     -28.9025     -28.6372     -28.2367
   3      0     -28.7556     -28.3403     -28.0116     -28.1841     -28.5805
                -28.0997     -28.5734     -28.9408     -28.6167     -28.2571
   4      0     -28.7276     -28.3396     -27.9904     -28.1412     -28.5535
                -28.0611     -28.5091     -28.8922     -28.5601     -28.2391
   5      0     -28.7007     -28.2646     -27.9394     -28.1592     -28.5003
                -28.0631     -28.4799     -28.8570     -28.5030     -28.2398
   5     60     -28.8195     -28.3837     -28.0583     -28.2784     -28.6196
                -28.1824     -28.5985     -28.9759     -28.6218     -28.3586
   5     80     -29.6166     -29.1807     -28.8552     -29.0755     -29.4179
                -28.9800     -29.3935     -29.7714     -29.4167     -29.1523
   5    100     -31.6687     -31.2339     -30.9027     -31.1245     -31.4699
                -31.0297     -31.4443     -31.8238     -31.4692     -31.1946
 
 group  inft   Estimated free energy: 1-th solvent contribution (kcal/mol)
   1      0      -6.7262      -6.8265      -6.9767      -6.8474      -7.3094
                 -6.7176      -7.0014      -7.0584      -6.5448      -7.0094
   1     60      -6.7266      -6.8271      -6.9774      -6.8480      -7.3099
                 -6.7183      -7.0020      -7.0589      -6.5453      -7.0100
   1     80      -6.7343      -6.8351      -6.9855      -6.8559      -7.3179
                 -6.7264      -7.0101      -7.0670      -6.5532      -7.0180
   1    100      -6.7642      -6.8660      -7.0166      -6.8863      -7.3488
                 -6.7573      -7.0413      -7.0983      -6.5838      -7.0490
   2      0      -6.6719      -6.7249      -6.8954      -6.7529      -7.2452
                 -6.6259      -6.9294      -6.9821      -6.4760      -6.9062
   3      0      -6.6616      -6.6923      -6.8528      -6.7164      -7.2364
                 -6.5927      -6.9047      -6.9670      -6.4506      -6.8773
   4      0      -6.6546      -6.6744      -6.8415      -6.6747      -7.2092
                 -6.5571      -6.8906      -6.9532      -6.4444      -6.8518
   5      0      -6.6514      -6.6506      -6.8161      -6.6855      -7.2117
                 -6.5605      -6.8781      -6.9484      -6.4192      -6.8550
   5     60      -6.6531      -6.6523      -6.8178      -6.6872      -7.2133
                 -6.5622      -6.8797      -6.9501      -6.4209      -6.8567
   5     80      -6.6641      -6.6637      -6.8291      -6.6984      -7.2247
                 -6.5734      -6.8911      -6.9614      -6.4321      -6.8680
   5    100      -6.6926      -6.6929      -6.8584      -6.7272      -7.2539
                 -6.6026      -6.9206      -6.9908      -6.4611      -6.8971
 
 group  inft   Estimated free energy: 2-th solvent contribution (kcal/mol)
   1      0       3.3221       3.0293       2.1252       1.2953       2.4350
                  2.5510       4.9357       3.9774       4.2141       3.1914
   1     60       3.3256       3.0327       2.1281       1.2982       2.4380
                  2.5542       4.9390       3.9808       4.2177       3.1948
   1     80       3.3369       3.0438       2.1391       1.3086       2.4485
                  2.5653       4.9503       3.9915       4.2289       3.2061
   1    100       3.3608       3.0674       2.1612       1.3292       2.4698
                  2.5887       4.9755       4.0147       4.2532       3.2303
   2      0       3.1826       2.8617       1.9723       1.1437       2.3465
                  2.4090       4.8652       3.8658       4.1895       3.0433
   3      0       3.0928       2.7817       1.9170       1.0771       2.3109
                  2.3494       4.8559       3.8070       4.1814       2.9829
   4      0       3.0392       2.7054       1.8591       1.0077       2.2477
                  2.2773       4.8293       3.7654       4.1609       2.8996
   5      0       3.0172       2.6904       1.8312       0.9699       2.2397
                  2.2245       4.8116       3.7639       4.1477       2.8763
   5     60       3.0187       2.6918       1.8327       0.9712       2.2411
                  2.2259       4.8134       3.7655       4.1494       2.8777
   5     80       3.0274       2.6999       1.8407       0.9787       2.2491
                  2.2338       4.8229       3.7738       4.1587       2.8859
   5    100       3.0452       2.7168       1.8567       0.9933       2.2659
                  2.2506       4.8451       3.7919       4.1803       2.9041
 
 group  inft   Estimated free energy: 3-th solvent contribution (kcal/mol)
   1      0     -25.1679     -24.4166     -23.0719     -22.5438     -23.6395
                -23.8379     -26.5183     -25.7612     -26.3257     -24.3542
   1     60     -25.2601     -24.5095     -23.1647     -22.6367     -23.7323
                -23.9305     -26.6110     -25.8539     -26.4186     -24.4470
   1     80     -25.9080     -25.1554     -23.8107     -23.2822     -24.3806
                -24.5768     -27.2567     -26.4982     -27.0649     -25.0906
   1    100     -28.1327     -27.3820     -26.0286     -25.5023     -26.6023
                -26.7976     -29.4841     -28.7206     -29.2922     -27.3029
   2      0     -25.1880     -24.4344     -23.0785     -22.5550     -23.6523
                -23.8575     -26.5381     -25.7879     -26.3525     -24.3755
   3      0     -25.1885     -24.4313     -23.0775     -22.5465     -23.6568
                -23.8582     -26.5263     -25.7825     -26.3492     -24.3644
   4      0     -25.1139     -24.3723     -23.0098     -22.4759     -23.5937
                -23.7830     -26.4495     -25.7060     -26.2783     -24.2886
   5      0     -25.0681     -24.3060     -22.9562     -22.4454     -23.5300
                -23.7288     -26.4152     -25.6742     -26.2332     -24.2628
   5     60     -25.1868     -24.4248     -23.0749     -22.5641     -23.6490
                -23.8478     -26.5338     -25.7930     -26.3520     -24.3813
   5     80     -25.9816     -25.2186     -23.8685     -23.3575     -24.4440
                -24.6420     -27.3269     -26.5855     -27.1450     -25.1719
   5    100     -28.0230     -27.2595     -25.9027     -25.3923     -26.4835
                -26.6794     -29.3705     -28.6267     -29.1901     -27.2033
 
 
 cumulative average & 95% error for solvation free energy
              total             1st component         2nd component         3rd component
  1   -28.7556               -6.6616                3.0928              -25.1885
  2   -28.5479     0.4154    -6.6769     0.0307     2.9372     0.3111   -24.8099     0.7572
  3   -28.3692     0.4305    -6.7356     0.1186     2.5971     0.7035   -24.2325     1.2349
  4   -28.3229     0.3182    -6.7308     0.0844     2.2171     0.9083   -23.8110     1.2137
  5   -28.3744     0.2672    -6.8319     0.2125     2.2359     0.7046   -23.7801     0.9422
  6   -28.3286     0.2366    -6.7920     0.1910     2.2548     0.5765   -23.7931     0.7697
  7   -28.3636     0.2118    -6.8081     0.1646     2.6264     0.8887   -24.1836     1.0164
  8   -28.4358     0.2334    -6.8280     0.1480     2.7740     0.8243   -24.3834     0.9667
  9   -28.4559     0.2097    -6.7860     0.1551     2.9303     0.7914   -24.6019     0.9580
 10   -28.4360     0.1917    -6.7952     0.1399     2.9356     0.7079   -24.5781     0.8581
