 ERmod 0.3.8, Copyright (C) 2000-2019 Nobuyuki Matubayasi
                            2010-2019 Shun Sakuraba
 ERmod comes with ABSOLUTELY NO WARRANTY.
 This is free software, and you can redistribute it
 and/or modify it under certain conditions.
 See LICENSE file for details.
 ERmod 0.3.8, Copyright (C) 2000-2019 Nobuyuki Matubayasi
                            2010-2019 Shun Sakuraba
 ERmod comes with ABSOLUTELY NO WARRANTY.
 This is free software, and you can redistribute it
 and/or modify it under certain conditions.
 See LICENSE file for details.
 
  Number of the   1-th solvent  =          792
  Number of the   2-th solvent  =          792
  Number of the   3-th solvent  =        10000
 
  Be sure that the solvent distribution is homogeneous (radial distribution function is essentially unity) when the solvent molecule is separated beyond distance of   10.0 Angstrom in any direction from any atom within the solute molecule
 
  LJ long-range correction    =        -1.3175     -0.2494     -7.0203
 
  Self-energy of the solute   =         0.0024  kcal/mol
 
 
 cumulative average & 95% error for solvation energy
              total             1st component         2nd component         3rd component
  1  -622.6079             -236.0013             -226.2768             -160.3321
  2  -622.0490     1.1179  -236.6153     1.2281  -221.8634     8.8270  -163.5726     6.4810
  3  -622.0657     0.6463  -237.1165     1.2277  -221.1462     5.2942  -163.8053     3.7706
  4  -622.1259     0.4726  -236.8972     0.9726  -220.5431     3.9331  -164.6880     3.1977
  5  -622.1846     0.3844  -236.4918     1.1068  -220.2213     3.1138  -165.4738     2.9334
  6  -622.2249     0.3241  -237.6788     2.5403  -219.8482     2.6497  -164.7002     2.8514
  7  -622.1253     0.3387  -237.5781     2.1564  -219.3294     2.4681  -165.2201     2.6246
  8  -621.9978     0.3887  -236.7895     2.4444  -219.7497     2.2968  -165.4609     2.3235
  9  -621.9821     0.3442  -236.7510     2.1571  -219.7974     2.0278  -165.4361     2.0497
 10  -621.9592     0.3113  -236.8977     1.9516  -219.9272     1.8322  -165.1367     1.9286
 11  -622.0692     0.3573  -236.4155     2.0115  -220.3533     1.8636  -165.3027     1.7758
 12  -622.0155     0.3434  -236.4579     1.8382  -220.0167     1.8296  -165.5432     1.6910
 13  -621.9225     0.3665  -236.3259     1.7114  -219.8741     1.7070  -165.7249     1.5973
 14  -621.8871     0.3466  -236.4379     1.6002  -219.7413     1.6025  -165.7102     1.4791
 15  -621.9290     0.3334  -236.4480     1.4898  -219.6517     1.5026  -165.8317     1.3983
 16  -621.8436     0.3556  -236.3683     1.4027  -219.7257     1.4133  -165.7519     1.3177
 17  -621.8101     0.3407  -236.1326     1.3994  -219.8218     1.3414  -165.8580     1.2558
 18  -621.7746     0.3289  -236.2170     1.3301  -219.7652     1.2697  -165.7948     1.1907
 19  -621.8024     0.3160  -236.4104     1.3163  -219.5956     1.2481  -165.7988     1.1263
 20  -621.8288     0.3044  -236.5673     1.2875  -219.4797     1.2065  -165.7842     1.0689
 21  -621.8484     0.2922  -236.7774     1.2948  -219.1073     1.3682  -165.9661     1.0799
 22  -621.8478     0.2786  -236.6592     1.2569  -219.3298     1.3783  -165.8612     1.0508
 23  -621.8583     0.2671  -236.5384     1.2251  -219.3868     1.3219  -165.9355     1.0150
 24  -621.8147     0.2702  -236.5803     1.1759  -219.2116     1.3133  -166.0252     0.9882
 25  -621.7835     0.2665  -236.3459     1.2215  -219.3153     1.2766  -166.1247     0.9686
 26  -621.7464     0.2666  -236.2485     1.1896  -219.3911     1.2359  -166.1091     0.9311
 27  -621.7604     0.2581  -236.3649     1.1681  -219.3914     1.1892  -166.0064     0.9192
 28  -621.7322     0.2550  -236.3401     1.1267  -219.3706     1.1467  -166.0239     0.8864
 29  -621.7732     0.2594  -236.4202     1.0989  -219.4574     1.1200  -165.8980     0.8916
 30  -621.7714     0.2506  -236.4218     1.0617  -219.4905     1.0840  -165.8614     0.8645
 31  -621.8062     0.2522  -236.6422     1.1175  -219.4932     1.0485  -165.6731     0.9170
 32  -621.7912     0.2460  -236.6341     1.0821  -219.3951     1.0340  -165.7643     0.9064
 33  -621.7952     0.2386  -236.8356     1.1236  -219.2767     1.0298  -165.6853     0.8926
 34  -621.8129     0.2341  -236.8643     1.0916  -219.1590     1.0264  -165.7920     0.8919
 35  -621.7975     0.2294  -236.8968     1.0619  -219.1263     0.9988  -165.7768     0.8666
 36  -621.8297     0.2321  -236.8638     1.0341  -219.2544     1.0038  -165.7139     0.8515
 37  -621.8397     0.2266  -237.0247     1.0560  -219.2126     0.9799  -165.6047     0.8565
 38  -621.8372     0.2206  -237.0983     1.0383  -219.1464     0.9629  -165.5948     0.8339
 39  -621.8204     0.2175  -237.0594     1.0143  -219.1223     0.9391  -165.6410     0.8175
 40  -621.8029     0.2149  -236.9742     1.0032  -219.1489     0.9169  -165.6821     0.8010
 41  -621.8170     0.2115  -236.8240     1.0235  -219.3680     0.9958  -165.6274     0.7888
 42  -621.8043     0.2080  -236.7934     1.0007  -219.3883     0.9727  -165.6249     0.7698
 43  -621.8055     0.2031  -236.8289     0.9797  -219.2470     0.9910  -165.7320     0.7816
 44  -621.7710     0.2101  -236.9018     0.9683  -219.0921     1.0165  -165.7794     0.7695
 45  -621.7698     0.2054  -236.8871     0.9470  -219.2335     1.0331  -165.6516     0.7944
 46  -621.7426     0.2082  -236.9198     0.9285  -219.2580     1.0116  -165.5671     0.7951
 47  -621.7401     0.2037  -236.9317     0.9088  -219.2329     0.9911  -165.5779     0.7783
 48  -621.7456     0.1998  -236.9867     0.8964  -219.1506     0.9841  -165.6107     0.7648
 49  -621.7551     0.1965  -236.8980     0.8957  -219.3383     1.0344  -165.5212     0.7701
 50  -621.7502     0.1928  -236.9086     0.8779  -219.3475     1.0136  -165.4965     0.7561
 
 
 group  inft  solvation free energy     error          difference
  total solvation free energy
   1      0       -137.60180           0.61804          -0.36892
   1     60       -137.84575           0.61812          -0.61288
   1     80       -139.84705           0.61886          -2.61418
   1    100       -147.52714           0.62316         -10.29427
   2      0       -137.41659           0.64777          -0.18371
   3      0       -137.23287           0.66727           0.00000
   4      0       -137.38945           0.66063          -0.15658
   5      0       -140.04878           0.68540          -2.81591
   5     60       -140.37913           0.68555          -3.14626
   5     80       -142.80301           0.68686          -5.57013
   5    100       -149.98463           0.69175         -12.75175
 
  contribution from  1-th solvent component
   1      0       -208.57144           0.67334          -0.86606
   1     60       -208.59258           0.67331          -0.88721
   1     80       -208.77373           0.67324          -1.06835
   1    100       -209.50936           0.67358          -1.80398
   2      0       -207.89289           0.68604          -0.18751
   3      0       -207.70538           0.68907           0.00000
   4      0       -208.39635           0.69925          -0.69097
   5      0       -210.31469           0.69181          -2.60932
   5     60       -210.34397           0.69178          -2.63859
   5     80       -210.56730           0.69169          -2.86192
   5    100       -211.25156           0.69202          -3.54618
 
  contribution from  2-th solvent component
   1      0          2.96340           0.92779           0.54895
   1     60          2.97408           0.92792           0.55964
   1     80          3.04741           0.92912           0.63297
   1    100          3.55903           0.93523           1.14458
   2      0          2.42315           0.96144           0.00871
   3      0          2.41444           0.98534           0.00000
   4      0          2.93516           0.97567           0.52071
   5      0          2.17869           0.98932          -0.23576
   5     60          2.19435           0.98951          -0.22009
   5     80          2.33729           0.99133          -0.07715
   5    100          2.77790           0.99774           0.36346
 
  contribution from  3-th solvent component
   1      0         68.00388           0.51650          -0.05182
   1     60         67.77038           0.51643          -0.28531
   1     80         65.87690           0.51619          -2.17879
   1    100         58.42082           0.51683          -9.63487
   2      0         68.05078           0.51703          -0.00491
   3      0         68.05569           0.51735           0.00000
   4      0         68.06937           0.51592           0.01368
   5      0         68.08485           0.51653           0.02916
   5     60         67.76811           0.51643          -0.28758
   5     80         65.42464           0.51618          -2.63105
   5    100         58.48667           0.51690          -9.56903
 
 
 group  inft   Estimated free energy: total (kcal/mol)
   1      0    -139.5126    -136.3786    -139.1892    -138.3101    -136.9078
               -141.3465    -134.1188    -135.5289    -139.5902    -139.0135
               -139.8498    -136.8780    -132.6876    -136.4412    -138.3967
               -137.1689    -137.2925    -139.3972    -136.1819    -139.6394
               -137.2722    -138.1792    -138.1459    -135.2671    -137.2713
               -137.3677    -136.8062    -135.6407    -140.3855    -134.3837
               -139.9944    -136.0650    -140.8988    -137.0543    -139.0291
               -140.3683    -140.7919    -139.6552    -134.9361    -134.8999
               -140.0536    -138.5632    -135.6600    -131.4666    -138.5980
               -139.8024    -135.5833    -136.9145    -138.6321    -136.5740
   1     60    -139.7579    -136.6224    -139.4323    -138.5538    -137.1521
               -141.5900    -134.3615    -135.7740    -139.8338    -139.2571
               -140.0932    -137.1211    -132.9315    -136.6847    -138.6414
               -137.4145    -137.5375    -139.6414    -136.4257    -139.8828
               -137.5143    -138.4243    -138.3893    -135.5100    -137.5145
               -137.6120    -137.0499    -135.8848    -140.6307    -134.6278
               -140.2391    -136.3088    -141.1429    -137.2978    -139.2740
               -140.6128    -141.0352    -139.8987    -135.1788    -135.1443
               -140.2990    -138.8084    -135.9028    -131.7086    -138.8432
               -140.0459    -135.8276    -137.1568    -138.8786    -136.8183
   1     80    -141.7679    -138.6214    -141.4266    -140.5522    -139.1585
               -143.5911    -136.3527    -137.7803    -141.8320    -141.2563
               -142.0906    -139.1154    -134.9285    -138.6827    -140.6453
               -139.4234    -139.5426    -141.6446    -138.4257    -141.8803
               -139.5022    -140.4340    -140.3902    -137.5046    -139.5094
               -139.6160    -139.0507    -137.8873    -142.6441    -136.6294
               -142.2458    -138.3100    -143.1446    -139.2927    -141.2806
               -142.6187    -143.0317    -141.8973    -137.1729    -137.1487
               -142.3118    -140.8168    -137.8955    -133.6967    -140.8562
               -142.0454    -137.8294    -139.1513    -140.8967    -138.8235
   1    100    -149.4937    -146.2841    -149.0897    -148.2318    -146.8747
               -151.2895    -143.9814    -145.4534    -149.5006    -148.9328
               -149.7621    -146.7829    -142.5905    -146.3515    -148.3508
               -147.1353    -147.2309    -149.3223    -146.1066    -149.5483
               -147.1187    -148.1455    -148.0585    -145.1523    -147.1352
               -147.3051    -146.7334    -145.5668    -150.3815    -144.3055
               -149.9641    -145.9857    -150.8421    -146.9458    -148.9719
               -150.3244    -150.7059    -149.5867    -144.8094    -144.8440
               -150.0380    -148.5156    -145.5415    -141.3243    -148.5796
               -149.7176    -145.5075    -146.7973    -148.6307    -146.5095
   2      0    -139.4183    -136.0007    -138.6238    -138.1179    -136.6496
               -141.4013    -133.9067    -135.1469    -139.9391    -138.5348
               -139.9959    -136.9666    -132.3076    -136.4932    -138.2000
               -137.2247    -137.6249    -139.3565    -135.7688    -139.4223
               -137.0112    -138.1652    -137.6621    -134.7360    -136.9703
               -137.2403    -136.5863    -135.6282    -140.5235    -133.5151
               -139.8317    -135.8881    -140.5972    -136.6909    -138.8558
               -139.9341    -140.4840    -139.3694    -134.6571    -134.5683
               -140.0215    -138.6537    -135.3667    -130.8383    -138.8990
               -139.9085    -135.8070    -136.6471    -138.3267    -136.3464
   3      0    -139.6329    -135.6220    -138.4049    -137.8357    -136.0686
               -141.3159    -133.7948    -134.9705    -139.9220    -138.6684
               -139.7945    -136.8688    -131.8741    -136.2934    -138.0003
               -137.0629    -137.5843    -139.6393    -135.5864    -139.3049
               -136.5557    -138.2894    -137.4132    -134.0773    -136.4180
               -137.0156    -136.5577    -135.4683    -140.3048    -133.5687
               -139.7170    -135.2793    -140.5540    -136.4165    -138.4882
               -139.6088    -140.1232    -139.2079    -134.2653    -134.5264
               -140.0275    -138.6832    -135.2557    -130.5514    -138.5561
               -139.7429    -135.5406    -136.4632    -138.4868    -136.2363
   4      0    -139.5792    -135.8265    -138.3408    -138.0741    -136.1565
               -141.5318    -133.7257    -135.2262    -140.0526    -138.2860
               -139.8980    -136.9099    -132.2515    -136.4046    -138.1153
               -137.2532    -138.0498    -139.6564    -135.6682    -139.2774
               -136.8012    -138.1613    -137.6952    -134.4977    -136.7751
               -137.2064    -136.5796    -135.5927    -140.5890    -133.6066
               -139.7241    -135.4178    -140.9695    -136.6190    -138.7377
               -139.8153    -140.5617    -139.3742    -134.7570    -134.8380
               -140.0470    -138.7542    -135.1728    -130.7473    -138.8220
               -139.8501    -135.7501    -136.7788    -138.5261    -136.4217
   5      0    -142.1908    -138.6471    -141.1808    -140.6257    -138.5487
               -144.0693    -136.4577    -137.8212    -142.8746    -141.4223
               -142.4653    -139.3144    -134.7827    -138.9525    -141.2000
               -139.8300    -140.7716    -142.5659    -138.4926    -141.9616
               -138.9135    -140.8630    -140.4043    -136.7398    -139.1455
               -139.8068    -139.7090    -138.0383    -143.2858    -136.1061
               -142.3542    -138.1632    -143.5445    -138.5910    -141.6155
               -142.6990    -143.3538    -141.9862    -136.8777    -137.6358
               -143.3003    -141.5823    -138.1735    -133.2478    -141.4205
               -142.3132    -138.0886    -139.5775    -141.4813    -139.2465
   5     60    -142.5222    -138.9766    -141.5099    -140.9558    -138.8800
               -144.3994    -136.7865    -138.1521    -143.2048    -141.7527
               -142.7943    -139.6434    -135.1127    -139.2826    -141.5310
               -140.1623    -141.1034    -142.8967    -138.8224    -142.2911
               -139.2411    -141.1947    -140.7342    -137.0690    -139.4747
               -140.1378    -140.0386    -138.3685    -143.6185    -136.4367
               -142.6855    -138.4935    -143.8746    -138.9206    -141.9479
               -143.0307    -143.6834    -142.3162    -137.2073    -137.9666
               -143.6319    -141.9138    -138.5020    -133.5757    -141.7534
               -142.6436    -138.4186    -139.9058    -141.8147    -139.5772
   5     80    -144.9570    -141.3938    -143.9247    -143.3788    -141.3136
               -146.8262    -139.1977    -140.5768    -145.6260    -144.1764
               -145.2100    -142.0572    -137.5307    -141.7049    -143.9612
               -142.5982    -143.5343    -145.3213    -141.2434    -144.7107
               -141.6436    -143.6277    -143.1547    -139.4834    -141.8841
               -142.5661    -142.4606    -140.7922    -146.0620    -138.8612
               -145.1179    -140.9178    -146.2988    -141.3368    -144.3802
               -145.4619    -146.1039    -144.7405    -139.6219    -140.3955
               -146.0695    -144.3455    -140.9150    -135.9818    -144.1960
               -145.0677    -140.8411    -142.3158    -144.2594    -142.0050
   5    100    -152.1797    -148.5553    -151.0885    -150.5612    -148.5252
               -154.0265    -146.3276    -147.7455    -152.8051    -151.3606
               -152.3816    -149.2183    -144.6897    -148.8854    -151.1707
               -149.8122    -150.7341    -152.5046    -148.4194    -151.8838
               -148.7664    -150.8320    -150.3270    -146.6299    -149.0100
               -149.7639    -149.6396    -147.9749    -153.3042    -146.0261
               -152.3288    -148.1043    -153.4914    -148.4976    -151.5803
               -152.6705    -153.2790    -151.9394    -146.7675    -147.5919
               -153.2905    -151.5483    -148.0622    -143.1100    -151.4248
               -152.2430    -148.0176    -149.4595    -151.4835    -149.1924
 
 group  inft   Estimated free energy: 1-th solvent contribution (kcal/mol)
   1      0    -206.9818    -209.1012    -209.4693    -207.1215    -205.9364
               -214.6423    -206.9967    -205.0929    -209.4162    -209.2611
               -204.9504    -209.2858    -207.1499    -208.5720    -206.5034
               -207.8836    -205.0951    -210.4395    -210.2038    -210.0979
               -211.5081    -208.0969    -207.0827    -208.6527    -205.9324
               -205.8851    -210.1122    -207.7724    -208.9130    -207.0732
               -212.0108    -207.3272    -214.9299    -208.6989    -209.6967
               -207.7101    -213.7956    -209.7564    -207.3241    -204.7386
               -204.7630    -209.6383    -209.4526    -208.5140    -207.2395
               -212.0218    -209.9032    -210.3080    -206.3722    -209.1414
   1     60    -207.0033    -209.1223    -209.4905    -207.1428    -205.9578
               -214.6631    -207.0176    -205.1141    -209.4370    -209.2824
               -204.9716    -209.3069    -207.1712    -208.5929    -206.5248
               -207.9049    -205.1165    -210.4607    -210.2249    -210.1189
               -211.5290    -208.1183    -207.1039    -208.6738    -205.9534
               -205.9063    -210.1333    -207.7935    -208.9342    -207.0945
               -212.0321    -207.3483    -214.9508    -208.7201    -209.7181
               -207.7310    -213.8166    -209.7774    -207.3453    -204.7599
               -204.7844    -209.6593    -209.4737    -208.5351    -207.2605
               -212.0428    -209.9243    -210.3291    -206.3934    -209.1625
   1     80    -207.1867    -209.3039    -209.6717    -207.3242    -206.1408
               -214.8430    -207.1966    -205.2956    -209.6163    -209.4647
               -205.1522    -209.4876    -207.3534    -208.7714    -206.7063
               -208.0865    -205.2985    -210.6424    -210.4062    -210.2993
               -211.7087    -208.3015    -207.2857    -208.8549    -206.1339
               -206.0870    -210.3145    -207.9747    -209.1156    -207.2772
               -212.2148    -207.5292    -215.1308    -208.9010    -209.9005
               -207.9101    -213.9979    -209.9575    -207.5265    -204.9419
               -204.9673    -209.8388    -209.6548    -208.7157    -207.4401
               -212.2242    -210.1046    -210.5113    -206.5750    -209.3438
   1    100    -207.9301    -210.0412    -210.4082    -208.0578    -206.8812
               -215.5783    -207.9227    -206.0326    -210.3491    -210.2054
               -205.8818    -210.2234    -208.0923    -209.4945    -207.4391
               -208.8230    -206.0336    -211.3831    -211.1439    -211.0329
               -212.4421    -209.0469    -208.0223    -209.5898    -206.8667
               -206.8176    -211.0515    -208.7094    -209.8512    -208.0177
               -212.9569    -208.2615    -215.8695    -209.6363    -210.6405
               -208.6394    -214.7392    -210.6894    -208.2615    -205.6758
               -205.7059    -210.5680    -210.3904    -209.4479    -208.1680
               -212.9664    -210.8372    -211.2540    -207.3106    -210.0804
   2      0    -206.1888    -208.3477    -208.8375    -206.3733    -205.1668
               -214.0831    -206.2286    -204.1785    -208.7487    -208.5193
               -204.3216    -208.6830    -206.4979    -207.9868    -205.8143
               -207.1960    -204.4401    -209.7923    -209.4661    -209.5729
               -210.9140    -207.4201    -206.3749    -208.0225    -205.2934
               -205.2576    -209.3166    -207.1283    -208.2220    -206.3035
               -211.3673    -206.7157    -214.3445    -208.0341    -209.0042
               -206.9228    -213.1685    -209.0686    -206.6399    -203.9276
               -203.9249    -209.0702    -208.8101    -207.7727    -206.5683
               -211.5027    -209.3870    -209.6299    -205.6869    -208.4024
   3      0    -206.0624    -208.1828    -208.6651    -206.1581    -204.8470
               -213.8533    -206.0611    -203.8994    -208.5973    -208.3683
               -204.1562    -208.4543    -206.3219    -207.8533    -205.6242
               -207.0084    -204.2886    -209.7544    -209.3605    -209.3995
               -210.6938    -207.2950    -206.1763    -207.7142    -205.0555
               -205.0631    -209.1414    -206.9332    -208.0215    -206.1677
               -211.1945    -206.4987    -214.2176    -207.8295    -208.8532
               -206.5216    -212.9499    -208.8278    -206.4409    -203.7804
               -203.7823    -208.8905    -208.6872    -207.5825    -206.2499
               -211.3872    -209.2276    -209.4841    -205.5630    -208.1227
   4      0    -206.6186    -208.9199    -209.4625    -206.8784    -205.8288
               -214.7720    -206.3107    -204.8392    -209.1111    -208.8106
               -204.7632    -209.0558    -206.9896    -208.6672    -206.3438
               -207.7404    -204.8737    -210.1200    -209.8112    -210.2120
               -211.4865    -207.7984    -206.8501    -208.6797    -206.0478
               -205.7486    -209.6830    -207.6250    -208.7027    -206.4448
               -211.9886    -207.2898    -215.0236    -208.5205    -209.6048
               -207.5154    -213.8231    -209.6262    -207.0364    -204.2809
               -204.4522    -209.8643    -209.3609    -208.2497    -207.1177
               -212.1551    -209.9401    -210.0521    -205.9694    -208.7515
   5      0    -208.4560    -211.0601    -211.4858    -208.6847    -207.4672
               -216.5439    -208.4452    -206.6580    -211.1074    -211.1537
               -206.6231    -210.7739    -208.9341    -210.3971    -208.5674
               -209.5693    -206.9223    -212.2262    -211.9169    -212.0906
               -212.9416    -209.7571    -208.8568    -210.2293    -207.7652
               -207.5822    -212.0842    -209.3660    -210.6088    -208.4536
               -213.8388    -209.2819    -216.8059    -210.0663    -211.6953
               -209.5392    -215.7851    -211.4103    -208.6081    -206.2408
               -206.8552    -211.8042    -211.5266    -210.0962    -208.8780
               -213.8438    -211.6076    -212.1249    -208.1698    -210.8290
   5     60    -208.4856    -211.0894    -211.5150    -208.7141    -207.4967
               -216.5729    -208.4743    -206.6871    -211.1363    -211.1833
               -206.6523    -210.8030    -208.9635    -210.4264    -208.5970
               -209.5987    -206.9518    -212.2554    -211.9461    -212.1198
               -212.9707    -209.7864    -208.8862    -210.2585    -207.7944
               -207.6115    -212.1134    -209.3952    -210.6381    -208.4830
               -213.8681    -209.3113    -216.8347    -210.0956    -211.7250
               -209.5681    -215.8141    -211.4396    -208.6374    -206.2703
               -206.8847    -211.8334    -211.5559    -210.1254    -208.9072
               -213.8729    -211.6368    -212.1541    -208.1992    -210.8583
   5     80    -208.7112    -211.3133    -211.7378    -208.9380    -207.7212
               -216.7951    -208.6964    -206.9093    -211.3578    -211.4086
               -206.8748    -211.0248    -209.1874    -210.6500    -208.8220
               -209.8224    -207.1767    -212.4787    -212.1693    -212.3428
               -213.1934    -210.0104    -209.1100    -210.4815    -208.0165
               -207.8346    -212.3363    -209.6182    -210.8618    -208.7070
               -214.0920    -209.5353    -217.0552    -210.3192    -211.9511
               -209.7886    -216.0369    -211.6629    -208.8605    -206.4949
               -207.1091    -212.0561    -211.7802    -210.3480    -209.1299
               -214.0960    -211.8599    -212.3774    -208.4230    -211.0817
   5    100    -209.4001    -211.9996    -212.4210    -209.6208    -208.4051
               -217.4809    -209.3764    -207.5896    -212.0411    -212.0996
               -207.5525    -211.7055    -209.8718    -211.3347    -209.5076
               -210.5076    -207.8618    -213.1647    -212.8545    -213.0273
               -213.8796    -210.6971    -209.7947    -211.1641    -208.6975
               -208.5151    -213.0203    -210.3005    -211.5461    -209.3917
               -214.7779    -210.2197    -217.7376    -211.0048    -212.6432
               -210.4655    -216.7244    -212.3476    -209.5432    -207.1789
               -207.7930    -212.7396    -212.4674    -211.0289    -209.8104
               -214.7847    -212.5441    -213.0642    -209.1068    -211.7668
 
 group  inft   Estimated free energy: 2-th solvent contribution (kcal/mol)
   1      0      -3.6808       4.7376       2.6335       2.7111       3.3712
                  2.6434       7.8742       1.5711       2.2903       0.0138
                 -0.6455       6.4660       6.9046       4.0059       2.2801
                  1.0865       0.0953       1.3739       6.2574       2.9750
                  9.5140       0.1292       2.2968       6.4767       3.3082
                  0.4447       4.3829       3.3229      -1.2609       4.1578
                  0.8510       4.3811       5.8326       6.7223       1.2544
                 -1.7294       3.8174       3.4347       4.7948       3.4970
                 -3.7297       1.6951       8.4931       9.9139      -3.1698
                  1.9193       5.7667       6.8792      -3.3287       3.1382
   1     60      -3.6710       4.7487       2.6446       2.7217       3.3820
                  2.6540       7.8850       1.5813       2.3010       0.0247
                 -0.6349       6.4772       6.9158       4.0163       2.2905
                  1.0970       0.1054       1.3845       6.2685       2.9857
                  9.5258       0.1398       2.3080       6.4882       3.3193
                  0.4553       4.3936       3.3335      -1.2510       4.1685
                  0.8612       4.3920       5.8432       6.7336       1.2653
                 -1.7191       3.8282       3.4455       4.8064       3.5070
                 -3.7206       1.7048       8.5046       9.9258      -3.1602
                  1.9300       5.7770       6.8909      -3.3194       3.1486
   1     80      -3.6056       4.8249       2.7195       2.7944       3.4550
                  2.7236       7.9629       1.6531       2.3750       0.0973
                 -0.5605       6.5539       6.9948       4.0880       2.3622
                  1.1668       0.1752       1.4574       6.3465       3.0600
                  9.6089       0.2124       2.3846       6.5680       3.3978
                  0.5262       4.4686       3.4081      -1.1867       4.2448
                  0.9302       4.4667       5.9164       6.8118       1.3376
                 -1.6513       3.9031       3.5193       4.8852       3.5776
                 -3.6575       1.7729       8.5851      10.0090      -3.0966
                  2.0009       5.8494       6.9700      -3.2558       3.2197
   1    100      -3.1421       5.3512       3.2348       3.3001       3.9539
                  3.2003       8.5124       2.1775       2.8964       0.5984
                 -0.0403       7.0794       7.5301       4.5908       2.8573
                  1.6526       0.6764       1.9725       6.8742       3.5780
                 10.1810       0.7146       2.9154       7.1119       3.9666
                  1.0242       4.9820       3.9172      -0.7271       4.7659
                  1.4024       4.9816       6.4205       7.3556       1.8507
                 -1.1679       4.4157       4.0225       5.4274       4.0772
                 -3.1885       2.2650       9.1316      10.5676      -2.6328
                  2.5058       6.3577       7.5156      -2.7849       3.7230
   2      0      -4.4380       4.3092       2.5292       2.1309       2.8166
                  1.9864       7.2821       0.9937       1.2226      -0.2950
                 -1.4634       5.7284       6.5727       3.3197       1.7479
                  0.2803      -0.9448       0.7153       5.8841       2.6267
                  9.1294      -0.5775       2.0290       6.3105       2.9343
                 -0.0916       3.7760       2.6156      -2.1408       4.2218
                  0.3319       3.8934       5.4918       6.3766       0.6909
                 -2.1234       3.4584       2.9821       4.3352       2.9788
                 -4.5761       0.9940       8.0978       9.7557      -4.2002
                  1.2591       4.9597       6.4247      -3.7560       2.5721
   3      0      -4.7717       4.5379       2.5773       2.1853       3.0720
                  1.8457       7.2213       0.8795       1.0887      -0.6002
                 -1.4188       5.5901       6.8399       3.3751       1.7596
                  0.2431      -1.0549       0.3929       5.9602       2.5589
                  9.3490      -0.8329       2.0757       6.6624       3.2544
                 -0.0687       3.6155       2.5864      -2.1383       4.0228
                  0.2697       4.2948       5.4111       6.4393       0.8905
                 -2.2070       3.5807       2.8943       4.5194       2.8627
                 -4.7100       0.7713       8.0899       9.8353      -4.1828
                  1.3053       5.0582       6.4483      -4.0517       2.3946
   4      0      -4.1672       5.0381       3.4328       2.6564       3.9717
                  2.5483       7.4987       1.5513       1.4334       0.2217
                 -0.9352       6.0932       7.0938       4.0819       2.3539
                  0.7495      -0.9602       0.7133       6.3288       3.4037
                  9.9010      -0.2169       2.4474       7.1853       3.8637
                  0.4102       4.1232       3.1281      -1.7145       4.2463
                  1.0692       4.9446       5.7699       6.9122       1.4079
                 -1.4140       4.0284       3.5304       4.5757       3.0411
                 -4.0900       1.6713       8.8015      10.2899      -3.5957
                  1.9651       5.5460       6.6980      -3.7035       2.8280
   5      0      -4.9542       4.3537       2.5885       1.9000       3.1790
                  1.7602       6.8926       0.7593       0.5897      -0.5718
                 -1.6765       5.4193       6.5129       3.2492       1.4937
                 -0.0085      -1.6647      -0.1294       5.5905       2.5866
                  9.2298      -0.9847       1.7422       6.4994       3.2092
                 -0.3802       3.3805       2.4211      -2.5413       3.7046
                  0.2616       4.1690       4.9879       6.4644       0.5954
                 -2.3052       3.1895       2.6916       4.0136       2.1920
                 -4.9501       0.7731       7.9541       9.6301      -4.4310
                  1.1498       4.8795       5.9318      -4.4842       2.0711
   5     60      -4.9393       4.3703       2.6045       1.9154       3.1942
                  1.7755       6.9085       0.7747       0.6052      -0.5563
                 -1.6601       5.4357       6.5295       3.2651       1.5092
                  0.0064      -1.6499      -0.1140       5.6072       2.6023
                  9.2472      -0.9693       1.7583       6.5159       3.2254
                 -0.3650       3.3968       2.4373      -2.5271       3.7201
                  0.2767       4.1852       5.0036       6.4806       0.6105
                 -2.2904       3.2051       2.7073       4.0296       2.2071
                 -4.9360       0.7883       7.9710       9.6474      -4.4172
                  1.1646       4.8956       5.9487      -4.4704       2.0865
   5     80      -4.8069       4.5208       2.7497       2.0557       3.3327
                  1.9107       7.0584       0.9190       0.7479      -0.4161
                 -1.5118       5.5834       6.6794       3.4078       1.6488
                  0.1408      -1.5124       0.0281       5.7567       2.7472
                  9.4083      -0.8290       1.9070       6.6681       3.3809
                 -0.2256       3.5421       2.5818      -2.3991       3.8639
                  0.4109       4.3309       5.1452       6.6308       0.7518
                 -2.1553       3.3477       2.8486       4.1778       2.3457
                 -4.8061       0.9268       8.1245       9.8047      -4.2897
                  1.3025       5.0404       6.1025      -4.3406       2.2272
   5    100      -4.4131       4.9801       3.1949       2.4902       3.7611
                  2.3196       7.5425       1.3736       1.1890       0.0095
                 -1.0624       6.0381       7.1461       3.8440       2.0733
                  0.5518      -1.0916       0.4629       6.2170       3.1951
                  9.9109      -0.3998       2.3651       7.1424       3.8810
                  0.1973       3.9879       3.0175      -2.0128       4.3216
                  0.8173       4.7730       5.5807       7.0983       1.1892
                 -1.7443       3.7888       3.2766       4.6417       2.7765
                 -4.4041       1.3509       8.6021      10.2927      -3.8989
                  1.7328       5.4836       6.5783      -3.9340       2.6611
 
 group  inft   Estimated free energy: 3-th solvent contribution (kcal/mol)
   1      0      71.1476      67.9827      67.6442      66.0980      65.6550
                 70.6500      65.0013      67.9905      67.5333      70.2314
                 65.7438      65.9395      67.5552      68.1226      65.8242
                 69.6258      67.7049      69.6661      67.7621      67.4811
                 64.7195      69.7861      66.6376      66.9066      65.3505
                 68.0703      68.9207      68.8065      69.7860      68.5293
                 71.1630      66.8787      68.1961      64.9200      69.4108
                 69.0688      69.1839      66.6641      67.5907      66.3393
                 68.4368      69.3777      65.2971      67.1312      71.8090
                 70.2978      68.5509      66.5120      71.0664      69.4268
   1     60      70.9140      67.7489      67.4112      65.8649      65.4214
                 70.4167      64.7688      67.7564      67.2999      69.9982
                 65.5110      65.7063      67.3215      67.8895      65.5905
                 69.3911      67.4712      69.4324      67.5284      67.2480
                 64.4865      69.5518      66.4042      66.6733      65.1173
                 67.8366      68.6874      68.5728      69.5521      68.2958
                 70.9294      66.6451      67.9623      64.6864      69.1765
                 68.8350      68.9509      66.4309      67.3577      66.1063
                 68.2037      69.1437      65.0641      66.8983      71.5750
                 70.0646      68.3172      66.2791      70.8318      69.1933
   1     80      69.0220      65.8551      65.5232      63.9753      63.5250
                 68.5259      62.8786      65.8598      65.4068      68.1087
                 63.6197      63.8159      65.4277      65.9983      63.6965
                 67.4939      65.5783      67.5380      65.6316      65.3566
                 62.5952      67.6528      64.5085      64.7800      63.2243
                 65.9424      66.7929      66.6769      67.6557      66.4007
                 69.0364      64.7501      66.0675      62.7941      67.2800
                 66.9403      67.0607      64.5386      65.4661      64.2131
                 66.3107      67.2468      63.1718      65.0076      69.6781
                 68.1755      66.4235      64.3876      68.9318      67.2982
   1    100      61.5761      58.4035      58.0814      56.5236      56.0502
                 61.0861      55.4266      58.3993      57.9497      60.6718
                 56.1576      56.3587      57.9694      58.5498      56.2287
                 60.0326      58.1239      60.0858      58.1607      57.9042
                 55.1400      60.1845      57.0461      57.3232      55.7625
                 58.4859      59.3337      59.2231      60.1943      58.9439
                 61.5881      57.2917      58.6045      55.3326      59.8155
                 59.4805      59.6152      57.0778      58.0223      56.7522
                 58.8541      59.7850      55.7149      57.5537      62.2189
                 60.7406      58.9696      56.9388      61.4623      59.8455
   2      0      71.2062      68.0355      67.6822      66.1221      65.6982
                 70.6931      65.0374      68.0355      67.5846      70.2771
                 65.7867      65.9856      67.6153      68.1715      65.8641
                 69.6886      67.7576      69.7181      67.8108      67.5216
                 64.7711      69.8301      66.6814      66.9736      65.3864
                 68.1065      68.9519      68.8822      69.8370      68.5642
                 71.2013      66.9318      68.2531      64.9642      69.4551
                 69.1098      69.2237      66.7147      67.6453      66.3781
                 68.4771      69.4201      65.3432      67.1764      71.8671
                 70.3328      68.6179      66.5558      71.1137      69.4816
   3      0      71.1987      68.0205      67.6806      66.1348      65.7041
                 70.6894      65.0427      68.0471      67.5842      70.2977
                 65.7782      65.9930      67.6055      68.1823      65.8620
                 69.6999      67.7568      69.7198      67.8116      67.5333
                 64.7867      69.8361      66.6850      66.9721      65.3807
                 68.1138      68.9658      68.8761      69.8526      68.5738
                 71.2054      66.9223      68.2502      64.9714      69.4721
                 69.1174      69.2436      66.7232      67.6538      66.3889
                 68.4625      69.4337      65.3392      67.1933      71.8743
                 70.3367      68.6264      66.5703      71.1255      69.4894
   4      0      71.2042      68.0529      67.6865      66.1456      65.6982
                 70.6896      65.0839      68.0594      67.6227      70.3006
                 65.7981      66.0504      67.6420      68.1783      65.8722
                 69.7355      67.7817      69.7479      67.8118      67.5285
                 64.7819      69.8517      66.7051      66.9943      65.4066
                 68.1297      68.9778      68.9018      69.8257      68.5895
                 71.1929      66.9249      68.2818      64.9870      69.4569
                 69.1116      69.2307      66.7192      67.7013      66.3994
                 68.4928      69.4364      65.3843      67.2101      71.8890
                 70.3375      68.6417      66.5729      71.1445      69.4994
   5      0      71.2171      68.0570      67.7141      66.1566      65.7371
                 70.7120      65.0926      68.0752      67.6407      70.3009
                 65.8318      66.0379      67.6361      68.1931      65.8713
                 69.7455      67.8130      69.7873      67.8314      67.5402
                 64.7960      69.8764      66.7080      66.9878      65.4082
                 68.1533      68.9924      68.9043      69.8620      68.6405
                 71.2205      66.9474      68.2711      65.0085      69.4821
                 69.1430      69.2394      66.7302      67.7144      66.4106
                 68.5026      69.4465      65.3966      67.2159      71.8862
                 70.3783      68.6371      66.6133      71.1704      69.5091
   5     60      70.9004      67.7401      67.3982      65.8407      65.4202
                 70.3956      64.7770      67.7580      67.3240      69.9844
                 65.5158      65.7216      67.3190      67.8764      65.5544
                 69.4276      67.4960      69.4704      67.5142      67.2240
                 64.4800      69.5586      66.3913      66.6712      65.0919
                 67.8363      68.6756      68.5872      69.5443      68.3238
                 70.9035      66.6303      67.9540      64.6920      69.1642
                 68.8254      68.9232      66.4137      67.3981      66.0943
                 68.1864      69.1290      65.0806      66.8999      71.5687
                 70.0622      68.3202      66.2972      70.8525      69.1921
   5     80      68.5587      65.3963      65.0611      63.5011      63.0726
                 68.0558      62.4379      65.4111      64.9816      67.6459
                 63.1743      63.3818      64.9749      65.5350      63.2097
                 67.0811      65.1525      67.1269      65.1667      64.8825
                 62.1390      67.2093      64.0460      64.3276      62.7491
                 65.4917      66.3313      66.2419      67.1966      65.9795
                 68.5609      64.2843      65.6089      62.3492      66.8167
                 66.4796      66.5830      64.0715      65.0584      63.7514
                 65.8433      66.7815      62.7384      64.5592      69.2212
                 67.7235      65.9760      63.9568      68.5018      66.8471
   5    100      61.6312      58.4619      58.1352      56.5671      56.1165
                 61.1325      55.5040      58.4682      58.0447      60.7272
                 56.2310      56.4468      58.0337      58.6029      56.2613
                 60.1411      58.2169      60.1948      58.2157      57.9460
                 55.2000      60.2626      57.1003      57.3895      55.8041
                 58.5516      59.3904      59.3057      60.2523      59.0415
                 61.6295      57.3400      58.6632      55.4065      59.8714
                 59.5370      59.6543      57.1293      58.1316      56.8081
                 58.9042      59.8381      55.8008      57.6238      62.2821
                 60.8065      59.0405      57.0240      61.5550      59.9109
 
 
 cumulative average & 95% error for solvation free energy
              total             1st component         2nd component         3rd component
  1  -139.6329             -206.0624               -4.7717               71.1987
  2  -137.6275     4.0109  -207.1226     2.1204    -0.1169     9.3096    69.6096     3.1782
  3  -137.8866     2.3730  -207.6368     1.5988     0.7812     5.6671    68.9666     2.2407
  4  -137.8739     1.6782  -207.2671     1.3508     1.1322     4.0682    68.2586     2.1249
  5  -137.5128     1.4870  -206.7831     1.4255     1.5202     3.2454    67.7477     1.9373
  6  -138.1467     1.7553  -207.9615     2.6285     1.5744     2.6521    68.2380     1.8611
  7  -137.5250     1.9357  -207.6900     2.2868     2.3811     2.7617    67.7815     1.8187
  8  -137.2057     1.7939  -207.2162     2.1955     2.1934     2.4210    67.8147     1.5764
  9  -137.5075     1.6933  -207.3696     1.9604     2.0707     2.1492    67.7891     1.3912
 10  -137.6236     1.5322  -207.4695     1.7648     1.8036     1.9951    68.0400     1.3417
 11  -137.8209     1.4411  -207.1683     1.7062     1.5106     1.8974    67.8344     1.2814
 12  -137.7416     1.3250  -207.2755     1.5722     1.8506     1.8607    67.6809     1.2093
 13  -137.2902     1.5167  -207.2021     1.4537     2.2344     1.8758    67.6751     1.1125
 14  -137.2190     1.4114  -207.2486     1.3490     2.3159     1.7443    67.7113     1.0325
 15  -137.2711     1.3181  -207.1403     1.2744     2.2788     1.6256    67.5880     0.9923
 16  -137.2581     1.2332  -207.1321     1.1922     2.1516     1.5417    67.7200     0.9650
 17  -137.2773     1.1590  -206.9648     1.1688     1.9629     1.4965    67.7222     0.9065
 18  -137.4085     1.1238  -207.1198     1.1447     1.8757     1.4217    67.8332     0.8830
 19  -137.3126     1.0802  -207.2377     1.1082     2.0907     1.4118    67.8320     0.8352
 20  -137.4122     1.0440  -207.3458     1.0733     2.1141     1.3402    67.8171     0.7930
 21  -137.3714     0.9964  -207.5052     1.0696     2.4586     1.4491    67.6728     0.8076
 22  -137.4132     0.9536  -207.4957     1.0200     2.3090     1.4137    67.7711     0.7947
 23  -137.4132     0.9112  -207.4383     0.9813     2.2989     1.3510    67.7239     0.7652
 24  -137.2742     0.9157  -207.4498     0.9398     2.4807     1.3436    67.6926     0.7353
 25  -137.2399     0.8809  -207.3540     0.9216     2.5116     1.2902    67.6001     0.7291
 26  -137.2313     0.8466  -207.2659     0.9028     2.4124     1.2554    67.6199     0.7017
 27  -137.2064     0.8161  -207.3354     0.8798     2.4569     1.2113    67.6697     0.6825
 28  -137.1443     0.7962  -207.3210     0.8482     2.4616     1.1673    67.7128     0.6633
 29  -137.2533     0.7986  -207.3452     0.8199     2.3029     1.1701    67.7866     0.6568
 30  -137.1304     0.8096  -207.3059     0.7960     2.3603     1.1362    67.8128     0.6367
 31  -137.2139     0.8007  -207.4314     0.8097     2.2928     1.1072    67.9223     0.6536
 32  -137.1534     0.7846  -207.4022     0.7862     2.3554     1.0793    67.8910     0.6359
 33  -137.2565     0.7879  -207.6087     0.8667     2.4480     1.0624    67.9019     0.6167
 34  -137.2318     0.7660  -207.6152     0.8410     2.5654     1.0571    67.8157     0.6226
 35  -137.2677     0.7472  -207.6506     0.8196     2.5175     1.0309    67.8630     0.6119
 36  -137.3327     0.7377  -207.6192     0.7990     2.3863     1.0356    67.8979     0.5988
 37  -137.4081     0.7332  -207.7633     0.8288     2.4186     1.0093    67.9343     0.5869
 38  -137.4555     0.7199  -207.7913     0.8086     2.4311     0.9827    67.9024     0.5748
 39  -137.3737     0.7200  -207.7567     0.7907     2.4846     0.9632    67.8960     0.5600
 40  -137.3025     0.7161  -207.6573     0.7959     2.4941     0.9390    67.8583     0.5510
 41  -137.3690     0.7109  -207.5628     0.7989     2.3184     0.9809    67.8731     0.5382
 42  -137.4003     0.6966  -207.5944     0.7822     2.2815     0.9601    67.9102     0.5304
 43  -137.3504     0.6875  -207.6198     0.7655     2.4166     0.9756    67.8504     0.5316
 44  -137.1959     0.7394  -207.6190     0.7479     2.5852     1.0111    67.8355     0.5202
 45  -137.2261     0.7253  -207.5885     0.7336     2.4348     1.0331    67.9253     0.5393
 46  -137.2808     0.7177  -207.6711     0.7363     2.4103     1.0116    67.9777     0.5377
 47  -137.2438     0.7062  -207.7042     0.7235     2.4666     0.9963    67.9915     0.5269
 48  -137.2275     0.6921  -207.7413     0.7121     2.5496     0.9893    67.9619     0.5192
 49  -137.2532     0.6798  -207.6969     0.7031     2.4148     1.0057    68.0264     0.5246
 50  -137.2329     0.6673  -207.7054     0.6891     2.4144     0.9853    68.0557     0.5174
 
 Mesh error is    2.816 kcal/mol
