 ERmod 0.3.8, Copyright (C) 2000-2019 Nobuyuki Matubayasi
                            2010-2019 Shun Sakuraba
 ERmod comes with ABSOLUTELY NO WARRANTY.
 This is free software, and you can redistribute it
 and/or modify it under certain conditions.
 See LICENSE file for details.
 ERmod 0.3.8, Copyright (C) 2000-2019 Nobuyuki Matubayasi
                            2010-2019 Shun Sakuraba
 ERmod comes with ABSOLUTELY NO WARRANTY.
 This is free software, and you can redistribute it
 and/or modify it under certain conditions.
 See LICENSE file for details.
 
  Number of the   1-th solvent  =          368
  Number of the   2-th solvent  =          368
  Number of the   3-th solvent  =        10000
 
  Be sure that the solvent distribution is homogeneous (radial distribution function is essentially unity) when the solvent molecule is separated beyond distance of   10.0 Angstrom in any direction from any atom within the solute molecule
 
  LJ long-range correction    =        -0.6509     -0.1232     -7.4645
 
  Self-energy of the solute   =        -0.0038  kcal/mol
 
 
 cumulative average & 95% error for solvation energy
              total             1st component         2nd component         3rd component
  1  -509.1060             -105.6978             -107.6513             -295.7531
  2  -507.8994     2.4133  -105.9715     0.5475  -102.1230    11.0567  -299.8010     8.0958
  3  -506.0442     3.9633  -103.6821     4.5898   -91.4056    22.3651  -310.9526    22.7878
  4  -505.2876     3.1850  -104.3229     3.4894   -83.3930    22.5146  -317.5678    20.8490
  5  -505.6928     2.5968  -103.0818     3.6698   -81.8612    17.7068  -320.7459    17.3555
  6  -506.0346     2.2277  -103.7728     3.2998   -79.6368    15.1265  -322.6211    14.6585
  7  -505.0835     2.6763  -103.8296     2.7911   -71.7131    20.3613  -329.5370    18.5689
  8  -504.3676     2.7244  -104.2722     2.5742   -65.5027    21.5687  -334.5888    18.9917
  9  -503.9542     2.5410  -104.8270     2.5269   -60.3151    21.6673  -338.8082    18.7549
 10  -503.7629     2.3047  -105.2399     2.4063   -58.4197    19.7471  -340.0994    16.9725
 11  -503.6135     2.1060  -104.5415     2.5861   -59.5794    18.0119  -339.4887    15.4007
 12  -503.5373     1.9285  -104.7069     2.3839   -59.9302    16.4575  -338.8964    14.1087
 13  -503.5808     1.7761  -104.5736     2.2090   -60.8263    15.2444  -338.1771    13.0576
 14  -503.2673     1.7598  -104.6161     2.0469   -58.1799    15.0734  -340.4674    12.9277
 15  -503.0480     1.6960  -104.3388     1.9846   -56.2078    14.5763  -342.4975    12.7015
 16  -502.7407     1.7014  -103.9159     2.0401   -54.0585    14.2965  -344.7625    12.7154
 17  -502.7305     1.5983  -103.4291     2.1494   -53.7517    13.4432  -345.5458    12.0464
 18  -502.4785     1.5889  -103.0880     2.1382   -51.7956    13.2644  -347.5910    12.0716
 19  -502.4083     1.5095  -103.1687     2.0290   -50.4972    12.8128  -348.7386    11.6469
 20  -502.3156     1.4440  -102.8596     2.0217   -49.6623    12.2694  -349.7898    11.2475
 21  -502.2284     1.3846  -102.7902     1.9280   -48.8140    11.7932  -350.6203    10.8267
 22  -502.1018     1.3442  -102.8787     1.8468   -47.4352    11.5777  -351.7841    10.5820
 23  -501.9915     1.3032  -102.9922     1.7792   -46.3004    11.2932  -352.6950    10.2743
 24  -501.8471     1.2807  -103.0035     1.7036   -45.1260    11.0646  -353.7138    10.0457
 25  -501.7946     1.2329  -103.0456     1.6362   -44.4067    10.7099  -354.3385     9.7161
 26  -501.6441     1.2222  -103.3362     1.6760   -43.1334    10.6002  -355.1707     9.4822
 27  -501.5946     1.1802  -103.3563     1.6133   -42.5841    10.2590  -355.6504     9.1745
 28  -501.4891     1.1567  -103.6469     1.6596   -41.4531    10.1413  -356.3854     8.9622
 29  -501.7603     1.2409  -103.6745     1.6023   -42.8596    10.1817  -355.2224     8.9549
 30  -501.8215     1.2051  -103.6958     1.5486   -43.6369     9.9585  -354.4849     8.7761
 31  -501.8409     1.1662  -103.5351     1.5319   -44.4641     9.7730  -353.8379     8.5864
 32  -502.1887     1.3262  -103.2867     1.5642   -47.1897    10.9205  -351.7085     9.3411
 33  -502.2998     1.3045  -102.7965     1.8055   -48.1105    10.7434  -351.3889     9.0761
 34  -502.4665     1.3087  -102.4612     1.8756   -49.1174    10.6154  -350.8840     8.8628
 35  -502.5934     1.2959  -102.2361     1.8760   -49.7518    10.3854  -350.6017     8.6244
 36  -502.6570     1.2658  -102.2585     1.8237   -49.7371    10.0929  -350.6576     8.3822
 37  -502.5935     1.2376  -102.3123     1.7770   -49.1591     9.8841  -351.1182     8.2043
 38  -502.5419     1.2090  -102.3122     1.7296   -49.0008     9.6257  -351.2250     7.9884
 39  -502.5742     1.1794  -102.4583     1.7098   -48.8005     9.3842  -351.3116     7.7828
 40  -502.7031     1.1780  -102.2273     1.7293   -49.8259     9.3737  -350.6460     7.7016
 41  -502.6528     1.1533  -102.2937     1.6918   -49.2235     9.2212  -351.1317     7.5740
 42  -502.6803     1.1269  -102.3305     1.6527   -49.3452     9.0023  -351.0008     7.3961
 43  -502.6835     1.1004  -102.3701     1.6157   -49.0948     8.8047  -351.2149     7.2347
 44  -502.6285     1.0807  -102.3223     1.5815   -48.6919     8.6399  -351.6104     7.1125
 45  -502.5731     1.0622  -102.4045     1.5546   -48.0023     8.5576  -352.1626     7.0398
 46  -502.4692     1.0595  -102.4245     1.5210   -47.2886     8.4904  -352.7522     6.9854
 47  -502.4060     1.0443  -102.4266     1.4883   -46.9859     8.3298  -352.9897     6.8516
 48  -502.3426     1.0302  -102.5399     1.4745   -46.4130     8.2345  -353.3858     6.7540
 49  -502.2731     1.0185  -102.4206     1.4636   -45.9632     8.1147  -353.8855     6.6898
 50  -502.3128     1.0011  -102.5241     1.4489   -46.4529     8.0109  -353.3320     6.6474
 
 
 group  inft  solvation free energy     error          difference
  total solvation free energy
   1      0        -98.35832           0.84598           0.30053
   1     60        -98.61054           0.84599           0.04832
   1     80       -101.04491           0.84749          -2.38605
   1    100       -110.03214           0.85878         -11.37328
   2      0        -98.74239           0.85220          -0.08354
   3      0        -98.65886           0.84800           0.00000
   4      0        -98.86553           0.84742          -0.20667
   5      0        -98.47386           0.85039           0.18500
   5     60        -98.82696           0.85040          -0.16810
   5     80       -101.85718           0.85249          -3.19833
   5    100       -110.18015           0.86342         -11.52129
 
  contribution from  1-th solvent component
   1      0        -85.32648           0.82549          -0.30928
   1     60        -85.33556           0.82545          -0.31836
   1     80        -85.42821           0.82516          -0.41101
   1    100        -85.76367           0.82471          -0.74647
   2      0        -85.09469           0.83408          -0.07749
   3      0        -85.01720           0.83984           0.00000
   4      0        -85.05958           0.84045          -0.04238
   5      0        -84.70454           0.84449           0.31266
   5     60        -84.71796           0.84444           0.29923
   5     80        -84.83270           0.84408           0.18450
   5    100        -85.14621           0.84377          -0.12901
 
  contribution from  2-th solvent component
   1      0         15.37967           4.04911           0.59308
   1     60         15.39322           4.04915           0.60663
   1     80         15.47113           4.04990           0.68454
   1    100         15.68312           4.05280           0.89653
   2      0         14.77141           4.04000          -0.01518
   3      0         14.78659           4.04198           0.00000
   4      0         14.62279           4.03803          -0.16380
   5      0         14.70428           4.03770          -0.08231
   5     60         14.72003           4.03779          -0.06656
   5     80         14.81212           4.03867           0.02553
   5    100         15.00803           4.04118           0.22144
 
  contribution from  3-th solvent component
   1      0        -28.40766           4.19332           0.01674
   1     60        -28.66435           4.19327          -0.23995
   1     80        -31.08399           4.19536          -2.65958
   1    100        -39.94775           4.21187         -11.52335
   2      0        -28.41526           4.19657           0.00914
   3      0        -28.42440           4.19653           0.00000
   4      0        -28.42489           4.19745          -0.00049
   5      0        -28.46975           4.19726          -0.04535
   5     60        -28.82518           4.19726          -0.40077
   5     80        -31.83275           4.20024          -3.40835
   5    100        -40.03812           4.21609         -11.61372
 
 
 group  inft   Estimated free energy: total (kcal/mol)
   1      0     -94.3629     -96.9822     -93.8984     -98.0729     -95.7550
                -99.9021     -98.9853     -99.0815     -99.5289     -99.3710
                -93.9388     -91.3577     -93.3563     -99.9012    -102.5674
                -98.7619    -100.7484     -96.0288    -100.4879    -100.6702
               -100.5641     -97.3350     -98.8635    -100.4784    -101.9005
                -97.1851    -101.8344     -97.3665     -99.3283     -93.5565
                -90.3413     -98.0224    -100.7298    -101.4703     -93.9549
                -97.9236     -98.3391    -102.7446     -99.4115     -98.1459
               -101.3013     -97.8078     -94.5688    -102.5374    -101.5602
                -99.5037     -99.4588    -100.8574    -100.9849     -96.0810
   1     60     -94.6138     -97.2344     -94.1504     -98.3280     -96.0079
               -100.1558     -99.2367     -99.3334     -99.7803     -99.6242
                -94.1922     -91.6100     -93.6092    -100.1540    -102.8192
                -99.0123    -101.0012     -96.2803    -100.7417    -100.9219
               -100.8181     -97.5884     -99.1161    -100.7288    -102.1510
                -97.4342    -102.0865     -97.6165     -99.5817     -93.8078
                -90.5943     -98.2735    -100.9806    -101.7220     -94.2052
                -98.1779     -98.5928    -102.9979     -99.6654     -98.3997
               -101.5528     -98.0618     -94.8191    -102.7901    -101.8122
                -99.7540     -99.7122    -101.1095    -101.2361     -96.3341
   1     80     -97.0171     -99.6572     -96.5817    -100.7790     -98.4402
               -102.5981    -101.6743    -101.7628    -102.2192    -102.0672
                -96.6223     -94.0378     -96.0460    -102.5961    -105.2604
               -101.4404    -103.4476     -98.7138    -103.1923    -103.3626
               -103.2729    -100.0314    -101.5553    -103.1565    -104.5848
                -99.8551    -104.5293    -100.0481    -102.0124     -96.2318
                -93.0236    -100.6814    -103.3976    -104.1464     -96.6145
               -100.6235    -101.0365    -105.4421    -102.1113    -100.8322
               -103.9898    -100.5072     -97.2347    -105.2369    -104.2533
               -102.1846    -102.1553    -103.5408    -103.6764     -98.7640
   1    100    -105.8391    -108.5466    -105.5223    -109.7934    -107.3627
               -111.5616    -110.7077    -110.7524    -111.2652    -111.0769
               -105.5573    -102.9649    -105.0024    -111.6328    -114.3092
               -110.4601    -112.4766    -107.7473    -112.2503    -112.3881
               -112.3410    -109.0655    -110.5843    -112.1768    -113.6063
               -108.8388    -113.5720    -109.0519    -110.9390    -105.1393
               -101.9522    -109.5386    -112.3357    -113.0934    -105.5019
               -109.6137    -110.0674    -114.4859    -111.1056    -109.7832
               -113.0073    -109.5035    -106.1375    -114.2982    -113.2991
               -111.2056    -111.1780    -112.5506    -112.7252    -107.6928
   2      0     -94.6014     -97.3808     -94.2432     -98.2465     -96.2830
               -100.1425     -99.4290     -99.2250     -99.5511     -99.9548
                -94.4124     -91.7064     -93.4746    -100.3471    -103.0947
                -99.3978    -100.9702     -96.5537    -101.1252    -101.5144
               -100.7210     -97.6913     -99.3553    -100.7154    -102.4928
                -97.6594    -102.2255     -97.7814     -99.6635     -94.1826
                -90.7577     -98.2151    -101.1326    -101.7787     -94.4133
                -98.2698     -98.6521    -103.0765     -99.6985     -98.3397
               -101.7558     -98.4469     -94.7025    -102.8555    -102.2460
               -100.0655     -99.5886    -101.0993    -101.5520     -96.3314
   3      0     -94.5926     -97.4023     -94.1118     -98.1508     -96.2239
                -99.9287     -99.3872     -99.2416     -99.3169     -99.7295
                -94.3771     -91.7247     -93.3965    -100.3517    -103.1029
                -99.3617    -100.7203     -96.4102    -100.8094    -101.4899
               -100.5823     -97.5560     -99.3598    -100.3944    -102.4521
                -97.4442    -102.2194     -97.8400     -99.5613     -94.1753
                -90.5854     -98.2431    -101.0739    -101.5282     -94.4427
                -98.2029     -98.5574    -103.1140     -99.5264     -98.0984
               -101.7364     -98.5309     -94.7069    -102.8196    -102.2281
               -100.0832     -99.3525    -101.0183    -101.2975     -96.3826
   4      0     -94.8073     -97.4382     -94.3810     -98.4628     -96.4776
               -100.1760     -99.5283     -99.2424     -99.4554    -100.0301
                -94.5997     -91.9466     -93.4870    -100.4289    -103.2366
                -99.5156    -100.9636     -96.7418    -101.0480    -101.7925
               -100.8821     -97.8524     -99.6553    -100.6560    -102.7277
                -97.7673    -102.4328     -98.0946     -99.8482     -94.4405
                -90.9304     -98.1620    -101.1609    -101.7904     -94.5992
                -98.2712     -98.7078    -103.1322     -99.9052     -98.2791
               -101.8843     -98.6473     -94.8134    -103.0477    -102.3836
               -100.4460     -99.4432    -101.1816    -101.8229     -96.5519
   5      0     -94.5185     -97.2819     -93.7378     -97.9425     -96.0245
                -99.6503     -99.2280     -99.0203     -99.1704     -99.5285
                -93.9626     -91.6566     -92.9707    -100.1493    -102.8480
                -99.2591    -100.3756     -96.3214    -100.4940    -101.2732
               -100.5516     -97.4125     -99.4029    -100.0928    -102.2395
                -97.2773    -102.1124     -97.7967     -99.2915     -94.0891
                -90.3408     -98.0548    -100.8295    -101.2043     -94.2419
                -98.0800     -98.3109    -102.8621     -99.6678     -97.8802
               -101.5552     -98.3647     -94.4910    -102.5468    -102.0937
                -99.9895     -98.9262    -100.9001    -101.4042     -96.2697
   5     60     -94.8701     -97.6341     -94.0914     -98.2995     -96.3779
               -100.0050     -99.5797     -99.3729     -99.5227     -99.8832
                -94.3162     -92.0095     -93.3248    -100.5032    -103.2006
                -99.6102    -100.7294     -96.6739    -100.8493    -101.6256
               -100.9066     -97.7674     -99.7573    -100.4433    -102.5903
                -97.6271    -102.4655     -98.1471     -99.6459     -94.4412
                -90.6950     -98.4055    -101.1801    -101.5563     -94.5928
                -98.4359     -98.6658    -103.2164    -100.0232     -98.2349
               -101.9078     -98.7203     -94.8420    -102.9008    -102.4467
               -100.3405     -99.2807    -101.2521    -101.7569     -96.6235
   5     80     -97.8602    -100.6464     -97.1157    -101.3482     -99.4025
               -103.0404    -102.6182    -102.3975    -102.5614    -102.9238
                -97.3415     -95.0289     -96.3567    -103.5438    -106.2413
               -102.6359    -103.7708     -99.7067    -103.8992    -104.6648
               -103.9622    -100.8096    -102.7976    -103.4663    -105.6223
               -100.6426    -105.5062    -101.1752    -102.6687     -97.4556
                -93.7169    -101.4018    -104.1899    -104.5737     -97.5913
               -101.4774    -101.7088    -106.2580    -103.0656    -101.2620
               -104.9415    -101.7655     -97.8468    -105.9467    -105.4897
               -103.3694    -102.3215    -104.2806    -104.7961     -99.6457
   5    100    -106.0281    -108.8734    -105.3928    -109.6883    -107.6662
               -111.3360    -110.9933    -110.7191    -110.9434    -111.2621
               -105.6174    -103.2909    -104.6446    -111.9188    -114.6272
               -110.9938    -112.1211    -108.0778    -112.2927    -113.0322
               -112.3591    -109.1775    -111.1690    -111.8110    -113.9807
               -108.9673    -113.8845    -109.5216    -110.9325    -105.7064
               -101.9862    -109.5974    -112.4698    -112.8569    -105.8161
               -109.7971    -110.0640    -114.6256    -111.3981    -109.5442
               -113.2965    -110.1029    -106.0870    -114.3374    -113.8777
               -111.7304    -110.6763    -112.6204    -113.1826    -107.9118
 
 group  inft   Estimated free energy: 1-th solvent contribution (kcal/mol)
   1      0     -87.2854     -88.1960     -82.7510     -87.3892     -81.6954
                -88.0510     -84.0387     -89.0270     -86.1618     -89.2373
                -83.0793     -85.0547     -83.4620     -88.1262     -84.8897
                -83.0594     -80.8778     -80.6801     -85.9039     -82.5116
                -84.6195     -85.2716     -85.6140     -86.9147     -86.9582
                -89.7735     -86.1504     -89.4420     -86.4628     -87.4565
                -81.2051     -81.4236     -79.4169     -80.8435     -80.5417
                -85.4706     -86.1550     -86.4841     -88.1370     -78.8004
                -87.1587     -85.6606     -86.9761     -85.7310     -87.6985
                -86.0974     -85.6153     -90.6697     -83.1206     -88.9775
   1     60     -87.2943     -88.2048     -82.7603     -87.3983     -81.7045
                -88.0599     -84.0479     -89.0358     -86.1709     -89.2463
                -83.0884     -85.0640     -83.4713     -88.1352     -84.8987
                -83.0684     -80.8871     -80.6896     -85.9130     -82.5206
                -84.6287     -85.2808     -85.6232     -86.9237     -86.9671
                -89.7824     -86.1594     -89.4510     -86.4718     -87.4654
                -81.2145     -81.4328     -79.4262     -80.8529     -80.5511
                -85.4797     -86.1643     -86.4932     -88.1461     -78.8099
                -87.1678     -85.6696     -86.9851     -85.7398     -87.7076
                -86.1062     -85.6243     -90.6783     -83.1299     -88.9864
   1     80     -87.3841     -88.2954     -82.8543     -87.4910     -81.7980
                -88.1513     -84.1414     -89.1256     -86.2641     -89.3383
                -83.1807     -85.1589     -83.5657     -88.2266     -84.9909
                -83.1612     -80.9823     -80.7851     -86.0052     -82.6122
                -84.7232     -85.3739     -85.7164     -87.0160     -87.0584
                -89.8738     -86.2513     -89.5448     -86.5632     -87.5568
                -81.3086     -81.5251     -79.5202     -80.9469     -80.6459
                -85.5723     -86.2582     -86.5850     -88.2380     -78.9040
                -87.2611     -85.7622     -87.0770     -85.8313     -87.8006
                -86.1980     -85.7160     -90.7673     -83.2252     -89.0772
   1    100     -87.7138     -88.6276     -83.1936     -87.8285     -82.1350
                -88.4839     -84.4771     -89.4537     -86.5998     -89.6731
                -83.5159     -85.5003     -83.9055     -88.5602     -85.3249
                -83.4963     -81.3242     -81.1260     -86.3390     -82.9436
                -85.0630     -85.7092     -86.0516     -87.3529     -87.3903
                -90.2072     -86.5835     -89.8843     -86.8955     -87.8911
                -81.6461     -81.8579     -79.8575     -81.2839     -80.9856
                -85.9072     -86.5975     -86.9196     -88.5710     -79.2396
                -87.5988     -86.0971     -87.4122     -86.1649     -88.1389
                -86.5322     -86.0478     -91.0963     -83.5684     -89.4099
   2      0     -87.0759     -88.0161     -82.5055     -87.1956     -81.2862
                -87.8687     -83.6450     -88.8504     -85.4106     -89.0931
                -82.8959     -84.7000     -83.1151     -87.9578     -84.7382
                -82.8712     -80.6434     -80.3755     -85.6396     -82.3303
                -84.3003     -84.9808     -85.3447     -86.7395     -86.8234
                -89.5574     -85.9537     -89.2279     -86.2390     -87.3083
                -80.8753     -81.2470     -79.2381     -80.5800     -80.2839
                -85.2956     -85.9345     -86.2452     -87.8804     -78.5124
                -87.0212     -85.4031     -86.7515     -85.5827     -87.5566
                -85.8802     -85.4382     -90.5527     -82.9438     -88.8234
   3      0     -87.0330     -87.9544     -82.4738     -87.1116     -81.1746
                -87.8328     -83.5001     -88.8439     -85.2859     -89.0092
                -82.8085     -84.5695     -83.0172     -87.9587     -84.7032
                -82.7981     -80.5107     -80.2472     -85.5373     -82.2050
                -84.1710     -84.7738     -85.2147     -86.7084     -86.7858
                -89.5034     -85.8987     -89.1270     -86.1802     -87.2461
                -80.7883     -81.2329     -79.2008     -80.4453     -80.2199
                -85.2314     -85.9069     -86.1915     -87.7993     -78.3567
                -86.9687     -85.2928     -86.6951     -85.5471     -87.4975
                -85.8191     -85.3490     -90.5399     -82.7933     -88.8008
   4      0     -87.1436     -88.0240     -82.4720     -87.2492     -81.1802
                -87.7922     -83.5523     -88.8221     -85.1475     -89.1468
                -82.8828     -84.6411     -83.0784     -88.0019     -84.6960
                -82.8245     -80.5922     -80.2716     -85.6490     -82.2543
                -84.3250     -84.9586     -85.2985     -86.7497     -86.8119
                -89.5393     -85.8892     -89.2147     -86.1924     -87.2959
                -80.8272     -81.1048     -79.2099     -80.5733     -80.1762
                -85.2070     -85.8219     -86.1347     -87.9200     -78.4318
                -86.9890     -85.3200     -86.6960     -85.5877     -87.5444
                -85.9457     -85.4135     -90.5862     -83.0319     -88.7608
   5      0     -86.8230     -87.7723     -81.9801     -86.8183     -80.7891
                -87.4441     -83.1923     -88.6302     -84.8944     -88.7017
                -82.3832     -84.3391     -82.6688     -87.6880     -84.4030
                -82.5831     -80.1060     -79.9649     -85.2113     -81.8920
                -83.8987     -84.5340     -85.0250     -86.3413     -86.3940
                -89.1778     -85.5768     -88.8613     -85.7546     -86.9386
                -80.4074     -80.9416     -78.9317     -80.0551     -79.8707
                -84.9558     -85.5083     -85.9033     -87.6202     -78.0720
                -86.6659     -84.9413     -86.3380     -85.1335     -87.1548
                -85.4847     -85.0002     -90.3281     -82.6527     -88.4749
   5     60     -86.8359     -87.7853     -81.9937     -86.8317     -80.8025
                -87.4572     -83.2059     -88.6433     -84.9080     -88.7150
                -82.3966     -84.3526     -82.6825     -87.7012     -84.4164
                -82.5966     -80.1197     -79.9788     -85.2247     -81.9053
                -83.9124     -84.5476     -85.0387     -86.3546     -86.4072
                -89.1910     -85.5901     -88.8748     -85.7678     -86.9517
                -80.4210     -80.9550     -78.9453     -80.0688     -79.8846
                -84.9693     -85.5219     -85.9167     -87.6336     -78.0858
                -86.6794     -84.9547     -86.3513     -85.1466     -87.1683
                -85.4980     -85.0136     -90.3409     -82.6664     -88.4880
   5     80     -86.9473     -87.8970     -82.1104     -86.9464     -80.9177
                -87.5699     -83.3220     -88.7551     -85.0237     -88.8288
                -82.5109     -84.4688     -82.7996     -87.8148     -84.5307
                -82.7121     -80.2362     -80.0972     -85.3388     -82.0191
                -84.0296     -84.6639     -85.1551     -86.4686     -86.5205
                -89.3043     -85.7038     -88.9909     -85.8810     -87.0645
                -80.5376     -81.0698     -79.0612     -80.1856     -80.0025
                -85.0845     -85.6380     -86.0301     -87.7480     -78.2026
                -86.7952     -85.0691     -86.4648     -85.2595     -87.2836
                -85.6114     -85.1280     -90.4509     -82.7839     -88.6005
   5    100     -87.2561     -88.2062     -82.4280     -87.2614     -81.2308
                -87.8799     -83.6357     -89.0644     -85.3379     -89.1419
                -82.8240     -84.7830     -83.1166     -88.1281     -84.8433
                -83.0270     -80.5513     -80.4155     -85.6515     -82.3302
                -84.3467     -84.9793     -85.4709     -86.7825     -86.8319
                -89.6166     -86.0142     -89.3085     -86.1916     -87.3757
                -80.8523     -81.3814     -79.3744     -80.5009     -80.3202
                -85.3986     -85.9540     -86.3424     -88.0609     -78.5158
                -87.1114     -85.3808     -86.7777     -85.5701     -87.6006
                -85.9237     -85.4410     -90.7592     -83.1024     -88.9119
 
 group  inft   Estimated free energy: 2-th solvent contribution (kcal/mol)
   1      0     -14.0883     -10.5477       3.3868       6.8205       0.5136
                  2.2746      25.5495      28.7001      28.0475      16.7330
                  3.3793       7.3222       2.3344      27.1491      22.8996
                 29.5618      12.5222      31.0767      23.7435      20.6702
                 21.3743      29.4906      26.9431      30.5230      24.4495
                 35.6245      22.9687      34.6783      -3.8679       7.8505
                  5.6964     -27.6585       1.2616      -2.2465       7.4922
                 14.2234      24.6695      15.3089      16.8046      -8.0897
                 25.4611      10.2791      23.7084      21.6781      29.0286
                 31.6846      21.6802      30.2005      26.3877       3.3301
   1     60     -14.0745     -10.5345       3.4004       6.8339       0.5275
                  2.2877      25.5630      28.7137      28.0608      16.7461
                  3.3934       7.3354       2.3477      27.1622      22.9131
                 29.5759      12.5359      31.0904      23.7571      20.6839
                 21.3878      29.5042      26.9569      30.5369      24.4629
                 35.6387      22.9816      34.6926      -3.8546       7.8641
                  5.7104     -27.6456       1.2748      -2.2332       7.5065
                 14.2374      24.6834      15.3217      16.8181      -8.0772
                 25.4746      10.2925      23.7230      21.6912      29.0423
                 31.6984      21.6932      30.2143      26.4011       3.3438
   1     80     -13.9957     -10.4621       3.4770       6.9048       0.6059
                  2.3591      25.6402      28.7953      28.1367      16.8211
                  3.4728       7.4121       2.4212      27.2383      22.9880
                 29.6622      12.6124      31.1741      23.8300      20.7617
                 21.4626      29.5851      27.0351      30.6211      24.5413
                 35.7271      23.0562      34.7774      -3.7814       7.9428
                  5.7912     -27.5772       1.3517      -2.1574       7.5941
                 14.3179      24.7626      15.3938      16.8952      -8.0076
                 25.5525      10.3657      23.8173      21.7643      29.1207
                 31.7808      21.7690      30.2983      26.4810       3.4204
   1    100     -13.7734     -10.2720       3.6833       7.0850       0.8245
                  2.5418      25.8472      29.0230      28.3378      17.0193
                  3.6941       7.6207       2.6145      27.4432      23.1865
                 29.9110      12.8176      31.4101      24.0180      20.9733
                 21.6571      29.8066      27.2465      30.8604      24.7531
                 35.9842      23.2532      35.0168      -3.5868       8.1608
                  6.0160     -27.4051       1.5626      -1.9542       7.8515
                 14.5399      24.9770      15.5801      17.1016      -7.8300
                 25.7630      10.5573      24.1032      21.9538      29.3320
                 32.0125      21.9710      30.5353      26.7021       3.6293
   2      0     -14.5258     -11.1241       2.8128       6.4448      -0.4496
                  1.8354      24.7218      28.3962      27.3011      16.0063
                  2.6919       6.6084       1.8349      26.5335      22.2433
                 28.7752      12.0968      30.2750      22.8526      19.6715
                 20.9156      28.8333      26.1841      30.1066      23.7477
                 34.9605      22.4008      34.0598      -4.4254       7.0616
                  4.9829     -28.0622       0.6965      -2.8281       6.7835
                 13.7168      24.1546      14.7464      16.2532      -8.6054
                 24.9150       9.3999      23.3697      21.2376      28.2321
                 30.9113      21.3878      29.8409      25.6696       2.9219
   3      0     -14.5523     -11.2019       2.9022       6.4768      -0.4770
                  2.0264      24.6377      28.3866      27.4143      16.1612
                  2.6734       6.4729       1.8244      26.5552      22.2117
                 28.7411      12.2232      30.2995      23.0678      19.5773
                 20.9400      28.7711      26.0686      30.4122      23.7557
                 35.1384      22.3579      33.9039      -4.3711       7.0006
                  5.0639     -28.0962       0.7193      -2.6943       6.6753
                 13.7233      24.2287      14.6625      16.3570      -8.4980
                 24.8549       9.2128      23.3058      21.2526      28.1898
                 30.8471      21.5616      29.9271      25.7776       2.8608
   4      0     -14.6287     -11.1505       2.6348       6.3016      -0.7505
                  1.7407      24.5256      28.3596      27.1552      16.0011
                  2.5050       6.2907       1.7853      26.5090      22.0955
                 28.6180      12.0830      30.0059      22.9438      19.3361
                 20.8088      28.6556      25.8536      30.1675      23.5146
                 34.8534      22.1289      33.7477      -4.6422       6.7735
                  4.7883     -28.1657       0.6229      -2.8290       6.4726
                 13.6345      23.9951      14.6007      16.1098      -8.6305
                 24.7526       9.1208      23.1947      21.0560      28.0959
                 30.6011      21.5288      29.8048      25.5262       2.6372
   5      0     -14.6375     -11.1889       2.8080       6.4158      -0.6181
                  1.9633      24.5448      28.4394      27.2360      16.1018
                  2.6755       6.3538       1.9164      26.5266      22.2159
                 28.6867      12.2148      30.1347      23.1208      19.5023
                 20.7668      28.7307      25.8875      30.3653      23.6244
                 35.0154      22.1910      33.7462      -4.5116       6.8220
                  4.9680     -28.1391       0.7228      -2.7107       6.5709
                 13.6111      24.1125      14.6787      16.1135      -8.5374
                 24.7905       9.0912      23.2187      21.1529      28.0472
                 30.6502      21.6878      29.8765      25.5800       2.6786
   5     60     -14.6217     -11.1738       2.8239       6.4311      -0.6023
                  1.9785      24.5605      28.4556      27.2515      16.1173
                  2.6915       6.3691       1.9318      26.5419      22.2313
                 28.7032      12.2309      30.1510      23.1364      19.5180
                 20.7824      28.7470      25.9035      30.3815      23.6403
                 35.0322      22.2061      33.7628      -4.4965       6.8376
                  4.9841     -28.1244       0.7380      -2.6956       6.5876
                 13.6275      24.1287      14.6938      16.1292      -8.5226
                 24.8063       9.1063      23.2363      21.1681      28.0632
                 30.6664      21.7032      29.8928      25.5957       2.6942
   5     80     -14.5279     -11.0883       2.9145       6.5154      -0.5111
                  2.0631      24.6498      28.5547      27.3405      16.2064
                  2.7849       6.4598       2.0187      26.6308      22.3190
                 28.8058      12.3228      30.2497      23.2214      19.6083
                 20.8705      28.8420      25.9938      30.4825      23.7324
                 35.1371      22.2937      33.8624      -4.4106       6.9304
                  5.0795     -28.0433       0.8292      -2.6053       6.6928
                 13.7235      24.2229      14.7798      16.2200      -8.4404
                 24.8986       9.1902      23.3513      21.2544      28.1542
                 30.7630      21.7950      29.9939      25.6894       2.7845
   5    100     -14.3227     -10.9110       3.1074       6.6859      -0.3139
                  2.2349      24.8362      28.7717      27.5244      16.3922
                  2.9866       6.6517       2.1987      26.8166      22.4999
                 29.0349      12.5185      30.4645      23.3942      19.8011
                 21.0514      29.0445      26.1830      30.7068      23.9282
                 35.3730      22.4750      34.0810      -4.2324       7.1293
                  5.2859     -27.8805       1.0238      -2.4148       6.9312
                 13.9309      24.4234      14.9564      16.4114      -8.2746
                 25.0935       9.3605      23.6214      21.4309      28.3456
                 30.9727      21.9893      30.2177      25.8893       2.9759
 
 group  inft   Estimated free energy: 3-th solvent contribution (kcal/mol)
   1      0       7.0148       1.7653     -14.5303     -17.5004     -14.5694
                -14.1219     -40.4923     -38.7508     -41.4108     -26.8627
                -14.2350     -13.6214     -12.2248     -38.9202     -40.5734
                -45.2605     -32.3891     -46.4215     -38.3237     -38.8249
                -37.3152     -41.5501     -40.1888     -44.0829     -39.3880
                -43.0322     -38.6489     -42.5990      -8.9938     -13.9467
                -14.8287      11.0635     -22.5706     -18.3765     -20.9016
                -26.6727     -36.8497     -31.5655     -28.0752     -11.2519
                -39.5998     -22.4225     -31.2973     -38.4807     -42.8864
                -45.0871     -35.5198     -40.3844     -44.2482     -10.4297
   1     60       6.7588       1.5087     -14.7867     -17.7597     -14.8271
                -14.3797     -40.7480     -39.0075     -41.6663     -27.1202
                -14.4933     -13.8775     -12.4818     -39.1771     -40.8297
                -45.5159     -32.6461     -46.6773     -38.5820     -39.0814
                -37.5734     -41.8080     -40.4460     -44.3382     -39.6429
                -43.2867     -38.9049     -42.8541      -9.2514     -14.2026
                -15.0863      10.8088     -22.8253     -18.6320     -21.1567
                -26.9318     -37.1081     -31.8227     -28.3336     -11.5088
                -39.8558     -22.6808     -31.5531     -38.7376     -43.1430
                -45.3423     -35.7772     -40.6417     -44.5035     -10.6878
   1     80       4.3666      -0.8959     -17.2005     -20.1889     -17.2442
                -16.8020     -43.1692     -41.4286     -44.0879     -29.5462
                -16.9106     -16.2872     -14.8976     -41.6039     -43.2537
                -47.9375     -35.0739     -49.0989     -41.0133     -41.5082
                -40.0084     -44.2387     -42.8702     -46.7577     -42.0639
                -45.7045     -41.3303     -45.2769     -11.6639     -16.6140
                -17.5024       8.4247     -25.2253     -21.0382     -23.5588
                -29.3651     -39.5371     -34.2471     -30.7645     -13.9167
                -42.2773     -25.1068     -33.9712     -41.1660     -45.5697
                -47.7637     -38.2044     -43.0679     -46.9283     -13.1034
   1    100      -4.3481      -9.6431     -26.0082     -29.0461     -26.0484
                -25.6157     -52.0740     -50.3178     -52.9993     -38.4193
                -25.7316     -25.0815     -23.7076     -50.5119     -52.1669
                -56.8709     -43.9661     -58.0275     -49.9255     -50.4139
                -48.9312     -53.1590     -51.7753     -55.6804     -50.9652
                -54.6119     -50.2379     -54.1806     -20.4528     -25.4051
                -26.3182      -0.2717     -34.0369     -29.8515     -32.3639
                -38.2425     -48.4430     -43.1426     -39.6323     -22.7098
                -51.1677     -33.9598     -42.8246     -50.0832     -54.4884
                -56.6820     -47.0973     -51.9858     -55.8550     -21.9083
   2      0       7.0043       1.7633     -14.5467     -17.4919     -14.5433
                -14.1052     -40.5019     -38.7670     -41.4378     -26.8641
                -14.2045     -13.6111     -12.1906     -38.9189     -40.5960
                -45.2979     -32.4197     -46.4493     -38.3343     -38.8517
                -37.3326     -41.5400     -40.1909     -44.0787     -39.4132
                -43.0587     -38.6688     -42.6093      -8.9952     -13.9321
                -14.8614      11.0979     -22.5872     -18.3668     -20.9091
                -26.6871     -36.8684     -31.5739     -28.0675     -11.2181
                -39.6457     -22.4399     -31.3169     -38.5065     -42.9177
                -45.0928     -35.5344     -40.3837     -44.2740     -10.4261
   3      0       6.9964       1.7578     -14.5364     -17.5122     -14.5685
                -14.1185     -40.5209     -38.7805     -41.4414     -26.8777
                -14.2381     -13.6243     -12.1999     -38.9443     -40.6076
                -45.3009     -32.4289     -46.4586     -38.3360     -38.8583
                -37.3475     -41.5496     -40.2098     -44.0943     -39.4182
                -43.0754     -38.6747     -42.6131      -9.0061     -13.9260
                -14.8571      11.0899     -22.5885     -18.3847     -20.8943
                -26.6909     -36.8754     -31.5811     -28.0803     -11.2398
                -39.6188     -22.4471     -31.3138     -38.5213     -42.9165
                -45.1074     -35.5613     -40.4017     -44.2780     -10.4387
   4      0       6.9689       1.7403     -14.5399     -17.5113     -14.5430
                -14.1206     -40.4978     -38.7761     -41.4592     -26.8806
                -14.2180     -13.5924     -12.1900     -38.9321     -40.6323
                -45.3053     -32.4505     -46.4723     -38.3390     -38.8704
                -37.3620     -41.5455     -40.2065     -44.0700     -39.4265
                -43.0776     -38.6687     -42.6238      -9.0098     -13.9142
                -14.8876      11.1124     -22.5701     -18.3842     -20.8918
                -26.6949     -36.8771     -31.5943     -28.0911     -11.2130
                -39.6440     -22.4442     -31.3083     -38.5121     -42.9313
                -45.0975     -35.5546     -40.3964     -44.3133     -10.4244
   5      0       6.9457       1.6831     -14.5619     -17.5362     -14.6136
                -14.1657     -40.5766     -38.8257     -41.5082     -26.9247
                -14.2510     -13.6675     -12.2144     -38.9841     -40.6570
                -45.3589     -32.4806     -46.4873     -38.3996     -38.8795
                -37.4158     -41.6054     -40.2615     -44.1129     -39.4660
                -43.1112     -38.7228     -42.6778      -9.0215     -13.9687
                -14.8976      11.0298     -22.6168     -18.4347     -20.9383
                -26.7315     -36.9113     -31.6336     -28.1572     -11.2670
                -39.6759     -22.5108     -31.3678     -38.5624     -42.9823
                -45.1512     -35.6101     -40.4447     -44.3277     -10.4695
   5     60       6.5914       1.3288     -14.9177     -17.8951     -14.9692
                -14.5224     -40.9305     -39.1814     -41.8623     -27.2817
                -14.6073     -14.0221     -12.5702     -39.3400     -41.0117
                -45.7130     -32.8368     -46.8422     -38.7572     -39.2343
                -37.7727     -41.9629     -40.6182     -44.4663     -39.8195
                -43.4643     -39.0777     -43.0312      -9.3778     -14.3233
                -15.2542      10.6778     -22.9689     -18.7881     -21.2920
                -27.0904     -37.2687     -31.9897     -28.5149     -11.6227
                -40.0308     -22.8682     -31.7232     -38.9184     -43.3378
                -45.5051     -35.9665     -40.8001     -44.6823     -10.8258
   5     80       3.6189      -1.6572     -17.9160     -20.9133     -17.9699
                -17.5297     -43.9422     -42.1932     -44.8744     -30.2975
                -17.6117     -17.0160     -15.5720     -42.3560     -44.0257
                -48.7258     -35.8535     -49.8554     -41.7780     -42.2502
                -40.7993     -44.9839     -43.6325     -47.4764     -42.8304
                -46.4716     -42.0922     -46.0430     -12.3733     -17.3177
                -18.2550       7.7151     -25.9540     -21.7790     -24.2778
                -30.1125     -40.2898     -35.0038     -31.5338     -14.6151
                -43.0411     -25.8828     -34.7294     -41.9379     -46.3565
                -48.5172     -38.9846     -43.8197     -47.6978     -13.8259
   5    100      -4.4454      -9.7524     -26.0683     -29.1090     -26.1176
                -25.6872     -52.1900     -50.4226     -53.1261     -38.5085
                -25.7763     -25.1557     -23.7228     -50.6034     -52.2800
                -56.9978     -44.0845     -58.1230     -50.0315     -50.4993
                -49.0599     -53.2388     -51.8773     -55.7315     -51.0732
                -54.7198     -50.3414     -54.2902     -20.5047     -25.4561
                -26.4158      -0.3316     -34.1153     -29.9374     -32.4232
                -38.3255     -48.5296     -43.2358     -39.7448     -22.7500
                -51.2748     -34.0788     -42.9269     -50.1943     -54.6189
                -56.7756     -47.2208     -52.0751     -55.9656     -21.9720
 
 
 cumulative average & 95% error for solvation free energy
              total             1st component         2nd component         3rd component
  1   -94.5926              -87.0330              -14.5523                6.9964
  2   -95.9975     2.8097   -87.4937     0.9214   -12.8771     3.3504     4.3771     5.2387
  3   -95.3689     2.0523   -85.8204     3.3886    -7.6173    10.6959    -1.9274    12.9667
  4   -96.0644     2.0101   -86.1432     2.4816    -4.0938    10.3374    -5.8236    12.0328
  5   -96.0963     1.5583   -85.1495     2.7649    -3.3704     8.1369    -7.5726     9.9553
  6   -96.7350     1.8030   -85.5967     2.4283    -2.4710     6.8830    -8.6636     8.4163
  7   -97.1139     1.7018   -85.2972     2.1379     1.4017     9.6866   -13.2146    11.5518
  8   -97.3799     1.5669   -85.7405     2.0528     4.7748    10.7649   -16.4103    11.8716
  9   -97.5951     1.4474   -85.6900     1.8133     7.2903    10.7444   -19.1916    11.8556
 10   -97.8085     1.3631   -86.0219     1.7524     8.1774     9.7725   -19.9602    10.7148
 11   -97.4966     1.3818   -85.7298     1.6894     7.6770     8.8960   -19.4400     9.7476
 12   -97.0156     1.5864   -85.6331     1.5543     7.5767     8.1234   -18.9554     8.9510
 13   -96.7372     1.5619   -85.4319     1.4853     7.1342     7.5247   -18.4357     8.2990
 14   -96.9954     1.5355   -85.6124     1.4217     8.5214     7.4986   -19.9006     8.2230
 15   -97.4026     1.6451   -85.5517     1.3291     9.4341     7.2156   -21.2811     8.1379
 16   -97.5250     1.5582   -85.3796     1.2900    10.6408     7.1680   -22.7823     8.1830
 17   -97.7130     1.5112   -85.0932     1.3403    10.7339     6.7358   -23.3498     7.7699
 18   -97.6406     1.4321   -84.8240     1.3736    11.8209     6.7123   -24.6336     7.7625
 19   -97.8074     1.3951   -84.8616     1.3014    12.4128     6.4587   -25.3548     7.4829
 20   -97.9915     1.3738   -84.7287     1.2629    12.7710     6.1690   -26.0299     7.2262
 21   -98.1149     1.3298   -84.7022     1.2024    13.1600     5.9192   -26.5689     6.9575
 22   -98.0895     1.2690   -84.7054     1.1465    13.8696     5.8194   -27.2498     6.7721
 23   -98.1447     1.2176   -84.7276     1.0964    14.4000     5.6610   -27.8133     6.5684
 24   -98.2384     1.1807   -84.8101     1.0626    15.0672     5.5818   -28.4917     6.4334
 25   -98.4070     1.1816   -84.8891     1.0314    15.4147     5.3988   -28.9287     6.2323
 26   -98.3699     1.1376   -85.0666     1.0526    16.1733     5.4043   -29.4728     6.0859
 27   -98.5125     1.1312   -85.0974     1.0148    16.4024     5.2205   -29.8136     5.8957
 28   -98.4885     1.0911   -85.2413     1.0193    17.0274     5.1836   -30.2708     5.7543
 29   -98.5255     1.0554   -85.2737     0.9857    16.2896     5.2148   -29.5375     5.7428
 30   -98.3805     1.0601   -85.3395     0.9613    15.9799     5.0759   -29.0171     5.6448
 31   -98.1290     1.1420   -85.1926     0.9750    15.6278     4.9597   -28.5603     5.5356
 32   -98.1326     1.1058   -85.0689     0.9760    14.2614     5.5253   -27.3213     5.9050
 33   -98.2217     1.0865   -84.8911     1.0106    13.8511     5.4178   -27.1779     5.7304
 34   -98.3190     1.0718   -84.7603     1.0147    13.3644     5.3454   -26.9192     5.5833
 35   -98.2082     1.0641   -84.6306     1.0188    13.1733     5.2044   -26.7471     5.4324
 36   -98.2081     1.0341   -84.6473     0.9907    13.1886     5.0579   -26.7455     5.2793
 37   -98.2175     1.0059   -84.6813     0.9660    13.4870     4.9554   -27.0193     5.1638
 38   -98.3464     1.0124   -84.7211     0.9436    13.5179     4.8236   -27.1394     5.0318
 39   -98.3766     0.9880   -84.8000     0.9325    13.5907     4.7005   -27.1635     4.9013
 40   -98.3697     0.9631   -84.6389     0.9643    13.0385     4.7128   -26.7654     4.8431
 41   -98.4518     0.9535   -84.6957     0.9473    13.3267     4.6324   -27.0789     4.7649
 42   -98.4537     0.9306   -84.7100     0.9249    13.2287     4.5250   -26.9686     4.6553
 43   -98.3665     0.9252   -84.7561     0.9079    13.4631     4.4433   -27.0697     4.5503
 44   -98.4677     0.9263   -84.7741     0.8877    13.6401     4.3556   -27.3299     4.4760
 45   -98.5513     0.9208   -84.8346     0.8762    13.9635     4.3065   -27.6763     4.4299
 46   -98.5846     0.9030   -84.8560     0.8580    14.3305     4.2753   -28.0552     4.3983
 47   -98.6009     0.8842   -84.8665     0.8398    14.4843     4.1947   -28.2149     4.3156
 48   -98.6513     0.8714   -84.9847     0.8554    14.8061     4.1565   -28.4688     4.2551
 49   -98.7053     0.8603   -84.9400     0.8425    15.0300     4.0953   -28.7915     4.2170
 50   -98.6589     0.8480   -85.0172     0.8398    14.7866     4.0420   -28.4244     4.1965
 
 Mesh error is    0.301 kcal/mol
