 ERmod 0.3.8, Copyright (C) 2000-2019 Nobuyuki Matubayasi
                            2010-2019 Shun Sakuraba
 ERmod comes with ABSOLUTELY NO WARRANTY.
 This is free software, and you can redistribute it
 and/or modify it under certain conditions.
 See LICENSE file for details.
 ERmod 0.3.8, Copyright (C) 2000-2019 Nobuyuki Matubayasi
                            2010-2019 Shun Sakuraba
 ERmod comes with ABSOLUTELY NO WARRANTY.
 This is free software, and you can redistribute it
 and/or modify it under certain conditions.
 See LICENSE file for details.
 
  Number of the   1-th solvent  =          368
  Number of the   2-th solvent  =          368
  Number of the   3-th solvent  =        10000
 
  Be sure that the solvent distribution is homogeneous (radial distribution function is essentially unity) when the solvent molecule is separated beyond distance of   10.0 Angstrom in any direction from any atom within the solute molecule
 
  LJ long-range correction    =        -0.6509     -0.1232     -7.4645
 
  Self-energy of the solute   =        -0.0056  kcal/mol
 
 
 cumulative average & 95% error for solvation energy
              total             1st component         2nd component         3rd component
  1  -485.2015              -87.5253              -10.8093             -386.8613
  2  -483.6862     3.0306   -85.7661     3.5184    -4.6461    12.3263  -393.2684    12.8142
  3  -481.3652     4.9608   -87.9376     4.7946    16.0426    41.9850  -409.4646    33.2266
  4  -480.8924     3.6330   -87.9149     3.3906    18.6836    30.1541  -411.6554    23.8998
  5  -480.7342     2.8319   -87.8753     2.6275    21.3042    23.9381  -414.1574    19.1771
  6  -481.1239     2.4401   -87.2745     2.4590    20.2729    19.6539  -414.1167    15.6583
  7  -481.7081     2.3702   -85.5923     3.9545    14.6771    20.0291  -410.7873    14.8145
  8  -482.6406     2.7734   -85.9281     3.4899     6.3032    24.1114  -403.0101    20.1629
  9  -482.7272     2.4520   -86.4828     3.2716     5.4312    21.3356  -401.6700    17.9829
 10  -482.9761     2.2489   -86.1719     2.9916     2.6958    19.8519  -399.4944    16.6625
 11  -483.3850     2.1924   -86.0409     2.7186    -1.0540    19.4598  -396.2845    16.3821
 12  -483.2935     2.0097   -85.8761     2.5036    -0.8551    17.7688  -396.5567    14.9646
 13  -482.8510     2.0496   -86.1976     2.3910     3.5386    18.5573  -400.1863    15.5623
 14  -483.0039     1.9221   -85.9262     2.2792     2.6181    17.2790  -399.6902    14.4420
 15  -482.8592     1.8126   -86.2321     2.2083     4.3499    16.4546  -400.9715    13.6868
 16  -482.7799     1.7029   -86.5233     2.1462     5.5994    15.5934  -401.8504    12.9229
 17  -482.9521     1.6363   -86.4335     2.0240     4.3400    14.8624  -400.8530    12.3018
 18  -483.1120     1.5755   -86.3285     1.9198     2.8933    14.3080  -399.6713    11.8366
 19  -482.9492     1.5255   -86.3377     1.8160     4.1463    13.7641  -400.7522    11.4031
 20  -482.8935     1.4515   -86.1557     1.7609     3.7409    13.0829  -400.4730    10.8323
 21  -483.1061     1.4446   -85.9861     1.7089     1.8063    13.0320  -398.9206    10.7612
 22  -483.2100     1.3930   -85.9119     1.6361     0.6051    12.6556  -397.8976    10.4624
 23  -483.6887     1.6397   -85.9187     1.5635    -2.4044    13.5080  -395.3601    11.2116
 24  -483.8665     1.6096   -85.8353     1.5062    -4.0003    13.3209  -394.0253    11.0612
 25  -484.1926     1.6760   -85.7211     1.4626    -6.7520    13.9119  -391.7139    11.5729
 26  -484.1411     1.6136   -85.5641     1.4398    -6.8725    13.3683  -391.6988    11.1190
 27  -484.0480     1.5638   -85.6982     1.4112    -6.2978    12.9149  -392.0464    10.7218
 28  -484.2353     1.5528   -85.7088     1.3600    -7.4207    12.6461  -391.1002    10.5037
 29  -484.2201     1.4986   -85.6414     1.3192    -7.7718    12.2224  -390.8013    10.1526
 30  -484.1965     1.4485   -85.9502     1.4162    -6.7772    11.9744  -391.4635     9.8974
 31  -484.1840     1.4012   -86.0276     1.3785    -7.0575    11.5952  -391.0932     9.6014
 32  -484.1300     1.3610   -86.0283     1.3347    -6.9752    11.2283  -391.1209     9.2967
 33  -483.9874     1.3496   -86.1432     1.3139    -5.8917    11.0963  -391.9469     9.1607
 34  -483.8115     1.3558   -86.2204     1.2840    -4.4711    11.1336  -393.1143     9.1888
 35  -483.9358     1.3398   -86.2334     1.2471    -5.6256    11.0547  -392.0712     9.1631
 36  -483.9526     1.3025   -86.1837     1.2160    -5.7919    10.7484  -391.9714     8.9071
 37  -483.9642     1.2670   -86.1338     1.1869    -5.8706    10.4550  -391.9542     8.6631
 38  -483.8269     1.2633   -86.1171     1.1557    -4.6813    10.4505  -393.0229     8.6988
 39  -483.6870     1.2620   -86.1734     1.1313    -3.5801    10.4145  -393.9279     8.6639
 40  -483.6895     1.2300   -86.2239     1.1072    -3.9128    10.1726  -393.5472     8.4788
 41  -483.8253     1.2300   -86.0832     1.1159    -5.0447    10.1764  -392.6917     8.4446
 42  -483.9599     1.2302   -85.9889     1.1052    -6.2189    10.2050  -391.7466     8.4551
 43  -483.9515     1.2014   -86.0105     1.0801    -6.3544     9.9685  -391.5810     8.2628
 44  -484.0716     1.1981   -85.9832     1.0567    -7.1916     9.8822  -390.8911     8.1898
 45  -484.1341     1.1778   -85.9749     1.0331    -7.6504     9.7036  -390.5032     8.0433
 46  -484.2414     1.1717   -85.9485     1.0117    -8.4134     9.6122  -389.8740     7.9665
 47  -484.1707     1.1552   -85.9148     0.9923    -7.9593     9.4492  -390.2910     7.8397
 48  -484.1762     1.1309   -86.0384     1.0023    -7.9735     9.2503  -390.1586     7.6792
 49  -484.2748     1.1250   -86.0223     0.9822    -8.8340     9.2216  -389.4128     7.6673
 50  -484.3108     1.1047   -86.0017     0.9632    -9.3201     9.0874  -388.9834     7.5613
 
 
 group  inft  solvation free energy     error          difference
  total solvation free energy
   1      0        -86.35421           1.25048           0.66221
   1     60        -86.66651           1.25057           0.34992
   1     80        -89.67685           1.25416          -2.66043
   1    100        -99.89742           1.27249         -12.88100
   2      0        -86.44619           1.29928           0.57023
   3      0        -87.01642           1.31575           0.00000
   4      0        -86.66942           1.32059           0.34701
   5      0        -86.93785           1.33083           0.07858
   5     60        -87.36834           1.33116          -0.35191
   5     80        -91.14186           1.33563          -4.12544
   5    100       -100.51884           1.35295         -13.50242
 
  contribution from  1-th solvent component
   1      0        -66.86115           1.11608          -0.32361
   1     60        -66.87063           1.11602          -0.33308
   1     80        -66.98392           1.11579          -0.44637
   1    100        -67.37299           1.11605          -0.83544
   2      0        -66.49063           1.17476           0.04691
   3      0        -66.53754           1.19414          -0.00000
   4      0        -65.82799           1.20519           0.70956
   5      0        -66.16102           1.21169           0.37653
   5     60        -66.17626           1.21164           0.36129
   5     80        -66.32220           1.21147           0.21535
   5    100        -66.68401           1.21197          -0.14646
 
  contribution from  2-th solvent component
   1      0         24.31687           4.36860           1.00456
   1     60         24.32217           4.36861           1.00986
   1     80         24.43641           4.36852           1.12410
   1    100         24.57158           4.36835           1.25927
   2      0         23.81029           4.36019           0.49798
   3      0         23.31231           4.36007           0.00000
   4      0         22.88840           4.36003          -0.42391
   5      0         23.04592           4.35780          -0.26639
   5     60         23.06000           4.35781          -0.25232
   5     80         23.15981           4.35773          -0.15251
   5    100         23.29655           4.35743          -0.01577
 
  contribution from  3-th solvent component
   1      0        -43.80431           4.66215          -0.01874
   1     60        -44.11243           4.66226          -0.32686
   1     80        -47.12373           4.66605          -3.33816
   1    100        -57.09040           4.68678         -13.30482
   2      0        -43.76023           4.66273           0.02534
   3      0        -43.78557           4.66435           0.00000
   4      0        -43.72421           4.66224           0.06136
   5      0        -43.81714           4.66501          -0.03156
   5     60        -44.24646           4.66533          -0.46089
   5     80        -47.97385           4.67025          -4.18828
   5    100        -57.12577           4.69010         -13.34019
 
 
 group  inft   Estimated free energy: total (kcal/mol)
   1      0     -90.5780     -88.9537     -95.5482     -88.2662     -92.8372
                -87.5647     -79.8655     -83.8324     -80.8721     -81.1222
                -80.8540     -86.1906     -92.7675     -86.7279     -91.0596
                -95.5438     -82.5750     -79.4405     -89.5081     -82.6178
                -85.0083     -77.4117     -87.7315     -85.2878     -85.5031
                -85.5567     -84.6568     -83.7248     -84.6674     -92.1320
                -86.3305     -85.2524     -89.9586     -93.5198     -87.7226
                -88.5783     -85.0234     -92.9369     -93.5334     -84.2764
                -78.7772     -83.9380     -84.4236     -81.3172     -85.0911
                -86.3796     -85.6245     -88.3924     -87.0542     -81.1752
   1     60     -90.8926     -89.2679     -95.8570     -88.5810     -93.1495
                -87.8772     -80.1742     -84.1465     -81.1849     -81.4333
                -81.1666     -86.5060     -93.0763     -87.0427     -91.3736
                -95.8547     -82.8847     -79.7503     -89.8226     -82.9320
                -85.3194     -77.7213     -88.0411     -85.5979     -85.8136
                -85.8715     -84.9692     -84.0350     -84.9827     -92.4461
                -86.6416     -85.5644     -90.2722     -93.8311     -88.0351
                -88.8941     -85.3389     -93.2494     -93.8450     -84.5872
                -79.0892     -84.2493     -84.7350     -81.6277     -85.4034
                -86.6953     -85.9377     -88.7060     -87.3652     -81.4861
   1     80     -93.9261     -92.3074     -98.8775     -91.6175     -96.1733
                -90.9026     -83.1613     -87.1498     -84.1795     -84.4317
                -84.1625     -89.5332     -96.0941     -90.0752     -94.4131
                -98.8680     -85.8784     -82.7444     -92.8582     -85.9401
                -88.3203     -80.7054     -91.0241     -88.5854     -88.7955
                -88.8990     -87.9748     -87.0178     -88.0045     -95.4829
                -89.6419     -88.5757     -93.3039     -96.8602     -91.0359
                -91.9255     -88.3662     -96.2807     -96.8723     -87.5801
                -82.0768     -87.2339     -87.7367     -84.6192     -88.4062
                -89.7090     -88.9618     -91.7208     -90.3599     -84.4723
   1    100    -104.1940    -102.6084    -109.2504    -101.9199    -106.4828
               -101.2123     -93.3459     -97.2950     -94.3342     -94.5947
                -94.2914     -99.7891    -106.4505    -100.3510    -104.7452
               -109.1645     -96.0415     -92.9186    -103.1707     -96.1276
                -98.4875     -90.8341    -101.1373     -98.7102     -98.8849
                -99.1597     -98.1928     -97.1457     -98.2235    -105.8007
                -99.8294     -98.8093    -103.6069    -107.2095    -101.2060
               -102.1809     -98.6029    -106.6279    -107.2041     -97.7292
                -92.1881     -97.3288     -97.9287     -94.7791     -98.5985
                -99.8974     -99.2399    -101.9391    -100.5076     -94.5936
   2      0     -90.6716     -88.9606     -95.8082     -88.5560     -93.1375
                -86.9600     -79.2579     -84.0109     -81.0891     -81.1460
                -80.8800     -86.2177     -93.0492     -86.9646     -91.3811
                -95.9072     -82.7667     -79.0741     -89.9797     -82.8851
                -84.8774     -76.7268     -87.7336     -85.3023     -85.6339
                -85.4933     -84.9536     -83.9903     -84.9272     -92.4271
                -86.5383     -85.4163     -90.2609     -93.8848     -87.9105
                -88.7266     -85.0231     -93.1353     -93.7895     -84.5671
                -78.3856     -84.1672     -84.7772     -80.5592     -85.0939
                -86.3592     -85.9570     -88.8618     -87.1664     -80.9610
   3      0     -91.3006     -89.4523     -96.4530     -89.2660     -93.9215
                -87.2776     -79.6710     -84.7174     -81.5589     -81.6427
                -81.4267     -86.7748     -93.5940     -87.6072     -92.0229
                -96.5011     -83.2882     -79.4118     -90.6181     -83.4878
                -85.4575     -77.0932     -88.2511     -85.9467     -86.2129
                -86.0225     -85.5879     -84.7071     -85.6104     -93.0451
                -87.0113     -85.9824     -90.8523     -94.6003     -88.4978
                -89.3205     -85.5355     -93.7652     -94.4413     -85.1766
                -78.7702     -84.9294     -85.3876     -80.8204     -85.6637
                -86.7889     -86.6583     -89.4201     -87.6958     -81.5753
   4      0     -90.9820     -89.1963     -96.0437     -88.9281     -93.5475
                -87.0101     -79.2387     -84.2906     -81.2476     -81.2687
                -81.1008     -86.3582     -93.2131     -87.1534     -91.7400
                -96.2508     -82.9741     -78.9604     -90.3379     -83.1508
                -85.0057     -76.6908     -87.9517     -85.5498     -85.9424
                -85.5290     -85.2279     -84.2121     -85.2659     -92.7324
                -86.8162     -85.6768     -90.4456     -94.3518     -88.0924
                -89.0338     -85.1985     -93.3495     -94.0850     -84.8594
                -78.4793     -84.6032     -85.0859     -80.4205     -85.1244
                -86.5699     -86.2569     -89.1827     -87.4932     -81.2454
   5      0     -91.3860     -89.4478     -96.2519     -89.1239     -93.9272
                -87.2057     -79.5263     -84.5494     -81.5604     -81.5154
                -81.2866     -86.7351     -93.5942     -87.2020     -92.0421
                -96.5533     -83.3663     -79.2066     -90.8215     -83.3971
                -85.1981     -76.7557     -87.9764     -86.0316     -86.1983
                -85.8386     -85.5951     -84.4818     -85.4339     -93.0456
                -87.0816     -85.9389     -90.8784     -94.6279     -88.5035
                -89.2125     -85.5070     -93.8775     -94.4236     -85.0546
                -78.7485     -84.8904     -85.2744     -80.5285     -85.3596
                -86.6605     -86.4955     -89.3038     -87.7477     -81.5239
   5     60     -91.8200     -89.8820     -96.6795     -89.5586     -94.3589
                -87.6369     -79.9513     -84.9814     -81.9905     -81.9439
                -81.7166     -87.1696     -94.0215     -87.6365     -92.4761
                -96.9827     -83.7931     -79.6336     -91.2555     -83.8294
                -85.6262     -77.1820     -88.4029     -86.4584     -86.6252
                -86.2724     -86.0257     -84.9085     -85.8681     -93.4799
                -87.5101     -86.3686     -91.3117     -95.0586     -88.9339
                -89.6479     -85.9420     -94.3093     -94.8545     -85.4826
                -79.1769     -85.3185     -85.7031     -80.9558     -85.7898
                -87.0951     -86.9281     -89.7361     -88.1759     -81.9515
   5     80     -95.6160     -93.6881    -100.4693     -93.3641     -98.1516
                -91.4296     -83.6998     -88.7447     -85.7477     -85.7029
                -85.4711     -90.9610     -97.8073     -91.4373     -96.2857
               -100.7638     -87.5455     -83.3888     -95.0591     -87.5992
                -89.3858     -80.9243     -92.1413     -90.2027     -90.3609
                -90.0669     -89.7990     -88.6499     -89.6524     -97.2867
                -91.2716     -90.1424     -95.1108     -98.8582     -92.6940
                -93.4431     -89.7324     -98.1113     -98.6512     -89.2342
                -82.9230     -89.0607     -89.4671     -84.7069     -89.5534
                -90.8698     -90.7188     -93.5150     -91.9287     -85.6977
   5    100    -105.0333    -103.1404    -109.9946    -102.8191    -107.6178
               -100.8880     -93.0380     -98.0480     -95.0641     -95.0259
                -94.7600    -100.3675    -107.3178    -100.8688    -105.7696
               -110.2117     -96.8702     -92.7234    -104.5265     -96.9479
                -98.7084     -90.2157    -101.4098     -99.4920     -99.6113
                -99.4814     -99.1799     -97.9371     -99.0286    -106.7565
               -100.6180     -99.5293    -104.5680    -108.3619    -102.0188
               -102.8511     -99.1260    -107.6081    -108.1350     -98.5466
                -92.1926     -98.3222     -98.8195     -94.0208     -98.9013
               -100.2102    -100.1545    -102.8901    -101.2329     -94.9815
 
 group  inft   Estimated free energy: 1-th solvent contribution (kcal/mol)
   1      0     -69.6195     -65.7802     -73.7614     -69.6556     -70.9066
                -62.2712     -54.3798     -68.1776     -68.3346     -63.9132
                -64.4834     -66.5390     -71.0180     -63.9178     -70.8896
                -73.6720     -65.4410     -60.4496     -69.0703     -65.3544
                -65.2605     -60.0303     -67.1332     -66.8425     -66.7527
                -62.8780     -68.2804     -66.5747     -65.5852     -73.8621
                -68.5147     -67.2481     -70.4811     -72.3688     -68.1094
                -67.5873     -64.5238     -69.5022     -71.0809     -69.9741
                -59.2846     -66.7050     -67.2765     -61.0298     -65.2087
                -64.6678     -63.8229     -71.8440     -68.5736     -64.4199
   1     60     -69.6291     -65.7901     -73.7702     -69.6650     -70.9156
                -62.2810     -54.3896     -68.1869     -68.3439     -63.9229
                -64.4932     -66.5487     -71.0273     -63.9275     -70.8991
                -73.6806     -65.4509     -60.4592     -69.0799     -65.3640
                -65.2703     -60.0400     -67.1427     -66.8521     -66.7622
                -62.8876     -68.2898     -66.5843     -65.5950     -73.8710
                -68.5242     -67.2575     -70.4905     -72.3776     -68.1187
                -67.5970     -64.5336     -69.5114     -71.0898     -69.9832
                -59.2945     -66.7147     -67.2860     -61.0394     -65.2182
                -64.6774     -63.8324     -71.8530     -68.5830     -64.4296
   1     80     -69.7429     -65.9054     -73.8808     -69.7785     -71.0272
                -62.3954     -54.5036     -68.2996     -68.4573     -64.0376
                -64.6077     -66.6633     -71.1416     -64.0425     -71.0133
                -73.7901     -65.5670     -60.5725     -69.1930     -65.4774
                -65.3851     -60.1538     -67.2563     -66.9652     -66.8753
                -63.0007     -68.4036     -66.6984     -65.7101     -73.9827
                -68.6368     -67.3706     -70.6038     -72.4887     -68.2301
                -67.7109     -64.6475     -69.6236     -71.2010     -70.0940
                -59.4083     -66.8286     -67.3997     -61.1529     -65.3317
                -64.7913     -63.9461     -71.9635     -68.6955     -64.5432
   1    100     -70.1346     -66.2967     -74.2693     -70.1693     -71.4157
                -62.7827     -54.8871     -68.6894     -68.8479     -64.4287
                -64.9972     -67.0535     -71.5364     -64.4325     -71.4051
                -74.1775     -65.9608     -60.9578     -69.5811     -65.8660
                -65.7758     -60.5387     -67.6477     -67.3537     -67.2651
                -63.3859     -68.7949     -67.0902     -66.1022     -74.3716
                -69.0240     -67.7616     -70.9938     -72.8790     -68.6162
                -68.1004     -65.0324     -70.0134     -71.5873     -70.4796
                -59.7953     -67.2203     -67.7908     -61.5404     -65.7206
                -65.1787     -64.3321     -72.3496     -69.0865     -64.9325
   2      0     -69.3874     -65.4653     -73.5988     -69.4288     -70.7081
                -61.2673     -53.5485     -67.8238     -67.9572     -63.5393
                -64.0122     -66.1521     -70.7930     -63.5427     -70.6712
                -73.5537     -65.2093     -59.6222     -68.8631     -65.0210
                -64.9500     -58.9144     -66.7691     -66.6199     -66.5002
                -62.3952     -67.9404     -66.2949     -65.2588     -73.7220
                -68.2505     -66.9218     -70.2954     -72.2210     -67.7650
                -67.3938     -64.1572     -69.2681     -70.9252     -69.7788
                -58.3114     -66.4917     -66.9727     -59.9265     -64.7283
                -64.2792     -63.5057     -71.6851     -68.3328     -63.7917
   3      0     -69.4693     -65.5314     -73.7079     -69.5074     -70.8308
                -61.0943     -53.4007     -67.9291     -67.8997     -63.5840
                -63.9881     -66.2157     -70.8738     -63.5626     -70.7532
                -73.6761     -65.2591     -59.4915     -68.9687     -65.0683
                -65.0071     -58.8253     -66.8348     -66.7167     -66.5903
                -62.3504     -68.0618     -66.4060     -65.3102     -73.8457
                -68.3107     -66.9863     -70.3874     -72.3658     -67.8474
                -67.4990     -64.1778     -69.3755     -71.0395     -69.8926
                -58.1759     -66.5847     -67.0686     -59.7632     -64.7417
                -64.2761     -63.6279     -71.7875     -68.4049     -63.8047
   4      0     -68.8481     -64.8255     -72.9984     -68.8315     -70.1106
                -60.3441     -52.5677     -67.0730     -67.2314     -62.7821
                -63.3683     -65.4501     -70.2040     -62.7686     -70.1135
                -72.9435     -64.6117     -58.6142     -68.2706     -64.3888
                -64.4321     -58.0344     -66.2013     -66.0502     -65.9278
                -61.5614     -67.3464     -65.6090     -64.6668     -73.1466
                -67.6269     -66.2666     -69.7231     -71.6949     -67.1486
                -66.8468     -63.5503     -68.7411     -70.4057     -69.1933
                -57.4461     -65.9303     -66.2860     -58.8233     -63.9010
                -63.6610     -62.7953     -71.1429     -67.7909     -63.1036
   5      0     -69.2202     -65.1499     -73.2654     -69.1338     -70.5156
                -60.6020     -52.9489     -67.4332     -67.5865     -63.1387
                -63.6306     -65.8787     -70.6079     -62.9515     -70.4467
                -73.3523     -64.9899     -58.9407     -68.7300     -64.7145
                -64.6293     -58.2107     -66.3772     -66.4585     -66.3010
                -61.9234     -67.7661     -65.9341     -64.9095     -73.5135
                -67.9681     -66.6082     -70.1544     -72.0245     -67.6096
                -67.0921     -63.8815     -69.2075     -70.7869     -69.5218
                -57.7704     -66.2426     -66.5965     -59.0677     -64.2632
                -63.9019     -63.1469     -71.3997     -68.1434     -63.4035
   5     60     -69.2354     -65.1656     -73.2801     -69.1490     -70.5306
                -60.6175     -52.9645     -67.4484     -67.6016     -63.1540
                -63.6460     -65.8942     -70.6231     -62.9671     -70.4621
                -73.3669     -65.0055     -58.9560     -68.7452     -64.7298
                -64.6447     -58.2262     -66.3924     -66.4737     -66.3161
                -61.9388     -67.7814     -65.9495     -64.9250     -73.5285
                -67.9832     -66.6232     -70.1697     -72.0392     -67.6246
                -67.1075     -63.8971     -69.2225     -70.8019     -69.5366
                -57.7858     -66.2579     -66.6117     -59.0831     -64.2785
                -63.9173     -63.1624     -71.4145     -68.1583     -63.4188
   5     80     -69.3814     -65.3144     -73.4235     -69.2947     -70.6757
                -60.7640     -53.1108     -67.5944     -67.7472     -63.3013
                -63.7925     -66.0416     -70.7704     -63.1154     -70.6091
                -73.5095     -65.1540     -59.1011     -68.8907     -64.8755
                -64.7918     -58.3725     -66.5385     -66.6191     -66.4613
                -62.0850     -67.9290     -66.0967     -65.0728     -73.6738
                -68.1277     -66.7685     -70.3160     -72.1830     -67.7684
                -67.2537     -64.0439     -69.3677     -70.9464     -69.6796
                -57.9317     -66.4044     -66.7580     -59.2288     -64.4242
                -64.0640     -63.3100     -71.5582     -68.3027     -63.5650
   5    100     -69.7446     -65.6799     -73.7856     -69.6569     -71.0398
                -61.1219     -53.4658     -67.9581     -68.1084     -63.6638
                -64.1528     -66.4044     -71.1374     -63.4787     -70.9735
                -73.8723     -65.5186     -59.4566     -69.2517     -65.2364
                -65.1541     -58.7294     -66.9015     -66.9807     -66.8231
                -62.4444     -68.2947     -66.4614     -65.4362     -74.0386
                -68.4871     -67.1303     -70.6800     -72.5465     -68.1285
                -67.6164     -64.4037     -69.7313     -71.3090     -70.0391
                -58.2896     -66.7689     -67.1206     -59.5866     -64.7846
                -64.4243     -63.6717     -71.9201     -68.6645     -63.9263
 
 group  inft   Estimated free energy: 2-th solvent contribution (kcal/mol)
   1      0      21.9694      27.4509      56.2657      42.5711      44.3045
                 35.0800      19.7269       3.7035      30.1973      19.2342
                 11.4567      30.1523      57.1342      23.2608      41.8732
                 39.4933      22.7983      19.0461      42.4664      28.5745
                 10.3989      18.5929      -5.1113       9.6183      -6.0007
                 21.7671      33.7816      12.1331      19.4403      39.3918
                 20.3261      26.8301      41.7835      49.4584       6.2197
                 22.6891      24.4008      47.2818      46.1913      22.1922
                  5.6929       4.3278      22.9564       7.4280      14.6774
                  7.1966      35.1660      23.2360       3.8592      13.1590
   1     60      21.9747      27.4561      56.2710      42.5765      44.3094
                 35.0853      19.7322       3.7085      30.2030      19.2394
                 11.4624      30.1578      57.1399      23.2659      41.8786
                 39.4986      22.8037      19.0511      42.4717      28.5799
                 10.4044      18.5982      -5.1060       9.6238      -5.9953
                 21.7720      33.7871      12.1382      19.4453      39.3972
                 20.3315      26.8352      41.7888      49.4637       6.2251
                 22.6946      24.4062      47.2873      46.1967      22.1975
                  5.6984       4.3331      22.9615       7.4329      14.6829
                  7.2018      35.1712      23.2412       3.8643      13.1645
   1     80      22.0778      27.5608      56.3814      42.6947      44.4258
                 35.1981      19.8508       3.8222      30.3336      19.3566
                 11.5814      30.2756      57.2554      23.3727      41.9858
                 39.6154      22.9192      19.1620      42.5862      28.7023
                 10.5143      18.7178      -4.9921       9.7393      -5.8837
                 21.8795      33.9091      12.2580      19.5546      39.5105
                 20.4436      26.9451      41.9001      49.5753       6.3382
                 22.8061      24.5157      47.4025      46.3105      22.3133
                  5.8230       4.4556      23.0756       7.5455      14.7945
                  7.3163      35.2826      23.3514       3.9727      13.2880
   1    100      22.1817      27.6656      56.5064      42.8462      44.5678
                 35.3260      19.9923       3.9520      30.5145      19.5074
                 11.7342      30.4243      57.3974      23.4821      42.0971
                 39.7516      23.0696      19.2906      42.7334      28.8699
                 10.6345      18.8764      -4.8618       9.8832      -5.7564
                 21.9831      34.0627      12.4098      19.6782      39.6416
                 20.5700      27.0654      42.0276      49.7046       6.4644
                 22.9352      24.6432      47.5358      46.4379      22.4587
                  5.9883       4.6224      23.2102       7.6685      14.9165
                  7.4514      35.4106      23.4680       4.0894      13.4497
   2      0      21.5956      27.1098      55.7938      42.0021      43.7601
                 34.6322      19.4789       3.1078      29.5627      18.7949
                 10.9257      29.6690      56.5924      22.6562      41.2815
                 38.9826      22.3546      18.5269      41.7362      27.9273
                 10.1820      18.1321      -5.5638       9.3398      -6.4236
                 21.3057      33.1160      11.5340      18.8033      38.9115
                 19.8142      26.3043      41.2515      48.9138       5.6305
                 22.3321      23.9834      46.7660      45.7379      21.6785
                  5.0594       3.8514      22.2539       7.0290      14.1589
                  6.7749      34.4672      22.5538       3.4332      12.6937
   3      0      21.0823      26.6928      55.3105      41.4407      43.1392
                 34.1779      18.9279       2.5307      29.0444      18.3676
                 10.3679      29.2123      56.1646      22.0494      40.7550
                 38.5375      21.8819      18.0857      41.2255      27.3982
                  9.6717      17.6840      -5.9968       8.8166      -6.8968
                 20.7614      32.6297      10.9418      18.1910      38.4570
                 19.4271      25.8144      40.7646      48.3545       5.1528
                 21.8632      23.5317      46.2973      45.2427      21.1991
                  4.5585       3.2082      21.7608       6.6249      13.6101
                  6.3601      33.9073      22.1423       3.0169      12.1275
   4      0      20.7251      26.1952      54.9309      41.0031      42.6869
                 33.6222      18.4646       2.0555      28.6631      17.8822
                 10.0275      28.7846      55.8067      21.6481      40.3091
                 38.0061      21.4911      17.5789      40.7279      26.9803
                  9.4982      17.2729      -6.3488       8.4763      -7.3481
                 20.3988      32.2193      10.5738      17.8371      38.0153
                 18.8822      25.3248      40.4517      47.8905       4.7913
                 21.4542      23.1601      45.9777      44.9355      20.7603
                  4.0660       2.8275      21.2226       6.0328      13.2513
                  5.9174      33.3917      21.6691       2.5474      11.6822
   5      0      20.7979      26.3461      55.1170      41.2280      42.8501
                 33.8033      18.6324       2.2462      28.7772      18.0635
                 10.1810      28.9452      55.9095      21.8721      40.4654
                 38.2188      21.5574      17.7673      40.8206      27.1392
                  9.6026      17.4155      -6.1462       8.4952      -7.1348
                 20.5576      32.3674      10.7033      18.0023      38.1650
                 19.0499      25.4974      40.5466      48.0422       4.9295
                 21.5881      23.2722      46.0648      45.0392      20.9713
                  4.1973       2.9348      21.4414       6.2680      13.4481
                  6.1521      33.6217      21.9031       2.7406      11.8221
   5     60      20.8114      26.3597      55.1308      41.2423      42.8641
                 33.8175      18.6469       2.2600      28.7926      18.0775
                 10.1955      28.9596      55.9239      21.8856      40.4791
                 38.2333      21.5713      17.7808      40.8344      27.1538
                  9.6165      17.4296      -6.1323       8.5094      -7.1209
                 20.5712      32.3823      10.7174      18.0159      38.1791
                 19.0639      25.5111      40.5605      48.0562       4.9437
                 21.6022      23.2860      46.0791      45.0534      20.9853
                  4.2121       2.9492      21.4553       6.2817      13.4623
                  6.1662      33.6355      21.9170       2.7541      11.8367
   5     80      20.9010      26.4498      55.2271      41.3467      42.9665
                 33.9155      18.7509       2.3580      28.9077      18.1815
                 10.3006      29.0641      56.0265      21.9767      40.5709
                 38.3350      21.6740      17.8765      40.9357      27.2633
                  9.7121      17.5359      -6.0334       8.6116      -7.0231
                 20.6622      32.4885      10.8223      18.1106      38.2785
                 19.1609      25.6055      40.6571      48.1526       5.0419
                 21.7003      23.3824      46.1794      45.1524      21.0877
                  4.3225       3.0583      21.5541       6.3787      13.5592
                  6.2669      33.7326      22.0115       2.8478      11.9452
   5    100      21.0093      26.5586      55.3543      41.4967      43.1105
                 34.0460      18.8977       2.4900      29.0845      18.3322
                 10.4520      29.2144      56.1709      22.0884      40.6843
                 38.4754      21.8223      18.0038      41.0790      27.4280
                  9.8361      17.6933      -5.8991       8.7563      -6.8918
                 20.7718      32.6409      10.9744      18.2345      38.4136
                 19.2890      25.7267      40.7850      48.2804       5.1724
                 21.8325      23.5113      46.3150      45.2842      21.2338
                  4.4873       3.2234      21.6890       6.5076      13.6861
                  6.4073      33.8623      22.1318       2.9681      12.1055
 
 group  inft   Estimated free energy: 3-th solvent contribution (kcal/mol)
   1      0     -42.9222     -50.6187     -78.0468     -61.1760     -66.2295
                -60.3679     -45.2069     -19.3527     -42.7292     -36.4376
                -27.8217     -49.7983     -78.8781     -46.0653     -62.0375
                -61.3596     -39.9268     -38.0314     -62.8985     -45.8324
                -30.1411     -35.9687     -15.4814     -28.0580     -12.7442
                -44.4402     -50.1524     -29.2776     -38.5169     -57.6562
                -38.1362     -44.8287     -61.2554     -70.6038     -25.8273
                -43.6745     -44.8949     -70.7109     -68.6382     -36.4889
                -25.1799     -21.5551     -40.0979     -27.7098     -34.5542
                -28.9028     -56.9620     -39.7788     -22.3342     -29.9087
   1     60     -43.2326     -50.9284     -78.3521     -61.4868     -66.5377
                -60.6759     -45.5112     -19.6625     -43.0384     -36.7442
                -28.1302     -50.1094     -79.1832     -46.3756     -62.3475
                -61.6671     -40.2319     -38.3366     -63.2088     -46.1423
                -30.4478     -36.2739     -15.7868     -28.3640     -13.0504
                -44.7502     -50.4610     -29.5833     -38.8273     -57.9666
                -38.4433     -45.1364     -61.5648     -70.9116     -26.1359
                -43.9861     -45.2059     -71.0197     -68.9462     -36.7958
                -25.4876     -21.8621     -40.4049     -28.0156     -34.8624
                -29.2141     -57.2709     -40.0886     -22.6409     -30.2155
   1     80     -46.2554     -53.9572     -81.3724     -64.5280     -69.5663
                -63.6996     -48.5029     -22.6667     -46.0502     -39.7451
                -31.1306     -53.1399     -82.2023     -49.3998     -65.3800
                -64.6877     -43.2250     -41.3284     -66.2458     -49.1594
                -33.4438     -39.2638     -18.7701     -31.3538     -16.0309
                -47.7721     -53.4746     -32.5718     -41.8435     -61.0051
                -41.4432     -48.1446     -64.5946     -73.9411     -29.1384
                -47.0151     -48.2287     -74.0539     -71.9762     -39.7939
                -28.4859     -24.8552     -43.4069     -31.0061     -37.8634
                -32.2283     -60.2927     -43.1030     -25.6314     -33.2115
   1    100     -56.2355     -63.9718     -91.4820     -74.5912     -79.6293
                -73.7500     -58.4454     -32.5520     -55.9951     -49.6678
                -41.0228     -63.1543     -92.3058     -59.3950     -75.4316
                -74.7330     -53.1447     -51.2458     -76.3174     -59.1259
                -43.3405     -49.1663     -28.6222     -41.2340     -25.8578
                -57.7513     -63.4549     -42.4597     -51.7939     -71.0650
                -51.3698     -58.1075     -74.6352     -84.0295     -39.0486
                -57.0101     -58.2080     -84.1447     -82.0491     -49.7028
                -38.3755     -34.7252     -53.3425     -40.9015     -47.7888
                -42.1645     -70.3128     -53.0518     -35.5048     -43.1053
   2      0     -42.8742     -50.5995     -77.9976     -61.1237     -66.1838
                -60.3193     -45.1827     -19.2893     -42.6890     -36.3960
                -27.7879     -49.7289     -78.8430     -46.0725     -61.9857
                -61.3305     -39.9064     -37.9732     -62.8472     -45.7858
                -30.1037     -35.9389     -15.3950     -28.0165     -12.7045
                -44.3983     -50.1236     -29.2238     -38.4661     -57.6110
                -38.0963     -44.7932     -61.2113     -70.5720     -25.7704
                -43.6592     -44.8436     -70.6276     -68.5967     -36.4613
                -25.1280     -21.5212     -40.0527     -27.6561     -34.5189
                -28.8493     -56.9129     -39.7248     -22.2613     -29.8573
   3      0     -42.9080     -50.6081     -78.0500     -61.1937     -66.2243
                -60.3555     -45.1925     -19.3133     -42.6980     -36.4206
                -27.8008     -49.7657     -78.8792     -46.0883     -62.0191
                -61.3569     -39.9054     -38.0004     -62.8693     -45.8121
                -30.1165     -35.9462     -15.4139     -28.0410     -12.7202
                -44.4279     -50.1502     -29.2373     -38.4855     -57.6508
                -38.1222     -44.8049     -61.2239     -70.5834     -25.7976
                -43.6792     -44.8838     -70.6814     -68.6389     -36.4775
                -25.1471     -21.5474     -40.0741     -27.6764     -34.5264
                -28.8673     -56.9321     -39.7693     -22.3022     -29.8924
   4      0     -42.8533     -50.5604     -77.9705     -61.0940     -66.1182
                -60.2826     -45.1300     -19.2676     -42.6737     -36.3632
                -27.7544     -49.6870     -78.8102     -46.0272     -61.9299
                -61.3078     -39.8479     -37.9195     -62.7896     -45.7368
                -30.0661     -35.9237     -15.3960     -27.9704     -12.6609
                -44.3609     -50.0952     -29.1713     -38.4306     -57.5955
                -38.0658     -44.7294     -61.1686     -70.5417     -25.7295
                -43.6357     -44.8027     -70.5805     -68.6092     -36.4208
                -25.0936     -21.4947     -40.0169     -27.6244     -34.4691
                -28.8206     -56.8476     -39.7032     -22.2440     -29.8183
   5      0     -42.9581     -50.6384     -78.0979     -61.2124     -66.2560
                -60.4014     -45.2041     -19.3568     -42.7455     -36.4346
                -27.8313     -49.7959     -78.8902     -46.1169     -62.0552
                -61.4141     -39.9282     -38.0276     -62.9064     -45.8162
                -30.1658     -35.9548     -15.4473     -28.0627     -12.7568
                -44.4672     -50.1908     -29.2453     -38.5210     -57.6914
                -38.1578     -44.8226     -61.2650     -70.6400     -25.8178
                -43.7029     -44.8920     -70.7293     -68.6703     -36.4985
                -25.1698     -21.5769     -40.1138     -27.7231     -34.5389
                -28.9050     -56.9646     -39.8016     -22.3393     -29.9369
   5     60     -43.3904     -51.0705     -78.5246     -61.6463     -66.6867
                -60.8313     -45.6281     -19.7874     -43.1759     -36.8617
                -28.2605     -50.2294     -79.3166     -46.5494     -62.4874
                -61.8435     -40.3533     -38.4528     -63.3391     -46.2478
                -30.5924     -36.3798     -15.8725     -28.4885     -13.1825
                -44.8993     -50.6209     -29.6708     -38.9534     -58.1249
                -38.5852     -45.2509     -61.6969     -71.0699     -26.2474
                -44.1371     -45.3253     -71.1602     -69.1005     -36.9257
                -25.5976     -22.0042     -40.5411     -28.1488     -34.9679
                -29.3384     -57.3956     -40.2330     -22.7661     -30.3638
   5     80     -47.1301     -54.8179     -82.2673     -65.4105     -70.4367
                -64.5755     -49.3343     -23.5027     -46.9025     -40.5775
                -31.9735     -53.9779     -83.0578     -50.2929     -66.2418
                -65.5837     -44.0598     -42.1586     -67.0985     -49.9814
                -34.3005     -40.0821     -19.5638     -32.1897     -16.8709
                -48.6385     -54.3528     -33.3699     -42.6847     -61.8858
                -42.2992     -48.9738     -65.4463     -74.8221     -29.9619
                -47.8840     -49.0652     -74.9174     -72.8515     -40.6367
                -29.3082     -25.7089     -44.2576     -31.8511     -38.6827
                -33.0670     -61.1358     -43.9627     -26.4683     -34.0723
   5    100     -56.2924     -64.0135     -91.5577     -74.6533     -79.6828
                -73.8066     -58.4643     -32.5744     -56.0346     -49.6887
                -41.0536     -63.1719     -92.3457     -59.4729     -75.4748
                -74.8092     -53.1683     -51.2650     -76.3483     -59.1340
                -43.3848     -49.1740     -28.6036     -41.2619     -25.8907
                -57.8033     -63.5205     -42.4445     -51.8213     -71.1259
                -51.4143     -58.1201     -74.6673     -84.0902     -39.0572
                -57.0616     -58.2281     -84.1862     -82.1046     -49.7357
                -38.3847     -34.7711     -53.3822     -40.9362     -47.7972
                -42.1876     -70.3395     -53.0962     -35.5308     -43.1551
 
 
 cumulative average & 95% error for solvation free energy
              total             1st component         2nd component         3rd component
  1   -91.3006              -69.4693               21.0823              -42.9080
  2   -90.3765     1.8484   -67.5003     3.9379    23.8875     5.6106   -46.7580     7.7001
  3   -92.4020     4.1892   -69.5695     4.7217    34.3619    21.1976   -57.1887    21.3298
  4   -91.6180     3.3516   -69.5540     3.3389    36.1316    15.4012   -58.1899    15.2148
  5   -92.0787     2.7548   -69.8094     2.6363    37.5331    12.2546   -59.7968    12.2156
  6   -91.2785     2.7605   -68.3569     3.6156    36.9739    10.0682   -59.8899     9.9758
  7   -89.6203     4.0549   -66.2203     5.2533    34.3959     9.9494   -57.7903     9.4189
  8   -89.0074     3.7194   -66.4339     4.5695    30.4128    11.7348   -52.9807    12.6122
  9   -88.1798     3.6742   -66.5967     4.0431    30.2607    10.3535   -51.8382    11.3552
 10   -87.5261     3.5368   -66.2955     3.6661    29.0714     9.5611   -50.2964    10.6142
 11   -86.9716     3.3859   -66.0857     3.3425    27.3711     9.2929   -48.2514    10.4358
 12   -86.9552     3.0911   -66.0965     3.0514    27.5245     8.4888   -48.3776     9.5299
 13   -87.4659     3.0213   -66.4640     2.9015    29.7276     8.9659   -50.7238     9.9432
 14   -87.4760     2.7972   -66.2568     2.7181    29.1792     8.3730   -50.3927     9.2294
 15   -87.7791     2.6737   -66.5565     2.6004    29.9509     7.9462   -51.1678     8.7308
 16   -88.3242     2.7283   -67.0015     2.5902    30.4875     7.5100   -51.8046     8.2656
 17   -88.0280     2.6304   -66.8990     2.4417    29.9813     7.1267   -51.1047     7.8894
 18   -87.5493     2.6583   -66.4875     2.4447    29.3205     6.8479   -50.3767     7.5794
 19   -87.7108     2.5352   -66.6181     2.3272    29.9470     6.5976   -51.0342     7.2890
 20   -87.4997     2.4419   -66.5406     2.2132    29.8196     6.2642   -50.7731     6.9346
 21   -87.4024     2.3308   -66.4676     2.1102    28.8602     6.2598   -49.7894     6.8833
 22   -86.9338     2.4119   -66.1202     2.1286    28.3522     6.0544   -49.1602     6.6825
 23   -86.9911     2.3075   -66.1513     2.0349    26.8587     6.5107   -47.6930     7.0274
 24   -86.9476     2.2110   -66.1748     1.9488    26.1070     6.4123   -46.8741     6.9246
 25   -86.9182     2.1215   -66.1914     1.8695    24.7868     6.6932   -45.5080     7.1819
 26   -86.8837     2.0394   -66.0437     1.8203    24.6320     6.4381   -45.4664     6.9007
 27   -86.8358     1.9648   -66.1185     1.7580    24.9282     6.2233   -45.6399     6.6492
 28   -86.7597     1.8994   -66.1287     1.6942    24.4287     6.0796   -45.0541     6.5136
 29   -86.7201     1.8345   -66.1005     1.6357    24.2136     5.8819   -44.8276     6.3013
 30   -86.9309     1.8217   -66.3587     1.6624    24.6884     5.7613   -45.2550     6.1473
 31   -86.9335     1.7620   -66.4216     1.6128    24.5187     5.5827   -45.0249     5.9635
 32   -86.9038     1.7071   -66.4393     1.5620    24.5592     5.4060   -45.0181     5.7742
 33   -87.0235     1.6718   -66.5589     1.5327    25.0502     5.3309   -45.5092     5.6820
 34   -87.2463     1.6820   -66.7297     1.5257    25.7357     5.3503   -46.2466     5.7063
 35   -87.2821     1.6348   -66.7616     1.4829    25.1476     5.3267   -45.6624     5.6627
 36   -87.3387     1.5927   -66.7821     1.4417    25.0563     5.1798   -45.6073     5.5043
 37   -87.2900     1.5522   -66.7117     1.4092    25.0151     5.0385   -45.5877     5.3536
 38   -87.4604     1.5487   -66.7818     1.3788    25.5752     5.0304   -46.2481     5.3755
 39   -87.6394     1.5504   -66.8910     1.3606    26.0795     5.0025   -46.8222     5.3603
 40   -87.5778     1.5161   -66.9660     1.3346    25.9575     4.8819   -46.5636     5.2501
 41   -87.3630     1.5399   -66.7517     1.3704    25.4356     4.8745   -46.0412     5.2260
 42   -87.3050     1.5072   -66.7477     1.3374    24.9063     4.8733   -45.4581     5.2317
 43   -87.2604     1.4744   -66.7551     1.3060    24.8332     4.7609   -45.3328     5.1147
 44   -87.1141     1.4700   -66.5962     1.3150    24.4194     4.7245   -44.9316     5.0612
 45   -87.0818     1.4384   -66.5550     1.2881    24.1791     4.6432   -44.7003     4.9690
 46   -87.0755     1.4068   -66.5055     1.2637    23.7918     4.6068   -44.3561     4.9083
 47   -87.0666     1.3767   -66.4443     1.2425    24.0070     4.5282   -44.6237     4.8324
 48   -87.1156     1.3513   -66.5556     1.2366    23.9682     4.4335   -44.5226     4.7350
 49   -87.1275     1.3236   -66.5933     1.2134    23.5406     4.4255   -44.0691     4.7252
 50   -87.0164     1.3157   -66.5375     1.1941    23.3123     4.3601   -43.7856     4.6644
 
 Mesh error is    0.662 kcal/mol
