 ERmod 0.3.8, Copyright (C) 2000-2019 Nobuyuki Matubayasi
                            2010-2019 Shun Sakuraba
 ERmod comes with ABSOLUTELY NO WARRANTY.
 This is free software, and you can redistribute it
 and/or modify it under certain conditions.
 See LICENSE file for details.
 ERmod 0.3.8, Copyright (C) 2000-2019 Nobuyuki Matubayasi
                            2010-2019 Shun Sakuraba
 ERmod comes with ABSOLUTELY NO WARRANTY.
 This is free software, and you can redistribute it
 and/or modify it under certain conditions.
 See LICENSE file for details.
 
  Number of the   1-th solvent  =          368
  Number of the   2-th solvent  =          368
  Number of the   3-th solvent  =        10000
 
  Be sure that the solvent distribution is homogeneous (radial distribution function is essentially unity) when the solvent molecule is separated beyond distance of   10.0 Angstrom in any direction from any atom within the solute molecule
 
  LJ long-range correction    =        -0.6509     -0.1232     -7.4645
 
  Self-energy of the solute   =        -0.0230  kcal/mol
 
 
 cumulative average & 95% error for solvation energy
              total             1st component         2nd component         3rd component
  1  -477.0611             -100.3451               28.7380             -405.4311
  2  -477.4094     0.6965   -98.7678     3.1547    32.2370     6.9979  -410.8556    10.8492
  3  -480.7720     6.7373   -97.6410     2.8975    11.8107    41.0519  -394.9187    32.4834
  4  -482.1629     5.5167   -98.0977     2.2432     3.6390    33.3127  -387.6813    27.1497
  5  -482.7447     4.4288   -96.3428     3.9163    -1.8083    28.0095  -384.5707    21.9310
  6  -482.6632     3.6198   -96.2955     3.1991     0.3124    23.2596  -386.6571    18.3864
  7  -483.5985     3.5858   -96.0814     2.7374    -5.8972    23.2523  -381.5970    18.5443
  8  -483.9170     3.1701   -96.3812     2.4454    -7.0240    20.2628  -380.4888    16.2120
  9  -483.5028     2.9159   -96.3771     2.1566    -5.1084    18.2762  -381.9944    14.6113
 10  -482.8071     2.9560   -96.2820     1.9383    -1.1578    18.1561  -385.3444    14.6861
 11  -482.8051     2.6738   -95.5664     2.2633    -2.7165    16.7160  -384.4993    13.3912
 12  -482.6717     2.4553   -95.6848     2.0796    -2.2851    15.2839  -384.6788    12.2297
 13  -482.4667     2.2955   -95.8355     1.9366    -1.3021    14.1960  -385.3061    11.3194
 14  -481.7494     2.5640   -96.1577     1.9052     3.6601    16.4690  -389.2289    13.0911
 15  -481.5228     2.4296   -96.3057     1.7982     5.9581    16.0059  -391.1523    12.7798
 16  -481.7739     2.3275   -96.3463     1.6840     4.7423    15.1683  -390.1470    12.1224
 17  -481.7529     2.1867   -96.2758     1.5881     5.0871    14.2648  -390.5412    11.4142
 18  -481.7324     2.0621   -96.5444     1.5907     5.7735    13.5189  -390.9386    10.7908
 19  -481.7857     1.9534   -96.7270     1.5483     6.1074    12.8050  -391.1432    10.2152
 20  -481.9231     1.8734   -96.7542     1.4699     5.5115    12.2062  -390.6574     9.7396
 21  -482.0423     1.7979   -96.6006     1.4315     4.7341    11.7141  -390.1529     9.3190
 22  -482.4416     1.8911   -96.2598     1.5256     1.9764    12.4565  -388.1353     9.7586
 23  -482.8849     2.0128   -96.2458     1.4581    -0.3330    12.7674  -386.2832    10.0335
 24  -482.9701     1.9347   -96.0757     1.4369    -0.9120    12.2786  -385.9595     9.6282
 25  -482.9394     1.8567   -96.0896     1.3785    -0.7166    11.7837  -386.1102     9.2399
 26  -482.8725     1.7889   -95.5757     1.6764    -0.9307    11.3295  -386.3431     8.8897
 27  -482.7580     1.7365   -95.5018     1.6199    -0.2998    10.9746  -386.9334     8.6352
 28  -482.4970     1.7528   -95.7674     1.6488     1.6843    11.2953  -388.3910     8.8170
 29  -482.3932     1.7040   -96.0749     1.7058     2.6537    11.0700  -388.9490     8.5804
 30  -482.4323     1.6481   -96.0124     1.6527     2.1553    10.7410  -388.5523     8.3273
 31  -482.4388     1.5941   -95.8741     1.6222     1.9737    10.3951  -388.5154     8.0545
 32  -482.3724     1.5492   -96.0548     1.6117     2.3918    10.0997  -388.6865     7.8063
 33  -482.3353     1.5033   -96.0442     1.5623     2.5216     9.7923  -388.7897     7.5688
 34  -482.2052     1.4815   -96.2821     1.5885     3.5945     9.7392  -389.4946     7.4770
 35  -482.2895     1.4484   -96.2038     1.5504     3.0984     9.5088  -389.1611     7.2908
 36  -482.4347     1.4372   -96.0308     1.5459     1.9835     9.5061  -388.3644     7.2623
 37  -482.4630     1.3990   -96.1903     1.5370     1.9010     9.2471  -388.1507     7.0762
 38  -482.3484     1.3808   -96.1316     1.5006     2.3219     9.0397  -388.5158     6.9261
 39  -482.1273     1.4158   -96.2284     1.4744     3.5908     9.1633  -389.4668     7.0092
 40  -481.9988     1.4037   -96.2076     1.4377     4.1385     8.9982  -389.9067     6.8881
 41  -482.1197     1.3902   -95.7488     1.6757     3.1248     9.0071  -389.4727     6.7738
 42  -482.2935     1.4005   -95.5713     1.6734     1.9562     9.0955  -388.6555     6.8097
 43  -482.3045     1.3678   -95.6606     1.6437     2.1486     8.8898  -388.7695     6.6533
 44  -482.4152     1.3545   -95.5820     1.6136     1.4538     8.7958  -388.2640     6.5785
 45  -482.4666     1.3281   -95.4663     1.5942     0.8879     8.6723  -387.8652     6.4799
 46  -482.2753     1.3540   -95.4565     1.5593     2.1949     8.8753  -388.9907     6.7254
 47  -482.2342     1.3274   -95.4778     1.5264     2.3811     8.6924  -389.1145     6.5854
 48  -482.1618     1.3075   -95.5391     1.4992     2.6145     8.5222  -389.2143     6.4498
 49  -482.0877     1.2891   -95.6152     1.4762     3.1864     8.4244  -389.6359     6.3728
 50  -482.0737     1.2634   -95.4730     1.4741     3.3000     8.2573  -389.8777     6.2628
 
 
 group  inft  solvation free energy     error          difference
  total solvation free energy
   1      0        -89.26231           0.72048           0.86032
   1     60        -89.56562           0.72000           0.55700
   1     80        -92.34891           0.71758          -2.22628
   1    100       -102.01510           0.71649         -11.89248
   2      0        -89.87763           0.74530           0.24500
   3      0        -90.12263           0.75468           0.00000
   4      0        -90.03055           0.76410           0.09208
   5      0        -89.80550           0.76555           0.31713
   5     60        -90.21614           0.76492          -0.09351
   5     80        -93.70212           0.76201          -3.57949
   5    100       -102.59906           0.76181         -12.47643
 
  contribution from  1-th solvent component
   1      0        -76.92454           0.96301          -0.15649
   1     60        -76.93566           0.96297          -0.16760
   1     80        -77.04370           0.96271          -0.27564
   1    100        -77.40275           0.96252          -0.63470
   2      0        -76.78316           0.98659          -0.01510
   3      0        -76.76805           0.99331           0.00000
   4      0        -76.49990           0.99555           0.26816
   5      0        -76.33786           0.99799           0.43019
   5     60        -76.35233           0.99792           0.41572
   5     80        -76.48363           0.99756           0.28442
   5    100        -76.81984           0.99758          -0.05179
 
  contribution from  2-th solvent component
   1      0         32.99909           4.12634           0.99311
   1     60         33.00426           4.12637           0.99828
   1     80         33.10068           4.12706           1.09470
   1    100         33.25747           4.12959           1.25150
   2      0         32.23566           4.10077           0.22968
   3      0         32.00598           4.09426           0.00000
   4      0         31.83412           4.08296          -0.17186
   5      0         31.95462           4.08383          -0.05135
   5     60         31.96741           4.08388          -0.03856
   5     80         32.05790           4.08455           0.05192
   5    100         32.20946           4.08645           0.20348
 
  contribution from  3-th solvent component
   1      0        -45.31391           3.67778           0.02369
   1     60        -45.61128           3.67775          -0.27368
   1     80        -48.38293           3.67952          -3.04533
   1    100        -57.84687           3.69540         -12.50927
   2      0        -45.30718           3.67844           0.03042
   3      0        -45.33760           3.67980           0.00000
   4      0        -45.34182           3.67823          -0.00422
   5      0        -45.39931           3.68008          -0.06171
   5     60        -45.80827           3.68004          -0.47067
   5     80        -49.25344           3.68287          -3.91584
   5    100        -57.96572           3.69809         -12.62812
 
 
 group  inft   Estimated free energy: total (kcal/mol)
   1      0     -86.8006     -88.7279     -90.7137     -86.7951     -90.7095
                -92.3803     -91.1227     -89.8988     -89.2288     -89.4871
                -86.2473     -87.2721     -85.7429     -93.3319     -90.6265
                -94.8121     -93.2210     -90.0967     -90.1925     -92.6321
                -92.0181     -88.5087     -91.8095     -91.8652     -91.9486
                -93.1939     -86.0258     -90.1067     -90.2051     -87.8147
                -84.0413     -87.8255     -86.0935     -90.2325     -87.0381
                -83.8857     -89.1696     -88.6218     -89.8043     -86.8369
                -88.6411     -85.6233     -90.8260     -92.0651     -89.9866
                -89.2783     -87.8420     -89.0854     -87.2977     -85.3849
   1     60     -87.1051     -89.0350     -91.0174     -87.0971     -91.0118
                -92.6796     -91.4260     -90.2019     -89.5332     -89.7906
                -86.5541     -87.5758     -86.0484     -93.6324     -90.9269
                -95.1149     -93.5198     -90.3968     -90.4941     -92.9342
                -92.3197     -88.8106     -92.1043     -92.1649     -92.2498
                -93.4949     -86.3315     -90.4112     -90.5119     -88.1223
                -84.3480     -88.1304     -86.3995     -90.5327     -87.3414
                -84.1932     -89.4756     -88.9274     -90.1068     -87.1429
                -88.9441     -85.9253     -91.1251     -92.3687     -90.2934
                -89.5785     -88.1480     -89.3909     -87.6031     -85.6897
   1     80     -89.9088     -91.8515     -93.7984     -89.8595     -93.7838
                -95.4400     -94.1921     -92.9778     -92.3351     -92.5824
                -89.3552     -90.3528     -88.8406     -96.4116     -93.6896
                -97.8965     -96.2722     -93.1534     -93.2631     -95.7142
                -95.0848     -91.5808     -94.8458     -94.9263     -95.0221
                -96.2674     -89.1405     -93.2226     -93.3265     -90.9363
                -87.1465     -90.9259     -89.1918     -93.2923     -90.1196
                -86.9871     -92.2758     -91.7275     -92.9001     -89.9573
                -91.7183     -88.6864     -93.8728     -95.1515     -93.0984
                -92.3509     -90.9524     -92.1870     -90.4003     -88.4721
   1    100     -99.6373    -101.6285    -103.4171     -99.4337    -103.4221
               -105.0788    -103.7690    -102.6062    -102.0620    -102.3296
                -99.0286     -99.9804     -98.5067    -106.1805    -103.3698
               -107.5648    -105.8936    -102.7729    -102.9057    -105.3730
               -104.6936    -101.1561    -104.3580    -104.5364    -104.6796
               -105.9412     -98.8860    -103.0188    -103.0807    -100.6371
                -96.8257    -100.6082     -98.8522    -102.9296     -99.7585
                -96.6061    -101.9579    -101.4393    -102.6684     -99.7214
               -101.3153     -98.2331    -103.4686    -104.7903    -102.7727
               -102.0900    -100.6511    -101.8817    -100.1182     -98.1192
   2      0     -87.0536     -89.3716     -91.3570     -87.5519     -91.3023
                -93.0463     -91.8597     -90.6017     -89.6818     -89.9925
                -86.2393     -87.6502     -86.4055     -94.4506     -91.4997
                -95.3337     -94.2287     -91.1470     -90.9028     -93.2710
                -93.0401     -88.7909     -92.0737     -92.3225     -92.6704
                -93.4531     -86.0361     -90.8442     -90.9171     -88.4211
                -84.1843     -88.5836     -86.8937     -91.2371     -87.7037
                -84.3126     -89.5458     -89.1254     -90.6023     -87.2381
                -89.1441     -86.2558     -91.5587     -92.5239     -90.5069
                -90.2575     -88.6873     -89.6007     -87.9600     -86.4440
   3      0     -87.1895     -89.6246     -91.6057     -87.8833     -91.5822
                -93.2811     -92.1187     -90.8481     -89.8673     -90.3026
                -86.2933     -87.9067     -86.6414     -94.9303     -91.9927
                -95.5792     -94.6137     -91.3028     -91.2576     -93.5337
                -93.4982     -88.8250     -92.3955     -92.5248     -92.8707
                -93.4953     -86.2515     -91.0633     -91.1581     -88.6406
                -84.4312     -88.7985     -87.3257     -91.5417     -87.9601
                -84.3725     -89.6892     -89.3584     -90.9494     -87.4139
                -89.4732     -86.3973     -91.8065     -92.6606     -90.6482
                -90.5665     -88.9913     -89.8050     -88.1381     -86.7265
   4      0     -86.9926     -89.3157     -91.6257     -87.8668     -91.4574
                -93.2793     -92.0216     -90.7937     -89.8853     -90.2478
                -85.9177     -87.8065     -86.5981     -94.9561     -91.8703
                -95.4853     -94.5144     -91.3305     -91.1005     -93.3578
                -93.3751     -88.7884     -92.1893     -92.5235     -92.8313
                -93.4224     -85.9301     -91.1093     -91.1987     -88.5829
                -84.3048     -88.6304     -87.3027     -91.4918     -87.6448
                -84.1426     -89.5474     -89.2098     -90.8050     -87.3249
                -89.3410     -86.3196     -91.7395     -92.5275     -90.6681
                -90.7557     -88.7950     -89.7643     -88.0933     -86.7450
   5      0     -86.7890     -89.1596     -91.1560     -87.6351     -91.3079
                -93.0399     -91.7320     -90.5739     -89.6615     -89.8688
                -85.7688     -87.6290     -86.4483     -94.8957     -91.6564
                -95.1284     -94.5673     -91.1254     -90.9275     -93.2484
                -93.2209     -88.4835     -92.0157     -92.2282     -92.3558
                -93.0412     -85.7346     -90.8103     -91.0496     -88.3002
                -83.9614     -88.2172     -87.0870     -91.2597     -87.5186
                -84.0328     -89.2973     -88.9468     -90.7545     -86.9800
                -89.1238     -86.1576     -91.7000     -92.3560     -90.5014
                -90.4849     -88.6275     -89.4108     -87.7628     -86.5357
   5     60     -87.2017     -89.5753     -91.5677     -88.0438     -91.7179
                -93.4458     -92.1426     -90.9846     -90.0744     -90.2799
                -86.1841     -88.0395     -86.8613     -95.3022     -92.0623
                -95.5387     -94.9717     -91.5315     -91.3356     -93.6582
                -93.6292     -88.8929     -92.4148     -92.6343     -92.7637
                -93.4482     -86.1489     -91.2228     -91.4656     -88.7175
                -84.3758     -88.6300     -87.5000     -91.6656     -87.9291
                -84.4487     -89.7115     -89.3606     -91.1641     -87.3941
                -89.5340     -86.5666     -92.1052     -92.7674     -90.9169
                -90.8907     -89.0424     -89.8236     -88.1763     -86.9474
   5     80     -90.7095     -93.1059     -95.0500     -91.5017     -95.1907
                -96.9050     -95.6065     -94.4608     -93.5847     -93.7806
                -89.6889     -91.5181     -90.3585     -98.7903     -95.5310
                -99.0199     -98.4243     -94.9886     -94.8065     -97.1393
                -97.0930     -92.3571     -95.8404     -96.0944     -96.2363
                -96.9203     -89.6647     -94.7436     -94.9910     -92.2402
                -87.8794     -92.1301     -90.9969     -95.1258     -91.4084
                -87.9433     -93.2163     -92.8673     -94.6642     -90.9163
                -93.0062     -90.0229     -95.5515     -96.2475     -94.4231
                -94.3713     -92.5546     -93.3226     -91.6817     -90.4349
   5    100     -99.6618    -102.1097    -103.9021    -100.3109    -104.0534
               -105.7796    -104.4197    -103.3211    -102.5396    -102.7495
                -98.5824    -100.3760     -99.2561    -107.7998    -104.4502
               -107.9136    -107.2898    -103.8501    -103.6836    -106.0305
               -105.9389    -101.1655    -104.5962    -104.9487    -105.1286
               -105.8181     -98.6271    -103.7652    -103.9670    -101.1643
                -96.7875    -101.0421     -99.8908    -104.0026    -100.2793
                -96.7861    -102.1239    -101.8050    -103.6597     -99.9019
               -101.8383     -98.8043    -104.3847    -105.1128    -103.3185
               -103.3477    -101.4821    -102.2435    -100.6272     -99.3157
 
 group  inft   Estimated free energy: 1-th solvent contribution (kcal/mol)
   1      0     -76.9848     -77.7897     -77.6813     -78.2289     -74.1589
                -78.3133     -77.6337     -77.6347     -76.5412     -75.7474
                -71.8755     -77.2626     -77.7162     -82.6046     -79.0976
                -79.2398     -78.6282     -80.2297     -78.5147     -77.9019
                -77.5028     -70.4566     -77.8393     -74.9361     -77.5369
                -71.1205     -71.7594     -82.0219     -82.8978     -77.2513
                -71.6566     -79.8337     -77.9793     -83.6075     -72.6148
                -71.4586     -80.5697     -77.1514     -79.8055     -74.7064
                -67.8983     -72.0532     -80.0956     -75.1399     -75.6948
                -77.8778     -78.6894     -78.7683     -79.3173     -74.2016
   1     60     -76.9960     -77.8009     -77.6925     -78.2400     -74.1700
                -78.3243     -77.6447     -77.6459     -76.5524     -75.7587
                -71.8866     -77.2738     -77.7274     -82.6155     -79.1086
                -79.2509     -78.6390     -80.2406     -78.5257     -77.9130
                -77.5138     -70.4680     -77.8498     -74.9470     -77.5480
                -71.1319     -71.7709     -82.0329     -82.9088     -77.2625
                -71.6682     -79.8448     -77.9904     -83.6182     -72.6262
                -71.4699     -80.5807     -77.1626     -79.8166     -74.7176
                -67.9097     -72.0645     -80.1064     -75.1510     -75.7059
                -77.8888     -78.7004     -78.7796     -79.3283     -74.2128
   1     80     -77.1043     -77.9092     -77.8007     -78.3484     -74.2782
                -78.4316     -77.7514     -77.7545     -76.6613     -75.8679
                -71.9942     -77.3824     -77.8361     -82.7223     -79.2159
                -79.3592     -78.7441     -80.3471     -78.6339     -78.0214
                -77.6212     -70.5779     -77.9555     -75.0527     -77.6563
                -71.2411     -71.8810     -82.1411     -83.0150     -77.3713
                -71.7793     -79.9534     -78.0990     -83.7235     -72.7360
                -71.5796     -80.6872     -77.2713     -79.9241     -74.8252
                -68.0199     -72.1743     -80.2121     -75.2591     -75.8145
                -77.9964     -78.8072     -78.8891     -79.4351     -74.3214
   1    100     -77.4617     -78.2678     -78.1615     -78.7095     -74.6377
                -78.7908     -78.1081     -78.1151     -77.0216     -76.2283
                -72.3492     -77.7431     -78.1974     -83.0806     -79.5748
                -79.7206     -79.0975     -80.7042     -78.9945     -78.3808
                -77.9811     -70.9384     -78.3088     -75.4053     -78.0171
                -71.5987     -72.2412     -82.5024     -83.3708     -77.7337
                -72.1429     -80.3148     -78.4601     -84.0791     -73.0964
                -71.9395     -81.0426     -77.6326     -80.2828     -75.1795
                -68.3822     -72.5374     -80.5674     -75.6184     -76.1750
                -78.3539     -79.1640     -79.2530     -79.7927     -74.6810
   2      0     -76.6673     -77.6784     -77.6544     -78.0940     -74.0387
                -78.2755     -77.5584     -77.4634     -76.4151     -75.6118
                -71.3368     -77.1489     -77.5985     -82.5488     -79.0159
                -79.2020     -78.5692     -80.1733     -78.3904     -77.8224
                -77.4687     -70.2409     -77.7959     -74.7288     -77.4433
                -70.8759     -71.3010     -81.9771     -82.8201     -77.1867
                -71.3412     -79.7364     -77.9008     -83.5811     -72.2931
                -71.2098     -80.4082     -77.0837     -79.6820     -74.3067
                -67.5646     -71.8648     -80.0366     -74.9981     -75.6400
                -77.8383     -78.6500     -78.6669     -79.1724     -74.0817
   3      0     -76.5714     -77.7299     -77.6351     -78.1025     -74.0352
                -78.2581     -77.6041     -77.4695     -76.4014     -75.6074
                -71.2428     -77.1263     -77.5856     -82.6119     -79.0362
                -79.2334     -78.5894     -80.1282     -78.3788     -77.8401
                -77.4815     -70.1214     -77.7734     -74.6128     -77.4004
                -70.8126     -71.2842     -81.9508     -82.8507     -77.1431
                -71.3172     -79.7223     -77.9503     -83.6063     -72.2744
                -71.1483     -80.4156     -77.0749     -79.7055     -74.1906
                -67.5214     -71.8330     -80.0451     -74.9669     -75.6065
                -77.7857     -78.7009     -78.6192     -79.1688     -74.1318
   4      0     -76.2626     -77.3837     -77.3123     -77.7987     -73.7320
                -78.0073     -77.3579     -77.1846     -76.0918     -75.2653
                -70.7875     -76.8650     -77.3686     -82.3522     -78.6976
                -78.9584     -78.4240     -79.9738     -78.0949     -77.5148
                -77.2723     -69.8441     -77.5136     -74.4972     -77.1938
                -70.5850     -70.8208     -81.7331     -82.6132     -76.9762
                -71.0681     -79.4647     -77.6530     -83.2876     -71.9220
                -70.8193     -80.1669     -76.8701     -79.4109     -73.8769
                -67.3821     -71.6219     -79.7611     -74.7227     -75.4814
                -77.5793     -78.3547     -78.3388     -78.8925     -73.8387
   5      0     -76.1313     -77.2717     -77.0552     -77.6443     -73.6431
                -77.8463     -77.1440     -77.0593     -75.9822     -75.0173
                -70.7046     -76.6998     -77.2370     -82.3051     -78.5152
                -78.7520     -78.3673     -79.7882     -77.9205     -77.4654
                -77.1256     -69.6799     -77.3451     -74.2209     -76.8799
                -70.3266     -70.6624     -81.4940     -82.5320     -76.7294
                -70.7847     -79.1321     -77.5187     -83.1504     -71.7846
                -70.7838     -79.9678     -76.6881     -79.3782     -73.6865
                -67.1054     -71.5095     -79.7034     -74.6188     -75.3567
                -77.3793     -78.2373     -78.1177     -78.6919     -73.7526
   5     60     -76.1459     -77.2863     -77.0696     -77.6587     -73.6577
                -77.8606     -77.1583     -77.0739     -75.9969     -75.0321
                -70.7192     -76.7143     -77.2515     -82.3191     -78.5294
                -78.7664     -78.3813     -79.8024     -77.9349     -77.4799
                -77.1399     -69.6949     -77.3589     -74.2352     -76.8944
                -70.3414     -70.6775     -81.5083     -82.5460     -76.7439
                -70.7999     -79.1467     -77.5332     -83.1641     -71.7996
                -70.7988     -79.9821     -76.7027     -79.3924     -73.7010
                -67.1203     -71.5243     -79.7175     -74.6334     -75.3713
                -77.3936     -78.2515     -78.1322     -78.7061     -73.7671
   5     80     -76.2777     -77.4186     -77.2011     -77.7900     -73.7900
                -77.9913     -77.2880     -77.2063     -76.1297     -75.1652
                -70.8501     -76.8462     -77.3840     -82.4477     -78.6594
                -78.8972     -78.5092     -79.9320     -78.0666     -77.6116
                -77.2703     -69.8285     -77.4870     -74.3642     -77.0254
                -70.4737     -70.8116     -81.6387     -82.6742     -76.8760
                -70.9354     -79.2789     -77.6653     -83.2909     -71.9335
                -70.9327     -80.1123     -76.8350     -79.5229     -73.8314
                -67.2532     -71.6578     -79.8460     -74.7651     -75.5037
                -77.5247     -78.3818     -78.2645     -78.8356     -73.8990
   5    100     -76.6119     -77.7570     -77.5377     -78.1270     -74.1283
                -78.3275     -77.6222     -77.5444     -76.4683     -75.5031
                -71.1818     -77.1831     -77.7233     -82.7839     -78.9959
                -79.2341     -78.8422     -80.2674     -78.4043     -77.9484
                -77.6068     -70.1631     -77.8189     -74.6951     -77.3615
                -70.8072     -71.1481     -81.9765     -83.0072     -77.2144
                -71.2741     -79.6173     -78.0049     -83.6233     -72.2709
                -71.2695     -80.4475     -77.1741     -79.8592     -74.1630
                -67.5878     -71.9959     -80.1806     -75.1011     -75.8418
                -77.8616     -78.7177     -78.6035     -79.1712     -74.2362
 
 group  inft   Estimated free energy: 2-th solvent contribution (kcal/mol)
   1      0      43.7839      48.2694      16.9877      22.6636      19.9431
                 37.9868      10.5207      24.5142      34.8704      46.9091
                 20.5854      32.6350      36.1792      65.2864      52.2371
                 23.5405      37.6908      42.1833      38.3987      27.7024
                 26.0916       2.6571       6.4789      24.0869      32.7919
                 26.8084      37.5894      59.1729      45.2148      24.6505
                 29.1804      37.7382      35.3942      52.9761      25.4867
                 12.7794      29.3357      39.2225      56.4588      42.8507
                 14.1394      10.9503      39.4622      16.5226      17.4069
                 63.9387      36.2149      36.5631      46.8224      38.0812
   1     60      43.7889      48.2747      16.9928      22.6688      19.9483
                 37.9922      10.5261      24.5194      34.8754      46.9142
                 20.5903      32.6402      36.1843      65.2917      52.2425
                 23.5456      37.6962      42.1887      38.4040      27.7075
                 26.0968       2.6621       6.4835      24.0919      32.7969
                 26.8131      37.5944      59.1780      45.2201      24.6557
                 29.1856      37.7434      35.3993      52.9819      25.4920
                 12.7846      29.3407      39.2278      56.4639      42.8554
                 14.1445      10.9556      39.4679      16.5276      17.4119
                 63.9440      36.2203      36.5682      46.8276      38.0864
   1     80      43.8792      48.3725      17.0865      22.7677      20.0402
                 38.0895      10.6226      24.6162      34.9664      47.0080
                 20.6785      32.7422      36.2797      65.3906      52.3521
                 23.6355      37.7978      42.2951      38.5064      27.8006
                 26.1941       2.7500       6.5789      24.1840      32.8906
                 26.9027      37.6843      59.2749      45.3164      24.7491
                 29.2786      37.8374      35.4985      53.0898      25.5897
                 12.8803      29.4302      39.3222      56.5572      42.9510
                 14.2432      11.0570      39.5771      16.6183      17.4999
                 64.0512      36.3171      36.6631      46.9268      38.1928
   1    100      44.0138      48.5304      17.2364      22.9356      20.1810
                 38.2556      10.7768      24.7744      35.1034      47.1562
                 20.8060      32.9134      36.4309      65.5592      52.5528
                 23.7712      37.9713      42.4903      38.6866      27.9468
                 26.3524       2.8798       6.7304      24.3278      33.0362
                 27.0341      37.8174      59.4395      45.4733      24.8954
                 29.4240      37.9849      35.6643      53.2875      25.7506
                 13.0334      29.5638      39.4702      56.7043      43.1020
                 14.4100      11.2317      39.7803      16.7560      17.6259
                 64.2502      36.4732      36.8102      47.0897      38.3832
   2      0      43.2110      47.5286      16.3322      21.7356      19.2170
                 37.2929       9.7044      23.6527      34.2886      46.2705
                 20.0356      32.1346      35.3847      64.1052      51.2922
                 22.9710      36.6098      41.0737      37.5548      26.9754
                 25.0237       2.1490       6.1539      23.4193      31.9900
                 26.3050      37.1113      58.3992      44.4331      23.9891
                 28.6924      36.8848      34.4835      51.9342      24.5110
                 12.0998      28.7983      38.6282      55.5087      42.0385
                 13.2851      10.0997      38.6679      15.9157      16.8248
                 62.9152      35.3249      35.9248      46.0005      36.9009
   3      0      43.0139      47.3504      16.0839      21.4253      18.9660
                 37.0816       9.5215      23.4268      34.1244      45.9719
                 19.9203      31.8887      35.1612      63.7441      50.8516
                 22.7859      36.2768      40.8983      37.2187      26.7544
                 24.6232       2.0239       5.8195      23.1398      31.7707
                 26.2325      36.9192      58.1739      44.2505      23.7586
                 28.4840      36.6716      34.1363      51.7053      24.2571
                 11.9911      28.6839      38.4229      55.2394      41.7836
                 12.9659       9.9553      38.4507      15.7688      16.6555
                 62.5929      35.1042      35.7102      45.8522      36.6903
   4      0      42.8956      47.3249      15.7838      21.1444      18.7769
                 36.8158       9.3643      23.2176      33.8212      45.7031
                 19.8311      31.7234      34.9982      63.4374      50.6325
                 22.6381      36.2372      40.7265      37.0992      26.6159
                 24.5191       1.8177       5.7764      23.0264      31.5936
                 26.0652      36.7664      57.9468      43.9895      23.6617
                 28.3278      36.5942      33.8669      51.4089      24.2077
                 11.9225      28.6008      38.3354      55.0630      41.5645
                 12.9421       9.8331      38.2468      15.6839      16.5247
                 62.1963      34.9584      35.4752      45.5999      36.4037
   5      0      43.0404      47.4305      16.0252      21.2601      18.9040
                 36.9473       9.4997      23.3624      33.9992      45.8892
                 19.9631      31.8003      35.0737      63.5085      50.7508
                 22.8298      36.1889      40.8160      37.1432      26.7010
                 24.5944       1.9943       5.8251      23.1278      31.8195
                 26.2570      36.8671      58.0498      44.1260      23.7468
                 28.4724      36.7242      34.0048      51.5927      24.2694
                 12.0161      28.6959      38.4893      55.1750      41.7518
                 12.9678       9.9474      38.2850      15.7800      16.6209
                 62.3374      35.0437      35.6670      45.7951      36.5540
   5     60      43.0529      47.4435      16.0378      21.2730      18.9166
                 36.9602       9.5125      23.3752      34.0116      45.9019
                 19.9753      31.8136      35.0865      63.5213      50.7645
                 22.8421      36.2019      40.8294      37.1565      26.7134
                 24.6071       2.0063       5.8375      23.1402      31.8319
                 26.2692      36.8795      58.0625      44.1388      23.7595
                 28.4850      36.7369      34.0179      51.6065      24.2823
                 12.0289      28.7082      38.5021      55.1875      41.7644
                 12.9807       9.9606      38.2989      15.7923      16.6332
                 62.3508      35.0566      35.6797      45.8083      36.5675
   5     80      43.1377      47.5348      16.1255      21.3655      19.0039
                 37.0524       9.6032      23.4662      34.0953      45.9898
                 20.0579      31.9098      35.1755      63.6126      50.8677
                 22.9270      36.2963      40.9300      37.2547      26.8002
                 24.6965       2.0890       5.9255      23.2248      31.9189
                 26.3535      36.9642      58.1547      44.2291      23.8473
                 28.5727      36.8250      34.1100      51.7090      24.3744
                 12.1186      28.7918      38.5909      55.2747      41.8528
                 13.0731      10.0569      38.4040      15.8777      16.7163
                 62.4532      35.1470      35.7682      45.9013      36.6676
   5    100      43.2718      47.6871      16.2691      21.5233      19.1462
                 37.2098       9.7540      23.6194      34.2268      46.1337
                 20.1862      32.0769      35.3215      63.7662      51.0571
                 23.0622      36.4591      41.1131      37.4294      26.9407
                 24.8441       2.2180       6.0724      23.3611      32.0593
                 26.4869      37.0982      58.3112      44.3796      23.9904
                 28.7154      36.9685      34.2660      51.8965      24.5313
                 12.2686      28.9237      38.7378      55.4157      41.9983
                 13.2316      10.2273      38.6006      16.0144      16.8460
                 62.6405      35.2979      35.9126      46.0594      36.8459
 
 group  inft   Estimated free energy: 3-th solvent contribution (kcal/mol)
   1      0     -53.5767     -59.1846     -29.9971     -31.2068     -36.4707
                -52.0309     -23.9867     -36.7554     -47.5350     -60.6259
                -34.9342     -42.6215     -44.1830     -75.9908     -63.7430
                -39.0899     -52.2606     -52.0273     -50.0535     -42.4096
                -40.5840     -20.6863     -20.4262     -40.9931     -47.1806
                -48.8588     -51.8328     -67.2348     -52.4991     -35.1909
                -41.5422     -45.7071     -43.4855     -59.5782     -39.8871
                -25.1837     -37.9126     -50.6700     -66.4346     -54.9582
                -34.8593     -24.4974     -50.1697     -33.4249     -31.6757
                -75.3163     -45.3445     -46.8573     -54.7798     -49.2415
   1     60     -53.8752     -59.4858     -30.2949     -31.5029     -36.7670
                -52.3246     -24.2843     -37.0525     -47.8333     -60.9232
                -35.2347     -42.9192     -44.4824     -76.2856     -64.0379
                -39.3866     -52.5540     -52.3219     -50.3494     -42.7057
                -40.8797     -20.9818     -20.7150     -41.2869     -47.4757
                -49.1531     -52.1321     -67.5334     -52.8003     -35.4926
                -41.8426     -46.0061     -43.7855     -59.8734     -40.1843
                -25.4849     -38.2127     -50.9697     -66.7312     -55.2579
                -35.1559     -24.7934     -50.4637     -33.7224     -31.9764
                -75.6107     -45.6450     -47.1566     -55.0795     -49.5404
   1     80     -56.6608     -62.2919     -33.0613     -34.2558     -39.5228
                -55.0750     -27.0404     -39.8165     -50.6172     -63.6995
                -38.0165     -45.6897     -47.2613     -79.0570     -66.8028
                -42.1498     -55.3029     -55.0783     -53.1126     -45.4704
                -43.6347     -23.7300     -23.4462     -44.0346     -50.2335
                -51.9061     -54.9209     -70.3335     -55.6050     -38.2912
                -44.6228     -48.7869     -46.5684     -62.6356     -42.9504
                -28.2648     -40.9958     -53.7554     -69.5103     -58.0602
                -37.9186     -27.5461     -53.2149     -36.4876     -34.7609
                -78.3827     -48.4394     -49.9380     -57.8690     -52.3206
   1    100     -66.1664     -71.8681     -42.4691     -43.6368     -48.9424
                -64.5206     -36.4147     -49.2425     -60.1208     -73.2345
                -47.4624     -55.1278     -56.7172     -88.6362     -76.3249
                -51.5925     -64.7445     -64.5361     -62.5748     -54.9160
                -53.0420     -33.0744     -32.7567     -53.4360     -59.6758
                -61.3537     -64.4392     -79.9329     -65.1602     -47.7758
                -54.0838     -58.2554     -56.0333     -72.1151     -52.3898
                -37.6770     -50.4561     -63.2539     -79.0670     -67.6209
                -47.3201     -36.9044     -62.6585     -45.9050     -44.2007
                -87.9633     -57.9374     -59.4160     -67.3922     -61.7985
   2      0     -53.5744     -59.1989     -30.0118     -31.1705     -36.4576
                -52.0408     -23.9826     -36.7681     -47.5323     -60.6283
                -34.9152     -42.6129     -44.1688     -75.9841     -63.7530
                -39.0798     -52.2463     -52.0244     -50.0442     -42.4009
                -40.5722     -20.6760     -20.4088     -40.9901     -47.1942
                -48.8592     -51.8234     -67.2433     -52.5071     -35.2006
                -41.5125     -45.7090     -43.4534     -59.5673     -39.8986
                -25.1798     -37.9130     -50.6470     -66.4060     -54.9470
                -34.8416     -24.4678     -50.1670     -33.4186     -31.6687
                -75.3115     -45.3392     -46.8357     -54.7652     -49.2402
   3      0     -53.6090     -59.2221     -30.0315     -31.1831     -36.4900
                -52.0816     -24.0132     -36.7824     -47.5673     -60.6441
                -34.9478     -42.6461     -44.1941     -76.0395     -63.7852
                -39.1088     -52.2782     -52.0500     -50.0746     -42.4250
                -40.6169     -20.7046     -20.4187     -41.0289     -47.2180
                -48.8923     -51.8636     -67.2635     -52.5349     -35.2331
                -41.5751     -45.7248     -43.4888     -59.6177     -39.9198
                -25.1924     -37.9345     -50.6836     -66.4604     -54.9839
                -34.8947     -24.4967     -50.1892     -33.4396     -31.6742
                -75.3507     -45.3717     -46.8731     -54.7986     -49.2621
   4      0     -53.6026     -59.2340     -30.0742     -31.1896     -36.4794
                -52.0648     -24.0050     -36.8038     -47.5917     -60.6626
                -34.9384     -42.6420     -44.2048     -76.0183     -63.7823
                -39.1420     -52.3047     -52.0601     -50.0819     -42.4360
                -40.5989     -20.7391     -20.4292     -41.0298     -47.2081
                -48.8797     -51.8527     -67.3000     -52.5521     -35.2455
                -41.5415     -45.7369     -43.4936     -59.5902     -39.9076
                -25.2229     -37.9584     -50.6522     -66.4342     -54.9896
                -34.8780     -24.5078     -50.2022     -33.4657     -31.6885
                -75.3498     -45.3759     -46.8777     -54.7777     -49.2870
   5      0     -53.6752     -59.2954     -30.1031     -31.2281     -36.5459
                -52.1180     -24.0647     -36.8541     -47.6555     -60.7178
                -35.0043     -42.7066     -44.2621     -76.0761     -63.8691
                -39.1832     -52.3659     -52.1302     -50.1273     -42.4610
                -40.6668     -20.7749     -20.4727     -41.1121     -47.2724
                -48.9486     -51.9163     -67.3431     -52.6206     -35.2947
                -41.6261     -45.7864     -43.5501     -59.6791     -39.9804
                -25.2421     -38.0024     -50.7251     -66.5284     -55.0223
                -34.9633     -24.5726     -50.2586     -33.4942     -31.7427
                -75.4201     -45.4111     -46.9372     -54.8431     -49.3142
   5     60     -54.0858     -59.7096     -30.5129     -31.6351     -36.9538
                -52.5224     -24.4739     -37.2629     -48.0661     -61.1268
                -35.4172     -43.1159     -44.6733     -76.4815     -64.2745
                -39.5914     -52.7694     -52.5356     -50.5342     -42.8688
                -41.0735     -21.1813     -20.8705     -41.5164     -47.6783
                -49.3531     -52.3280     -67.7541     -53.0355     -35.7101
                -42.0379     -46.1973     -43.9617     -60.0850     -40.3889
                -25.6558     -38.4147     -51.1371     -66.9362     -55.4345
                -35.3714     -24.9800     -50.6636     -33.9033     -32.1559
                -75.8249     -45.8246     -47.3481     -55.2556     -49.7248
   5     80     -57.5466     -63.1991     -33.9515     -35.0543     -40.3816
                -55.9432     -27.8988     -40.6977     -51.5273     -64.5823
                -38.8738     -46.5588     -48.1270     -79.9322     -67.7164
                -43.0268     -56.1883     -55.9636     -53.9716     -46.3051
                -44.4962     -24.5946     -24.2560     -44.9321     -51.1068
                -52.7772     -55.7944     -71.2366     -56.5229     -39.1885
                -45.4938     -49.6532     -47.4187     -63.5209     -43.8263
                -29.1062     -41.8729     -54.6002     -70.3930     -58.9147
                -38.8032     -28.3991     -54.0865     -37.3372     -35.6127
                -79.2768     -49.2969     -50.8034     -58.7244     -53.1805
   5    100     -66.2987     -72.0168     -42.6106     -43.6842     -49.0484
                -64.6389     -36.5285     -49.3731     -60.2751     -73.3572
                -47.5639     -55.2468     -56.8314     -88.7590     -76.4884
                -51.7188     -64.8838     -64.6728     -62.6857     -54.9999
                -53.1532     -33.1974     -32.8267     -53.5919     -59.8035
                -61.4749     -64.5542     -80.0769     -65.3165     -47.9173
                -54.2059     -58.3703     -56.1289     -72.2529     -52.5168
                -37.7622     -50.5771     -63.3456     -79.1932     -67.7143
                -47.4591     -37.0127     -62.7817     -46.0031     -44.2997
                -88.1037     -58.0394     -59.5297     -67.4925     -61.9024
 
 
 cumulative average & 95% error for solvation free energy
              total             1st component         2nd component         3rd component
  1   -87.1895              -76.5714               43.0139              -53.6090
  2   -88.4071     2.4351   -77.1507     1.1584    45.1821     4.3364   -56.4156     5.6131
  3   -89.4733     2.5542   -77.3122     0.7427    35.4827    19.5597   -47.6209    17.8854
  4   -89.0758     1.9733   -77.5097     0.6572    31.9684    15.5143   -43.5115    15.0829
  5   -89.5771     1.8280   -76.8148     1.4801    29.3679    13.0945   -42.1072    12.0160
  6   -90.1944     1.9370   -77.0554     1.3008    30.6535    10.9965   -43.7696    10.3591
  7   -90.4693     1.7270   -77.1338     1.1105    27.6346    11.0827   -40.9472    10.4169
  8   -90.5167     1.4986   -77.1757     0.9654    27.1087     9.6554   -40.4266     9.0812
  9   -90.4445     1.3295   -77.0897     0.8686    27.8882     8.6568   -41.2200     8.1646
 10   -90.4303     1.1895   -76.9415     0.8315    29.6966     8.5460   -43.1625     8.2716
 11   -90.0542     1.3128   -76.4234     1.2803    28.8078     7.9318   -42.4157     7.6296
 12   -89.8753     1.2507   -76.4820     1.1746    29.0645     7.2589   -42.4349     6.9649
 13   -89.6265     1.2534   -76.5669     1.0938    29.5335     6.7428   -42.5702     6.4125
 14   -90.0053     1.3859   -76.9987     1.3309    31.9771     7.9281   -44.9609     7.6228
 15   -90.1378     1.3172   -77.1345     1.2684    33.2354     7.7979   -46.2158     7.5272
 16   -90.4779     1.4074   -77.2657     1.2151    32.5823     7.4103   -45.7716     7.0969
 17   -90.7212     1.4087   -77.3435     1.1520    32.7997     6.9743   -46.1544     6.7102
 18   -90.7535     1.3297   -77.4982     1.1293    33.2496     6.6368   -46.4819     6.3603
 19   -90.7800     1.2589   -77.5446     1.0723    33.4585     6.2916   -46.6710     6.0281
 20   -90.9177     1.2256   -77.5594     1.0177    33.1233     6.0063   -46.4587     5.7345
 21   -91.0406     1.1914   -77.5557     0.9680    32.7185     5.7702   -46.1805     5.4829
 22   -90.9399     1.1537   -77.2177     1.1440    31.3233     6.1689   -45.0225     5.7178
 23   -91.0032     1.1096   -77.2419     1.0942    30.2144     6.2979   -43.9528     5.8675
 24   -91.0666     1.0699   -77.1324     1.0702    29.9197     6.0586   -43.8310     5.6230
 25   -91.1387     1.0363   -77.1431     1.0268    29.9937     5.8131   -43.9664     5.4002
 26   -91.2294     1.0120   -76.8996     1.1001    29.8490     5.5925   -44.1559     5.2021
 27   -91.0450     1.0413   -76.6916     1.1374    30.1109     5.4068   -44.4414     5.0382
 28   -91.0457     1.0034   -76.8794     1.1586    31.1132     5.5824   -45.2564     5.1213
 29   -91.0496     0.9682   -77.0853     1.1914    31.5662     5.4622   -45.5074     4.9670
 30   -90.9693     0.9491   -77.0873     1.1510    31.3059     5.3026   -45.1649     4.8472
 31   -90.7583     1.0102   -76.9011     1.1738    31.2149     5.1319   -45.0491     4.6939
 32   -90.6971     0.9858   -76.9893     1.1501    31.3854     4.9806   -45.0703     4.5451
 33   -90.5949     0.9771   -77.0184     1.1163    31.4688     4.8302   -45.0223     4.4063
 34   -90.6228     0.9495   -77.2122     1.1502    32.0640     4.8348   -45.4516     4.3601
 35   -90.5467     0.9345   -77.0711     1.1519    31.8409     4.7158   -45.2936     4.2454
 36   -90.3752     0.9708   -76.9066     1.1668    31.2895     4.7137   -44.7352     4.2743
 37   -90.3567     0.9449   -77.0014     1.1506    31.2191     4.5867   -44.5514     4.1734
 38   -90.3304     0.9212   -77.0034     1.1199    31.4087     4.4805   -44.7128     4.0749
 39   -90.3463     0.8978   -77.0726     1.0996    32.0197     4.5320   -45.2704     4.1227
 40   -90.2730     0.8873   -77.0006     1.0814    32.2638     4.4441   -45.5132     4.0476
 41   -90.2534     0.8663   -76.7694     1.1516    31.7931     4.4354   -45.2542     3.9815
 42   -90.1616     0.8651   -76.6519     1.1482    31.2732     4.4517   -44.7600     4.0093
 43   -90.1999     0.8482   -76.7308     1.1322    31.4401     4.3597   -44.8863     3.9231
 44   -90.2558     0.8362   -76.6907     1.1091    31.0839     4.3186   -44.6261     3.8680
 45   -90.2645     0.8176   -76.6666     1.0852    30.7633     4.2700   -44.3383     3.8246
 46   -90.2711     0.7997   -76.6909     1.0625    31.4553     4.3995   -45.0125     3.9762
 47   -90.2439     0.7844   -76.7337     1.0431    31.5329     4.3076   -45.0201     3.8907
 48   -90.2347     0.7681   -76.7730     1.0242    31.6199     4.2205   -45.0587     3.8096
 49   -90.1919     0.7571   -76.8219     1.0078    31.9104     4.1741   -45.2575     3.7521
 50   -90.1226     0.7547   -76.7681     0.9933    32.0060     4.0943   -45.3376     3.6798
 
 Mesh error is    0.860 kcal/mol
