 ERmod 0.3.8, Copyright (C) 2000-2019 Nobuyuki Matubayasi
                            2010-2019 Shun Sakuraba
 ERmod comes with ABSOLUTELY NO WARRANTY.
 This is free software, and you can redistribute it
 and/or modify it under certain conditions.
 See LICENSE file for details.
 ERmod 0.3.8, Copyright (C) 2000-2019 Nobuyuki Matubayasi
                            2010-2019 Shun Sakuraba
 ERmod comes with ABSOLUTELY NO WARRANTY.
 This is free software, and you can redistribute it
 and/or modify it under certain conditions.
 See LICENSE file for details.
 
  Number of the   1-th solvent  =          368
  Number of the   2-th solvent  =          368
  Number of the   3-th solvent  =        10000
 
  Be sure that the solvent distribution is homogeneous (radial distribution function is essentially unity) when the solvent molecule is separated beyond distance of   10.0 Angstrom in any direction from any atom within the solute molecule
 
  LJ long-range correction    =        -0.6509     -0.1232     -7.4645
 
  Self-energy of the solute   =        -0.0056  kcal/mol
 
 
 cumulative average & 95% error for solvation energy
              total             1st component         2nd component         3rd component
  1  -463.9991              -84.9611               22.9026             -401.9351
  2  -468.5270     9.0556   -86.2307     2.5393    -4.8485    55.5022  -377.4421    48.9859
  3  -465.6534     7.7695   -87.2415     2.4972    15.4868    51.7777  -393.8931    43.3867
  4  -464.0836     6.3276   -87.5951     1.9021    27.1002    43.3584  -403.5832    36.2877
  5  -463.3573     5.1121   -88.3390     2.0939    32.6456    35.3691  -407.6583    29.2661
  6  -463.0699     4.2134   -88.8397     1.9814    35.7626    29.5440  -409.9871    24.3454
  7  -463.6450     3.7421   -89.0736     1.7387    33.0835    25.5376  -407.6493    21.1001
  8  -464.1820     3.4141   -88.8664     1.5617    29.1390    23.4811  -404.4491    19.3617
  9  -464.0474     3.0230   -89.3432     1.6752    31.3265    21.1655  -406.0251    17.3639
 10  -464.0632     2.7040   -89.4347     1.5095    31.5784    18.9377  -406.2013    15.5348
 11  -463.9449     2.4573   -89.2473     1.4159    32.5227    17.2336  -407.2147    14.1971
 12  -463.6138     2.3389   -89.4392     1.3484    34.9214    16.4472  -409.0903    13.4921
 13  -463.6540     2.1530   -88.7227     1.8952    34.3431    15.1734  -409.2688    12.4161
 14  -463.7075     1.9962   -88.5753     1.7792    33.8339    14.0847  -408.9604    11.5116
 15  -463.4903     1.9085   -88.8667     1.7559    35.6963    13.6310  -410.3143    11.0535
 16  -463.8479     1.9232   -88.8206     1.6450    33.1318    13.7435  -408.1535    11.2064
 17  -464.0118     1.8360   -88.3442     1.8153    30.9004    13.6594  -406.5623    10.9971
 18  -464.1260     1.7460   -88.2269     1.7275    30.7485    12.8818  -406.6419    10.3694
 19  -464.0842     1.6537   -88.6069     1.8021    32.0827    12.4737  -407.5544     9.9768
 20  -464.0139     1.5751   -88.9204     1.8210    32.6815    11.8941  -407.7694     9.4746
 21  -463.8347     1.5405   -89.1914     1.8149    34.0640    11.6465  -408.7018     9.2030
 22  -463.8129     1.4694   -89.1194     1.7364    34.3151    11.1159  -409.0030     8.7954
 23  -463.7101     1.4191   -89.1069     1.6594    34.7817    10.6625  -409.3792     8.4379
 24  -463.5730     1.3860   -89.0629     1.5912    35.6815    10.3660  -410.1861     8.2383
 25  -463.7844     1.3950   -89.0506     1.5264    34.3883    10.2736  -409.1165     8.1863
 26  -463.9937     1.4042   -88.7413     1.5916    32.9056    10.3064  -408.1524     8.0981
 27  -464.2521     1.4466   -88.7867     1.5342    31.6842    10.2138  -407.1440     8.0491
 28  -464.5184     1.4923   -89.0785     1.5895    30.6375    10.0624  -406.0718     8.0473
 29  -464.7003     1.4851   -89.0840     1.5337    29.5949     9.9306  -405.2056     7.9557
 30  -465.1569     1.7007   -89.3232     1.5570    26.7330    11.1716  -402.5611     9.3299
 31  -465.5399     1.8146   -89.3685     1.5087    23.9378    12.1657  -400.1036    10.2757
 32  -465.8499     1.8631   -89.3391     1.4620    21.7452    12.5692  -398.2504    10.6173
 33  -466.1751     1.9193   -89.3371     1.4170    19.5145    12.9736  -396.3468    10.9722
 34  -466.3195     1.8843   -89.1845     1.4081    18.0605    12.9178  -395.1899    10.8932
 35  -466.3462     1.8304   -89.1616     1.3681    17.4552    12.6016  -394.6342    10.6356
 36  -466.4925     1.8028   -89.1678     1.3296    16.5764    12.3720  -393.8955    10.4410
 37  -466.5847     1.7630   -89.1908     1.2940    15.6696    12.1689  -393.0579    10.2922
 38  -466.5940     1.7161   -89.2679     1.2689    15.3422    11.8624  -392.6626    10.0488
 39  -466.5806     1.6717   -89.2338     1.2378    15.0846    11.5657  -392.4259     9.7992
 40  -466.4739     1.6433   -89.1690     1.2134    15.7789    11.3581  -393.0782     9.6397
 41  -466.4092     1.6080   -89.2522     1.1951    16.2860    11.1239  -393.4374     9.4291
 42  -466.5602     1.5980   -89.2283     1.1673    15.3004    11.0333  -392.6267     9.3436
 43  -466.4967     1.5656   -89.1531     1.1497    15.7233    10.8068  -393.0613     9.1651
 44  -466.3672     1.5513   -89.1569     1.1233    16.6270    10.7120  -393.8318     9.0860
 45  -466.2819     1.5260   -89.2041     1.1021    17.3017    10.5578  -394.3738     8.9477
 46  -466.1298     1.5232   -89.0653     1.1131    18.1300    10.4578  -395.1890     8.9016
 47  -466.1253     1.4904   -89.0840     1.0898    18.0692    10.2336  -395.1049     8.7117
 48  -466.1209     1.4591   -89.1978     1.0908    18.1308    10.0189  -395.0484     8.5291
 49  -466.1088     1.4292   -89.1332     1.0761    17.9384     9.8198  -394.9084     8.3579
 50  -466.1268     1.4008   -89.2629     1.0858    17.7071     9.6325  -394.5654     8.2177
 
 
 group  inft  solvation free energy     error          difference
  total solvation free energy
   1      0        -78.09558           1.09923          -0.00518
   1     60        -78.38612           1.09897          -0.29572
   1     80        -81.19228           1.09931          -3.10188
   1    100        -90.67868           1.11583         -12.58829
   2      0        -78.04631           1.09941           0.04409
   3      0        -78.09040           1.10936           0.00000
   4      0        -78.20540           1.10934          -0.11500
   5      0        -78.63643           1.11567          -0.54603
   5     60        -79.04041           1.11533          -0.95001
   5     80        -82.53891           1.11652          -4.44851
   5    100        -91.25616           1.13257         -13.16577
 
  contribution from  1-th solvent component
   1      0        -70.91963           0.74691          -0.26128
   1     60        -70.93126           0.74689          -0.27291
   1     80        -71.03806           0.74666          -0.37972
   1    100        -71.40224           0.74661          -0.74390
   2      0        -70.69482           0.76094          -0.03647
   3      0        -70.65835           0.76679           0.00000
   4      0        -70.54347           0.76895           0.11487
   5      0        -70.75623           0.77280          -0.09789
   5     60        -70.77098           0.77275          -0.11264
   5     80        -70.90750           0.77250          -0.24915
   5    100        -71.24107           0.77241          -0.58273
 
  contribution from  2-th solvent component
   1      0         37.98622           4.68551           0.22862
   1     60         38.00347           4.68555           0.24586
   1     80         38.10996           4.68584           0.35236
   1    100         38.27500           4.68696           0.51740
   2      0         37.81943           4.69010           0.06182
   3      0         37.75760           4.68018           0.00000
   4      0         37.52855           4.68182          -0.22905
   5      0         37.35972           4.67762          -0.39788
   5     60         37.37839           4.67765          -0.37922
   5     80         37.47855           4.67796          -0.27906
   5    100         37.63582           4.67875          -0.12179
 
  contribution from  3-th solvent component
   1      0        -45.15656           5.43498           0.02748
   1     60        -45.45271           5.43474          -0.26867
   1     80        -48.25855           5.43551          -3.07452
   1    100        -57.54582           5.45431         -12.36178
   2      0        -45.16530           5.43793           0.01874
   3      0        -45.18403           5.43869           0.00000
   4      0        -45.18486           5.43927          -0.00082
   5      0        -45.23429           5.44081          -0.05026
   5     60        -45.64219           5.44052          -0.45815
   5     80        -49.10433           5.44240          -3.92030
   5    100        -57.64529           5.46060         -12.46126
 
 
 group  inft   Estimated free energy: total (kcal/mol)
   1      0     -79.6689     -73.8638     -81.1084     -83.0687     -80.7459
                -84.5736     -79.2507     -79.0121     -81.5146     -81.4658
                -81.5462     -81.2698     -81.3448     -80.1771     -82.0665
                -77.5378     -75.2390     -80.1830     -79.4008     -80.3722
                -83.6265     -79.3302     -83.7189     -82.0122     -72.1794
                -71.3890     -71.8524     -71.8871     -75.5267     -74.7311
                -73.7871     -72.3638     -72.6207     -75.2947     -75.4211
                -69.2443     -75.4076     -77.2457     -75.2563     -81.9794
                -79.2667     -76.3830     -79.1869     -79.7530     -82.9017
                -82.5013     -75.4140     -74.6638     -76.0608     -80.3638
   1     60     -79.9583     -74.1537     -81.3977     -83.3573     -81.0345
                -84.8617     -79.5430     -79.3030     -81.8042     -81.7573
                -81.8377     -81.5569     -81.6362     -80.4693     -82.3553
                -77.8300     -75.5317     -80.4746     -79.6898     -80.6638
                -83.9145     -79.6215     -84.0083     -82.3001     -72.4722
                -71.6809     -72.1458     -72.1808     -75.8201     -75.0199
                -74.0779     -72.6528     -72.9103     -75.5879     -75.7133
                -69.5357     -75.6993     -77.5376     -75.5477     -82.2689
                -79.5573     -76.6733     -79.4761     -80.0405     -83.1915
                -82.7881     -75.7046     -74.9542     -76.3524     -80.6565
   1     80     -82.7612     -76.9435     -84.2017     -86.1646     -83.8317
                -87.6619     -82.3625     -82.1076     -84.6127     -84.5743
                -84.6553     -84.3425     -84.4574     -83.2895     -85.1593
                -80.6458     -78.3455     -83.2995     -82.4960     -83.4822
                -86.7178     -82.4377     -86.8156     -85.0966     -75.2850
                -74.4931     -74.9604     -75.0034     -78.6398     -77.7985
                -76.8738     -75.4356     -75.6991     -78.4001     -78.5214
                -72.3379     -78.5132     -80.3438     -78.3560     -85.0753
                -82.3643     -79.4673     -82.2806     -82.8377     -86.0027
                -85.5810     -78.5022     -77.7523     -79.1590     -83.4682
   1    100     -92.2692     -86.3426     -93.7597     -95.7389     -93.3574
                -97.2138     -91.8775     -91.5800     -94.1521     -94.1236
                -94.2223     -93.8553     -94.0190     -92.8336     -94.7255
                -90.1089     -87.8098     -92.8682     -92.0372     -93.0164
                -96.2812     -91.9916     -96.3656     -94.6372     -84.7390
                -83.9459     -84.4036     -84.4661     -88.1046     -87.1070
                -86.2328     -84.7592     -85.0449     -87.8308     -87.9655
                -81.7333     -87.9694     -89.7810     -87.8017     -94.6135
                -91.8774     -88.8847     -91.7963     -92.3733     -95.5534
                -95.1287     -87.9294     -87.1696     -88.6043     -92.9322
   2      0     -79.4981     -73.8637     -81.2401     -82.9840     -80.8135
                -84.5974     -78.9599     -79.0078     -81.3768     -81.3385
                -81.5578     -81.5817     -81.1073     -80.0566     -81.9620
                -77.1959     -75.1116     -79.6592     -79.2818     -80.4854
                -83.9100     -79.1698     -83.4629     -82.0956     -72.0265
                -71.1930     -72.1917     -71.9473     -75.8782     -74.9660
                -73.5407     -72.1971     -72.7867     -75.2436     -75.5119
                -68.9497     -75.1944     -77.1578     -75.1693     -81.9994
                -79.0588     -76.3552     -79.1175     -79.4017     -83.1805
                -82.3472     -75.5000     -74.5586     -76.5099     -80.0152
   3      0     -79.6236     -73.7116     -81.4042     -83.0679     -81.0258
                -84.6013     -79.0114     -79.1119     -81.4907     -81.3047
                -81.5791     -81.8518     -81.0529     -80.1079     -82.0223
                -77.2274     -75.1271     -79.6665     -79.2854     -80.4875
                -83.9794     -79.2879     -83.5803     -82.0293     -72.0761
                -71.0483     -72.1749     -71.8905     -75.8405     -74.9353
                -73.5312     -72.2805     -72.7105     -75.2638     -75.6467
                -68.9866     -75.1610     -77.2066     -75.2288     -82.1074
                -79.1742     -76.3701     -79.1857     -79.5627     -83.2814
                -82.4798     -75.4294     -74.7753     -76.5251     -80.0091
   4      0     -79.6683     -73.8779     -81.4939     -83.1667     -81.1172
                -84.5958     -79.1894     -79.1256     -81.5619     -81.3304
                -81.8666     -81.9143     -81.1713     -80.0769     -82.1732
                -77.2784     -75.2481     -79.7004     -79.4328     -80.7507
                -84.1401     -79.5028     -83.6876     -82.2190     -72.1015
                -71.1408     -72.2730     -72.0737     -76.0794     -75.1335
                -73.5610     -72.5296     -72.9102     -75.3937     -75.8302
                -68.9792     -75.2077     -77.3634     -75.2481     -82.2260
                -79.2606     -76.3968     -79.4453     -79.6532     -83.4137
                -82.4819     -75.5754     -74.8584     -76.6131     -80.2312
   5      0     -80.1593     -74.2929     -82.1178     -83.6061     -81.6209
                -85.0173     -79.6471     -79.5087     -82.0496     -81.5812
                -82.2379     -82.4621     -81.6367     -80.5009     -82.5093
                -77.6917     -75.4950     -79.9991     -79.7728     -81.0691
                -84.5805     -79.8759     -84.1550     -82.6697     -72.5446
                -71.5709     -72.8200     -72.3901     -76.4444     -75.5158
                -73.9387     -72.8214     -73.1548     -75.7722     -76.2720
                -69.4741     -75.6340     -77.8107     -75.7001     -82.8070
                -79.7757     -76.7973     -80.0189     -80.1079     -83.8986
                -83.0654     -75.9306     -75.5107     -77.0145     -80.7744
   5     60     -80.5619     -74.6965     -82.5200     -84.0075     -82.0220
                -85.4179     -80.0535     -79.9133     -82.4525     -81.9864
                -82.6429     -82.8610     -82.0419     -80.9069     -82.9111
                -78.0983     -75.9012     -80.4048     -80.1753     -81.4747
                -84.9811     -80.2810     -84.5575     -83.0701     -72.9511
                -71.9769     -73.2274     -72.7981     -76.8520     -75.9174
                -74.3426     -73.2233     -73.5575     -76.1787     -76.6777
                -69.8798     -76.0396     -78.2161     -76.1055     -83.2098
                -80.1797     -77.2015     -80.4217     -80.5083     -84.3021
                -83.4650     -76.3345     -75.9145     -77.4196     -81.1806
   5     80     -84.0580     -78.1722     -86.0219     -87.5095     -85.5140
                -88.9129     -83.5674     -83.4094     -85.9570     -85.4977
                -86.1598     -86.3418     -85.5594     -84.4231     -86.4125
                -81.6040     -79.4063     -83.9268     -83.6792     -84.9881
                -88.4810     -83.7942     -88.0595     -86.5606     -76.4547
                -75.4793     -76.7333     -76.3112     -80.3634     -79.3767
                -77.8202     -76.6884     -77.0290     -79.6785     -80.1779
                -73.3723     -79.5417     -81.7141     -79.6036     -86.7114
                -83.6808     -80.6818     -83.9201     -84.0016     -87.8103
                -86.9538     -79.8233     -79.4032     -80.9163     -84.6820
   5    100     -92.7992     -86.8077     -94.8164     -96.3130     -94.2737
                -97.6919     -92.3078     -92.1134     -94.7283     -94.2672
                -94.9559     -95.0930     -94.3477     -93.1895     -95.2105
                -90.2937     -88.0998     -92.7198     -92.4502     -93.7531
                -97.2742     -92.5749     -96.8373     -95.3305     -85.1380
                -84.1616     -85.4071     -85.0022     -89.0577     -87.9254
                -86.4138     -85.2545     -85.6125     -88.3377     -88.8562
                -81.9975     -88.2222     -90.3835     -88.2803     -95.4785
                -92.4239     -89.3299     -92.6665     -92.7717     -96.5886
                -95.7376     -88.4858     -88.0567     -89.5951     -93.3748
 
 group  inft   Estimated free energy: 1-th solvent contribution (kcal/mol)
   1      0     -69.4141     -67.7850     -70.9672     -72.4362     -73.1170
                -72.9001     -70.2751     -71.8242     -73.8045     -70.3733
                -70.5679     -74.9295     -64.9614     -70.0297     -73.2559
                -68.9876     -65.6078     -65.9685     -72.4878     -74.7158
                -75.5653     -69.1656     -71.7091     -71.4815     -69.6906
                -64.8957     -70.4070     -72.9003     -73.4211     -75.1373
                -71.4075     -70.3985     -70.4629     -68.8978     -70.6777
                -67.7539     -68.9450     -73.4268     -69.7324     -70.1718
                -72.4005     -70.2584     -69.3079     -70.3235     -73.4330
                -67.2722     -71.5770     -74.3128     -70.8731     -75.5663
   1     60     -69.4258     -67.7967     -70.9790     -72.4479     -73.1286
                -72.9117     -70.2869     -71.8356     -73.8161     -70.3851
                -70.5795     -74.9411     -64.9732     -70.0416     -73.2675
                -68.9994     -65.6195     -65.9805     -72.4996     -74.7275
                -75.5770     -69.1774     -71.7207     -71.4933     -69.7022
                -64.9073     -70.4187     -72.9120     -73.4325     -75.1485
                -71.4190     -70.4098     -70.4743     -68.9094     -70.6892
                -67.7656     -68.9566     -73.4382     -69.7439     -70.1835
                -72.4122     -70.2701     -69.3197     -70.3351     -73.4445
                -67.2840     -71.5886     -74.3242     -70.8847     -75.5779
   1     80     -69.5336     -67.9046     -71.0871     -72.5544     -73.2345
                -73.0181     -70.3956     -71.9407     -73.9214     -70.4939
                -70.6852     -75.0454     -65.0815     -70.1494     -73.3731
                -69.1078     -65.7275     -66.0905     -72.6063     -74.8340
                -75.6840     -69.2864     -71.8273     -71.6007     -69.8082
                -65.0144     -70.5274     -73.0207     -73.5378     -75.2525
                -71.5260     -70.5146     -70.5805     -69.0164     -70.7940
                -67.8736     -69.0636     -73.5430     -69.8502     -70.2903
                -72.5199     -70.3784     -69.4276     -70.4406     -73.5493
                -67.3919     -71.6948     -74.4286     -70.9910     -75.6847
   1    100     -69.9013     -68.2694     -71.4537     -72.9187     -73.5985
                -73.3827     -70.7630     -72.3022     -74.2844     -70.8611
                -71.0454     -75.4090     -65.4430     -70.5172     -73.7355
                -69.4738     -66.0919     -66.4558     -72.9694     -75.1990
                -76.0526     -69.6532     -72.1919     -71.9675     -70.1705
                -65.3761     -70.8951     -73.3876     -73.9023     -75.6118
                -71.8913     -70.8740     -70.9431     -69.3817     -71.1532
                -68.2380     -69.4263     -73.9029     -70.2118     -70.6547
                -72.8871     -70.7478     -69.7953     -70.8017     -73.9106
                -67.7556     -72.0589     -74.7883     -71.3561     -76.0501
   2      0     -69.1811     -67.4881     -70.7696     -72.3202     -72.9563
                -72.7251     -70.0365     -71.7621     -73.6347     -70.0569
                -70.4375     -74.8473     -64.7308     -69.8559     -73.0349
                -68.7131     -65.3291     -65.6197     -72.1709     -74.5540
                -75.4162     -68.9057     -71.5235     -71.2431     -69.3630
                -64.5276     -70.1988     -72.6477     -73.3434     -74.9791
                -71.0923     -70.2051     -70.2460     -68.6444     -70.4922
                -67.3395     -68.5547     -73.2962     -69.5057     -69.9367
                -72.1782     -70.0474     -69.0472     -69.8787     -73.2828
                -67.0724     -71.3026     -74.1006     -70.7585     -75.3878
   3      0     -69.1974     -67.3486     -70.7911     -72.2935     -72.9171
                -72.7104     -69.9742     -71.7575     -73.6327     -70.0338
                -70.3788     -74.8382     -64.6583     -69.7745     -72.9214
                -68.6340     -65.2776     -65.4983     -72.1182     -74.5298
                -75.4396     -68.9088     -71.5237     -71.1883     -69.2857
                -64.4149     -70.1611     -72.6119     -73.3568     -74.9303
                -71.0772     -70.1714     -70.1810     -68.6125     -70.5144
                -67.2477     -68.5384     -73.2887     -69.4667     -69.9260
                -72.1611     -70.0018     -69.0474     -69.7562     -73.2888
                -67.0222     -71.2692     -74.1331     -70.7671     -75.3402
   4      0     -69.0657     -67.2059     -70.6538     -72.1734     -72.8198
                -72.5452     -69.8843     -71.6408     -73.4702     -69.8970
                -70.3092     -74.7948     -64.6011     -69.7287     -72.8343
                -68.5023     -65.1932     -65.3804     -71.9676     -74.3986
                -75.3821     -68.7749     -71.4008     -71.0609     -69.1515
                -64.2767     -70.0325     -72.4933     -73.2876     -74.8535
                -70.9149     -70.1279     -70.1565     -68.5125     -70.3517
                -67.0010     -68.3138     -73.1956     -69.3670     -69.8562
                -72.0162     -69.9053     -68.9653     -69.6125     -73.1908
                -66.8923     -71.0989     -73.9657     -70.6731     -75.2765
   5      0     -69.3281     -67.4318     -70.9776     -72.3853     -73.0722
                -72.8093     -70.0721     -71.8258     -73.7338     -70.0199
                -70.4811     -75.0300     -64.7691     -69.8338     -73.0068
                -68.7054     -65.2830     -65.4793     -72.1701     -74.5756
                -75.6175     -68.9633     -71.5950     -71.2631     -69.4259
                -64.4732     -70.3872     -72.6796     -73.5005     -75.0360
                -71.1036     -70.2312     -70.2777     -68.6927     -70.6054
                -67.3139     -68.5880     -73.3830     -69.5892     -70.1574
                -72.2230     -70.0725     -69.2205     -69.8047     -73.4588
                -67.1446     -71.3028     -74.3105     -70.8780     -75.5228
   5     60     -69.3429     -67.4468     -70.9926     -72.4000     -73.0868
                -72.8240     -70.0872     -71.8403     -73.7483     -70.0350
                -70.4958     -75.0443     -64.7843     -69.8487     -73.0214
                -68.7205     -65.2980     -65.4948     -72.1850     -74.5902
                -75.6321     -68.9784     -71.6097     -71.2780     -69.4405
                -64.4881     -70.4022     -72.6945     -73.5148     -75.0502
                -71.1182     -70.2456     -70.2923     -68.7073     -70.6199
                -67.3289     -68.6028     -73.3975     -69.6039     -70.1722
                -72.2379     -70.0873     -69.2354     -69.8193     -73.4732
                -67.1597     -71.3175     -74.3249     -70.8925     -75.5375
   5     80     -69.4807     -67.5840     -71.1311     -72.5362     -73.2226
                -72.9602     -70.2255     -71.9752     -73.8838     -70.1733
                -70.6320     -75.1784     -64.9232     -69.9861     -73.1572
                -68.8586     -65.4352     -65.6352     -72.3222     -74.7263
                -75.7681     -69.1175     -71.7462     -71.4152     -69.5763
                -64.6250     -70.5406     -72.8323     -73.6492     -75.1834
                -71.2542     -70.3800     -70.4282     -68.8429     -70.7548
                -67.4672     -68.7392     -73.5322     -69.7395     -70.3084
                -72.3754     -70.2244     -69.3731     -69.9546     -73.6077
                -67.2978     -71.4536     -74.4588     -71.0278     -75.6744
   5    100     -69.8175     -67.9180     -71.4680     -72.8694     -73.5560
                -73.2944     -70.5612     -72.3078     -74.2175     -70.5084
                -70.9644     -75.5113     -65.2572     -70.3216     -73.4899
                -69.1939     -65.7675     -65.9711     -72.6562     -75.0602
                -76.1029     -69.4540     -72.0801     -71.7504     -69.9087
                -64.9573     -70.8772     -73.1668     -73.9814     -75.5129
                -71.5875     -70.7106     -70.7614     -69.1748     -71.0853
                -67.8022     -69.0709     -73.8634     -70.0703     -70.6406
                -72.7115     -70.5605     -69.7090     -70.2848     -73.9388
                -67.6323     -71.7880     -74.7887     -71.3601     -76.0099
 
 group  inft   Estimated free energy: 2-th solvent contribution (kcal/mol)
   1      0      40.6799      13.3460      56.3229      59.5853      57.2752
                 52.7125      37.1794      29.5641      53.3619      44.2479
                 49.7975      62.4828      41.0323      42.9393      59.5317
                 25.8894      26.7931      40.9520      57.4149      50.3163
                 59.0759      49.1412      49.4514      57.3959      31.1066
                 27.1236      29.4937      30.2224      29.0602       2.4949
                 -0.3242       7.3843       4.8008      14.5703      28.7162
                 27.1646      20.1191      30.7416      32.0006      49.4964
                 46.7452      16.7451      45.4505      57.4443      51.7152
                 55.1724      38.5240      42.0182      34.6666      30.1695
   1     60      40.6970      13.3627      56.3397      59.6023      57.2926
                 52.7296      37.1969      29.5806      53.3794      44.2645
                 49.8144      62.5009      41.0489      42.9566      59.5492
                 25.9068      26.8100      40.9686      57.4328      50.3337
                 59.0930      49.1586      49.4686      57.4131      31.1238
                 27.1406      29.5110      30.2395      29.0769       2.5127
                 -0.3081       7.4017       4.8179      14.5870      28.7333
                 27.1846      20.1357      30.7592      32.0175      49.5139
                 46.7626      16.7618      45.4679      57.4622      51.7325
                 55.1897      38.5424      42.0368      34.6839      30.1856
   1     80      40.8022      13.4641      56.4424      59.7085      57.4041
                 52.8328      37.3045      29.6793      53.4875      44.3653
                 49.9184      62.6186      41.1487      43.0618      59.6571
                 26.0134      26.9144      41.0683      57.5441      50.4410
                 59.1982      49.2680      49.5724      57.5214      31.2302
                 27.2447      29.6196      30.3450      29.1795       2.6236
                 -0.2082       7.5115       4.9248      14.6884      28.8390
                 27.3135      20.2362      30.8661      32.1218      49.6193
                 46.8703      16.8637      45.5738      57.5734      51.8395
                 55.2965      38.6590      42.1539      34.7931      30.2835
   1    100      40.9620      13.6130      56.5982      59.8756      57.5909
                 52.9831      37.4696      29.8187      53.6566      44.5103
                 50.0766      62.8261      41.2891      43.2194      59.8278
                 26.1772      27.0737      41.2092      57.7245      50.6085
                 59.3584      49.4441      49.7256      57.6971      31.3943
                 27.4001      29.7935      30.5073      29.3312       2.7992
                 -0.0633       7.6872       5.0905      14.8378      29.0034
                 27.5518      20.3779      31.0296      32.2800      49.7791
                 47.0396      17.0141      45.7357      57.7562      52.0037
                 55.4604      38.8573      42.3545      34.9717      30.4219
   2      0      40.6340      13.0470      56.0108      59.5736      57.0671
                 52.5579      37.2311      29.5278      53.3647      44.0731
                 49.6635      62.1294      41.0530      42.8737      59.4435
                 25.9632      26.6382      41.1394      57.2483      50.0454
                 58.6915      49.0599      49.5416      57.0827      30.9089
                 26.9402      28.9484      29.9123      28.6383       2.0910
                 -0.3950       7.3605       4.3980      14.3667      28.4427
                 27.0258      19.9813      30.6931      31.8696      49.2514
                 46.7318      16.5487      45.2625      57.3784      51.3093
                 55.1287      38.1939      41.8969      34.1062      30.3214
   3      0      40.5325      13.0704      55.9023      59.4809      56.8201
                 52.5406      37.1444      29.4290      53.2586      44.1144
                 49.6021      61.8728      41.0697      42.7841      59.2732
                 25.8725      26.5884      41.0312      57.2082      50.0509
                 58.6580      48.9601      49.4564      57.1158      30.7839
                 26.9874      28.9277      29.9475      28.7115       2.0944
                 -0.3899       7.2479       4.4263      14.3240      28.3557
                 26.9253      20.0066      30.6597      31.7825      49.1598
                 46.6298      16.5032      45.2176      57.1252      51.2418
                 54.9719      38.2369      41.7384      34.1130      30.3159
   4      0      40.3690      12.7623      55.6490      59.2728      56.6410
                 52.3826      36.8932      29.2874      53.0265      43.9518
                 49.2588      61.7829      40.8810      42.7457      59.0609
                 25.7021      26.3832      40.8865      56.9216      49.6729
                 58.4630      48.6147      49.2456      56.8017      30.6255
                 26.7495      28.7053      29.6542      28.3804       1.8246
                 -0.5786       6.9418       4.2015      14.0893      28.0172
                 26.6650      19.7460      30.4054      31.6720      48.9601
                 46.3815      16.3838      44.8622      56.9000      51.0013
                 54.8260      37.9293      41.4683      33.9386      30.0215
   5      0      40.1806      12.6299      55.4090      59.1131      56.4470
                 52.2818      36.6660      29.1304      52.8533      43.8769
                 49.0957      61.5288      40.6533      42.5113      58.9351
                 25.5530      26.2604      40.7325      56.8153      49.5746
                 58.2920      48.4649      49.0386      56.6262      30.5078
                 26.5667      28.5625      29.5835      28.2726       1.6630
                 -0.7434       6.7937       4.0989      13.9418      27.8788
                 26.5356      19.6081      30.2022      31.4852      48.7456
                 46.1397      16.1942      44.6111      56.6784      50.8341
                 54.5557      37.8101      41.2146      33.7987      29.7768
   5     60      40.1992      12.6481      55.4271      59.1314      56.4659
                 52.3002      36.6851      29.1483      52.8722      43.8949
                 49.1140      61.5485      40.6714      42.5299      58.9539
                 25.5719      26.2787      40.7506      56.8345      49.5934
                 58.3105      48.4838      49.0571      56.6447      30.5265
                 26.5851      28.5813      29.6021      28.2907       1.6824
                 -0.7257       6.8127       4.1175      13.9599      27.8972
                 26.5574      19.6263      30.2212      31.5035      48.7643
                 46.1585      16.2123      44.6298      56.6977      50.8528
                 54.5742      37.8300      41.2346      33.8174      29.7944
   5     80      40.2976      12.7433      55.5224      59.2324      56.5714
                 52.3974      36.7856      29.2403      52.9742      43.9900
                 49.2112      61.6606      40.7651      42.6291      59.0559
                 25.6726      26.3765      40.8442      56.9396      49.6947
                 58.4086      48.5878      49.1546      56.7475      30.6263
                 26.6823      28.6835      29.7011      28.3859       1.7865
                 -0.6322       6.9157       4.2176      14.0545      27.9958
                 26.6833      19.7208      30.3217      31.6009      48.8631
                 46.2595      16.3077      44.7284      56.8026      50.9525
                 54.6741      37.9411      41.3456      33.9201      29.8862
   5    100      40.4496      12.8872      55.6661      59.3921      56.7456
                 52.5453      36.9422      29.3755      53.1353      44.1326
                 49.3604      61.8528      40.9035      42.7815      59.2176
                 25.8311      26.5286      40.9821      57.1099      49.8538
                 58.5590      48.7554      49.3037      56.9130      30.7834
                 26.8310      28.8475      29.8550      28.5291       1.9545
                 -0.4920       7.0820       4.3757      14.1969      28.1497
                 26.9131      19.8615      30.4785      31.7514      49.0158
                 46.4190      16.4527      44.8803      56.9730      51.1075
                 54.8299      38.1304      41.5336      34.0867      30.0206
 
 group  inft   Estimated free energy: 3-th solvent contribution (kcal/mol)
   1      0     -50.9290     -19.4192     -66.4585     -70.2122     -64.8985
                -64.3803     -46.1495     -36.7464     -61.0664     -55.3348
                -60.7703     -68.8174     -57.4100     -53.0810     -68.3367
                -34.4340     -36.4187     -55.1608     -64.3223     -55.9671
                -67.1315     -59.3003     -61.4557     -67.9209     -33.5897
                -33.6113     -30.9336     -29.2036     -31.1601      -2.0830
                 -2.0498      -9.3440      -6.9530     -20.9616     -33.4540
                -28.6494     -26.5761     -34.5549     -37.5189     -61.2984
                -53.6058     -22.8641     -55.3239     -66.8682     -61.1783
                -70.3958     -42.3554     -42.3636     -39.8487     -34.9613
   1     60     -51.2238     -19.7142     -66.7528     -70.5062     -65.1930
                -64.6739     -46.4474     -37.0423     -61.3619     -55.6311
                -61.0670     -69.1111     -57.7063     -53.3787     -68.6313
                -34.7318     -36.7166     -55.4572     -64.6175     -56.2644
                -67.4248     -59.5971     -61.7506     -68.2143     -33.8882
                -33.9086     -31.2324     -29.5027     -31.4589      -2.3786
                 -2.3452      -9.6392      -7.2482     -21.2598     -33.7518
                -28.9490     -26.8727     -34.8530     -37.8157     -61.5937
                -53.9021     -23.1594     -55.6187     -67.1619     -61.4740
                -70.6881     -42.6527     -42.6612     -40.1459     -35.2586
   1     80     -54.0241     -22.4974     -69.5514     -73.3130     -67.9956
                -67.4710     -49.2658     -39.8406     -64.1732     -58.4401
                -63.8829     -71.9101     -60.5190     -56.1963     -71.4377
                -37.5458     -39.5267     -58.2716     -67.4281     -59.0836
                -70.2264     -62.4136     -64.5551     -71.0117     -36.7014
                -36.7178     -34.0470     -32.3221     -34.2758      -5.1639
                 -5.1339     -12.4268     -10.0377     -24.0665     -36.5607
                -31.7722     -29.6802     -37.6613     -40.6219     -64.3987
                -56.7091     -25.9470     -58.4211     -69.9648     -64.2873
                -73.4799     -45.4607     -45.4720     -42.9555     -38.0614
   1    100     -63.3243     -31.6805     -78.8985     -82.6901     -77.3442
                -76.8086     -58.5785     -49.0909     -73.5186     -67.7672
                -73.2478     -81.2668     -69.8595     -65.5302     -80.8122
                -46.8067     -48.7860     -67.6159     -76.7867     -68.4203
                -79.5814     -71.7769     -73.8937     -80.3612     -45.9572
                -45.9643     -43.2964     -41.5802     -43.5278     -14.2888
                -14.2725     -21.5668     -19.1867     -33.2812     -45.8101
                -41.0414     -38.9153     -46.9021     -49.8643     -73.7323
                -66.0242     -35.1454     -67.7311     -79.3222     -73.6409
                -82.8280     -54.7222     -54.7302     -52.2143     -47.2985
   2      0     -50.9453     -19.4169     -66.4757     -70.2319     -64.9187
                -64.4245     -46.1488     -36.7679     -61.1012     -55.3491
                -60.7781     -68.8582     -57.4239     -53.0689     -68.3650
                -34.4403     -36.4151     -55.1732     -64.3537     -55.9712
                -67.1797     -59.3184     -61.4753     -67.9296     -33.5668
                -33.6000     -30.9357     -29.2063     -31.1675      -2.0723
                 -2.0478      -9.3469      -6.9331     -20.9603     -33.4567
                -28.6304     -26.6153     -34.5491     -37.5276     -61.3084
                -53.6068     -22.8509     -55.3271     -66.8957     -61.2014
                -70.3978     -42.3857     -42.3492     -39.8521     -34.9432
   3      0     -50.9531     -19.4278     -66.5098     -70.2497     -64.9231
                -64.4260     -46.1760     -36.7778     -61.1110     -55.3796
                -60.7968     -68.8809     -57.4587     -53.1118     -68.3685
                -34.4603     -36.4322     -55.1939     -64.3698     -56.0030
                -67.1922     -59.3336     -61.5073     -67.9512     -33.5688
                -33.6152     -30.9359     -29.2205     -31.1896      -2.0938
                 -2.0585      -9.3514      -6.9502     -20.9698     -33.4823
                -28.6586     -26.6236     -34.5719     -37.5390     -61.3357
                -53.6373     -22.8659     -55.3502     -66.9260     -61.2288
                -70.4239     -42.3914     -42.3751     -39.8654     -34.9792
   4      0     -50.9660     -19.4286     -66.4835     -70.2604     -64.9328
                -64.4276     -46.1927     -36.7666     -61.1125     -55.3796
                -60.8107     -68.8967     -57.4456     -53.0883     -68.3942
                -34.4725     -36.4325     -55.2009     -64.3812     -56.0194
                -67.2154     -59.3369     -61.5268     -67.9542     -33.5699
                -33.6080     -30.9402     -29.2289     -31.1666      -2.0990
                 -2.0619      -9.3379      -6.9495     -20.9648     -33.4901
                -28.6375     -26.6343     -34.5676     -37.5475     -61.3242
                -53.6202     -22.8696     -55.3366     -66.9351     -61.2186
                -70.4100     -42.4002     -42.3554     -39.8730     -34.9706
   5      0     -51.0062     -19.4854     -66.5436     -70.3282     -64.9901
                -64.4841     -46.2354     -36.8077     -61.1635     -55.4326
                -60.8469     -68.9552     -57.5153     -53.1729     -68.4321
                -34.5337     -36.4667     -55.2466     -64.4124     -56.0625
                -67.2494     -59.3719     -61.5929     -68.0272     -33.6210
                -33.6588     -30.9897     -29.2884     -31.2108      -2.1373
                 -2.0861      -9.3783      -6.9703     -21.0157     -33.5398
                -28.6902     -26.6485     -34.6243     -37.5905     -61.3896
                -53.6868     -22.9134     -55.4039     -66.9761     -61.2683
                -70.4709     -42.4323     -42.4091     -39.9296     -35.0227
   5     60     -51.4126     -19.8922     -66.9489     -70.7333     -65.3955
                -64.8885     -46.6457     -37.2157     -61.5708     -55.8407
                -61.2555     -69.3596     -57.9234     -53.5826     -68.8380
                -34.9440     -36.8763     -55.6549     -64.8192     -56.4723
                -67.6539     -59.7807     -61.9993     -68.4312     -34.0315
                -34.0683     -31.4009     -29.7000     -31.6223      -2.5440
                 -2.4931      -9.7848      -7.3771     -21.4256     -33.9494
                -29.1026     -27.0575     -35.0342     -37.9995     -61.7963
                -54.0947     -23.3209     -55.8105     -67.3810     -61.6760
                -70.8739     -42.8414     -42.8186     -40.3388     -35.4318
   5     80     -54.8693     -23.3258     -70.4076     -74.2002     -68.8572
                -68.3445     -50.1219     -40.6689     -65.0417     -59.3088
                -64.7333     -72.8184     -61.3957     -57.0605     -72.3056
                -38.4123     -40.3420     -59.1302     -68.2910     -59.9509
                -71.1158     -63.2589     -65.4623     -71.8872     -37.4990
                -37.5310     -34.8706     -33.1743     -35.0946      -5.9743
                 -5.9282     -13.2184     -10.8128     -24.8845     -37.4133
                -32.5828     -30.5177     -38.4979     -41.4594     -65.2605
                -57.5592     -26.7595     -59.2698     -70.8440     -65.1495
                -74.3244     -46.3052     -46.2844     -43.8030     -38.8882
   5    100     -63.4258     -31.7713     -79.0090     -82.8301     -77.4577
                -76.9372     -58.6833     -49.1755     -73.6405     -67.8858
                -73.3463     -81.4289     -69.9884     -65.6439     -80.9326
                -46.9253     -48.8552     -67.7252     -76.8983     -68.5410
                -79.7247     -71.8707     -74.0553     -80.4874     -46.0071
                -46.0298     -43.3717     -41.6847     -43.5997     -14.3614
                -14.3286     -21.6203     -19.2212     -33.3542     -45.9149
                -41.1027     -39.0071     -46.9929     -49.9559     -73.8480
                -66.1258     -35.2165     -67.8323     -79.4542     -73.7517
                -82.9296     -54.8226     -54.7960     -52.3161     -47.3798
 
 
 cumulative average & 95% error for solvation free energy
              total             1st component         2nd component         3rd component
  1   -79.6236              -69.1974               40.5325              -50.9531
  2   -76.6676     5.9119   -68.2730     1.8488    26.8014    27.4621   -35.1905    31.5252
  3   -78.2465     4.6499   -69.1123     1.9894    36.5017    25.0554   -45.6302    27.6990
  4   -79.4518     4.0770   -69.9076     2.1234    42.2465    21.1163   -51.7851    23.1332
  5   -79.7666     3.2202   -70.5095     2.0382    45.1612    17.3643   -54.4127    18.6737
  6   -80.5724     3.0839   -70.8763     1.8187    46.3911    14.3897   -56.0816    15.6080
  7   -80.3494     2.6442   -70.7474     1.5586    45.0702    12.4452   -54.6665    13.4914
  8   -80.1947     2.3108   -70.8737     1.3732    43.1150    11.4653   -52.4304    12.5105
  9   -80.3387     2.0582   -71.1803     1.3574    44.2421    10.3596   -53.3949    11.2006
 10   -80.4353     1.8510   -71.0656     1.2355    44.2293     9.2660   -53.5934    10.0260
 11   -80.5393     1.6871   -71.0032     1.1245    44.7178     8.4381   -54.2482     9.1629
 12   -80.6487     1.5556   -71.3228     1.2093    46.1473     8.2164   -55.4676     8.7129
 13   -80.6798     1.4323   -70.8101     1.5128    45.7568     7.5983   -55.6208     8.0205
 14   -80.6389     1.3286   -70.7361     1.4084    45.5444     7.0474   -55.4416     7.4342
 15   -80.7311     1.2505   -70.8818     1.3431    46.4597     6.8114   -56.3034     7.1323
 16   -80.5122     1.2490   -70.7413     1.2874    45.1730     6.8715   -54.9382     7.2087
 17   -80.1954     1.3334   -70.4199     1.3695    44.0798     6.8149   -53.8496     7.1128
 18   -80.1660     1.2585   -70.1465     1.4022    43.9104     6.4341   -53.9243     6.7077
 19   -80.1197     1.1940   -70.2503     1.3425    44.6103     6.2450   -54.4740     6.4394
 20   -80.1381     1.1334   -70.4643     1.3436    44.8823     5.9494   -54.5505     6.1109
 21   -80.3210     1.1384   -70.7012     1.3630    45.5383     5.8091   -55.1525     5.9360
 22   -80.2740     1.0895   -70.6197     1.3098    45.6938     5.5475   -55.3425     5.6725
 23   -80.4178     1.0800   -70.6590     1.2540    45.8574     5.3109   -55.6105     5.4467
 24   -80.4849     1.0427   -70.6811     1.2014    46.3265     5.1706   -56.1247     5.3152
 25   -80.1486     1.2053   -70.6253     1.1578    45.7048     5.1130   -55.2225     5.4081
 26   -79.7986     1.3532   -70.3864     1.2106    44.9849     5.1191   -54.3915     5.4553
 27   -79.5162     1.4193   -70.3781     1.1650    44.3902     5.0674   -53.5227     5.5294
 28   -79.2439     1.4721   -70.4578     1.1339    43.8744     4.9908   -52.6548     5.6039
 29   -79.1265     1.4397   -70.5578     1.1122    43.3515     4.9279   -51.9146     5.6062
 30   -78.9868     1.4187   -70.7035     1.1134    41.9763     5.4982   -50.2539     6.3534
 31   -78.8108     1.4166   -70.7156     1.0771    40.6096     5.9792   -48.6992     6.8869
 32   -78.6067     1.4310   -70.6986     1.0435    39.5671     6.1534   -47.4696     7.1073
 33   -78.4281     1.4323   -70.6829     1.0118    38.5022     6.3329   -46.2417     7.3132
 34   -78.3350     1.4019   -70.6220     0.9892    37.7911     6.3063   -45.4985     7.2489
 35   -78.2582     1.3699   -70.6189     0.9605    37.5215     6.1471   -45.1551     7.0722
 36   -78.0006     1.4275   -70.5253     0.9520    37.2272     6.0029   -44.6969     6.9337
 37   -77.9239     1.3968   -70.4716     0.9322    36.7617     5.9121   -44.2084     6.8141
 38   -77.9050     1.3601   -70.5457     0.9193    36.6012     5.7634   -43.9548     6.6517
 39   -77.8364     1.3319   -70.5181     0.8972    36.4776     5.6191   -43.7903     6.4873
 40   -77.9432     1.3156   -70.5033     0.8749    36.7947     5.5134   -44.2290     6.3836
 41   -77.9732     1.2845   -70.5437     0.8572    37.0345     5.3986   -44.4584     6.2428
 42   -77.9350     1.2559   -70.5308     0.8369    36.5457     5.3584   -43.9443     6.1786
 43   -77.9641     1.2277   -70.4963     0.8201    36.7474     5.2479   -44.2096     6.0564
 44   -78.0004     1.2017   -70.4795     0.8020    37.2105     5.2102   -44.7259     6.0066
 45   -78.1178     1.1979   -70.5419     0.7938    37.5223     5.1311   -45.0926     5.9172
 46   -78.2126     1.1868   -70.4654     0.7913    37.9017     5.0754   -45.6433     5.8910
 47   -78.1534     1.1673   -70.4825     0.7750    37.9088     4.9662   -45.5741     5.7660
 48   -78.0830     1.1514   -70.5585     0.7738    37.9886     4.8643   -45.5074     5.6462
 49   -78.0512     1.1294   -70.5628     0.7579    37.9095     4.7666   -45.3923     5.5345
 50   -78.0904     1.1094   -70.6583     0.7668    37.7576     4.6802   -45.1840     5.4387
 
 Mesh error is    0.546 kcal/mol
