 ERmod 0.3.7, Copyright (C) 2000-2019 Nobuyuki Matubayasi
                            2010-2019 Shun Sakuraba
 ERmod comes with ABSOLUTELY NO WARRANTY.
 This is free software, and you can redistribute it
 and/or modify it under certain conditions.
 See LICENSE file for details.
 ERmod 0.3.7, Copyright (C) 2000-2019 Nobuyuki Matubayasi
                            2010-2019 Shun Sakuraba
 ERmod comes with ABSOLUTELY NO WARRANTY.
 This is free software, and you can redistribute it
 and/or modify it under certain conditions.
 See LICENSE file for details.
 
  Number of the   1-th solvent  =          109
  Number of the   2-th solvent  =          109
  Number of the   3-th solvent  =        10000
 
  Be sure that the solvent distribution is homogeneous (radial distribution function is essentially unity) when the solvent molecule is separated beyond distance of   10.0 Angstrom in any direction from any atom within the solute molecule
 
  LJ long-range correction    =        -0.0121     -0.0023     -0.4680
 
  Self-energy of the solute   =        -0.0002  kcal/mol
 
 
 cumulative average & 95% error for solvation energy
              total             1st component         2nd component         3rd component
  1   -30.8245               -2.2072               -0.2893              -28.3278
  2   -30.8209     0.0072    -1.6938     1.0268    -0.0910     0.3966   -29.0359     1.4162
  3   -30.7638     0.1143    -2.0532     0.9318     0.3628     0.9361   -29.0732     0.8210
  4   -30.8587     0.2064    -2.2669     0.7854    -0.0102     0.9974   -28.5813     1.1422
  5   -30.9488     0.2409    -2.0391     0.7601    -0.9004     1.9408   -28.0091     1.4466
  6   -31.0674     0.3081    -2.0609     0.6221    -1.7523     2.3268   -27.2540     1.9172
  7   -31.0618     0.2607    -1.9632     0.5609    -1.8446     1.9751   -27.2537     1.6203
  8   -31.0521     0.2266    -1.9400     0.4880    -1.7786     1.7156   -27.3332     1.4122
  9   -31.0285     0.2053    -1.8596     0.4594    -1.6582     1.5321   -27.5105     1.2950
 10   -31.0125     0.1864    -1.7902     0.4337    -1.6156     1.3730   -27.6064     1.1740
 
 
 group  inft  solvation free energy     error          difference
  total solvation free energy
   1      0         -5.34227           0.11182           0.00197
   1     60         -5.36349           0.11183          -0.01925
   1     80         -5.54938           0.11224          -0.20514
   1    100         -6.22516           0.11479          -0.88092
   2      0         -5.34160           0.11098           0.00264
   3      0         -5.34424           0.10848           0.00000
   4      0         -5.34233           0.10793           0.00190
   5      0         -5.34427           0.10922          -0.00004
   5     60         -5.37217           0.10922          -0.02794
   5     80         -5.60482           0.10954          -0.26058
   5    100         -6.22936           0.11207          -0.88512
 
  contribution from  1-th solvent component
   1      0         -1.17698           0.20153          -0.06943
   1     60         -1.17717           0.20153          -0.06962
   1     80         -1.17894           0.20154          -0.07139
   1    100         -1.18602           0.20162          -0.07847
   2      0         -1.12745           0.20465          -0.01990
   3      0         -1.10754           0.20631           0.00000
   4      0         -1.09335           0.20329           0.01419
   5      0         -1.08651           0.20703           0.02104
   5     60         -1.08676           0.20703           0.02078
   5     80         -1.08913           0.20702           0.01841
   5    100         -1.09570           0.20704           0.01185
 
  contribution from  2-th solvent component
   1      0         -0.35214           0.64638           0.05813
   1     60         -0.35198           0.64637           0.05829
   1     80         -0.35057           0.64636           0.05970
   1    100         -0.34547           0.64646           0.06481
   2      0         -0.39146           0.65130           0.01881
   3      0         -0.41027           0.65342           0.00000
   4      0         -0.42855           0.65560          -0.01828
   5      0         -0.43186           0.65518          -0.02159
   5     60         -0.43163           0.65518          -0.02135
   5     80         -0.43036           0.65519          -0.02008
   5    100         -0.42723           0.65534          -0.01695
 
  contribution from  3-th solvent component
   1      0         -3.81292           0.72775           0.01327
   1     60         -3.83411           0.72777          -0.00792
   1     80         -4.01964           0.72834          -0.19345
   1    100         -4.69344           0.73145          -0.86725
   2      0         -3.82246           0.73006           0.00373
   3      0         -3.82619           0.73014           0.00000
   4      0         -3.82020           0.72962           0.00599
   5      0         -3.82567           0.73199           0.00052
   5     60         -3.85355           0.73201          -0.02736
   5     80         -4.08510           0.73251          -0.25891
   5    100         -4.70620           0.73566          -0.88001
 
 
 group  inft   Estimated free energy: total (kcal/mol)
   1      0      -5.3937      -5.6188      -5.5875      -5.3251      -5.2269
                 -5.0615      -5.2992      -5.1694      -5.2800      -5.4606
   1     60      -5.4149      -5.6399      -5.6087      -5.3463      -5.2481
                 -5.0824      -5.3205      -5.1907      -5.3012      -5.4820
   1     80      -5.6015      -5.8268      -5.7946      -5.5323      -5.4331
                 -5.2658      -5.5065      -5.3773      -5.4876      -5.6684
   1    100      -6.2801      -6.5096      -6.4741      -6.2068      -6.1035
                 -5.9321      -6.1809      -6.0526      -6.1668      -6.3451
   2      0      -5.4152      -5.6073      -5.5848      -5.3584      -5.2311
                 -5.0597      -5.2563      -5.1772      -5.2771      -5.4489
   3      0      -5.4312      -5.5842      -5.5891      -5.3617      -5.2171
                 -5.0723      -5.2645      -5.1865      -5.2760      -5.4597
   4      0      -5.4313      -5.5935      -5.5680      -5.3824      -5.2190
                 -5.0713      -5.2645      -5.1668      -5.2853      -5.4414
   5      0      -5.4406      -5.5835      -5.5827      -5.3952      -5.2052
                 -5.0639      -5.2560      -5.1890      -5.2860      -5.4405
   5     60      -5.4685      -5.6113      -5.6104      -5.4232      -5.2332
                 -5.0916      -5.2840      -5.2171      -5.3140      -5.4685
   5     80      -5.7018      -5.8446      -5.8426      -5.6561      -5.4651
                 -5.3220      -5.5165      -5.4503      -5.5476      -5.7017
   5    100      -6.3286      -6.4757      -6.4707      -6.2802      -6.0844
                 -5.9363      -6.1397      -6.0751      -6.1757      -6.3273
 
 group  inft   Estimated free energy: 1-th solvent contribution (kcal/mol)
   1      0      -1.3378      -0.8501      -1.6511      -1.7038      -0.8941
                 -1.3112      -0.9736      -1.2171      -0.8935      -0.9374
   1     60      -1.3380      -0.8503      -1.6513      -1.7040      -0.8943
                 -1.3114      -0.9738      -1.2172      -0.8937      -0.9376
   1     80      -1.3398      -0.8519      -1.6532      -1.7057      -0.8962
                 -1.3131      -0.9756      -1.2191      -0.8954      -0.9394
   1    100      -1.3470      -0.8586      -1.6604      -1.7131      -0.9035
                 -1.3202      -0.9827      -1.2262      -0.9021      -0.9466
   2      0      -1.2945      -0.8184      -1.6109      -1.6619      -0.8457
                 -1.2545      -0.8926      -1.1810      -0.8447      -0.8703
   3      0      -1.2865      -0.7965      -1.5948      -1.6383      -0.8221
                 -1.2333      -0.8666      -1.1705      -0.8253      -0.8416
   4      0      -1.2728      -0.7975      -1.5724      -1.6208      -0.8107
                 -1.2124      -0.8508      -1.1505      -0.8216      -0.8241
   5      0      -1.2701      -0.7834      -1.5680      -1.6254      -0.7959
                 -1.2062      -0.8322      -1.1554      -0.8196      -0.8088
   5     60      -1.2704      -0.7837      -1.5683      -1.6256      -0.7962
                 -1.2065      -0.8325      -1.1557      -0.8199      -0.8091
   5     80      -1.2727      -0.7859      -1.5707      -1.6280      -0.7986
                 -1.2088      -0.8349      -1.1580      -0.8222      -0.8115
   5    100      -1.2792      -0.7923      -1.5774      -1.6346      -0.8053
                 -1.2153      -0.8415      -1.1646      -0.8287      -0.8181
 
 group  inft   Estimated free energy: 2-th solvent contribution (kcal/mol)
   1      0       0.2468       0.4795       0.9915      -0.1826      -1.7416
                 -2.3672      -0.7567      -0.1089       0.1924      -0.2747
   1     60       0.2470       0.4797       0.9916      -0.1823      -1.7414
                 -2.3669      -0.7566      -0.1087       0.1926      -0.2746
   1     80       0.2483       0.4809       0.9929      -0.1808      -1.7401
                 -2.3655      -0.7552      -0.1072       0.1941      -0.2732
   1    100       0.2536       0.4857       0.9981      -0.1753      -1.7356
                 -2.3605      -0.7504      -0.1016       0.1994      -0.2681
   2      0       0.1930       0.4758       0.9666      -0.2522      -1.7890
                 -2.4177      -0.7866      -0.1448       0.1621      -0.3220
   3      0       0.1719       0.4784       0.9489      -0.2821      -1.7974
                 -2.4476      -0.8133      -0.1571       0.1458      -0.3502
   4      0       0.1575       0.4650       0.9407      -0.3213      -1.8161
                 -2.4702      -0.8355      -0.1722       0.1314      -0.3649
   5      0       0.1502       0.4678       0.9330      -0.3240      -1.8135
                 -2.4753      -0.8376      -0.1802       0.1334      -0.3723
   5     60       0.1505       0.4680       0.9332      -0.3237      -1.8133
                 -2.4751      -0.8373      -0.1799       0.1336      -0.3721
   5     80       0.1517       0.4693       0.9345      -0.3224      -1.8121
                 -2.4739      -0.8360      -0.1785       0.1349      -0.3710
   5    100       0.1550       0.4728       0.9379      -0.3192      -1.8094
                 -2.4710      -0.8332      -0.1748       0.1381      -0.3684
 
 group  inft   Estimated free energy: 3-th solvent contribution (kcal/mol)
   1      0      -4.3024      -5.2480      -4.9276      -3.4385      -2.5910
                 -1.3829      -3.5686      -3.8432      -4.5787      -4.2483
   1     60      -4.3237      -5.2690      -4.9487      -3.4598      -2.6122
                 -1.4038      -3.5898      -3.8645      -4.5999      -4.2696
   1     80      -4.5098      -5.4555      -5.1341      -3.6455      -2.7966
                 -1.5870      -3.7754      -4.0508      -4.7861      -4.4555
   1    100      -5.1865      -6.1364      -5.8116      -4.3182      -3.4642
                 -2.2511      -4.4476      -4.7246      -5.4639      -5.1302
   2      0      -4.3135      -5.2646      -4.9403      -3.4440      -2.5962
                 -1.3873      -3.5768      -3.8512      -4.5943      -4.2564
   3      0      -4.3163      -5.2659      -4.9430      -3.4411      -2.5973
                 -1.3913      -3.5843      -3.8587      -4.5963      -4.2677
   4      0      -4.3158      -5.2607      -4.9361      -3.4401      -2.5919
                 -1.3886      -3.5780      -3.8438      -4.5948      -4.2521
   5      0      -4.3204      -5.2677      -4.9474      -3.4456      -2.5956
                 -1.3822      -3.5860      -3.8531      -4.5995      -4.2592
   5     60      -4.3484      -5.2954      -4.9751      -3.4736      -2.6235
                 -1.4097      -3.6139      -3.8812      -4.6275      -4.2871
   5     80      -4.5805      -5.5277      -5.2062      -3.7055      -2.8542
                 -1.6391      -3.8453      -4.1135      -4.8601      -4.5190
   5    100      -5.2041      -6.1558      -5.8310      -4.3262      -3.4695
                 -2.2497      -4.4648      -4.7354      -5.4849      -5.1406
 
 
 cumulative average & 95% error for solvation free energy
              total             1st component         2nd component         3rd component
  1    -5.4312               -1.2865                0.1719               -4.3163
  2    -5.5077     0.1531    -1.0415     0.4900     0.3251     0.3065    -4.7911     0.9496
  3    -5.5349     0.1037    -1.2260     0.4649     0.5331     0.4519    -4.8417     0.5575
  4    -5.4916     0.1135    -1.3290     0.3880     0.3293     0.5179    -4.4916     0.8036
  5    -5.4367     0.1406    -1.2277     0.3626    -0.0961     0.9405    -4.1127     0.9806
  6    -5.3759     0.1671    -1.2286     0.2960    -0.4880     1.0973    -3.6591     1.2100
  7    -5.3600     0.1448    -1.1769     0.2707    -0.5345     0.9321    -3.6485     1.0228
  8    -5.3383     0.1327    -1.1761     0.2345    -0.4873     0.8127    -3.6747     0.8873
  9    -5.3314     0.1178    -1.1371     0.2210    -0.4169     0.7304    -3.7771     0.8089
 10    -5.3442     0.1085    -1.1075     0.2063    -0.4103     0.6534    -3.8262     0.7301
