 ERmod 0.3.8, Copyright (C) 2000-2019 Nobuyuki Matubayasi
                            2010-2019 Shun Sakuraba
 ERmod comes with ABSOLUTELY NO WARRANTY.
 This is free software, and you can redistribute it
 and/or modify it under certain conditions.
 See LICENSE file for details.
 
  Number of the   1-th solvent  =          368
  Number of the   2-th solvent  =          368
  Number of the   3-th solvent  =        10000
 
  Be sure that the solvent distribution is homogeneous (radial distribution function is essentially unity) when the solvent molecule is separated beyond distance of   10.0 Angstrom in any direction from any atom within the solute molecule
 
  LJ long-range correction    =        -0.6509     -0.1232     -7.4645
 
  Self-energy of the solute   =        -0.0138  kcal/mol
 
 
 cumulative average & 95% error for solvation energy
              total             1st component         2nd component         3rd component
  1  -518.0882             -104.6897             -122.5275             -290.8572
  2  -518.9289     1.6813  -104.7116     0.0437  -126.4709     7.8870  -287.7325     6.2494
  3  -520.0787     2.4961  -100.9166     7.5900  -136.6815    20.9227  -282.4667    11.1325
  4  -520.5561     2.0067  -100.8259     5.3700  -138.3467    15.1648  -281.3697     8.1719
  5  -519.4698     2.6715  -103.3232     6.4999  -126.6993    26.0888  -289.4334    17.3252
  6  -518.6738     2.7004  -102.7888     5.4137  -119.9437    25.2251  -295.9274    19.2041
  7  -518.1998     2.4713  -101.8006     4.9840  -116.5767    22.3573  -299.8087    17.9912
  8  -517.9556     2.1952  -102.3563     4.4570  -113.6157    20.2474  -301.9698    16.1692
  9  -518.3665     2.1032  -102.0483     3.9787  -117.1078    19.1738  -299.1966    15.3006
 10  -518.7436     2.0267  -102.5551     3.7002  -119.8092    17.9805  -296.3655    14.8104
 11  -519.1448     2.0012  -102.1184     3.4590  -122.1013    16.8977  -294.9113    13.7086
 12  -519.9920     2.4916  -101.5805     3.3358  -127.8389    19.2256  -290.5588    15.2441
 13  -520.8690     2.8861  -101.3778     3.0952  -133.4054    20.8974  -286.0721    16.6479
 14  -520.7125     2.6903  -101.7378     2.9547  -132.0604    19.5333  -286.9005    15.5018
 15  -520.6235     2.5108  -101.7865     2.7524  -131.1366    18.2781  -287.6865    14.5167
 16  -520.8712     2.4004  -102.2033     2.7062  -131.5435    17.1170  -287.1106    13.6279
 17  -521.0984     2.3001  -102.2532     2.5440  -132.6762    16.2374  -286.1552    12.9430
 18  -521.5575     2.3549  -102.1024     2.4174  -135.7966    16.5320  -283.6447    13.1954
 19  -522.5639     3.0022  -101.6262     2.4770  -143.1553    21.4741  -277.7686    17.1437
 20  -522.7927     2.8847  -101.8528     2.3932  -144.3783    20.5185  -276.5477    16.4462
 21  -522.8372     2.7453  -102.2981     2.4443  -143.9956    19.5320  -276.5297    15.6435
 22  -522.6320     2.6495  -102.2991     2.3306  -142.7205    18.7968  -277.5985    15.0679
 23  -522.3179     2.6085  -102.7511     2.4035  -140.2049    18.6523  -279.3481    14.8170
 24  -522.2429     2.5019  -102.4079     2.4014  -140.1154    17.8592  -279.7058    14.2042
 25  -522.2658     2.4002  -102.2266     2.3317  -140.7028    17.1701  -279.3226    13.6457
 26  -522.3683     2.3151  -102.0846     2.2581  -140.9391    16.5033  -279.3308    13.1104
 27  -522.3718     2.2278  -102.0428     2.1745  -140.9385    15.8803  -279.3767    12.6158
 28  -522.4308     2.1500  -102.0627     2.0958  -141.4316    15.3344  -278.9226    12.1908
 29  -522.4875     2.0776  -101.9513     2.0345  -141.5435    14.7979  -278.9788    11.7634
 30  -522.5247     2.0085  -101.8527     1.9753  -142.0641    14.3340  -278.5942    11.3906
 31  -522.5005     1.9433  -101.5171     2.0250  -142.2666    13.8698  -278.7030    11.0192
 32  -522.6510     1.9055  -101.6157     1.9706  -142.9203    13.4928  -278.1013    10.7369
 33  -522.7446     1.8563  -101.4752     1.9305  -143.8131    13.1989  -277.4425    10.4895
 34  -522.7408     1.8009  -101.5214     1.8751  -143.8498    12.8051  -277.3558    10.1778
 35  -522.7027     1.7504  -101.5279     1.8208  -143.7593    12.4351  -277.4017     9.8832
 36  -522.6336     1.7067  -101.5190     1.7696  -143.5928    12.0894  -277.5080     9.6071
 37  -522.5991     1.6613  -101.5082     1.7212  -143.3444    11.7686  -277.7326     9.3546
 38  -522.6234     1.6177  -101.2545     1.7505  -143.9294    11.5143  -277.4257     9.1258
 39  -522.7530     1.5969  -101.1981     1.7087  -145.1172    11.4640  -276.4239     9.1117
 40  -522.9012     1.5844  -101.1928     1.6655  -146.4997    11.5107  -275.1949     9.2149
 41  -522.9684     1.5511  -101.0083     1.6657  -147.1253    11.2960  -274.8210     9.0184
 42  -522.9458     1.5144  -101.1595     1.6534  -146.8933    11.0335  -274.8793     8.8018
 43  -522.9334     1.4790  -101.1700     1.6147  -146.9789    10.7752  -274.7707     8.5974
 44  -522.9151     1.4455  -101.2739     1.5912  -146.8034    10.5333  -274.8240     8.4004
 45  -522.8621     1.4169  -101.3674     1.5666  -146.5867    10.3057  -274.8941     8.2128
 46  -522.7828     1.3948  -101.2517     1.5496  -146.1314    10.1203  -275.3859     8.0923
 47  -522.7692     1.3651  -101.5390     1.6215  -145.5962     9.9603  -275.6202     7.9321
 48  -522.7600     1.3365  -101.6462     1.6017  -145.4468     9.7551  -275.6532     7.7654
 49  -522.9356     1.3552  -101.5152     1.5904  -146.6182     9.8370  -274.7884     7.7994
 50  -523.0469     1.3464  -101.5036     1.5585  -147.1904     9.7060  -274.3391     7.6945
 
 
 group  inft  solvation free energy     error          difference
  total solvation free energy
   1      0        -92.99785           1.09592           0.36189
   1     60        -93.23676           1.09577           0.12298
   1     80        -95.57403           1.09414          -2.21429
   1    100       -104.23814           1.08890         -10.87841
   2      0        -93.40037           1.10729          -0.04064
   3      0        -93.35974           1.10890           0.00000
   4      0        -93.62693           1.11009          -0.26720
   5      0        -93.91855           1.11629          -0.55881
   5     60        -94.24523           1.11604          -0.88549
   5     80        -97.14621           1.11414          -3.78648
   5    100       -105.16528           1.10929         -11.80555
 
  contribution from  1-th solvent component
   1      0        -85.64248           0.94160          -0.28680
   1     60        -85.65140           0.94157          -0.29572
   1     80        -85.74293           0.94140          -0.38726
   1    100        -86.08618           0.94137          -0.73050
   2      0        -85.48405           0.95705          -0.12838
   3      0        -85.35567           0.96191           0.00000
   4      0        -85.36717           0.96502          -0.01149
   5      0        -85.45231           0.96575          -0.09664
   5     60        -85.46392           0.96570          -0.10825
   5     80        -85.57714           0.96547          -0.22146
   5    100        -85.89526           0.96546          -0.53959
 
  contribution from  2-th solvent component
   1      0        -32.25216           4.89148           0.65719
   1     60        -32.23946           4.89154           0.66988
   1     80        -32.15795           4.89218           0.75139
   1    100        -31.88071           4.89507           1.02863
   2      0        -32.81945           4.88339           0.08989
   3      0        -32.90934           4.87991           0.00000
   4      0        -33.15749           4.87518          -0.24814
   5      0        -33.35113           4.87632          -0.44178
   5     60        -33.33509           4.87639          -0.42575
   5     80        -33.21989           4.87718          -0.31055
   5    100        -32.96323           4.87970          -0.05389
 
  contribution from  3-th solvent component
   1      0         24.91059           3.69448          -0.00850
   1     60         24.66791           3.69485          -0.25118
   1     80         22.34066           3.69869          -2.57843
   1    100         13.74255           3.71313         -11.17654
   2      0         24.91694           3.69468          -0.00215
   3      0         24.91909           3.69430           0.00000
   4      0         24.91153           3.69433          -0.00756
   5      0         24.89869           3.69409          -0.02039
   5     60         24.56759           3.69462          -0.35149
   5     80         21.66462           3.69941          -3.25446
   5    100         13.70702           3.71292         -11.21207
 
 
 group  inft   Estimated free energy: total (kcal/mol)
   1      0     -90.4947     -91.1378     -97.8067     -94.1052     -89.2038
                -89.0946     -95.4091     -92.0474     -93.2732     -91.0092
                -92.1477     -97.3386     -96.7322     -91.4974     -95.1395
                -92.4274     -92.5408     -98.6409    -107.9801     -96.4482
                -94.1987     -88.5644     -89.3294     -90.1082     -92.8955
                -90.3039     -88.1589     -88.2696     -88.3658     -93.7718
                -92.1467     -99.5172     -94.9371     -94.0284     -89.0907
                -88.1606     -89.6301     -93.9645    -100.3425     -96.6980
                -91.5442     -90.5387     -91.7402     -94.2659     -93.2682
                -87.1287     -91.1764     -91.6902     -96.4807     -95.1027
   1     60     -90.7344     -91.3792     -98.0489     -94.3452     -89.4434
                -89.3350     -95.6506     -92.2895     -93.5134     -91.2500
                -92.3866     -97.5758     -96.9686     -91.7387     -95.3798
                -92.6647     -92.7786     -98.8771    -108.2153     -96.6867
                -94.4362     -88.8044     -89.5702     -90.3467     -93.1352
                -90.5420     -88.3945     -88.5061     -88.6032     -94.0116
                -92.3869     -99.7546     -95.1749     -94.2689     -89.3297
                -88.3987     -89.8697     -94.2047    -100.5793     -96.9362
                -91.7827     -90.7785     -91.9795     -94.5047     -93.5087
                -87.3682     -91.4151     -91.9278     -96.7173     -95.3404
   1     80     -93.0768     -93.7350    -100.4110     -96.6898     -91.7948
                -91.6933     -98.0211     -94.6595     -95.8622     -93.5974
                -94.7280     -99.8998     -99.2851     -94.0945     -97.7326
                -94.9910     -95.1048    -101.1934    -110.5152     -99.0177
                -96.7645     -91.1563     -91.9291     -92.6794     -95.4729
                -92.8717     -90.7064     -90.8221     -90.9282     -96.3535
                -94.7341    -102.0799     -97.4991     -96.6161     -91.6668
                -90.7308     -92.2105     -96.5506    -102.8935     -99.2602
                -94.1143     -93.1240     -94.3198     -96.8407     -95.8556
                -89.7123     -93.7471     -94.2550     -99.0354     -97.6684
   1    100    -101.7632    -102.4683    -109.1485    -105.3856    -100.5245
               -100.4554    -106.8137    -103.4643    -104.5619    -102.2824
               -103.4190    -108.5196    -107.8744    -102.8195    -106.4422
               -103.6241    -103.7309    -109.7851    -119.0636    -107.6560
               -105.3982     -99.8819    -100.6808    -101.3421    -104.1353
               -101.5233     -99.2733     -99.3983     -99.5504    -105.0365
               -103.4267    -110.6992    -106.1113    -105.2928    -100.3186
                -99.3690    -100.8763    -105.2306    -111.4851    -107.8841
               -102.7409    -101.8001    -102.9892    -105.5107    -104.5480
                -98.3952    -102.3877    -102.8758    -107.6287    -106.3150
   2      0     -91.0562     -91.3619     -98.0896     -94.6134     -89.7541
                -89.4039     -96.0448     -92.4487     -93.7376     -91.0741
                -92.5457     -97.7092     -97.3967     -91.9350     -95.6407
                -93.1226     -93.1708     -99.2024    -108.3004     -97.0721
                -94.8321     -89.1859     -89.4817     -90.4375     -93.4789
                -90.9531     -88.2920     -88.4414     -88.9802     -93.9685
                -92.2919    -100.1831     -95.2483     -94.5923     -89.3606
                -88.3040     -89.9315     -94.1300    -100.7403     -96.8986
                -91.7340     -90.9632     -91.8722     -94.7658     -93.8714
                -87.2488     -92.0214     -92.0134     -96.7626     -95.3541
   3      0     -90.9996     -91.3233     -98.1093     -94.6052     -89.6384
                -89.2462     -96.1884     -92.3768     -93.6604     -90.9846
                -92.5384     -97.8673     -97.3179     -91.9502     -95.6432
                -93.2158     -93.1171     -99.2343    -108.1254     -96.9607
                -94.7196     -89.1527     -89.4335     -90.4968     -93.4004
                -90.9129     -88.2306     -88.3609     -88.8826     -93.9085
                -92.2585    -100.1673     -95.2362     -94.5990     -89.2554
                -88.2068     -89.8327     -94.1656    -100.7233     -96.9070
                -91.7032     -90.8355     -91.8020     -94.6709     -93.8512
                -87.3181     -92.0687     -91.9214     -96.5527     -95.3100
   4      0     -91.4177     -91.5512     -98.4040     -94.8655     -90.0559
                -89.6686     -96.3559     -92.6807     -93.9191     -91.2565
                -92.7172     -98.0680     -97.6536     -92.1629     -96.0449
                -93.5002     -93.3521     -99.4897    -108.3551     -97.3578
                -95.0399     -89.4199     -89.5521     -90.6878     -93.8153
                -91.0773     -88.5811     -88.5006     -89.2558     -94.1377
                -92.5406    -100.5398     -95.3013     -94.7747     -89.5454
                -88.3941     -89.9398     -94.4584    -100.9641     -97.1514
                -91.8818     -91.1671     -91.9850     -95.0094     -94.0792
                -87.5085     -92.4851     -92.2726     -96.7997     -95.6047
   5      0     -91.7359     -91.6965     -98.7494     -95.1071     -90.4047
                -89.8912     -96.7604     -92.8872     -94.1726     -91.4723
                -93.0555     -98.5165     -97.9503     -92.5459     -96.2935
                -93.8458     -93.6178     -99.8585    -108.6156     -97.6473
                -95.4082     -89.6501     -89.7693     -91.0308     -94.0710
                -91.4716     -88.8664     -88.8079     -89.4797     -94.4369
                -92.7435    -100.9260     -95.6977     -95.0049     -89.8772
                -88.4236     -90.2870     -94.8101    -101.3650     -97.4115
                -92.2329     -91.3620     -92.0932     -95.2740     -94.3940
                -87.9931     -92.6545     -92.5672     -97.1516     -95.8430
   5     60     -92.0637     -92.0266     -99.0800     -95.4351     -90.7329
                -90.2198     -97.0909     -93.2183     -94.5014     -91.8014
                -93.3826     -98.8410     -98.2734     -92.8754     -96.6219
                -94.1710     -93.9429    -100.1816    -108.9369     -97.9728
                -95.7334     -89.9791     -90.0990     -91.3571     -94.3985
                -91.7972     -89.1884     -89.1310     -89.8042     -94.7644
                -93.0720    -101.2506     -96.0225     -95.3336     -90.2047
                -88.7498     -90.6140     -95.1387    -101.6883     -97.7366
                -92.5588     -91.6898     -92.4205     -95.6003     -94.7225
                -88.3209     -92.9805     -92.8922     -97.4751     -96.1682
   5     80     -94.9721     -94.9536    -102.0113     -98.3474     -93.6529
                -93.1469    -100.0330     -96.1639     -97.4144     -94.7141
                -96.2913    -101.7275    -101.1472     -95.7990     -99.5395
                -97.0613     -96.8317    -103.0567    -111.7934    -100.8654
                -98.6234     -92.9017     -93.0281     -94.2545     -97.3012
                -94.6933     -92.0520     -92.0022     -92.6895     -97.6715
                -95.9850    -104.1368     -98.9061     -98.2434     -93.1045
                -91.6416     -93.5154     -98.0477    -104.5614    -100.6224
                -95.4518     -94.6003     -95.3223     -98.5010     -97.6345
                -91.2304     -95.8774     -95.7776    -100.3505     -99.0606
   5    100    -103.0180    -103.0396    -110.0935    -106.4003    -101.7378
               -101.2584    -108.1754    -104.3174    -105.4607    -102.7512
               -104.3382    -109.7062    -109.0969    -103.8721    -107.6001
               -105.0580    -104.8185    -111.0071    -119.7051    -108.8599
               -106.6141    -100.9849    -101.1299    -102.2773    -105.3154
               -102.7076     -99.9733     -99.9366    -100.6690    -105.7069
               -104.0286    -112.1143    -106.8726    -106.2698    -101.1115
                -99.6318    -101.5327    -106.0765    -112.5135    -108.6040
               -103.4350    -102.6305    -103.3386    -106.5265    -105.6785
                -99.2704    -103.8828    -103.7548    -108.3004    -107.0619
 
 group  inft   Estimated free energy: 1-th solvent contribution (kcal/mol)
   1      0     -87.2779     -85.5879     -84.3166     -84.9309     -92.1992
                -83.8543     -85.0563     -86.9632     -85.0273     -86.2660
                -83.1559     -83.3796     -84.0966     -89.5340     -88.1571
                -91.1526     -87.8344     -87.4048     -80.8597     -88.3452
                -92.5827     -83.4630     -90.3849     -80.5920     -85.4740
                -82.1312     -86.0671     -84.8899     -82.7788     -82.1857
                -80.6199     -89.9132     -84.4698     -87.4254     -84.6681
                -85.2913     -86.2179     -80.7505     -85.3839     -82.7206
                -80.3150     -87.6051     -84.2704     -88.9820     -88.9056
                -81.1488     -93.0987     -89.4100     -81.1594     -83.8195
   1     60     -87.2869     -85.5970     -84.3255     -84.9401     -92.2080
                -83.8634     -85.0650     -86.9723     -85.0363     -86.2750
                -83.1649     -83.3885     -84.1054     -89.5428     -88.1658
                -91.1612     -87.8432     -87.4135     -80.8686     -88.3540
                -92.5913     -83.4721     -90.3937     -80.6012     -85.4828
                -82.1402     -86.0758     -84.8987     -82.7877     -82.1947
                -80.6289     -89.9219     -84.4785     -87.4343     -84.6772
                -85.3002     -86.2269     -80.7596     -85.3930     -82.7297
                -80.3240     -87.6141     -84.2793     -88.9907     -88.9146
                -81.1579     -93.1075     -89.4188     -81.1685     -83.8286
   1     80     -87.3785     -85.6901     -84.4160     -85.0330     -92.2995
                -83.9563     -85.1559     -87.0655     -85.1284     -86.3674
                -83.2579     -83.4796     -84.1959     -89.6333     -88.2559
                -91.2512     -87.9344     -87.5041     -80.9589     -88.4453
                -92.6806     -83.5649     -90.4838     -80.6937     -85.5731
                -82.2321     -86.1661     -84.9895     -82.8795     -82.2875
                -80.7215     -90.0121     -84.5685     -87.5258     -84.7700
                -85.3915     -86.3186     -80.8525     -85.4856     -82.8218
                -80.4156     -87.7062     -84.3702     -89.0810     -89.0064
                -81.2512     -93.1980     -89.5097     -81.2612     -83.9213
   1    100     -87.7208     -86.0367     -84.7566     -85.3791     -92.6451
                -84.3029     -85.4990     -87.4136     -85.4739     -86.7109
                -83.6047     -83.8226     -84.5348     -89.9758     -88.5979
                -91.5942     -88.2787     -87.8477     -81.2943     -88.7887
                -93.0201     -83.9098     -90.8245     -81.0364     -85.9139
                -82.5743     -86.5083     -85.3307     -83.2219     -82.6317
                -81.0662     -90.3542     -84.9081     -87.8700     -85.1152
                -85.7341     -86.6634     -81.1985     -85.8306     -83.1639
                -80.7575     -88.0510     -84.7101     -89.4226     -89.3518
                -81.5974     -93.5406     -89.8526     -81.6061     -84.2656
   2      0     -87.0301     -85.3165     -84.3419     -84.6605     -92.0832
                -83.6232     -85.0133     -86.7242     -84.8905     -85.9446
                -82.9486     -83.2930     -83.9961     -89.4814     -88.1618
                -91.0938     -87.7954     -87.3793     -80.6637     -88.2334
                -92.5367     -83.1631     -90.0800     -80.3726     -85.4040
                -81.8997     -85.9934     -84.6877     -82.6131     -81.8457
                -80.3719     -89.8977     -84.4090     -87.3897     -84.3788
                -85.1264     -86.0833     -80.6017     -85.3453     -82.5200
                -79.9625     -87.3834     -83.9910     -88.9341     -88.8347
                -80.8240     -92.9977     -89.3510     -80.8815     -83.6487
   3      0     -86.8992     -85.1271     -84.2736     -84.5000     -91.9358
                -83.3782     -84.9280     -86.5451     -84.7448     -85.7920
                -82.8409     -83.2176     -83.8937     -89.4179     -88.1145
                -91.0163     -87.7017     -87.3056     -80.5072     -88.0876
                -92.4697     -83.0128     -89.9307     -80.2441     -85.3274
                -81.7256     -85.8742     -84.4696     -82.5082     -81.5997
                -80.2740     -89.8107     -84.2799     -87.3091     -84.1917
                -85.0034     -85.9398     -80.4801     -85.2372     -82.4084
                -79.8249     -87.2231     -83.8360     -88.8038     -88.7256
                -80.6437     -92.9172     -89.2418     -80.7106     -83.5339
   4      0     -86.8813     -85.1389     -84.3205     -84.4475     -91.9543
                -83.4619     -84.9566     -86.5944     -84.7564     -85.8071
                -82.7909     -83.2140     -83.9162     -89.3858     -88.1774
                -91.0116     -87.7254     -87.3543     -80.5374     -88.0905
                -92.4787     -82.8974     -89.8235     -80.2651     -85.3625
                -81.6675     -85.9883     -84.5130     -82.4690     -81.5829
                -80.2830     -89.8808     -84.2624     -87.3640     -84.2528
                -85.0730     -85.9154     -80.5176     -85.2828     -82.3846
                -79.7569     -87.2447     -83.8928     -88.8995     -88.7388
                -80.5818     -92.9184     -89.2891     -80.6424     -83.6072
   5      0     -87.0225     -85.1301     -84.4589     -84.4561     -92.0622
                -83.4786     -85.0563     -86.5788     -84.8475     -85.8229
                -82.9069     -83.3291     -84.0165     -89.5736     -88.2414
                -91.1709     -87.8177     -87.4605     -80.6599     -88.1934
                -92.6136     -82.9637     -89.9053     -80.3459     -85.4628
                -81.7904     -86.0329     -84.5883     -82.5853     -81.6280
                -80.3556     -90.0282     -84.4479     -87.4386     -84.3319
                -84.9889     -86.0729     -80.6155     -85.3829     -82.4415
                -79.8657     -87.2442     -83.8364     -88.9495     -88.8311
                -80.7975     -92.9840     -89.3818     -80.7721     -83.6494
   5     60     -87.0342     -85.1420     -84.4703     -84.4679     -92.0737
                -83.4903     -85.0677     -86.5906     -84.8591     -85.8347
                -82.9187     -83.3406     -84.0280     -89.5849     -88.2526
                -91.1821     -87.8291     -87.4718     -80.6716     -88.2049
                -92.6247     -82.9756     -89.9166     -80.3579     -85.4742
                -81.8022     -86.0442     -84.5998     -82.5969     -81.6399
                -80.3675     -90.0395     -84.4593     -87.4501     -84.3438
                -85.0005     -86.0845     -80.6274     -85.3947     -82.4534
                -79.8774     -87.2559     -83.8481     -88.9608     -88.8427
                -80.8096     -92.9954     -89.3932     -80.7840     -83.6613
   5     80     -87.1479     -85.2571     -84.5822     -84.5821     -92.1866
                -83.6048     -85.1799     -86.7053     -84.9726     -85.9489
                -83.0335     -83.4531     -84.1402     -89.6967     -88.3641
                -91.2934     -87.9423     -87.5834     -80.7837     -88.3174
                -92.7356     -83.0908     -90.0279     -80.4729     -85.5859
                -81.9163     -86.1559     -84.7120     -82.7104     -81.7546
                -80.4820     -90.1509     -84.5709     -87.5628     -84.4582
                -85.1140     -86.1982     -80.7421     -85.5094     -82.5673
                -79.9908     -87.3697     -83.9609     -89.0725     -88.9564
                -80.9254     -93.1078     -89.5053     -80.8987     -83.7760
   5    100     -87.4667     -85.5780     -84.8980     -84.9005     -92.5066
                -83.9255     -85.4985     -87.0263     -85.2914     -86.2671
                -83.3538     -83.7699     -84.4551     -90.0140     -88.6818
                -91.6114     -88.2625     -87.9010     -81.0951     -88.6346
                -93.0517     -83.4114     -90.3436     -80.7918     -85.9014
                -82.2346     -86.4731     -85.0281     -83.0278     -82.0733
                -80.8015     -90.4681     -84.8860     -87.8805     -84.7771
                -85.4332     -86.5184     -81.0621     -85.8293     -82.8836
                -80.3075     -87.6887     -84.2771     -89.3894     -89.2766
                -81.2470     -93.4267     -89.8229     -81.2181     -84.0947
 
 group  inft   Estimated free energy: 2-th solvent contribution (kcal/mol)
   1      0     -19.7216     -25.6242     -40.3081     -32.1087       2.1116
                 -1.7783     -11.0231      -8.3993     -32.3935     -31.7215
                -31.3838     -54.2676     -58.1165     -15.6531     -19.8551
                -25.2541     -32.3240     -52.6203     -97.5397     -43.2950
                -26.0847     -17.0068      -1.5410     -27.3077     -34.6348
                -31.2665     -24.3955     -32.4827     -28.1354     -40.1747
                -32.8802     -42.5292     -44.8715     -32.3083     -27.8282
                -24.7770     -23.0076     -42.4562     -56.0539     -60.2602
                -42.5633     -26.4549     -34.2067     -28.9617     -27.9419
                -19.8502     -17.9073     -26.2406     -59.9208     -47.2824
   1     60     -19.7089     -25.6127     -40.2965     -32.0963       2.1248
                 -1.7655     -11.0104      -8.3876     -32.3808     -31.7094
                -31.3719     -54.2552     -58.1039     -15.6405     -19.8422
                -25.2415     -32.3117     -52.6078     -97.5283     -43.2829
                -26.0719     -16.9942      -1.5284     -27.2949     -34.6223
                -31.2544     -24.3807     -32.4689     -28.1228     -40.1627
                -32.8672     -42.5163     -44.8588     -32.2953     -27.8149
                -24.7632     -22.9940     -42.4433     -56.0415     -60.2482
                -42.5498     -26.4417     -34.1935     -28.9492     -27.9294
                -19.8367     -17.8943     -26.2272     -59.9078     -47.2708
   1     80     -19.6264     -25.5402     -40.2253     -32.0180       2.2126
                 -1.6827     -10.9320      -8.3152     -32.3012     -31.6313
                -31.2964     -54.1764     -58.0246     -15.5594     -19.7623
                -25.1567     -32.2288     -52.5280     -97.4586     -43.2064
                -25.9880     -16.9141      -1.4457     -27.2121     -34.5426
                -31.1758     -24.2818     -32.3793     -28.0370     -40.0877
                -32.7836     -42.4342     -44.7765     -32.2134     -27.7277
                -24.6714     -22.9038     -42.3617     -55.9631     -60.1727
                -42.4629     -26.3563     -34.1110     -28.8688     -27.8491
                -19.7480     -17.8082     -26.1383     -59.8260     -47.1996
   1    100     -19.3466     -25.3061     -39.9964     -31.7561       2.5176
                 -1.3982     -10.6723      -8.0831     -32.0329     -31.3679
                -31.0455     -53.9124     -57.7562     -15.2825     -19.4917
                -24.8644     -31.9456     -52.2586     -97.2344     -42.9526
                -25.6979     -16.6452      -1.1628     -26.9284     -34.2727
                -30.9121     -23.9225     -32.0651     -27.7407     -39.8408
                -32.4967     -42.1544     -44.4962     -31.9309     -27.4238
                -24.3477     -22.5883     -42.0840     -55.6995     -59.9235
                -42.1603     -26.0604     -33.8284     -28.5978     -27.5761
                -19.4382     -17.5096     -25.8274     -59.5492     -46.9689
   2      0     -20.5293     -26.1391     -40.5566     -32.8678       1.4547
                 -2.3171     -11.7131      -9.0361     -33.0144     -32.1161
                -32.0185     -54.7411     -58.8914     -16.1555     -20.3747
                -26.0312     -32.9758     -53.2225     -98.0657     -44.0420
                -26.7778     -17.9135      -2.0037     -27.8893     -35.3074
                -32.1620     -24.6173     -32.8659     -28.9256     -40.7170
                -33.2506     -43.2131     -45.2416     -32.9130     -28.3739
                -25.0799     -23.4565     -42.7793     -56.5054     -60.6563
                -43.1267     -27.1030     -34.6315     -29.5109     -28.6072
                -20.3152     -18.8503     -26.6488     -60.4583     -47.7182
   3      0     -20.5859     -26.2871     -40.6585     -33.0283       1.4114
                 -2.4093     -11.9524      -9.1434     -33.0920     -32.1637
                -32.1150     -54.9538     -58.9149     -16.2337     -20.4065
                -26.2104     -33.0243     -53.3336     -98.0309     -44.0838
                -26.7525     -18.0318      -2.0990     -28.0686     -35.3195
                -32.2911     -24.6721     -33.0167     -28.9413     -40.9051
                -33.3349     -43.2733     -45.3650     -33.0023     -28.4645
                -25.1130     -23.4990     -42.9397     -56.6036     -60.7697
                -43.2387     -27.1458     -34.7351     -29.5661     -28.6682
                -20.5733     -18.9888     -26.6580     -60.4441     -47.7703
   4      0     -21.0192     -26.5213     -40.8902     -33.3240       1.0404
                 -2.7323     -12.0779      -9.4008     -33.3327     -32.4384
                -32.3480     -55.1675     -59.2302     -16.4621     -20.7586
                -26.4940     -33.2113     -53.5294     -98.2152     -44.4753
                -27.0649     -18.3911      -2.3163     -28.2430     -35.6684
                -32.5146     -24.9085     -33.1083     -29.3625     -41.1409
                -33.5668     -43.5671     -45.4503     -33.1253     -28.6669
                -25.2172     -23.6336     -43.2049     -56.7912     -61.0103
                -43.4467     -27.4521     -34.8723     -29.7975     -28.9097
                -20.8026     -19.3711     -26.9606     -60.7367     -47.9846
   5      0     -21.1805     -26.6428     -41.0762     -33.5216       0.7852
                 -2.9261     -12.3749      -9.6043     -33.4850     -32.6007
                -32.5473     -55.4752     -59.4176     -16.6407     -20.9090
                -26.6528     -33.3816     -53.7904     -98.3485     -44.6336
                -27.2867     -18.5603      -2.4585     -28.4844     -35.8154
                -32.7711     -25.1454     -33.3402     -29.4569     -41.3685
                -33.6940     -43.8071     -45.6624     -33.2608     -28.9167
                -25.3205     -23.8153     -43.4455     -57.0887     -61.1922
                -43.6964     -27.6389     -35.0232     -30.0099     -29.0893
                -21.0653     -19.4709     -27.1522     -60.9521     -48.1435
   5     60     -21.1645     -26.6284     -41.0613     -33.5063       0.8018
                 -2.9102     -12.3590      -9.5896     -33.4693     -32.5854
                -32.5324     -55.4595     -59.4017     -16.6248     -20.8927
                -26.6368     -33.3658     -53.7746     -98.3341     -44.6184
                -27.2705     -18.5446      -2.4426     -28.4683     -35.7996
                -32.7559     -25.1265     -33.3227     -29.4407     -41.3534
                -33.6776     -43.7907     -45.6461     -33.2443     -28.8998
                -25.3029     -23.7981     -43.4292     -57.0730     -61.1771
                -43.6795     -27.6223     -35.0065     -29.9942     -29.0734
                -21.0482     -19.4546     -27.1351     -60.9356     -48.1289
   5     80     -21.0493     -26.5277     -40.9595     -33.3980       0.9242
                 -2.7933     -12.2493      -9.4890     -33.3566     -32.4746
                -32.4267     -55.3485     -59.2894     -16.5098     -20.7779
                -26.5193     -33.2487     -53.6623     -98.2338     -44.5110
                -27.1517     -18.4339      -2.3258     -28.3515     -35.6864
                -32.6470     -24.9836     -33.1955     -29.3207     -41.2476
                -33.5582     -43.6742     -45.5287     -33.1268     -28.7763
                -25.1717     -23.6697     -43.3122     -56.9620     -61.0704
                -43.5565     -27.5015     -34.8882     -29.8813     -28.9592
                -20.9232     -19.3353     -27.0087     -60.8185     -48.0280
   5    100     -20.7936     -26.3145     -40.7449     -33.1624       1.2035
                 -2.5300     -12.0140      -9.2780     -33.1080     -32.2284
                -32.1971     -55.1065     -59.0418     -16.2513     -20.5237
                -26.2539     -32.9863     -53.4147     -98.0221     -44.2784
                -26.8819     -18.1911      -2.0632     -28.0907     -35.4342
                -32.4083     -24.6418     -32.9015     -29.0470     -41.0216
                -33.2897     -43.4148     -45.2672     -32.8627     -28.4943
                -24.8665     -23.3723     -43.0524     -56.7184     -60.8415
                -43.2759     -27.2275     -34.6225     -29.6323     -28.7059
                -20.6368     -19.0639     -26.7179     -60.5591     -47.8127
 
 group  inft   Estimated free energy: 3-th solvent contribution (kcal/mol)
   1      0      16.5186      20.0881      26.8319      22.9481       0.8975
                 -3.4482       0.6842       3.3289      24.1614      26.9921
                 22.4058      40.3224      45.4947      13.7035      12.8865
                 23.9930      27.6315      41.3980      70.4331      35.2058
                 24.4825      11.9192       2.6104      17.8053      27.2271
                 23.1077      22.3174      29.1169      22.5621      28.6024
                 21.3672      32.9391      34.4179      25.7191      23.4194
                 21.9214      19.6092      29.2561      41.1091      46.2966
                 31.3479      23.5350      26.7507      23.6916      23.5931
                 13.8842      19.8434      23.9742      44.6133      36.0129
   1     60      16.2752      19.8443      26.5868      22.7049       0.6536
                 -3.6923       0.4387       3.0842      23.9175      26.7483
                 22.1641      40.0816      45.2546      13.4583      12.6421
                 23.7518      27.3901      41.1580      70.1954      34.9641
                 24.2408      11.6757       2.3657      17.5632      26.9837
                 22.8664      22.0759      28.8753      22.3211      28.3597
                 21.1230      32.6974      34.1762      25.4745      23.1762
                 21.6785      19.3650      29.0120      40.8690      46.0555
                 31.1049      23.2911      26.5070      23.4490      23.3491
                 13.6403      19.6005      23.7320      44.3728      35.7728
   1     80      13.9419      17.5091      24.2441      20.3749      -1.6940
                 -6.0406      -1.9194       0.7350      21.5812      24.4150
                 19.8401      37.7700      42.9492      11.1120      10.2994
                 21.4308      25.0722      38.8525      67.9161      32.6478
                 21.9180       9.3366       0.0143      15.2402      24.6566
                 20.5500      19.7553      26.5605      20.0021      26.0355
                 18.7847      30.3802      31.8597      23.1369      20.8446
                 19.3459      17.0257      26.6774      38.5689      43.7480
                 28.7780      20.9523      24.1752      21.1228      21.0137
                 11.3007      17.2729      21.4068      42.0656      33.4664
   1    100       5.3181       8.8884      15.6184      11.7634     -10.3832
                -14.7404     -10.6286      -7.9538      12.9587      15.8103
                 11.2450      29.2292      34.4305       2.4526       1.6612
                 12.8482      16.5073      30.3350      59.4789      24.0991
                 13.3335       0.6869      -8.6797       6.6365      16.0650
                 11.9769      11.1712      18.0114      11.4260      17.4498
                 10.1500      21.8232      23.3068      14.5220      12.2341
                 10.7267       8.3892      18.0658      30.0588      35.2171
                 20.1907      12.3252      15.5630      12.5235      12.3937
                  2.6543       8.6762      12.8180      33.5403      24.9332
   2      0      16.5171      20.1076      26.8226      22.9287       0.8882
                 -3.4498       0.6954       3.3255      24.1811      27.0004
                 22.4353      40.3387      45.5046      13.7157      12.9096
                 24.0162      27.6142      41.4132      70.4428      35.2170
                 24.4962      11.9046       2.6158      17.8382      27.2463
                 23.1224      22.3324      29.1259      22.5723      28.6080
                 21.3444      32.9415      34.4161      25.7243      23.4059
                 21.9161      19.6221      29.2647      41.1241      46.2915
                 31.3691      23.5370      26.7641      23.6931      23.5844
                 13.9042      19.8404      24.0003      44.5911      36.0267
   3      0      16.4993      20.1046      26.8366      22.9369       0.8997
                 -3.4449       0.7059       3.3255      24.1902      26.9849
                 22.4313      40.3180      45.5046      13.7152      12.8916
                 24.0247      27.6227      41.4187      70.4265      35.2245
                 24.5165      11.9058       2.6101      17.8297      27.2603
                 23.1177      22.3295      29.1391      22.5807      28.6101
                 21.3642      32.9306      34.4224      25.7262      23.4146
                 21.9234      19.6199      29.2679      41.1313      46.2849
                 31.3742      23.5472      26.7829      23.7129      23.5563
                 13.9127      19.8511      23.9921      44.6158      36.0081
   4      0      16.4966      20.1228      26.8204      22.9199       0.8718
                 -3.4605       0.6924       3.3283      24.1838      27.0028
                 22.4355      40.3273      45.5066      13.6988      12.9049
                 24.0192      27.5985      41.4078      70.4114      35.2218
                 24.5175      11.8824       2.6016      17.8341      27.2295
                 23.1186      22.3296      29.1345      22.5895      28.6000
                 21.3230      32.9219      34.4253      25.7284      23.3882
                 21.9099      19.6230      29.2779      41.1237      46.2573
                 31.3356      23.5435      26.7939      23.7014      23.5832
                 13.8897      19.8183      23.9909      44.5932      36.0010
   5      0      16.4808      20.0902      26.7995      22.8844       0.8862
                 -3.4727       0.6846       3.3097      24.1737      26.9651
                 22.4126      40.3016      45.4976      13.6822      12.8706
                 23.9918      27.5953      41.4062      70.4066      35.1936
                 24.5058      11.8877       2.6084      17.8134      27.2210
                 23.1038      22.3257      29.1344      22.5763      28.5734
                 21.3199      32.9232      34.4265      25.7083      23.3852
                 21.8995      19.6150      29.2648      41.1204      46.2361
                 31.3430      23.5349      26.7802      23.6993      23.5403
                 13.8836      19.8142      23.9806      44.5865      35.9638
   5     60      16.1487      19.7576      26.4654      22.5529       0.5528
                 -3.8055       0.3496       2.9757      23.8408      26.6325
                 22.0823      39.9729      45.1701      13.3482      12.5372
                 23.6618      27.2658      41.0786      70.0826      34.8643
                 24.1757      11.5550       2.2740      17.4829      26.8891
                 22.7747      21.9961      28.8053      22.2473      28.2427
                 20.9869      32.5935      34.0967      25.3745      23.0527
                 21.5674      19.2824      28.9317      40.7933      45.9076
                 31.0120      23.2022      26.4479      23.3685      23.2074
                 13.5507      19.4833      23.6499      44.2584      35.6358
   5     80      13.2389      16.8450      23.5441      19.6465      -2.3767
                 -6.7349      -2.5900       0.0443      20.9286      23.7232
                 19.1827      37.0880      42.2962      10.4214       9.6163
                 20.7652      24.3731      38.2028      67.2378      31.9769
                 21.2777       8.6368      -0.6606      14.5837      23.9849
                 19.8838      19.1013      25.9192      19.3555      25.3445
                 18.0690      29.7022      31.2073      22.4599      20.1437
                 18.6579      16.3663      26.0204      37.9238      43.0291
                 28.1093      20.2846      23.5407      20.4666      20.2949
                 10.6319      16.5795      20.7502      41.3806      32.7572
   5    100       5.2561       8.8667      15.5632      11.6764     -10.4209
                -14.7891     -10.6490      -7.9993      12.9525      15.7582
                 11.2265      29.1840      34.4138       2.4070       1.6192
                 12.8212      16.4441      30.3223      59.4260      24.0670
                 13.3333       0.6314      -8.7092       6.6190      16.0340
                 11.9491      11.1554      18.0069      11.4195      17.4018
                 10.0765      21.7825      23.2943      14.4871      12.1737
                 10.6817       8.3718      18.0518      30.0480      35.1349
                 20.1622      12.2995      15.5747      12.5090      12.3178
                  2.6272       8.6217      12.7998      33.4905      24.8593
 
 
 cumulative average & 95% error for solvation free energy
              total             1st component         2nd component         3rd component
  1   -90.9996              -86.8992              -20.5859               16.4993
  2   -91.1615     0.3237   -86.0131     1.7722   -23.4365     5.7011    18.3019     3.6053
  3   -93.4774     4.6357   -85.4333     1.5465   -29.1772    11.9438    21.1468     6.0586
  4   -93.7594     3.3260   -85.2000     1.1889   -30.1399     8.6623    21.5944     4.3765
  5   -92.9352     3.0586   -86.5471     2.8474   -23.8297    14.2933    17.4554     8.9451
  6   -92.3203     2.7836   -86.0190     2.5536   -20.2596    13.6814    13.9720    10.0935
  7   -92.8729     2.5992   -85.8631     2.1806   -19.0729    11.8040    12.0769     9.3348
  8   -92.8109     2.2544   -85.9484     1.8961   -17.8317    10.5196    10.9830     8.3750
  9   -92.9053     1.9972   -85.8146     1.6935   -19.5273     9.8778    12.4504     7.9478
 10   -92.7132     1.8271   -85.8124     1.5147   -20.7909     9.1894    13.9039     7.6801
 11   -92.6973     1.6530   -85.5422     1.4728   -21.8204     8.5633    14.6791     7.1178
 12   -93.1282     1.7377   -85.3485     1.3992   -24.5815     9.5710    16.8157     7.7768
 13   -93.4504     1.7235   -85.2366     1.3064   -27.2225    10.2670    19.0225     8.4057
 14   -93.3433     1.6100   -85.5353     1.3489   -26.4376     9.6341    18.6434     7.8190
 15   -93.4966     1.5299   -85.7072     1.3020   -26.0355     9.0049    18.2600     7.3194
 16   -93.4791     1.4315   -86.0390     1.3870   -26.0465     8.4233    18.6203     6.8845
 17   -93.4578     1.3453   -86.1369     1.3174   -26.4569     7.9548    19.1498     6.5530
 18   -93.7787     1.4215   -86.2018     1.2489   -27.9501     8.0725    20.3870     6.6553
 19   -94.5338     2.0220   -85.9021     1.3247   -31.6385    10.6172    23.0206     8.2082
 20   -94.6551     1.9336   -86.0113     1.2756   -32.2608    10.1490    23.6308     7.8820
 21   -94.6582     1.8392   -86.3189     1.3603   -31.9985     9.6678    23.6730     7.4978
 22   -94.4079     1.8236   -86.1686     1.3314   -31.3637     9.3050    23.1381     7.2285
 23   -94.1917     1.7954   -86.3322     1.3136   -30.0913     9.2482    22.2456     7.1340
 24   -94.0377     1.7464   -86.0785     1.3561   -30.0070     8.8561    22.0616     6.8402
 25   -94.0122     1.6758   -86.0485     1.3021   -30.2195     8.5051    22.2695     6.5740
 26   -93.8930     1.6276   -85.8822     1.2945   -30.2992     8.1730    22.3022     6.3165
 27   -93.6833     1.6214   -85.8819     1.2456   -30.0908     7.8755    22.3032     6.0780
 28   -93.4932     1.6080   -85.8315     1.2045   -30.1953     7.5919    22.5473     5.8772
 29   -93.3342     1.5838   -85.7169     1.1846   -30.1520     7.3259    22.5485     5.6710
 30   -93.3534     1.5306   -85.5796     1.1769   -30.5105     7.1137    22.7505     5.4935
 31   -93.3181     1.4821   -85.4085     1.1887   -30.6016     6.8828    22.7058     5.3141
 32   -93.5321     1.4975   -85.5461     1.1834   -30.9976     6.7112    23.0253     5.1849
 33   -93.5837     1.4551   -85.5077     1.1495   -31.4329     6.5626    23.3707     5.0726
 34   -93.6136     1.4129   -85.5607     1.1202   -31.4791     6.3674    23.4400     4.9231
 35   -93.4891     1.3943   -85.5216     1.0905   -31.3930     6.1852    23.4392     4.7804
 36   -93.3423     1.3865   -85.5072     1.0602   -31.2185     6.0210    23.3971     4.6464
 37   -93.2475     1.3618   -85.5189     1.0314   -31.0099     5.8709    23.2951     4.5237
 38   -93.2717     1.3263   -85.3863     1.0384   -31.3238     5.7487    23.4522     4.4143
 39   -93.4627     1.3472   -85.3824     1.0114   -31.9720     5.7475    23.9055     4.3941
 40   -93.5488     1.3243   -85.3081     0.9969   -32.6920     5.7840    24.4650     4.4266
 41   -93.5038     1.2948   -85.1743     1.0084   -32.9492     5.6646    24.6335     4.3305
 42   -93.4403     1.2699   -85.2231     0.9890   -32.8110     5.5350    24.6077     4.2264
 43   -93.4022     1.2424   -85.1909     0.9678   -32.8558     5.4055    24.6583     4.1282
 44   -93.4310     1.2152   -85.2730     0.9598   -32.7810     5.2833    24.6368     4.0335
 45   -93.4404     1.1880   -85.3497     0.9506   -32.6896     5.1678    24.6128     3.9432
 46   -93.3073     1.1920   -85.2474     0.9520   -32.4262     5.0816    24.3802     3.8844
 47   -93.2809     1.1676   -85.4106     0.9870   -32.1403     5.0051    24.2838     3.8058
 48   -93.2526     1.1444   -85.4904     0.9794   -32.0261     4.9050    24.2777     3.7257
 49   -93.3199     1.1289   -85.3929     0.9788   -32.6061     4.9419    24.6928     3.7421
 50   -93.3597     1.1089   -85.3557     0.9619   -32.9093     4.8799    24.9191     3.6943
 
 Mesh error is    0.559 kcal/mol
