 ERmod 0.3.7, Copyright (C) 2000-2019 Nobuyuki Matubayasi
                            2010-2019 Shun Sakuraba
 ERmod comes with ABSOLUTELY NO WARRANTY.
 This is free software, and you can redistribute it
 and/or modify it under certain conditions.
 See LICENSE file for details.
 ERmod 0.3.7, Copyright (C) 2000-2019 Nobuyuki Matubayasi
                            2010-2019 Shun Sakuraba
 ERmod comes with ABSOLUTELY NO WARRANTY.
 This is free software, and you can redistribute it
 and/or modify it under certain conditions.
 See LICENSE file for details.
 
  Number of the   1-th solvent  =          109
  Number of the   2-th solvent  =          109
  Number of the   3-th solvent  =        10000
 
  Be sure that the solvent distribution is homogeneous (radial distribution function is essentially unity) when the solvent molecule is separated beyond distance of   10.0 Angstrom in any direction from any atom within the solute molecule
 
  LJ long-range correction    =        -0.1996     -0.0378     -7.7276
 
  Self-energy of the solute   =        -0.0112  kcal/mol
 
 
 cumulative average & 95% error for solvation energy
              total             1st component         2nd component         3rd component
  1  -422.4825              -31.3122               20.9680             -412.1271
  2  -422.4103     0.1445   -31.7418     0.8593    20.9523     0.0313  -411.6096     1.0350
  3  -422.1667     0.4941   -30.4566     2.6180    21.0134     0.1235  -412.7124     2.2852
  4  -423.7283     3.1425   -30.4963     1.8529    11.0819    19.8633  -404.3027    16.8969
  5  -424.8856     3.3590   -30.4596     1.4371     3.5790    21.4919  -397.9938    18.1799
  6  -425.6739     3.1635   -30.8133     1.3701    -1.1037    19.8909  -393.7457    17.1034
  7  -426.2631     2.9218   -30.9763     1.2030    -4.9464    18.4843  -390.3293    15.9886
  8  -426.3362     2.5346   -31.1199     1.0807    -5.4646    16.0414  -389.7405    13.8965
  9  -425.8293     2.4544   -31.0541     0.9621    -2.2883    15.5080  -392.4757    13.4210
 10  -425.5692     2.2561   -31.1037     0.8662    -0.0874    14.5524  -394.3670    12.5860
 
 
 group  inft  solvation free energy     error          difference
  total solvation free energy
   1      0        -64.29438           2.51751           0.57482
   1     60        -64.41941           2.51639           0.44979
   1     80        -65.91812           2.50564          -1.04892
   1    100        -72.94185           2.50252          -8.07265
   2      0        -64.65685           2.52345           0.21235
   3      0        -64.86920           2.52420           0.00000
   4      0        -64.69171           2.54112           0.17749
   5      0        -64.90580           2.50973          -0.03660
   5     60        -65.09137           2.50780          -0.22217
   5     80        -67.02066           2.49572          -2.15146
   5    100        -73.56708           2.49583          -8.69788
 
  contribution from  1-th solvent component
   1      0        -24.77805           0.36381          -0.09236
   1     60        -24.77788           0.36387          -0.09219
   1     80        -24.78977           0.36381          -0.10408
   1    100        -24.85027           0.36363          -0.16458
   2      0        -24.85174           0.37574          -0.16605
   3      0        -24.68569           0.37204           0.00000
   4      0        -24.71227           0.37433          -0.02658
   5      0        -24.72472           0.38066          -0.03903
   5     60        -24.72545           0.38065          -0.03976
   5     80        -24.74207           0.38064          -0.05638
   5    100        -24.81133           0.38061          -0.12564
 
  contribution from  2-th solvent component
   1      0         10.23884           6.93443           0.55173
   1     60         10.26023           6.93416           0.57312
   1     80         10.30465           6.93335           0.61754
   1    100         10.36103           6.93266           0.67392
   2      0          9.95454           6.92897           0.26743
   3      0          9.68711           6.93633           0.00000
   4      0          9.79345           6.92973           0.10634
   5      0          9.66343           6.94234          -0.02368
   5     60          9.67260           6.94216          -0.01451
   5     80          9.70416           6.94179           0.01705
   5    100          9.75654           6.94125           0.06943
 
  contribution from  3-th solvent component
   1      0        -49.74399           9.58601           0.11545
   1     60        -49.89058           9.58473          -0.03114
   1     80        -51.42182           9.57285          -1.56238
   1    100        -58.44144           9.56869          -8.58200
   2      0        -49.74846           9.58492           0.11097
   3      0        -49.85944           9.58567           0.00000
   4      0        -49.76171           9.58993           0.09773
   5      0        -49.83333           9.58017           0.02611
   5     60        -50.02734           9.57803          -0.16790
   5     80        -51.97157           9.56520          -2.11213
   5    100        -58.50110           9.56413          -8.64167
 
 
 group  inft   Estimated free energy: total (kcal/mol)
   1      0     -68.1081     -68.2117     -67.6299     -60.0236     -60.4516
                -59.4855     -60.0440     -63.1741     -67.7996     -68.0156
   1     60     -68.2303     -68.3344     -67.7533     -60.1502     -60.5778
                -59.6108     -60.1719     -63.3028     -67.9236     -68.1391
   1     80     -69.7118     -69.8192     -69.2317     -61.6648     -62.0914
                -61.1251     -61.6935     -64.8143     -69.4022     -69.6272
   1    100     -76.7210     -76.8431     -76.2452     -68.6977     -69.1148
                -68.1426     -68.7286     -71.8530     -76.4227     -76.6499
   2      0     -68.4357     -68.7239     -67.8931     -60.3570     -60.7572
                -59.7975     -60.4999     -63.5854     -67.8816     -68.6374
   3      0     -68.5739     -68.9471     -68.1193     -60.5702     -60.8948
                -59.9203     -60.8725     -63.8133     -68.0660     -68.9146
   4      0     -68.4300     -68.8459     -67.8780     -60.3566     -60.6996
                -59.7661     -60.5768     -63.6962     -67.8564     -68.8115
   5      0     -68.5931     -68.9890     -68.0493     -60.5653     -60.9193
                -60.1020     -60.8766     -63.9186     -68.0781     -68.9667
   5     60     -68.7757     -69.1719     -68.2318     -60.7539     -61.1079
                -60.2909     -61.0652     -64.1068     -68.2589     -69.1506
   5     80     -70.6848     -71.0855     -70.1394     -62.7012     -63.0559
                -62.2383     -63.0189     -66.0499     -70.1654     -71.0672
   5    100     -77.2253     -77.6376     -76.6855     -69.2494     -69.5958
                -68.7800     -69.5665     -72.6116     -76.7008     -77.6184
 
 group  inft   Estimated free energy: 1-th solvent contribution (kcal/mol)
   1      0     -24.9025     -25.1927     -23.3280     -24.6165     -24.8666
                -25.3929     -25.1009     -25.0645     -24.4836     -24.8322
   1     60     -24.9022     -25.1925     -23.3276     -24.6168     -24.8667
                -25.3930     -25.1010     -25.0642     -24.4831     -24.8317
   1     80     -24.9135     -25.2048     -23.3400     -24.6287     -24.8775
                -25.4049     -25.1133     -25.0766     -24.4951     -24.8433
   1    100     -24.9717     -25.2669     -23.4019     -24.6895     -24.9356
                -25.4653     -25.1751     -25.1379     -24.5559     -24.9028
   2      0     -24.9616     -25.2699     -23.3625     -24.6808     -24.9919
                -25.5100     -25.1742     -25.1062     -24.5163     -24.9441
   3      0     -24.7437     -25.1293     -23.1947     -24.5514     -24.7847
                -25.2788     -25.0324     -24.9831     -24.3790     -24.7798
   4      0     -24.7653     -25.1766     -23.2106     -24.5615     -24.8129
                -25.3062     -25.0476     -25.0046     -24.4209     -24.8166
   5      0     -24.7643     -25.1856     -23.2094     -24.5815     -24.7988
                -25.3781     -25.0748     -25.0242     -24.4408     -24.7897
   5     60     -24.7649     -25.1862     -23.2102     -24.5823     -24.7995
                -25.3789     -25.0757     -25.0251     -24.4415     -24.7903
   5     80     -24.7808     -25.2030     -23.2272     -24.5991     -24.8152
                -25.3958     -25.0928     -25.0423     -24.4580     -24.8065
   5    100     -24.8486     -25.2730     -23.2970     -24.6685     -24.8827
                -25.4651     -25.1627     -25.1126     -24.5278     -24.8753
 
 group  inft   Estimated free energy: 2-th solvent contribution (kcal/mol)
   1      0      20.4527      19.9077      20.7773       1.8637      -2.1063
                 -1.0741      -3.4607       5.1994      21.5075      19.3212
   1     60      20.4742      19.9291      20.7984       1.8852      -2.0832
                 -1.0510      -3.4396       5.2188      21.5279      19.3424
   1     80      20.5166      19.9694      20.8431       1.9311      -2.0360
                 -1.0035      -3.3941       5.2602      21.5753      19.3845
   1    100      20.5714      20.0197      20.9027       1.9922      -1.9749
                 -0.9415      -3.3409       5.3088      21.6364      19.4362
   2      0      20.1985      19.5018      20.5432       1.6086      -2.2570
                 -1.2556      -3.8581       4.8068      21.4088      18.8483
   3      0      19.9425      19.2508      20.2746       1.3643      -2.5040
                 -1.5048      -4.2341       4.5625      21.2070      18.5122
   4      0      20.0364      19.3203      20.4198       1.4885      -2.3887
                 -1.4427      -4.0436       4.6423      21.3471      18.5551
   5      0      19.9278      19.2228      20.3135       1.3674      -2.5247
                 -1.6063      -4.2197       4.4993      21.2159      18.4383
   5     60      19.9366      19.2310      20.3225       1.3767      -2.5149
                 -1.5968      -4.2098       4.5079      21.2261      18.4467
   5     80      19.9673      19.2597      20.3553       1.4098      -2.4813
                 -1.5626      -4.1792       4.5367      21.2600      18.4759
   5    100      20.0190      19.3046      20.4113       1.4662      -2.4231
                 -1.5037      -4.1300       4.5789      21.3209      18.5212
 
 group  inft   Estimated free energy: 3-th solvent contribution (kcal/mol)
   1      0     -63.6472     -62.9155     -65.0680     -37.2596     -33.4676
                -33.0073     -31.4712     -43.2979     -64.8123     -62.4933
   1     60     -63.7912     -63.0598     -65.2130     -37.4074     -33.6168
                -33.1556     -31.6201     -43.4461     -64.9572     -62.6386
   1     80     -65.3037     -64.5726     -66.7235     -38.9560     -35.1667
                -34.7056     -33.1749     -44.9867     -66.4712     -64.1573
   1    100     -72.3095     -71.5847     -73.7348     -45.9893     -42.1931
                -41.7246     -40.2014     -52.0127     -73.4921     -71.1722
   2      0     -63.6614     -62.9446     -65.0626     -37.2736     -33.4971
                -33.0208     -31.4564     -43.2749     -64.7628     -62.5303
   3      0     -63.7615     -63.0575     -65.1880     -37.3719     -33.5949
                -33.1256     -31.5949     -43.3815     -64.8829     -62.6359
   4      0     -63.6899     -62.9785     -65.0760     -37.2724     -33.4869
                -33.0059     -31.4744     -43.3227     -64.7715     -62.5388
   5      0     -63.7454     -63.0150     -65.1423     -37.3400     -33.5846
                -33.1064     -31.5709     -43.3825     -64.8420     -62.6041
   5     60     -63.9363     -63.2055     -65.3330     -37.5371     -33.7823
                -33.3040     -31.7685     -43.5784     -65.0325     -62.7958
   5     80     -65.8601     -65.1311     -67.2563     -39.5007     -35.7482
                -35.2687     -33.7357     -45.5331     -66.9562     -64.7254
   5    100     -72.3845     -71.6580     -73.7885     -46.0359     -42.2788
                -41.8000     -40.2627     -52.0668     -73.4827     -71.2531
 
 
 cumulative average & 95% error for solvation free energy
              total             1st component         2nd component         3rd component
  1   -68.5739              -24.7437               19.9425              -63.7615
  2   -68.7605     0.3732   -24.9365     0.3856    19.5967     0.6917   -63.4095     0.7040
  3   -68.5468     0.4787   -24.3559     1.1823    19.8226     0.6031   -64.0023     1.2534
  4   -66.5526     4.0026   -24.4048     0.8417    15.2080     9.2390   -57.3447    13.3447
  5   -65.4211     3.8385   -24.4808     0.6695    11.6656    10.0703   -52.5947    14.0391
  6   -64.5043     3.6311   -24.6138     0.6079     9.4706     9.3209   -49.3499    13.1725
  7   -63.9854     3.2395   -24.6736     0.5275     7.5128     8.7971   -46.8134    12.2341
  8   -63.9639     2.8058   -24.7123     0.4633     7.1440     7.6541   -46.3845    10.6297
  9   -64.4197     2.6371   -24.6752     0.4153     8.7065     7.4386   -48.4398    10.2362
 10   -64.8692     2.5242   -24.6857     0.3720     9.6871     6.9363   -49.8594     9.5857
 
 Warning: mesh error is    0.575 kcal/mol and is larger than the threshold value of    0.100 kcal/mol
