 ERmod 0.3.8, Copyright (C) 2000-2019 Nobuyuki Matubayasi
                            2010-2019 Shun Sakuraba
 ERmod comes with ABSOLUTELY NO WARRANTY.
 This is free software, and you can redistribute it
 and/or modify it under certain conditions.
 See LICENSE file for details.
 ERmod 0.3.8, Copyright (C) 2000-2019 Nobuyuki Matubayasi
                            2010-2019 Shun Sakuraba
 ERmod comes with ABSOLUTELY NO WARRANTY.
 This is free software, and you can redistribute it
 and/or modify it under certain conditions.
 See LICENSE file for details.
 
  Number of the   1-th solvent  =          368
  Number of the   2-th solvent  =          368
  Number of the   3-th solvent  =        10000
 
  Be sure that the solvent distribution is homogeneous (radial distribution function is essentially unity) when the solvent molecule is separated beyond distance of   10.0 Angstrom in any direction from any atom within the solute molecule
 
  LJ long-range correction    =        -0.6509     -0.1232     -7.4645
 
  Self-energy of the solute   =        -0.0012  kcal/mol
 
 
 cumulative average & 95% error for solvation energy
              total             1st component         2nd component         3rd component
  1  -479.5721              -99.0859             -114.7774             -265.7076
  2  -479.7586     0.3728   -95.5955     6.9808  -118.7733     7.9918  -265.3885     0.6382
  3  -480.0804     0.6787   -95.9579     4.0950  -119.2006     4.6926  -264.9206     1.0058
  4  -480.0830     0.4799   -97.0126     3.5825  -120.6721     4.4352  -262.3970     5.0971
  5  -479.7439     0.7733   -97.0281     2.7751  -119.2808     4.4211  -263.4338     4.4596
  6  -479.7531     0.6316   -97.2689     2.3165  -120.1843     4.0369  -262.2986     4.2911
  7  -479.6188     0.5976   -97.9175     2.3486  -118.7599     4.4449  -262.9402     3.8470
  8  -479.6404     0.5193   -97.7259     2.0697  -118.5723     3.8676  -263.3409     3.4266
  9  -479.5158     0.5214   -97.5154     1.8732  -118.0825     3.5488  -263.9167     3.2340
 10  -479.5221     0.4665   -97.1981     1.7916  -117.8342     3.2128  -264.4886     3.1105
 11  -479.4643     0.4375   -95.8296     3.1809  -117.9881     2.9223  -265.6454     3.6426
 12  -479.4191     0.4095   -96.0050     2.9248  -117.9183     2.6713  -265.4945     3.3389
 13  -479.3521     0.3998   -95.8968     2.6992  -117.5099     2.5895  -265.9442     3.2004
 14  -479.2800     0.3972   -96.0601     2.5202  -117.2070     2.4728  -266.0117     2.9660
 15  -479.2275     0.3844   -95.6631     2.4769  -117.5514     2.4029  -266.0118     2.7612
 16  -479.2074     0.3618   -95.8641     2.3515  -117.4631     2.2546  -265.8790     2.5965
 17  -479.2815     0.3708   -95.8776     2.2090  -117.8968     2.2886  -265.5060     2.5505
 18  -479.2874     0.3498   -96.1387     2.1472  -117.6276     2.2238  -265.5199     2.4048
 19  -479.2786     0.3314   -96.2849     2.0520  -117.3513     2.1749  -265.6412     2.2877
 20  -479.3041     0.3185   -96.1240     1.9731  -117.5868     2.1164  -265.5921     2.1725
 21  -479.3157     0.3038   -96.1821     1.8804  -117.5905     2.0131  -265.5419     2.0689
 22  -479.2720     0.3026   -95.6955     2.0400  -117.6539     1.9236  -265.9214     2.1136
 23  -479.3143     0.3012   -95.0882     2.2967  -117.8886     1.8971  -266.3362     2.1833
 24  -479.3592     0.3021   -95.1066     2.1992  -117.9668     1.8230  -266.2846     2.0929
 25  -479.3353     0.2937   -95.2635     2.1326  -117.7984     1.7807  -266.2722     2.0076
 26  -479.3192     0.2840   -95.2142     2.0513  -117.8397     1.7129  -266.2640     1.9289
 27  -479.2534     0.3033   -95.2673     1.9767  -117.8213     1.6486  -266.1636     1.8670
 28  -479.2595     0.2925   -95.2381     1.9057  -118.0556     1.6563  -265.9647     1.8425
 29  -479.2349     0.2865   -95.4149     1.8725  -117.8489     1.6507  -265.9699     1.7779
 30  -479.2457     0.2777   -95.2965     1.8245  -117.9420     1.6056  -266.0059     1.7191
 31  -479.2389     0.2689   -95.4601     1.7947  -117.8004     1.5786  -265.9772     1.6637
 32  -479.2438     0.2605   -95.4461     1.7380  -117.8248     1.5292  -265.9717     1.6109
 33  -479.2389     0.2527   -95.6139     1.7176  -117.4974     1.6203  -266.1264     1.5917
 34  -479.2669     0.2515   -95.6867     1.6726  -117.5101     1.5722  -266.0689     1.5485
 35  -479.2357     0.2520   -95.6091     1.6315  -117.5163     1.5266  -266.1091     1.5057
 36  -479.2444     0.2456   -95.5659     1.5879  -117.5481     1.4850  -266.1292     1.4639
 37  -479.2419     0.2389   -95.7158     1.5732  -117.4777     1.4512  -266.0473     1.4331
 38  -479.2493     0.2330   -95.8572     1.5572  -117.3847     1.4246  -266.0063     1.3973
 39  -479.2014     0.2463   -95.5036     1.6735  -117.2866     1.4014  -266.4100     1.5826
 40  -479.2120     0.2410   -95.5882     1.6398  -117.2293     1.3708  -266.3933     1.5428
 41  -479.2220     0.2359   -95.6506     1.6042  -117.2403     1.3371  -266.3298     1.5101
 42  -479.1874     0.2404   -95.6217     1.5666  -117.1364     1.3213  -266.4281     1.4867
 43  -479.1654     0.2388   -95.5613     1.5345  -117.0819     1.2948  -266.5210     1.4636
 44  -479.1843     0.2363   -95.5767     1.4995  -117.1735     1.2782  -266.4328     1.4408
 45  -479.1916     0.2315   -95.6763     1.4793  -117.1747     1.2495  -266.3394     1.4208
 46  -479.2021     0.2274   -95.7723     1.4595  -117.1076     1.2294  -266.3209     1.3900
 47  -479.2911     0.2850   -95.8676     1.4408  -117.4093     1.3458  -266.0129     1.4931
 48  -479.3657     0.3164   -95.8544     1.4107  -117.8342     1.5677  -265.6760     1.6095
 49  -479.3391     0.3144   -95.9702     1.4009  -117.6556     1.5764  -265.7121     1.5780
 50  -479.3466     0.3084   -96.0109     1.3750  -117.7108     1.5485  -265.6236     1.5562
 
 
 group  inft  solvation free energy     error          difference
  total solvation free energy
   1      0        -74.92399           0.63990           0.08362
   1     60        -75.15228           0.63994          -0.14467
   1     80        -77.28890           0.64064          -2.28129
   1    100        -85.76854           0.64530         -10.76093
   2      0        -75.18633           0.65643          -0.17872
   3      0        -75.00761           0.66324           0.00000
   4      0        -75.37700           0.66949          -0.36939
   5      0        -75.73368           0.67481          -0.72606
   5     60        -76.04632           0.67488          -1.03871
   5     80        -78.72970           0.67586          -3.72209
   5    100        -86.63006           0.68021         -11.62244
 
  contribution from  1-th solvent component
   1      0        -80.58201           0.79346          -0.46014
   1     60        -80.59074           0.79344          -0.46887
   1     80        -80.67397           0.79331          -0.55210
   1    100        -80.99936           0.79332          -0.87748
   2      0        -80.33796           0.82091          -0.21609
   3      0        -80.12187           0.83092           0.00000
   4      0        -80.51112           0.83023          -0.38925
   5      0        -80.53147           0.82920          -0.40960
   5     60        -80.54280           0.82917          -0.42093
   5     80        -80.64919           0.82905          -0.52732
   5    100        -80.96039           0.82921          -0.83852
 
  contribution from  2-th solvent component
   1      0        -18.63794           1.05838           0.55176
   1     60        -18.62729           1.05848           0.56241
   1     80        -18.54750           1.05955           0.64220
   1    100        -18.23453           1.06520           0.95517
   2      0        -19.14475           1.06512           0.04496
   3      0        -19.18970           1.06792           0.00000
   4      0        -19.15932           1.06758           0.03039
   5      0        -19.47003           1.07168          -0.28033
   5     60        -19.45612           1.07181          -0.26641
   5     80        -19.35542           1.07336          -0.16571
   5    100        -19.08518           1.07880           0.10452
 
  contribution from  3-th solvent component
   1      0         24.29718           0.84154          -0.00800
   1     60         24.06697           0.84151          -0.23821
   1     80         21.93380           0.84167          -2.37139
   1    100         13.46657           0.84360         -10.83861
   2      0         24.29760           0.84171          -0.00759
   3      0         24.30518           0.84188           0.00000
   4      0         24.29465           0.83991          -0.01053
   5      0         24.26905           0.84122          -0.03613
   5     60         23.95381           0.84117          -0.35137
   5     80         21.27613           0.84138          -3.02905
   5    100         13.41673           0.84328         -10.88845
 
 
 group  inft   Estimated free energy: total (kcal/mol)
   1      0     -73.0595     -73.0741     -76.3385     -78.3222     -69.6243
                -78.2190     -74.5930     -75.6935     -72.4648     -73.5861
                -74.7847     -72.8478     -78.2943     -73.9894     -73.8481
                -74.3944     -77.5728     -74.7894     -75.0542     -74.5364
                -76.6035     -72.3816     -81.2269     -76.9797     -72.7289
                -73.9022     -73.6023     -76.5824     -71.6073     -72.5971
                -74.9025     -75.4444     -71.6296     -77.1969     -73.4919
                -72.7015     -75.5162     -74.3541     -76.4551     -76.4634
                -74.6323     -73.5803     -74.3885     -76.0267     -74.0858
                -75.7079     -79.7433     -78.9632     -72.7483     -74.8693
   1     60     -73.2882     -73.3027     -76.5669     -78.5513     -69.8515
                -78.4485     -74.8213     -75.9223     -72.6927     -73.8147
                -75.0130     -73.0758     -78.5230     -74.2176     -74.0764
                -74.6228     -77.8021     -75.0171     -75.2818     -74.7654
                -76.8323     -72.6098     -81.4549     -77.2083     -72.9568
                -74.1298     -73.8302     -76.8112     -71.8350     -72.8248
                -75.1303     -75.6727     -71.8571     -77.4251     -73.7204
                -72.9308     -75.7444     -74.5821     -76.6813     -76.6920
                -74.8618     -73.8083     -74.6175     -76.2555     -74.3141
                -75.9365     -79.9710     -79.1911     -72.9760     -75.0979
   1     80     -75.4293     -75.4421     -78.7038     -80.6983     -71.9744
                -80.5929     -76.9580     -78.0658     -74.8300     -75.9521
                -77.1531     -75.2063     -80.6688     -76.3522     -76.2127
                -76.7566     -79.9454     -77.1459     -77.4108     -76.9067
                -78.9714     -74.7481     -83.5922     -79.3495     -75.0882
                -76.2589     -75.9603     -78.9513     -73.9619     -74.9583
                -77.2627     -77.8078     -73.9852     -79.5642     -75.8534
                -75.0740     -77.8852     -76.7150     -78.8063     -78.8376
                -77.0040     -75.9478     -76.7628     -78.3959     -76.4504
                -78.0780     -82.1018     -81.3240     -75.1038     -77.2396
   1    100     -83.9252     -83.9310     -87.1786     -89.2258     -80.3873
                -89.1063     -85.4294     -86.5692     -83.3071     -84.4353
                -85.6626     -83.6579     -89.1962     -84.8209     -84.6918
                -85.2259     -88.4521     -85.5903     -85.8520     -85.3972
                -87.4623     -83.2389     -92.1042     -87.8470     -83.5334
                -84.7016     -84.4061     -87.4501     -82.3948     -83.4296
                -85.7228     -86.2685     -82.4146     -88.0540     -84.3197
                -83.5723     -86.3856     -85.1803     -87.2601     -87.3621
                -85.5057     -84.4340     -85.2759     -86.8909     -84.9265
                -86.5743     -90.5769     -89.8121     -83.5366     -85.7443
   2      0     -73.0013     -72.9162     -76.5407     -78.4695     -69.6409
                -78.5551     -75.2796     -75.9713     -72.6304     -73.8885
                -75.1242     -72.9502     -78.9186     -74.5341     -74.2251
                -74.7788     -77.9730     -75.1210     -75.3966     -75.0082
                -76.9248     -72.4952     -81.4208     -77.5075     -72.9997
                -74.0469     -74.0513     -76.7348     -71.8420     -72.7147
                -75.2951     -75.9880     -71.7607     -77.3596     -73.9159
                -72.8908     -75.7019     -74.5255     -76.4504     -76.5311
                -74.7854     -73.7320     -74.4624     -76.4778     -74.3142
                -76.2099     -80.1875     -79.2168     -72.9903     -74.8599
   3      0     -72.6633     -72.4885     -76.2609     -78.2722     -69.3416
                -78.4124     -75.2910     -75.8606     -72.4108     -73.9003
                -74.9629     -72.6222     -78.7020     -74.4264     -74.1608
                -74.5150     -77.8273     -74.9663     -75.3195     -74.6924
                -76.7647     -72.1993     -81.2729     -77.3691     -72.7809
                -74.0024     -73.9486     -76.5200     -71.5403     -72.6462
                -75.1328     -76.0480     -71.6993     -77.2310     -73.7139
                -72.6761     -75.4716     -74.4435     -76.0953     -76.2115
                -74.7034     -73.6094     -74.1909     -76.4745     -74.2187
                -75.9957     -79.9926     -79.1425     -72.6849     -74.5039
   4      0     -73.0065     -72.9210     -76.8344     -78.6027     -69.5337
                -78.8931     -75.6517     -76.3263     -72.7284     -74.2181
                -75.4239     -72.9705     -79.1719     -74.9098     -74.5683
                -75.0191     -78.1662     -75.3046     -75.7657     -75.1339
                -77.1541     -72.6341     -81.5889     -77.7115     -72.9971
                -74.3624     -74.2786     -77.0142     -71.9310     -73.0859
                -75.6025     -76.2055     -72.0153     -77.5877     -74.2363
                -73.1085     -75.8656     -74.7400     -76.5787     -76.5132
                -74.8719     -73.8588     -74.5173     -76.7909     -74.3857
                -76.4859     -80.4670     -79.4421     -72.9841     -74.6854
   5      0     -73.2165     -73.1262     -77.2692     -78.9090     -69.8024
                -79.2110     -75.8754     -76.6213     -73.0824     -74.7670
                -75.8107     -73.2493     -79.6115     -75.1626     -74.9247
                -75.1003     -78.4070     -75.6963     -76.0696     -75.5293
                -77.6349     -73.0247     -82.0259     -78.0920     -73.4973
                -74.8467     -74.8967     -77.2951     -72.1598     -73.4531
                -75.8932     -76.8700     -72.3048     -77.8956     -74.5224
                -73.5799     -76.1702     -75.1029     -76.7148     -76.8237
                -75.3019     -74.1957     -74.8528     -77.2219     -74.9467
                -76.6667     -80.8205     -80.0686     -73.3811     -74.9829
   5     60     -73.5300     -73.4390     -77.5821     -79.2230     -70.1133
                -79.5250     -76.1882     -76.9350     -73.3951     -75.0799
                -76.1237     -73.5613     -79.9247     -75.4750     -75.2373
                -75.4127     -78.7210     -76.0081     -76.3810     -75.8426
                -77.9479     -73.3371     -82.3378     -78.4052     -73.8091
                -75.1585     -75.2086     -77.6085     -72.4715     -73.7651
                -76.2053     -77.1823     -72.6162     -78.2085     -74.8349
                -73.8942     -76.4832     -75.4154     -77.0249     -77.1371
                -75.6157     -74.5082     -75.1663     -77.5351     -75.2598
                -76.9799     -81.1322     -80.3803     -73.6927     -75.2963
   5     80     -76.2184     -76.1249     -80.2651     -81.9203     -72.7785
                -82.2185     -78.8718     -79.6282     -76.0789     -77.7643
                -78.8135     -76.2385     -82.6203     -78.1556     -77.9204
                -78.0932     -81.4135     -78.6791     -79.0522     -78.5325
                -80.6337     -76.0226     -85.0237     -81.0949     -76.4843
                -77.8323     -77.8820     -80.2980     -75.1415     -76.4446
                -78.8831     -79.8639     -75.2869     -80.8948     -77.5157
                -76.5876     -79.1716     -78.0934     -79.6920     -79.8329
                -78.3056     -77.1948     -77.8605     -80.2233     -77.9450
                -79.6699     -83.8109     -83.0601     -76.3623     -77.9852
   5    100     -84.1349     -84.0286     -88.1575     -89.8614     -80.6170
                -90.1491     -86.7721     -87.5511     -83.9759     -85.6689
                -86.7500     -84.1127     -90.5676     -86.0476     -85.8165
                -85.9864     -89.3363     -86.5428     -86.9144     -86.4439
                -88.5453     -83.9354     -92.9588     -89.0125     -84.3521
                -85.6991     -85.7506     -88.2168     -82.9964     -84.3323
                -86.7693     -87.7491     -83.1361     -88.8043     -85.4074
                -84.5085     -87.0895     -85.9782     -87.5634     -87.7749
                -86.2239     -85.1013     -85.7917     -88.1369     -85.8464
                -87.5883     -91.7140     -90.9674     -84.2166     -85.9019
 
 group  inft   Estimated free energy: 1-th solvent contribution (kcal/mol)
   1      0     -79.9557     -76.0433     -81.0754     -83.2392     -79.2686
                -83.6316     -84.9848     -81.0779     -79.7015     -79.8687
                -71.9962     -79.7544     -81.4014     -82.7831     -78.0130
                -82.4816     -81.4106     -83.6725     -83.5909     -78.6150
                -81.7182     -73.1420     -76.3555     -81.0761     -82.7434
                -81.1882     -81.7712     -79.8033     -82.4279     -77.2713
                -84.4777     -81.1927     -83.5363     -82.0816     -78.8888
                -76.6382     -82.9682     -83.3262     -75.9068     -80.4979
                -80.6079     -78.6903     -78.0099     -81.5058     -80.7956
                -83.3918     -83.0671     -79.8827     -83.7004     -79.8722
   1     60     -79.9646     -76.0523     -81.0843     -83.2480     -79.2773
                -83.6402     -84.9933     -81.0868     -79.7102     -79.8775
                -72.0051     -79.7630     -81.4102     -82.7917     -78.0219
                -82.4903     -81.4193     -83.6810     -83.5995     -78.6239
                -81.7270     -73.1510     -76.3642     -81.0847     -82.7521
                -81.1968     -81.7797     -79.8120     -82.4365     -77.2803
                -84.4862     -81.2014     -83.5450     -82.0902     -78.8974
                -76.6471     -82.9769     -83.3348     -75.9156     -80.5067
                -80.6167     -78.6992     -78.0188     -81.5144     -80.8044
                -83.4006     -83.0758     -79.8916     -83.7091     -79.8808
   1     80     -80.0488     -76.1369     -81.1687     -83.3318     -79.3597
                -83.7228     -85.0752     -81.1715     -79.7936     -79.9620
                -72.0892     -79.8448     -81.4942     -82.8747     -78.1064
                -82.5736     -81.5020     -83.7630     -83.6825     -78.7079
                -81.8105     -73.2360     -76.4467     -81.1679     -82.8344
                -81.2789     -81.8615     -79.8951     -82.5191     -77.3651
                -84.5679     -81.2842     -83.6274     -82.1726     -78.9799
                -76.7306     -83.0603     -83.4177     -75.9988     -80.5903
                -80.7006     -78.7834     -78.1029     -81.5969     -80.8877
                -83.4849     -83.1585     -79.9752     -83.7918     -79.9627
   1    100     -80.3758     -76.4636     -81.4979     -83.6592     -79.6811
                -84.0490     -85.3990     -81.5029     -80.1199     -80.2911
                -72.4114     -80.1648     -81.8213     -83.2014     -78.4366
                -82.9006     -81.8281     -84.0863     -84.0105     -79.0334
                -82.1364     -73.5631     -76.7678     -81.4940     -83.1581
                -81.6026     -82.1831     -80.2202     -82.8422     -77.6944
                -84.8899     -81.6086     -83.9512     -82.4949     -79.3040
                -77.0540     -83.3878     -83.7437     -76.3231     -80.9157
                -81.0280     -79.1121     -78.4291     -81.9196     -81.2123
                -83.8157     -83.4828     -80.3008     -84.1149     -80.2841
   2      0     -79.4744     -75.6280     -80.8776     -83.0805     -79.0388
                -83.5275     -84.8985     -80.8109     -79.3839     -79.6733
                -71.5143     -79.3204     -81.2354     -82.6368     -77.8673
                -82.3697     -81.2443     -83.5858     -83.4956     -78.3932
                -81.5546     -72.7680     -75.9628     -80.9127     -82.5157
                -81.0378     -81.6616     -79.4523     -82.2754     -76.9433
                -84.4735     -81.0328     -83.3917     -81.8753     -78.6500
                -76.1511     -82.7308     -83.0939     -75.4998     -80.1667
                -80.3435     -78.3228     -77.5768     -81.3555     -80.3362
                -83.2011     -82.9669     -79.5846     -83.5783     -79.4263
   3      0     -79.1637     -75.2565     -80.6398     -82.8911     -78.8111
                -83.3738     -84.8135     -80.6097     -79.1427     -79.5147
                -71.2977     -78.9082     -81.0866     -82.5036     -77.6720
                -82.1954     -81.0133     -83.4269     -83.3135     -78.1431
                -81.3752     -72.4849     -75.6816     -80.7330     -82.2388
                -80.8864     -81.4753     -79.2196     -82.0671     -76.7110
                -84.3259     -80.8621     -83.2345     -81.7081     -78.4230
                -75.8996     -82.5153     -82.9291     -75.2072     -79.9238
                -80.2262     -78.0996     -77.2849     -81.2043     -80.0804
                -82.9843     -82.7708     -79.3779     -83.3136     -79.0736
   4      0     -79.5357     -75.6855     -81.0920     -83.3144     -79.1854
                -83.7561     -85.1368     -81.0572     -79.5205     -79.9397
                -71.6911     -79.2095     -81.5319     -82.8213     -78.0607
                -82.6028     -81.4402     -83.7263     -83.6714     -78.6812
                -81.7875     -72.9167     -76.1113     -81.0937     -82.7036
                -81.2767     -81.7531     -79.6454     -82.4445     -77.0921
                -84.8141     -81.1927     -83.6370     -82.0835     -78.7641
                -76.2439     -82.8582     -83.2487     -75.6180     -80.3266
                -80.4922     -78.4590     -77.7242     -81.7018     -80.3367
                -83.4505     -83.2451     -79.7457     -83.7731     -79.3566
   5      0     -79.4893     -75.5677     -81.1330     -83.2693     -79.1403
                -83.7709     -85.0663     -81.0024     -79.5143     -79.9880
                -71.7514     -79.1639     -81.6495     -82.8232     -78.1668
                -82.5164     -81.3442     -83.7666     -83.7448     -78.6862
                -81.8972     -72.9655     -76.1694     -81.1732     -82.7513
                -81.3526     -82.0151     -79.5893     -82.3896     -77.1312
                -84.7427     -81.3738     -83.5852     -82.0678     -78.8323
                -76.3000     -82.8081     -83.3066     -75.5371     -80.3737
                -80.6261     -78.3866     -77.6845     -81.7293     -80.4661
                -83.3759     -83.2353     -79.9646     -83.8302     -79.3586
   5     60     -79.5009     -75.5793     -81.1444     -83.2807     -79.1517
                -83.7820     -85.0774     -81.0139     -79.5256     -79.9995
                -71.7632     -79.1751     -81.6609     -82.8345     -78.1782
                -82.5277     -81.3554     -83.7777     -83.7559     -78.6976
                -81.9085     -72.9772     -76.1807     -81.1844     -82.7624
                -81.3637     -82.0261     -79.6007     -82.4009     -77.1428
                -84.7538     -81.3849     -83.5964     -82.0790     -78.8435
                -76.3115     -82.8195     -83.3178     -75.5486     -80.3851
                -80.6376     -78.3981     -77.6960     -81.7405     -80.4776
                -83.3872     -83.2465     -79.9759     -83.8415     -79.3699
   5     80     -79.6085     -75.6872     -81.2516     -83.3880     -79.2579
                -83.8878     -85.1831     -81.1218     -79.6322     -80.1075
                -71.8708     -79.2799     -81.7686     -82.9410     -78.2855
                -82.6342     -81.4615     -83.8827     -83.8614     -78.8042
                -82.0151     -73.0852     -76.2859     -81.2903     -82.8674
                -81.4689     -82.1308     -79.7068     -82.5072     -77.2506
                -84.8596     -81.4906     -83.7024     -82.1848     -78.9494
                -76.4180     -82.9262     -83.4235     -75.6551     -80.4921
                -80.7448     -78.5053     -77.8032     -81.8462     -80.5841
                -83.4939     -83.3519     -80.0821     -83.9478     -79.4751
   5    100     -79.9209     -75.9989     -81.5643     -83.7013     -79.5677
                -84.1999     -85.4961     -81.4373     -79.9437     -80.4223
                -72.1804     -79.5862     -82.0830     -83.2543     -78.5986
                -82.9475     -81.7731     -84.1923     -84.1729     -79.1139
                -82.3271     -73.3962     -76.5933     -81.6011     -83.1767
                -81.7795     -82.4391     -80.0174     -82.8186     -77.5631
                -85.1719     -81.8004     -84.0138     -82.4944     -79.2598
                -76.7266     -83.2391     -83.7340     -75.9649     -80.8035
                -81.0571     -78.8179     -78.1147     -82.1569     -80.8946
                -83.8075     -83.6620     -80.3920     -84.2590     -79.7827
 
 group  inft   Estimated free energy: 2-th solvent contribution (kcal/mol)
   1      0     -17.5197     -21.5507     -20.6313     -24.6095     -13.4798
                -23.5110     -13.6114     -19.1521     -15.8527     -16.1892
                -20.4581     -17.9973     -18.1074     -15.1798     -20.3483
                -17.3545     -23.7856     -15.6992     -14.8467     -21.1723
                -19.8886     -18.8742     -22.1252     -20.5035     -14.6827
                -17.2072     -17.5563     -23.6763     -13.7643     -18.9541
                -15.1646     -18.8174      -9.9450     -20.2757     -17.9369
                -20.3418     -18.3042     -16.2956     -14.5079     -19.8985
                -19.5056     -16.8795     -18.4225     -19.9213     -19.1838
                -16.7573     -27.0837     -30.7030     -12.6788     -20.9851
   1     60     -17.5093     -21.5402     -20.6206     -24.5995     -13.4683
                -23.5008     -13.6004     -19.1417     -15.8415     -16.1785
                -20.4478     -17.9865     -18.0972     -15.1688     -20.3377
                -17.3439     -23.7752     -15.6884     -14.8357     -21.1617
                -19.8782     -18.8635     -22.1148     -20.4932     -14.6715
                -17.1962     -17.5455     -23.6660     -13.7534     -18.9435
                -15.1537     -18.8062      -9.9332     -20.2653     -17.9263
                -20.3314     -18.2938     -16.2848     -14.4966     -19.8883
                -19.4953     -16.8686     -18.4121     -19.9107     -19.1730
                -16.7466     -27.0734     -30.6933     -12.6677     -20.9748
   1     80     -17.4319     -21.4624     -20.5412     -24.5280     -13.3793
                -23.4267     -13.5182     -19.0642     -15.7589     -16.0962
                -20.3720     -17.9039     -18.0238     -15.0851     -20.2556
                -17.2621     -23.7006     -15.6044     -14.7506     -21.0836
                -19.8007     -18.7838     -22.0389     -20.4174     -14.5873
                -17.1115     -17.4621     -23.5907     -13.6680     -18.8644
                -15.0702     -18.7238      -9.8420     -20.1881     -17.8452
                -20.2540     -18.2171     -16.2022     -14.4082     -19.8168
                -19.4181     -16.7888     -18.3360     -19.8318     -19.0947
                -16.6671     -26.9968     -30.6223     -12.5808     -20.8978
   1    100     -17.1375     -21.1591     -20.2288     -24.2626     -13.0157
                -23.1461     -13.1943     -18.7643     -15.4317     -15.7712
                -20.0803     -17.5716     -17.7470     -14.7550     -19.9272
                -16.9368     -23.4127     -15.2700     -14.4086     -20.7797
                -19.5006     -18.4718     -21.7459     -20.1249     -14.2496
                -16.7729     -17.1294     -23.2993     -13.3242     -18.5550
                -14.7396     -18.3955      -9.4718     -19.8908     -17.5245
                -19.9511     -17.9218     -15.8761     -14.0476     -19.5473
                -19.1203     -16.4703     -18.0397     -19.5238     -18.7871
                -16.3550     -26.7001     -30.3562     -12.2316     -20.6024
   2      0     -17.9397     -21.8093     -21.0191     -24.9244     -13.7029
                -23.9594     -14.3970     -19.7043     -16.3422     -16.6883
                -21.2755     -18.5348     -18.8911     -15.8880     -20.8718
                -17.8664     -24.3602     -16.1258     -15.2760     -21.8373
                -20.3686     -19.3705     -22.6863     -21.1977     -15.1769
                -17.4978     -18.1024     -24.1892     -14.1684     -19.4096
                -15.5703     -19.5296     -10.2343     -20.6375     -18.6023
                -21.0197     -18.7518     -16.7009     -14.9109     -20.2837
                -19.9260     -17.4010     -18.9220     -20.5238     -19.8651
                -17.4369     -27.6134     -31.2351     -13.0537     -21.4383
   3      0     -17.9250     -21.7618     -20.9772     -24.9216     -13.6334
                -23.9743     -14.4972     -19.7973     -16.3648     -16.8824
                -21.3288     -18.6353     -18.8351     -15.9109     -21.0038
                -17.7814     -24.4528     -16.1302     -15.4001     -21.7806
                -20.3808     -19.3669     -22.8331     -21.2435     -15.2546
                -17.6188     -18.1768     -24.2210     -14.0777     -19.5634
                -15.5598     -19.7632     -10.3398     -20.6823     -18.6200
                -21.0672     -18.7638     -16.7764     -14.8516     -20.2178
                -19.9562     -17.5108     -18.9605     -20.6822     -20.0433
                -17.4564     -27.6336     -31.3764     -13.0306     -21.4628
   4      0     -17.8653     -21.7565     -21.0804     -24.8027     -13.4504
                -24.0247     -14.5223     -19.8073     -16.3143     -16.7743
                -21.4156     -18.6728     -18.8652     -16.0727     -21.0124
                -17.8843     -24.3458     -16.1704     -15.4772     -21.7079
                -20.3480     -19.3565     -22.6975     -21.2226     -14.9888
                -17.5877     -18.2303     -24.2765     -14.0970     -19.6222
                -15.5352     -19.5707     -10.2604     -20.6665     -18.8110
                -21.1439     -18.7990     -16.7288     -14.9280     -20.0932
                -19.8530     -17.3747     -18.8445     -20.4856     -19.9184
                -17.4682     -27.5888     -31.2828     -12.8381     -21.3254
   5      0     -18.1038     -22.0442     -21.4469     -25.1315     -13.7268
                -24.3271     -14.8018     -20.1251     -16.6259     -17.2421
                -21.6930     -18.9748     -19.1602     -16.3047     -21.2530
                -18.0239     -24.6630     -16.5016     -15.6623     -22.0328
                -20.7177     -19.6734     -23.0402     -21.5006     -15.4127
                -17.9661     -18.5549     -24.5726     -14.3528     -19.9094
                -15.8736     -20.0339     -10.5911     -20.9716     -19.0065
                -21.5399     -19.1059     -17.0177     -15.1138     -20.3472
                -20.1287     -17.7500     -19.1821     -20.8791     -20.3362
                -17.7123     -27.9319     -31.6886     -13.1566     -21.5903
   5     60     -18.0903     -22.0305     -21.4331     -25.1186     -13.7117
                -24.3139     -14.7876     -20.1115     -16.6115     -17.2280
                -21.6796     -18.9606     -19.1469     -16.2902     -21.2389
                -18.0098     -24.6497     -16.4874     -15.6477     -22.0190
                -20.7041     -19.6594     -23.0269     -21.4871     -15.3980
                -17.9516     -18.5406     -24.5593     -14.3382     -19.8956
                -15.8593     -20.0196     -10.5755     -20.9580     -18.9925
                -21.5264     -19.0923     -17.0036     -15.0989     -20.3342
                -20.1152     -17.7359     -19.1684     -20.8652     -20.3224
                -17.6984     -27.9184     -31.6757     -13.1418     -21.5768
   5     80     -17.9933     -21.9312     -21.3320     -25.0287     -13.5964
                -24.2211     -14.6851     -20.0151     -16.5072     -17.1246
                -21.5853     -18.8565     -19.0552     -16.1846     -21.1350
                -17.9063     -24.5562     -16.3802     -15.5387     -21.9206
                -20.6063     -19.5589     -22.9320     -21.3924     -15.2906
                -17.8442     -18.4346     -24.4652     -14.2284     -19.7956
                -15.7537     -19.9165     -10.4584     -20.8608     -18.8907
                -21.4304     -18.9958     -16.8988     -14.9849     -20.2443
                -20.0176     -17.6353     -19.0728     -20.7651     -20.2247
                -17.5994     -27.8233     -31.5874     -13.0303     -21.4791
   5    100     -17.7403     -21.6668     -21.0599     -24.7989     -13.2735
                -23.9799     -14.4095     -19.7598     -16.2248     -16.8453
                -21.3378     -18.5701     -18.8175     -15.8990     -20.8519
                -17.6249     -24.3096     -16.0877     -15.2392     -21.6591
                -20.3482     -19.2904     -22.6823     -21.1421     -14.9967
                -17.5497     -18.1452     -24.2163     -13.9255     -19.5277
                -15.4678     -19.6362     -10.1312     -20.6046     -18.6158
                -21.1753     -18.7424     -16.6150     -14.6656     -20.0129
                -19.7591     -17.3620     -18.8187     -20.4972     -19.9644
                -17.3343     -27.5718     -31.3602     -12.7231     -21.2215
 
 group  inft   Estimated free energy: 3-th solvent contribution (kcal/mol)
   1      0      24.4172      24.5211      25.3695      29.5278      23.1253
                 28.9248      24.0044      24.5377      23.0906      22.4730
                 17.6708      24.9050      21.2157      23.9747      24.5144
                 25.4430      27.6246      24.5836      23.3846      25.2522
                 25.0045      19.6358      17.2549      24.6011      24.6985
                 24.4943      25.7264      26.8983      24.5861      23.6296
                 24.7410      24.5668      21.8529      25.1616      23.3350
                 24.2798      25.7573      25.2688      13.9608      23.9342
                 25.4825      21.9907      22.0451      25.4016      25.8948
                 24.4424      30.4088      31.6238      23.6322      25.9892
   1     60      24.1869      24.2910      25.1392      29.2975      22.8954
                 28.6937      23.7737      24.3073      22.8602      22.2426
                 17.4412      24.6749      20.9855      23.7441      24.2844
                 25.2126      27.3936      24.3537      23.1546      25.0214
                 24.7741      19.4060      17.0254      24.3709      24.4679
                 24.2643      25.4962      26.6681      24.3561      23.4002
                 24.5108      24.3361      21.6223      24.9315      23.1045
                 24.0489      25.5275      25.0387      13.7321      23.7042
                 25.2514      21.7608      21.8146      25.1709      25.6645
                 24.2119      30.1794      31.3950      23.4020      25.7589
   1     80      22.0526      22.1583      23.0072      27.1628      20.7658
                 26.5579      21.6367      22.1711      20.7238      20.1073
                 15.3092      22.5435      18.8505      21.6088      22.1505
                 23.0803      25.2585      22.2228      21.0235      22.8860
                 22.6410      17.2729      14.8945      22.2370      22.3347
                 22.1327      23.3645      24.5357      22.2264      21.2725
                 22.3767      22.2015      19.4855      22.7977      20.9729
                 21.9117      23.3934      22.9061      11.6019      21.5707
                 23.1160      19.6256      19.6774      23.0340      23.5332
                 22.0752      28.0547      29.2747      21.2701      23.6221
   1    100      13.5894      13.6928      14.5493      18.6972      12.3107
                 18.0900      13.1651      13.6991      12.2458      11.6283
                  6.8303      14.0797      10.3733      13.1368      13.6733
                 14.6128      16.7898      13.7672      12.5684      14.4171
                 14.1759       8.7972       6.4108      13.7732      13.8755
                 13.6751      14.9076      16.0707      13.7728      12.8211
                 13.9079      13.7368      11.0096      14.3329      12.5101
                 13.4340      14.9251      14.4407       3.1119      13.1022
                 14.6438      11.1495      11.1942      14.5537      15.0741
                 13.5977      19.6071      20.8461      12.8112      15.1434
   2      0      24.4140      24.5224      25.3573      29.5365      23.1020
                 28.9330      24.0170      24.5451      23.0969      22.4743
                 17.6668      24.9062      21.2091      23.9920      24.5152
                 25.4585      27.6326      24.5919      23.3762      25.2235
                 24.9996      19.6446      17.2296      24.6040      24.6941
                 24.4898      25.7139      26.9079      24.6030      23.6395
                 24.7499      24.5756      21.8666      25.1545      23.3377
                 24.2813      25.7820      25.2705      13.9615      23.9204
                 25.4853      21.9931      22.0375      25.4027      25.8883
                 24.4294      30.3941      31.6041      23.6429      26.0059
   3      0      24.4266      24.5309      25.3573      29.5417      23.1041
                 28.9369      24.0209      24.5476      23.0979      22.4981
                 17.6648      24.9226      21.2209      23.9893      24.5163
                 25.4630      27.6401      24.5920      23.3952      25.2325
                 24.9924      19.6537      17.2430      24.6086      24.7137
                 24.5040      25.7047      26.9218      24.6057      23.6294
                 24.7541      24.5785      21.8762      25.1606      23.3302
                 24.2918      25.8087      25.2632      13.9648      23.9313
                 25.4802      22.0022      22.0557      25.4131      25.9062
                 24.4462      30.4131      31.6130      23.6605      26.0338
   4      0      24.3957      24.5222      25.3391      29.5156      23.1034
                 28.8889      24.0086      24.5394      23.1076      22.4972
                 17.6840      24.9130      21.2265      23.9854      24.5060
                 25.4692      27.6210      24.5932      23.3841      25.2564
                 24.9826      19.6403      17.2212      24.6060      24.6965
                 24.5032      25.7060      26.9089      24.6117      23.6297
                 24.7480      24.5590      21.8833      25.1634      23.3400
                 24.2806      25.7929      25.2388      13.9685      23.9078
                 25.4745      21.9761      22.0527      25.3978      25.8706
                 24.4341      30.3682      31.5876      23.6284      25.9978
   5      0      24.3778      24.4869      25.3120      29.4931      23.0659
                 28.8882      23.9939      24.5075      23.0590      22.4643
                 17.6349      24.8906      21.1994      23.9665      24.4963
                 25.4413      27.6014      24.5731      23.3387      25.1910
                 24.9812      19.6153      17.1850      24.5830      24.6680
                 24.4732      25.6745      26.8680      24.5839      23.5887
                 24.7243      24.5389      21.8727      25.1450      23.3175
                 24.2613      25.7451      25.2227      13.9373      23.8984
                 25.4541      21.9421      22.0150      25.3878      25.8569
                 24.4227      30.3479      31.5858      23.6070      25.9672
   5     60      24.0624      24.1720      24.9966      29.1775      22.7513
                 28.5721      23.6779      24.1916      22.7433      22.1489
                 17.3203      24.5755      20.8843      23.6509      24.1811
                 25.1260      27.2853      24.2583      23.0238      24.8752
                 24.6659      19.3007      16.8709      24.2675      24.3524
                 24.1580      25.3594      26.5526      24.2688      23.2745
                 24.4090      24.2234      21.5569      24.8297      23.0023
                 23.9450      25.4298      24.9073      13.6239      23.5834
                 25.1383      21.6270      21.6993      25.0719      25.5414
                 24.1069      30.0338      31.2725      23.2918      25.6516
   5     80      21.3846      21.4947      22.3197      26.4976      20.0770
                 25.8916      20.9977      21.5099      20.0616      19.4690
                 14.6438      21.8991      18.2047      20.9713      21.5014
                 22.4486      24.6054      21.5850      20.3491      22.1935
                 21.9890      16.6227      14.1955      21.5890      21.6749
                 21.4820      22.6846      23.8752      21.5953      20.6028
                 21.7314      21.5443      18.8752      22.1520      20.3256
                 21.2620      22.7516      22.2301      10.9492      20.9047
                 22.4580      18.9471      19.0168      22.3892      22.8651
                 21.4246      27.3656      28.6105      20.6170      22.9702
   5    100      13.5275      13.6383      14.4680      18.6401      12.2254
                 18.0319      13.1347      13.6472      12.1938      11.5999
                  6.7694      14.0448      10.3341      13.1070      13.6352
                 14.5873      16.7476      13.7383      12.4989      14.3304
                 14.1311       8.7524       6.3181      13.7319      13.8225
                 13.6313      14.8349      16.0181      13.7489      12.7598
                 13.8716      13.6888      11.0101      14.2959      12.4694
                 13.3946      14.8932      14.3720       3.0684      13.0427
                 14.5936      11.0799      11.1429      14.5184      15.0138
                 13.5548      19.5211      20.7861      12.7668      15.1036
 
 
 cumulative average & 95% error for solvation free energy
              total             1st component         2nd component         3rd component
  1   -72.6633              -79.1637              -17.9250               24.4266
  2   -72.5759     0.1748   -77.2101     3.9072   -19.8434     3.8368    24.4788     0.1043
  3   -73.8042     2.4587   -78.3533     3.2120   -20.2213     2.3406    24.7716     0.5888
  4   -74.9212     2.8308   -79.4878     3.2103   -21.3964     2.8745    25.9642     2.4211
  5   -73.8053     3.1288   -79.3524     2.5014   -19.8438     3.8210    25.3921     2.1968
  6   -74.5731     2.9807   -80.0227     2.4430   -20.5322     3.4101    25.9829     2.1479
  7   -74.6757     2.5275   -80.7071     2.4772   -19.6701     3.3585    25.7026     1.8999
  8   -74.8238     2.2088   -80.6949     2.1455   -19.6860     2.9087    25.5583     1.6705
  9   -74.5557     2.0204   -80.5224     1.9233   -19.3169     2.6693    25.2849     1.5714
 10   -74.4902     1.8119   -80.4217     1.7320   -19.0735     2.4366    25.0062     1.5120
 11   -74.5331     1.6412   -79.5922     2.2818   -19.2785     2.2418    24.3388     1.9111
 12   -74.3739     1.5317   -79.5352     2.0861   -19.2249     2.0493    24.3875     1.7473
 13   -74.7068     1.5583   -79.6545     1.9337   -19.1949     1.8861    24.1439     1.6795
 14   -74.6868     1.4433   -79.8580     1.8359   -18.9604     1.8081    24.1328     1.5550
 15   -74.6517     1.3455   -79.7123     1.7338   -19.0966     1.7051    24.1584     1.4486
 16   -74.6432     1.2587   -79.8675     1.6513   -19.0144     1.6035    24.2399     1.3648
 17   -74.8305     1.2403   -79.9349     1.5570   -19.3343     1.6365    24.4399     1.3429
 18   -74.8380     1.1694   -80.1289     1.5183   -19.1563     1.5834    24.4484     1.2663
 19   -74.8634     1.1073   -80.2965     1.4748   -18.9586     1.5491    24.3930     1.2029
 20   -74.8548     1.0506   -80.1888     1.4156   -19.0997     1.4964    24.4349     1.1442
 21   -74.9458     1.0158   -80.2453     1.3512   -19.1607     1.4286    24.4615     1.0897
 22   -74.8209     1.0002   -79.8926     1.4689   -19.1701     1.3622    24.2429     1.1272
 23   -75.1015     1.1082   -79.7095     1.4505   -19.3293     1.3401    23.9386     1.2371
 24   -75.1959     1.0777   -79.7521     1.3914   -19.4091     1.2929    23.9665     1.1858
 25   -75.0993     1.0516   -79.8516     1.3493   -19.2429     1.2839    23.9964     1.1389
 26   -75.0571     1.0139   -79.8914     1.2988   -19.1804     1.2398    24.0159     1.0949
 27   -75.0161     0.9791   -79.9501     1.2553   -19.1433     1.1953    24.0785     1.0610
 28   -75.0698     0.9495   -79.9240     1.2108   -19.3246     1.2076    24.1800     1.0424
 29   -74.9481     0.9480   -79.9979     1.1776   -19.1437     1.2201    24.1947     1.0062
 30   -74.8714     0.9286   -79.8883     1.1586   -19.1577     1.1791    24.1759     0.9728
 31   -74.8798     0.8983   -80.0315     1.1565   -19.0416     1.1638    24.1945     0.9417
 32   -74.9163     0.8729   -80.0574     1.1210   -19.0642     1.1277    24.2065     0.9121
 33   -74.8188     0.8682   -80.1537     1.1035   -18.7998     1.2142    24.1359     0.8952
 34   -74.8898     0.8541   -80.1994     1.0744   -18.8552     1.1831    24.1660     0.8706
 35   -74.8562     0.8321   -80.1487     1.0482   -18.8484     1.1489    24.1421     0.8467
 36   -74.7956     0.8176   -80.0306     1.0456   -18.9101     1.1233    24.1463     0.8229
 37   -74.8139     0.7961   -80.0978     1.0258   -18.9061     1.0926    24.1912     0.8054
 38   -74.8041     0.7751   -80.1723     1.0095   -18.8501     1.0693    24.2194     0.7859
 39   -74.8372     0.7579   -80.0450     1.0157   -18.7476     1.0615    23.9565     0.9287
 40   -74.8716     0.7419   -80.0420     0.9900   -18.7843     1.0373    23.9559     0.9052
 41   -74.8675     0.7236   -80.0464     0.9656   -18.8129     1.0133    23.9931     0.8860
 42   -74.8375     0.7087   -80.0001     0.9469   -18.7819     0.9908    23.9457     0.8698
 43   -74.8225     0.6927   -79.9370     0.9332   -18.7860     0.9675    23.9017     0.8539
 44   -74.8601     0.6809   -79.9658     0.9136   -18.8291     0.9492    23.9361     0.8371
 45   -74.8458     0.6662   -79.9683     0.8930   -18.8561     0.9294    23.9798     0.8229
 46   -74.8708     0.6535   -80.0339     0.8832   -18.8257     0.9110    23.9900     0.8051
 47   -74.9798     0.6755   -80.0921     0.8720   -19.0131     0.9670    24.1266     0.8339
 48   -75.0665     0.6837   -80.0772     0.8542   -19.2707     1.0777    24.2826     0.8739
 49   -75.0179     0.6766   -80.1433     0.8469   -19.1433     1.0858    24.2699     0.8562
 50   -75.0076     0.6632   -80.1219     0.8309   -19.1897     1.0679    24.3052     0.8419
 
 Mesh error is    0.726 kcal/mol
