 ERmod 0.3.7, Copyright (C) 2000-2019 Nobuyuki Matubayasi
                            2010-2019 Shun Sakuraba
 ERmod comes with ABSOLUTELY NO WARRANTY.
 This is free software, and you can redistribute it
 and/or modify it under certain conditions.
 See LICENSE file for details.
 ERmod 0.3.7, Copyright (C) 2000-2019 Nobuyuki Matubayasi
                            2010-2019 Shun Sakuraba
 ERmod comes with ABSOLUTELY NO WARRANTY.
 This is free software, and you can redistribute it
 and/or modify it under certain conditions.
 See LICENSE file for details.
 
  Number of the   1-th solvent  =          109
  Number of the   2-th solvent  =          109
  Number of the   3-th solvent  =        10000
 
  Be sure that the solvent distribution is homogeneous (radial distribution function is essentially unity) when the solvent molecule is separated beyond distance of   10.0 Angstrom in any direction from any atom within the solute molecule
 
  LJ long-range correction    =        -0.0920     -0.0084     -1.7235
 
  Self-energy of the solute   =        -0.0010  kcal/mol
 
 
 cumulative average & 95% error for solvation energy
              total             1st component         2nd component         3rd component
  1  -116.1302              -10.9177               -0.3887             -104.8228
  2  -116.3865     0.5126   -10.0869     1.6616    -6.1973    11.6171  -100.1014     9.4429
  3  -116.1820     0.5049   -10.1970     0.9842    -3.2950     8.8701  -102.6890     7.5171
  4  -116.0588     0.4338   -10.4620     0.8748    -1.8751     6.8850  -103.7207     5.7019
  5  -116.0137     0.3479   -10.2476     0.8019    -1.7975     5.3354  -103.9677     4.4442
  6  -116.0469     0.2917   -10.1615     0.6770    -1.9882     4.3730  -103.8962     3.6315
  7  -116.1854     0.3708    -9.9522     0.7090    -3.1165     4.3302  -103.1158     3.4433
  8  -116.2657     0.3591   -10.0712     0.6585    -3.4498     3.8089  -102.7437     3.0734
  9  -116.2367     0.3219    -9.8732     0.7030    -3.2385     3.3856  -103.1241     2.8152
 10  -116.2386     0.2880    -9.8962     0.6304    -3.2525     3.0283  -103.0889     2.5190
 
 
 group  inft  solvation free energy     error          difference
  total solvation free energy
   1      0        -25.77387           0.26191           0.06926
   1     60        -25.86577           0.26205          -0.02264
   1     80        -26.51767           0.26300          -0.67453
   1    100        -28.75651           0.26718          -2.91337
   2      0        -25.82726           0.26030           0.01588
   3      0        -25.84313           0.27342           0.00000
   4      0        -25.84809           0.27242          -0.00496
   5      0        -25.83133           0.27924           0.01180
   5     60        -25.94623           0.27930          -0.10310
   5     80        -26.75627           0.28052          -0.91314
   5    100        -28.81159           0.28432          -2.96846
 
  contribution from  1-th solvent component
   1      0         -6.70006           0.25933          -0.19180
   1     60         -6.70134           0.25933          -0.19308
   1     80         -6.70999           0.25933          -0.20173
   1    100         -6.74110           0.25934          -0.23284
   2      0         -6.57286           0.25967          -0.06460
   3      0         -6.50826           0.26037           0.00000
   4      0         -6.49923           0.25667           0.00903
   5      0         -6.46122           0.25861           0.04705
   5     60         -6.46252           0.25861           0.04574
   5     80         -6.47399           0.25864           0.03428
   5    100         -6.50298           0.25868           0.00528
 
  contribution from  2-th solvent component
   1      0          0.20601           1.47728           0.19881
   1     60          0.20698           1.47727           0.19978
   1     80          0.21705           1.47734           0.20986
   1    100          0.23056           1.47783           0.22337
   2      0          0.07532           1.47711           0.06813
   3      0          0.00720           1.47084           0.00000
   4      0         -0.00186           1.46737          -0.00905
   5      0         -0.02944           1.46568          -0.03663
   5     60         -0.02884           1.46568          -0.03604
   5     80         -0.02016           1.46574          -0.02736
   5    100         -0.00929           1.46608          -0.01649
 
  contribution from  3-th solvent component
   1      0        -19.27886           1.58637           0.06225
   1     60        -19.37045           1.58650          -0.02934
   1     80        -20.02377           1.58767          -0.68267
   1    100        -22.24500           1.59309          -2.90390
   2      0        -19.32875           1.58829           0.01236
   3      0        -19.34111           1.59007           0.00000
   4      0        -19.34604           1.58973          -0.00494
   5      0        -19.33972           1.58983           0.00139
   5     60        -19.45391           1.58993          -0.11280
   5     80        -20.26116           1.59127          -0.92005
   5    100        -22.29835           1.59617          -2.95725
 
 
 group  inft   Estimated free energy: total (kcal/mol)
   1      0     -25.5455     -24.9849     -26.1700     -26.0873     -26.3003
                -25.6599     -25.4438     -25.7556     -26.1996     -25.5918
   1     60     -25.6376     -25.0762     -26.2618     -26.1795     -26.3928
                -25.7520     -25.5355     -25.8474     -26.2913     -25.6836
   1     80     -26.2902     -25.7235     -26.9148     -26.8324     -27.0454
                -26.4037     -26.1860     -26.4978     -26.9452     -26.3374
   1    100     -28.5315     -27.9428     -29.1559     -29.0789     -29.2891
                -28.6481     -28.4197     -28.7278     -29.1913     -28.5800
   2      0     -25.6159     -25.0615     -26.2205     -26.1190     -26.3794
                -25.5690     -25.5607     -25.8127     -26.2601     -25.6738
   3      0     -25.6254     -25.0517     -26.2818     -26.1484     -26.3994
                -25.5202     -25.5749     -25.7820     -26.3136     -25.7340
   4      0     -25.6563     -25.0515     -26.2842     -26.1539     -26.3927
                -25.5073     -25.5880     -25.8030     -26.3151     -25.7290
   5      0     -25.6066     -25.0131     -26.2715     -26.1604     -26.3955
                -25.4716     -25.5890     -25.7897     -26.2924     -25.7234
   5     60     -25.7216     -25.1273     -26.3864     -26.2752     -26.5104
                -25.5869     -25.7041     -25.9043     -26.4076     -25.8385
   5     80     -26.5323     -25.9308     -27.1974     -27.0864     -27.3224
                -26.3969     -26.5135     -26.7129     -27.2188     -26.6514
   5    100     -28.5898     -27.9686     -29.2554     -29.1486     -29.3826
                -28.4552     -28.5620     -28.7614     -29.2811     -28.7111
 
 group  inft   Estimated free energy: 1-th solvent contribution (kcal/mol)
   1      0      -6.9317      -6.4314      -6.9545      -7.3086      -6.6417
                 -6.4836      -6.1899      -7.2120      -6.0869      -6.7603
   1     60      -6.9330      -6.4327      -6.9558      -7.3099      -6.6430
                 -6.4849      -6.1911      -7.2133      -6.0882      -6.7616
   1     80      -6.9416      -6.4413      -6.9642      -7.3183      -6.6517
                 -6.4937      -6.1995      -7.2223      -6.0970      -6.7704
   1    100      -6.9725      -6.4725      -6.9947      -7.3493      -6.6830
                 -6.5250      -6.2302      -7.2540      -6.1283      -6.8015
   2      0      -6.8089      -6.3305      -6.8163      -7.1504      -6.5433
                 -6.2508      -6.1133      -7.1045      -5.9391      -6.6716
   3      0      -6.7294      -6.2597      -6.7755      -7.1015      -6.4880
                 -6.1421      -6.0700      -7.0128      -5.8786      -6.6250
   4      0      -6.7217      -6.2496      -6.7659      -7.0588      -6.4694
                 -6.1304      -6.0658      -7.0182      -5.8860      -6.6264
   5      0      -6.6576      -6.1993      -6.7382      -7.0306      -6.4382
                 -6.0752      -6.0457      -6.9811      -5.8418      -6.6046
   5     60      -6.6589      -6.2006      -6.7395      -7.0318      -6.4396
                 -6.0765      -6.0469      -6.9824      -5.8431      -6.6059
   5     80      -6.6704      -6.2119      -6.7508      -7.0433      -6.4511
                 -6.0881      -6.0581      -6.9941      -5.8546      -6.6174
   5    100      -6.6992      -6.2407      -6.7795      -7.0722      -6.4802
                 -6.1173      -6.0869      -7.0237      -5.8836      -6.6464
 
 group  inft   Estimated free energy: 2-th solvent contribution (kcal/mol)
   1      0       1.6517      -4.0567       3.0623       2.9446       0.9791
                  0.3446      -2.9763      -1.1415       0.9944       0.2580
   1     60       1.6527      -4.0557       3.0632       2.9456       0.9799
                  0.3457      -2.9753      -1.1406       0.9954       0.2590
   1     80       1.6632      -4.0461       3.0736       2.9556       0.9900
                  0.3562      -2.9648      -1.1311       1.0048       0.2692
   1    100       1.6773      -4.0338       3.0889       2.9702       1.0039
                  0.3700      -2.9515      -1.1192       1.0170       0.2827
   2      0       1.5115      -4.1868       2.9260       2.8112       0.8567
                  0.2442      -3.1234      -1.2666       0.8340       0.1464
   3      0       1.4362      -4.2388       2.8414       2.7520       0.7838
                  0.1912      -3.1740      -1.3115       0.7425       0.0492
   4      0       1.4059      -4.2430       2.8341       2.7067       0.7838
                  0.1961      -3.1837      -1.3271       0.7450       0.0636
   5      0       1.3924      -4.2609       2.8089       2.6649       0.7387
                  0.1665      -3.2138      -1.3503       0.7287       0.0305
   5     60       1.3930      -4.2603       2.8095       2.6655       0.7393
                  0.1671      -3.2132      -1.3498       0.7293       0.0311
   5     80       1.4019      -4.2519       2.8185       2.6742       0.7481
                  0.1762      -3.2042      -1.3417       0.7373       0.0398
   5    100       1.4133      -4.2420       2.8307       2.6859       0.7591
                  0.1878      -3.1932      -1.3321       0.7468       0.0509
 
 group  inft   Estimated free energy: 3-th solvent contribution (kcal/mol)
   1      0     -20.2646     -14.4958     -22.2768     -21.7223     -20.6367
                -19.5200     -16.2766     -17.4012     -21.1061     -19.0885
   1     60     -20.3564     -14.5869     -22.3683     -21.8142     -20.7287
                -19.6118     -16.3681     -17.4926     -21.1976     -19.1799
   1     80     -21.0109     -15.2353     -23.0232     -22.4688     -21.3828
                -20.2652     -17.0208     -18.1435     -21.8520     -19.8353
   1    100     -23.2354     -17.4356     -25.2491     -24.6990     -23.6090
                -22.4920     -19.2370     -20.3536     -24.0791     -22.0602
   2      0     -20.3176     -14.5433     -22.3292     -21.7789     -20.6918
                -19.5615     -16.3230     -17.4406     -21.1540     -19.1476
   3      0     -20.3312     -14.5522     -22.3467     -21.7979     -20.6943
                -19.5683     -16.3299     -17.4567     -21.1765     -19.1573
   4      0     -20.3395     -14.5579     -22.3514     -21.8008     -20.7061
                -19.5721     -16.3376     -17.4568     -21.1731     -19.1652
   5      0     -20.3404     -14.5519     -22.3413     -21.7938     -20.6950
                -19.5620     -16.3286     -17.4574     -21.1785     -19.1483
   5     60     -20.4547     -14.6655     -22.4555     -21.9079     -20.8092
                -19.6766     -16.4430     -17.5712     -21.2929     -19.2627
   5     80     -21.2629     -15.4660     -23.2641     -22.7163     -21.6185
                -20.4840     -17.2502     -18.3761     -22.1006     -20.0729
   5    100     -23.3029     -17.4849     -25.3057     -24.7613     -23.6605
                -22.5247     -19.2809     -20.4046     -24.1433     -22.1145
 
 
 cumulative average & 95% error for solvation free energy
              total             1st component         2nd component         3rd component
  1   -25.6254               -6.7294                1.4362              -20.3312
  2   -25.3385     0.5737    -6.4946     0.4697    -1.4013     5.6750   -17.4417     5.7790
  3   -25.6530     0.7107    -6.5882     0.3296     0.0129     4.3284   -19.0767     4.6718
  4   -25.7768     0.5603    -6.7165     0.3467     0.6977     3.3531   -19.7570     3.5727
  5   -25.9013     0.5004    -6.6708     0.2837     0.7149     2.5975   -19.9445     2.7927
  6   -25.8378     0.4279    -6.5827     0.2910     0.6276     2.1281   -19.8818     2.2836
  7   -25.8003     0.3693    -6.5095     0.2863     0.0845     2.1011   -19.3744     2.1806
  8   -25.7980     0.3199    -6.5724     0.2780    -0.0900     1.8528   -19.1347     1.9483
  9   -25.8553     0.3045    -6.4953     0.2896     0.0025     1.6444   -19.3615     1.7772
 10   -25.8431     0.2734    -6.5083     0.2604     0.0072     1.4708   -19.3411     1.5901
