 ERmod 0.3.8, Copyright (C) 2000-2019 Nobuyuki Matubayasi
                            2010-2019 Shun Sakuraba
 ERmod comes with ABSOLUTELY NO WARRANTY.
 This is free software, and you can redistribute it
 and/or modify it under certain conditions.
 See LICENSE file for details.
 ERmod 0.3.8, Copyright (C) 2000-2019 Nobuyuki Matubayasi
                            2010-2019 Shun Sakuraba
 ERmod comes with ABSOLUTELY NO WARRANTY.
 This is free software, and you can redistribute it
 and/or modify it under certain conditions.
 See LICENSE file for details.
 
  Number of the   1-th solvent  =          792
  Number of the   2-th solvent  =          792
  Number of the   3-th solvent  =        10000
 
  Be sure that the solvent distribution is homogeneous (radial distribution function is essentially unity) when the solvent molecule is separated beyond distance of   10.0 Angstrom in any direction from any atom within the solute molecule
 
  LJ long-range correction    =        -1.3175     -0.2494     -7.0203
 
  Self-energy of the solute   =        -0.0047  kcal/mol
 
 
 cumulative average & 95% error for solvation energy
              total             1st component         2nd component         3rd component
  1  -521.8244             -185.7019             -101.8732             -234.2445
  2  -519.2269     5.1950  -195.4600    19.5161   -72.8245    58.0973  -250.9376    33.3861
  3  -517.7449     4.2167  -197.1398    11.7578   -61.6077    40.3530  -258.9927    25.1214
  4  -515.4784     5.4258  -196.5982     8.3843   -47.3358    40.3600  -271.5397    30.7449
  5  -513.9604     5.1846  -198.2316     7.2698   -36.5463    37.9870  -279.1777    28.2932
  6  -513.2967     4.4365  -197.5527     6.0891   -31.2896    32.7496  -284.4497    25.3939
  7  -512.7245     3.9203  -199.5542     6.5199   -21.1917    34.2632  -291.9738    26.2117
  8  -511.8659     3.8046  -200.3968     5.8925   -12.7214    34.1682  -298.7431    26.4307
  9  -510.9626     3.8108  -200.1833     5.2142    -5.7507    33.2022  -305.0239    26.4789
 10  -510.1382     3.7863  -201.2185     5.1026     1.1458    32.7438  -310.0608    25.7369
 11  -509.5521     3.6199  -201.6477     4.6946     5.9344    31.1278  -313.8340    24.4725
 12  -509.2146     3.3728  -201.6122     4.2862     8.6720    28.9384  -316.2696    22.8652
 13  -508.9157     3.1596  -202.0280     4.0295    11.3947    27.1707  -318.2777    21.4129
 14  -508.8610     2.9272  -202.4305     3.8164    11.7114    25.1632  -318.1370    19.8265
 15  -508.8828     2.7255  -203.0463     3.7603    10.9040    23.4812  -316.7358    18.6690
 16  -508.8585     2.5499  -203.1885     3.5289     9.8565    22.0644  -315.5218    17.6312
 17  -509.3719     2.6060  -202.8022     3.4036     6.0354    22.0899  -312.6003    17.5621
 18  -509.6093     2.5024  -203.0681     3.2528     4.2405    21.1337  -310.7769    16.9546
 19  -509.7225     2.3779  -203.2438     3.0968     3.5820    20.0338  -310.0559    16.1021
 20  -509.7591     2.2570  -203.4416     2.9644     3.2600    19.0166  -309.5727    15.3063
 21  -509.8545     2.1553  -203.2135     2.8563     2.3138    18.1871  -308.9500    14.6124
 22  -510.0112     2.0788  -203.1927     2.7237     0.9138    17.5654  -307.7276    14.1453
 23  -510.0201     1.9864  -203.0656     2.6150     0.7460    16.7876  -307.6958    13.5164
 24  -509.8255     1.9413  -203.4305     2.6078     2.0477    16.2824  -308.4380    13.0259
 25  -509.6640     1.8898  -203.5078     2.5061     4.0595    16.1275  -310.2110    12.9874
 26  -509.4270     1.8765  -203.6198     2.4182     6.0335    15.9898  -311.8359    12.8942
 27  -509.1891     1.8673  -203.6942     2.3317     7.8736    15.8203  -313.3638    12.7782
 28  -509.0062     1.8362  -203.8848     2.2790     9.4566    15.5701  -314.5733    12.5487
 29  -508.7891     1.8242  -204.0230     2.2163    11.3422    15.4897  -316.1036    12.4891
 30  -508.5785     1.8120  -203.9095     2.1531    12.6145    15.1793  -317.2788    12.2924
 31  -508.3845     1.7950  -203.7608     2.1036    13.4345    14.7727  -318.0535    11.9898
 32  -508.3978     1.7382  -203.7287     2.0378    12.9636    14.3346  -317.6280    11.6402
 33  -508.3472     1.6877  -203.7865     1.9785    13.4745    13.9310  -318.0304    11.3107
 34  -508.4284     1.6454  -203.7749     1.9196    12.7645    13.5894  -317.4133    11.0422
 35  -508.4426     1.5979  -203.6509     1.8803    12.3011    13.2279  -317.0880    10.7417
 36  -508.8254     1.7314  -203.5308     1.8431    10.5206    13.3393  -315.8104    10.7473
 37  -508.8415     1.6842  -203.7000     1.8242    10.3923    12.9763  -315.5290    10.4679
 38  -508.9217     1.6472  -203.4919     1.8237     9.2468    12.8363  -314.6719    10.3319
 39  -509.0391     1.6214  -203.7699     1.8614     8.4299    12.6092  -313.6943    10.2517
 40  -509.1729     1.6029  -203.9205     1.8391     7.4070    12.4590  -312.6547    10.2061
 41  -509.0861     1.5729  -204.2075     1.8833     8.0829    12.2263  -312.9567     9.9724
 42  -509.0034     1.5439  -204.2607     1.8410     8.9371    12.0533  -313.6750     9.8375
 43  -508.9627     1.5098  -204.3949     1.8176     9.7968    11.8946  -314.3599     9.7032
 44  -508.8450     1.4937  -204.5648     1.8080    10.9073    11.8315  -315.1828     9.6219
 45  -508.7249     1.4798  -204.7950     1.8264    12.0984    11.8083  -316.0235     9.5548
 46  -508.6296     1.4597  -204.8511     1.7897    12.8585    11.6484  -316.6323     9.4237
 47  -508.6366     1.4284  -204.7620     1.7603    12.3103    11.4505  -316.1801     9.2653
 48  -508.6267     1.3985  -204.8063     1.7255    12.1951    11.2118  -316.0108     9.0766
 49  -508.5495     1.3783  -204.7537     1.6932    12.3942    10.9878  -316.1853     8.8962
 50  -508.4835     1.3569  -204.7676     1.6592    13.1196    10.8631  -316.8307     8.8116
 
 
 group  inft  solvation free energy     error          difference
  total solvation free energy
   1      0        -96.95604           1.02651           0.64181
   1     60        -97.30239           1.02655           0.29546
   1     80       -100.15148           1.02813          -2.55364
   1    100       -109.88749           1.03759         -12.28965
   2      0        -97.46694           1.05965           0.13090
   3      0        -97.59784           1.07895           0.00000
   4      0        -97.73457           1.07720          -0.13673
   5      0        -97.24214           1.09854           0.35571
   5     60        -97.71661           1.09862          -0.11877
   5     80       -101.23500           1.10120          -3.63715
   5    100       -110.20760           1.11034         -12.60975
 
  contribution from  1-th solvent component
   1      0       -168.61670           1.38846          -0.41090
   1     60       -168.64949           1.38848          -0.44369
   1     80       -168.90369           1.38863          -0.69789
   1    100       -169.74457           1.38971          -1.53877
   2      0       -168.29607           1.42294          -0.09027
   3      0       -168.20580           1.43467           0.00000
   4      0       -167.99259           1.44474           0.21322
   5      0       -167.52616           1.44321           0.67965
   5     60       -167.56875           1.44323           0.63705
   5     80       -167.87840           1.44344           0.32740
   5    100       -168.65811           1.44468          -0.45231
 
  contribution from  2-th solvent component
   1      0         83.66065           5.58940           1.01078
   1     60         83.68505           5.58949           1.03518
   1     80         83.79462           5.59069           1.14475
   1    100         83.97284           5.59658           1.32298
   2      0         82.83742           5.56091           0.18755
   3      0         82.64987           5.54508           0.00000
   4      0         82.30581           5.54250          -0.34406
   5      0         82.38254           5.53396          -0.26733
   5     60         82.40659           5.53410          -0.24328
   5     80         82.51230           5.53552          -0.13757
   5    100         82.67915           5.54031           0.02928
 
  contribution from  3-th solvent component
   1      0        -11.99525           5.15967           0.04192
   1     60        -12.33320           5.16007          -0.29604
   1     80        -15.03766           5.16545          -3.00050
   1    100        -24.11102           5.18904         -12.07385
   2      0        -12.00354           5.16241           0.03362
   3      0        -12.03717           5.16370           0.00000
   4      0        -12.04305           5.16258          -0.00589
   5      0        -12.09378           5.16386          -0.05661
   5     60        -12.54971           5.16444          -0.51254
   5     80        -15.86415           5.17156          -3.82699
   5    100        -24.22389           5.19345         -12.18672
 
 
 group  inft   Estimated free energy: total (kcal/mol)
   1      0     -98.0737     -92.4102     -98.2600     -95.7995     -95.3848
                -84.2621     -99.4283    -101.3907     -98.6791     -98.7908
               -100.4962    -101.7339    -103.7507     -98.1453     -94.8942
                -93.3742     -93.2909     -93.8295     -95.0022     -96.3378
                -96.8987     -98.1790     -98.0022     -91.6281    -102.5698
                -96.6344    -101.1678    -100.5738     -95.9228     -96.0845
                -97.1406    -101.9861    -101.8309     -96.2663     -95.4223
                -93.8905     -94.9254     -97.9641     -96.8225    -100.7471
                -99.4262     -99.2935     -89.7602     -91.8905     -97.4727
                -99.2649     -99.4316     -94.8699     -93.5180     -94.8840
   1     60     -98.4102     -92.7526     -98.6040     -96.1442     -95.7325
                -84.6107     -99.7755    -101.7387     -99.0275     -99.1359
               -100.8443    -102.0819    -104.0999     -98.4933     -95.2381
                -93.7211     -93.6345     -94.1705     -95.3482     -96.6847
                -97.2458     -98.5255     -98.3501     -91.9734    -102.9160
                -96.9842    -101.5127    -100.9234     -96.2687     -96.4315
                -97.4914    -102.3335    -102.1784     -96.6100     -95.7682
                -94.2377     -95.2716     -98.3096     -97.1688    -101.0878
                -99.7738     -99.6410     -90.1090     -92.2381     -97.8174
                -99.6131     -99.7764     -95.2166     -93.8668     -95.2308
   1     80    -101.1981     -95.5608    -101.4312     -98.9840     -98.5824
                -87.4659    -102.6420    -104.6040    -101.9018    -101.9813
               -103.7161    -104.9559    -106.9767    -101.3546     -98.0567
                -96.5589     -96.4471     -96.9701     -98.1897     -99.5316
               -100.0893    -101.3611    -101.2029     -94.8110    -105.7742
                -99.8633    -104.3676    -103.8070     -99.1277     -99.3018
               -100.3681    -105.1872    -105.0351     -99.4313     -98.6155
                -97.0786     -98.1118    -101.1531    -100.0127    -103.8990
               -102.6350    -102.5129     -92.9799     -95.1022    -100.6686
               -102.4760    -102.6143     -98.0655     -96.7279     -98.0847
   1    100    -110.7685    -105.1633    -111.0825    -108.7054    -108.3124
                -97.1706    -112.4615    -114.4010    -111.7454    -111.7574
               -113.5250    -114.7997    -116.8140    -111.1230    -107.6724
               -106.2251    -106.0246    -106.5481    -107.9050    -109.2411
               -109.7740    -111.0364    -110.9314    -104.4956    -115.5764
               -109.6984    -114.1836    -113.6543    -108.9283    -109.1516
               -110.1864    -114.9314    -114.8025    -109.0738    -108.3409
               -106.7286    -107.7783    -110.8722    -109.7280    -113.5304
               -112.4071    -112.3541    -102.7744    -104.8825    -110.4463
               -112.2696    -112.3127    -107.7734    -106.4717    -107.8343
   2      0     -98.2993     -92.0507     -98.6902     -96.5006     -95.9185
                -84.2516     -99.9744    -102.2865     -99.5034     -99.3490
               -101.4994    -102.1052    -104.4053     -98.4158     -95.8654
                -93.8784     -93.4624     -94.6993     -95.2688     -96.6237
                -97.4302     -98.1874     -98.4792     -92.4938    -103.2951
                -97.2543    -102.0196    -101.4683     -96.3946     -96.8010
                -97.9411    -102.1887    -102.7647     -97.1655     -95.8283
                -94.1314     -95.4951     -98.3504     -96.8176    -101.2460
                -99.5966     -99.7632     -89.9703     -92.3528     -97.9810
               -100.0820     -99.9777     -95.2961     -93.7215     -95.8059
   3      0     -98.4395     -92.0078     -98.8624     -96.6949     -95.9278
                -84.0372     -99.8418    -102.6352    -100.0288     -99.6559
               -101.8652    -102.1618    -104.6904     -98.6058     -95.9498
                -93.9537     -93.6055     -94.6625     -95.4004     -96.8493
                -97.5321     -97.9357     -98.7250     -92.6112    -103.4789
                -97.2464    -102.2329    -101.8176     -96.7306     -97.2125
                -98.1159    -102.3322    -102.8576     -97.4028     -95.8113
                -93.7626     -95.5728     -98.4840     -96.8826    -101.4334
                -99.6525     -99.7635     -90.1708     -92.4978     -98.2231
               -100.3127    -100.0081     -95.4302     -93.7603     -96.0194
   4      0     -98.3369     -91.9966     -99.1028     -96.6548     -96.1376
                -84.1966    -100.0191    -102.6989    -100.2625     -99.7508
               -102.2359    -102.2964    -104.7298     -98.6674     -96.4601
                -94.2103     -93.4544     -95.1093     -95.4434     -96.8649
                -97.4950     -98.3063     -98.7025     -92.7486    -103.5014
                -97.6151    -102.1984    -101.9573     -96.6833     -97.1470
                -98.4836    -102.2311    -103.1821     -97.5123     -95.8260
                -94.1649     -96.0234     -98.6219     -96.9625    -101.6151
                -99.6752    -100.0398     -90.2756     -92.5808     -98.2686
               -100.5309    -100.1460     -95.4697     -93.9196     -96.2160
   5      0     -98.0885     -91.4267     -98.5982     -96.4501     -95.4005
                -83.5277     -99.2916    -102.6489    -100.0653     -99.5448
               -101.8690    -102.1191    -104.2465     -98.0539     -95.9618
                -93.5326     -93.1217     -94.0152     -94.7197     -96.5751
                -96.8864     -97.7120     -98.0250     -92.4554    -103.0489
                -97.0332    -101.6740    -101.6897     -96.4122     -96.7585
                -97.7086    -101.8236    -102.9445     -97.2581     -94.9270
                -93.6482     -95.4568     -98.2358     -96.4118    -101.1812
                -99.0653     -99.2266     -89.4729     -91.9727     -97.5873
               -100.1384     -99.5373     -94.9261     -93.6337     -95.9987
   5     60     -98.5504     -91.8967     -99.0685     -96.9227     -95.8757
                -84.0033     -99.7684    -103.1240    -100.5425    -100.0181
               -102.3459    -102.5960    -104.7238     -98.5307     -96.4330
                -94.0059     -93.5931     -94.4835     -95.1932     -97.0507
                -97.3620     -98.1860     -98.5014     -92.9292    -103.5237
                -97.5110    -102.1475    -102.1681     -96.8858     -97.2342
                -98.1878    -102.2996    -103.4208     -97.7298     -95.4021
                -94.1231     -95.9300     -98.7092     -96.8865    -101.6488
                -99.5417     -99.7032     -89.9514     -92.4495     -98.0608
               -100.6157    -100.0097     -95.4003     -94.1116     -96.4741
   5     80    -101.9949     -95.3668    -102.5569    -100.4295     -99.3906
                -87.5196    -103.3136    -106.6599    -104.0948    -103.5392
               -105.8932    -106.1518    -108.2720    -102.0615     -99.9114
                -97.5043     -97.0632     -97.9401     -98.6970    -100.5629
               -100.8717    -101.6854    -102.0205     -96.4345    -107.0564
               -101.0644    -105.6816    -105.7278    -100.4191    -100.7838
               -101.7421    -105.8241    -106.9517    -101.2148     -98.9194
                -97.6248     -99.4299    -102.2196    -100.3974    -105.1270
               -103.0734    -103.2508     -93.4978     -95.9899    -101.5853
               -104.1574    -103.5143     -98.9153     -97.6460    -100.0008
   5    100    -110.8047    -104.2128    -111.4431    -109.3818    -108.3545
                -96.4703    -112.3627    -115.6950    -113.1794    -112.5459
               -114.9484    -115.2239    -117.3339    -111.0548    -108.7770
               -106.4126    -105.8890    -106.7634    -107.6362    -109.5021
               -109.7997    -110.5906    -110.9814    -105.3597    -116.0881
               -110.1340    -114.7361    -114.8084    -109.4573    -109.8578
               -110.8005    -114.7992    -115.9590    -110.1066    -107.8759
               -106.5201    -108.3427    -111.1713    -109.3438    -114.0048
               -112.0742    -112.3171    -102.5291    -105.0057    -110.5914
               -113.1873    -112.4472    -107.8672    -106.6314    -109.0010
 
 group  inft   Estimated free energy: 1-th solvent contribution (kcal/mol)
   1      0    -156.6888    -163.2183    -167.1616    -163.0677    -168.0696
               -151.0666    -170.6406    -172.5206    -167.9492    -175.5931
               -170.6280    -166.4897    -171.8678    -170.9855    -174.5102
               -167.9384    -160.0445    -170.7874    -166.3150    -170.4803
               -166.1669    -167.8954    -168.6903    -172.4428    -173.0265
               -170.7472    -171.9390    -171.5283    -168.1755    -163.9056
               -167.4886    -170.1408    -173.0469    -168.9180    -164.8904
               -160.2279    -172.1670    -163.2126    -172.9753    -173.8807
               -175.5263    -167.8831    -165.9364    -169.6220    -178.0983
               -172.6981    -169.1772    -168.9670    -166.2076    -169.2304
   1     60    -156.7205    -163.2505    -167.1939    -163.1003    -168.1026
               -151.0996    -170.6736    -172.5537    -167.9824    -175.6261
               -170.6612    -166.5228    -171.9008    -171.0182    -174.5426
               -167.9710    -160.0766    -170.8199    -166.3477    -170.5127
               -166.1991    -167.9278    -168.7234    -172.4755    -173.0598
               -170.7807    -171.9718    -171.5619    -168.2088    -163.9389
               -167.5219    -170.1731    -173.0797    -168.9507    -164.9232
               -160.2606    -172.1996    -163.2451    -173.0077    -173.9126
               -175.5593    -167.9164    -165.9698    -169.6554    -178.1311
               -172.7313    -169.2097    -168.9996    -166.2402    -169.2633
   1     80    -156.9700    -163.4998    -167.4459    -163.3541    -168.3583
               -151.3538    -170.9284    -172.8102    -168.2399    -175.8815
               -170.9183    -166.7798    -172.1559    -171.2719    -174.7936
               -168.2236    -160.3255    -171.0718    -166.6012    -170.7638
               -166.4486    -168.1795    -168.9802    -172.7288    -173.3176
               -171.0393    -172.2250    -171.8216    -168.4660    -164.1972
               -167.7786    -170.4235    -173.3337    -169.2050    -165.1778
               -160.5143    -172.4529    -163.4988    -173.2599    -174.1620
               -175.8153    -168.1742    -166.2274    -169.9124    -178.3855
               -172.9873    -169.4622    -169.2532    -166.4917    -169.5179
   1    100    -157.7958    -164.3256    -168.2829    -164.1949    -169.2042
               -152.1832    -171.7676    -173.6589    -169.0899    -176.7307
               -171.7668    -167.6253    -172.9981    -172.1117    -175.6313
               -169.0601    -161.1517    -171.9124    -167.4383    -171.5979
               -167.2740    -169.0142    -169.8301    -173.5692    -174.1705
               -171.8916    -173.0662    -172.6781    -169.3116    -165.0445
               -168.6250    -171.2523    -174.1758    -170.0497    -166.0185
               -161.3488    -173.2934    -164.3367    -174.0954    -174.9947
               -176.6640    -169.0216    -167.0738    -170.7599    -179.2307
               -173.8356    -170.3038    -170.0919    -167.3229    -170.3567
   2      0    -156.4101    -162.3887    -166.8717    -162.7384    -167.8363
               -150.1356    -170.3882    -172.2715    -167.7042    -175.4473
               -170.3817    -166.1419    -171.6956    -170.7566    -174.3418
               -167.5481    -159.4769    -170.5604    -165.9252    -170.2302
               -165.9092    -167.5013    -168.5445    -172.1021    -172.8325
               -170.4324    -171.7649    -171.2155    -167.8523    -163.6361
               -167.3308    -169.9312    -172.8799    -168.6650    -164.5904
               -159.5222    -171.8714    -162.9152    -172.5994    -173.7405
               -175.3739    -167.5873    -165.0661    -169.0808    -177.9056
               -172.4578    -168.9970    -168.6576    -165.6178    -168.9726
   3      0    -156.3656    -162.2197    -166.7817    -162.7049    -167.7636
               -149.7808    -170.2961    -172.2204    -167.6830    -175.4118
               -170.3335    -166.0680    -171.6220    -170.6763    -174.2378
               -167.4247    -159.3579    -170.5073    -165.8874    -170.2115
               -165.8417    -167.3772    -168.4932    -172.0033    -172.7881
               -170.3066    -171.7090    -171.2207    -167.7678    -163.5675
               -167.2554    -169.9587    -172.8035    -168.6095    -164.4774
               -159.1436    -171.7326    -162.8843    -172.5417    -173.6897
               -175.2569    -167.4778    -164.9444    -168.9132    -177.9206
               -172.3910    -168.8733    -168.6108    -165.2729    -168.9039
   4      0    -156.0817    -161.8885    -166.7044    -162.3045    -167.5986
               -149.5386    -170.1993    -171.9790    -167.4810    -175.2351
               -170.1885    -165.8187    -171.4709    -170.5345    -174.1841
               -167.1847    -158.9752    -170.2663    -165.5007    -169.8482
               -165.6028    -167.3426    -168.2834    -171.8084    -172.5954
               -170.1651    -171.4401    -170.9187    -167.3622    -163.1037
               -167.2164    -169.5954    -172.7243    -168.3137    -164.2572
               -159.0093    -171.6634    -162.6190    -172.3422    -173.5154
               -175.1834    -167.4791    -164.4912    -168.6986    -177.6591
               -172.1340    -168.7855    -168.4242    -165.2108    -168.7023
   5      0    -155.8813    -161.4150    -166.2345    -162.0713    -166.9261
               -148.9197    -169.5902    -171.7839    -167.0952    -174.9384
               -169.7915    -165.5352    -170.9562    -170.0158    -173.6132
               -166.6164    -158.6499    -169.5213    -164.9310    -169.5837
               -165.1054    -166.7903    -167.7408    -171.4084    -172.1918
               -169.6275    -170.9088    -170.6525    -167.0237    -162.7674
               -166.5318    -169.3109    -172.3751    -168.0277    -163.4744
               -158.4904    -171.0967    -162.3321    -171.9475    -173.0897
               -174.5217    -166.7467    -163.8543    -168.1061    -177.0604
               -171.7105    -168.2256    -167.9023    -164.8066    -168.4109
   5     60    -155.9228    -161.4569    -166.2764    -162.1135    -166.9689
               -148.9627    -169.6331    -171.8268    -167.1384    -174.9811
               -169.8348    -165.5783    -170.9989    -170.0582    -173.6550
               -166.6588    -158.6915    -169.5632    -164.9734    -169.6257
               -165.1475    -166.8324    -167.7837    -171.4507    -172.2350
               -169.6710    -170.9512    -170.6959    -167.0670    -162.8106
               -166.5750    -169.3529    -172.4178    -168.0701    -163.5169
               -158.5329    -171.1391    -162.3745    -171.9899    -173.1313
               -174.5645    -166.7901    -163.8977    -168.1494    -177.1029
               -171.7536    -168.2676    -167.9447    -164.8490    -168.4538
   5     80    -156.2272    -161.7614    -166.5829    -162.4207    -167.2795
               -149.2722    -169.9443    -172.1390    -167.4516    -175.2917
               -170.1491    -165.8916    -171.3088    -170.3662    -173.9601
               -166.9667    -158.9938    -169.8686    -165.2811    -169.9311
               -165.4538    -167.1388    -168.0956    -171.7583    -172.5485
               -169.9862    -171.2603    -171.0116    -167.3813    -163.1238
               -166.8880    -169.6592    -172.7283    -168.3791    -163.8258
               -158.8416    -171.4481    -162.6836    -172.2985    -173.4367
               -174.8762    -167.1048    -164.2116    -168.4625    -177.4132
               -172.0660    -168.5752    -168.2540    -165.1563    -168.7655
   5    100    -156.9919    -162.5279    -167.3565    -163.1951    -168.0615
               -150.0397    -170.7249    -172.9258    -168.2389    -176.0782
               -170.9398    -166.6753    -172.0877    -171.1422    -174.7351
               -167.7430    -159.7569    -170.6449    -166.0542    -170.7039
               -166.2259    -167.9117    -168.8821    -172.5346    -173.3383
               -170.7774    -172.0435    -171.8041    -168.1678    -163.9048
               -167.6734    -170.4312    -173.5122    -169.1599    -164.6015
               -159.6130    -172.2289    -163.4597    -173.0765    -174.2129
               -175.6638    -167.8928    -164.9971    -169.2489    -178.1998
               -172.8554    -169.3553    -169.0327    -165.9295    -169.5474
 
 group  inft   Estimated free energy: 2-th solvent contribution (kcal/mol)
   1      0      26.1268      54.3338      56.7115      73.9915      79.0887
                 73.3854      95.8309     101.3721     104.8068     112.0504
                103.3181      93.3188      96.1243      84.3000      78.6181
                 73.8807      49.6622      66.4005      71.1233      75.3433
                 68.3755      61.9834      75.6520      95.7788     104.4013
                107.0134     105.8034     101.3287     110.1499     100.5728
                 95.9419      73.8079      90.8284      72.2754      73.6832
                 51.8944      80.8363      57.8836      65.7907      60.6614
                 93.1380      97.2264     101.7073     108.4871     114.1268
                101.3011      69.9777      80.3054      87.1355     105.1779
   1     60      26.1504      54.3588      56.7356      74.0160      79.1129
                 73.4077      95.8571     101.3957     104.8304     112.0769
                103.3418      93.3419      96.1475      84.3238      78.6435
                 73.9043      49.6852      66.4268      71.1482      75.3684
                 68.3995      62.0077      75.6763      95.8048     104.4277
                107.0370     105.8289     101.3520     110.1740     100.5977
                 95.9648      73.8317      90.8529      72.3004      73.7085
                 51.9182      80.8600      57.9062      65.8146      60.6871
                 93.1615      97.2512     101.7324     108.5130     114.1538
                101.3270      70.0021      80.3283      87.1585     105.2019
   1     80      26.2517      54.4674      56.8427      74.1223      79.2186
                 73.5046      95.9755     101.5049     104.9407     112.2061
                103.4504      93.4420      96.2496      84.4261      78.7621
                 74.0097      49.7873      66.5469      71.2556      75.4793
                 68.5057      62.1137      75.7833      95.9272     104.5515
                107.1453     105.9488     101.4548     110.2886     100.7100
                 96.0665      73.9337      90.9637      72.4162      73.8186
                 52.0193      80.9654      58.0010      65.9166      60.8027
                 93.2665      97.3616     101.8495     108.6326     114.2859
                101.4463      70.1088      80.4294      87.2563     105.3179
   1    100      26.3861      54.6232      57.0033      74.2769      79.3844
                 73.6639      96.1552     101.7031     105.1375     112.4451
                103.6535      93.5904      96.4172      84.5757      78.9774
                 74.1812      49.9600      66.7514      71.4041      75.6474
                 68.6690      62.2628      75.9476      96.1557     104.7721
                107.3386     106.1610     101.6288     110.5045     100.8847
                 96.2361      74.0770      91.1391      72.6143      73.9781
                 52.1698      81.1486      58.1146      66.0432      60.9766
                 93.4342      97.5329     102.0566     108.8526     114.5322
                101.6531      70.2741      80.5940      87.4013     105.5520
   2      0      25.6218      53.8685      55.9892      72.9459      78.3340
                 72.4716      95.0490     100.2435     103.7486     111.3708
                102.0857      92.6317      95.3021      83.8058      77.4579
                 72.9786      48.9133      65.2838      70.4690      74.8003
                 67.5807      61.5750      75.0249      94.5720     103.5111
                106.1061     104.8034     100.1439     109.3690      99.6123
                 94.9917      73.4003      89.7378      71.1200      72.9839
                 50.9503      79.9730      57.2020      65.4174      60.0292
                 92.8299      96.4814     100.6513     107.4867     113.4600
                100.2555      69.2674      79.5911      86.3405     104.0320
   3      0      25.4663      53.7713      55.7482      72.7571      78.2943
                 72.3544      95.1402      99.8682     103.2462     111.0689
                101.7128      92.5237      94.9962      83.5700      77.2831
                 72.8130      48.6917      65.3063      70.3300      74.5934
                 67.4407      61.7496      74.7615      94.3870     103.3297
                106.0282     104.5807      99.8204     108.9875      99.1676
                 94.7868      73.3092      89.6090      70.8520      72.9153
                 50.9549      79.7818      57.0641      65.3142      59.8217
                 92.6906      96.4036     100.3698     107.2104     113.2758
                100.0033      69.1312      79.4276      86.0000     103.7837
   4      0      25.2811      53.4467      55.4827      72.3814      77.9484
                 71.9767      94.8580      99.5653     102.7988     110.8120
                101.2011      92.1676      94.7889      83.3536      76.7545
                 72.3221      48.4459      64.6012      69.9057      74.1911
                 67.2510      61.3475      74.5699      94.0659     103.1252
                105.5404     104.3432      99.4031     108.6061      98.7499
                 94.3984      73.0653      89.2087      70.4727      72.7050
                 50.4491      79.2784      56.6802      65.0410      59.4617
                 92.6026      96.1201      99.8108     106.8956     112.9585
                 99.5172      68.9362      79.2355      85.7805     103.3877
   5      0      25.3690      53.6026      55.5499      72.4402      78.0505
                 72.0623      95.0293      99.4836     102.6873     110.7706
                101.2449      92.0998      94.8332      83.5096      76.7023
                 72.4868      48.5109      65.0055      70.1056      74.2780
                 67.4024      61.4263      74.7496      94.0079     103.2244
                105.6182     104.4021      99.4494     108.6006      98.8581
                 94.5268      73.2548      89.1585      70.4687      72.8444
                 50.4930      79.3385      56.8237      65.2589      59.5224
                 92.5788      96.2482     100.0289     107.0010     113.0838
                 99.5362      69.0091      79.2912      85.7250     103.3737
   5     60      25.3918      53.6266      55.5742      72.4638      78.0744
                 72.0855      95.0552      99.5079     102.7109     110.7966
                101.2688      92.1222      94.8568      83.5327      76.7273
                 72.5104      48.5328      65.0305      70.1303      74.3026
                 67.4260      61.4502      74.7733      94.0333     103.2503
                105.6425     104.4270      99.4727     108.6250      98.8824
                 94.5494      73.2777      89.1827      70.4933      72.8685
                 50.5166      79.3628      56.8462      65.2824      59.5472
                 92.6017      96.2730     100.0540     107.0262     113.1110
                 99.5612      69.0328      79.3140      85.7470     103.3976
   5     80      25.4885      53.7292      55.6790      72.5623      78.1772
                 72.1834      95.1683      99.6180     102.8171     110.9232
                101.3742      92.2149      94.9586      83.6303      76.8434
                 72.6140      48.6281      65.1451      70.2340      74.4092
                 67.5279      61.5520      74.8755      94.1521     103.3723
                105.7513     104.5424      99.5720     108.7382      98.9879
                 94.6463      73.3743      89.2888      70.6045      72.9706
                 50.6154      79.4698      56.9349      65.3780      59.6559
                 92.7023      96.3804     100.1681     107.1407     113.2450
                 99.6738      69.1348      79.4117      85.8375     103.5127
   5    100      25.6229      53.8802      55.8342      72.7066      78.3343
                 72.3279      95.3418      99.7976     102.9898     111.1484
                101.5536      92.3554      95.1152      83.7740      77.0388
                 72.7753      48.7885      65.3345      70.3816      74.5736
                 67.6840      61.7005      75.0317      94.3608     103.5817
                105.9279     104.7400      99.7276     108.9376      99.1493
                 94.7981      73.5154      89.4501      70.7844      73.1227
                 50.7549      79.6378      57.0467      65.5044      59.8201
                 92.8647      96.5467     100.3574     107.3442     113.4822
                 99.8624      69.2940      79.5651      85.9693     103.7219
 
 group  inft   Estimated free energy: 3-th solvent contribution (kcal/mol)
   1      0      32.4930      16.4791      12.1948      -6.7185      -6.3991
                 -6.5761     -24.6139     -30.2375     -35.5319     -35.2434
                -33.1815     -28.5583     -28.0025     -11.4550       1.0027
                  0.6882      17.0962      10.5622       0.1943      -1.1960
                  0.8974       7.7377      -4.9591     -14.9593     -33.9399
                -32.8957     -35.0274     -30.3695     -37.8924     -32.7470
                -25.5892      -5.6484     -19.6077       0.3810      -4.2103
                 14.4478      -3.5899       7.3697      10.3668      12.4770
                -17.0331     -28.6320     -25.5263     -30.7508     -33.4964
                -27.8632      -0.2274      -6.2036     -14.4411     -30.8268
   1     60      32.1647      16.1438      11.8590      -7.0552      -6.7380
                 -6.9141     -24.9543     -30.5759     -35.8708     -35.5820
                -33.5202     -28.8962     -28.3418     -11.7941       0.6657
                  0.3503      16.7616      10.2274      -0.1439      -1.5356
                  0.5586       7.3994      -5.2982     -15.2981     -34.2791
                -33.2357     -35.3651     -30.7087     -38.2291     -33.0855
                -25.9296      -5.9873     -19.9470       0.0450      -4.5487
                 14.1094      -3.9272       7.0340      10.0291      12.1425
                -17.3712     -28.9710     -25.8668     -31.0909     -33.8354
                -28.2041      -0.5641      -6.5405     -14.7804     -31.1647
   1     80      29.5249      13.4763       9.1768      -9.7475      -9.4380
                 -9.6119     -27.6843     -33.2940     -38.5978     -38.3011
                -36.2435     -31.6134     -31.0657     -14.5041      -2.0205
                 -2.3402      14.0959       7.5595      -2.8393      -4.2423
                 -2.1416       4.7094      -8.0013     -18.0047     -37.0033
                -35.9646     -38.0865     -33.4355     -40.9455     -35.8099
                -28.6513      -8.6927     -22.6603      -2.6377      -7.2516
                 11.4211      -6.6196       4.3495       7.3353       9.4650
                -20.0814     -31.6956     -28.5973     -33.8176     -36.5643
                -30.9302      -3.2561      -9.2370     -17.4878     -33.8799
   1    100      20.6460       4.5438       0.2019     -18.7827     -18.4879
                -18.6466     -36.8444     -42.4404     -47.7882     -47.4670
                -45.4070     -40.7600     -40.2283     -23.5822     -11.0137
                -11.3415       5.1718      -1.3823     -11.8660     -13.2859
                -11.1643      -4.2804     -17.0441     -27.0773     -46.1733
                -45.1406     -47.2736     -42.6002     -50.1165     -44.9871
                -37.7928     -17.7513     -31.7610     -11.6337     -16.2958
                  2.4552     -15.6287      -4.6454      -1.6711       0.4925
                -29.1726     -40.8606     -37.7524     -42.9704     -45.7431
                -40.0824     -12.2783     -18.2708     -26.5453     -43.0249
   2      0      32.4938      16.4743      12.1970      -6.7034      -6.4114
                 -6.5828     -24.6305     -30.2538     -35.5430     -35.2677
                -33.1987     -28.5902     -28.0071     -11.4602       1.0232
                  0.6959      17.1059      10.5820       0.1922      -1.1891
                  0.9030       7.7437      -4.9549     -14.9589     -33.9691
                -32.9232     -35.0533     -30.3919     -37.9066     -32.7724
                -25.5973      -5.6531     -19.6179       0.3843      -4.2170
                 14.4452      -3.5919       7.3675      10.3693      12.4700
                -17.0479     -28.6526     -25.5507     -30.7540     -33.5306
                -27.8749      -0.2434      -6.2248     -14.4394     -30.8606
   3      0      32.4645      16.4453      12.1758      -6.7424      -6.4538
                 -6.6061     -24.6812     -30.2784     -35.5872     -35.3083
                -33.2397     -28.6128     -28.0599     -11.4948       1.0097
                  0.6627      17.0654      10.5432       0.1618      -1.2265
                  0.8737       7.6967      -4.9885     -14.9901     -34.0158
                -32.9633     -35.0999     -30.4126     -37.9456     -32.8078
                -25.6426      -5.6780     -19.6584       0.3594      -4.2445
                 14.4308      -3.6172       7.3409      10.3496      12.4393
                -17.0814     -28.6845     -25.5914     -30.7902     -33.5735
                -27.9202      -0.2613      -6.2422     -14.4827     -30.8944
   4      0      32.4685      16.4499      12.1236      -6.7270      -6.4826
                 -6.6299     -24.6731     -30.2805     -35.5756     -35.3229
                -33.2438     -28.6405     -28.0431     -11.4818       0.9742
                  0.6570      17.0796      10.5606       0.1564      -1.2030
                  0.8616       7.6934      -4.9842     -15.0014     -34.0264
                -32.9857     -35.0968     -30.4369     -37.9224     -32.7885
                -25.6609      -5.6963     -19.6617       0.3335      -4.2691
                 14.4001      -3.6337       7.3217      10.3434      12.4433
                -17.0896     -28.6761     -25.5905     -30.7731     -33.5633
                -27.9094      -0.2920      -6.2762     -14.4847     -30.8967
   5      0      32.4286      16.3903      12.0911      -6.8143      -6.5201
                 -6.6655     -24.7260     -30.3438     -35.6526     -35.3723
                -33.3177     -28.6790     -28.1188     -11.5430       0.9539
                  0.6018      17.0220      10.5054       0.1105      -1.2646
                  0.8213       7.6567      -5.0292     -15.0502     -34.0767
                -33.0192     -35.1626     -30.4820     -37.9844     -32.8444
                -25.6989      -5.7628     -19.7232       0.3056      -4.2922
                 14.3539      -3.6939       7.2773      10.2816      12.3908
                -17.1177     -28.7234     -25.6427     -30.8628     -33.6059
                -27.9594      -0.3161      -6.3103     -14.5473     -30.9568
   5     60      31.9853      15.9384      11.6384      -7.2683      -6.9765
                 -7.1213     -25.1858     -30.8003     -36.1104     -35.8289
                -33.7752     -29.1351     -28.5769     -12.0005       0.4995
                  0.1472      16.5704      10.0539      -0.3453      -1.7229
                  0.3643       7.2009      -5.4863     -15.5071     -34.5343
                -33.4778     -35.6185     -30.9401     -38.4390     -33.3012
                -26.1575      -6.2197     -20.1809      -0.1482      -4.7489
                 13.8980      -4.1490       6.8240       9.8257      11.9400
                -17.5742     -29.1814     -26.1029     -31.3216     -34.0641
                -28.4186      -0.7701      -6.7649     -15.0049     -31.4131
   5     80      28.7486      12.6701       8.3517     -10.5663     -10.2836
                -10.4261     -28.5328     -34.1341     -39.4555     -39.1658
                -37.1136     -32.4703     -31.9170     -15.3209      -2.7901
                 -3.1468      13.3072       6.7882      -3.6452      -5.0363
                 -2.9410       3.9061      -8.7956     -18.8235     -37.8755
                -36.8247     -38.9590     -34.2834     -41.7712     -36.6432
                -29.4956      -9.5344     -23.5075      -3.4354      -8.0595
                 10.6061      -7.4469       3.5339       6.5278       8.6585
                -20.8946     -32.5216     -29.4495     -34.6633     -37.4124
                -31.7604      -4.0692     -10.0683     -18.3224     -34.7433
   5    100      20.5690       4.4396       0.0839     -18.8886     -18.6226
                -18.7537     -36.9749     -42.5621     -47.9255     -47.6114
                -45.5574     -40.8992     -40.3567     -23.6819     -11.0760
                -11.4401       5.0842      -1.4482     -11.9588     -13.3670
                -11.2530      -4.3747     -17.1263     -27.1811     -46.3267
                -45.2797     -47.4278     -42.7271     -50.2224     -45.0975
                -37.9204     -17.8786     -31.8922     -11.7263     -16.3922
                  2.3428     -15.7469      -4.7536      -1.7670       0.3928
                -29.2704     -40.9662     -37.8847     -43.0962     -45.8691
                -40.1896     -12.3811     -18.3948     -26.6664     -43.1708
 
 
 cumulative average & 95% error for solvation free energy
              total             1st component         2nd component         3rd component
  1   -98.4395             -156.3656               25.4663               32.4645
  2   -95.2237     6.4316  -159.2927     5.8541    39.6188    28.3050    24.4549    16.0193
  3   -96.4366     4.4355  -161.7890     6.0291    44.9953    19.5623    20.3619    12.3512
  4   -96.5012     3.1390  -162.0180     4.2878    51.9358    19.5965    13.5858    16.1225
  5   -96.3865     2.4423  -163.1671     4.0389    57.2075    18.4818     9.5779    14.8397
  6   -94.3283     4.5740  -160.9360     5.5485    59.7320    15.9126     6.8805    13.2632
  7   -95.1159     4.1744  -162.2732     5.3983    64.7903    16.8289     2.3717    14.3864
  8   -96.0558     4.0747  -163.5166     5.2953    69.1750    17.0092    -1.7095    14.8948
  9   -96.4973     3.7004  -163.9795     4.7609    72.9607    16.8032    -5.4737    15.1403
 10   -96.8131     3.3695  -165.1227     4.8333    76.7715    16.8513    -8.4572    14.7982
 11   -97.2724     3.1832  -165.5965     4.4734    79.0389    15.9028   -10.7101    14.1236
 12   -97.6799     3.0180  -165.6357     4.0844    80.1626    14.6902   -12.2020    13.2337
 13   -98.2191     2.9783  -166.0962     3.8683    81.3037    13.7043   -13.4219    12.4153
 14   -98.2468     2.7579  -166.4234     3.6406    81.4656    12.6919   -13.2842    11.4977
 15   -98.0936     2.5857  -166.9443     3.5458    81.1867    11.8287   -12.3313    10.8721
 16   -97.8349     2.4734  -166.9744     3.3173    80.6634    11.1141   -11.5192    10.2988
 17   -97.5861     2.3760  -166.5263     3.2424    78.7827    11.0968    -9.8377    10.2419
 18   -97.4237     2.2636  -166.7475     3.0888    78.0340    10.5688    -8.7054     9.9181
 19   -97.3172     2.1517  -166.7022     2.9231    77.6285    10.0299    -8.2387     9.4279
 20   -97.2938     2.0418  -166.8777     2.7952    77.4768     9.5200    -7.8881     8.9716
 21   -97.3051     1.9423  -166.8284     2.6606    76.9989     9.1057    -7.4709     8.5744
 22   -97.3338     1.8528  -166.8533     2.5373    76.3057     8.7919    -6.7815     8.2908
 23   -97.3943     1.7745  -166.9246     2.4286    76.2386     8.4020    -6.7035     7.9237
 24   -97.1950     1.7451  -167.1362     2.3634    76.9948     8.1852    -7.0488     7.6177
 25   -97.4463     1.7477  -167.3623     2.3116    78.0482     8.1288    -8.1275     7.6185
 26   -97.4387     1.6792  -167.4755     2.2324    79.1243     8.1010    -9.0827     7.5648
 27   -97.6162     1.6544  -167.6323     2.1709    80.0671     8.0200   -10.0463     7.5300
 28   -97.7663     1.6222  -167.7605     2.1076    80.7726     7.8560   -10.7737     7.4005
 29   -97.7306     1.5669  -167.7607     2.0336    81.7455     7.8261   -11.7106     7.3825
 30   -97.7133     1.5142  -167.6210     1.9844    82.3263     7.6494   -12.4139     7.2696
 31   -97.7263     1.4647  -167.6092     1.9195    82.7282     7.4421   -12.8406     7.0828
 32   -97.8702     1.4472  -167.6826     1.8643    82.4339     7.2298   -12.6168     6.8725
 33   -98.0213     1.4348  -167.8378     1.8334    82.6513     7.0207   -12.8301     6.6746
 34   -98.0032     1.3924  -167.8605     1.7793    82.3043     6.8464   -12.4422     6.5216
 35   -97.9405     1.3579  -167.7638     1.7385    82.0360     6.6695   -12.2080     6.3499
 36   -97.8245     1.3399  -167.5244     1.7560    81.1727     6.7077   -11.4680     6.3459
 37   -97.7636     1.3088  -167.6381     1.7230    81.1351     6.5243   -11.2558     6.1866
 38   -97.7826     1.2745  -167.5130     1.6956    80.5016     6.4754   -10.7665     6.1006
 39   -97.7595     1.2422  -167.6419     1.6716    80.1122     6.3551   -10.2250     6.0400
 40   -97.8513     1.2246  -167.7931     1.6571    79.6049     6.2767    -9.6584     5.9952
 41   -97.8953     1.1976  -167.9752     1.6567    79.9241     6.1549    -9.8395     5.8583
 42   -97.9398     1.1721  -167.9633     1.6169    80.3165     6.0576   -10.2881     5.7871
 43   -97.7591     1.2002  -167.8931     1.5851    80.7828     5.9882   -10.6440     5.6956
 44   -97.6395     1.1968  -167.9163     1.5493    81.3835     5.9725   -11.1019     5.6395
 45   -97.6525     1.1702  -168.1386     1.5784    82.0922     6.0079   -11.6013     5.6025
 46   -97.7103     1.1503  -168.2311     1.5548    82.4815     5.9272   -11.9560     5.5251
 47   -97.7592     1.1298  -168.2447     1.5216    82.1975     5.8275   -11.7072     5.4291
 48   -97.7107     1.1102  -168.2524     1.4896    82.1398     5.7060   -11.5934     5.3197
 49   -97.6301     1.0992  -168.1916     1.4640    82.2186     5.5905   -11.6523     5.2113
 50   -97.5978     1.0790  -168.2058     1.4347    82.6499     5.5451   -12.0372     5.1637
 
 Mesh error is    0.642 kcal/mol
