 ERmod 0.3.7, Copyright (C) 2000-2019 Nobuyuki Matubayasi
                            2010-2019 Shun Sakuraba
 ERmod comes with ABSOLUTELY NO WARRANTY.
 This is free software, and you can redistribute it
 and/or modify it under certain conditions.
 See LICENSE file for details.
 ERmod 0.3.7, Copyright (C) 2000-2019 Nobuyuki Matubayasi
                            2010-2019 Shun Sakuraba
 ERmod comes with ABSOLUTELY NO WARRANTY.
 This is free software, and you can redistribute it
 and/or modify it under certain conditions.
 See LICENSE file for details.
 
  Number of the   1-th solvent  =          109
  Number of the   2-th solvent  =          109
  Number of the   3-th solvent  =        10000
 
  Be sure that the solvent distribution is homogeneous (radial distribution function is essentially unity) when the solvent molecule is separated beyond distance of   10.0 Angstrom in any direction from any atom within the solute molecule
 
  LJ long-range correction    =        -0.0231     -0.0044     -0.8950
 
  Self-energy of the solute   =        -0.0001  kcal/mol
 
 
 cumulative average & 95% error for solvation energy
              total             1st component         2nd component         3rd component
  1   -48.1978               -2.6802                1.6112              -47.1287
  2   -48.1666     0.0624    -2.3807     0.5990     1.2307     0.7609   -47.0165     0.2243
  3   -48.1550     0.0429    -2.5315     0.4588     1.1499     0.4681   -46.7733     0.5034
  4   -48.1891     0.0747    -2.8330     0.6848     1.3396     0.5036   -46.6957     0.3883
  5   -48.1721     0.0672    -2.8268     0.5306     1.4896     0.4921   -46.8348     0.4097
  6   -48.1788     0.0565    -2.5746     0.6650     1.3774     0.4602   -46.9816     0.4452
  7   -48.1795     0.0477    -2.4967     0.5832     1.2290     0.4892   -46.9117     0.4014
  8   -48.1844     0.0425    -2.5434     0.5136     1.3466     0.4846   -46.9876     0.3793
  9   -48.1780     0.0396    -2.4026     0.5333     1.1383     0.5968   -46.9136     0.3658
 10   -48.1899     0.0427    -2.4248     0.4791     1.0831     0.5451   -46.8482     0.3524
 
 
 group  inft  solvation free energy     error          difference
  total solvation free energy
   1      0         -6.45929           0.06114           0.04756
   1     60         -6.49238           0.06116           0.01448
   1     80         -6.78988           0.06125          -0.28303
   1    100         -7.93290           0.06175          -1.42605
   2      0         -6.49135           0.05836           0.01551
   3      0         -6.50685           0.05872           0.00000
   4      0         -6.49850           0.06197           0.00836
   5      0         -6.51632           0.06188          -0.00946
   5     60         -6.55797           0.06192          -0.05111
   5     80         -6.93405           0.06204          -0.42719
   5    100         -7.99077           0.06228          -1.48391
 
  contribution from  1-th solvent component
   1      0         -1.77979           0.23363          -0.04094
   1     60         -1.78013           0.23363          -0.04127
   1     80         -1.78291           0.23360          -0.04406
   1    100         -1.79436           0.23355          -0.05551
   2      0         -1.74742           0.23199          -0.00857
   3      0         -1.73885           0.23104           0.00000
   4      0         -1.73136           0.22805           0.00749
   5      0         -1.73147           0.22891           0.00738
   5     60         -1.73192           0.22891           0.00693
   5     80         -1.73589           0.22888           0.00297
   5    100         -1.74679           0.22884          -0.00793
 
  contribution from  2-th solvent component
   1      0          1.23114           0.28413           0.05269
   1     60          1.23111           0.28416           0.05266
   1     80          1.23359           0.28431           0.05515
   1    100          1.24214           0.28474           0.06369
   2      0          1.19349           0.28609           0.01505
   3      0          1.17844           0.28546           0.00000
   4      0          1.17041           0.28224          -0.00803
   5      0          1.16461           0.28510          -0.01383
   5     60          1.16501           0.28514          -0.01344
   5     80          1.16877           0.28534          -0.00967
   5    100          1.17429           0.28579          -0.00415
 
  contribution from  3-th solvent component
   1      0         -5.91057           0.17993           0.03581
   1     60         -5.94329           0.17995           0.00308
   1     80         -6.24049           0.18015          -0.29412
   1    100         -7.38061           0.18099          -1.43423
   2      0         -5.93734           0.17988           0.00903
   3      0         -5.94638           0.17994           0.00000
   4      0         -5.93748           0.17727           0.00890
   5      0         -5.94939           0.17867          -0.00301
   5     60         -5.99099           0.17869          -0.04461
   5     80         -6.36686           0.17893          -0.42049
   5    100         -7.41820           0.17973          -1.47183
 
 
 group  inft   Estimated free energy: total (kcal/mol)
   1      0      -6.4883      -6.5261      -6.5739      -6.5470      -6.4125
                 -6.3515      -6.4866      -6.2575      -6.4413      -6.5083
   1     60      -6.5214      -6.5592      -6.6070      -6.5801      -6.4457
                 -6.3845      -6.5195      -6.2905      -6.4745      -6.5414
   1     80      -6.8194      -6.8567      -6.9045      -6.8779      -6.7441
                 -6.6823      -6.8163      -6.5871      -6.7720      -6.8384
   1    100      -7.9635      -7.9993      -8.0474      -8.0227      -7.8908
                 -7.8266      -7.9592      -7.7260      -7.9128      -7.9808
   2      0      -6.5103      -6.5424      -6.6109      -6.5734      -6.4443
                 -6.3791      -6.5146      -6.3035      -6.5001      -6.5350
   3      0      -6.5256      -6.5657      -6.6247      -6.5961      -6.4533
                 -6.4007      -6.5208      -6.3179      -6.5142      -6.5495
   4      0      -6.5136      -6.5648      -6.6209      -6.5897      -6.4375
                 -6.3724      -6.5129      -6.3090      -6.5170      -6.5472
   5      0      -6.5347      -6.5723      -6.6451      -6.6247      -6.4298
                 -6.4097      -6.5305      -6.3322      -6.5378      -6.5465
   5     60      -6.5764      -6.6139      -6.6869      -6.6664      -6.4715
                 -6.4513      -6.5720      -6.3736      -6.5794      -6.5882
   5     80      -6.9527      -6.9900      -7.0629      -7.0432      -6.8484
                 -6.8276      -6.9477      -6.7486      -6.9552      -6.9640
   5    100      -8.0096      -8.0470      -8.1195      -8.1019      -7.9082
                 -7.8851      -8.0042      -7.8024      -8.0109      -8.0190
 
 group  inft   Estimated free energy: 1-th solvent contribution (kcal/mol)
   1      0      -1.9661      -1.6396      -2.0660      -2.3868      -1.9393
                 -1.1998      -1.5610      -1.9183      -1.2456      -1.8755
   1     60      -1.9665      -1.6399      -2.0663      -2.3872      -1.9396
                 -1.2001      -1.5614      -1.9186      -1.2460      -1.8758
   1     80      -1.9696      -1.6427      -2.0686      -2.3901      -1.9425
                 -1.2030      -1.5642      -1.9211      -1.2489      -1.8785
   1    100      -1.9816      -1.6544      -2.0794      -2.4019      -1.9543
                 -1.2144      -1.5759      -1.9314      -1.2607      -1.8897
   2      0      -1.9316      -1.5948      -2.0301      -2.3433      -1.9194
                 -1.1690      -1.5372      -1.8884      -1.2171      -1.8433
   3      0      -1.9196      -1.5878      -2.0272      -2.3286      -1.9105
                 -1.1634      -1.5235      -1.8800      -1.2115      -1.8366
   4      0      -1.9076      -1.5831      -2.0196      -2.3029      -1.9060
                 -1.1480      -1.5241      -1.8698      -1.2178      -1.8349
   5      0      -1.9137      -1.5780      -2.0161      -2.3197      -1.8891
                 -1.1578      -1.5197      -1.8732      -1.2154      -1.8320
   5     60      -1.9141      -1.5785      -2.0165      -2.3201      -1.8895
                 -1.1583      -1.5202      -1.8737      -1.2159      -1.8325
   5     80      -1.9183      -1.5825      -2.0201      -2.3242      -1.8936
                 -1.1623      -1.5242      -1.8773      -1.2199      -1.8364
   5    100      -1.9296      -1.5935      -2.0304      -2.3352      -1.9049
                 -1.1732      -1.5353      -1.8876      -1.2310      -1.8472
 
 group  inft   Estimated free energy: 2-th solvent contribution (kcal/mol)
   1      0       1.5202       1.0469       1.1172       1.5539       1.7293
                  1.1944       0.8189       1.9172       0.4407       0.9728
   1     60       1.5202       1.0468       1.1171       1.5539       1.7293
                  1.1945       0.8188       1.9172       0.4406       0.9727
   1     80       1.5226       1.0491       1.1190       1.5566       1.7318
                  1.1973       0.8211       1.9205       0.4428       0.9752
   1    100       1.5312       1.0579       1.1265       1.5643       1.7408
                  1.2066       0.8285       1.9316       0.4509       0.9830
   2      0       1.4903       1.0143       1.0714       1.5116       1.7038
                  1.1591       0.7927       1.8718       0.3828       0.9371
   3      0       1.4751       0.9881       1.0613       1.4854       1.6939
                  1.1417       0.7826       1.8585       0.3710       0.9270
   4      0       1.4611       0.9799       1.0487       1.4628       1.6901
                  1.1413       0.7844       1.8418       0.3707       0.9232
   5      0       1.4610       0.9700       1.0442       1.4550       1.7034
                  1.1268       0.7740       1.8343       0.3573       0.9201
   5     60       1.4613       0.9704       1.0445       1.4554       1.7038
                  1.1273       0.7743       1.8350       0.3576       0.9205
   5     80       1.4652       0.9741       1.0479       1.4588       1.7078
                  1.1313       0.7777       1.8398       0.3611       0.9242
   5    100       1.4713       0.9795       1.0523       1.4629       1.7143
                  1.1377       0.7821       1.8474       0.3658       0.9296
 
 group  inft   Estimated free energy: 3-th solvent contribution (kcal/mol)
   1      0      -6.0423      -5.9333      -5.6251      -5.7140      -6.2025
                 -6.3461      -5.7443      -6.2564      -5.6363      -5.6055
   1     60      -6.0750      -5.9660      -5.6578      -5.7468      -6.2353
                 -6.3789      -5.7769      -6.2891      -5.6690      -5.6382
   1     80      -6.3725      -6.2630      -5.9548      -6.0443      -6.5332
                 -6.6766      -6.0732      -6.5864      -5.9658      -5.9351
   1    100      -7.5131      -7.4028      -7.0945      -7.1850      -7.6772
                 -7.8187      -7.2118      -7.7261      -7.1029      -7.0740
   2      0      -6.0689      -5.9619      -5.6521      -5.7416      -6.2286
                 -6.3691      -5.7701      -6.2868      -5.6657      -5.6287
   3      0      -6.0810      -5.9659      -5.6587      -5.7529      -6.2366
                 -6.3789      -5.7798      -6.2964      -5.6736      -5.6399
   4      0      -6.0671      -5.9615      -5.6500      -5.7496      -6.2216
                 -6.3656      -5.7732      -6.2809      -5.6698      -5.6355
   5      0      -6.0819      -5.9642      -5.6731      -5.7600      -6.2441
                 -6.3786      -5.7847      -6.2932      -5.6796      -5.6345
   5     60      -6.1235      -6.0058      -5.7148      -5.8016      -6.2857
                 -6.4202      -5.8261      -6.3349      -5.7211      -5.6761
   5     80      -6.4995      -6.3815      -6.0906      -6.1778      -6.6625
                 -6.7966      -6.2011      -6.7110      -6.0963      -6.0518
   5    100      -7.5512      -7.4329      -7.1413      -7.2295      -7.7175
                 -7.8495      -7.2510      -7.7622      -7.1456      -7.1014
 
 
 cumulative average & 95% error for solvation free energy
              total             1st component         2nd component         3rd component
  1    -6.5256               -1.9196                1.4751               -6.0810
  2    -6.5457     0.0401    -1.7537     0.3318     1.2316     0.4870    -6.0235     0.1151
  3    -6.5720     0.0575    -1.8449     0.2645     1.1748     0.3032    -5.9019     0.2521
  4    -6.5780     0.0424    -1.9658     0.3057     1.2525     0.2647    -5.8646     0.1932
  5    -6.5531     0.0597    -1.9547     0.2379     1.3407     0.2706    -5.9390     0.2110
  6    -6.5277     0.0704    -1.8228     0.3276     1.3076     0.2307    -6.0123     0.2262
  7    -6.5267     0.0596    -1.7801     0.2898     1.2326     0.2460    -5.9791     0.2024
  8    -6.5006     0.0734    -1.7926     0.2522     1.3108     0.2643    -6.0188     0.1924
  9    -6.5021     0.0648    -1.7280     0.2572     1.2064     0.3130    -5.9804     0.1862
 10    -6.5069     0.0587    -1.7389     0.2310     1.1784     0.2855    -5.9464     0.1799
