 ERmod 0.3.8, Copyright (C) 2000-2019 Nobuyuki Matubayasi
                            2010-2019 Shun Sakuraba
 ERmod comes with ABSOLUTELY NO WARRANTY.
 This is free software, and you can redistribute it
 and/or modify it under certain conditions.
 See LICENSE file for details.
 
  Number of the   1-th solvent  =          368
  Number of the   2-th solvent  =          368
  Number of the   3-th solvent  =        10000
 
  Be sure that the solvent distribution is homogeneous (radial distribution function is essentially unity) when the solvent molecule is separated beyond distance of   10.0 Angstrom in any direction from any atom within the solute molecule
 
  LJ long-range correction    =        -0.6509     -0.1232     -7.4645
 
  Self-energy of the solute   =        -0.0004  kcal/mol
 
 
 cumulative average & 95% error for solvation energy
              total             1st component         2nd component         3rd component
  1  -505.3059             -111.5604             -118.4875             -275.2576
  2  -504.4604     1.6911  -111.9948     0.8689  -114.7609     7.4531  -277.7042     4.8931
  3  -503.6625     1.8708  -111.6100     0.9186  -111.0363     8.6028  -281.0157     7.2003
  4  -502.8948     2.0266  -111.4529     0.7216  -107.2115     9.7734  -284.2300     8.2006
  5  -502.4789     1.7766  -111.2716     0.6663  -104.8193     8.9556  -286.3876     7.6793
  6  -502.3135     1.4878  -111.3969     0.5990  -103.8999     7.5399  -287.0163     6.3949
  7  -502.4538     1.2883  -111.7721     0.9053  -103.7433     6.3800  -286.9379     5.4070
  8  -502.2862     1.1650  -111.7250     0.7897  -103.1786     5.6395  -287.3822     4.7661
  9  -502.1778     1.0501  -111.8753     0.7585  -102.1102     5.4132  -288.1919     4.5045
 10  -502.2225     0.9434  -112.2595     1.0251  -102.1962     4.8448  -287.7663     4.1179
 11  -502.3529     0.8923  -112.1146     0.9714  -103.1545     4.7830  -287.0833     3.9674
 12  -502.3237     0.8167  -111.9317     0.9593  -102.8730     4.4024  -287.5185     3.7248
 13  -502.3989     0.7662  -112.0973     0.9426  -102.8422     4.0501  -287.4589     3.4284
 14  -502.4657     0.7218  -112.0000     0.8941  -102.9983     3.7627  -287.4670     3.1741
 15  -502.3823     0.6924  -112.2679     0.9899  -102.0854     3.9501  -288.0285     3.1611
 16  -502.6348     0.8213  -112.3609     0.9444  -103.8956     5.1729  -286.3780     4.4318
 17  -502.7340     0.7966  -112.2366     0.9213  -104.6302     5.0764  -285.8667     4.2867
 18  -502.6697     0.7620  -112.2797     0.8728  -104.2147     4.8577  -286.1749     4.0882
 19  -502.7625     0.7443  -112.4344     0.8817  -104.5818     4.6532  -285.7459     3.9611
 20  -502.7783     0.7068  -112.4678     0.8391  -104.6953     4.4203  -285.6148     3.7670
 21  -502.6867     0.6968  -112.5139     0.8035  -103.8306     4.5463  -286.3418     3.8669
 22  -502.7839     0.6922  -112.2794     0.8982  -104.5142     4.5452  -285.9899     3.7535
 23  -502.7588     0.6634  -112.2281     0.8644  -104.1294     4.4108  -286.4008     3.6796
 24  -502.6334     0.6828  -112.2961     0.8387  -103.2953     4.5405  -287.0415     3.7487
 25  -502.5267     0.6888  -112.2030     0.8257  -102.9119     4.4221  -287.4114     3.6710
 26  -502.4943     0.6650  -112.1375     0.8041  -102.8658     4.2496  -287.4906     3.5305
 27  -502.4303     0.6525  -112.0905     0.7794  -102.5607     4.1345  -287.7787     3.4457
 28  -502.4491     0.6299  -112.2585     0.8227  -102.3054     4.0167  -287.8848     3.3272
 29  -502.5348     0.6315  -112.3869     0.8344  -102.7026     3.9563  -287.4449     3.3288
 30  -502.4984     0.6144  -112.4613     0.8197  -102.5240     3.8388  -287.5127     3.2188
 31  -502.4303     0.6097  -112.5500     0.8124  -102.1185     3.8004  -287.7615     3.1527
 32  -502.4273     0.5904  -112.5916     0.7910  -102.0311     3.6839  -287.8042     3.0538
 33  -502.3700     0.5836  -112.5159     0.7815  -101.9506     3.5741  -287.9030     2.9664
 34  -502.5515     0.6725  -112.3156     0.8575  -103.4757     4.6181  -286.7598     3.6756
 35  -502.4955     0.6626  -112.3030     0.8330  -103.1754     4.5243  -287.0167     3.6059
 36  -502.4558     0.6488  -112.2972     0.8096  -102.8484     4.4452  -287.3098     3.5530
 37  -502.3788     0.6495  -112.2548     0.7920  -102.3685     4.4286  -287.7551     3.5685
 38  -502.4143     0.6362  -112.2805     0.7726  -102.5369     4.3237  -287.5965     3.4878
 39  -502.4496     0.6237  -112.2404     0.7568  -102.8880     4.2695  -287.3208     3.4417
 40  -502.4007     0.6157  -112.2214     0.7386  -102.6096     4.1984  -287.5692     3.3911
 41  -502.4322     0.6038  -112.3061     0.7400  -102.6610     4.0960  -287.4647     3.3140
 42  -502.4068     0.5914  -112.2245     0.7404  -102.5011     4.0101  -287.6807     3.2628
 43  -502.3640     0.5838  -112.2614     0.7267  -102.1439     3.9804  -287.9583     3.2341
 44  -502.3075     0.5815  -112.2775     0.7107  -101.7263     3.9775  -288.3032     3.2341
 45  -502.2842     0.5703  -112.2710     0.6949  -101.5072     3.9127  -288.5056     3.1872
 46  -502.2505     0.5619  -112.2788     0.6798  -101.3475     3.8400  -288.6238     3.1261
 47  -502.2539     0.5498  -112.2674     0.6655  -101.3314     3.7576  -288.6547     3.0595
 48  -502.2293     0.5405  -112.2597     0.6517  -101.2185     3.6854  -288.7506     3.0012
 49  -502.1977     0.5331  -112.2822     0.6399  -100.9655     3.6447  -288.9495     2.9661
 50  -502.1429     0.5337  -112.2196     0.6393  -100.7656     3.5933  -289.1572     2.9358
 
 
 group  inft  solvation free energy     error          difference
  total solvation free energy
   1      0        -82.94182           0.47651           0.24950
   1     60        -83.16201           0.47668           0.02931
   1     80        -85.31007           0.47757          -2.11875
   1    100        -93.55445           0.48010         -10.36313
   2      0        -82.82330           0.48506           0.36802
   3      0        -83.19132           0.48385           0.00000
   4      0        -82.93641           0.48669           0.25490
   5      0        -82.85552           0.49668           0.33580
   5     60        -83.16612           0.49684           0.02520
   5     80        -85.84244           0.49802          -2.65112
   5    100        -93.50745           0.50023         -10.31613
 
  contribution from  1-th solvent component
   1      0        -97.97345           0.43930          -0.08364
   1     60        -97.98283           0.43929          -0.09303
   1     80        -98.06682           0.43912          -0.17702
   1    100        -98.39474           0.43902          -0.50494
   2      0        -97.84664           0.44971           0.04317
   3      0        -97.88981           0.45149           0.00000
   4      0        -97.59016           0.46053           0.29965
   5      0        -97.60527           0.46506           0.28454
   5     60        -97.61616           0.46501           0.27365
   5     80        -97.72355           0.46481           0.16626
   5    100        -98.02745           0.46464          -0.13764
 
  contribution from  2-th solvent component
   1      0         -4.22366           2.04957           0.39444
   1     60         -4.20527           2.04969           0.41283
   1     80         -4.12090           2.05076           0.49720
   1    100         -3.85685           2.05585           0.76125
   2      0         -4.28919           2.04591           0.32891
   3      0         -4.61810           2.04347           0.00000
   4      0         -4.66170           2.04310          -0.04361
   5      0         -4.52615           2.04237           0.09195
   5     60         -4.51176           2.04247           0.10634
   5     80         -4.40508           2.04388           0.21301
   5    100         -4.16327           2.04846           0.45482
 
  contribution from  3-th solvent component
   1      0         19.25573           1.74143          -0.06130
   1     60         19.02653           1.74128          -0.29050
   1     80         16.87809           1.74124          -2.43894
   1    100          8.69758           1.74613         -10.61945
   2      0         19.31298           1.74177          -0.00405
   3      0         19.31703           1.74174           0.00000
   4      0         19.31589           1.74160          -0.00114
   5      0         19.27634           1.74266          -0.04069
   5     60         18.96224           1.74247          -0.35479
   5     80         16.28663           1.74265          -3.03040
   5    100          8.68371           1.74751         -10.63332
 
 
 group  inft   Estimated free energy: total (kcal/mol)
   1      0     -84.2455     -86.3084     -83.1462     -84.5357     -81.6111
                -84.1715     -85.3272     -83.3695     -84.1360     -83.7628
                -83.2725     -81.4930     -83.7411     -83.5614     -82.8047
                -83.2778     -83.6867     -82.2180     -84.1005     -82.4502
                -82.9368     -81.9436     -82.0789     -80.9958     -80.9780
                -85.2489     -78.8587     -83.5257     -85.8342     -85.2188
                -83.5455     -84.2840     -82.8562     -84.6118     -80.9588
                -82.0415     -78.5970     -84.7170     -82.4825     -80.3196
                -82.3697     -83.0959     -82.3782     -78.8839     -84.2108
                -81.2674     -83.3695     -82.4937     -83.1564     -82.6121
   1     60     -84.4673     -86.5285     -83.3671     -84.7555     -81.8302
                -84.3922     -85.5482     -83.5892     -84.3558     -83.9822
                -83.4939     -81.7118     -83.9630     -83.7822     -83.0242
                -83.5000     -83.9077     -82.4380     -84.3221     -82.6710
                -83.1565     -82.1659     -82.2997     -81.2152     -81.1977
                -85.4687     -79.0778     -83.7456     -86.0561     -85.4387
                -83.7660     -84.5048     -83.0771     -84.8339     -81.1779
                -82.2595     -78.8145     -84.9386     -82.7034     -80.5384
                -82.5908     -83.3152     -82.5977     -79.1031     -84.4302
                -81.4870     -83.5900     -82.7130     -83.3765     -82.8315
   1     80     -86.6206     -88.6772     -85.5194     -86.9048     -83.9692
                -86.5448     -87.7005     -85.7389     -86.5036     -86.1267
                -85.6459     -83.8556     -86.1237     -85.9350     -85.1666
                -85.6550     -86.0611     -84.5863     -86.4731     -84.8240
                -85.3025     -84.3260     -84.4493     -83.3633     -83.3445
                -87.6165     -81.2213     -85.8913     -88.2120     -87.5844
                -85.9189     -86.6540     -85.2286     -86.9822     -83.3223
                -84.3951     -80.9465     -87.0940     -84.8537     -82.6760
                -84.7457     -85.4582     -84.7361     -81.2441     -86.5759
                -83.6306     -85.7423     -84.8593     -85.5228     -84.9739
   1    100     -94.8640     -96.9244     -93.7764     -95.1607     -92.1884
                -94.8034     -95.9570     -93.9937     -94.7567     -94.3649
                -93.8787     -92.0813     -94.4046     -94.1974     -93.3912
                -93.8796     -94.3224     -92.8435     -94.7094     -93.0665
                -93.5541     -92.5917     -92.7061     -91.6174     -91.5983
                -95.8670     -89.4419     -94.1246     -96.4737     -95.8297
                -94.1938     -94.9153     -93.4878     -95.1712     -91.5530
                -92.6063     -89.1353     -95.3577     -93.0811     -90.8857
                -93.0041     -93.7014     -92.9605     -89.4769     -94.8308
                -91.8666     -94.0127     -93.1103     -93.7807     -93.2228
   2      0     -84.1109     -86.0883     -83.0502     -84.1707     -81.3491
                -84.1728     -85.1092     -83.3551     -84.0132     -83.5811
                -83.2308     -81.3801     -83.5296     -83.3687     -82.5494
                -83.1418     -83.4667     -81.8952     -84.0353     -82.4171
                -83.0118     -81.6783     -82.0586     -80.8180     -80.9277
                -85.3060     -78.5577     -83.5180     -85.6813     -85.0463
                -83.2718     -84.0706     -82.8894     -84.2802     -80.9433
                -81.8522     -78.2673     -84.6731     -82.5075     -80.0826
                -82.1217     -83.1498     -82.4228     -78.4737     -84.3311
                -81.3909     -83.3994     -82.6747     -83.2519     -82.4921
   3      0     -84.6584     -86.2789     -83.5336     -84.3939     -81.6557
                -84.4691     -85.5920     -83.5934     -84.2876     -83.7745
                -83.5630     -81.9050     -83.7937     -83.7608     -82.9846
                -83.5154     -83.6749     -82.3181     -84.4270     -82.8532
                -83.5346     -81.9533     -82.4444     -81.0899     -81.3652
                -85.6869     -79.0960     -83.8578     -85.9698     -85.2622
                -83.7036     -84.3563     -83.2791     -84.6210     -81.3514
                -82.1825     -78.4246     -85.0854     -83.0262     -80.4182
                -82.3778     -83.8178     -82.8535     -78.7435     -84.7883
                -81.9102     -83.7300     -82.9324     -83.7628     -82.9085
   4      0     -84.4065     -86.1688     -83.1722     -84.3139     -81.5330
                -84.4022     -85.2378     -83.4136     -84.0531     -83.5278
                -83.3351     -81.6336     -83.5543     -83.3309     -82.8313
                -83.2246     -83.5646     -82.0237     -84.2607     -82.6633
                -83.2022     -81.7202     -82.2560     -80.8600     -80.9778
                -85.2189     -78.6153     -83.7080     -85.7719     -85.0514
                -83.4280     -84.1778     -82.9939     -84.3496     -81.1056
                -81.9187     -78.2979     -84.7410     -82.6838     -80.0256
                -82.1630     -83.4747     -82.5059     -78.5916     -84.5836
                -81.5552     -83.3383     -82.7396     -83.4455     -82.6687
   5      0     -84.3227     -86.0674     -83.1482     -83.9250     -81.3891
                -84.3675     -85.4784     -83.2212     -83.7481     -83.4713
                -83.0843     -81.6844     -83.4225     -83.3403     -82.7291
                -83.0048     -83.4775     -81.8318     -84.1956     -82.7908
                -83.0845     -81.7070     -82.1985     -80.7324     -80.9811
                -85.3257     -78.4448     -83.8077     -85.7243     -85.0069
                -83.3166     -83.9592     -83.0786     -84.2767     -80.9239
                -81.7668     -78.1345     -84.7290     -82.3890     -79.7501
                -82.0366     -83.7233     -82.6878     -78.3728     -84.3172
                -81.6438     -83.4256     -82.5231     -83.5812     -82.4272
   5     60     -84.6349     -86.3781     -83.4597     -84.2358     -81.6980
                -84.6783     -85.7894     -83.5318     -84.0585     -83.7812
                -83.3963     -81.9937     -83.7348     -83.6517     -83.0390
                -83.3177     -83.7892     -82.1421     -84.5075     -83.1028
                -83.3941     -82.0199     -82.5092     -81.0419     -81.2911
                -85.6360     -78.7549     -84.1175     -86.0363     -85.3170
                -83.6272     -84.2707     -83.3895     -84.5897     -81.2339
                -82.0752     -78.4426     -85.0411     -82.7006     -80.0588
                -82.3477     -84.0323     -82.9973     -78.6821     -84.6275
                -81.9543     -83.7365     -82.8327     -83.8912     -82.7367
   5     80     -87.3161     -89.0553     -86.1420     -86.9115     -84.3647
                -87.3591     -88.4690     -86.2089     -86.7339     -86.4587
                -86.0768     -84.6654     -86.4247     -86.3339     -85.7079
                -85.9988     -86.4722     -84.8207     -87.1874     -85.7848
                -86.0706     -84.7084     -85.1882     -83.7168     -83.9658
                -88.3116     -81.4226     -86.7911     -88.7212     -87.9898
                -86.3098     -86.9494     -86.0706     -87.2645     -83.9054
                -84.7371     -81.0946     -87.7261     -85.3789     -82.7212
                -85.0310     -86.7056     -85.6652     -81.3483     -87.3041
                -84.6272     -86.4203     -85.5094     -86.5681     -85.4074
   5    100     -94.9774     -96.7193     -93.8204     -94.5867     -92.0110
                -95.0359     -96.1427     -93.8811     -94.4093     -94.1227
                -93.7300     -92.3137     -94.1175     -94.0158     -93.3554
                -93.6435     -94.1489     -92.4998     -94.8449     -93.4490
                -93.7480     -92.3876     -92.8651     -91.3925     -91.6429
                -95.9791     -89.0604     -94.4479     -96.3939     -95.6511
                -94.0005     -94.6245     -93.7551     -94.8770     -91.5562
                -92.3724     -88.7040     -95.4071     -93.0273     -90.3560
                -92.7048     -94.3709     -93.3203     -89.0041     -94.9845
                -92.2908     -94.1085     -93.1818     -94.2526     -93.0808
 
 group  inft   Estimated free energy: 1-th solvent contribution (kcal/mol)
   1      0     -97.7699     -98.7024     -97.4431     -97.2870     -96.5654
                -98.9426     -99.9704     -98.4380     -99.0627     -98.3934
                -97.7719     -96.5901     -98.6417     -96.5549    -100.8652
                -97.8652     -94.9091     -97.0273    -100.6877     -98.6638
                -99.3346     -93.4715     -97.0609     -98.4323     -96.3677
                -97.9778     -94.9030    -100.9544     -99.6915    -100.4020
               -100.0863     -99.0824     -97.7162     -95.9613     -97.8867
                -97.6410     -96.5004     -98.6669     -97.1439     -97.6068
                -98.1495     -96.9436     -99.5289     -96.3215     -98.2683
                -98.3698     -96.9915     -98.2495     -99.6840     -97.1266
   1     60     -97.7793     -98.7116     -97.4525     -97.2964     -96.5748
                -98.9519     -99.9799     -98.4474     -99.0720     -98.4027
                -97.7812     -96.5995     -98.6512     -96.5643    -100.8745
                -97.8745     -94.9186     -97.0369    -100.6969     -98.6730
                -99.3440     -93.4810     -97.0703     -98.4418     -96.3770
                -97.9872     -94.9126    -100.9637     -99.7009    -100.4113
               -100.0957     -99.0917     -97.7256     -95.9705     -97.8961
                -97.6504     -96.5099     -98.6764     -97.1532     -97.6162
                -98.1590     -96.9530     -99.5382     -96.3311     -98.2776
                -98.3792     -97.0009     -98.2589     -99.6933     -97.1360
   1     80     -97.8636     -98.7947     -97.5373     -97.3808     -96.6592
                -99.0345    -100.0641     -98.5312     -99.1552     -98.4862
                -97.8640     -96.6841     -98.7366     -96.6485    -100.9575
                -97.9583     -95.0044     -97.1223    -100.7793     -98.7554
                -99.4274     -93.5667     -97.1553     -98.5267     -96.4607
                -98.0704     -94.9989    -101.0462     -99.7850    -100.4948
               -100.1797     -99.1752     -97.8092     -96.0525     -97.9810
                -97.7350     -96.5948     -98.7611     -97.2368     -97.7005
                -98.2448     -97.0370     -99.6200     -96.4170     -98.3603
                -98.4623     -97.0854     -98.3423     -99.7773     -97.2200
   1    100     -98.1928     -99.1192     -97.8672     -97.7108     -96.9858
                -99.3592    -100.3956     -98.8604     -99.4815     -98.8115
                -98.1883     -97.0127     -99.0683     -96.9762    -101.2839
                -98.2846     -95.3334     -97.4529    -101.1046     -99.0776
                -99.7556     -93.8953     -97.4851     -98.8577     -96.7847
                -98.3964     -95.3304    -101.3724    -100.1125    -100.8239
               -100.5104     -99.5020     -98.1368     -96.3735     -98.3134
                -98.0655     -96.9245     -99.0922     -97.5635     -98.0297
                -98.5759     -97.3652     -99.9434     -96.7488     -98.6840
                -98.7877     -97.4136     -98.6696    -100.1074     -97.5494
   2      0     -97.6594     -98.6305     -97.3162     -97.1488     -96.3779
                -98.8684     -99.8455     -98.3482     -98.9519     -98.1338
                -97.7642     -96.5158     -98.4630     -96.4128    -100.8281
                -97.7281     -94.6689     -96.8673    -100.6246     -98.5650
                -99.2228     -93.1529     -96.8834     -98.3144     -96.2547
                -97.9123     -94.6503    -100.8470     -99.5260    -100.3024
                -99.9929     -98.9792     -97.6460     -95.8735     -97.7894
                -97.4966     -96.3416     -98.5215     -97.0508     -97.4773
                -97.9148     -96.8480     -99.4466     -96.0189     -98.1986
                -98.3024     -96.8077     -98.1911     -99.6071     -97.0433
   3      0     -97.7231     -98.6561     -97.3500     -97.1609     -96.4122
                -98.9297     -99.9236     -98.4011     -99.0111     -98.1266
                -97.7901     -96.5493     -98.4870     -96.4578    -100.8782
                -97.7610     -94.6299     -96.8899    -100.6385     -98.6187
                -99.2894     -93.1248     -96.9473     -98.3573     -96.3270
                -98.0344     -94.7538    -100.8972     -99.5889    -100.3276
               -100.0341     -98.9996     -97.7023     -95.9916     -97.7929
                -97.5273     -96.3117     -98.5907     -97.0934     -97.5757
                -97.8943     -96.9306     -99.5241     -96.0380     -98.2945
                -98.3898     -96.8273     -98.2015     -99.6274     -97.1012
   4      0     -97.3186     -98.4236     -97.1522     -96.8909     -96.1864
                -98.7398     -99.5269     -98.1047     -98.7869     -97.9039
                -97.6346     -96.2874     -98.2133     -96.0237    -100.7027
                -97.4647     -94.3737     -96.5951    -100.4658     -98.3595
                -98.9497     -92.7773     -96.6391     -98.0728     -95.9409
                -97.5572     -94.2192    -100.5958     -99.3122    -100.0977
                -99.8046     -98.7732     -97.4369     -95.6812     -97.5364
                -97.1773     -95.9975     -98.2469     -96.6553     -97.0619
                -97.6760     -96.6442     -99.2185     -95.7698     -97.8943
                -97.9674     -96.4785     -97.9458     -99.4125     -96.8135
   5      0     -97.3193     -98.4644     -97.1272     -96.6872     -96.1085
                -98.8446     -99.8365     -98.0793     -98.6718     -97.9174
                -97.5173     -96.3512     -98.2417     -96.0911    -100.6550
                -97.3839     -94.3877     -96.5006    -100.4291     -98.5203
                -98.9083     -92.8455     -96.6802     -98.0035     -95.9672
                -97.7424     -94.2565    -100.7610     -99.3790    -100.1101
                -99.8287     -98.7108     -97.5210     -95.7591     -97.4972
                -97.1574     -95.9749     -98.2998     -96.5456     -96.9662
                -97.6192     -96.8327     -99.3576     -95.6955     -97.8463
                -98.0988     -96.6164     -97.8856     -99.5452     -96.7174
   5     60     -97.3302     -98.4752     -97.1382     -96.6981     -96.1196
                -98.8553     -99.8472     -98.0901     -98.6826     -97.9283
                -97.5281     -96.3623     -98.2527     -96.1021    -100.6657
                -97.3948     -94.3991     -96.5118    -100.4396     -98.5310
                -98.9190     -92.8568     -96.6913     -98.0145     -95.9782
                -97.7531     -94.2678    -100.7716     -99.3899    -100.1208
                -99.8394     -98.7216     -97.5318     -95.7698     -97.5081
                -97.1683     -95.9860     -98.3107     -96.5564     -96.9772
                -97.6304     -96.8436     -99.3682     -95.7068     -97.8571
                -98.1096     -96.6273     -97.8964     -99.5560     -96.7283
   5     80     -97.4374     -98.5819     -97.2466     -96.8055     -96.2280
                -98.9613     -99.9540     -98.1976     -98.7895     -98.0359
                -97.6347     -96.4707     -98.3609     -96.2102    -100.7722
                -97.5022     -94.5084     -96.6208    -100.5450     -98.6370
                -99.0257     -92.9658     -96.7995     -98.1223     -96.0854
                -97.8596     -94.3775    -100.8769     -99.4970    -100.2270
                -99.9464     -98.8286     -97.6388     -95.8750     -97.6157
                -97.2761     -96.0947     -98.4186     -96.6630     -97.0855
                -97.7393     -96.9508     -99.4739     -95.8163     -97.9639
                -98.2168     -96.7352     -98.0036     -99.6635     -96.8354
   5    100     -97.7408     -98.8846     -97.5528     -97.1097     -96.5327
                -99.2630    -100.2580     -98.5032     -99.0934     -98.3391
                -97.9377     -96.7768     -98.6656     -96.5157    -101.0756
                -97.8056     -94.8130     -96.9269    -100.8461     -98.9377
                -99.3291     -93.2698     -97.1042     -98.4269     -96.3874
                -98.1617     -94.6838    -101.1774     -99.7997    -100.5296
               -100.2507     -99.1321     -97.9429     -96.1742     -97.9203
                -97.5808     -96.4008     -98.7238     -96.9649     -97.3923
                -98.0448     -97.2544     -99.7760     -96.1229     -98.2671
                -98.5210     -97.0389     -98.3081     -99.9693     -97.1397
 
 group  inft   Estimated free energy: 2-th solvent contribution (kcal/mol)
   1      0     -13.6787     -11.8047      -5.8801      -2.9412      -0.6551
                 -3.7752      -5.6554      -3.0456      -1.0075      -7.6155
                -10.7875      -2.4691      -6.1342      -7.0229       2.3963
                -21.0207     -13.7350      -3.1780      -9.5663      -7.3535
                  3.7806     -13.8766      -0.9008       5.4735       0.1338
                 -5.9279      -0.1215      -1.0151     -13.2641      -3.2472
                  0.9841      -4.3582      -3.4083     -32.1030       0.9898
                  1.5591       7.4756      -9.8100     -12.7690       2.6000
                 -6.2769      -1.0660       4.0967       6.3419      -0.2537
                  0.4480      -4.8619      -0.9082       2.6079       1.4243
   1     60     -13.6610     -11.7867      -5.8618      -2.9226      -0.6368
                 -3.7571      -5.6374      -3.0269      -0.9892      -7.5970
                -10.7692      -2.4495      -6.1166      -7.0045       2.4154
                -21.0031     -13.7176      -3.1597      -9.5482      -7.3351
                  3.7992     -13.8592      -0.8830       5.4921       0.1521
                 -5.9097      -0.1021      -0.9962     -13.2465      -3.2286
                  1.0024      -4.3403      -3.3906     -32.0853       1.0096
                  1.5786       7.4957      -9.7925     -12.7507       2.6196
                 -6.2589      -1.0477       4.1155       6.3606      -0.2350
                  0.4667      -4.8439      -0.8893       2.6257       1.4428
   1     80     -13.5815     -11.7094      -5.7783      -2.8389      -0.5495
                 -3.6730      -5.5546      -2.9416      -0.9056      -7.5171
                -10.6870      -2.3599      -6.0357      -6.9223       2.5050
                -20.9256     -13.6407      -3.0780      -9.4664      -7.2513
                  3.8876     -13.7803      -0.7992       5.5815       0.2377
                 -5.8282      -0.0114      -0.9083     -13.1678      -3.1447
                  1.0856      -4.2590      -3.3094     -32.0082       1.1014
                  1.6688       7.5957      -9.7150     -12.6685       2.7135
                 -6.1752      -0.9629       4.2050       6.4526      -0.1512
                  0.5528      -4.7635      -0.8033       2.7109       1.5293
   1    100     -13.3405     -11.4811      -5.5190      -2.5791      -0.2705
                 -3.4115      -5.2993      -2.6749      -0.6446      -7.2747
                -10.4296      -2.0715      -5.7885      -6.6695       2.7939
                -20.6924     -13.4122      -2.8286      -9.2137      -6.9899
                  4.1696     -13.5427      -0.5378       5.8672       0.5054
                 -5.5742       0.2827      -0.6289     -12.9307      -2.8827
                  1.3421      -4.0107      -3.0579     -31.7771       1.4008
                  1.9638       7.9354      -9.4825     -12.4140       3.0275
                 -5.9147      -0.6988       4.4970       6.7539       0.1079
                  0.8242      -4.5186      -0.5340       2.9788       1.8039
   2      0     -13.7237     -11.7022      -5.9532      -2.7548      -0.6360
                 -3.8804      -5.6328      -3.1754      -1.0590      -7.7490
                -10.7958      -2.5041      -6.1926      -7.0403       2.5242
                -21.0833     -13.8210      -3.0497      -9.6179      -7.4926
                  3.5067     -14.0089      -1.1100       5.4883       0.0157
                 -6.0960      -0.1238      -1.1620     -13.3273      -3.2176
                  1.1240      -4.3044      -3.5532     -31.9310       0.8366
                  1.5560       7.5973      -9.9576     -12.9436       2.6586
                 -6.3028      -1.3041       3.9293       6.3685      -0.4937
                  0.2147      -5.1627      -1.1750       2.3696       1.3886
   3      0     -14.1965     -11.8591      -6.4137      -2.9796      -0.9084
                 -4.1394      -6.0175      -3.3677      -1.2770      -7.9555
                -11.1160      -2.9992      -6.4313      -7.4020       2.1719
                -21.4235     -14.0590      -3.4585      -9.9944      -7.8639
                  3.0494     -14.3122      -1.4446       5.2660      -0.3521
                 -6.3649      -0.5685      -1.4599     -13.5589      -3.4038
                  0.7249      -4.5739      -3.9045     -32.1713       0.4283
                  1.2576       7.3997     -10.3062     -13.4209       2.4159
                 -6.5945      -1.8737       3.5787       6.1120      -0.8810
                 -0.2198      -5.4881      -1.4472       1.8797       1.0189
   4      0     -14.3596     -12.0197      -6.2581      -3.1472      -0.9867
                 -4.2360      -6.1019      -3.5019      -1.2613      -7.9343
                -11.0456      -3.0056      -6.4482      -7.4102       2.1508
                -21.4063     -14.1977      -3.4512      -9.9911      -7.9505
                  3.0267     -14.4075      -1.5659       5.2138      -0.3493
                 -6.3880      -0.6093      -1.5841     -13.6460      -3.4347
                  0.7802      -4.6026      -3.8793     -32.2063       0.4099
                  1.1816       7.2190     -10.3132     -13.5136       2.2868
                 -6.5603      -1.8362       3.5953       6.0105      -1.0931
                 -0.2831      -5.4437      -1.5026       1.9757       0.9965
   5      0     -14.2309     -11.8375      -6.2162      -2.9137      -0.8612
                 -4.0649      -5.9759      -3.3036      -1.0401      -7.8066
                -10.8759      -2.9516      -6.2652      -7.3380       2.2483
                -21.2516     -14.0725      -3.3253      -9.9146      -7.8545
                  3.1315     -14.3180      -1.4313       5.3164      -0.2591
                 -6.2392      -0.3907      -1.4946     -13.5047      -3.3011
                  0.9587      -4.4250      -3.8078     -32.0247       0.5665
                  1.3341       7.4029     -10.1994     -13.2966       2.5207
                 -6.4693      -1.8339       3.6118       6.1850      -0.8234
                 -0.2068      -5.3630      -1.3005       2.0365       1.1689
   5     60     -14.2171     -11.8237      -6.2019      -2.8994      -0.8466
                 -4.0505      -5.9617      -3.2891      -1.0258      -7.7926
                -10.8616      -2.9364      -6.2513      -7.3238       2.2634
                -21.2380     -14.0589      -3.3111      -9.9006      -7.8402
                  3.1462     -14.3042      -1.4172       5.3312      -0.2446
                 -6.2251      -0.3754      -1.4797     -13.4907      -3.2866
                  0.9730      -4.4108      -3.7939     -32.0109       0.5819
                  1.3491       7.4190     -10.1858     -13.2824       2.5362
                 -6.4549      -1.8195       3.6267       6.2000      -0.8090
                 -0.1924      -5.3490      -1.2859       2.0506       1.1834
   5     80     -14.1174     -11.7254      -6.0967      -2.7931      -0.7356
                 -3.9437      -5.8574      -3.1807      -0.9199      -7.6921
                -10.7571      -2.8225      -6.1492      -7.2202       2.3767
                -21.1398     -13.9613      -3.2080      -9.7972      -7.7349
                  3.2568     -14.2047      -1.3122       5.4441      -0.1368
                 -6.1213      -0.2598      -1.3691     -13.3903      -3.1795
                  1.0786      -4.3069      -3.6927     -31.9133       0.6983
                  1.4643       7.5490     -10.0884     -13.1799       2.6568
                 -6.3496      -1.7133       3.7390       6.3167      -0.7041
                 -0.0845      -5.2480      -1.1768       2.1566       1.2925
   5    100     -13.8976     -11.5121      -5.8595      -2.5543      -0.4788
                 -3.7018      -5.6239      -2.9348      -0.6806      -7.4713
                -10.5193      -2.5572      -5.9219      -6.9893       2.6413
                -20.9256     -13.7488      -2.9795      -9.5663      -7.4971
                  3.5102     -13.9866      -1.0745       5.7053       0.1075
                 -5.8873       0.0122      -1.1152     -13.1702      -2.9377
                  1.3154      -4.0752      -3.4671     -31.7003       0.9711
                  1.7359       7.8677      -9.8769     -12.9511       2.9461
                 -6.1113      -1.4739       4.0016       6.5925      -0.4697
                  0.1611      -5.0248      -0.9284       2.3959       1.5421
 
 group  inft   Estimated free energy: 3-th solvent contribution (kcal/mol)
   1      0      27.2035      24.1991      20.1775      15.6929      15.6099
                 18.5469      20.2990      18.1144      15.9346      22.2465
                 25.2874      17.5666      21.0352      20.0168      15.6647
                 35.6085      24.9579      17.9878      26.1539      23.5676
                 12.6176      25.4049      15.8832      11.9635      15.2564
                 18.6572      16.1663      18.4442      27.1219      18.4308
                 15.5571      19.1570      18.2688      43.4530      15.9385
                 14.0408      10.4282      23.7604      27.4308      14.6875
                 22.0572      14.9142      13.0545      11.0961      14.3116
                 16.6548      18.4844      16.6644      13.9202      13.0907
   1     60      26.9734      23.9703      19.9477      15.4639      15.3818
                 18.3172      20.0696      17.8856      15.7059      22.0179
                 25.0569      17.3376      20.8053      19.7871      15.4354
                 35.3780      24.7289      17.7590      25.9234      23.3376
                 12.3887      25.1747      15.6542      11.7349      15.0277
                 18.4286      15.9374      18.2147      26.8917      18.2016
                 15.3278      18.9276      18.0395      43.2224      15.7091
                 13.8128      10.2001      23.5307      27.2009      14.4586
                 21.8277      14.6860      12.8254      10.8678      14.0828
                 16.4260      18.2553      16.4356      13.6916      12.8622
   1     80      24.8249      21.8273      17.7966      13.3154      13.2400
                 16.1632      17.9187      15.7343      13.5576      19.8770
                 22.9056      15.1887      18.6489      17.6363      13.2864
                 33.2293      22.5844      15.6145      23.7729      21.1831
                 10.2377      23.0215      13.5056       9.5824      12.8789
                 16.2825      13.7894      16.0636      24.7411      16.0555
                 13.1756      16.7806      15.8903      41.0788      13.5579
                 11.6715       8.0530      21.3826      25.0521      12.3114
                 19.6747      12.5421      10.6794       8.7208      11.9360
                 14.2793      16.1070      14.2867      11.5440      10.7172
   1    100      16.6698      13.6763       9.6102       5.1297       5.0684
                  7.9677       9.7383       7.5420       5.3699      11.7217
                 14.7397       7.0033      10.4526       9.4488       5.0993
                 25.0979      14.4237       7.4384      15.6093      13.0015
                  2.0324      14.8468       5.3172       1.3736       4.6815
                  8.1040       5.6062       7.8771      16.5699       7.8774
                  4.9750       8.5977       7.7073      32.9798       5.3601
                  3.4959      -0.1458      13.2174      16.8969       4.1170
                 11.4870       4.3630       2.4863       0.5185       3.7457
                  6.0974       7.9199       6.0938       3.3483       2.5231
   2      0      27.2727      24.2448      20.2196      15.7334      15.6654
                 18.5765      20.3696      18.1689      15.9981      22.3022
                 25.3296      17.6403      21.1265      20.0849      15.7550
                 35.6700      25.0235      18.0222      26.2076      23.6409
                 12.7047      25.4840      15.9352      12.0086      15.3117
                 18.7029      16.2168      18.4914      27.1724      18.4742
                 15.5976      19.2134      18.3103      43.5247      16.0099
                 14.0889      10.4774      23.8064      27.4873      14.7366
                 22.0964      15.0028      13.0949      11.1771      14.3617
                 16.6971      18.5715      16.6918      13.9861      13.1631
   3      0      27.2616      24.2368      20.2305      15.7470      15.6653
                 18.6004      20.3496      18.1758      16.0009      22.3080
                 25.3436      17.6440      21.1250      20.0994      15.7221
                 35.6694      25.0143      18.0307      26.2063      23.6298
                 12.7059      25.4841      15.9479      12.0019      15.3143
                 18.7129      16.2268      18.4998      27.1783      18.4697
                 15.6061      19.2176      18.3281      43.5424      16.0136
                 14.0877      10.4879      23.8119      27.4885      14.7421
                 22.1115      14.9869      13.0924      11.1828      14.3876
                 16.6999      18.5859      16.7167      13.9853      13.1743
   4      0      27.2721      24.2749      20.2386      15.7247      15.6406
                 18.5740      20.3915      18.1934      15.9955      22.3108
                 25.3456      17.6599      21.1077      20.1034      15.7209
                 35.6468      25.0072      18.0231      26.1967      23.6472
                 12.7212      25.4650      15.9495      11.9994      15.3128
                 18.7267      16.2137      18.4723      27.1867      18.4815
                 15.5969      19.1984      18.3227      43.5383      16.0214
                 14.0775      10.4811      23.8196      27.4856      14.7499
                 22.0738      15.0062      13.1177      11.1682      14.4042
                 16.6957      18.5843      16.7093      13.9918      13.1487
   5      0      27.2280      24.2349      20.1956      15.6763      15.5811
                 18.5424      20.3344      18.1622      15.9642      22.2531
                 25.3094      17.6188      21.0849      20.0892      15.6779
                 35.6312      24.9832      17.9946      26.1485      23.5844
                 12.6928      25.4570      15.9135      11.9552      15.2457
                 18.6562      16.2028      18.4484      27.1598      18.4047
                 15.5539      19.1770      18.2507      43.5076      16.0073
                 14.0569      10.4379      23.7706      27.4536      14.6958
                 22.0523      14.9438      13.0583      11.1382      14.3530
                 16.6623      18.5542      16.6635      13.9280      13.1217
   5     60      26.9128      23.9213      19.8808      15.3620      15.2686
                 18.2279      20.0199      17.8478      15.6503      21.9401
                 24.9938      17.3054      20.7697      19.7746      15.3637
                 35.3155      24.6692      17.6812      25.8332      23.2689
                 12.3792      25.1415      15.5998      11.6418      14.9322
                 18.3427      15.8888      18.1343      26.8448      18.0908
                 15.2397      18.8622      17.9367      43.1915      15.6927
                 13.7444      10.1248      23.4559      27.1387      14.3826
                 21.7380      14.6312      12.7447      10.8252      14.0391
                 16.3481      18.2404      16.3500      13.6147      12.8087
   5     80      24.2391      21.2526      17.2016      12.6876      12.5993
                 15.5463      17.3429      15.1699      12.9760      19.2697
                 22.3154      14.6283      18.0857      17.0969      12.6881
                 32.6436      21.9979      15.0085      23.1553      20.5875
                  9.6987      22.4626      12.9239       8.9618      12.2569
                 15.6698      13.2152      15.4553      24.1666      15.4170
                 12.5584      16.1866      15.2614      40.5243      13.0124
                 11.0751       7.4515      20.7814      24.4645      11.7079
                 19.0583      11.9589      10.0702       8.1518      11.3644
                 13.6745      15.5633      13.6714      10.9392      10.1360
   5    100      16.6615      13.6779       9.5923       5.0777       5.0009
                  7.9293       9.7396       7.5574       5.3652      11.6881
                 14.7275       7.0207      10.4704       9.4897       5.0793
                 25.0881      14.4134       7.4070      15.5680      12.9862
                  2.0713      14.8693       5.3141       1.3295       4.6374
                  8.0703       5.6117       7.8451      16.5763       7.8166
                  4.9352       8.5833       7.6553      32.9980       5.3934
                  3.4729      -0.1705      13.1941      16.8892       4.0906
                 11.4517       4.3578       2.4546       0.5268       3.7526
                  6.0694       7.9557       6.0552       3.3212       2.5172
 
 
 cumulative average & 95% error for solvation free energy
              total             1st component         2nd component         3rd component
  1   -84.6584              -97.7231              -14.1965               27.2616
  2   -85.4686     1.6205   -98.1896     0.9330   -13.0278     2.3374    25.7492     3.0249
  3   -84.8236     1.5936   -97.9097     0.7768   -10.8231     4.6113    23.9096     4.0726
  4   -84.7162     1.1471   -97.7225     0.6648    -8.8622     5.1002    21.8690     4.9950
  5   -84.1041     1.5127   -97.4604     0.7347    -7.2715     5.0724    20.6283     4.5965
  6   -84.1649     1.2411   -97.7053     0.7744    -6.7494     4.2712    20.2903     3.8134
  7   -84.3688     1.1254   -98.0222     0.9111    -6.6449     3.6159    20.2988     3.2230
  8   -84.2719     0.9937   -98.0696     0.7947    -6.2352     3.2368    20.0334     2.8412
  9   -84.2736     0.8764   -98.1742     0.7314    -5.6843     3.0599    19.5853     2.6611
 10   -84.2237     0.7902   -98.1694     0.6543    -5.9114     2.7743    19.8576     2.4416
 11   -84.1636     0.7248   -98.1349     0.5958    -6.3846     2.6819    20.3563     2.4233
 12   -83.9754     0.7612   -98.0028     0.6047    -6.1025     2.5124    20.1303     2.2579
 13   -83.9614     0.7008   -98.0400     0.5612    -6.1278     2.3116    20.2068     2.0826
 14   -83.9471     0.6494   -97.9270     0.5666    -6.2188     2.1479    20.1991     1.9282
 15   -83.8829     0.6180   -98.1238     0.6581    -5.6594     2.2913    19.9007     1.8917
 16   -83.8600     0.5799   -98.1011     0.6173    -6.6446     2.9115    20.8862     2.6489
 17   -83.8491     0.5452   -97.8969     0.7092    -7.0808     2.8706    21.1290     2.5351
 18   -83.7640     0.5414   -97.8410     0.6779    -6.8795     2.7362    20.9569     2.4148
 19   -83.7989     0.5169   -97.9882     0.7056    -7.0435     2.6088    21.2332     2.3501
 20   -83.7516     0.4994   -98.0197     0.6724    -7.0845     2.4763    21.3530     2.2423
 21   -83.7413     0.4755   -98.0802     0.6509    -6.6019     2.5455    20.9413     2.2863
 22   -83.6600     0.4816   -97.8549     0.7669    -6.9524     2.5262    21.1478     2.2187
 23   -83.6072     0.4722   -97.8155     0.7370    -6.7129     2.4610    20.9217     2.1677
 24   -83.5023     0.4984   -97.8381     0.7071    -6.2138     2.5589    20.5500     2.2045
 25   -83.4168     0.5077   -97.7776     0.6889    -5.9793     2.4988    20.3406     2.1556
 26   -83.5041     0.5181   -97.7875     0.6622    -5.9942     2.4010    20.2780     2.0748
 27   -83.3409     0.5959   -97.6751     0.6756    -5.7932     2.3450    20.1279     2.0189
 28   -83.3593     0.5754   -97.7902     0.6905    -5.6385     2.2808    20.0698     1.9490
 29   -83.4493     0.5837   -97.8522     0.6778    -5.9116     2.2676    20.3149     1.9434
 30   -83.5098     0.5767   -97.9347     0.6752    -5.8280     2.1970    20.2534     1.8815
 31   -83.5160     0.5579   -98.0025     0.6670    -5.6166     2.1666    20.1035     1.8444
 32   -83.5423     0.5428   -98.0336     0.6488    -5.5840     2.0989    20.0758     1.7866
 33   -83.5343     0.5263   -98.0236     0.6292    -5.5331     2.0368    20.0229     1.7349
 34   -83.5663     0.5146   -97.9638     0.6220    -6.3166     2.5219    20.7146     2.1787
 35   -83.5030     0.5154   -97.9589     0.6040    -6.1239     2.4789    20.5803     2.1326
 36   -83.4663     0.5063   -97.9470     0.5875    -5.9188     2.4437    20.3999     2.1036
 37   -83.3300     0.5628   -97.9028     0.5782    -5.5589     2.4834    20.1320     2.1150
 38   -83.3762     0.5555   -97.9209     0.5639    -5.6838     2.4300    20.2289     2.0677
 39   -83.3673     0.5414   -97.8996     0.5509    -5.8822     2.3999    20.4150     2.0481
 40   -83.2935     0.5479   -97.8915     0.5372    -5.6747     2.3757    20.2732     2.0163
 41   -83.2712     0.5362   -97.8916     0.5239    -5.6972     2.3174    20.3180     1.9685
 42   -83.2842     0.5239   -97.8687     0.5134    -5.6061     2.2689    20.1911     1.9378
 43   -83.2742     0.5120   -97.9072     0.5072    -5.3925     2.2563    20.0260     1.9208
 44   -83.1712     0.5410   -97.8647     0.5027    -5.1311     2.2656    19.8250     1.9192
 45   -83.2072     0.5337   -97.8743     0.4918    -5.0366     2.2228    19.7042     1.8915
 46   -83.1790     0.5250   -97.8855     0.4815    -4.9319     2.1840    19.6389     1.8546
 47   -83.1907     0.5142   -97.8630     0.4733    -4.9438     2.1371    19.6165     1.8152
 48   -83.1853     0.5035   -97.8700     0.4636    -4.8709     2.0972    19.5561     1.7811
 49   -83.1971     0.4937   -97.9059     0.4596    -4.7331     2.0723    19.4424     1.7591
 50   -83.1913     0.4838   -97.8898     0.4515    -4.6181     2.0435    19.3170     1.7417
 
 Mesh error is    0.368 kcal/mol
